,number,value,datetime_start,datetime_complete,duration,params_AEP_HON_beta_win,params_AEP_HON_stop_loss,params_AEP_HON_trade_freq,params_AEP_HON_z_entry,params_AEP_HON_z_exit,params_AEP_HON_z_stop_scaler,params_AEP_HON_z_win,params_ATVI_ROST_beta_win,params_ATVI_ROST_stop_loss,params_ATVI_ROST_trade_freq,params_ATVI_ROST_z_entry,params_ATVI_ROST_z_exit,params_ATVI_ROST_z_stop_scaler,params_ATVI_ROST_z_win,params_BIDU_SIRI_beta_win,params_BIDU_SIRI_stop_loss,params_BIDU_SIRI_trade_freq,params_BIDU_SIRI_z_entry,params_BIDU_SIRI_z_exit,params_BIDU_SIRI_z_stop_scaler,params_BIDU_SIRI_z_win,params_FOXA_MAR_beta_win,params_FOXA_MAR_stop_loss,params_FOXA_MAR_trade_freq,params_FOXA_MAR_z_entry,params_FOXA_MAR_z_exit,params_FOXA_MAR_z_stop_scaler,params_FOXA_MAR_z_win,params_FOX_MAR_beta_win,params_FOX_MAR_stop_loss,params_FOX_MAR_trade_freq,params_FOX_MAR_z_entry,params_FOX_MAR_z_exit,params_FOX_MAR_z_stop_scaler,params_FOX_MAR_z_win,params_GOOGL_VRTX_beta_win,params_GOOGL_VRTX_stop_loss,params_GOOGL_VRTX_trade_freq,params_GOOGL_VRTX_z_entry,params_GOOGL_VRTX_z_exit,params_GOOGL_VRTX_z_stop_scaler,params_GOOGL_VRTX_z_win,params_GOOG_VRTX_beta_win,params_GOOG_VRTX_stop_loss,params_GOOG_VRTX_trade_freq,params_GOOG_VRTX_z_entry,params_GOOG_VRTX_z_exit,params_GOOG_VRTX_z_stop_scaler,params_GOOG_VRTX_z_win,params_HON_JD_beta_win,params_HON_JD_stop_loss,params_HON_JD_trade_freq,params_HON_JD_z_entry,params_HON_JD_z_exit,params_HON_JD_z_stop_scaler,params_HON_JD_z_win,params_JD_MDLZ_beta_win,params_JD_MDLZ_stop_loss,params_JD_MDLZ_trade_freq,params_JD_MDLZ_z_entry,params_JD_MDLZ_z_exit,params_JD_MDLZ_z_stop_scaler,params_JD_MDLZ_z_win,params_KHC_ROST_beta_win,params_KHC_ROST_stop_loss,params_KHC_ROST_trade_freq,params_KHC_ROST_z_entry,params_KHC_ROST_z_exit,params_KHC_ROST_z_stop_scaler,params_KHC_ROST_z_win,params_buffer_capital,params_pairs_to_trade,state
54,54,0.22672117368946895,2025-06-14 19:02:27.702038,2025-06-14 19:02:36.542779,0 days 00:00:08.840741,480.0,0.008,3m,2.5,4.0,1.1,924.0,774.0,0.004,1m,3.0,2.0,1.0,666.0,986.0,0.001,3m,1.0,3.5,2.0,1006.0,348.0,0.005,2m,4.0,1.5,1.2000000000000002,440.0,728.0,0.005,4m,3.5,2.0,0.8,514.0,86.0,0.003,3m,3.5,3.0,0.7,370.0,578.0,0.002,4m,2.0,2.0,1.2000000000000002,804.0,130,0.005,3m,2.5,3.5,1.1,940,718.0,0.005,1m,1.5,3.5,1.1,194.0,936.0,0.002,3m,1.5,2.0,1.4,382.0,0.05,10,COMPLETE
55,55,-2.7896744949263206,2025-06-14 19:02:36.626516,2025-06-14 19:02:45.591551,0 days 00:00:08.965035,330.0,0.007,3m,2.0,3.5,1.3,992.0,324.0,0.004,1m,3.0,1.5,1.5,662.0,776.0,0.003,1m,1.0,3.0,1.6,706.0,490.0,0.002,2m,4.0,1.5,1.1,698.0,822.0,0.005,4m,3.5,2.0,0.6,370.0,94.0,0.002,3m,3.0,4.0,0.6,606.0,786.0,0.003,4m,1.5,2.5,1.5,976.0,76,0.006,3m,2.0,3.5,1.2000000000000002,872,830.0,0.007,1m,1.5,3.5,1.3,252.0,778.0,0.003,3m,1.0,2.5,1.3,102.0,0.05,10,COMPLETE
56,56,0.23706277171936044,2025-06-14 19:02:45.678471,2025-06-14 19:02:53.601148,0 days 00:00:07.922677,442.0,0.009000000000000001,3m,3.0,3.5,1.0,886.0,762.0,0.008,3m,2.0,3.0,0.9,256.0,,,,,,,,572.0,0.004,2m,4.0,1.0,0.9,492.0,478.0,0.008,4m,3.5,1.5,0.9,148.0,24.0,0.004,2m,4.0,3.5,0.6,866.0,534.0,0.001,4m,2.0,1.5,1.2000000000000002,910.0,238,0.005,3m,3.0,4.0,1.0,1020,550.0,0.005,1m,2.0,2.5,1.6,406.0,830.0,0.001,3m,1.0,2.0,1.4,274.0,0.05,9,COMPLETE
57,57,-0.8599351641740882,2025-06-14 19:02:53.687909,2025-06-14 19:03:00.579824,0 days 00:00:06.891915,550.0,0.006,3m,2.5,4.0,1.5,746.0,,,,,,,,,,,,,,,136.0,0.005,2m,3.0,2.5,0.5,254.0,202.0,0.004,4m,2.5,2.0,1.3,382.0,188.0,0.003,4m,3.0,3.0,0.6,80.0,302.0,0.002,4m,2.5,1.0,1.7000000000000002,884.0,826,0.003,3m,2.5,3.0,1.1,770,990.0,0.006,1m,2.5,4.0,1.1,278.0,914.0,0.005,3m,1.5,2.5,1.2000000000000002,512.0,0.1,8,COMPLETE
58,58,-5.448377209591253,2025-06-14 19:03:00.666002,2025-06-14 19:03:09.340284,0 days 00:00:08.674282,266.0,0.007,3m,2.0,3.5,0.9,814.0,902.0,0.004,4m,3.5,1.5,0.9,660.0,52.0,0.004,2m,2.5,2.5,1.6,714.0,708.0,0.002,2m,3.5,2.0,1.1,842.0,446.0,0.007,4m,3.0,1.5,0.7,640.0,132.0,0.002,3m,3.5,3.5,0.9,954.0,706.0,0.002,4m,2.0,2.5,1.1,800.0,168,0.006,3m,2.0,3.5,0.9,964,448.0,0.009000000000000001,1m,1.5,3.0,1.4,114.0,732.0,0.003,3m,1.5,2.0,1.0,138.0,0.4,10,COMPLETE
59,59,-4.243620365067089,2025-06-14 19:03:09.427191,2025-06-14 19:03:17.031005,0 days 00:00:07.603814,636.0,0.009000000000000001,3m,2.5,4.0,0.6,638.0,596.0,0.003,2m,2.0,3.0,1.5,232.0,,,,,,,,208.0,0.003,2m,1.5,1.5,1.4,730.0,158.0,0.006,4m,3.5,3.0,1.1,314.0,238.0,0.005,2m,4.0,3.5,0.8,320.0,650.0,0.003,4m,1.0,2.0,1.3,962.0,16,0.004,1m,2.5,3.5,1.3,830,204.0,0.007,4m,2.5,3.5,0.7,478.0,816.0,0.002,3m,2.5,3.0,0.8,470.0,0.05,9,COMPLETE
60,60,-0.7096434722817,2025-06-14 19:03:17.132292,2025-06-14 19:03:22.636853,0 days 00:00:05.504561,914.0,0.008,3m,3.0,3.5,1.6,566.0,,,,,,,,,,,,,,,342.0,0.004,2m,2.5,2.5,1.3,396.0,,,,,,,,62.0,0.004,3m,3.0,4.0,1.2000000000000002,818.0,846.0,0.001,4m,2.5,3.0,1.7000000000000002,750.0,100,0.005,3m,3.0,3.0,0.8,908,602.0,0.005,1m,2.0,3.0,1.3,152.0,932.0,0.003,3m,2.0,4.0,1.1,996.0,0.1,7,COMPLETE
61,61,1.0923938176569337,2025-06-14 19:03:22.693589,2025-06-14 19:03:27.889144,0 days 00:00:05.195555,214.0,0.006,2m,2.5,3.0,1.4,190.0,,,,,,,,,,,,,,,664.0,0.006,3m,3.5,1.0,1.4,588.0,,,,,,,,302.0,0.006,3m,2.5,4.0,1.0,710.0,478.0,0.002,4m,2.5,1.5,0.9,1016.0,184,0.01,3m,2.5,2.5,1.2000000000000002,752,,,,,,,,650.0,0.004,3m,2.0,1.5,1.6,300.0,0.05,6,COMPLETE
62,62,-0.7121085955552146,2025-06-14 19:03:27.966023,2025-06-14 19:03:34.087386,0 days 00:00:06.121363,394.0,0.007,3m,2.0,3.5,1.4,982.0,,,,,,,,,,,,,,,832.0,0.006,3m,4.0,2.0,1.6,674.0,,,,,,,,204.0,0.003,3m,2.5,4.0,0.9,904.0,590.0,0.003,4m,1.5,2.0,1.0,1024.0,144,0.01,3m,2.5,3.0,1.5,932,784.0,0.006,3m,3.5,2.5,1.0,24.0,726.0,0.004,4m,2.0,1.0,1.4,378.0,0.1,7,COMPLETE
63,63,-2.324980333086253,2025-06-14 19:03:34.166576,2025-06-14 19:03:39.360132,0 days 00:00:05.193556,186.0,0.005,2m,2.5,4.0,1.1,538.0,,,,,,,,,,,,,,,894.0,0.005,4m,3.5,3.0,1.5,880.0,,,,,,,,358.0,0.001,3m,3.0,3.5,0.8,768.0,402.0,0.004,1m,3.0,1.5,1.3,970.0,54,0.004,3m,2.0,4.0,1.0,884,,,,,,,,496.0,0.003,3m,1.5,1.5,1.2000000000000002,226.0,0.05,6,COMPLETE
64,64,-1.791412931822524,2025-06-14 19:03:39.431120,2025-06-14 19:03:46.171550,0 days 00:00:06.740430,142.0,0.006,3m,1.0,3.5,1.2000000000000002,896.0,,,,,,,,,,,,,,,710.0,0.008,2m,3.0,4.0,1.7000000000000002,342.0,634.0,0.008,2m,2.0,2.5,0.9,140.0,142.0,0.006,1m,3.5,4.0,1.0,610.0,324.0,0.001,2m,2.5,2.0,1.1,826.0,218,0.005,3m,3.0,2.5,1.1,970,662.0,0.009000000000000001,1m,3.0,4.0,1.6,316.0,856.0,0.006,4m,2.0,1.0,1.5,432.0,0.1,8,COMPLETE
65,65,-2.1720563793754177,2025-06-14 19:03:46.243292,2025-06-14 19:03:53.919605,0 days 00:00:07.676313,84.0,0.007,2m,3.0,3.5,1.3,410.0,354.0,0.008,1m,3.5,1.5,1.4,830.0,,,,,,,,450.0,0.003,4m,4.0,3.5,1.3,576.0,864.0,0.009000000000000001,1m,2.5,2.0,1.7000000000000002,458.0,262.0,0.002,3m,4.0,3.0,0.7,22.0,470.0,0.009000000000000001,4m,2.5,2.5,1.4,896.0,122,0.01,3m,2.5,2.5,2.0,672,230.0,0.003,1m,2.5,3.5,1.8,708.0,630.0,0.002,1m,2.5,2.0,1.6,346.0,0.1,9,COMPLETE
66,66,-3.5065312586932116,2025-06-14 19:03:53.988708,2025-06-14 19:04:02.355279,0 days 00:00:08.366571,324.0,0.005,2m,3.0,3.0,1.5,114.0,284.0,0.006,2m,4.0,2.5,1.0,532.0,738.0,0.009000000000000001,3m,2.0,4.0,1.6,780.0,616.0,0.006,2m,1.0,1.5,1.0,494.0,372.0,0.004,3m,4.0,1.0,0.5,208.0,932.0,0.007,3m,3.0,2.5,2.0,488.0,752.0,0.005,2m,3.0,2.0,0.9,978.0,254,0.004,3m,2.0,3.0,1.4,996,526.0,0.008,3m,1.5,3.0,1.1,182.0,788.0,0.003,3m,1.5,1.5,1.8,248.0,0.05,10,COMPLETE
67,67,-7.029294441545396,2025-06-14 19:04:02.426199,2025-06-14 19:04:08.337640,0 days 00:00:05.911441,48.0,0.001,3m,1.5,4.0,1.6,700.0,,,,,,,,,,,,,,,374.0,0.004,1m,3.0,2.5,0.6,704.0,,,,,,,,578.0,0.01,4m,3.5,4.0,1.8,806.0,550.0,0.008,3m,3.5,2.5,1.5,352.0,180,0.006,3m,2.0,3.5,1.3,838,658.0,0.006,4m,2.0,2.5,0.9,530.0,706.0,0.005,4m,1.0,2.0,1.0,182.0,0.15000000000000002,7,COMPLETE
68,68,-3.428680133600604,2025-06-14 19:04:08.429131,2025-06-14 19:04:15.334911,0 days 00:00:06.905780,234.0,0.002,2m,2.0,3.5,1.9000000000000001,1022.0,,,,,,,,,,,,,,,522.0,0.005,3m,3.5,3.5,0.9,610.0,562.0,0.009000000000000001,4m,3.0,1.5,0.7,610.0,68.0,0.005,1m,3.0,1.0,1.3,752.0,668.0,0.002,2m,2.0,2.0,0.7,856.0,938,0.007,3m,2.5,3.0,0.9,474,382.0,0.007,1m,1.0,2.0,1.5,582.0,560.0,0.006,2m,2.0,2.5,0.6,320.0,0.3,8,COMPLETE
69,69,1.6667040322128648,2025-06-14 19:04:15.435239,2025-06-14 19:04:20.583742,0 days 00:00:05.148503,460.0,0.008,3m,3.5,4.0,1.3,48.0,,,,,,,,,,,,,,,408.0,0.001,2m,4.0,2.0,1.2000000000000002,772.0,,,,,,,,498.0,0.004,3m,4.0,3.5,0.9,902.0,366.0,0.004,4m,3.0,1.0,1.6,608.0,46,0.01,1m,3.0,2.5,1.6,992,,,,,,,,1024.0,0.009000000000000001,4m,3.0,1.5,1.3,356.0,0.1,6,COMPLETE
70,70,-1.5902857022451995,2025-06-14 19:04:20.656158,2025-06-14 19:04:29.100876,0 days 00:00:08.444718,464.0,0.009000000000000001,3m,3.5,4.0,1.2000000000000002,450.0,640.0,0.003,1m,3.5,1.0,0.8,790.0,728.0,0.001,3m,3.5,2.5,0.5,294.0,422.0,0.001,2m,4.0,2.0,1.2000000000000002,770.0,142.0,0.006,4m,3.5,3.0,1.1,128.0,488.0,0.004,3m,4.0,3.0,0.5,916.0,84.0,0.003,4m,3.5,1.0,1.6,590.0,80,0.002,1m,3.0,3.5,1.2000000000000002,996,728.0,0.01,2m,2.5,3.5,0.8,404.0,904.0,0.009000000000000001,3m,3.0,1.0,1.3,884.0,0.05,10,COMPLETE
71,71,-2.3706142607196328,2025-06-14 19:04:29.179964,2025-06-14 19:04:34.376566,0 days 00:00:05.196602,518.0,0.008,3m,4.0,4.0,1.3,44.0,,,,,,,,,,,,,,,320.0,0.001,2m,4.0,1.5,1.3,24.0,,,,,,,,18.0,0.003,3m,4.0,3.5,1.0,866.0,370.0,0.001,4m,3.0,1.0,1.7000000000000002,468.0,40,0.01,1m,3.5,2.5,1.6,898,,,,,,,,942.0,0.009000000000000001,4m,3.0,1.5,1.1,360.0,0.1,6,COMPLETE
72,72,6.60698288536839,2025-06-14 19:04:34.443666,2025-06-14 19:04:39.038251,0 days 00:00:04.594585,360.0,0.008,3m,4.0,4.0,1.4,86.0,,,,,,,,,,,,,,,,,,,,,,,,,,,,,618.0,0.003,3m,3.5,3.5,0.9,838.0,512.0,0.004,4m,3.0,1.5,1.9000000000000001,702.0,98,0.01,1m,3.0,2.5,1.6,944,,,,,,,,966.0,0.01,4m,3.5,1.5,1.4,288.0,0.1,5,COMPLETE
73,73,-2.2548625350717493,2025-06-14 19:04:39.123499,2025-06-14 19:04:47.163432,0 days 00:00:08.039933,368.0,0.009000000000000001,3m,3.5,4.0,1.1,94.0,,,,,,,,,,,,,,,,,,,,,,,,,,,,,634.0,0.003,3m,3.5,3.5,0.9,964.0,614.0,0.004,4m,2.5,1.5,2.0,688.0,52,0.009000000000000001,1m,3.0,2.5,1.8,940,,,,,,,,,,,,,,,0.05,4,COMPLETE
74,74,-4.226509154602062,2025-06-14 19:04:47.316042,2025-06-14 19:05:01.857781,0 days 00:00:14.541739,414.0,0.008,3m,3.5,4.0,1.8,162.0,,,,,,,,,,,,,,,172.0,0.002,2m,2.0,3.0,1.1,932.0,,,,,,,,396.0,0.002,3m,4.0,3.0,0.8,986.0,232.0,0.003,4m,3.0,1.0,2.0,636.0,88,0.01,1m,3.0,3.0,1.5,990,288.0,0.005,4m,1.5,3.0,1.7000000000000002,70.0,1022.0,0.01,4m,3.5,2.0,1.3,274.0,0.1,7,COMPLETE
75,75,-0.5249063835634221,2025-06-14 19:05:01.954669,2025-06-14 19:05:06.684181,0 days 00:00:04.729512,302.0,0.007,3m,4.0,4.0,1.5,198.0,,,,,,,,,,,,,,,,,,,,,,,,,,,,,468.0,0.004,1m,3.5,3.5,1.1,844.0,520.0,0.004,4m,4.0,1.5,1.9000000000000001,508.0,142,0.009000000000000001,1m,3.5,2.5,1.6,848,,,,,,,,970.0,0.01,4m,4.0,1.5,1.4,448.0,0.05,5,COMPLETE
76,76,-2.820489884726219,2025-06-14 19:05:06.750896,2025-06-14 19:05:14.476195,0 days 00:00:07.725299,608.0,0.008,3m,2.5,4.0,1.4,80.0,852.0,0.009000000000000001,4m,2.5,2.0,1.2000000000000002,178.0,,,,,,,,402.0,0.002,2m,4.0,2.5,0.8,998.0,304.0,0.001,4m,1.5,2.0,0.8,606.0,112.0,0.003,3m,3.5,2.5,0.7,894.0,16.0,0.002,4m,2.0,1.5,1.9000000000000001,730.0,158,0.01,1m,3.0,3.0,0.6,966,588.0,0.003,3m,2.0,1.0,1.2000000000000002,292.0,974.0,0.009000000000000001,4m,3.5,1.0,1.2000000000000002,118.0,0.15000000000000002,9,COMPLETE
77,77,0.43574452410877484,2025-06-14 19:05:14.539088,2025-06-14 19:05:18.893239,0 days 00:00:04.354151,454.0,0.01,3m,3.0,4.0,1.3,276.0,,,,,,,,,,,,,,,,,,,,,,,,,,,,,568.0,0.004,2m,4.0,3.0,1.5,794.0,182.0,0.002,4m,3.5,1.0,1.4,570.0,108,0.009000000000000001,1m,3.0,2.5,1.1,806,,,,,,,,872.0,0.008,4m,3.5,1.5,1.1,200.0,0.15000000000000002,5,COMPLETE
78,78,-0.20999989264537264,2025-06-14 19:05:18.986244,2025-06-14 19:05:26.026651,0 days 00:00:07.040407,268.0,0.007,3m,3.5,3.5,1.4,42.0,,,,,,,,,,,,,,,302.0,0.001,2m,1.0,2.0,1.2000000000000002,744.0,446.0,0.007,4m,3.0,2.5,1.5,434.0,628.0,0.002,3m,3.5,3.5,0.8,698.0,496.0,0.004,4m,3.0,1.0,1.6,786.0,738,0.008,1m,3.5,4.0,0.7,860,138.0,0.007,1m,3.0,4.0,1.5,714.0,1012.0,0.01,1m,4.0,2.0,1.3,50.0,0.05,8,COMPLETE
79,79,1.750522004200913,2025-06-14 19:05:26.140271,2025-06-14 19:05:35.727080,0 days 00:00:09.586809,,,,,,,,,,,,,,,,,,,,,,,,,,,,,,,,,,,,,,,,,,,,,,,,,,596,0.01,1m,2.5,2.0,1.8,938,,,,,,,,,,,,,,,0.1,1,COMPLETE
80,80,1.933670917240682,2025-06-14 19:05:35.790286,2025-06-14 19:05:36.807376,0 days 00:00:01.017090,,,,,,,,,,,,,,,,,,,,,,,,,,,,,,,,,,,,,,,,,,,,,,,,,,648,0.003,1m,2.5,1.5,1.9000000000000001,922,,,,,,,,,,,,,,,0.1,1,COMPLETE
81,81,2.4147282113529625,2025-06-14 19:05:36.903217,2025-06-14 19:05:38.040317,0 days 00:00:01.137100,,,,,,,,,,,,,,,,,,,,,,,,,,,,,,,,,,,,,,,,,,,,,,,,,,664,0.004,1m,2.5,1.5,1.9000000000000001,918,,,,,,,,,,,,,,,0.1,1,COMPLETE
82,82,1.3923092278488387,2025-06-14 19:05:38.139214,2025-06-14 19:05:39.234272,0 days 00:00:01.095058,,,,,,,,,,,,,,,,,,,,,,,,,,,,,,,,,,,,,,,,,,,,,,,,,,590,0.003,1m,2.5,1.5,1.9000000000000001,924,,,,,,,,,,,,,,,0.1,1,COMPLETE
83,83,2.5519826901198632,2025-06-14 19:05:39.329667,2025-06-14 19:05:40.528664,0 days 00:00:01.198997,,,,,,,,,,,,,,,,,,,,,,,,,,,,,,,,,,,,,,,,,,,,,,,,,,640,0.003,1m,2.5,1.5,1.8,894,,,,,,,,,,,,,,,0.1,1,COMPLETE
84,84,2.7014931630753978,2025-06-14 19:05:40.617440,2025-06-14 19:05:41.700689,0 days 00:00:01.083249,,,,,,,,,,,,,,,,,,,,,,,,,,,,,,,,,,,,,,,,,,,,,,,,,,660,0.003,1m,2.5,1.5,1.9000000000000001,816,,,,,,,,,,,,,,,0.15000000000000002,1,COMPLETE
85,85,-2.4928124065694757,2025-06-14 19:05:41.760538,2025-06-14 19:05:43.602295,0 days 00:00:01.841757,356.0,0.006,4m,2.0,2.5,0.8,356.0,,,,,,,,,,,,,,,,,,,,,,,,,,,,,,,,,,,,,,,,,,,684,0.003,1m,2.0,1.5,2.0,888,,,,,,,,,,,,,,,0.15000000000000002,2,COMPLETE
86,86,2.9824251966893067,2025-06-14 19:05:43.707098,2025-06-14 19:05:44.758175,0 days 00:00:01.051077,,,,,,,,,,,,,,,,,,,,,,,,,,,,,,,,,,,,,,,,,,,,,,,,,,702,0.002,1m,2.5,1.0,1.9000000000000001,738,,,,,,,,,,,,,,,0.15000000000000002,1,COMPLETE
87,87,1.1059354405088884,2025-06-14 19:05:44.806221,2025-06-14 19:05:45.935378,0 days 00:00:01.129157,,,,,,,,,,,,,,,,,,,,,,,,,,,,,,,,,,,,,,,,,,,,,,,,,,756,0.002,1m,2.0,1.0,1.9000000000000001,816,,,,,,,,,,,,,,,0.2,1,COMPLETE
88,88,-4.805390517482387,2025-06-14 19:05:46.017762,2025-06-14 19:05:47.917123,0 days 00:00:01.899361,730.0,0.01,1m,1.5,2.5,1.6,234.0,,,,,,,,,,,,,,,,,,,,,,,,,,,,,,,,,,,,,,,,,,,532,0.001,1m,2.5,1.0,1.8,738,,,,,,,,,,,,,,,0.15000000000000002,2,COMPLETE
89,89,1.148978921265679,2025-06-14 19:05:47.977150,2025-06-14 19:05:49.139767,0 days 00:00:01.162617,,,,,,,,,,,,,,,,,,,,,,,,,,,,,,,,,,,,,,,,,,,,,,,,,,626,0.002,1m,1.5,1.5,1.7000000000000002,652,,,,,,,,,,,,,,,0.15000000000000002,1,COMPLETE
90,90,-0.1618765538878453,2025-06-14 19:05:49.197991,2025-06-14 19:05:50.179187,0 days 00:00:00.981196,,,,,,,,,,,,,,,,,,,,,,,,,,,,,,,,,,,,,,,,,,,,,,,,,,702,0.003,1m,2.5,1.5,2.0,688,,,,,,,,,,,,,,,0.15000000000000002,1,COMPLETE
91,91,-0.6713867735700979,2025-06-14 19:05:50.238929,2025-06-14 19:05:51.371648,0 days 00:00:01.132719,,,,,,,,,,,,,,,,,,,,,,,,,,,,,,,,,,,,,,,,,,,,,,,,,,812,0.004,1m,2.5,1.5,1.9000000000000001,768,,,,,,,,,,,,,,,0.2,1,COMPLETE
92,92,-2.245880418762612,2025-06-14 19:05:51.423430,2025-06-14 19:05:53.419595,0 days 00:00:01.996165,496.0,0.006,1m,3.0,3.0,0.9,318.0,,,,,,,,,,,,,,,,,,,,,,,,,,,,,,,,,,,,,,,,,,,554,0.004,1m,2.5,1.0,1.8,862,,,,,,,,,,,,,,,0.1,2,COMPLETE
93,93,2.223423734344593,2025-06-14 19:05:53.495406,2025-06-14 19:05:54.545398,0 days 00:00:01.049992,,,,,,,,,,,,,,,,,,,,,,,,,,,,,,,,,,,,,,,,,,,,,,,,,,670,0.003,4m,2.5,1.5,2.0,786,,,,,,,,,,,,,,,0.05,1,COMPLETE
94,94,-1.4239018184074328,2025-06-14 19:05:54.616047,2025-06-14 19:05:55.757608,0 days 00:00:01.141561,,,,,,,,,,,,,,,,,,,,,,,,,,,,,,,,,,,,,,,,,,,,,,,,,,676,0.003,4m,2.0,1.5,2.0,788,,,,,,,,,,,,,,,0.15000000000000002,1,COMPLETE
95,95,1.3092816625466037,2025-06-14 19:05:55.837716,2025-06-14 19:05:56.865882,0 days 00:00:01.028166,,,,,,,,,,,,,,,,,,,,,,,,,,,,,,,,,,,,,,,,,,,,,,,,,,724,0.002,4m,2.5,1.5,1.9000000000000001,544,,,,,,,,,,,,,,,0.05,1,COMPLETE
96,96,-2.650976288670182,2025-06-14 19:05:56.944790,2025-06-14 19:05:58.872115,0 days 00:00:01.927325,758.0,0.004,4m,4.0,2.0,1.7000000000000002,396.0,,,,,,,,,,,,,,,,,,,,,,,,,,,,,,,,,,,,,,,,,,,502,0.003,4m,2.0,1.0,1.9000000000000001,832,,,,,,,,,,,,,,,0.1,2,COMPLETE
97,97,3.7639357867866092,2025-06-14 19:05:58.945445,2025-06-14 19:06:00.064016,0 days 00:00:01.118571,,,,,,,,,,,,,,,,,,,,,,,,,,,,,,,,,,,,,,,,,,,,,,,,,,770,0.002,4m,2.5,1.5,2.0,734,,,,,,,,,,,,,,,0.05,1,COMPLETE
98,98,-5.185532064684384,2025-06-14 19:06:00.148606,2025-06-14 19:06:02.863636,0 days 00:00:02.715030,578.0,0.009000000000000001,1m,1.5,1.5,1.9000000000000001,518.0,,,,,,,,,,,,,,,,,,,,,,,,,,,,,,,,,,,,860.0,0.007,1m,1.5,1.5,1.9000000000000001,704.0,1024,0.002,2m,2.0,2.0,1.7000000000000002,738,,,,,,,,,,,,,,,0.1,3,COMPLETE
99,99,-0.8165990198153081,2025-06-14 19:06:02.961484,2025-06-14 19:06:05.028566,0 days 00:00:02.067082,544.0,0.005,1m,4.0,2.0,0.9,176.0,,,,,,,,,,,,,,,,,,,,,,,,,,,,,,,,,,,,,,,,,,,636,0.002,1m,2.5,1.0,1.8,1024,,,,,,,,,,,,,,,0.25,2,COMPLETE
100,100,-2.267029246765459,2025-06-14 19:06:05.085668,2025-06-14 19:06:06.053047,0 days 00:00:00.967379,,,,,,,,,,,,,,,,,,,,,,,,,,,,,,,,,,,,,,,,,,,,,,,,,,886,0.001,4m,2.0,1.5,2.0,606,,,,,,,,,,,,,,,0.15000000000000002,1,COMPLETE
101,101,3.3263728346748813,2025-06-14 19:06:06.127334,2025-06-14 19:06:07.272394,0 days 00:00:01.145060,,,,,,,,,,,,,,,,,,,,,,,,,,,,,,,,,,,,,,,,,,,,,,,,,,766,0.004,4m,2.5,1.5,1.9000000000000001,722,,,,,,,,,,,,,,,0.05,1,COMPLETE
102,102,1.619070734238434,2025-06-14 19:06:07.346661,2025-06-14 19:06:08.496753,0 days 00:00:01.150092,,,,,,,,,,,,,,,,,,,,,,,,,,,,,,,,,,,,,,,,,,,,,,,,,,784,0.004,4m,2.5,1.5,1.9000000000000001,702,,,,,,,,,,,,,,,0.05,1,COMPLETE
103,103,2.182411767041311,2025-06-14 19:06:08.556133,2025-06-14 19:06:09.556964,0 days 00:00:01.000831,,,,,,,,,,,,,,,,,,,,,,,,,,,,,,,,,,,,,,,,,,,,,,,,,,704,0.004,4m,2.5,1.5,1.9000000000000001,730,,,,,,,,,,,,,,,0.05,1,COMPLETE
104,104,-1.3483421018182629,2025-06-14 19:06:09.647139,2025-06-14 19:06:11.619716,0 days 00:00:01.972577,412.0,0.005,4m,3.0,3.0,1.7000000000000002,626.0,,,,,,,,,,,,,,,,,,,,,,,,,,,,,,,,,,,,,,,,,,,788,0.004,4m,2.5,2.0,1.8,760,,,,,,,,,,,,,,,0.05,2,COMPLETE
105,105,-0.3175876454198384,2025-06-14 19:06:11.703869,2025-06-14 19:06:12.748904,0 days 00:00:01.045035,,,,,,,,,,,,,,,,,,,,,,,,,,,,,,,,,,,,,,,,,,,,,,,,,,762,0.001,2m,2.5,1.5,2.0,816,,,,,,,,,,,,,,,0.1,1,COMPLETE
106,106,0.12132516152771228,2025-06-14 19:06:12.852813,2025-06-14 19:06:13.891016,0 days 00:00:01.038203,,,,,,,,,,,,,,,,,,,,,,,,,,,,,,,,,,,,,,,,,,,,,,,,,,848,0.005,4m,4.0,2.0,1.9000000000000001,904,,,,,,,,,,,,,,,0.05,1,COMPLETE
107,107,-2.264396607988625,2025-06-14 19:06:13.952966,2025-06-14 19:06:15.859637,0 days 00:00:01.906671,836.0,0.009000000000000001,1m,2.0,3.0,1.0,264.0,,,,,,,,,,,,,,,,,,,,,,,,,,,,,,,,,,,,,,,,,,,620,0.002,1m,2.5,1.0,1.7000000000000002,960,,,,,,,,,,,,,,,0.1,2,COMPLETE
108,108,0.6380118896210036,2025-06-14 19:06:15.922744,2025-06-14 19:06:17.043190,0 days 00:00:01.120446,,,,,,,,,,,,,,,,,,,,,,,,,,,,,,,,,,,,,,,,,,,,,,,,,,572,0.004,1m,2.0,1.5,2.0,872,,,,,,,,,,,,,,,0.05,1,COMPLETE
109,109,-5.667086873701972,2025-06-14 19:06:17.135711,2025-06-14 19:06:19.025849,0 days 00:00:01.890138,300.0,0.004,1m,1.0,2.5,2.0,292.0,,,,,,,,,,,,,,,,,,,,,,,,,,,,,,,,,,,,,,,,,,,992,0.003,2m,2.5,1.5,1.8,378,,,,,,,,,,,,,,,0.2,2,COMPLETE
110,110,0.12905623360230895,2025-06-14 19:06:19.091270,2025-06-14 19:06:20.123439,0 days 00:00:01.032169,,,,,,,,,,,,,,,,,,,,,,,,,,,,,,,,,,,,,,,,,,,,,,,,,,718,0.005,4m,2.0,2.0,0.8,662,,,,,,,,,,,,,,,0.35000000000000003,1,COMPLETE
111,111,-1.016613017702457,2025-06-14 19:06:20.195181,2025-06-14 19:06:21.128131,0 days 00:00:00.932950,,,,,,,,,,,,,,,,,,,,,,,,,,,,,,,,,,,,,,,,,,,,,,,,,,650,0.003,4m,2.5,1.5,2.0,630,,,,,,,,,,,,,,,0.05,1,COMPLETE
112,112,2.0799788427981505,2025-06-14 19:06:21.184987,2025-06-14 19:06:22.179439,0 days 00:00:00.994452,,,,,,,,,,,,,,,,,,,,,,,,,,,,,,,,,,,,,,,,,,,,,,,,,,674,0.003,4m,2.5,1.5,1.9000000000000001,778,,,,,,,,,,,,,,,0.05,1,COMPLETE
113,113,0.9039851046217254,2025-06-14 19:06:22.240275,2025-06-14 19:06:23.265452,0 days 00:00:01.025177,,,,,,,,,,,,,,,,,,,,,,,,,,,,,,,,,,,,,,,,,,,,,,,,,,664,0.002,4m,2.5,1.5,2.0,710,,,,,,,,,,,,,,,0.05,1,COMPLETE
114,114,-1.731865348023255,2025-06-14 19:06:23.350868,2025-06-14 19:06:26.066197,0 days 00:00:02.715329,338.0,0.006,4m,3.5,1.0,0.5,134.0,,,,,,,,,,,,,,,,,,,,,,,,,,,,,,,,,,,,940.0,0.005,3m,3.5,1.5,0.6,764.0,928,0.003,4m,2.5,1.0,2.0,790,,,,,,,,,,,,,,,0.05,3,COMPLETE
115,115,0.017929641561861158,2025-06-14 19:06:26.148908,2025-06-14 19:06:27.207470,0 days 00:00:01.058562,,,,,,,,,,,,,,,,,,,,,,,,,,,,,,,,,,,,,,,,,,,,,,,,,,810,0.004,1m,2.5,1.5,1.9000000000000001,818,,,,,,,,,,,,,,,0.05,1,COMPLETE
116,116,0.08203248233136515,2025-06-14 19:06:27.290504,2025-06-14 19:06:30.762628,0 days 00:00:03.472124,386.0,0.01,3m,3.0,3.5,1.5,448.0,,,,,,,,,,,,,,,,,,,,,,,,,,,,,838.0,0.001,4m,2.0,1.5,1.2000000000000002,500.0,418.0,0.006,1m,2.5,3.5,0.7,642.0,692,0.003,4m,2.5,1.5,1.8,950,,,,,,,,,,,,,,,0.1,4,COMPLETE
117,117,2.169663566318709,2025-06-14 19:06:30.827396,2025-06-14 19:06:32.870725,0 days 00:00:02.043329,194.0,0.005,3m,4.0,3.0,0.7,560.0,,,,,,,,,,,,,,,,,,,,,,,,,,,,,,,,,,,,,,,,,,,740,0.004,1m,2.0,1.0,0.6,858,,,,,,,,,,,,,,,0.3,2,COMPLETE
118,118,-0.791641826578514,2025-06-14 19:06:32.948560,2025-06-14 19:06:33.904814,0 days 00:00:00.956254,,,,,,,,,,,,,,,,,,,,,,,,,,,,,,,,,,,,,,,,,,,,,,,,,,448,0.002,2m,2.5,1.5,1.9000000000000001,692,,,,,,,,,,,,,,,0.05,1,COMPLETE
119,119,2.3069837742256287,2025-06-14 19:06:33.994757,2025-06-14 19:06:35.056643,0 days 00:00:01.061886,,,,,,,,,,,,,,,,,,,,,,,,,,,,,,,,,,,,,,,,,,,,,,,,,,366,0.005,1m,3.0,2.0,1.0,888,,,,,,,,,,,,,,,0.1,1,COMPLETE
120,120,-4.7551566864740025,2025-06-14 19:06:35.118095,2025-06-14 19:06:37.170095,0 days 00:00:02.052000,128.0,0.007,1m,2.5,1.5,1.6,228.0,,,,,,,,,,,,,,,,,,,,,,,,,,,,,,,,,,,,,,,,,,,380,0.005,1m,3.0,2.0,1.0,896,,,,,,,,,,,,,,,0.1,2,COMPLETE
