,number,value,datetime_start,datetime_complete,duration,params_AAPL_VRSK_beta_win,params_AAPL_VRSK_stop_loss,params_AAPL_VRSK_trade_freq,params_AAPL_VRSK_z_entry,params_AAPL_VRSK_z_exit,params_AAPL_VRSK_z_stop_scaler,params_AAPL_VRSK_z_win,params_ADI_BKNG_beta_win,params_ADI_BKNG_stop_loss,params_ADI_BKNG_trade_freq,params_ADI_BKNG_z_entry,params_ADI_BKNG_z_exit,params_ADI_BKNG_z_stop_scaler,params_ADI_BKNG_z_win,params_AVGO_COST_beta_win,params_AVGO_COST_stop_loss,params_AVGO_COST_trade_freq,params_AVGO_COST_z_entry,params_AVGO_COST_z_exit,params_AVGO_COST_z_stop_scaler,params_AVGO_COST_z_win,params_CDW_PCAR_beta_win,params_CDW_PCAR_stop_loss,params_CDW_PCAR_trade_freq,params_CDW_PCAR_z_entry,params_CDW_PCAR_z_exit,params_CDW_PCAR_z_stop_scaler,params_CDW_PCAR_z_win,params_COST_KLAC_beta_win,params_COST_KLAC_stop_loss,params_COST_KLAC_trade_freq,params_COST_KLAC_z_entry,params_COST_KLAC_z_exit,params_COST_KLAC_z_stop_scaler,params_COST_KLAC_z_win,params_DDOG_INTU_beta_win,params_DDOG_INTU_stop_loss,params_DDOG_INTU_trade_freq,params_DDOG_INTU_z_entry,params_DDOG_INTU_z_exit,params_DDOG_INTU_z_stop_scaler,params_DDOG_INTU_z_win,params_DDOG_ROP_beta_win,params_DDOG_ROP_stop_loss,params_DDOG_ROP_trade_freq,params_DDOG_ROP_z_entry,params_DDOG_ROP_z_exit,params_DDOG_ROP_z_stop_scaler,params_DDOG_ROP_z_win,params_KLAC_NFLX_beta_win,params_KLAC_NFLX_stop_loss,params_KLAC_NFLX_trade_freq,params_KLAC_NFLX_z_entry,params_KLAC_NFLX_z_exit,params_KLAC_NFLX_z_stop_scaler,params_KLAC_NFLX_z_win,params_MAR_MRVL_beta_win,params_MAR_MRVL_stop_loss,params_MAR_MRVL_trade_freq,params_MAR_MRVL_z_entry,params_MAR_MRVL_z_exit,params_MAR_MRVL_z_stop_scaler,params_MAR_MRVL_z_win,params_ROP_ROST_beta_win,params_ROP_ROST_stop_loss,params_ROP_ROST_trade_freq,params_ROP_ROST_z_entry,params_ROP_ROST_z_exit,params_ROP_ROST_z_stop_scaler,params_ROP_ROST_z_win,params_buffer_capital,params_pairs_to_trade,state
0,0,-0.6637420782185391,2025-06-14 19:58:12.952919,2025-06-14 19:58:15.794381,0 days 00:00:02.841462,1000.0,0.002,1m,2.5,2.0,0.6,468.0,,,,,,,,,,,,,,,,,,,,,,,,,,,,,,,,,,,,,,,,,,,,,,,,,,876.0,0.003,3m,1.0,3.0,1.3,394.0,342,0.009000000000000001,3m,3.5,2.0,1.3,502,0.5,3,COMPLETE
1,1,-1.3131970269431181,2025-06-14 19:58:15.878838,2025-06-14 19:58:18.485703,0 days 00:00:02.606865,984.0,0.006,3m,2.5,3.0,1.0,592.0,,,,,,,,,,,,,,,,,,,,,,,,,,,,,,,,,,,,,,,,,,,,,,,,,,210.0,0.009000000000000001,1m,3.0,3.0,1.9000000000000001,948.0,324,0.009000000000000001,2m,4.0,1.5,1.9000000000000001,320,0.3,3,COMPLETE
2,2,2.403982749497927,2025-06-14 19:58:18.560036,2025-06-14 19:58:25.933724,0 days 00:00:07.373688,572.0,0.008,4m,1.5,3.5,2.0,386.0,670.0,0.006,4m,2.0,2.5,0.8,548.0,920.0,0.003,3m,2.5,1.0,1.3,360.0,110.0,0.003,4m,1.0,4.0,1.6,146.0,,,,,,,,34.0,0.005,2m,3.0,3.5,0.8,230.0,652.0,0.001,4m,3.0,1.5,0.5,828.0,76.0,0.001,3m,2.5,2.5,0.6,388.0,978.0,0.007,3m,1.5,4.0,0.7,698.0,270,0.008,4m,1.0,1.5,0.5,50,0.2,9,COMPLETE
3,3,-1.4816655813056199,2025-06-14 19:58:26.022934,2025-06-14 19:58:30.087820,0 days 00:00:04.064886,352.0,0.007,2m,1.0,3.5,1.3,856.0,,,,,,,,,,,,,,,434.0,0.006,3m,2.5,3.5,0.7,974.0,,,,,,,,960.0,0.01,4m,2.5,1.5,1.3,260.0,,,,,,,,,,,,,,,844.0,0.01,4m,3.5,4.0,1.9000000000000001,582.0,544,0.009000000000000001,1m,1.5,3.5,1.3,326,0.05,5,COMPLETE
4,4,1.1323500855314617,2025-06-14 19:58:30.182256,2025-06-14 19:58:34.476687,0 days 00:00:04.294431,754.0,0.009000000000000001,1m,2.5,3.0,1.1,992.0,,,,,,,,,,,,,,,886.0,0.003,3m,3.5,2.5,1.1,452.0,,,,,,,,956.0,0.01,1m,1.5,1.5,1.9000000000000001,592.0,,,,,,,,,,,,,,,56.0,0.007,4m,3.5,3.0,1.7000000000000002,226.0,974,0.009000000000000001,4m,1.5,2.0,1.9000000000000001,702,0.2,5,COMPLETE
5,5,-3.5860620493774404,2025-06-14 19:58:34.569790,2025-06-14 19:58:41.182809,0 days 00:00:06.613019,804.0,0.008,1m,2.5,3.5,0.6,550.0,304.0,0.007,4m,1.5,1.0,1.8,648.0,974.0,0.008,4m,3.0,4.0,1.8,922.0,32.0,0.006,1m,3.0,3.5,1.5,220.0,,,,,,,,604.0,0.006,1m,4.0,2.0,1.9000000000000001,106.0,370.0,0.007,1m,2.0,1.0,1.4,490.0,,,,,,,,218.0,0.004,2m,1.5,3.0,1.6,72.0,430,0.001,4m,2.5,4.0,0.8,278,0.15000000000000002,8,COMPLETE
6,6,1.789669324204221,2025-06-14 19:58:41.257433,2025-06-14 19:58:44.716656,0 days 00:00:03.459223,56.0,0.009000000000000001,3m,2.5,1.5,1.1,276.0,,,,,,,,,,,,,,,,,,,,,,,,,,,,,254.0,0.009000000000000001,2m,2.0,3.5,1.6,890.0,,,,,,,,,,,,,,,588.0,0.007,2m,2.5,2.5,0.8,598.0,264,0.008,1m,4.0,1.0,0.6,718,0.45,4,COMPLETE
7,7,3.054569423290282,2025-06-14 19:58:44.815492,2025-06-14 19:58:47.370968,0 days 00:00:02.555476,948.0,0.008,2m,4.0,3.0,1.6,760.0,,,,,,,,,,,,,,,,,,,,,,,,,,,,,,,,,,,,,,,,,,,,,,,,,,832.0,0.01,3m,3.5,2.5,1.5,514.0,952,0.004,3m,2.0,2.5,0.8,652,0.1,3,COMPLETE
8,8,-1.139098652540591,2025-06-14 19:58:47.445713,2025-06-14 19:58:53.316765,0 days 00:00:05.871052,150.0,0.002,2m,4.0,3.0,1.4,444.0,370.0,0.006,3m,2.0,3.0,1.2000000000000002,674.0,338.0,0.005,2m,1.5,3.0,1.4,492.0,574.0,0.009000000000000001,4m,2.0,1.5,1.2000000000000002,294.0,,,,,,,,142.0,0.007,1m,3.0,3.0,1.7000000000000002,862.0,,,,,,,,,,,,,,,172.0,0.001,2m,2.5,4.0,1.8,892.0,186,0.009000000000000001,3m,3.0,3.0,1.2000000000000002,68,0.05,7,COMPLETE
9,9,1.205516395061951,2025-06-14 19:58:53.435784,2025-06-14 19:59:01.480189,0 days 00:00:08.044405,1010.0,0.007,3m,4.0,1.5,0.8,766.0,612.0,0.004,2m,1.0,1.5,1.6,82.0,410.0,0.006,4m,1.0,3.5,1.7000000000000002,748.0,64.0,0.007,2m,3.0,1.0,1.9000000000000001,316.0,432.0,0.007,4m,4.0,1.5,0.9,224.0,1012.0,0.004,4m,4.0,1.5,0.5,248.0,552.0,0.003,1m,2.0,3.5,0.7,384.0,678.0,0.01,4m,4.0,4.0,2.0,420.0,698.0,0.01,4m,2.5,3.5,0.8,766.0,90,0.004,2m,4.0,1.5,0.9,844,0.45,10,COMPLETE
10,10,1.569694052760992,2025-06-14 19:59:01.563747,2025-06-14 19:59:02.484547,0 days 00:00:00.920800,,,,,,,,,,,,,,,,,,,,,,,,,,,,,,,,,,,,,,,,,,,,,,,,,,,,,,,,,,,,,,,,988,0.004,3m,2.5,3.0,1.6,1010,0.35000000000000003,1,COMPLETE
11,11,2.4339611460767365,2025-06-14 19:59:02.547892,2025-06-14 19:59:14.265192,0 days 00:00:11.717300,554.0,0.01,4m,1.5,4.0,2.0,32.0,974.0,0.01,4m,4.0,4.0,0.6,224.0,1006.0,0.001,3m,4.0,1.0,0.6,76.0,334.0,0.001,4m,1.0,4.0,2.0,46.0,1012.0,0.001,3m,1.0,4.0,2.0,984.0,18.0,0.001,2m,3.0,4.0,0.6,504.0,972.0,0.001,4m,4.0,1.5,0.5,1024.0,48.0,0.001,3m,1.5,1.5,0.5,44.0,982.0,0.007,3m,4.0,1.5,1.1,454.0,636,0.006,4m,1.0,2.5,0.6,104,0.15000000000000002,10,COMPLETE
12,12,-0.9136294014263941,2025-06-14 19:59:14.416047,2025-06-14 19:59:17.263380,0 days 00:00:02.847333,,,,,,,,,,,,,,,,,,,,,,,,,,,,,,,,,,,,,,,,,,,,,,,,,,,,,,,,,,,,,,,,716,0.006,4m,2.0,2.5,0.9,526,0.15000000000000002,1,COMPLETE
13,13,-1.684256796067345,2025-06-14 19:59:17.402442,2025-06-14 19:59:33.502022,0 days 00:00:16.099580,450.0,0.01,4m,3.5,4.0,2.0,102.0,984.0,0.01,1m,4.0,4.0,0.5,118.0,702.0,0.001,1m,4.0,1.0,0.5,52.0,390.0,0.001,4m,1.0,2.5,2.0,746.0,,,,,,,,404.0,0.001,3m,1.0,4.0,0.9,514.0,,,,,,,,,,,,,,,1022.0,0.005,3m,4.0,1.5,1.2000000000000002,398.0,768,0.005,3m,1.0,2.5,0.6,516,0.1,7,COMPLETE
14,14,0.9817645221725072,2025-06-14 19:59:33.608348,2025-06-14 19:59:37.299367,0 days 00:00:03.691019,726.0,0.004,4m,1.5,4.0,1.6,20.0,,,,,,,,,,,,,,,,,,,,,,,,,,,,,,,,,,,,,,,,,,,,,,,,,,722.0,0.008,3m,4.0,1.0,1.2000000000000002,396.0,780,0.002,4m,2.0,3.0,1.1,188,0.25,3,COMPLETE
15,15,-0.4983082201726405,2025-06-14 19:59:37.374473,2025-06-14 19:59:46.742009,0 days 00:00:09.367536,300.0,0.01,2m,3.5,2.5,1.7000000000000002,702.0,24.0,0.01,4m,4.0,4.0,1.0,1014.0,22.0,0.001,3m,4.0,2.0,0.5,30.0,732.0,0.001,1m,1.5,4.0,0.5,20.0,964.0,0.001,3m,1.0,4.0,2.0,970.0,612.0,0.001,2m,3.0,2.5,0.5,586.0,1024.0,0.01,4m,4.0,2.5,2.0,1014.0,30.0,0.001,3m,1.0,1.0,0.5,76.0,386.0,0.006,3m,3.5,2.0,1.4,240.0,620,0.006,3m,1.5,2.0,0.8,634,0.1,10,COMPLETE
16,16,-2.4259821785926454,2025-06-14 19:59:46.851915,2025-06-14 19:59:52.612171,0 days 00:00:05.760256,598.0,0.005,2m,1.5,2.5,1.7000000000000002,230.0,,,,,,,,684.0,0.01,3m,3.0,2.0,0.9,282.0,276.0,0.003,2m,4.0,3.0,1.6,608.0,,,,,,,,436.0,0.003,3m,3.5,4.0,1.0,448.0,,,,,,,,,,,,,,,844.0,0.009000000000000001,1m,4.0,2.0,1.0,498.0,886,0.003,1m,2.0,3.5,0.7,844,0.15000000000000002,6,COMPLETE
17,17,-5.002509240098044,2025-06-14 19:59:52.699685,2025-06-14 19:59:54.839841,0 days 00:00:02.140156,,,,,,,,,,,,,,,,,,,,,,,,,,,,,,,,,,,,,,,,,,,,,,,,,,,,,,,,,446.0,0.008,3m,3.0,1.0,0.5,252.0,628,0.007,2m,1.0,2.5,1.0,444,0.25,2,COMPLETE
18,18,0.4380463672389995,2025-06-14 19:59:54.953360,2025-06-14 20:00:00.993563,0 days 00:00:06.040203,860.0,0.01,4m,1.0,1.0,1.9000000000000001,1022.0,,,,,,,,722.0,0.004,2m,2.0,2.0,0.9,224.0,998.0,0.01,4m,2.0,1.5,0.9,44.0,,,,,,,,770.0,0.003,2m,2.0,2.5,1.3,734.0,,,,,,,,,,,,,,,666.0,0.005,3m,3.0,2.0,1.4,718.0,870,0.005,3m,3.0,3.5,1.5,190,0.35000000000000003,6,COMPLETE
19,19,0.2946743090530828,2025-06-14 20:00:01.067566,2025-06-14 20:00:05.108808,0 days 00:00:04.041242,642.0,0.008,2m,2.0,4.0,1.5,692.0,,,,,,,,,,,,,,,,,,,,,,,,,,,,,262.0,0.002,2m,2.5,3.0,0.7,360.0,,,,,,,,,,,,,,,928.0,0.009000000000000001,3m,3.5,1.5,1.0,512.0,548,0.003,4m,1.5,3.0,0.5,834,0.1,4,COMPLETE
20,20,-1.8546366469932545,2025-06-14 20:00:05.208324,2025-06-14 20:00:12.742133,0 days 00:00:07.533809,462.0,0.006,4m,3.5,3.5,1.8,874.0,1002.0,0.001,1m,3.0,3.0,0.5,316.0,200.0,0.003,1m,3.5,1.0,0.9,662.0,640.0,0.004,4m,1.5,3.0,1.8,492.0,,,,,,,,38.0,0.008,3m,3.5,1.0,1.1,22.0,1010.0,0.004,3m,4.0,2.0,1.1,132.0,,,,,,,,774.0,0.002,1m,4.0,2.5,1.6,46.0,880,0.007,3m,2.5,4.0,0.7,402,0.2,8,COMPLETE
21,21,-0.7069553826519264,2025-06-14 20:00:12.831159,2025-06-14 20:00:20.994312,0 days 00:00:08.163153,624.0,0.008,4m,1.5,3.5,2.0,326.0,744.0,0.008,4m,3.0,2.0,0.8,414.0,992.0,0.002,3m,2.5,1.0,1.3,346.0,218.0,0.002,4m,1.0,4.0,1.6,168.0,,,,,,,,28.0,0.005,2m,3.0,3.5,0.7,236.0,678.0,0.002,4m,3.0,1.0,0.5,1024.0,32.0,0.001,3m,2.0,2.0,0.5,84.0,1006.0,0.007,3m,1.5,3.5,0.5,694.0,16,0.007,4m,1.0,1.0,0.5,122,0.2,9,COMPLETE
22,22,-2.7819740486423186,2025-06-14 20:00:21.059430,2025-06-14 20:00:28.882064,0 days 00:00:07.822634,518.0,0.009000000000000001,4m,2.0,3.0,1.8,160.0,778.0,0.004,4m,2.5,2.5,0.8,578.0,868.0,0.003,3m,2.5,1.5,1.5,458.0,204.0,0.004,4m,1.0,4.0,1.4,120.0,,,,,,,,190.0,0.005,2m,3.5,3.5,0.8,702.0,756.0,0.001,4m,3.0,1.5,0.5,786.0,288.0,0.003,3m,2.5,2.5,0.9,856.0,948.0,0.006,3m,2.0,1.5,0.7,634.0,430,0.004,4m,1.0,1.5,0.5,56,0.15000000000000002,9,COMPLETE
23,23,-1.446187567852033,2025-06-14 20:00:28.961013,2025-06-14 20:00:37.053783,0 days 00:00:08.092770,882.0,0.007,4m,2.0,4.0,2.0,352.0,802.0,0.008,4m,3.0,3.0,0.7,260.0,814.0,0.001,3m,2.0,1.5,1.1,162.0,388.0,0.002,4m,1.5,3.5,1.8,356.0,,,,,,,,362.0,0.007,2m,2.0,4.0,0.6,368.0,104.0,0.001,2m,3.5,2.0,0.9,780.0,1008.0,0.005,1m,1.5,1.5,1.1,430.0,798.0,0.008,3m,1.0,2.5,1.0,806.0,434,0.01,4m,1.5,2.0,0.7,20,0.05,9,COMPLETE
24,24,-1.1638708438939316,2025-06-14 20:00:37.119138,2025-06-14 20:00:45.593783,0 days 00:00:08.474645,312.0,0.004,4m,3.0,3.5,1.6,398.0,506.0,0.001,2m,2.0,3.5,1.2000000000000002,844.0,562.0,0.003,3m,3.0,2.5,1.1,354.0,146.0,0.004,4m,2.0,3.0,2.0,190.0,1020.0,0.001,3m,1.0,4.0,2.0,1010.0,120.0,0.003,2m,3.0,3.0,1.1,164.0,818.0,0.005,4m,1.0,3.5,1.4,772.0,278.0,0.004,2m,3.5,3.5,0.7,280.0,942.0,0.004,3m,2.0,3.5,1.5,1022.0,162,0.006,4m,1.0,1.5,0.9,194,0.2,10,COMPLETE
25,25,-0.012569241990126816,2025-06-14 20:00:45.667827,2025-06-14 20:00:52.857066,0 days 00:00:07.189239,676.0,0.009000000000000001,2m,1.0,3.0,1.8,606.0,892.0,0.004,3m,3.5,2.0,1.0,478.0,1002.0,0.006,3m,3.5,1.5,0.7,138.0,314.0,0.001,1m,1.0,2.0,1.7000000000000002,650.0,,,,,,,,18.0,0.004,4m,3.5,3.5,0.9,372.0,308.0,0.007,4m,3.0,1.5,0.8,880.0,,,,,,,,570.0,0.006,3m,1.5,2.0,1.1,462.0,702,0.008,4m,2.0,2.5,0.6,604,0.3,8,COMPLETE
26,26,2.5142353915055704,2025-06-14 20:00:52.939266,2025-06-14 20:00:59.205997,0 days 00:00:06.266731,544.0,0.008,4m,1.5,4.0,1.9000000000000001,160.0,604.0,0.009000000000000001,4m,2.0,2.5,1.4,242.0,832.0,0.004,3m,2.0,2.5,2.0,594.0,500.0,0.003,3m,1.5,4.0,1.4,22.0,,,,,,,,278.0,0.002,2m,2.5,4.0,1.5,1008.0,,,,,,,,,,,,,,,1020.0,0.01,3m,2.0,2.5,0.7,326.0,1018,0.005,1m,1.5,1.0,1.1,104,0.1,7,COMPLETE
27,27,0.33201272400183374,2025-06-14 20:00:59.267055,2025-06-14 20:01:05.457084,0 days 00:00:06.190029,224.0,0.01,4m,3.0,4.0,1.5,20.0,458.0,0.009000000000000001,4m,1.0,3.5,1.6,228.0,804.0,0.008,4m,1.5,3.0,1.9000000000000001,712.0,532.0,0.005,3m,1.5,3.5,1.3,960.0,,,,,,,,312.0,0.002,2m,1.5,4.0,1.5,764.0,,,,,,,,,,,,,,,884.0,0.01,3m,2.0,2.5,0.9,320.0,1024,0.005,1m,1.5,1.0,1.1,274,0.1,7,COMPLETE
28,28,-2.8141125071170765,2025-06-14 20:01:05.532793,2025-06-14 20:01:09.128132,0 days 00:00:03.595339,402.0,0.001,2m,2.0,2.0,1.8,164.0,,,,,,,,,,,,,,,,,,,,,,,,,,,,,548.0,0.001,1m,2.5,3.0,1.4,1016.0,,,,,,,,,,,,,,,774.0,0.009000000000000001,1m,3.0,1.5,0.6,312.0,822,0.003,1m,2.0,2.5,1.4,398,0.05,4,COMPLETE
29,29,-4.240435951340558,2025-06-14 20:01:09.191320,2025-06-14 20:01:11.043161,0 days 00:00:01.851841,,,,,,,,,,,,,,,,,,,,,,,,,,,,,,,,,,,,,,,,,,,,,,,,,,,,,,,,,1010.0,0.01,2m,3.5,1.0,1.3,140.0,938,0.004,1m,3.0,2.0,1.1,134,0.1,2,COMPLETE
30,30,-1.0197552353429102,2025-06-14 20:01:11.096485,2025-06-14 20:01:16.643954,0 days 00:00:05.547469,532.0,0.007,3m,3.0,4.0,1.9000000000000001,92.0,,,,,,,,622.0,0.005,1m,2.0,2.5,2.0,998.0,724.0,0.002,3m,2.5,3.0,0.9,16.0,,,,,,,,170.0,0.002,4m,2.5,4.0,1.7000000000000002,974.0,,,,,,,,,,,,,,,902.0,0.008,4m,4.0,2.5,2.0,446.0,936,0.002,1m,2.5,2.0,1.0,942,0.15000000000000002,6,COMPLETE
31,31,-1.2982864513971253,2025-06-14 20:01:16.701188,2025-06-14 20:01:24.713074,0 days 00:00:08.011886,534.0,0.008,4m,1.5,3.5,2.0,232.0,652.0,0.01,4m,2.0,2.5,1.4,396.0,886.0,0.002,3m,2.5,1.0,1.6,618.0,464.0,0.003,3m,1.0,4.0,1.4,114.0,,,,,,,,98.0,0.004,2m,3.0,3.5,1.1,622.0,856.0,0.003,3m,4.0,2.5,1.8,658.0,272.0,0.008,3m,3.0,3.0,1.6,720.0,972.0,0.007,3m,2.0,2.0,0.7,564.0,354,0.008,3m,1.0,1.0,0.8,108,0.2,9,COMPLETE
32,32,0.432919889597368,2025-06-14 20:01:24.785070,2025-06-14 20:01:33.060872,0 days 00:00:08.275802,564.0,0.009000000000000001,4m,1.5,3.5,1.9000000000000001,126.0,628.0,0.006,4m,2.5,2.0,1.0,208.0,916.0,0.004,3m,1.5,1.5,0.7,558.0,126.0,0.002,2m,1.5,4.0,1.7000000000000002,250.0,104.0,0.01,2m,2.5,2.5,1.4,640.0,210.0,0.002,2m,2.0,4.0,0.7,476.0,570.0,0.001,2m,2.5,1.5,1.1,600.0,30.0,0.002,3m,2.0,2.0,1.3,224.0,864.0,0.009000000000000001,3m,1.0,3.0,0.7,340.0,628,0.005,2m,1.5,1.5,0.6,22,0.25,10,COMPLETE
33,33,-0.8336723321200583,2025-06-14 20:01:33.128742,2025-06-14 20:01:39.612051,0 days 00:00:06.483309,690.0,0.008,4m,1.0,4.0,1.7000000000000002,236.0,248.0,0.008,4m,1.5,2.5,1.4,66.0,808.0,0.002,3m,2.5,4.0,1.2000000000000002,398.0,302.0,0.005,3m,1.0,3.5,1.1,90.0,,,,,,,,102.0,0.006,2m,2.5,3.5,1.2000000000000002,870.0,400.0,0.003,4m,3.5,4.0,0.5,914.0,,,,,,,,950.0,0.008,3m,1.5,3.5,0.8,660.0,338,0.006,4m,1.0,1.0,0.7,186,0.1,8,COMPLETE
34,34,-2.2684810980893926,2025-06-14 20:01:39.684387,2025-06-14 20:01:46.893371,0 days 00:00:07.208984,890.0,0.006,1m,2.0,3.5,1.9000000000000001,498.0,894.0,0.009000000000000001,4m,1.5,3.5,0.7,356.0,1022.0,0.004,2m,3.5,2.5,1.6,800.0,592.0,0.003,4m,2.0,4.0,1.5,390.0,,,,,,,,486.0,0.001,2m,3.0,4.0,0.9,660.0,924.0,0.006,4m,3.5,2.0,0.7,308.0,524.0,0.007,2m,2.5,1.0,0.8,624.0,1022.0,0.01,3m,2.0,2.5,1.1,544.0,508,0.007,1m,1.5,1.5,1.3,338,0.15000000000000002,9,COMPLETE
35,35,1.918382735382354,2025-06-14 20:01:46.957572,2025-06-14 20:01:53.002872,0 days 00:00:06.045300,464.0,0.005,4m,1.5,3.0,1.6,420.0,676.0,0.005,2m,2.5,2.5,2.0,550.0,912.0,0.002,3m,2.0,3.5,2.0,596.0,360.0,0.001,4m,1.5,3.5,1.8,142.0,,,,,,,,312.0,0.003,2m,3.5,3.5,1.5,800.0,,,,,,,,,,,,,,,824.0,0.003,3m,1.0,4.0,0.6,844.0,946,0.01,2m,1.5,2.0,0.5,256,0.05,7,COMPLETE
36,36,3.788249850301546,2025-06-14 20:01:53.067567,2025-06-14 20:01:57.292846,0 days 00:00:04.225279,960.0,0.007,4m,1.0,2.5,2.0,58.0,,,,,,,,,,,,,,,466.0,0.008,3m,1.0,4.0,1.3,226.0,,,,,,,,72.0,0.005,3m,2.5,3.0,0.6,418.0,,,,,,,,,,,,,,,904.0,0.009000000000000001,3m,1.5,3.0,1.4,462.0,200,0.008,4m,1.0,1.5,2.0,718,0.2,5,COMPLETE
37,37,-2.242058391125859,2025-06-14 20:01:57.360668,2025-06-14 20:01:59.882467,0 days 00:00:02.521799,972.0,0.006,1m,1.0,2.0,1.9000000000000001,62.0,,,,,,,,,,,,,,,,,,,,,,,,,,,,,,,,,,,,,,,,,,,,,,,,,,636.0,0.009000000000000001,1m,3.0,3.0,1.4,438.0,812,0.005,4m,2.0,1.0,2.0,728,0.15000000000000002,3,COMPLETE
38,38,-2.437221361208503,2025-06-14 20:01:59.950943,2025-06-14 20:02:04.305000,0 days 00:00:04.354057,780.0,0.007,4m,1.0,2.5,1.3,172.0,,,,,,,,,,,,,,,488.0,0.008,3m,2.5,2.5,1.0,254.0,,,,,,,,252.0,0.004,3m,2.0,2.0,0.5,436.0,,,,,,,,,,,,,,,892.0,0.01,4m,2.5,3.0,1.5,182.0,262,0.008,3m,1.0,2.5,1.6,612,0.3,5,COMPLETE
39,39,1.3728521583698479,2025-06-14 20:02:04.393738,2025-06-14 20:02:07.881005,0 days 00:00:03.487267,964.0,0.009000000000000001,2m,1.0,2.5,1.7000000000000002,924.0,,,,,,,,,,,,,,,,,,,,,,,,,,,,,78.0,0.002,3m,1.5,3.0,0.6,546.0,,,,,,,,,,,,,,,492.0,0.009000000000000001,3m,1.5,3.0,1.7000000000000002,366.0,1010,0.004,1m,1.5,1.5,1.7000000000000002,766,0.2,4,COMPLETE
40,40,-1.6835119490416144,2025-06-14 20:02:07.947666,2025-06-14 20:02:11.992609,0 days 00:00:04.044943,914.0,0.008,3m,2.0,2.0,1.5,58.0,,,,,,,,,,,,,,,688.0,0.008,3m,1.5,3.5,1.3,66.0,,,,,,,,784.0,0.007,3m,2.5,2.0,1.8,406.0,,,,,,,,,,,,,,,744.0,0.01,2m,3.5,2.0,1.5,298.0,210,0.006,4m,1.0,1.5,1.2000000000000002,666,0.1,5,COMPLETE
41,41,0.05285739015447978,2025-06-14 20:02:12.057140,2025-06-14 20:02:20.391311,0 days 00:00:08.334171,808.0,0.007,4m,1.5,3.0,2.0,588.0,532.0,0.009000000000000001,3m,2.0,1.5,0.6,756.0,764.0,0.003,3m,1.0,1.5,1.8,244.0,214.0,0.007,3m,1.0,4.0,1.4,164.0,674.0,0.004,1m,2.0,3.0,1.4,604.0,74.0,0.005,3m,2.5,2.5,0.8,184.0,704.0,0.002,4m,1.0,1.0,1.0,880.0,214.0,0.003,1m,1.0,2.5,0.5,18.0,970.0,0.007,3m,1.5,4.0,1.3,586.0,266,0.009000000000000001,4m,1.0,1.0,1.8,554,0.25,10,COMPLETE
42,42,3.6672473781864356,2025-06-14 20:02:20.463919,2025-06-14 20:02:22.234304,0 days 00:00:01.770385,,,,,,,,,,,,,,,,,,,,,,,,,,,,,,,,,,,,,,,,,,,,,,,,,,,,,,,,,858.0,0.007,3m,2.0,3.5,0.9,486.0,142,0.008,4m,1.5,2.0,1.4,776,0.2,2,COMPLETE
43,43,3.8994143602752733,2025-06-14 20:02:22.297912,2025-06-14 20:02:24.016776,0 days 00:00:01.718864,,,,,,,,,,,,,,,,,,,,,,,,,,,,,,,,,,,,,,,,,,,,,,,,,,,,,,,,,836.0,0.008,3m,2.0,3.5,1.1,492.0,116,0.008,4m,1.5,2.0,1.4,802,0.15000000000000002,2,COMPLETE
44,44,3.3339977648865045,2025-06-14 20:02:24.103351,2025-06-14 20:02:25.972530,0 days 00:00:01.869179,,,,,,,,,,,,,,,,,,,,,,,,,,,,,,,,,,,,,,,,,,,,,,,,,,,,,,,,,824.0,0.008,3m,2.5,3.5,0.9,496.0,110,0.009000000000000001,4m,2.0,2.0,1.4,772,0.5,2,COMPLETE
45,45,4.96911956460939,2025-06-14 20:02:26.010798,2025-06-14 20:02:27.717524,0 days 00:00:01.706726,,,,,,,,,,,,,,,,,,,,,,,,,,,,,,,,,,,,,,,,,,,,,,,,,,,,,,,,,804.0,0.008,3m,2.5,3.5,0.9,502.0,114,0.009000000000000001,4m,2.0,2.0,1.4,784,0.5,2,COMPLETE
46,46,-1.7587406502501155,2025-06-14 20:02:27.791821,2025-06-14 20:02:29.723603,0 days 00:00:01.931782,,,,,,,,,,,,,,,,,,,,,,,,,,,,,,,,,,,,,,,,,,,,,,,,,,,,,,,,,686.0,0.008,4m,2.5,3.5,0.9,608.0,114,0.009000000000000001,4m,2.5,2.0,1.4,780,0.5,2,COMPLETE
47,47,-2.4834392825166582,2025-06-14 20:02:29.785639,2025-06-14 20:02:30.786562,0 days 00:00:01.000923,,,,,,,,,,,,,,,,,,,,,,,,,,,,,,,,,,,,,,,,,,,,,,,,,,,,,,,,,,,,,,,,38,0.01,4m,2.0,2.0,1.4,916,0.5,1,COMPLETE
48,48,2.11966749577296,2025-06-14 20:02:30.839572,2025-06-14 20:02:32.590573,0 days 00:00:01.751001,,,,,,,,,,,,,,,,,,,,,,,,,,,,,,,,,,,,,,,,,,,,,,,,,,,,,,,,,620.0,0.008,3m,2.5,3.5,0.9,480.0,88,0.009000000000000001,4m,2.5,2.0,1.5,880,0.45,2,COMPLETE
49,49,0.5569635829121118,2025-06-14 20:02:32.674072,2025-06-14 20:02:33.694387,0 days 00:00:01.020315,,,,,,,,,,,,,,,,,,,,,,,,,,,,,,,,,,,,,,,,,,,,,,,,,,,,,,,,,,,,,,,,132,0.008,4m,2.0,2.0,1.5,786,0.4,1,COMPLETE
50,50,-2.092405161513594,2025-06-14 20:02:33.742203,2025-06-14 20:02:35.614453,0 days 00:00:01.872250,,,,,,,,,,,,,,,,,,,,,,,,,,,,,,,,,,,,,,,,,,,,,,,,,,,,,,,,,748.0,0.006,2m,2.5,3.5,1.2000000000000002,410.0,222,0.008,4m,2.0,1.5,1.7000000000000002,696,0.45,2,COMPLETE
51,51,2.9220539159319796,2025-06-14 20:02:35.732570,2025-06-14 20:02:38.208846,0 days 00:00:02.476276,834.0,0.003,1m,4.0,1.5,0.9,788.0,,,,,,,,,,,,,,,,,,,,,,,,,,,,,,,,,,,,,,,,,,,,,,,,,,824.0,0.009000000000000001,3m,2.0,3.5,1.1,516.0,66,0.009000000000000001,4m,2.0,3.0,1.3,818,0.5,3,COMPLETE
