,number,value,datetime_start,datetime_complete,duration,params_ADP_ASML_beta_win,params_ADP_ASML_stop_loss,params_ADP_ASML_trade_freq,params_ADP_ASML_z_entry,params_ADP_ASML_z_exit,params_ADP_ASML_z_stop_scaler,params_ADP_ASML_z_win,params_ADP_PAYX_beta_win,params_ADP_PAYX_stop_loss,params_ADP_PAYX_trade_freq,params_ADP_PAYX_z_entry,params_ADP_PAYX_z_exit,params_ADP_PAYX_z_stop_scaler,params_ADP_PAYX_z_win,params_ADP_XEL_beta_win,params_ADP_XEL_stop_loss,params_ADP_XEL_trade_freq,params_ADP_XEL_z_entry,params_ADP_XEL_z_exit,params_ADP_XEL_z_stop_scaler,params_ADP_XEL_z_win,params_AMGN_ANSS_beta_win,params_AMGN_ANSS_stop_loss,params_AMGN_ANSS_trade_freq,params_AMGN_ANSS_z_entry,params_AMGN_ANSS_z_exit,params_AMGN_ANSS_z_stop_scaler,params_AMGN_ANSS_z_win,params_AMZN_MRVL_beta_win,params_AMZN_MRVL_stop_loss,params_AMZN_MRVL_trade_freq,params_AMZN_MRVL_z_entry,params_AMZN_MRVL_z_exit,params_AMZN_MRVL_z_stop_scaler,params_AMZN_MRVL_z_win,params_AZN_ANSS_beta_win,params_AZN_ANSS_stop_loss,params_AZN_ANSS_trade_freq,params_AZN_ANSS_z_entry,params_AZN_ANSS_z_exit,params_AZN_ANSS_z_stop_scaler,params_AZN_ANSS_z_win,params_CSCO_DASH_beta_win,params_CSCO_DASH_stop_loss,params_CSCO_DASH_trade_freq,params_CSCO_DASH_z_entry,params_CSCO_DASH_z_exit,params_CSCO_DASH_z_stop_scaler,params_CSCO_DASH_z_win,params_CSCO_FTNT_beta_win,params_CSCO_FTNT_stop_loss,params_CSCO_FTNT_trade_freq,params_CSCO_FTNT_z_entry,params_CSCO_FTNT_z_exit,params_CSCO_FTNT_z_stop_scaler,params_CSCO_FTNT_z_win,params_CSCO_META_beta_win,params_CSCO_META_stop_loss,params_CSCO_META_trade_freq,params_CSCO_META_z_entry,params_CSCO_META_z_exit,params_CSCO_META_z_stop_scaler,params_CSCO_META_z_win,params_GOOG_GOOGL_beta_win,params_GOOG_GOOGL_stop_loss,params_GOOG_GOOGL_trade_freq,params_GOOG_GOOGL_z_entry,params_GOOG_GOOGL_z_exit,params_GOOG_GOOGL_z_stop_scaler,params_GOOG_GOOGL_z_win,params_buffer_capital,params_pairs_to_trade,state
65,65,0.3453798835941622,2025-06-14 20:13:37.585744,2025-06-14 20:13:39.032449,0 days 00:00:01.446705,,,,,,,,856,0.009000000000000001,1m,3.5,1.0,1.8,784,,,,,,,,,,,,,,,,,,,,,,,,,,,,,,,,,,,,,,,,,,,,,,,,,,610.0,0.008,3m,3.5,2.5,1.8,992.0,0.45,2,COMPLETE
66,66,2.1200131836354035,2025-06-14 20:13:39.072323,2025-06-14 20:13:39.846180,0 days 00:00:00.773857,,,,,,,,648,0.001,1m,4.0,1.5,1.7000000000000002,836,,,,,,,,,,,,,,,,,,,,,,,,,,,,,,,,,,,,,,,,,,,,,,,,,,,,,,,,,0.4,1,COMPLETE
67,67,1.7144186178059564,2025-06-14 20:13:39.886533,2025-06-14 20:13:40.742495,0 days 00:00:00.855962,,,,,,,,574,0.001,1m,4.0,1.5,1.7000000000000002,824,,,,,,,,,,,,,,,,,,,,,,,,,,,,,,,,,,,,,,,,,,,,,,,,,,,,,,,,,0.4,1,COMPLETE
68,68,-2.7567298889233496,2025-06-14 20:13:40.793028,2025-06-14 20:13:41.534815,0 days 00:00:00.741787,,,,,,,,622,0.001,2m,4.0,2.0,1.6,842,,,,,,,,,,,,,,,,,,,,,,,,,,,,,,,,,,,,,,,,,,,,,,,,,,,,,,,,,0.45,1,COMPLETE
69,69,-0.5273742503174222,2025-06-14 20:13:41.568901,2025-06-14 20:13:42.387704,0 days 00:00:00.818803,,,,,,,,568,0.002,1m,4.0,1.5,1.7000000000000002,884,,,,,,,,,,,,,,,,,,,,,,,,,,,,,,,,,,,,,,,,,,,,,,,,,,,,,,,,,0.4,1,COMPLETE
70,70,-1.2792184179206607,2025-06-14 20:13:42.419822,2025-06-14 20:13:43.185131,0 days 00:00:00.765309,,,,,,,,534,0.002,3m,4.0,3.0,1.6,756,,,,,,,,,,,,,,,,,,,,,,,,,,,,,,,,,,,,,,,,,,,,,,,,,,,,,,,,,0.45,1,COMPLETE
71,71,-6.530338679109973,2025-06-14 20:13:43.208934,2025-06-14 20:13:44.575934,0 days 00:00:01.367000,,,,,,,,470,0.001,1m,1.5,1.5,1.8,820,,,,,,,,,,,,,,,,,,,,,,,,,,,,,,,,,,,,,,,,,,,,,,,,,,1004.0,0.005,2m,2.5,1.5,0.9,522.0,0.4,2,COMPLETE
72,72,1.0671003522946256,2025-06-14 20:13:44.623428,2025-06-14 20:13:46.088091,0 days 00:00:01.464663,,,,,,,,642,0.001,1m,4.0,1.5,1.9000000000000001,786,,,,,,,,,,,,,,,,,,,,,,,,,,,,,,,,,,,,,,,,,,,,,,,,,,730.0,0.006,4m,4.0,1.0,1.6,916.0,0.4,2,COMPLETE
73,73,1.1442364513853944,2025-06-14 20:13:46.126338,2025-06-14 20:13:50.760364,0 days 00:00:04.634026,222.0,0.01,3m,1.5,3.0,0.9,728.0,494,0.002,1m,4.0,2.5,1.7000000000000002,548,,,,,,,,854.0,0.004,1m,1.5,2.0,1.7000000000000002,132.0,710.0,0.007,4m,3.5,2.5,1.0,814.0,286.0,0.005,4m,4.0,2.0,1.2000000000000002,828.0,,,,,,,,,,,,,,,58.0,0.01,3m,3.0,1.5,0.8,330.0,810.0,0.008,1m,3.5,2.0,1.3,814.0,0.4,7,COMPLETE
74,74,-2.1808982431843376,2025-06-14 20:13:50.797836,2025-06-14 20:13:56.143778,0 days 00:00:05.345942,204.0,0.01,3m,1.5,3.0,0.9,734.0,578,0.001,1m,4.0,2.5,1.7000000000000002,510,34.0,0.01,4m,4.0,2.5,1.2000000000000002,102.0,910.0,0.004,1m,1.5,2.0,1.7000000000000002,138.0,736.0,0.007,4m,3.5,2.5,1.0,794.0,294.0,0.005,4m,4.0,2.0,1.2000000000000002,844.0,,,,,,,,,,,,,,,56.0,0.01,3m,3.0,1.5,0.8,308.0,826.0,0.004,1m,3.0,2.0,1.1,830.0,0.35000000000000003,8,COMPLETE
75,75,-2.081568996527368,2025-06-14 20:13:56.175507,2025-06-14 20:14:00.623501,0 days 00:00:04.447994,444.0,0.008,3m,1.5,3.0,1.0,572.0,550,0.002,4m,4.0,2.5,1.6,580,,,,,,,,810.0,0.003,1m,1.0,2.5,1.8,20.0,522.0,0.008,4m,3.0,2.0,1.2000000000000002,580.0,166.0,0.006,4m,3.5,1.5,1.4,942.0,,,,,,,,,,,,,,,238.0,0.008,3m,2.5,2.0,0.8,356.0,772.0,0.001,1m,2.5,2.5,0.9,726.0,0.4,7,COMPLETE
76,76,-4.45277076762493,2025-06-14 20:14:00.661593,2025-06-14 20:14:05.776515,0 days 00:00:05.114922,202.0,0.008,3m,2.0,2.0,0.7,822.0,422,0.001,1m,4.0,2.0,1.7000000000000002,548,1022.0,0.003,3m,1.0,3.0,1.3,722.0,660.0,0.002,1m,1.5,1.0,1.5,316.0,818.0,0.003,4m,2.0,3.0,1.5,830.0,330.0,0.006,4m,3.0,2.5,1.0,572.0,,,,,,,,,,,,,,,796.0,0.004,3m,4.0,1.0,0.5,358.0,656.0,0.007,1m,1.5,2.0,0.8,652.0,0.45,8,COMPLETE
77,77,-2.7347049174267832,2025-06-14 20:14:05.819347,2025-06-14 20:14:09.848941,0 days 00:00:04.029594,324.0,0.005,3m,1.0,3.5,1.3,402.0,606,0.002,1m,4.0,2.0,2.0,630,,,,,,,,866.0,0.004,1m,2.5,2.0,1.2000000000000002,130.0,532.0,0.003,2m,3.5,3.0,0.8,480.0,546.0,0.004,4m,4.0,1.0,0.9,816.0,,,,,,,,,,,,,,,,,,,,,,884.0,0.01,1m,3.0,3.0,1.2000000000000002,544.0,0.3,6,COMPLETE
78,78,1.880101956843517,2025-06-14 20:14:09.898912,2025-06-14 20:14:10.757761,0 days 00:00:00.858849,,,,,,,,678,0.001,1m,4.0,3.0,1.5,698,,,,,,,,,,,,,,,,,,,,,,,,,,,,,,,,,,,,,,,,,,,,,,,,,,,,,,,,,0.35000000000000003,1,COMPLETE
79,79,-12.945558953115185,2025-06-14 20:14:10.811866,2025-06-14 20:14:16.571534,0 days 00:00:05.759668,484.0,0.01,2m,3.0,2.5,1.8,888.0,696,0.001,1m,4.0,3.0,1.5,700,698.0,0.008,2m,3.0,1.5,0.9,282.0,694.0,0.002,1m,2.0,1.5,2.0,468.0,834.0,0.008,3m,3.5,2.0,1.1,674.0,428.0,0.007,4m,2.5,3.0,1.1,628.0,454.0,0.001,1m,1.0,1.0,1.2000000000000002,980.0,,,,,,,,450.0,0.008,3m,3.0,3.5,1.5,760.0,948.0,0.003,1m,3.5,4.0,1.4,334.0,0.35000000000000003,9,COMPLETE
80,80,-5.145034203959959,2025-06-14 20:14:16.632318,2025-06-14 20:14:21.245459,0 days 00:00:04.613141,150.0,0.007,4m,1.5,1.5,0.7,576.0,660,0.002,2m,4.0,3.0,1.5,668,,,,,,,,514.0,0.007,2m,1.0,3.0,1.6,640.0,210.0,0.006,4m,2.0,1.5,0.7,996.0,118.0,0.002,4m,3.5,3.5,1.4,950.0,,,,,,,,,,,,,,,180.0,0.004,2m,2.5,2.0,1.1,256.0,574.0,0.006,1m,3.5,2.5,1.3,806.0,0.3,7,COMPLETE
81,81,-1.1063563152165254,2025-06-14 20:14:21.295429,2025-06-14 20:14:22.126386,0 days 00:00:00.830957,,,,,,,,624,0.001,1m,3.5,3.5,1.4,532,,,,,,,,,,,,,,,,,,,,,,,,,,,,,,,,,,,,,,,,,,,,,,,,,,,,,,,,,0.4,1,COMPLETE
82,82,2.7433439491877896,2025-06-14 20:14:22.162018,2025-06-14 20:14:22.956958,0 days 00:00:00.794940,,,,,,,,496,0.003,1m,4.0,2.5,1.7000000000000002,924,,,,,,,,,,,,,,,,,,,,,,,,,,,,,,,,,,,,,,,,,,,,,,,,,,,,,,,,,0.35000000000000003,1,COMPLETE
83,83,-5.392239117046231,2025-06-14 20:14:22.983580,2025-06-14 20:14:26.427620,0 days 00:00:03.444040,582.0,0.009000000000000001,1m,2.5,4.0,1.2000000000000002,760.0,506,0.003,1m,4.0,2.5,1.6,484,,,,,,,,540.0,0.005,3m,2.5,2.0,0.8,166.0,,,,,,,,660.0,0.008,1m,2.5,3.0,0.6,1018.0,,,,,,,,,,,,,,,,,,,,,,856.0,0.005,2m,2.5,1.5,1.0,868.0,0.35000000000000003,5,COMPLETE
84,84,-1.5706689965830483,2025-06-14 20:14:26.450996,2025-06-14 20:14:27.198027,0 days 00:00:00.747031,,,,,,,,566,0.003,1m,4.0,2.5,1.7000000000000002,916,,,,,,,,,,,,,,,,,,,,,,,,,,,,,,,,,,,,,,,,,,,,,,,,,,,,,,,,,0.35000000000000003,1,COMPLETE
85,85,-3.5878114304750475,2025-06-14 20:14:27.235811,2025-06-14 20:14:28.066258,0 days 00:00:00.830447,,,,,,,,440,0.002,1m,4.0,2.5,1.7000000000000002,966,,,,,,,,,,,,,,,,,,,,,,,,,,,,,,,,,,,,,,,,,,,,,,,,,,,,,,,,,0.25,1,COMPLETE
86,86,2.9141730528584593,2025-06-14 20:14:28.137448,2025-06-14 20:14:29.001165,0 days 00:00:00.863717,,,,,,,,480,0.001,1m,4.0,3.5,1.6,946,,,,,,,,,,,,,,,,,,,,,,,,,,,,,,,,,,,,,,,,,,,,,,,,,,,,,,,,,0.35000000000000003,1,COMPLETE
87,87,-3.58799090768922,2025-06-14 20:14:29.035714,2025-06-14 20:14:29.881186,0 days 00:00:00.845472,,,,,,,,390,0.001,1m,4.0,3.5,1.6,950,,,,,,,,,,,,,,,,,,,,,,,,,,,,,,,,,,,,,,,,,,,,,,,,,,,,,,,,,0.3,1,COMPLETE
88,88,-100.0,2025-06-14 20:14:29.918021,2025-06-14 20:14:30.686784,0 days 00:00:00.768763,,,,,,,,536,0.001,3m,3.5,4.0,1.5,1002,,,,,,,,,,,,,,,,,,,,,,,,,,,,,,,,,,,,,,,,,,,,,,,,,,,,,,,,,0.35000000000000003,1,COMPLETE
89,89,-12.084776212902481,2025-06-14 20:14:30.722595,2025-06-14 20:14:32.181144,0 days 00:00:01.458549,,,,,,,,678,0.002,4m,4.0,3.5,1.3,886,,,,,,,,,,,,,,,,,,,,,,,,,,,,,,,,,,,,,,,,,,,,,,,,,,176.0,0.002,4m,2.0,3.5,2.0,288.0,0.35000000000000003,2,COMPLETE
90,90,-2.883826082958007,2025-06-14 20:14:32.229482,2025-06-14 20:14:32.988123,0 days 00:00:00.758641,,,,,,,,738,0.001,1m,4.0,3.0,1.8,870,,,,,,,,,,,,,,,,,,,,,,,,,,,,,,,,,,,,,,,,,,,,,,,,,,,,,,,,,0.2,1,COMPLETE
91,91,3.0657819163275946,2025-06-14 20:14:33.018121,2025-06-14 20:14:33.854986,0 days 00:00:00.836865,,,,,,,,488,0.002,1m,4.0,3.5,1.7000000000000002,922,,,,,,,,,,,,,,,,,,,,,,,,,,,,,,,,,,,,,,,,,,,,,,,,,,,,,,,,,0.4,1,COMPLETE
92,92,2.825381266559202,2025-06-14 20:14:33.898755,2025-06-14 20:14:34.690065,0 days 00:00:00.791310,,,,,,,,478,0.001,1m,4.0,3.5,1.8,928,,,,,,,,,,,,,,,,,,,,,,,,,,,,,,,,,,,,,,,,,,,,,,,,,,,,,,,,,0.3,1,COMPLETE
93,93,0.08439925090008268,2025-06-14 20:14:34.752200,2025-06-14 20:14:35.562746,0 days 00:00:00.810546,,,,,,,,472,0.001,1m,4.0,3.5,0.8,944,,,,,,,,,,,,,,,,,,,,,,,,,,,,,,,,,,,,,,,,,,,,,,,,,,,,,,,,,0.3,1,COMPLETE
94,94,4.054536719465111,2025-06-14 20:14:35.610688,2025-06-14 20:14:36.417179,0 days 00:00:00.806491,,,,,,,,516,0.003,1m,4.0,3.5,1.6,906,,,,,,,,,,,,,,,,,,,,,,,,,,,,,,,,,,,,,,,,,,,,,,,,,,,,,,,,,0.25,1,COMPLETE
95,95,-44.104135358635084,2025-06-14 20:14:36.451061,2025-06-14 20:14:37.916443,0 days 00:00:01.465382,,,,,,,,430,0.003,1m,4.0,3.5,1.6,904,,,,,,,,,,,,,,,,,,,,,,,,,,,,,,,,,,,,,,,,,,,,,,,,,,356.0,0.004,2m,1.0,3.0,0.7,152.0,0.25,2,COMPLETE
96,96,-2.708052256924123,2025-06-14 20:14:37.944442,2025-06-14 20:14:38.713098,0 days 00:00:00.768656,,,,,,,,350,0.004,2m,4.0,3.5,1.6,980,,,,,,,,,,,,,,,,,,,,,,,,,,,,,,,,,,,,,,,,,,,,,,,,,,,,,,,,,0.25,1,COMPLETE
97,97,-3.531481765348839,2025-06-14 20:14:38.773012,2025-06-14 20:14:40.124850,0 days 00:00:01.351838,,,,,,,,516,0.003,1m,4.0,4.0,1.4,924,,,,,,,,,,,,,,,,,,,,,,,,,,,,,,,,,,,,,,,,,,,,,,,,,,732.0,0.003,2m,2.0,4.0,1.9000000000000001,622.0,0.3,2,COMPLETE
98,98,2.633864235294539,2025-06-14 20:14:40.152932,2025-06-14 20:14:40.881378,0 days 00:00:00.728446,,,,,,,,380,0.002,1m,4.0,3.5,1.5,856,,,,,,,,,,,,,,,,,,,,,,,,,,,,,,,,,,,,,,,,,,,,,,,,,,,,,,,,,0.25,1,COMPLETE
99,99,-10.150114492345509,2025-06-14 20:14:40.914966,2025-06-14 20:14:42.441115,0 days 00:00:01.526149,,,,,,,,318,0.003,1m,3.5,3.5,1.8,870,,,,,,,,,,,,,,,,,,,,,,,,,,,,,,,,,,,,,,,,,,,,,,,,,,244.0,0.001,4m,1.5,1.5,0.5,1020.0,0.2,2,COMPLETE
100,100,-3.5878114304750475,2025-06-14 20:14:42.475593,2025-06-14 20:14:43.327225,0 days 00:00:00.851632,,,,,,,,402,0.004,1m,4.0,3.5,0.9,1004,,,,,,,,,,,,,,,,,,,,,,,,,,,,,,,,,,,,,,,,,,,,,,,,,,,,,,,,,0.25,1,COMPLETE
101,101,-4.734953661348823,2025-06-14 20:14:43.357158,2025-06-14 20:14:44.126185,0 days 00:00:00.769027,,,,,,,,290,0.002,1m,4.0,3.5,1.5,862,,,,,,,,,,,,,,,,,,,,,,,,,,,,,,,,,,,,,,,,,,,,,,,,,,,,,,,,,0.2,1,COMPLETE
102,102,-3.5879909076892202,2025-06-14 20:14:44.163466,2025-06-14 20:14:44.910420,0 days 00:00:00.746954,,,,,,,,458,0.002,1m,4.0,3.5,1.4,956,,,,,,,,,,,,,,,,,,,,,,,,,,,,,,,,,,,,,,,,,,,,,,,,,,,,,,,,,0.3,1,COMPLETE
103,103,2.3089204790958564,2025-06-14 20:14:44.951883,2025-06-14 20:14:45.751676,0 days 00:00:00.799793,,,,,,,,368,0.001,1m,4.0,4.0,1.6,850,,,,,,,,,,,,,,,,,,,,,,,,,,,,,,,,,,,,,,,,,,,,,,,,,,,,,,,,,0.25,1,COMPLETE
104,104,-3.587811430475047,2025-06-14 20:14:45.788857,2025-06-14 20:14:46.560807,0 days 00:00:00.771950,,,,,,,,334,0.002,1m,4.0,4.0,1.6,896,,,,,,,,,,,,,,,,,,,,,,,,,,,,,,,,,,,,,,,,,,,,,,,,,,,,,,,,,0.25,1,COMPLETE
105,105,-7.993714987281303,2025-06-14 20:14:46.604695,2025-06-14 20:14:47.998474,0 days 00:00:01.393779,,,,,,,,246,0.003,1m,4.0,4.0,1.7000000000000002,850,,,,,,,,,,,,,,,,,,,,,,,,,,,,,,,,,,,,,,,,,,,,,,,,,,70.0,0.004,2m,3.0,2.0,0.6,400.0,0.25,2,COMPLETE
106,106,-0.6147369389320048,2025-06-14 20:14:48.043022,2025-06-14 20:14:48.885839,0 days 00:00:00.842817,,,,,,,,414,0.002,2m,4.0,3.5,1.7000000000000002,932,,,,,,,,,,,,,,,,,,,,,,,,,,,,,,,,,,,,,,,,,,,,,,,,,,,,,,,,,0.25,1,COMPLETE
107,107,-0.669340740433334,2025-06-14 20:14:48.927711,2025-06-14 20:14:50.336863,0 days 00:00:01.409152,,,,,,,,494,0.001,1m,3.5,4.0,1.8,842,,,,,,,,,,,,,,,,,,,,,,,,,,,,,,,,,,,,,,,,,,,,,,,,,,998.0,0.005,2m,2.5,2.5,1.7000000000000002,484.0,0.2,2,COMPLETE
108,108,1.111529336196399,2025-06-14 20:14:50.376719,2025-06-14 20:14:51.170615,0 days 00:00:00.793896,,,,,,,,480,0.01,1m,4.0,3.5,1.6,804,,,,,,,,,,,,,,,,,,,,,,,,,,,,,,,,,,,,,,,,,,,,,,,,,,,,,,,,,0.25,1,COMPLETE
109,109,-11.445336544909038,2025-06-14 20:14:51.217292,2025-06-14 20:14:52.613809,0 days 00:00:01.396517,,,,,,,,366,0.005,1m,3.5,4.0,1.7000000000000002,900,,,,,,,,,,,,,,,,,,,,,,,,,,,,,,,,,,,,,,,,,,,,,,,,,,448.0,0.002,4m,3.0,1.0,0.6,42.0,0.3,2,COMPLETE
110,110,-100.0,2025-06-14 20:14:52.688093,2025-06-14 20:14:53.526733,0 days 00:00:00.838640,,,,,,,,376,0.001,3m,4.0,3.5,0.8,990,,,,,,,,,,,,,,,,,,,,,,,,,,,,,,,,,,,,,,,,,,,,,,,,,,,,,,,,,0.3,1,COMPLETE
111,111,-3.5881703843420487,2025-06-14 20:14:53.580969,2025-06-14 20:14:54.426223,0 days 00:00:00.845254,,,,,,,,448,0.001,1m,4.0,3.0,1.5,922,,,,,,,,,,,,,,,,,,,,,,,,,,,,,,,,,,,,,,,,,,,,,,,,,,,,,,,,,0.35000000000000003,1,COMPLETE
112,112,3.203318340142175,2025-06-14 20:14:54.470194,2025-06-14 20:14:55.233881,0 days 00:00:00.763687,,,,,,,,524,0.001,1m,4.0,3.0,1.6,734,,,,,,,,,,,,,,,,,,,,,,,,,,,,,,,,,,,,,,,,,,,,,,,,,,,,,,,,,0.35000000000000003,1,COMPLETE
113,113,3.438891223473512,2025-06-14 20:14:55.260009,2025-06-14 20:14:56.085805,0 days 00:00:00.825796,,,,,,,,536,0.001,1m,4.0,3.5,1.6,778,,,,,,,,,,,,,,,,,,,,,,,,,,,,,,,,,,,,,,,,,,,,,,,,,,,,,,,,,0.25,1,COMPLETE
114,114,3.4803094529016234,2025-06-14 20:14:56.116140,2025-06-14 20:14:56.945329,0 days 00:00:00.829189,,,,,,,,538,0.001,1m,4.0,3.5,1.6,728,,,,,,,,,,,,,,,,,,,,,,,,,,,,,,,,,,,,,,,,,,,,,,,,,,,,,,,,,0.25,1,COMPLETE
115,115,2.2336120670438246,2025-06-14 20:14:56.983040,2025-06-14 20:14:57.829366,0 days 00:00:00.846326,,,,,,,,550,0.001,1m,4.0,3.5,1.6,738,,,,,,,,,,,,,,,,,,,,,,,,,,,,,,,,,,,,,,,,,,,,,,,,,,,,,,,,,0.25,1,COMPLETE
116,116,3.2092623737172916,2025-06-14 20:14:57.867239,2025-06-14 20:14:58.679391,0 days 00:00:00.812152,,,,,,,,536,0.001,1m,4.0,3.5,1.6,742,,,,,,,,,,,,,,,,,,,,,,,,,,,,,,,,,,,,,,,,,,,,,,,,,,,,,,,,,0.25,1,COMPLETE
117,117,3.7073158696434136,2025-06-14 20:14:58.719761,2025-06-14 20:14:59.562577,0 days 00:00:00.842816,,,,,,,,526,0.001,1m,4.0,3.5,1.6,772,,,,,,,,,,,,,,,,,,,,,,,,,,,,,,,,,,,,,,,,,,,,,,,,,,,,,,,,,0.2,1,COMPLETE
118,118,-100.0,2025-06-14 20:14:59.585954,2025-06-14 20:15:00.411286,0 days 00:00:00.825332,,,,,,,,522,0.002,4m,4.0,3.5,1.6,770,,,,,,,,,,,,,,,,,,,,,,,,,,,,,,,,,,,,,,,,,,,,,,,,,,,,,,,,,0.2,1,COMPLETE
119,119,0.015060664836209985,2025-06-14 20:15:00.436866,2025-06-14 20:15:01.235742,0 days 00:00:00.798876,,,,,,,,480,0.001,2m,4.0,3.5,1.5,716,,,,,,,,,,,,,,,,,,,,,,,,,,,,,,,,,,,,,,,,,,,,,,,,,,,,,,,,,0.2,1,COMPLETE
120,120,3.3655760311845713,2025-06-14 20:15:01.289446,2025-06-14 20:15:02.061849,0 days 00:00:00.772403,,,,,,,,536,0.001,1m,4.0,3.5,1.6,750,,,,,,,,,,,,,,,,,,,,,,,,,,,,,,,,,,,,,,,,,,,,,,,,,,,,,,,,,0.2,1,COMPLETE
121,121,2.703398882307232,2025-06-14 20:15:02.085545,2025-06-14 20:15:02.861398,0 days 00:00:00.775853,,,,,,,,536,0.001,1m,4.0,3.5,1.6,680,,,,,,,,,,,,,,,,,,,,,,,,,,,,,,,,,,,,,,,,,,,,,,,,,,,,,,,,,0.15000000000000002,1,COMPLETE
122,122,2.662142557623939,2025-06-14 20:15:02.901991,2025-06-14 20:15:03.717893,0 days 00:00:00.815902,,,,,,,,506,0.001,1m,4.0,3.5,1.5,676,,,,,,,,,,,,,,,,,,,,,,,,,,,,,,,,,,,,,,,,,,,,,,,,,,,,,,,,,0.15000000000000002,1,COMPLETE
123,123,-9.559377305314403,2025-06-14 20:15:03.776598,2025-06-14 20:15:04.602091,0 days 00:00:00.825493,,,,,,,,512,0.001,1m,1.0,3.5,1.6,672,,,,,,,,,,,,,,,,,,,,,,,,,,,,,,,,,,,,,,,,,,,,,,,,,,,,,,,,,0.15000000000000002,1,COMPLETE
124,124,1.875586604827688,2025-06-14 20:15:04.634373,2025-06-14 20:15:05.464125,0 days 00:00:00.829752,,,,,,,,590,0.001,1m,4.0,3.5,1.6,734,,,,,,,,,,,,,,,,,,,,,,,,,,,,,,,,,,,,,,,,,,,,,,,,,,,,,,,,,0.15000000000000002,1,COMPLETE
125,125,3.491561374921714,2025-06-14 20:15:05.504796,2025-06-14 20:15:06.305066,0 days 00:00:00.800270,,,,,,,,540,0.001,1m,4.0,3.5,1.6,760,,,,,,,,,,,,,,,,,,,,,,,,,,,,,,,,,,,,,,,,,,,,,,,,,,,,,,,,,0.15000000000000002,1,COMPLETE
126,126,2.4648149027943207,2025-06-14 20:15:06.353528,2025-06-14 20:15:07.143089,0 days 00:00:00.789561,,,,,,,,550,0.001,1m,4.0,3.5,1.7000000000000002,754,,,,,,,,,,,,,,,,,,,,,,,,,,,,,,,,,,,,,,,,,,,,,,,,,,,,,,,,,0.1,1,COMPLETE
127,127,-3.3942467462397543,2025-06-14 20:15:07.179675,2025-06-14 20:15:07.941737,0 days 00:00:00.762062,,,,,,,,460,0.001,1m,2.0,3.5,1.6,776,,,,,,,,,,,,,,,,,,,,,,,,,,,,,,,,,,,,,,,,,,,,,,,,,,,,,,,,,0.15000000000000002,1,COMPLETE
128,128,-24.284536722861667,2025-06-14 20:15:07.977046,2025-06-14 20:15:09.429667,0 days 00:00:01.452621,,,,,,,,532,0.001,1m,4.0,3.0,1.7000000000000002,652,,,,,,,,,,,,,,,,,,,,,,,,,,,,,,,,,,,,,,,,,,,,,,,,,,120.0,0.01,4m,1.0,3.5,0.7,252.0,0.15000000000000002,2,COMPLETE
129,129,3.208121231024142,2025-06-14 20:15:09.472720,2025-06-14 20:15:10.255752,0 days 00:00:00.783032,,,,,,,,490,0.001,1m,4.0,3.5,1.6,708,,,,,,,,,,,,,,,,,,,,,,,,,,,,,,,,,,,,,,,,,,,,,,,,,,,,,,,,,0.15000000000000002,1,COMPLETE
130,130,3.2051644651911704,2025-06-14 20:15:10.317222,2025-06-14 20:15:11.110002,0 days 00:00:00.792780,,,,,,,,490,0.002,1m,4.0,3.5,1.5,716,,,,,,,,,,,,,,,,,,,,,,,,,,,,,,,,,,,,,,,,,,,,,,,,,,,,,,,,,0.2,1,COMPLETE
131,131,1.3005658011819023,2025-06-14 20:15:11.137900,2025-06-14 20:15:11.867011,0 days 00:00:00.729111,,,,,,,,482,0.002,1m,4.0,3.5,1.5,718,,,,,,,,,,,,,,,,,,,,,,,,,,,,,,,,,,,,,,,,,,,,,,,,,,,,,,,,,0.2,1,COMPLETE
132,132,3.2172102341076783,2025-06-14 20:15:11.902151,2025-06-14 20:15:12.729446,0 days 00:00:00.827295,,,,,,,,494,0.001,1m,4.0,3.5,1.6,708,,,,,,,,,,,,,,,,,,,,,,,,,,,,,,,,,,,,,,,,,,,,,,,,,,,,,,,,,0.1,1,COMPLETE
133,133,1.3902173785123082,2025-06-14 20:15:12.770077,2025-06-14 20:15:13.578596,0 days 00:00:00.808519,,,,,,,,582,0.001,1m,4.0,3.5,1.6,712,,,,,,,,,,,,,,,,,,,,,,,,,,,,,,,,,,,,,,,,,,,,,,,,,,,,,,,,,0.2,1,COMPLETE
134,134,1.927015260195342,2025-06-14 20:15:13.621433,2025-06-14 20:15:14.457317,0 days 00:00:00.835884,,,,,,,,442,0.001,1m,4.0,3.5,1.6,750,,,,,,,,,,,,,,,,,,,,,,,,,,,,,,,,,,,,,,,,,,,,,,,,,,,,,,,,,0.1,1,COMPLETE
135,135,2.3674116830836645,2025-06-14 20:15:14.504866,2025-06-14 20:15:15.260531,0 days 00:00:00.755665,,,,,,,,556,0.001,1m,4.0,3.5,1.5,794,,,,,,,,,,,,,,,,,,,,,,,,,,,,,,,,,,,,,,,,,,,,,,,,,,,,,,,,,0.1,1,COMPLETE
136,136,2.662120966182587,2025-06-14 20:15:15.291813,2025-06-14 20:15:16.078864,0 days 00:00:00.787051,,,,,,,,514,0.001,1m,4.0,3.5,1.5,698,,,,,,,,,,,,,,,,,,,,,,,,,,,,,,,,,,,,,,,,,,,,,,,,,,,,,,,,,0.15000000000000002,1,COMPLETE
137,137,3.072924590977403,2025-06-14 20:15:16.129280,2025-06-14 20:15:16.888828,0 days 00:00:00.759548,,,,,,,,464,0.001,1m,4.0,3.5,1.6,768,,,,,,,,,,,,,,,,,,,,,,,,,,,,,,,,,,,,,,,,,,,,,,,,,,,,,,,,,0.2,1,COMPLETE
138,138,-14.273270777248378,2025-06-14 20:15:16.934906,2025-06-14 20:15:18.334693,0 days 00:00:01.399787,,,,,,,,494,0.002,1m,4.0,3.0,1.6,624,,,,,,,,,,,,,,,,,,,,,,,,,,,,,,,,,,,,,,,,,,,,,,,,,,24.0,0.001,4m,1.5,4.0,0.8,88.0,0.2,2,COMPLETE
139,139,2.02316470512496,2025-06-14 20:15:18.372392,2025-06-14 20:15:19.174424,0 days 00:00:00.802032,,,,,,,,600,0.001,1m,4.0,3.5,1.4,770,,,,,,,,,,,,,,,,,,,,,,,,,,,,,,,,,,,,,,,,,,,,,,,,,,,,,,,,,0.2,1,COMPLETE
140,140,-9.56910373963083,2025-06-14 20:15:19.226059,2025-06-14 20:15:20.603937,0 days 00:00:01.377878,,,,,,,,458,0.002,1m,1.5,3.5,1.7000000000000002,736,,,,,,,,,,,,,,,,,,,,,,,,,,,,,,,,,,,,,,,,,,,,,,,,,,100.0,0.002,4m,1.0,3.5,1.8,142.0,0.2,2,COMPLETE
141,141,0.9603082027064255,2025-06-14 20:15:20.656666,2025-06-14 20:15:21.445518,0 days 00:00:00.788852,,,,,,,,476,0.001,1m,4.0,3.5,1.6,756,,,,,,,,,,,,,,,,,,,,,,,,,,,,,,,,,,,,,,,,,,,,,,,,,,,,,,,,,0.05,1,COMPLETE
142,142,3.2124440692121197,2025-06-14 20:15:21.479374,2025-06-14 20:15:22.275393,0 days 00:00:00.796019,,,,,,,,528,0.001,1m,4.0,3.5,1.6,730,,,,,,,,,,,,,,,,,,,,,,,,,,,,,,,,,,,,,,,,,,,,,,,,,,,,,,,,,0.25,1,COMPLETE
143,143,3.6756642267735447,2025-06-14 20:15:22.313563,2025-06-14 20:15:23.110557,0 days 00:00:00.796994,,,,,,,,532,0.001,1m,4.0,3.5,1.6,788,,,,,,,,,,,,,,,,,,,,,,,,,,,,,,,,,,,,,,,,,,,,,,,,,,,,,,,,,0.25,1,COMPLETE
144,144,2.2199758526841773,2025-06-14 20:15:23.166426,2025-06-14 20:15:23.948109,0 days 00:00:00.781683,,,,,,,,564,0.001,1m,4.0,3.5,1.5,790,,,,,,,,,,,,,,,,,,,,,,,,,,,,,,,,,,,,,,,,,,,,,,,,,,,,,,,,,0.25,1,COMPLETE
145,145,3.2124685097864782,2025-06-14 20:15:23.978199,2025-06-14 20:15:24.727041,0 days 00:00:00.748842,,,,,,,,534,0.001,1m,4.0,3.5,1.6,732,,,,,,,,,,,,,,,,,,,,,,,,,,,,,,,,,,,,,,,,,,,,,,,,,,,,,,,,,0.25,1,COMPLETE
146,146,3.2125033498762368,2025-06-14 20:15:24.773137,2025-06-14 20:15:25.594978,0 days 00:00:00.821841,,,,,,,,536,0.001,1m,4.0,3.5,1.6,734,,,,,,,,,,,,,,,,,,,,,,,,,,,,,,,,,,,,,,,,,,,,,,,,,,,,,,,,,0.25,1,COMPLETE
147,147,2.6578741346651027,2025-06-14 20:15:25.618888,2025-06-14 20:15:26.355379,0 days 00:00:00.736491,,,,,,,,536,0.001,1m,4.0,3.5,1.6,720,,,,,,,,,,,,,,,,,,,,,,,,,,,,,,,,,,,,,,,,,,,,,,,,,,,,,,,,,0.25,1,COMPLETE
148,148,0.6682685707556227,2025-06-14 20:15:26.433284,2025-06-14 20:15:27.272567,0 days 00:00:00.839283,,,,,,,,576,0.001,1m,4.0,3.5,1.5,648,,,,,,,,,,,,,,,,,,,,,,,,,,,,,,,,,,,,,,,,,,,,,,,,,,,,,,,,,0.25,1,COMPLETE
