,number,value,datetime_start,datetime_complete,duration,params_AAPL_VRSK_beta_win,params_AAPL_VRSK_stop_loss,params_AAPL_VRSK_trade_freq,params_AAPL_VRSK_z_entry,params_AAPL_VRSK_z_exit,params_AAPL_VRSK_z_stop_scaler,params_AAPL_VRSK_z_win,params_ADI_BKNG_beta_win,params_ADI_BKNG_stop_loss,params_ADI_BKNG_trade_freq,params_ADI_BKNG_z_entry,params_ADI_BKNG_z_exit,params_ADI_BKNG_z_stop_scaler,params_ADI_BKNG_z_win,params_AVGO_COST_beta_win,params_AVGO_COST_stop_loss,params_AVGO_COST_trade_freq,params_AVGO_COST_z_entry,params_AVGO_COST_z_exit,params_AVGO_COST_z_stop_scaler,params_AVGO_COST_z_win,params_CDW_PCAR_beta_win,params_CDW_PCAR_stop_loss,params_CDW_PCAR_trade_freq,params_CDW_PCAR_z_entry,params_CDW_PCAR_z_exit,params_CDW_PCAR_z_stop_scaler,params_CDW_PCAR_z_win,params_COST_KLAC_beta_win,params_COST_KLAC_stop_loss,params_COST_KLAC_trade_freq,params_COST_KLAC_z_entry,params_COST_KLAC_z_exit,params_COST_KLAC_z_stop_scaler,params_COST_KLAC_z_win,params_DDOG_INTU_beta_win,params_DDOG_INTU_stop_loss,params_DDOG_INTU_trade_freq,params_DDOG_INTU_z_entry,params_DDOG_INTU_z_exit,params_DDOG_INTU_z_stop_scaler,params_DDOG_INTU_z_win,params_DDOG_ROP_beta_win,params_DDOG_ROP_stop_loss,params_DDOG_ROP_trade_freq,params_DDOG_ROP_z_entry,params_DDOG_ROP_z_exit,params_DDOG_ROP_z_stop_scaler,params_DDOG_ROP_z_win,params_KLAC_NFLX_beta_win,params_KLAC_NFLX_stop_loss,params_KLAC_NFLX_trade_freq,params_KLAC_NFLX_z_entry,params_KLAC_NFLX_z_exit,params_KLAC_NFLX_z_stop_scaler,params_KLAC_NFLX_z_win,params_MAR_MRVL_beta_win,params_MAR_MRVL_stop_loss,params_MAR_MRVL_trade_freq,params_MAR_MRVL_z_entry,params_MAR_MRVL_z_exit,params_MAR_MRVL_z_stop_scaler,params_MAR_MRVL_z_win,params_ROP_ROST_beta_win,params_ROP_ROST_stop_loss,params_ROP_ROST_trade_freq,params_ROP_ROST_z_entry,params_ROP_ROST_z_exit,params_ROP_ROST_z_stop_scaler,params_ROP_ROST_z_win,params_buffer_capital,params_pairs_to_trade,state
132,132,2.2355707138474528,2025-06-14 20:05:42.310372,2025-06-14 20:05:44.207136,0 days 00:00:01.896764,,,,,,,,,,,,,,,,,,,,,,,,,,,,,,,,,,,,,,,,,,,,,,,,,,,,,,,,,676.0,0.006,3m,3.0,3.5,0.6,440.0,142,0.01,4m,3.0,3.0,1.3,904,0.45,2,COMPLETE
133,133,0.06955767132218743,2025-06-14 20:05:44.279758,2025-06-14 20:05:46.159125,0 days 00:00:01.879367,,,,,,,,,,,,,,,,,,,,,,,,,,,,,,,,,,,,,,,,,,,,,,,,,,,,,,,,,848.0,0.005,3m,3.5,3.5,0.5,472.0,84,0.01,4m,2.5,2.5,1.2000000000000002,868,0.45,2,COMPLETE
134,134,4.244790246353945,2025-06-14 20:05:46.268846,2025-06-14 20:05:48.084918,0 days 00:00:01.816072,,,,,,,,,,,,,,,,,,,,,,,,,,,,,,,,,,,,,,,,,,,,,,,,,,,,,,,,,810.0,0.006,3m,3.0,3.5,0.6,334.0,132,0.01,4m,3.0,2.5,1.3,930,0.45,2,COMPLETE
135,135,0.5969075698874329,2025-06-14 20:05:48.159632,2025-06-14 20:05:50.181051,0 days 00:00:02.021419,,,,,,,,,,,,,,,,,,,,,,,,,,,,,,,,,,,,,,,,,,,,,,,,,,,,,,,,,738.0,0.006,3m,3.0,3.5,0.5,334.0,174,0.01,4m,4.0,2.5,1.3,932,0.45,2,COMPLETE
136,136,-100.0,2025-06-14 20:05:50.253137,2025-06-14 20:05:51.204081,0 days 00:00:00.950944,,,,,,,,,,,,,,,,,,,,,,,,,,,,,,,,,,,,,,,,,,,,,,,,,,,,,,,,,,,,,,,,218,0.01,4m,3.0,3.0,1.3,1008,0.4,1,COMPLETE
137,137,3.1285700473058053,2025-06-14 20:05:51.255045,2025-06-14 20:05:53.327877,0 days 00:00:02.072832,,,,,,,,,,,,,,,,,,,,,,,,,,,,,,,,,,,,,,,,,,,,,,,,,,,,,,,,,902.0,0.006,2m,3.0,3.0,0.6,304.0,124,0.009000000000000001,2m,3.5,2.5,1.3,956,0.45,2,COMPLETE
138,138,1.7852252667068926,2025-06-14 20:05:53.389231,2025-06-14 20:05:56.114329,0 days 00:00:02.725098,242.0,0.01,1m,4.0,3.0,0.5,408.0,,,,,,,,,,,,,,,,,,,,,,,,,,,,,,,,,,,,,,,,,,,,,,,,,,796.0,0.005,3m,3.0,3.5,0.7,276.0,192,0.01,4m,2.5,2.5,1.3,812,0.45,3,COMPLETE
139,139,-4.54271176161123,2025-06-14 20:05:56.173073,2025-06-14 20:05:57.957124,0 days 00:00:01.784051,,,,,,,,,,,,,,,,,,,,,,,,,,,,,,,,,,,,,,,,,,,,,,,,,,,,,,,,,844.0,0.007,3m,3.5,3.5,0.5,342.0,674,0.002,4m,3.0,2.5,1.2000000000000002,918,0.45,2,COMPLETE
140,140,-100.0,2025-06-14 20:05:58.016275,2025-06-14 20:05:59.122314,0 days 00:00:01.106039,,,,,,,,,,,,,,,,,,,,,,,,,,,,,,,,,,,,,,,,,,,,,,,,,,,,,,,,,,,,,,,,148,0.009000000000000001,4m,3.5,1.0,1.3,858,0.4,1,COMPLETE
141,141,5.603679248577826,2025-06-14 20:05:59.180676,2025-06-14 20:06:01.068782,0 days 00:00:01.888106,,,,,,,,,,,,,,,,,,,,,,,,,,,,,,,,,,,,,,,,,,,,,,,,,,,,,,,,,818.0,0.006,3m,3.0,3.5,0.6,360.0,104,0.01,4m,3.0,2.5,1.2000000000000002,900,0.45,2,COMPLETE
142,142,-4.870646054635699,2025-06-14 20:06:01.136010,2025-06-14 20:06:03.181643,0 days 00:00:02.045633,,,,,,,,,,,,,,,,,,,,,,,,,,,,,,,,,,,,,,,,,,,,,,,,,,,,,,,,,866.0,0.006,3m,3.0,3.5,0.6,374.0,108,0.01,4m,3.0,2.5,1.2000000000000002,984,0.45,2,COMPLETE
143,143,-2.729367048181552,2025-06-14 20:06:03.236497,2025-06-14 20:06:04.935623,0 days 00:00:01.699126,,,,,,,,,,,,,,,,,,,,,,,,,,,,,,,,,,,,,,,,,,,,,,,,,,,,,,,,,774.0,0.006,3m,3.0,3.5,0.6,412.0,136,0.01,4m,3.0,2.5,1.2000000000000002,942,0.45,2,COMPLETE
144,144,3.4016581093715033,2025-06-14 20:06:05.002652,2025-06-14 20:06:06.951827,0 days 00:00:01.949175,,,,,,,,,,,,,,,,,,,,,,,,,,,,,,,,,,,,,,,,,,,,,,,,,,,,,,,,,828.0,0.006,3m,3.0,3.5,0.5,356.0,166,0.01,4m,3.0,2.5,1.1,904,0.5,2,COMPLETE
145,145,3.3504107358608097,2025-06-14 20:06:07.010918,2025-06-14 20:06:09.178472,0 days 00:00:02.167554,,,,,,,,,,,,,,,,,,,,,,,,,,,,,,,,,,,,,,,,,,,,,,,,,,,,,,,,,806.0,0.004,3m,3.0,3.5,0.6,432.0,102,0.01,4m,3.0,2.5,1.4,876,0.45,2,COMPLETE
146,146,3.9130031171866912,2025-06-14 20:06:09.240408,2025-06-14 20:06:11.280891,0 days 00:00:02.040483,,,,,,,,,,,,,,,,,,,,,,,,,,,,,,,,,,,,,,,,,,,,,,,,,,,,,,,,,850.0,0.007,3m,2.5,3.5,0.7,450.0,66,0.01,4m,3.0,2.0,1.2000000000000002,856,0.45,2,COMPLETE
147,147,0.6261716190159794,2025-06-14 20:06:11.365649,2025-06-14 20:06:14.085871,0 days 00:00:02.720222,206.0,0.006,2m,3.5,3.0,0.8,1008.0,,,,,,,,,,,,,,,,,,,,,,,,,,,,,,,,,,,,,,,,,,,,,,,,,,894.0,0.006,3m,3.0,3.5,0.7,484.0,126,0.009000000000000001,3m,2.5,2.5,0.8,968,0.5,3,COMPLETE
148,148,0.4014102341619125,2025-06-14 20:06:14.140691,2025-06-14 20:06:15.961497,0 days 00:00:01.820806,,,,,,,,,,,,,,,,,,,,,,,,,,,,,,,,,,,,,,,,,,,,,,,,,,,,,,,,,826.0,0.005,1m,3.0,3.5,0.5,510.0,40,0.01,4m,3.0,2.0,1.0,826,0.45,2,COMPLETE
149,149,3.4080503034312764,2025-06-14 20:06:16.066874,2025-06-14 20:06:18.112107,0 days 00:00:02.045233,,,,,,,,,,,,,,,,,,,,,,,,,,,,,,,,,,,,,,,,,,,,,,,,,,,,,,,,,768.0,0.007,3m,3.5,3.5,0.6,318.0,196,0.01,1m,3.0,3.0,0.7,926,0.4,2,COMPLETE
