,number,value,datetime_start,datetime_complete,duration,params_AAPL_BIDU_beta_win,params_AAPL_BIDU_stop_loss,params_AAPL_BIDU_trade_freq,params_AAPL_BIDU_z_entry,params_AAPL_BIDU_z_exit,params_AAPL_BIDU_z_stop_scaler,params_AAPL_BIDU_z_win,params_ALGN_KDP_beta_win,params_ALGN_KDP_stop_loss,params_ALGN_KDP_trade_freq,params_ALGN_KDP_z_entry,params_ALGN_KDP_z_exit,params_ALGN_KDP_z_stop_scaler,params_ALGN_KDP_z_win,params_AMD_ATVI_beta_win,params_AMD_ATVI_stop_loss,params_AMD_ATVI_trade_freq,params_AMD_ATVI_z_entry,params_AMD_ATVI_z_exit,params_AMD_ATVI_z_stop_scaler,params_AMD_ATVI_z_win,params_CMCSA_MAR_beta_win,params_CMCSA_MAR_stop_loss,params_CMCSA_MAR_trade_freq,params_CMCSA_MAR_z_entry,params_CMCSA_MAR_z_exit,params_CMCSA_MAR_z_stop_scaler,params_CMCSA_MAR_z_win,params_EBAY_TXN_beta_win,params_EBAY_TXN_stop_loss,params_EBAY_TXN_trade_freq,params_EBAY_TXN_z_entry,params_EBAY_TXN_z_exit,params_EBAY_TXN_z_stop_scaler,params_EBAY_TXN_z_win,params_FISV_INTC_beta_win,params_FISV_INTC_stop_loss,params_FISV_INTC_trade_freq,params_FISV_INTC_z_entry,params_FISV_INTC_z_exit,params_FISV_INTC_z_stop_scaler,params_FISV_INTC_z_win,params_KDP_TXN_beta_win,params_KDP_TXN_stop_loss,params_KDP_TXN_trade_freq,params_KDP_TXN_z_entry,params_KDP_TXN_z_exit,params_KDP_TXN_z_stop_scaler,params_KDP_TXN_z_win,params_NFLX_TXN_beta_win,params_NFLX_TXN_stop_loss,params_NFLX_TXN_trade_freq,params_NFLX_TXN_z_entry,params_NFLX_TXN_z_exit,params_NFLX_TXN_z_stop_scaler,params_NFLX_TXN_z_win,params_SBUX_KDP_beta_win,params_SBUX_KDP_stop_loss,params_SBUX_KDP_trade_freq,params_SBUX_KDP_z_entry,params_SBUX_KDP_z_exit,params_SBUX_KDP_z_stop_scaler,params_SBUX_KDP_z_win,params_ZS_ADI_beta_win,params_ZS_ADI_stop_loss,params_ZS_ADI_trade_freq,params_ZS_ADI_z_entry,params_ZS_ADI_z_exit,params_ZS_ADI_z_stop_scaler,params_ZS_ADI_z_win,params_buffer_capital,params_pairs_to_trade,state
135,135,6.98915684256877,2025-06-14 19:12:54.494401,2025-06-14 19:12:56.510781,0 days 00:00:02.016380,,,,,,,,,,,,,,,,,,,,,,868.0,0.008,1m,3.5,1.5,1.6,658.0,,,,,,,,,,,,,,,454,0.008,4m,4.0,3.5,2.0,454,,,,,,,,,,,,,,,,,,,,,,0.15000000000000002,2,COMPLETE
136,136,1.6957628629953543,2025-06-14 19:12:56.614358,2025-06-14 19:12:59.381711,0 days 00:00:02.767353,,,,,,,,,,,,,,,,,,,,,,870.0,0.008,1m,3.5,1.0,1.8,556.0,,,,,,,,,,,,,,,450,0.008,4m,4.0,3.5,2.0,450,178.0,0.003,1m,2.0,3.5,1.1,734.0,,,,,,,,,,,,,,,0.15000000000000002,3,COMPLETE
137,137,3.3900738527572245,2025-06-14 19:12:59.484244,2025-06-14 19:13:01.370133,0 days 00:00:01.885889,,,,,,,,,,,,,,,,,,,,,,920.0,0.007,1m,3.5,1.0,1.6,524.0,,,,,,,,,,,,,,,514,0.008,4m,4.0,3.5,1.9000000000000001,538,,,,,,,,,,,,,,,,,,,,,,0.15000000000000002,2,COMPLETE
138,138,1.1009787719906048,2025-06-14 19:13:01.447348,2025-06-14 19:13:04.373732,0 days 00:00:02.926384,,,,,,,,,,,,,,,,,,,,,,856.0,0.008,1m,3.5,1.5,1.7000000000000002,666.0,,,,,,,,,,,,,,,544,0.008,4m,4.0,3.5,2.0,392,664.0,0.001,1m,4.0,4.0,0.9,462.0,,,,,,,,,,,,,,,0.05,3,COMPLETE
139,139,3.216211440348862,2025-06-14 19:13:04.442366,2025-06-14 19:13:05.480332,0 days 00:00:01.037966,,,,,,,,,,,,,,,,,,,,,,,,,,,,,,,,,,,,,,,,,,,462,0.008,4m,4.0,3.0,1.7000000000000002,474,,,,,,,,,,,,,,,,,,,,,,0.15000000000000002,1,COMPLETE
140,140,1.9716077283160665,2025-06-14 19:13:05.556164,2025-06-14 19:13:07.448379,0 days 00:00:01.892215,,,,,,,,,,,,,,,,,,,,,,830.0,0.009000000000000001,1m,3.5,1.5,1.6,506.0,,,,,,,,,,,,,,,484,0.007,4m,3.5,3.5,2.0,626,,,,,,,,,,,,,,,,,,,,,,0.1,2,COMPLETE
141,141,5.948711037856754,2025-06-14 19:13:07.499956,2025-06-14 19:13:09.422119,0 days 00:00:01.922163,,,,,,,,,,,,,,,,,,,,,,1006.0,0.008,1m,3.5,1.5,1.5,638.0,,,,,,,,,,,,,,,420,0.007,4m,4.0,3.5,1.8,664,,,,,,,,,,,,,,,,,,,,,,0.1,2,COMPLETE
142,142,7.303751345321263,2025-06-14 19:13:09.487424,2025-06-14 19:13:11.353199,0 days 00:00:01.865775,,,,,,,,,,,,,,,,,,,,,,900.0,0.008,1m,3.5,1.5,1.7000000000000002,578.0,,,,,,,,,,,,,,,444,0.007,4m,4.0,3.5,1.7000000000000002,580,,,,,,,,,,,,,,,,,,,,,,0.1,2,COMPLETE
143,143,7.58014524508939,2025-06-14 19:13:11.403428,2025-06-14 19:13:13.454957,0 days 00:00:02.051529,,,,,,,,,,,,,,,,,,,,,,896.0,0.007,1m,3.5,1.0,1.7000000000000002,576.0,,,,,,,,,,,,,,,442,0.006,4m,4.0,3.5,1.7000000000000002,576,,,,,,,,,,,,,,,,,,,,,,0.05,2,COMPLETE
144,144,7.1273755017468,2025-06-14 19:13:13.559571,2025-06-14 19:13:15.411186,0 days 00:00:01.851615,,,,,,,,,,,,,,,,,,,,,,892.0,0.007,1m,3.5,1.5,1.7000000000000002,588.0,,,,,,,,,,,,,,,450,0.006,4m,4.0,3.5,1.7000000000000002,544,,,,,,,,,,,,,,,,,,,,,,0.05,2,COMPLETE
145,145,3.701748066116854,2025-06-14 19:13:15.464503,2025-06-14 19:13:17.386790,0 days 00:00:01.922287,,,,,,,,,,,,,,,,,,,,,,886.0,0.007,1m,3.5,1.5,1.7000000000000002,580.0,,,,,,,,,,,,,,,502,0.006,4m,4.0,3.5,1.7000000000000002,548,,,,,,,,,,,,,,,,,,,,,,0.05,2,COMPLETE
146,146,4.763246367356139,2025-06-14 19:13:17.463974,2025-06-14 19:13:19.457528,0 days 00:00:01.993554,,,,,,,,,,,,,,,,,,,,,,912.0,0.007,1m,3.5,1.5,1.8,612.0,,,,,,,,,,,,,,,450,0.005,3m,4.0,3.5,1.7000000000000002,580,,,,,,,,,,,,,,,,,,,,,,0.05,2,COMPLETE
147,147,6.5952099814827925,2025-06-14 19:13:19.522407,2025-06-14 19:13:22.285076,0 days 00:00:02.762669,,,,,,,,,,,,,,,,,,,,,,862.0,0.006,1m,3.5,1.5,1.7000000000000002,566.0,,,,,,,,,,,,,,,474,0.006,4m,4.0,4.0,1.6,460,598.0,0.005,3m,3.5,3.5,1.2000000000000002,838.0,,,,,,,,,,,,,,,0.05,3,COMPLETE
148,148,5.6793622751330695,2025-06-14 19:13:22.343422,2025-06-14 19:13:24.237777,0 days 00:00:01.894355,,,,,,,,,,,,,,,,,,,,,,932.0,0.007,1m,3.5,1.0,1.8,540.0,,,,,,,,,,,,,,,440,0.006,4m,4.0,3.5,1.6,502,,,,,,,,,,,,,,,,,,,,,,0.05,2,COMPLETE
149,149,3.864004185600793,2025-06-14 19:13:24.305603,2025-06-14 19:13:26.240180,0 days 00:00:01.934577,,,,,,,,,,,,,,,,,,,,,,828.0,0.008,1m,3.5,1.5,1.7000000000000002,588.0,,,,,,,,,,,,,,,370,0.006,4m,4.0,3.5,1.7000000000000002,518,,,,,,,,,,,,,,,,,,,,,,0.05,2,COMPLETE
