,number,value,datetime_start,datetime_complete,duration,params_AEP_AMGN_beta_win,params_AEP_AMGN_stop_loss,params_AEP_AMGN_trade_freq,params_AEP_AMGN_z_entry,params_AEP_AMGN_z_exit,params_AEP_AMGN_z_stop_scaler,params_AEP_AMGN_z_win,params_AMD_NTES_beta_win,params_AMD_NTES_stop_loss,params_AMD_NTES_trade_freq,params_AMD_NTES_z_entry,params_AMD_NTES_z_exit,params_AMD_NTES_z_stop_scaler,params_AMD_NTES_z_win,params_AMGN_JD_beta_win,params_AMGN_JD_stop_loss,params_AMGN_JD_trade_freq,params_AMGN_JD_z_entry,params_AMGN_JD_z_exit,params_AMGN_JD_z_stop_scaler,params_AMGN_JD_z_win,params_AMZN_GOOGL_beta_win,params_AMZN_GOOGL_stop_loss,params_AMZN_GOOGL_trade_freq,params_AMZN_GOOGL_z_entry,params_AMZN_GOOGL_z_exit,params_AMZN_GOOGL_z_stop_scaler,params_AMZN_GOOGL_z_win,params_AMZN_GOOG_beta_win,params_AMZN_GOOG_stop_loss,params_AMZN_GOOG_trade_freq,params_AMZN_GOOG_z_entry,params_AMZN_GOOG_z_exit,params_AMZN_GOOG_z_stop_scaler,params_AMZN_GOOG_z_win,params_ATVI_NTES_beta_win,params_ATVI_NTES_stop_loss,params_ATVI_NTES_trade_freq,params_ATVI_NTES_z_entry,params_ATVI_NTES_z_exit,params_ATVI_NTES_z_stop_scaler,params_ATVI_NTES_z_win,params_GOOGL_WDAY_beta_win,params_GOOGL_WDAY_stop_loss,params_GOOGL_WDAY_trade_freq,params_GOOGL_WDAY_z_entry,params_GOOGL_WDAY_z_exit,params_GOOGL_WDAY_z_stop_scaler,params_GOOGL_WDAY_z_win,params_GOOG_GOOGL_beta_win,params_GOOG_GOOGL_stop_loss,params_GOOG_GOOGL_trade_freq,params_GOOG_GOOGL_z_entry,params_GOOG_GOOGL_z_exit,params_GOOG_GOOGL_z_stop_scaler,params_GOOG_GOOGL_z_win,params_LRCX_NXPI_beta_win,params_LRCX_NXPI_stop_loss,params_LRCX_NXPI_trade_freq,params_LRCX_NXPI_z_entry,params_LRCX_NXPI_z_exit,params_LRCX_NXPI_z_stop_scaler,params_LRCX_NXPI_z_win,params_ORLY_SIRI_beta_win,params_ORLY_SIRI_stop_loss,params_ORLY_SIRI_trade_freq,params_ORLY_SIRI_z_entry,params_ORLY_SIRI_z_exit,params_ORLY_SIRI_z_stop_scaler,params_ORLY_SIRI_z_win,params_buffer_capital,params_pairs_to_trade,state
142,142,1.3846430243639392,2025-06-14 19:28:07.685105,2025-06-14 19:28:16.680819,0 days 00:00:08.995714,238.0,0.009000000000000001,2m,2.0,3.0,1.9000000000000001,760.0,564.0,0.006,2m,1.5,3.0,1.4,30.0,106.0,0.005,2m,2.0,3.5,0.9,920.0,668.0,0.006,1m,2.5,2.0,2.0,810.0,382.0,0.002,4m,4.0,4.0,1.9000000000000001,978.0,554.0,0.002,2m,2.0,2.0,1.6,46.0,,,,,,,,332,0.002,3m,2.5,2.5,1.4,904,506.0,0.009000000000000001,1m,3.0,2.5,1.7000000000000002,962.0,212.0,0.009000000000000001,3m,2.5,2.0,0.5,294.0,0.2,9,COMPLETE
143,143,-0.12834640774263772,2025-06-14 19:28:16.809054,2025-06-14 19:28:35.139517,0 days 00:00:18.330463,308.0,0.009000000000000001,2m,1.5,3.0,1.8,824.0,610.0,0.006,2m,2.0,3.0,1.5,206.0,58.0,0.004,2m,2.0,3.5,0.9,1024.0,678.0,0.01,3m,2.5,2.5,1.9000000000000001,726.0,,,,,,,,506.0,0.002,2m,2.0,2.0,1.3,154.0,,,,,,,,210,0.002,3m,2.5,2.5,1.6,864,428.0,0.01,4m,3.0,3.0,1.5,918.0,200.0,0.008,4m,2.0,2.5,0.6,94.0,0.15000000000000002,8,COMPLETE
144,144,-3.602740691227487,2025-06-14 19:28:35.275130,2025-06-14 19:28:44.453969,0 days 00:00:09.178839,278.0,0.01,2m,2.0,3.0,2.0,778.0,680.0,0.007,3m,1.5,3.0,1.4,78.0,18.0,0.005,2m,2.0,3.5,1.1,962.0,764.0,0.008,1m,2.5,2.0,2.0,838.0,434.0,0.001,4m,3.5,3.5,1.6,926.0,532.0,0.001,2m,2.0,2.0,1.7000000000000002,124.0,,,,,,,,288,0.002,3m,2.5,2.5,1.5,788,66.0,0.01,1m,2.5,2.5,1.8,294.0,94.0,0.009000000000000001,3m,2.5,2.0,0.6,206.0,0.25,9,COMPLETE
145,145,-0.5891454685448444,2025-06-14 19:28:44.542684,2025-06-14 19:28:53.201175,0 days 00:00:08.658491,198.0,0.008,2m,1.0,3.0,1.8,814.0,726.0,0.006,2m,1.5,3.0,1.5,120.0,88.0,0.005,2m,2.0,3.0,0.8,936.0,874.0,0.005,1m,3.0,2.0,1.9000000000000001,750.0,554.0,0.003,3m,4.0,3.5,2.0,854.0,482.0,0.002,2m,2.0,2.0,1.7000000000000002,72.0,958.0,0.003,4m,1.5,3.5,1.2000000000000002,864.0,140,0.002,3m,2.5,2.5,1.5,886,338.0,0.009000000000000001,1m,3.0,2.5,1.6,870.0,228.0,0.008,3m,2.5,2.5,0.7,172.0,0.2,10,COMPLETE
146,146,0.7117424496068608,2025-06-14 19:28:53.276631,2025-06-14 19:29:00.172780,0 days 00:00:06.896149,348.0,0.009000000000000001,2m,2.0,3.5,1.9000000000000001,738.0,544.0,0.005,2m,2.0,3.0,1.5,156.0,38.0,0.005,2m,2.0,3.5,1.0,992.0,628.0,0.009000000000000001,4m,3.5,2.0,2.0,774.0,,,,,,,,460.0,0.002,3m,2.0,2.0,1.6,88.0,,,,,,,,260,0.001,3m,2.5,2.5,1.4,734,226.0,0.01,1m,1.5,2.0,1.9000000000000001,996.0,180.0,0.01,3m,2.0,2.5,0.5,252.0,0.15000000000000002,8,COMPLETE
147,147,-1.3533299078056515,2025-06-14 19:29:00.267918,2025-06-14 19:29:08.197706,0 days 00:00:07.929788,414.0,0.009000000000000001,2m,2.5,4.0,1.8,852.0,488.0,0.006,2m,1.5,3.0,1.6,88.0,72.0,0.004,2m,2.0,2.0,0.9,954.0,264.0,0.007,1m,2.0,2.0,1.9000000000000001,968.0,498.0,0.009000000000000001,4m,3.5,4.0,0.7,916.0,580.0,0.003,2m,2.0,2.0,1.6,46.0,,,,,,,,70,0.003,2m,2.5,2.5,1.6,930,470.0,0.008,1m,2.0,3.0,1.5,952.0,146.0,0.009000000000000001,3m,1.5,2.5,0.6,314.0,0.2,9,COMPLETE
148,148,-2.7648080423413317,2025-06-14 19:29:08.260418,2025-06-14 19:29:16.277428,0 days 00:00:08.017010,324.0,0.008,2m,2.0,3.0,2.0,790.0,582.0,0.005,1m,1.5,2.5,1.4,52.0,108.0,0.006,2m,2.0,3.5,1.0,896.0,728.0,0.007,1m,2.5,2.5,2.0,860.0,304.0,0.002,2m,2.0,2.0,1.7000000000000002,982.0,442.0,0.002,2m,2.0,2.0,1.5,204.0,752.0,0.002,1m,1.5,4.0,1.5,660.0,236,0.002,3m,2.0,3.0,1.3,874,166.0,0.009000000000000001,3m,3.5,2.5,1.7000000000000002,28.0,248.0,0.01,3m,2.0,2.5,0.5,350.0,0.25,10,COMPLETE
149,149,1.245180975992263,2025-06-14 19:29:16.374699,2025-06-14 19:29:23.518680,0 days 00:00:07.143981,386.0,0.01,2m,2.0,2.5,1.9000000000000001,764.0,638.0,0.006,2m,1.5,3.0,1.6,34.0,50.0,0.005,2m,2.0,3.5,0.8,1008.0,706.0,0.008,1m,2.5,2.0,2.0,700.0,,,,,,,,420.0,0.001,1m,2.0,1.5,1.7000000000000002,144.0,,,,,,,,390,0.002,3m,2.5,2.0,1.5,828,558.0,0.01,1m,3.0,2.5,2.0,1024.0,32.0,0.008,3m,2.5,2.5,0.7,260.0,0.2,8,COMPLETE
