,number,value,datetime_start,datetime_complete,duration,params_ADP_ASML_beta_win,params_ADP_ASML_stop_loss,params_ADP_ASML_trade_freq,params_ADP_ASML_z_entry,params_ADP_ASML_z_exit,params_ADP_ASML_z_stop_scaler,params_ADP_ASML_z_win,params_ADP_PAYX_beta_win,params_ADP_PAYX_stop_loss,params_ADP_PAYX_trade_freq,params_ADP_PAYX_z_entry,params_ADP_PAYX_z_exit,params_ADP_PAYX_z_stop_scaler,params_ADP_PAYX_z_win,params_ADP_XEL_beta_win,params_ADP_XEL_stop_loss,params_ADP_XEL_trade_freq,params_ADP_XEL_z_entry,params_ADP_XEL_z_exit,params_ADP_XEL_z_stop_scaler,params_ADP_XEL_z_win,params_AMGN_ANSS_beta_win,params_AMGN_ANSS_stop_loss,params_AMGN_ANSS_trade_freq,params_AMGN_ANSS_z_entry,params_AMGN_ANSS_z_exit,params_AMGN_ANSS_z_stop_scaler,params_AMGN_ANSS_z_win,params_AMZN_MRVL_beta_win,params_AMZN_MRVL_stop_loss,params_AMZN_MRVL_trade_freq,params_AMZN_MRVL_z_entry,params_AMZN_MRVL_z_exit,params_AMZN_MRVL_z_stop_scaler,params_AMZN_MRVL_z_win,params_AZN_ANSS_beta_win,params_AZN_ANSS_stop_loss,params_AZN_ANSS_trade_freq,params_AZN_ANSS_z_entry,params_AZN_ANSS_z_exit,params_AZN_ANSS_z_stop_scaler,params_AZN_ANSS_z_win,params_CSCO_DASH_beta_win,params_CSCO_DASH_stop_loss,params_CSCO_DASH_trade_freq,params_CSCO_DASH_z_entry,params_CSCO_DASH_z_exit,params_CSCO_DASH_z_stop_scaler,params_CSCO_DASH_z_win,params_CSCO_FTNT_beta_win,params_CSCO_FTNT_stop_loss,params_CSCO_FTNT_trade_freq,params_CSCO_FTNT_z_entry,params_CSCO_FTNT_z_exit,params_CSCO_FTNT_z_stop_scaler,params_CSCO_FTNT_z_win,params_CSCO_META_beta_win,params_CSCO_META_stop_loss,params_CSCO_META_trade_freq,params_CSCO_META_z_entry,params_CSCO_META_z_exit,params_CSCO_META_z_stop_scaler,params_CSCO_META_z_win,params_GOOG_GOOGL_beta_win,params_GOOG_GOOGL_stop_loss,params_GOOG_GOOGL_trade_freq,params_GOOG_GOOGL_z_entry,params_GOOG_GOOGL_z_exit,params_GOOG_GOOGL_z_stop_scaler,params_GOOG_GOOGL_z_win,params_buffer_capital,params_pairs_to_trade,state
149,149,0.13242949876767496,2025-06-14 20:15:27.316929,2025-06-14 20:15:28.114109,0 days 00:00:00.797180,,,,,,,,522,0.001,3m,4.0,3.5,1.6,696,,,,,,,,,,,,,,,,,,,,,,,,,,,,,,,,,,,,,,,,,,,,,,,,,,,,,,,,,0.25,1,COMPLETE
