,number,value,datetime_start,datetime_complete,duration,params_ADI_ILMN_beta_win,params_ADI_ILMN_stop_loss,params_ADI_ILMN_trade_freq,params_ADI_ILMN_z_entry,params_ADI_ILMN_z_exit,params_ADI_ILMN_z_stop_scaler,params_ADI_ILMN_z_win,params_ADSK_ILMN_beta_win,params_ADSK_ILMN_stop_loss,params_ADSK_ILMN_trade_freq,params_ADSK_ILMN_z_entry,params_ADSK_ILMN_z_exit,params_ADSK_ILMN_z_stop_scaler,params_ADSK_ILMN_z_win,params_AMGN_ILMN_beta_win,params_AMGN_ILMN_stop_loss,params_AMGN_ILMN_trade_freq,params_AMGN_ILMN_z_entry,params_AMGN_ILMN_z_exit,params_AMGN_ILMN_z_stop_scaler,params_AMGN_ILMN_z_win,params_EA_ILMN_beta_win,params_EA_ILMN_stop_loss,params_EA_ILMN_trade_freq,params_EA_ILMN_z_entry,params_EA_ILMN_z_exit,params_EA_ILMN_z_stop_scaler,params_EA_ILMN_z_win,params_FANG_ILMN_beta_win,params_FANG_ILMN_stop_loss,params_FANG_ILMN_trade_freq,params_FANG_ILMN_z_entry,params_FANG_ILMN_z_exit,params_FANG_ILMN_z_stop_scaler,params_FANG_ILMN_z_win,params_GFS_ILMN_beta_win,params_GFS_ILMN_stop_loss,params_GFS_ILMN_trade_freq,params_GFS_ILMN_z_entry,params_GFS_ILMN_z_exit,params_GFS_ILMN_z_stop_scaler,params_GFS_ILMN_z_win,params_HON_ILMN_beta_win,params_HON_ILMN_stop_loss,params_HON_ILMN_trade_freq,params_HON_ILMN_z_entry,params_HON_ILMN_z_exit,params_HON_ILMN_z_stop_scaler,params_HON_ILMN_z_win,params_IDXX_ODFL_beta_win,params_IDXX_ODFL_stop_loss,params_IDXX_ODFL_trade_freq,params_IDXX_ODFL_z_entry,params_IDXX_ODFL_z_exit,params_IDXX_ODFL_z_stop_scaler,params_IDXX_ODFL_z_win,params_NFLX_PCAR_beta_win,params_NFLX_PCAR_stop_loss,params_NFLX_PCAR_trade_freq,params_NFLX_PCAR_z_entry,params_NFLX_PCAR_z_exit,params_NFLX_PCAR_z_stop_scaler,params_NFLX_PCAR_z_win,params_NFLX_SBUX_beta_win,params_NFLX_SBUX_stop_loss,params_NFLX_SBUX_trade_freq,params_NFLX_SBUX_z_entry,params_NFLX_SBUX_z_exit,params_NFLX_SBUX_z_stop_scaler,params_NFLX_SBUX_z_win,params_buffer_capital,params_pairs_to_trade,state
114,114,5.3613478275744955,2025-06-14 19:38:22.697694,2025-06-14 19:38:27.278512,0 days 00:00:04.580818,,,,,,,,290.0,0.01,2m,1.5,3.5,1.9000000000000001,930.0,,,,,,,,,,,,,,,,,,,,,,,,,,,,,836.0,0.001,3m,4.0,2.0,0.6,354.0,248.0,0.009000000000000001,3m,2.5,1.5,1.1,772.0,314.0,0.007,2m,3.0,3.0,0.8,614.0,800,0.007,4m,1.5,1.0,0.6,552,0.25,5,COMPLETE
115,115,3.9250385130478356,2025-06-14 19:38:27.370732,2025-06-14 19:38:31.783297,0 days 00:00:04.412565,,,,,,,,298.0,0.01,2m,1.5,3.5,1.9000000000000001,934.0,,,,,,,,,,,,,,,,,,,,,,,,,,,,,842.0,0.001,3m,4.0,2.0,0.6,340.0,324.0,0.01,3m,2.5,1.5,1.2000000000000002,674.0,272.0,0.006,2m,3.0,3.0,0.9,538.0,790,0.006,4m,1.5,1.0,0.7,562,0.25,5,COMPLETE
116,116,4.659538215656975,2025-06-14 19:38:31.868213,2025-06-14 19:38:36.523598,0 days 00:00:04.655385,,,,,,,,302.0,0.01,2m,1.5,3.5,1.9000000000000001,932.0,,,,,,,,,,,,,,,,,,,,,,,,,,,,,842.0,0.001,3m,4.0,2.0,0.6,298.0,316.0,0.01,3m,2.5,1.5,1.2000000000000002,786.0,326.0,0.006,2m,3.0,3.0,1.0,430.0,782,0.006,4m,1.5,1.0,0.7,550,0.25,5,COMPLETE
117,117,4.322600510589024,2025-06-14 19:38:36.599527,2025-06-14 19:38:42.018201,0 days 00:00:05.418674,,,,,,,,316.0,0.01,2m,1.5,3.5,2.0,1024.0,,,,,,,,,,,,,,,,,,,,,,,,,,,,,868.0,0.001,3m,4.0,2.0,0.5,292.0,258.0,0.01,3m,2.5,1.5,1.3,800.0,342.0,0.006,2m,3.0,3.0,0.9,346.0,680,0.006,4m,1.5,1.0,0.6,516,0.3,5,COMPLETE
118,118,-2.23874281872634,2025-06-14 19:38:42.118356,2025-06-14 19:38:56.986757,0 days 00:00:14.868401,,,,,,,,278.0,0.01,1m,1.0,3.0,2.0,1022.0,,,,,,,,224.0,0.01,3m,3.0,4.0,0.8,558.0,,,,,,,,,,,,,,,774.0,0.001,3m,4.0,1.5,0.5,294.0,260.0,0.01,3m,2.5,2.0,1.3,782.0,324.0,0.005,4m,3.0,3.0,0.9,358.0,678,0.006,4m,1.5,1.0,0.5,482,0.3,6,COMPLETE
119,119,0.7803835373014959,2025-06-14 19:38:57.126995,2025-06-14 19:39:05.873242,0 days 00:00:08.746247,,,,,,,,208.0,0.01,2m,1.5,3.5,2.0,986.0,,,,,,,,988.0,0.005,4m,1.0,1.5,1.8,686.0,,,,,,,,,,,,,,,862.0,0.001,3m,4.0,2.0,0.5,386.0,276.0,0.01,3m,2.0,1.0,1.4,840.0,224.0,0.006,2m,3.5,3.0,0.9,292.0,852,0.006,4m,1.5,1.0,0.5,440,0.3,6,COMPLETE
120,120,1.2745287853733724,2025-06-14 19:39:05.949981,2025-06-14 19:39:10.378476,0 days 00:00:04.428495,,,,,,,,320.0,0.002,2m,1.5,3.5,1.9000000000000001,1004.0,,,,,,,,,,,,,,,,,,,,,,,,,,,,,828.0,0.002,3m,4.0,2.0,0.6,520.0,294.0,0.01,3m,2.5,1.5,1.3,758.0,334.0,0.006,2m,3.0,3.5,1.0,234.0,822,0.005,4m,2.0,1.5,0.9,528,0.3,5,COMPLETE
121,121,4.150874712774181,2025-06-14 19:39:10.491681,2025-06-14 19:39:15.244252,0 days 00:00:04.752571,,,,,,,,318.0,0.01,2m,1.5,3.5,1.9000000000000001,958.0,,,,,,,,,,,,,,,,,,,,,,,,,,,,,900.0,0.001,3m,4.0,2.0,0.7,240.0,314.0,0.01,3m,2.5,1.5,1.2000000000000002,798.0,344.0,0.006,2m,3.0,3.0,1.0,442.0,744,0.006,4m,1.5,1.0,0.6,558,0.25,5,COMPLETE
122,122,3.0218647411665875,2025-06-14 19:39:15.327033,2025-06-14 19:39:19.959098,0 days 00:00:04.632065,,,,,,,,364.0,0.01,2m,1.5,3.5,2.0,972.0,,,,,,,,,,,,,,,,,,,,,,,,,,,,,916.0,0.001,3m,4.0,2.0,0.6,238.0,312.0,0.01,3m,2.5,1.5,1.4,810.0,290.0,0.006,2m,3.0,3.0,0.9,446.0,744,0.006,4m,1.5,1.0,0.6,508,0.25,5,COMPLETE
123,123,2.011638906317302,2025-06-14 19:39:20.081130,2025-06-14 19:39:24.706652,0 days 00:00:04.625522,,,,,,,,304.0,0.01,2m,1.5,3.5,1.9000000000000001,930.0,,,,,,,,,,,,,,,,,,,,,,,,,,,,,864.0,0.001,3m,4.0,2.0,0.7,290.0,402.0,0.01,3m,2.5,1.5,1.2000000000000002,878.0,254.0,0.006,2m,3.0,3.0,1.0,410.0,666,0.006,4m,1.5,1.0,0.6,402,0.25,5,COMPLETE
124,124,-0.5522113172391477,2025-06-14 19:39:24.800780,2025-06-14 19:39:30.448793,0 days 00:00:05.648013,,,,,,,,404.0,0.01,2m,1.5,2.5,1.8,954.0,,,,,,,,340.0,0.007,2m,1.5,3.5,1.4,450.0,,,,,,,,,,,,,,,794.0,0.001,3m,4.0,2.0,0.5,350.0,378.0,0.01,3m,2.5,1.5,1.1,746.0,346.0,0.005,2m,3.0,3.0,1.0,194.0,802,0.005,4m,1.5,1.0,0.5,546,0.2,6,COMPLETE
125,125,3.0260711590515386,2025-06-14 19:39:30.524437,2025-06-14 19:39:34.904628,0 days 00:00:04.380191,,,,,,,,282.0,0.01,3m,1.5,3.5,2.0,902.0,,,,,,,,,,,,,,,,,,,,,,,,,,,,,992.0,0.002,3m,4.0,2.0,0.6,184.0,242.0,0.01,3m,2.5,1.5,1.0,788.0,312.0,0.006,2m,3.5,3.5,1.0,336.0,706,0.006,4m,2.0,1.0,0.7,494,0.25,5,COMPLETE
126,126,4.4678740227513725,2025-06-14 19:39:34.983758,2025-06-14 19:39:39.576775,0 days 00:00:04.593017,,,,,,,,322.0,0.01,2m,1.5,2.0,1.9000000000000001,960.0,,,,,,,,,,,,,,,,,,,,,,,,,,,,,820.0,0.001,3m,4.0,1.5,0.6,450.0,486.0,0.01,3m,2.5,1.5,1.1,856.0,430.0,0.004,2m,3.0,3.0,1.1,390.0,870,0.006,4m,1.0,1.0,1.4,578,0.25,5,COMPLETE
127,127,2.1598749902197127,2025-06-14 19:39:39.656356,2025-06-14 19:39:44.479652,0 days 00:00:04.823296,,,,,,,,366.0,0.009000000000000001,2m,1.0,2.0,1.8,998.0,,,,,,,,,,,,,,,,,,,,,,,,,,,,,738.0,0.003,3m,4.0,1.5,0.5,496.0,488.0,0.009000000000000001,1m,2.0,1.5,1.1,854.0,174.0,0.004,4m,3.0,3.0,1.1,362.0,862,0.007,4m,1.0,1.0,1.4,578,0.2,5,COMPLETE
128,128,1.6294910760567902,2025-06-14 19:39:44.556058,2025-06-14 19:39:56.058470,0 days 00:00:11.502412,,,,,,,,262.0,0.01,2m,1.5,2.5,1.8,468.0,,,,,,,,102.0,0.002,1m,4.0,2.5,1.7000000000000002,86.0,,,,,,,,,,,,,,,826.0,0.002,3m,3.5,1.5,0.6,444.0,254.0,0.01,3m,2.5,1.0,1.0,906.0,424.0,0.008,2m,3.0,3.0,0.9,392.0,784,0.007,4m,1.0,1.0,1.0,526,0.3,6,COMPLETE
129,129,1.0772368883090586,2025-06-14 19:39:56.187205,2025-06-14 19:40:08.067410,0 days 00:00:11.880205,,,,,,,,390.0,0.01,1m,1.5,1.5,1.9000000000000001,928.0,,,,,,,,,,,,,,,,,,,,,,,,,,,,,856.0,0.001,3m,4.0,1.0,0.6,620.0,208.0,0.01,3m,2.5,2.0,1.1,770.0,464.0,0.007,2m,1.0,3.0,1.2000000000000002,256.0,894,0.005,4m,1.0,1.5,1.5,592,0.25,5,COMPLETE
130,130,5.332229776867463,2025-06-14 19:40:08.225602,2025-06-14 19:40:16.722713,0 days 00:00:08.497111,,,,,,,,244.0,0.009000000000000001,2m,1.5,2.0,2.0,978.0,,,,,,,,,,,,,,,,,,,,,,,,,,,,,774.0,0.002,3m,3.5,1.5,0.5,540.0,150.0,0.009000000000000001,3m,1.5,1.5,1.1,714.0,410.0,0.004,1m,3.0,3.5,0.8,312.0,942,0.007,4m,1.0,2.5,1.4,508,0.3,5,COMPLETE
131,131,3.124046417474298,2025-06-14 19:40:16.804750,2025-06-14 19:40:22.035863,0 days 00:00:05.231113,,,,,,,,234.0,0.009000000000000001,2m,1.5,2.0,2.0,974.0,,,,,,,,,,,,,,,,,,,,,,,,,,,,,802.0,0.002,3m,3.5,1.5,0.5,540.0,172.0,0.009000000000000001,3m,1.0,1.5,1.1,718.0,390.0,0.004,3m,3.0,3.5,1.1,314.0,824,0.007,4m,1.0,2.0,1.4,508,0.3,5,COMPLETE
132,132,6.1728209106417005,2025-06-14 19:40:22.112658,2025-06-14 19:40:27.210258,0 days 00:00:05.097600,,,,,,,,286.0,0.009000000000000001,2m,1.5,2.0,2.0,1024.0,,,,,,,,,,,,,,,,,,,,,,,,,,,,,770.0,0.003,3m,4.0,1.5,0.5,408.0,194.0,0.009000000000000001,3m,2.5,2.5,1.1,728.0,414.0,0.003,1m,3.0,4.0,0.8,278.0,952,0.006,4m,1.0,2.5,1.3,482,0.3,5,COMPLETE
133,133,6.533706876966858,2025-06-14 19:40:27.282323,2025-06-14 19:40:32.107487,0 days 00:00:04.825164,,,,,,,,296.0,0.009000000000000001,2m,1.5,2.0,2.0,990.0,,,,,,,,,,,,,,,,,,,,,,,,,,,,,728.0,0.002,3m,4.0,1.5,0.5,390.0,158.0,0.009000000000000001,3m,1.5,3.0,1.0,730.0,414.0,0.003,1m,3.5,4.0,0.8,282.0,948,0.006,4m,1.0,2.5,1.3,462,0.3,5,COMPLETE
134,134,0.9623271400235563,2025-06-14 19:40:32.190481,2025-06-14 19:40:38.072853,0 days 00:00:05.882372,,,,,,,,288.0,0.009000000000000001,2m,1.5,2.0,2.0,398.0,,,,,,,,684.0,0.008,4m,3.5,2.0,1.0,788.0,,,,,,,,,,,,,,,698.0,0.009000000000000001,3m,4.0,1.5,0.6,406.0,188.0,0.009000000000000001,3m,1.5,3.0,1.0,576.0,408.0,0.003,1m,3.5,4.0,0.8,284.0,944,0.006,4m,1.0,2.5,1.3,456,0.25,6,COMPLETE
135,135,1.4715487410380375,2025-06-14 19:40:38.152373,2025-06-14 19:40:42.711817,0 days 00:00:04.559444,,,,,,,,260.0,0.008,2m,1.5,2.0,1.9000000000000001,990.0,,,,,,,,,,,,,,,,,,,,,,,,,,,,,,,,,,,,190.0,0.009000000000000001,3m,1.5,3.0,1.1,732.0,444.0,0.003,1m,3.5,4.0,0.8,308.0,922,0.007,4m,1.0,2.5,1.2000000000000002,384,0.2,4,COMPLETE
136,136,3.765224281674694,2025-06-14 19:40:42.792636,2025-06-14 19:40:48.178810,0 days 00:00:05.386174,,,,,,,,350.0,0.009000000000000001,2m,1.5,2.0,2.0,948.0,,,,,,,,,,,,,,,,,,,,,,,,,,,,,736.0,0.002,3m,4.0,1.0,0.5,456.0,152.0,0.009000000000000001,1m,1.5,3.0,0.9,698.0,416.0,0.003,1m,3.5,4.0,0.8,240.0,992,0.006,4m,1.0,2.5,1.4,432,0.3,5,COMPLETE
137,137,2.7574936952266493,2025-06-14 19:40:48.256311,2025-06-14 19:40:53.552160,0 days 00:00:05.295849,,,,,,,,296.0,0.008,2m,1.0,2.0,1.9000000000000001,1008.0,,,,,,,,,,,,,,,,,,,,,,,,,,,,,768.0,0.003,3m,4.0,1.5,0.5,416.0,156.0,0.009000000000000001,3m,1.5,2.5,1.0,824.0,40.0,0.004,1m,3.5,4.0,0.8,228.0,958,0.007,4m,1.0,2.5,1.3,470,0.25,5,COMPLETE
138,138,1.5292145080746729,2025-06-14 19:40:53.635651,2025-06-14 19:40:57.699450,0 days 00:00:04.063799,,,,,,,,246.0,0.009000000000000001,2m,1.5,2.0,2.0,974.0,,,,,,,,,,,,,,,,,,,,,,,,,,,,,,,,,,,,546.0,0.008,3m,1.5,3.0,1.1,760.0,374.0,0.003,1m,3.5,4.0,0.9,264.0,874,0.005,4m,1.0,2.5,1.4,570,0.3,4,COMPLETE
139,139,4.725914824287692,2025-06-14 19:40:57.765506,2025-06-14 19:41:04.631197,0 days 00:00:06.865691,,,,,,,,274.0,0.009000000000000001,2m,2.0,2.5,1.9000000000000001,880.0,,,,,,,,18.0,0.006,1m,3.0,1.0,2.0,322.0,,,,,,,,,,,,,,,666.0,0.002,3m,4.0,1.5,0.6,370.0,214.0,0.009000000000000001,2m,1.5,3.5,1.0,666.0,442.0,0.003,1m,3.0,3.5,0.9,186.0,1024,0.006,4m,1.0,2.5,1.3,464,0.25,6,COMPLETE
140,140,1.6152917142865222,2025-06-14 19:41:04.728771,2025-06-14 19:41:06.008509,0 days 00:00:01.279738,,,,,,,,,,,,,,,,,,,,,,,,,,,,,,,,,,,,,,,,,,,,,,,,,,,,,,,,,,,,,,,,1022,0.006,4m,1.0,2.5,1.3,474,0.2,1,COMPLETE
141,141,3.6650199558308527,2025-06-14 19:41:06.086817,2025-06-14 19:41:12.244656,0 days 00:00:06.157839,,,,,,,,330.0,0.009000000000000001,2m,2.0,2.5,1.9000000000000001,884.0,,,,,,,,46.0,0.006,1m,3.0,1.0,2.0,306.0,,,,,,,,,,,,,,,596.0,0.002,3m,4.0,1.5,0.6,592.0,232.0,0.009000000000000001,2m,1.5,2.5,1.0,672.0,430.0,0.003,1m,3.0,3.5,0.9,198.0,978,0.006,4m,1.0,2.5,1.3,536,0.25,6,COMPLETE
142,142,4.0395791982761216,2025-06-14 19:41:12.351265,2025-06-14 19:41:18.749950,0 days 00:00:06.398685,,,,,,,,286.0,0.009000000000000001,2m,2.0,2.5,1.8,858.0,,,,,,,,304.0,0.005,1m,3.5,1.5,1.8,332.0,,,,,,,,,,,,,,,678.0,0.002,3m,4.0,1.5,0.5,472.0,220.0,0.009000000000000001,2m,1.0,4.0,1.1,648.0,402.0,0.004,1m,3.0,3.5,0.8,374.0,926,0.006,4m,1.0,2.5,1.2000000000000002,326,0.25,6,COMPLETE
143,143,2.3595347780140954,2025-06-14 19:41:18.824312,2025-06-14 19:41:23.965562,0 days 00:00:05.141250,,,,,,,,258.0,0.009000000000000001,2m,2.0,2.5,1.9000000000000001,912.0,,,,,,,,,,,,,,,,,,,,,,,,,,,,,716.0,0.003,3m,4.0,1.5,0.6,372.0,170.0,0.009000000000000001,2m,1.5,3.5,0.9,732.0,466.0,0.004,1m,3.0,4.0,0.9,162.0,900,0.007,4m,1.0,2.5,1.4,492,0.25,5,COMPLETE
144,144,5.001171187701649,2025-06-14 19:41:24.037047,2025-06-14 19:41:30.683572,0 days 00:00:06.646525,,,,,,,,218.0,0.009000000000000001,2m,2.0,2.0,1.8,944.0,,,,,,,,30.0,0.007,1m,4.0,1.0,1.7000000000000002,230.0,,,,,,,,,,,,,,,770.0,0.002,3m,4.0,1.0,0.5,334.0,210.0,0.008,2m,1.5,3.5,1.0,702.0,440.0,0.003,1m,3.0,4.0,1.1,110.0,990,0.006,4m,1.0,2.5,1.2000000000000002,398,0.3,6,COMPLETE
145,145,2.7042737958376795,2025-06-14 19:41:30.755502,2025-06-14 19:41:35.965107,0 days 00:00:05.209605,,,,,,,,184.0,0.009000000000000001,2m,2.0,2.0,1.8,946.0,,,,,,,,,,,,,,,,,,,,,,,,,,,,,774.0,0.002,3m,4.0,1.0,0.5,324.0,208.0,0.007,2m,1.5,3.5,1.0,698.0,454.0,0.003,1m,3.0,4.0,1.1,136.0,1010,0.006,4m,1.0,2.5,1.3,366,0.3,5,COMPLETE
146,146,1.24578901851589,2025-06-14 19:41:36.031108,2025-06-14 19:41:42.008387,0 days 00:00:05.977279,,,,,,,,272.0,0.009000000000000001,2m,2.0,2.0,1.8,900.0,,,,,,,,156.0,0.006,1m,3.0,1.0,1.9000000000000001,220.0,,,,,,,,,,,,,,,814.0,0.002,2m,3.5,1.0,0.6,372.0,286.0,0.008,2m,1.5,3.5,0.9,718.0,492.0,0.003,1m,3.0,4.0,1.2000000000000002,50.0,1000,0.005,4m,1.0,2.5,1.2000000000000002,396,0.3,6,COMPLETE
147,147,2.702224868679503,2025-06-14 19:41:42.070238,2025-06-14 19:41:49.512429,0 days 00:00:07.442191,,,,,,,,216.0,0.009000000000000001,2m,2.0,2.0,1.7000000000000002,962.0,,,,,,,,16.0,0.007,1m,2.5,1.0,1.7000000000000002,468.0,,,,,,,,822.0,0.009000000000000001,3m,3.0,3.0,0.9,526.0,784.0,0.001,3m,4.0,1.0,0.5,432.0,148.0,0.008,2m,1.5,3.5,1.0,632.0,364.0,0.003,1m,3.0,4.0,1.1,110.0,968,0.006,4m,1.0,3.0,1.1,500,0.3,7,COMPLETE
148,148,0.12026288897823184,2025-06-14 19:41:49.573340,2025-06-14 19:41:54.505751,0 days 00:00:04.932411,,,,,,,,236.0,0.005,2m,2.0,2.0,1.7000000000000002,812.0,,,,,,,,,,,,,,,,,,,,,,,,,,,,,652.0,0.002,3m,4.0,1.5,0.6,338.0,124.0,0.009000000000000001,2m,1.5,3.5,1.0,550.0,444.0,0.003,1m,3.0,4.0,1.1,182.0,950,0.006,4m,1.0,2.5,1.4,424,0.35000000000000003,5,COMPLETE
149,149,-2.049991723903223,2025-06-14 19:41:54.621594,2025-06-14 19:41:59.782242,0 days 00:00:05.160648,,,,,,,,298.0,0.009000000000000001,2m,2.0,2.0,1.9000000000000001,934.0,,,,,,,,,,,,,,,,,,,,,,,,,,,,,752.0,0.001,3m,4.0,1.5,0.7,494.0,182.0,0.009000000000000001,2m,1.0,4.0,1.1,750.0,394.0,0.003,1m,4.0,3.5,1.0,308.0,926,0.007,2m,1.0,2.0,1.2000000000000002,408,0.2,5,COMPLETE
