,number,value,datetime_start,datetime_complete,duration,params_AEP_AMGN_beta_win,params_AEP_AMGN_stop_loss,params_AEP_AMGN_trade_freq,params_AEP_AMGN_z_entry,params_AEP_AMGN_z_exit,params_AEP_AMGN_z_stop_scaler,params_AEP_AMGN_z_win,params_AMD_NTES_beta_win,params_AMD_NTES_stop_loss,params_AMD_NTES_trade_freq,params_AMD_NTES_z_entry,params_AMD_NTES_z_exit,params_AMD_NTES_z_stop_scaler,params_AMD_NTES_z_win,params_AMGN_JD_beta_win,params_AMGN_JD_stop_loss,params_AMGN_JD_trade_freq,params_AMGN_JD_z_entry,params_AMGN_JD_z_exit,params_AMGN_JD_z_stop_scaler,params_AMGN_JD_z_win,params_AMZN_GOOGL_beta_win,params_AMZN_GOOGL_stop_loss,params_AMZN_GOOGL_trade_freq,params_AMZN_GOOGL_z_entry,params_AMZN_GOOGL_z_exit,params_AMZN_GOOGL_z_stop_scaler,params_AMZN_GOOGL_z_win,params_AMZN_GOOG_beta_win,params_AMZN_GOOG_stop_loss,params_AMZN_GOOG_trade_freq,params_AMZN_GOOG_z_entry,params_AMZN_GOOG_z_exit,params_AMZN_GOOG_z_stop_scaler,params_AMZN_GOOG_z_win,params_ATVI_NTES_beta_win,params_ATVI_NTES_stop_loss,params_ATVI_NTES_trade_freq,params_ATVI_NTES_z_entry,params_ATVI_NTES_z_exit,params_ATVI_NTES_z_stop_scaler,params_ATVI_NTES_z_win,params_GOOGL_WDAY_beta_win,params_GOOGL_WDAY_stop_loss,params_GOOGL_WDAY_trade_freq,params_GOOGL_WDAY_z_entry,params_GOOGL_WDAY_z_exit,params_GOOGL_WDAY_z_stop_scaler,params_GOOGL_WDAY_z_win,params_GOOG_GOOGL_beta_win,params_GOOG_GOOGL_stop_loss,params_GOOG_GOOGL_trade_freq,params_GOOG_GOOGL_z_entry,params_GOOG_GOOGL_z_exit,params_GOOG_GOOGL_z_stop_scaler,params_GOOG_GOOGL_z_win,params_LRCX_NXPI_beta_win,params_LRCX_NXPI_stop_loss,params_LRCX_NXPI_trade_freq,params_LRCX_NXPI_z_entry,params_LRCX_NXPI_z_exit,params_LRCX_NXPI_z_stop_scaler,params_LRCX_NXPI_z_win,params_ORLY_SIRI_beta_win,params_ORLY_SIRI_stop_loss,params_ORLY_SIRI_trade_freq,params_ORLY_SIRI_z_entry,params_ORLY_SIRI_z_exit,params_ORLY_SIRI_z_stop_scaler,params_ORLY_SIRI_z_win,params_buffer_capital,params_pairs_to_trade,state
0,0,-6.44452860334303,2025-06-14 19:12:10.917983,2025-06-14 19:12:13.384254,0 days 00:00:02.466271,,,,,,,,,,,,,,,876.0,0.003,3m,1.0,3.0,1.3,394.0,,,,,,,,,,,,,,,1000.0,0.002,1m,2.5,2.0,0.6,468.0,,,,,,,,342,0.009000000000000001,3m,3.5,2.0,1.3,502,,,,,,,,,,,,,,,0.5,3,COMPLETE
1,1,-2.852498227752706,2025-06-14 19:12:13.484957,2025-06-14 19:12:15.846920,0 days 00:00:02.361963,,,,,,,,,,,,,,,210.0,0.009000000000000001,1m,3.0,3.0,1.9000000000000001,948.0,,,,,,,,,,,,,,,984.0,0.006,3m,2.5,3.0,1.0,592.0,,,,,,,,324,0.009000000000000001,2m,4.0,1.5,1.9000000000000001,320,,,,,,,,,,,,,,,0.3,3,COMPLETE
2,2,-5.141241969652743,2025-06-14 19:12:15.929766,2025-06-14 19:12:23.322886,0 days 00:00:07.393120,34.0,0.005,2m,3.0,3.5,0.8,230.0,920.0,0.003,3m,2.5,1.0,1.3,360.0,978.0,0.007,3m,1.5,4.0,0.7,698.0,110.0,0.003,4m,1.0,4.0,1.6,146.0,76.0,0.001,3m,2.5,2.5,0.6,388.0,572.0,0.008,4m,1.5,3.5,2.0,386.0,,,,,,,,270,0.008,4m,1.0,1.5,0.5,50,652.0,0.001,4m,3.0,1.5,0.5,828.0,670.0,0.006,4m,2.0,2.5,0.8,548.0,0.2,9,COMPLETE
3,3,-6.593742304023198,2025-06-14 19:12:23.394258,2025-06-14 19:12:27.854159,0 days 00:00:04.459901,960.0,0.01,4m,2.5,1.5,1.3,260.0,,,,,,,,844.0,0.01,4m,3.5,4.0,1.9000000000000001,582.0,434.0,0.006,3m,2.5,3.5,0.7,974.0,,,,,,,,352.0,0.007,2m,1.0,3.5,1.3,856.0,,,,,,,,544,0.009000000000000001,1m,1.5,3.5,1.3,326,,,,,,,,,,,,,,,0.05,5,COMPLETE
4,4,-6.158764693392642,2025-06-14 19:12:27.957370,2025-06-14 19:12:32.303200,0 days 00:00:04.345830,956.0,0.01,1m,1.5,1.5,1.9000000000000001,592.0,,,,,,,,56.0,0.007,4m,3.5,3.0,1.7000000000000002,226.0,886.0,0.003,3m,3.5,2.5,1.1,452.0,,,,,,,,754.0,0.009000000000000001,1m,2.5,3.0,1.1,992.0,,,,,,,,974,0.009000000000000001,4m,1.5,2.0,1.9000000000000001,702,,,,,,,,,,,,,,,0.2,5,COMPLETE
5,5,-5.476983327401797,2025-06-14 19:12:32.389717,2025-06-14 19:12:39.888626,0 days 00:00:07.498909,604.0,0.006,1m,4.0,2.0,1.9000000000000001,106.0,974.0,0.008,4m,3.0,4.0,1.8,922.0,218.0,0.004,2m,1.5,3.0,1.6,72.0,32.0,0.006,1m,3.0,3.5,1.5,220.0,,,,,,,,804.0,0.008,1m,2.5,3.5,0.6,550.0,,,,,,,,430,0.001,4m,2.5,4.0,0.8,278,370.0,0.007,1m,2.0,1.0,1.4,490.0,304.0,0.007,4m,1.5,1.0,1.8,648.0,0.15000000000000002,8,COMPLETE
6,6,-8.308604951001763,2025-06-14 19:12:39.956139,2025-06-14 19:12:43.445530,0 days 00:00:03.489391,254.0,0.009000000000000001,2m,2.0,3.5,1.6,890.0,,,,,,,,588.0,0.007,2m,2.5,2.5,0.8,598.0,,,,,,,,,,,,,,,56.0,0.009000000000000001,3m,2.5,1.5,1.1,276.0,,,,,,,,264,0.008,1m,4.0,1.0,0.6,718,,,,,,,,,,,,,,,0.45,4,COMPLETE
7,7,-3.683957352645953,2025-06-14 19:12:43.500356,2025-06-14 19:12:46.031791,0 days 00:00:02.531435,,,,,,,,,,,,,,,832.0,0.01,3m,3.5,2.5,1.5,514.0,,,,,,,,,,,,,,,948.0,0.008,2m,4.0,3.0,1.6,760.0,,,,,,,,952,0.004,3m,2.0,2.5,0.8,652,,,,,,,,,,,,,,,0.1,3,COMPLETE
8,8,0.19515518150325842,2025-06-14 19:12:46.126764,2025-06-14 19:12:51.902175,0 days 00:00:05.775411,142.0,0.007,1m,3.0,3.0,1.7000000000000002,862.0,338.0,0.005,2m,1.5,3.0,1.4,492.0,172.0,0.001,2m,2.5,4.0,1.8,892.0,574.0,0.009000000000000001,4m,2.0,1.5,1.2000000000000002,294.0,,,,,,,,150.0,0.002,2m,4.0,3.0,1.4,444.0,,,,,,,,186,0.009000000000000001,3m,3.0,3.0,1.2000000000000002,68,,,,,,,,370.0,0.006,3m,2.0,3.0,1.2000000000000002,674.0,0.05,7,COMPLETE
9,9,-6.845339749019621,2025-06-14 19:12:51.969018,2025-06-14 19:13:00.269662,0 days 00:00:08.300644,1012.0,0.004,4m,4.0,1.5,0.5,248.0,410.0,0.006,4m,1.0,3.5,1.7000000000000002,748.0,698.0,0.01,4m,2.5,3.5,0.8,766.0,64.0,0.007,2m,3.0,1.0,1.9000000000000001,316.0,678.0,0.01,4m,4.0,4.0,2.0,420.0,1010.0,0.007,3m,4.0,1.5,0.8,766.0,432.0,0.007,4m,4.0,1.5,0.9,224.0,90,0.004,2m,4.0,1.5,0.9,844,552.0,0.003,1m,2.0,3.5,0.7,384.0,612.0,0.004,2m,1.0,1.5,1.6,82.0,0.45,10,COMPLETE
10,10,-9.141992765125803,2025-06-14 19:13:00.340795,2025-06-14 19:13:06.301509,0 days 00:00:05.960714,424.0,0.007,3m,3.0,3.0,1.3,936.0,98.0,0.001,2m,1.0,2.5,0.5,202.0,372.0,0.001,2m,2.0,1.0,1.1,1012.0,694.0,0.01,4m,1.5,1.0,0.9,808.0,,,,,,,,18.0,0.001,2m,3.5,4.0,1.6,60.0,,,,,,,,660,0.006,3m,3.0,3.0,1.6,52,,,,,,,,50.0,0.01,3m,4.0,4.0,0.9,1006.0,0.3,7,COMPLETE
11,11,-6.662694359818349,2025-06-14 19:13:06.378402,2025-06-14 19:13:07.454130,0 days 00:00:01.075728,,,,,,,,,,,,,,,,,,,,,,,,,,,,,,,,,,,,,,,,,,,,,,,,,,24,0.01,2m,3.0,2.5,2.0,244,,,,,,,,,,,,,,,0.3,1,COMPLETE
12,12,-3.7951566759488684,2025-06-14 19:13:07.509714,2025-06-14 19:13:13.658898,0 days 00:00:06.149184,64.0,0.001,1m,3.0,4.0,1.6,646.0,386.0,0.005,2m,2.0,2.5,0.9,586.0,22.0,0.001,1m,3.0,1.5,2.0,1010.0,442.0,0.009000000000000001,4m,2.0,2.0,1.3,658.0,,,,,,,,286.0,0.004,3m,3.5,2.5,1.4,598.0,,,,,,,,164,0.006,2m,3.5,3.0,1.6,168,,,,,,,,1022.0,0.001,1m,3.0,3.5,1.3,874.0,0.35000000000000003,7,COMPLETE
13,13,-6.551947757565776,2025-06-14 19:13:13.744283,2025-06-14 19:13:14.760279,0 days 00:00:01.015996,,,,,,,,,,,,,,,,,,,,,,,,,,,,,,,,,,,,,,,,,,,,,,,,,,644,0.007,2m,3.0,1.0,1.1,454,,,,,,,,,,,,,,,0.35000000000000003,1,COMPLETE
14,14,-4.847825070678916,2025-06-14 19:13:14.818971,2025-06-14 19:13:20.098961,0 days 00:00:05.279990,648.0,0.003,3m,1.0,2.5,1.0,764.0,18.0,0.01,1m,4.0,1.5,1.3,38.0,344.0,0.005,1m,4.0,2.0,1.8,892.0,650.0,0.008,2m,4.0,2.0,0.6,20.0,,,,,,,,490.0,0.004,4m,1.5,2.5,0.9,246.0,,,,,,,,178,0.01,3m,3.5,3.0,1.6,382,,,,,,,,,,,,,,,0.2,6,COMPLETE
15,15,-4.463624641110292,2025-06-14 19:13:20.160640,2025-06-14 19:13:22.983794,0 days 00:00:02.823154,,,,,,,,,,,,,,,226.0,0.003,1m,3.0,3.5,1.4,828.0,,,,,,,,,,,,,,,204.0,0.005,3m,3.0,3.0,1.6,636.0,,,,,,,,414,0.004,2m,2.5,4.0,1.1,154,,,,,,,,,,,,,,,0.05,3,COMPLETE
16,16,-0.6563920238897716,2025-06-14 19:13:23.053165,2025-06-14 19:13:29.005879,0 days 00:00:05.952714,300.0,0.008,1m,3.5,2.5,1.7000000000000002,1024.0,658.0,0.004,2m,2.0,3.0,1.0,440.0,188.0,0.008,1m,2.0,3.5,1.1,902.0,1002.0,0.001,1m,2.0,1.5,2.0,494.0,,,,,,,,560.0,0.003,2m,2.0,2.0,2.0,374.0,,,,,,,,522,0.007,3m,4.0,2.0,1.8,22,,,,,,,,270.0,0.009000000000000001,3m,3.0,2.5,0.5,240.0,0.25,7,COMPLETE
17,17,-1.6073156904170451,2025-06-14 19:13:29.076987,2025-06-14 19:13:35.509317,0 days 00:00:06.432330,278.0,0.008,1m,3.5,2.5,1.6,1022.0,694.0,0.005,2m,2.0,3.0,1.0,482.0,408.0,0.008,2m,2.0,4.0,1.1,722.0,1022.0,0.002,1m,2.0,1.5,2.0,476.0,,,,,,,,526.0,0.002,2m,1.5,1.0,2.0,136.0,,,,,,,,804,0.007,3m,3.5,2.0,1.5,22,1024.0,0.01,2m,4.0,4.0,2.0,154.0,304.0,0.01,3m,3.0,2.5,0.7,174.0,0.1,8,COMPLETE
18,18,2.1985456403213472,2025-06-14 19:13:35.576259,2025-06-14 19:13:43.256302,0 days 00:00:07.680043,222.0,0.007,1m,3.5,3.0,2.0,788.0,632.0,0.003,2m,1.5,3.0,1.5,398.0,128.0,0.006,1m,2.0,3.5,0.5,840.0,322.0,0.001,1m,2.0,1.5,1.6,634.0,850.0,0.005,2m,1.0,1.0,1.6,976.0,688.0,0.003,2m,2.0,2.0,1.8,382.0,986.0,0.001,3m,1.0,4.0,2.0,972.0,530,0.001,3m,2.0,3.5,1.4,1008,52.0,0.006,3m,1.0,2.5,1.3,988.0,326.0,0.008,3m,2.5,3.0,0.5,330.0,0.15000000000000002,10,COMPLETE
19,19,-2.008237589312342,2025-06-14 19:13:43.332467,2025-06-14 19:13:51.675855,0 days 00:00:08.343388,172.0,0.006,1m,2.5,3.0,2.0,794.0,248.0,0.002,2m,1.5,2.0,1.6,694.0,508.0,0.005,2m,1.0,3.5,0.5,426.0,310.0,0.004,1m,1.0,2.0,1.6,662.0,1022.0,0.005,2m,1.0,1.0,1.6,956.0,706.0,0.001,2m,3.5,2.0,1.8,238.0,974.0,0.001,3m,1.0,4.0,2.0,1000.0,700,0.003,3m,2.0,3.5,1.4,1024,34.0,0.006,3m,1.0,2.5,1.3,972.0,446.0,0.004,3m,2.0,3.5,1.2000000000000002,376.0,0.1,10,COMPLETE
20,20,-1.8525741923698997,2025-06-14 19:13:51.759903,2025-06-14 19:13:59.454194,0 days 00:00:07.694291,460.0,0.007,1m,3.5,3.5,1.8,464.0,608.0,0.007,3m,1.5,3.5,2.0,296.0,112.0,0.002,1m,1.5,4.0,0.9,804.0,234.0,0.005,4m,2.5,1.5,1.3,304.0,932.0,0.005,2m,1.0,1.0,1.1,982.0,392.0,0.004,2m,2.0,1.5,1.4,404.0,,,,,,,,818,0.001,3m,2.0,3.5,1.0,958,40.0,0.009000000000000001,3m,1.0,2.5,1.7000000000000002,744.0,54.0,0.008,3m,2.5,3.0,1.2000000000000002,726.0,0.15000000000000002,9,COMPLETE
21,21,1.1166995321287976,2025-06-14 19:13:59.538138,2025-06-14 19:14:05.588508,0 days 00:00:06.050370,316.0,0.008,1m,3.5,3.0,1.7000000000000002,818.0,746.0,0.004,2m,2.0,3.0,1.1,432.0,134.0,0.006,1m,2.0,3.5,0.6,894.0,628.0,0.001,1m,2.0,1.5,1.7000000000000002,618.0,,,,,,,,618.0,0.003,2m,2.0,2.0,1.8,354.0,,,,,,,,518,0.002,3m,2.5,2.5,1.8,138,,,,,,,,304.0,0.008,3m,3.0,2.0,0.5,318.0,0.25,7,COMPLETE
22,22,1.397438028545182,2025-06-14 19:14:05.679218,2025-06-14 19:14:11.026832,0 days 00:00:05.347614,156.0,0.008,1m,3.5,3.0,1.4,754.0,774.0,0.003,2m,1.5,3.0,1.5,574.0,296.0,0.006,1m,2.0,3.5,0.6,880.0,582.0,0.001,1m,1.5,1.0,1.7000000000000002,652.0,,,,,,,,648.0,0.003,2m,2.0,2.5,1.8,308.0,,,,,,,,456,0.002,3m,2.5,2.5,1.7000000000000002,172,,,,,,,,,,,,,,,0.15000000000000002,6,COMPLETE
23,23,0.4011047035710191,2025-06-14 19:14:11.106150,2025-06-14 19:14:16.173565,0 days 00:00:05.067415,382.0,0.008,1m,4.0,3.0,1.4,704.0,802.0,0.003,2m,2.5,3.5,1.5,612.0,296.0,0.006,1m,2.0,3.5,0.5,664.0,740.0,0.001,1m,1.5,1.0,1.8,664.0,,,,,,,,670.0,0.003,2m,2.0,2.0,1.8,314.0,,,,,,,,444,0.002,3m,2.5,2.5,1.7000000000000002,594,,,,,,,,,,,,,,,0.25,6,COMPLETE
24,24,-3.4456396890278183,2025-06-14 19:14:16.245230,2025-06-14 19:14:23.547232,0 days 00:00:07.302002,162.0,0.009000000000000001,1m,3.5,4.0,1.1,520.0,788.0,0.003,1m,1.5,3.0,1.1,232.0,114.0,0.006,1m,1.5,3.0,0.6,830.0,502.0,0.001,1m,1.5,1.0,1.7000000000000002,806.0,526.0,0.008,1m,2.0,2.0,1.4,56.0,862.0,0.003,2m,1.0,2.5,1.7000000000000002,158.0,,,,,,,,604,0.002,1m,2.0,2.5,1.8,188,300.0,0.004,3m,3.0,3.0,0.9,1022.0,164.0,0.008,2m,3.5,1.5,0.5,372.0,0.15000000000000002,9,COMPLETE
25,25,-0.6634010878587934,2025-06-14 19:14:23.662628,2025-06-14 19:14:30.455311,0 days 00:00:06.792683,358.0,0.009000000000000001,2m,3.5,2.0,2.0,768.0,532.0,0.001,2m,2.0,2.0,0.8,400.0,458.0,0.004,1m,2.0,2.0,0.6,1010.0,322.0,0.002,1m,1.5,2.5,1.5,594.0,,,,,,,,624.0,0.005,4m,2.0,1.0,1.8,320.0,,,,,,,,744,0.002,3m,1.5,3.5,1.5,808,798.0,0.008,4m,1.5,2.0,1.0,678.0,792.0,0.008,1m,4.0,2.0,0.9,386.0,0.2,8,COMPLETE
26,26,-5.3132789409401235,2025-06-14 19:14:30.538241,2025-06-14 19:14:35.635269,0 days 00:00:05.097028,226.0,0.005,4m,4.0,3.5,1.5,424.0,786.0,0.004,2m,3.0,4.0,1.2000000000000002,792.0,110.0,0.006,1m,2.5,3.5,1.0,634.0,594.0,0.002,1m,2.5,2.0,1.8,800.0,,,,,,,,854.0,0.003,2m,1.5,2.5,1.9000000000000001,188.0,,,,,,,,566,0.003,3m,2.5,3.0,2.0,416,,,,,,,,,,,,,,,0.25,6,COMPLETE
27,27,-3.823850925527496,2025-06-14 19:14:35.738317,2025-06-14 19:14:39.848039,0 days 00:00:04.109722,122.0,0.007,3m,2.5,3.0,1.8,642.0,,,,,,,,274.0,0.005,1m,1.5,2.5,0.7,762.0,,,,,,,,,,,,,,,432.0,0.004,2m,2.0,2.0,1.5,42.0,,,,,,,,436,0.001,3m,2.5,2.5,1.4,556,,,,,,,,,,,,,,,0.15000000000000002,4,COMPLETE
28,28,-3.877517429939785,2025-06-14 19:14:40.006528,2025-06-14 19:14:52.818665,0 days 00:00:12.812137,542.0,0.008,1m,3.0,2.0,1.1,842.0,,,,,,,,288.0,0.008,1m,2.5,3.5,0.5,930.0,802.0,0.003,1m,1.0,2.5,1.4,742.0,,,,,,,,622.0,0.002,2m,3.0,1.5,1.7000000000000002,496.0,,,,,,,,470,0.003,3m,1.0,4.0,1.7000000000000002,128,,,,,,,,,,,,,,,0.35000000000000003,5,COMPLETE
29,29,-0.7099015518970735,2025-06-14 19:14:52.981709,2025-06-14 19:15:07.567127,0 days 00:00:14.585418,794.0,0.006,1m,2.0,1.0,1.4,928.0,858.0,0.002,2m,1.0,2.5,1.8,598.0,584.0,0.004,1m,2.0,2.5,0.7,852.0,374.0,0.001,1m,2.0,1.5,1.7000000000000002,910.0,758.0,0.002,2m,3.5,3.5,2.0,750.0,738.0,0.005,2m,3.0,2.0,1.9000000000000001,324.0,1018.0,0.001,3m,1.0,4.0,2.0,1016.0,340,0.002,3m,2.0,2.0,1.3,514,260.0,0.004,2m,4.0,3.0,1.6,86.0,522.0,0.004,3m,2.5,2.0,0.5,252.0,0.1,10,COMPLETE
30,30,-2.100164544430905,2025-06-14 19:15:07.644561,2025-06-14 19:15:14.525911,0 days 00:00:06.881350,350.0,0.009000000000000001,1m,3.5,2.5,1.8,714.0,540.0,0.004,1m,1.5,3.5,1.4,100.0,88.0,0.007,1m,1.0,3.0,0.9,494.0,220.0,0.004,3m,1.5,1.0,1.8,570.0,,,,,,,,648.0,0.001,1m,1.5,2.5,1.7000000000000002,676.0,,,,,,,,496,0.001,1m,1.5,2.5,1.8,870,206.0,0.001,3m,2.5,1.5,1.1,348.0,186.0,0.007,3m,3.5,3.0,0.7,42.0,0.2,8,COMPLETE
31,31,0.052338479217926455,2025-06-14 19:15:14.610814,2025-06-14 19:15:19.798696,0 days 00:00:05.187882,416.0,0.008,1m,4.0,3.0,1.4,626.0,750.0,0.003,2m,2.5,3.5,1.5,620.0,266.0,0.006,1m,2.0,3.5,0.5,688.0,742.0,0.001,1m,1.5,1.0,1.8,686.0,,,,,,,,674.0,0.003,2m,2.0,2.0,1.8,330.0,,,,,,,,390,0.002,3m,2.5,2.5,1.7000000000000002,598,,,,,,,,,,,,,,,0.25,6,COMPLETE
32,32,-1.939030077271856,2025-06-14 19:15:19.870711,2025-06-14 19:15:23.301991,0 days 00:00:03.431280,338.0,0.008,1m,4.0,3.0,1.5,706.0,,,,,,,,316.0,0.006,3m,2.0,3.0,0.6,648.0,,,,,,,,,,,,,,,460.0,0.002,2m,2.0,1.5,1.9000000000000001,448.0,,,,,,,,596,0.003,3m,2.5,2.5,1.7000000000000002,220,,,,,,,,,,,,,,,0.25,4,COMPLETE
33,33,-1.4895476251141997,2025-06-14 19:15:23.382241,2025-06-14 19:15:28.609304,0 days 00:00:05.227063,202.0,0.007,1m,4.0,3.5,1.2000000000000002,724.0,892.0,0.002,2m,3.0,3.0,1.5,556.0,158.0,0.005,1m,1.5,3.5,0.5,760.0,772.0,0.002,1m,1.5,1.0,1.6,568.0,,,,,,,,790.0,0.003,2m,2.0,2.0,1.8,484.0,,,,,,,,298,0.002,3m,3.0,3.0,1.9000000000000001,348,,,,,,,,,,,,,,,0.4,6,COMPLETE
34,34,-2.126225431404542,2025-06-14 19:15:28.672070,2025-06-14 19:15:30.455501,0 days 00:00:01.783431,,,,,,,,,,,,,,,412.0,0.006,1m,2.0,4.0,0.8,942.0,,,,,,,,,,,,,,,,,,,,,,,,,,,,,500,0.005,4m,2.0,1.5,1.5,762,,,,,,,,,,,,,,,0.2,2,COMPLETE
35,35,-2.5635370673206292,2025-06-14 19:15:30.527732,2025-06-14 19:15:35.091577,0 days 00:00:04.563845,484.0,0.009000000000000001,1m,3.5,3.0,1.4,824.0,,,,,,,,242.0,0.007,3m,1.5,3.0,0.6,286.0,550.0,0.001,1m,2.0,1.5,1.9000000000000001,410.0,,,,,,,,576.0,0.004,2m,1.5,2.5,1.5,228.0,,,,,,,,372,0.001,3m,2.5,2.0,1.4,304,,,,,,,,,,,,,,,0.15000000000000002,5,COMPLETE
36,36,1.8484206100480698,2025-06-14 19:15:35.166996,2025-06-14 19:15:41.101474,0 days 00:00:05.934478,66.0,0.01,1m,4.0,2.5,0.9,524.0,1022.0,0.003,2m,2.5,3.5,1.6,356.0,34.0,0.009000000000000001,1m,1.0,4.0,0.7,692.0,650.0,0.002,1m,2.5,1.0,1.7000000000000002,702.0,,,,,,,,896.0,0.003,4m,2.5,2.0,1.9000000000000001,360.0,,,,,,,,560,0.002,4m,2.5,2.5,1.9000000000000001,98,,,,,,,,426.0,0.009000000000000001,2m,3.5,1.5,1.0,498.0,0.3,7,COMPLETE
37,37,-1.428430256771265,2025-06-14 19:15:41.173124,2025-06-14 19:15:49.084259,0 days 00:00:07.911135,24.0,0.01,2m,3.0,2.5,0.8,358.0,1020.0,0.004,2m,2.0,3.0,1.6,350.0,54.0,0.009000000000000001,4m,1.0,4.0,0.7,858.0,668.0,0.002,2m,2.5,1.5,1.5,742.0,290.0,0.007,1m,2.0,2.0,1.0,630.0,914.0,0.006,4m,2.5,1.5,2.0,388.0,,,,,,,,560,0.003,4m,1.5,3.5,2.0,110,446.0,0.006,3m,1.5,4.0,1.8,602.0,456.0,0.009000000000000001,2m,3.5,1.5,0.7,486.0,0.3,9,COMPLETE
38,38,-3.8443016957536353,2025-06-14 19:15:49.153168,2025-06-14 19:15:56.544984,0 days 00:00:07.391816,100.0,0.01,3m,3.5,3.5,0.8,500.0,622.0,0.002,3m,2.0,2.5,1.2000000000000002,290.0,158.0,0.009000000000000001,1m,3.0,4.0,0.9,960.0,474.0,0.003,1m,3.0,3.0,1.7000000000000002,886.0,,,,,,,,848.0,0.002,4m,3.0,2.0,1.9000000000000001,532.0,,,,,,,,734,0.001,4m,2.0,3.0,1.9000000000000001,238,754.0,0.004,2m,3.0,2.0,1.4,858.0,408.0,0.009000000000000001,2m,3.0,2.0,1.0,500.0,0.4,8,COMPLETE
39,39,-0.3585998542358494,2025-06-14 19:15:56.620446,2025-06-14 19:16:02.716369,0 days 00:00:06.095923,30.0,0.005,4m,3.0,2.5,0.9,568.0,724.0,0.003,4m,1.5,4.0,1.9000000000000001,430.0,46.0,0.009000000000000001,4m,1.0,4.0,1.3,744.0,606.0,0.004,1m,2.5,2.0,1.4,588.0,,,,,,,,780.0,0.006,4m,2.5,2.5,1.2000000000000002,428.0,,,,,,,,622,0.005,4m,3.0,2.0,1.8,106,,,,,,,,564.0,0.007,2m,2.5,1.0,1.5,304.0,0.3,7,COMPLETE
40,40,-2.3945050064533455,2025-06-14 19:16:02.799119,2025-06-14 19:16:11.004649,0 days 00:00:08.205530,82.0,0.01,2m,3.5,2.0,0.6,382.0,858.0,0.004,2m,3.5,3.5,1.7000000000000002,512.0,20.0,0.003,3m,1.0,3.0,0.8,600.0,852.0,0.003,1m,1.0,1.0,1.7000000000000002,726.0,816.0,0.004,3m,1.5,1.5,1.6,94.0,904.0,0.005,1m,2.5,3.0,1.7000000000000002,90.0,,,,,,,,258,0.004,4m,2.0,1.5,1.9000000000000001,282,166.0,0.008,4m,1.5,3.0,0.8,230.0,212.0,0.01,4m,3.5,2.0,0.6,172.0,0.2,9,COMPLETE
41,41,1.4531620899472888,2025-06-14 19:16:11.095385,2025-06-14 19:16:15.640127,0 days 00:00:04.544742,236.0,0.008,1m,4.0,3.0,1.2000000000000002,672.0,,,,,,,,136.0,0.007,1m,2.5,3.5,0.6,692.0,712.0,0.001,1m,2.0,1.0,1.6,620.0,,,,,,,,718.0,0.003,4m,2.5,2.0,1.9000000000000001,294.0,,,,,,,,456,0.002,4m,2.5,2.5,1.7000000000000002,928,,,,,,,,,,,,,,,0.25,5,COMPLETE
42,42,1.3355971189473963,2025-06-14 19:16:15.708964,2025-06-14 19:16:20.084959,0 days 00:00:04.375995,214.0,0.009000000000000001,1m,4.0,3.0,1.2000000000000002,580.0,,,,,,,,94.0,0.007,1m,2.5,3.5,0.6,778.0,638.0,0.002,1m,2.0,1.0,1.6,616.0,,,,,,,,724.0,0.01,4m,2.5,2.0,2.0,282.0,,,,,,,,536,0.002,4m,2.5,2.5,1.6,966,,,,,,,,,,,,,,,0.3,5,COMPLETE
43,43,-6.520070891821539,2025-06-14 19:16:20.168339,2025-06-14 19:16:24.810024,0 days 00:00:04.641685,226.0,0.009000000000000001,1m,4.0,2.5,1.2000000000000002,570.0,,,,,,,,198.0,0.008,1m,3.0,4.0,0.7,548.0,522.0,0.002,1m,2.0,1.0,1.6,548.0,,,,,,,,718.0,0.004,4m,2.5,2.5,2.0,276.0,,,,,,,,560,0.001,4m,2.5,2.5,1.6,930,,,,,,,,,,,,,,,0.35000000000000003,5,COMPLETE
44,44,-5.782908433990488,2025-06-14 19:16:24.891215,2025-06-14 19:16:28.279120,0 days 00:00:03.387905,170.0,0.01,1m,4.0,3.5,1.0,586.0,,,,,,,,82.0,0.007,1m,2.5,3.5,0.7,798.0,,,,,,,,,,,,,,,804.0,0.008,4m,2.5,1.5,1.9000000000000001,172.0,,,,,,,,476,0.003,4m,3.0,3.0,1.3,1012,,,,,,,,,,,,,,,0.4,4,COMPLETE
45,45,-1.2418618105887775,2025-06-14 19:16:28.379562,2025-06-14 19:16:33.080197,0 days 00:00:04.700635,240.0,0.009000000000000001,1m,4.0,3.0,0.6,324.0,,,,,,,,970.0,0.007,1m,2.5,3.0,0.6,702.0,702.0,0.002,3m,2.5,1.0,1.4,516.0,,,,,,,,742.0,0.01,4m,3.0,2.0,2.0,294.0,,,,,,,,676,0.002,4m,2.5,2.0,1.5,946,,,,,,,,,,,,,,,0.5,5,COMPLETE
46,46,-0.9791575530980989,2025-06-14 19:16:33.178233,2025-06-14 19:16:36.604108,0 days 00:00:03.425875,112.0,0.007,4m,4.0,2.5,1.1,670.0,,,,,,,,202.0,0.008,4m,3.0,4.0,0.8,126.0,,,,,,,,,,,,,,,580.0,0.009000000000000001,4m,2.5,2.5,1.9000000000000001,962.0,,,,,,,,378,0.001,4m,3.0,2.5,1.6,884,,,,,,,,,,,,,,,0.3,4,COMPLETE
47,47,-3.3301942983651993,2025-06-14 19:16:36.689302,2025-06-14 19:16:41.211386,0 days 00:00:04.522084,262.0,0.006,1m,4.0,3.0,0.9,162.0,,,,,,,,66.0,0.01,1m,2.5,3.5,0.5,792.0,816.0,0.003,1m,3.0,1.0,1.6,712.0,,,,,,,,990.0,0.01,4m,2.5,1.5,0.5,216.0,,,,,,,,314,0.004,4m,2.0,3.0,0.5,810,,,,,,,,,,,,,,,0.3,5,COMPLETE
