,number,value,datetime_start,datetime_complete,duration,params_AEP_AMGN_beta_win,params_AEP_AMGN_stop_loss,params_AEP_AMGN_trade_freq,params_AEP_AMGN_z_entry,params_AEP_AMGN_z_exit,params_AEP_AMGN_z_stop_scaler,params_AEP_AMGN_z_win,params_AMD_NTES_beta_win,params_AMD_NTES_stop_loss,params_AMD_NTES_trade_freq,params_AMD_NTES_z_entry,params_AMD_NTES_z_exit,params_AMD_NTES_z_stop_scaler,params_AMD_NTES_z_win,params_AMGN_JD_beta_win,params_AMGN_JD_stop_loss,params_AMGN_JD_trade_freq,params_AMGN_JD_z_entry,params_AMGN_JD_z_exit,params_AMGN_JD_z_stop_scaler,params_AMGN_JD_z_win,params_AMZN_GOOGL_beta_win,params_AMZN_GOOGL_stop_loss,params_AMZN_GOOGL_trade_freq,params_AMZN_GOOGL_z_entry,params_AMZN_GOOGL_z_exit,params_AMZN_GOOGL_z_stop_scaler,params_AMZN_GOOGL_z_win,params_AMZN_GOOG_beta_win,params_AMZN_GOOG_stop_loss,params_AMZN_GOOG_trade_freq,params_AMZN_GOOG_z_entry,params_AMZN_GOOG_z_exit,params_AMZN_GOOG_z_stop_scaler,params_AMZN_GOOG_z_win,params_ATVI_NTES_beta_win,params_ATVI_NTES_stop_loss,params_ATVI_NTES_trade_freq,params_ATVI_NTES_z_entry,params_ATVI_NTES_z_exit,params_ATVI_NTES_z_stop_scaler,params_ATVI_NTES_z_win,params_GOOGL_WDAY_beta_win,params_GOOGL_WDAY_stop_loss,params_GOOGL_WDAY_trade_freq,params_GOOGL_WDAY_z_entry,params_GOOGL_WDAY_z_exit,params_GOOGL_WDAY_z_stop_scaler,params_GOOGL_WDAY_z_win,params_GOOG_GOOGL_beta_win,params_GOOG_GOOGL_stop_loss,params_GOOG_GOOGL_trade_freq,params_GOOG_GOOGL_z_entry,params_GOOG_GOOGL_z_exit,params_GOOG_GOOGL_z_stop_scaler,params_GOOG_GOOGL_z_win,params_LRCX_NXPI_beta_win,params_LRCX_NXPI_stop_loss,params_LRCX_NXPI_trade_freq,params_LRCX_NXPI_z_entry,params_LRCX_NXPI_z_exit,params_LRCX_NXPI_z_stop_scaler,params_LRCX_NXPI_z_win,params_ORLY_SIRI_beta_win,params_ORLY_SIRI_stop_loss,params_ORLY_SIRI_trade_freq,params_ORLY_SIRI_z_entry,params_ORLY_SIRI_z_exit,params_ORLY_SIRI_z_stop_scaler,params_ORLY_SIRI_z_win,params_buffer_capital,params_pairs_to_trade,state
96,96,-3.0313312592100776,2025-06-14 19:22:10.503784,2025-06-14 19:22:24.215214,0 days 00:00:13.711430,490.0,0.005,1m,3.0,1.0,1.2000000000000002,528.0,422.0,0.003,2m,1.0,3.5,1.7000000000000002,322.0,150.0,0.003,3m,1.0,3.0,1.2000000000000002,954.0,514.0,0.002,1m,2.5,1.0,1.5,620.0,428.0,0.006,1m,3.5,3.5,1.5,876.0,726.0,0.005,2m,2.0,2.0,1.7000000000000002,326.0,,,,,,,,366,0.01,4m,2.5,3.5,1.2000000000000002,424,90.0,0.007,1m,3.5,2.5,0.7,792.0,596.0,0.009000000000000001,3m,4.0,3.0,1.1,954.0,0.15000000000000002,9,COMPLETE
97,97,-4.2914458847487555,2025-06-14 19:22:24.293513,2025-06-14 19:22:31.036567,0 days 00:00:06.743054,432.0,0.006,4m,2.5,1.0,1.1,694.0,590.0,0.004,4m,1.0,1.5,1.4,512.0,98.0,0.002,3m,2.0,3.5,1.3,670.0,610.0,0.004,1m,2.5,1.0,1.8,672.0,,,,,,,,794.0,0.006,2m,2.5,4.0,1.9000000000000001,224.0,,,,,,,,298,0.009000000000000001,3m,2.5,3.5,1.5,234,982.0,0.004,1m,4.0,2.0,0.9,896.0,492.0,0.01,3m,3.5,3.0,0.6,766.0,0.15000000000000002,8,COMPLETE
98,98,3.142767840549746,2025-06-14 19:22:31.134463,2025-06-14 19:22:34.531350,0 days 00:00:03.396887,494.0,0.007,1m,4.0,1.0,1.4,492.0,,,,,,,,64.0,0.01,3m,1.5,4.0,1.1,802.0,,,,,,,,,,,,,,,694.0,0.004,4m,3.5,2.5,1.6,306.0,,,,,,,,110,0.001,3m,1.5,3.0,1.6,996,,,,,,,,,,,,,,,0.2,4,COMPLETE
99,99,-4.79281237179107,2025-06-14 19:22:34.599559,2025-06-14 19:22:37.254589,0 days 00:00:02.655030,,,,,,,,,,,,,,,440.0,0.01,3m,1.5,4.0,1.1,868.0,,,,,,,,,,,,,,,874.0,0.004,2m,3.5,2.5,1.6,362.0,,,,,,,,172,0.001,3m,1.5,3.0,1.3,90,,,,,,,,,,,,,,,0.2,3,COMPLETE
100,100,-0.7387219950914338,2025-06-14 19:22:37.319861,2025-06-14 19:22:40.879294,0 days 00:00:03.559433,514.0,0.007,1m,3.5,1.0,1.4,430.0,,,,,,,,58.0,0.01,3m,1.5,4.0,1.1,802.0,,,,,,,,,,,,,,,700.0,0.004,4m,4.0,2.5,1.2000000000000002,724.0,,,,,,,,104,0.001,3m,2.0,3.0,1.1,168,,,,,,,,,,,,,,,0.2,4,COMPLETE
101,101,-0.6287677323205042,2025-06-14 19:22:40.972578,2025-06-14 19:22:44.347732,0 days 00:00:03.375154,476.0,0.007,1m,4.0,1.0,1.3,500.0,,,,,,,,76.0,0.01,3m,1.5,4.0,1.2000000000000002,900.0,,,,,,,,,,,,,,,668.0,0.008,4m,2.5,2.5,1.8,308.0,,,,,,,,94,0.001,3m,1.5,3.0,1.6,992,,,,,,,,,,,,,,,0.15000000000000002,4,COMPLETE
102,102,-6.966680772505133,2025-06-14 19:22:44.407246,2025-06-14 19:22:48.807675,0 days 00:00:04.400429,532.0,0.005,1m,4.0,1.5,1.5,614.0,,,,,,,,38.0,0.009000000000000001,3m,2.0,3.5,1.3,828.0,806.0,0.003,4m,2.0,1.0,1.8,740.0,,,,,,,,642.0,0.003,4m,3.5,2.0,1.7000000000000002,270.0,,,,,,,,42,0.002,3m,2.5,4.0,1.6,946,,,,,,,,,,,,,,,0.25,5,COMPLETE
103,103,-2.4213243672253024,2025-06-14 19:22:48.881248,2025-06-14 19:22:56.356747,0 days 00:00:07.475499,582.0,0.006,1m,4.0,1.0,1.2000000000000002,644.0,550.0,0.005,3m,3.5,3.0,1.9000000000000001,442.0,104.0,0.003,3m,1.0,3.5,1.4,770.0,82.0,0.002,1m,2.5,2.5,1.6,542.0,584.0,0.005,1m,2.5,2.5,1.6,700.0,712.0,0.005,4m,2.0,2.0,1.8,342.0,,,,,,,,222,0.002,4m,1.5,3.0,1.7000000000000002,976,570.0,0.005,1m,3.5,2.5,1.1,980.0,404.0,0.009000000000000001,1m,2.0,3.5,1.0,844.0,0.2,9,COMPLETE
104,104,0.2111931682299027,2025-06-14 19:22:56.413437,2025-06-14 19:23:05.295816,0 days 00:00:08.882379,514.0,0.004,1m,3.5,1.0,1.4,482.0,442.0,0.003,2m,1.5,2.5,1.4,290.0,140.0,0.01,3m,2.0,4.0,1.5,706.0,666.0,0.001,2m,3.0,4.0,1.9000000000000001,634.0,810.0,0.004,1m,3.0,4.0,1.2000000000000002,542.0,594.0,0.004,4m,2.5,3.5,1.9000000000000001,294.0,216.0,0.008,4m,1.5,3.5,1.7000000000000002,818.0,138,0.001,3m,1.0,2.5,1.5,1006,250.0,0.004,1m,4.0,3.0,1.4,750.0,366.0,0.008,4m,3.5,3.0,0.7,810.0,0.15000000000000002,10,COMPLETE
105,105,-5.756000914231868,2025-06-14 19:23:05.363922,2025-06-14 19:23:09.838047,0 days 00:00:04.474125,640.0,0.007,1m,4.0,1.5,0.9,582.0,,,,,,,,178.0,0.003,4m,1.5,3.5,0.5,936.0,466.0,0.004,1m,2.0,1.0,1.4,596.0,,,,,,,,818.0,0.003,1m,2.0,2.0,2.0,258.0,,,,,,,,536,0.002,3m,2.5,3.0,1.4,914,,,,,,,,,,,,,,,0.3,5,COMPLETE
106,106,-1.1205695242758988,2025-06-14 19:23:09.925042,2025-06-14 19:23:16.606616,0 days 00:00:06.681574,454.0,0.007,1m,3.5,1.0,1.2000000000000002,662.0,644.0,0.005,2m,1.0,2.0,1.5,370.0,206.0,0.009000000000000001,3m,2.5,3.5,0.6,744.0,722.0,0.003,1m,1.0,1.0,1.7000000000000002,648.0,,,,,,,,774.0,0.006,4m,4.0,2.5,1.7000000000000002,864.0,,,,,,,,478,0.001,4m,2.5,2.5,0.9,552,,,,,,,,454.0,0.008,3m,4.0,3.0,0.8,914.0,0.25,7,COMPLETE
107,107,-5.144263186949907,2025-06-14 19:23:16.671584,2025-06-14 19:23:20.604023,0 days 00:00:03.932439,416.0,0.006,3m,4.0,3.0,1.3,418.0,,,,,,,,76.0,0.008,3m,3.0,4.0,1.3,860.0,,,,,,,,,,,,,,,684.0,0.004,2m,2.5,2.0,1.9000000000000001,162.0,,,,,,,,498,0.003,3m,4.0,3.5,1.6,120,,,,,,,,,,,,,,,0.1,4,COMPLETE
108,108,-4.529400733424719,2025-06-14 19:23:20.681202,2025-06-14 19:23:29.319119,0 days 00:00:08.637917,218.0,0.01,1m,1.5,2.0,0.7,740.0,368.0,0.003,1m,1.0,3.0,1.3,534.0,28.0,0.006,1m,1.5,2.5,1.4,806.0,636.0,0.002,1m,1.5,1.5,1.5,568.0,172.0,0.002,2m,4.0,3.0,1.9000000000000001,152.0,624.0,0.01,4m,2.0,2.5,1.8,382.0,,,,,,,,560,0.002,4m,2.0,2.5,1.6,960,372.0,0.005,3m,1.0,3.5,1.2000000000000002,846.0,280.0,0.009000000000000001,3m,4.0,2.5,1.2000000000000002,702.0,0.2,9,COMPLETE
109,109,-2.203388102914366,2025-06-14 19:23:29.389139,2025-06-14 19:23:36.715360,0 days 00:00:07.326221,486.0,0.002,1m,3.5,3.0,1.1,548.0,896.0,0.003,2m,1.5,3.5,1.6,392.0,140.0,0.008,1m,2.0,3.5,0.5,886.0,538.0,0.001,3m,2.0,1.0,1.6,776.0,,,,,,,,762.0,0.009000000000000001,2m,3.0,3.0,1.6,406.0,,,,,,,,434,0.007,3m,2.5,3.5,1.0,842,704.0,0.006,2m,4.0,2.0,1.0,936.0,1006.0,0.01,3m,3.5,3.5,0.5,646.0,0.3,8,COMPLETE
110,110,-0.10102376140204207,2025-06-14 19:23:36.787117,2025-06-14 19:23:42.625908,0 days 00:00:05.838791,134.0,0.007,4m,3.5,1.5,1.4,722.0,504.0,0.007,2m,3.0,2.5,1.6,440.0,116.0,0.007,3m,1.0,4.0,1.9000000000000001,534.0,772.0,0.001,1m,2.5,1.0,1.8,708.0,,,,,,,,658.0,0.007,2m,2.0,2.0,2.0,322.0,,,,,,,,578,0.001,1m,2.0,4.0,1.7000000000000002,924,,,,,,,,,,,,,,,0.25,6,COMPLETE
111,111,-3.019075704134726,2025-06-14 19:23:42.700659,2025-06-14 19:23:49.242439,0 days 00:00:06.541780,252.0,0.008,1m,3.5,3.0,1.7000000000000002,870.0,670.0,0.004,2m,1.5,3.0,1.7000000000000002,468.0,168.0,0.006,1m,2.0,3.5,0.6,838.0,582.0,0.001,1m,2.0,1.5,1.7000000000000002,612.0,,,,,,,,96.0,0.003,2m,2.0,2.0,1.8,346.0,,,,,,,,528,0.002,3m,2.5,2.5,1.8,144,,,,,,,,320.0,0.007,3m,3.0,2.0,0.5,224.0,0.25,7,COMPLETE
112,112,2.0326886064154044,2025-06-14 19:23:49.323745,2025-06-14 19:23:55.725744,0 days 00:00:06.401999,290.0,0.009000000000000001,1m,3.5,3.0,1.8,772.0,602.0,0.004,2m,2.0,3.0,1.5,328.0,90.0,0.005,1m,2.0,3.5,0.6,918.0,688.0,0.002,1m,2.0,1.5,1.7000000000000002,668.0,,,,,,,,614.0,0.003,2m,2.0,2.0,1.8,284.0,,,,,,,,508,0.002,3m,2.5,2.5,1.7000000000000002,886,,,,,,,,230.0,0.008,3m,2.5,2.0,0.6,266.0,0.25,7,COMPLETE
113,113,2.6618741326549924,2025-06-14 19:23:55.776618,2025-06-14 19:24:02.469970,0 days 00:00:06.693352,286.0,0.009000000000000001,1m,3.5,3.0,1.8,764.0,594.0,0.006,2m,1.5,3.0,1.5,142.0,52.0,0.005,1m,2.0,3.5,0.7,920.0,690.0,0.002,1m,2.5,1.5,1.6,676.0,,,,,,,,508.0,0.003,2m,2.0,2.0,1.7000000000000002,278.0,,,,,,,,458,0.002,3m,2.5,2.5,1.7000000000000002,870,496.0,0.008,1m,3.5,2.5,1.6,982.0,168.0,0.009000000000000001,3m,2.5,2.5,0.6,268.0,0.25,8,COMPLETE
114,114,1.9450263598387811,2025-06-14 19:24:02.552218,2025-06-14 19:24:09.218590,0 days 00:00:06.666372,286.0,0.009000000000000001,1m,2.0,3.0,1.8,768.0,608.0,0.006,2m,1.5,3.0,1.5,128.0,50.0,0.005,1m,2.0,3.5,0.7,984.0,688.0,0.002,1m,2.5,1.5,1.9000000000000001,682.0,,,,,,,,496.0,0.002,2m,2.0,2.0,1.7000000000000002,230.0,,,,,,,,450,0.002,3m,2.5,2.5,1.7000000000000002,876,516.0,0.009000000000000001,1m,3.5,2.5,1.6,996.0,162.0,0.009000000000000001,3m,2.5,2.5,0.6,282.0,0.25,8,COMPLETE
115,115,2.2537311067468657,2025-06-14 19:24:09.308852,2025-06-14 19:24:16.432133,0 days 00:00:07.123281,330.0,0.009000000000000001,1m,2.0,3.0,1.9000000000000001,778.0,604.0,0.006,2m,1.5,3.0,1.5,18.0,48.0,0.005,1m,2.0,3.5,0.7,994.0,692.0,0.003,1m,2.5,2.0,2.0,722.0,,,,,,,,548.0,0.002,2m,2.0,2.0,1.7000000000000002,242.0,,,,,,,,424,0.002,3m,2.5,2.5,1.7000000000000002,864,520.0,0.009000000000000001,1m,3.5,2.5,1.7000000000000002,992.0,172.0,0.009000000000000001,3m,2.5,2.5,0.6,278.0,0.25,8,COMPLETE
116,116,1.278456415540739,2025-06-14 19:24:16.529130,2025-06-14 19:24:23.329109,0 days 00:00:06.799979,326.0,0.009000000000000001,1m,2.0,3.0,1.9000000000000001,836.0,606.0,0.006,2m,1.5,3.0,1.5,18.0,56.0,0.005,1m,2.0,3.5,0.8,992.0,684.0,0.003,1m,2.5,2.0,2.0,732.0,,,,,,,,516.0,0.002,2m,2.0,2.0,1.6,224.0,,,,,,,,426,0.003,3m,2.5,2.5,1.7000000000000002,872,496.0,0.009000000000000001,1m,3.5,2.5,1.7000000000000002,992.0,168.0,0.009000000000000001,3m,2.5,2.5,0.6,254.0,0.25,8,COMPLETE
117,117,2.806944138723788,2025-06-14 19:24:23.431599,2025-06-14 19:24:30.344383,0 days 00:00:06.912784,286.0,0.01,1m,2.0,1.0,1.8,772.0,638.0,0.006,2m,1.5,3.0,1.5,70.0,18.0,0.005,2m,2.0,3.5,0.7,1002.0,694.0,0.005,1m,3.0,2.0,2.0,800.0,,,,,,,,500.0,0.002,2m,2.0,2.0,1.5,188.0,,,,,,,,392,0.002,3m,2.5,3.0,1.7000000000000002,818,490.0,0.009000000000000001,1m,3.5,2.5,1.7000000000000002,928.0,62.0,0.009000000000000001,3m,2.5,2.5,0.6,148.0,0.25,8,COMPLETE
118,118,0.825158901702329,2025-06-14 19:24:30.389637,2025-06-14 19:24:36.715789,0 days 00:00:06.326152,292.0,0.01,1m,2.0,3.0,1.8,774.0,640.0,0.006,2m,1.5,3.0,1.4,74.0,20.0,0.005,2m,2.0,3.0,0.7,962.0,836.0,0.005,1m,3.0,2.5,2.0,830.0,,,,,,,,418.0,0.002,2m,2.0,2.0,1.5,110.0,,,,,,,,388,0.002,3m,2.5,2.5,1.8,770,494.0,0.009000000000000001,1m,3.0,2.5,1.7000000000000002,984.0,42.0,0.008,3m,2.5,2.5,0.6,122.0,0.25,8,COMPLETE
119,119,0.9088641246759233,2025-06-14 19:24:36.782731,2025-06-14 19:24:43.694450,0 days 00:00:06.911719,304.0,0.01,1m,2.0,2.5,1.9000000000000001,808.0,560.0,0.007,2m,1.5,3.0,1.6,138.0,38.0,0.005,2m,2.0,3.5,0.8,1024.0,734.0,0.004,1m,3.0,2.0,1.9000000000000001,794.0,,,,,,,,516.0,0.001,2m,1.5,2.0,1.6,186.0,,,,,,,,366,0.003,3m,3.0,3.0,1.2000000000000002,810,524.0,0.009000000000000001,1m,3.5,2.5,1.8,900.0,80.0,0.009000000000000001,3m,2.5,2.5,0.5,270.0,0.25,8,COMPLETE
120,120,4.225060646094627,2025-06-14 19:24:43.759751,2025-06-14 19:24:51.006421,0 days 00:00:07.246670,338.0,0.009000000000000001,2m,2.0,3.0,2.0,788.0,590.0,0.006,2m,1.5,3.0,1.5,66.0,64.0,0.005,2m,2.0,3.5,0.9,1004.0,700.0,0.003,1m,2.5,2.0,2.0,676.0,484.0,0.003,4m,3.5,3.5,1.7000000000000002,908.0,500.0,0.002,2m,2.0,2.0,1.7000000000000002,130.0,,,,,,,,332,0.002,3m,2.5,2.5,1.5,856,414.0,0.01,1m,3.0,2.5,1.6,1018.0,142.0,0.009000000000000001,3m,2.0,2.5,0.6,214.0,0.2,9,COMPLETE
121,121,2.956417137090058,2025-06-14 19:24:51.082949,2025-06-14 19:24:58.443207,0 days 00:00:07.360258,362.0,0.009000000000000001,2m,2.0,3.0,2.0,800.0,600.0,0.006,2m,1.5,3.0,1.5,62.0,74.0,0.005,2m,2.0,3.5,0.9,992.0,700.0,0.007,1m,2.5,2.0,2.0,760.0,460.0,0.003,4m,3.5,3.5,1.7000000000000002,916.0,496.0,0.002,2m,2.0,2.0,1.7000000000000002,64.0,,,,,,,,310,0.002,3m,2.5,2.5,1.5,888,426.0,0.01,1m,3.0,2.5,1.6,1024.0,136.0,0.009000000000000001,3m,2.0,2.5,0.6,208.0,0.2,9,COMPLETE
122,122,3.876940444555598,2025-06-14 19:24:58.521972,2025-06-14 19:25:05.541145,0 days 00:00:07.019173,362.0,0.009000000000000001,2m,2.0,3.0,2.0,792.0,590.0,0.006,2m,1.5,3.0,1.4,66.0,82.0,0.005,2m,2.0,3.5,0.9,986.0,700.0,0.007,1m,2.5,2.0,2.0,814.0,472.0,0.003,4m,3.5,3.5,1.9000000000000001,1016.0,502.0,0.002,2m,2.0,2.0,1.7000000000000002,78.0,,,,,,,,240,0.002,3m,2.5,2.5,1.5,882,346.0,0.01,1m,3.0,2.5,1.6,1012.0,150.0,0.01,3m,2.0,2.5,0.7,216.0,0.2,9,COMPLETE
123,123,1.5119905293333749,2025-06-14 19:25:05.621662,2025-06-14 19:25:16.756433,0 days 00:00:11.134771,278.0,0.009000000000000001,2m,2.0,3.0,2.0,778.0,598.0,0.006,2m,1.5,3.0,1.5,72.0,80.0,0.005,2m,2.0,3.5,0.9,996.0,760.0,0.007,1m,3.5,2.0,2.0,818.0,456.0,0.003,4m,3.5,3.5,1.9000000000000001,1022.0,476.0,0.002,2m,2.0,2.0,1.7000000000000002,118.0,,,,,,,,324,0.002,3m,2.5,2.5,1.5,888,396.0,0.01,1m,3.0,2.5,1.6,1024.0,166.0,0.01,3m,2.0,2.5,0.6,220.0,0.2,9,COMPLETE
124,124,3.451665332479126,2025-06-14 19:25:16.884384,2025-06-14 19:25:43.069814,0 days 00:00:26.185430,366.0,0.009000000000000001,2m,2.0,3.0,1.9000000000000001,804.0,576.0,0.006,2m,1.5,3.0,1.4,118.0,16.0,0.005,2m,2.0,3.5,0.9,976.0,700.0,0.008,1m,2.5,2.0,2.0,878.0,482.0,0.002,4m,4.0,4.0,1.8,940.0,502.0,0.002,2m,2.0,2.0,1.5,20.0,,,,,,,,268,0.002,3m,2.5,2.5,1.5,856,478.0,0.01,1m,3.0,2.5,1.6,980.0,140.0,0.01,3m,2.0,2.5,0.7,142.0,0.2,9,COMPLETE
125,125,-1.2902910237836365,2025-06-14 19:25:43.202807,2025-06-14 19:25:57.786514,0 days 00:00:14.583707,368.0,0.009000000000000001,2m,2.0,3.0,1.9000000000000001,914.0,588.0,0.006,2m,1.5,3.0,1.4,132.0,16.0,0.005,2m,2.0,3.5,0.9,1004.0,790.0,0.008,1m,2.5,2.5,2.0,762.0,,,,,,,,498.0,0.002,2m,2.0,2.0,1.4,28.0,,,,,,,,278,0.002,3m,2.5,2.5,1.5,856,326.0,0.01,1m,3.0,2.5,1.6,1024.0,138.0,0.01,3m,2.0,2.5,0.7,126.0,0.2,8,COMPLETE
126,126,2.1475354858523237,2025-06-14 19:25:57.872987,2025-06-14 19:26:07.197727,0 days 00:00:09.324740,404.0,0.009000000000000001,2m,2.0,3.0,2.0,798.0,682.0,0.006,2m,1.5,3.0,1.4,58.0,46.0,0.005,2m,2.0,3.5,1.0,970.0,716.0,0.008,4m,2.5,2.0,2.0,874.0,486.0,0.001,4m,4.0,4.0,2.0,926.0,440.0,0.001,2m,2.0,2.0,1.5,72.0,818.0,0.002,3m,3.0,3.5,1.7000000000000002,372.0,242,0.003,3m,3.0,2.5,1.5,780,474.0,0.01,1m,3.0,2.5,1.9000000000000001,976.0,80.0,0.01,3m,1.5,2.5,0.6,160.0,0.2,10,COMPLETE
127,127,0.19746114721844105,2025-06-14 19:26:07.279126,2025-06-14 19:26:16.487499,0 days 00:00:09.208373,338.0,0.009000000000000001,2m,1.5,3.0,2.0,846.0,714.0,0.007,2m,1.5,3.0,1.4,54.0,84.0,0.004,2m,2.0,3.0,1.0,970.0,708.0,0.008,4m,3.0,2.0,2.0,930.0,480.0,0.001,4m,4.0,4.0,2.0,908.0,438.0,0.001,2m,2.0,2.0,1.4,78.0,830.0,0.002,3m,3.0,3.5,1.7000000000000002,384.0,214,0.003,3m,3.0,2.5,1.4,784,470.0,0.01,1m,3.0,2.0,1.9000000000000001,954.0,16.0,0.01,3m,1.5,2.5,0.7,150.0,0.2,10,COMPLETE
128,128,0.6025647129011665,2025-06-14 19:26:16.593101,2025-06-14 19:26:26.117809,0 days 00:00:09.524708,406.0,0.009000000000000001,2m,2.0,3.0,2.0,888.0,670.0,0.006,2m,1.5,3.0,1.3,102.0,40.0,0.005,2m,2.0,3.5,1.0,950.0,736.0,0.007,4m,2.5,2.0,2.0,888.0,520.0,0.001,4m,4.0,4.0,1.9000000000000001,934.0,540.0,0.001,2m,2.0,1.5,1.5,54.0,892.0,0.003,3m,3.0,4.0,2.0,52.0,242,0.004,3m,3.0,2.5,1.4,826,414.0,0.01,3m,2.5,2.5,1.7000000000000002,976.0,86.0,0.01,3m,2.0,2.5,0.6,74.0,0.2,10,COMPLETE
129,129,-1.6742594391955896,2025-06-14 19:26:26.197099,2025-06-14 19:26:35.409538,0 days 00:00:09.212439,360.0,0.009000000000000001,2m,2.0,3.0,2.0,802.0,536.0,0.007,2m,1.5,3.0,1.4,20.0,68.0,0.005,2m,2.0,3.5,0.9,936.0,662.0,0.008,4m,3.0,2.0,2.0,848.0,364.0,0.002,4m,4.0,4.0,2.0,824.0,348.0,0.001,2m,1.5,2.0,1.5,72.0,684.0,0.001,3m,3.5,3.5,1.7000000000000002,440.0,276,0.003,3m,2.0,2.5,1.5,740,386.0,0.01,1m,3.0,2.5,1.8,980.0,234.0,0.01,3m,1.5,2.5,0.7,192.0,0.2,10,COMPLETE
130,130,-0.6850930852923024,2025-06-14 19:26:35.492041,2025-06-14 19:26:43.610400,0 days 00:00:08.118359,330.0,0.009000000000000001,2m,2.5,3.0,1.9000000000000001,790.0,572.0,0.006,2m,2.0,3.0,1.3,100.0,94.0,0.005,2m,2.0,3.0,1.0,1010.0,716.0,0.009000000000000001,4m,2.5,2.0,2.0,916.0,572.0,0.002,4m,4.0,4.0,1.7000000000000002,960.0,462.0,0.002,2m,2.0,2.0,1.6,24.0,,,,,,,,194,0.002,3m,3.5,2.0,1.6,856,470.0,0.009000000000000001,1m,2.5,2.0,1.9000000000000001,918.0,124.0,0.01,3m,2.0,2.0,0.6,216.0,0.2,9,COMPLETE
131,131,2.668023601685479,2025-06-14 19:26:43.680038,2025-06-14 19:26:52.278785,0 days 00:00:08.598747,276.0,0.009000000000000001,2m,2.0,3.0,1.8,824.0,622.0,0.006,2m,1.5,3.0,1.5,42.0,54.0,0.005,2m,2.0,3.5,0.9,978.0,692.0,0.008,1m,2.5,2.0,1.9000000000000001,804.0,480.0,0.001,4m,3.5,3.5,1.8,1018.0,500.0,0.002,2m,2.0,2.0,1.6,122.0,,,,,,,,300,0.002,3m,2.5,2.5,1.5,874,530.0,0.009000000000000001,1m,3.0,2.5,1.6,996.0,174.0,0.009000000000000001,3m,2.5,2.5,0.6,292.0,0.2,9,COMPLETE
132,132,-1.7268222906740267,2025-06-14 19:26:52.351502,2025-06-14 19:27:00.696950,0 days 00:00:08.345448,382.0,0.009000000000000001,2m,2.0,3.0,1.9000000000000001,826.0,652.0,0.006,2m,1.5,3.0,1.5,44.0,54.0,0.004,2m,2.0,3.5,0.9,974.0,756.0,0.008,1m,2.5,2.0,1.9000000000000001,874.0,480.0,0.001,4m,3.5,3.5,1.8,1018.0,566.0,0.002,2m,2.0,2.0,1.6,136.0,,,,,,,,292,0.002,3m,2.5,2.5,1.5,792,426.0,0.008,1m,3.0,2.5,1.6,456.0,196.0,0.009000000000000001,3m,2.5,2.5,0.5,332.0,0.2,9,COMPLETE
133,133,1.5139411800851075,2025-06-14 19:27:00.742432,2025-06-14 19:27:09.226461,0 days 00:00:08.484029,350.0,0.01,2m,2.0,3.0,1.9000000000000001,752.0,692.0,0.006,2m,1.5,3.0,1.4,70.0,114.0,0.005,2m,2.0,3.5,0.9,1024.0,652.0,0.007,2m,2.5,2.0,1.9000000000000001,794.0,512.0,0.002,4m,3.5,3.5,1.6,954.0,538.0,0.001,2m,2.0,2.0,1.5,58.0,516.0,0.005,3m,2.0,3.0,1.4,556.0,248,0.005,3m,2.5,2.5,1.5,896,540.0,0.01,1m,3.0,2.5,1.5,970.0,68.0,0.01,3m,2.0,2.5,0.6,160.0,0.2,10,COMPLETE
134,134,0.268524633614283,2025-06-14 19:27:09.299492,2025-06-14 19:27:17.427742,0 days 00:00:08.128250,402.0,0.009000000000000001,2m,2.0,3.0,2.0,868.0,624.0,0.007,2m,1.5,3.0,1.5,168.0,18.0,0.005,2m,2.0,3.5,1.1,928.0,704.0,0.008,1m,2.5,2.0,2.0,758.0,592.0,0.001,4m,3.5,3.5,1.9000000000000001,856.0,420.0,0.002,2m,2.0,2.0,1.4,94.0,,,,,,,,270,0.002,3m,2.5,2.5,1.6,824,494.0,0.009000000000000001,1m,3.0,2.5,1.7000000000000002,1024.0,106.0,0.009000000000000001,3m,2.5,2.5,0.7,244.0,0.2,9,COMPLETE
135,135,-4.677173698861767,2025-06-14 19:27:17.481097,2025-06-14 19:27:19.399578,0 days 00:00:01.918481,,,,,,,,,,,,,,,74.0,0.005,2m,2.0,3.5,0.8,952.0,,,,,,,,,,,,,,,,,,,,,,,,,,,,,322,0.001,3m,1.0,2.5,1.5,854,,,,,,,,,,,,,,,0.2,2,COMPLETE
136,136,2.141951200107778,2025-06-14 19:27:19.483667,2025-06-14 19:27:27.235160,0 days 00:00:07.751493,260.0,0.009000000000000001,2m,1.5,3.5,1.8,828.0,580.0,0.006,2m,1.5,3.5,1.5,84.0,50.0,0.004,2m,2.0,3.5,1.0,996.0,728.0,0.009000000000000001,4m,2.5,2.0,2.0,802.0,384.0,0.002,4m,4.0,4.0,2.0,978.0,452.0,0.002,2m,2.0,2.0,1.5,38.0,,,,,,,,154,0.002,3m,2.5,2.5,1.4,906,604.0,0.01,4m,3.0,2.5,1.5,958.0,144.0,0.009000000000000001,1m,2.0,2.5,0.6,116.0,0.2,9,COMPLETE
137,137,-4.607679909430346,2025-06-14 19:27:27.308325,2025-06-14 19:27:35.216794,0 days 00:00:07.908469,258.0,0.01,2m,1.5,4.0,1.8,836.0,580.0,0.006,4m,1.5,3.5,1.4,90.0,44.0,0.004,2m,2.0,3.5,1.0,998.0,826.0,0.006,4m,2.5,2.0,2.0,818.0,386.0,0.002,4m,4.0,4.0,2.0,960.0,392.0,0.002,2m,2.0,2.0,1.5,34.0,,,,,,,,148,0.003,3m,2.5,2.0,1.4,916,606.0,0.01,4m,3.0,2.5,1.5,958.0,152.0,0.009000000000000001,1m,2.0,2.5,0.7,120.0,0.2,9,COMPLETE
138,138,-1.9935160320042855,2025-06-14 19:27:35.330397,2025-06-14 19:27:42.668067,0 days 00:00:07.337670,314.0,0.009000000000000001,2m,2.5,3.5,2.0,808.0,534.0,0.006,2m,1.5,3.5,1.2000000000000002,44.0,36.0,0.004,2m,2.0,3.5,1.0,974.0,786.0,0.009000000000000001,4m,2.5,2.0,1.9000000000000001,948.0,458.0,0.003,4m,4.0,4.0,2.0,1024.0,452.0,0.002,2m,2.0,2.0,1.4,16.0,,,,,,,,192,0.001,3m,2.5,2.5,1.4,946,282.0,0.009000000000000001,4m,3.0,2.5,1.6,994.0,180.0,0.01,1m,1.5,2.5,0.5,86.0,0.2,9,COMPLETE
139,139,-2.7126971354623244,2025-06-14 19:27:42.750920,2025-06-14 19:27:50.591035,0 days 00:00:07.840115,338.0,0.009000000000000001,2m,1.5,3.5,1.9000000000000001,880.0,654.0,0.007,2m,1.5,3.0,1.5,146.0,64.0,0.004,2m,2.0,3.5,0.9,946.0,722.0,0.007,4m,2.5,2.5,2.0,790.0,500.0,0.001,4m,4.0,4.0,1.9000000000000001,934.0,510.0,0.001,2m,2.0,2.0,1.5,130.0,,,,,,,,50,0.002,3m,2.5,2.5,1.5,810,540.0,0.01,4m,2.5,2.5,1.7000000000000002,930.0,110.0,0.009000000000000001,1m,1.0,2.5,0.6,188.0,0.2,9,COMPLETE
140,140,1.3058168401671875,2025-06-14 19:27:50.678591,2025-06-14 19:27:59.439761,0 days 00:00:08.761170,370.0,0.009000000000000001,2m,2.0,3.5,2.0,846.0,628.0,0.006,2m,1.5,3.5,1.6,110.0,126.0,0.005,2m,2.0,3.5,0.8,1002.0,746.0,0.009000000000000001,4m,2.5,2.0,2.0,866.0,454.0,0.002,4m,1.0,1.0,1.7000000000000002,968.0,476.0,0.002,2m,1.5,1.5,1.6,100.0,788.0,0.002,3m,2.5,2.5,1.8,262.0,118,0.001,3m,3.0,2.5,1.6,838,460.0,0.008,2m,3.0,2.5,1.5,886.0,56.0,0.009000000000000001,1m,2.0,2.5,0.7,42.0,0.2,10,COMPLETE
141,141,1.203555026558127,2025-06-14 19:27:59.526800,2025-06-14 19:28:07.595864,0 days 00:00:08.069064,268.0,0.009000000000000001,2m,2.0,3.0,1.8,794.0,598.0,0.006,2m,1.5,3.0,1.5,60.0,88.0,0.005,2m,2.0,3.5,1.0,978.0,692.0,0.008,1m,2.5,2.0,1.9000000000000001,898.0,542.0,0.003,4m,3.5,3.5,1.8,794.0,364.0,0.002,2m,2.0,2.0,1.7000000000000002,70.0,,,,,,,,308,0.002,3m,2.5,2.5,1.5,894,604.0,0.01,3m,3.5,2.5,1.6,998.0,136.0,0.008,3m,2.5,2.5,0.6,144.0,0.2,9,COMPLETE
