,number,value,datetime_start,datetime_complete,duration,params_ADP_ASML_beta_win,params_ADP_ASML_stop_loss,params_ADP_ASML_trade_freq,params_ADP_ASML_z_entry,params_ADP_ASML_z_exit,params_ADP_ASML_z_stop_scaler,params_ADP_ASML_z_win,params_ADP_PAYX_beta_win,params_ADP_PAYX_stop_loss,params_ADP_PAYX_trade_freq,params_ADP_PAYX_z_entry,params_ADP_PAYX_z_exit,params_ADP_PAYX_z_stop_scaler,params_ADP_PAYX_z_win,params_ADP_XEL_beta_win,params_ADP_XEL_stop_loss,params_ADP_XEL_trade_freq,params_ADP_XEL_z_entry,params_ADP_XEL_z_exit,params_ADP_XEL_z_stop_scaler,params_ADP_XEL_z_win,params_AMGN_ANSS_beta_win,params_AMGN_ANSS_stop_loss,params_AMGN_ANSS_trade_freq,params_AMGN_ANSS_z_entry,params_AMGN_ANSS_z_exit,params_AMGN_ANSS_z_stop_scaler,params_AMGN_ANSS_z_win,params_AMZN_MRVL_beta_win,params_AMZN_MRVL_stop_loss,params_AMZN_MRVL_trade_freq,params_AMZN_MRVL_z_entry,params_AMZN_MRVL_z_exit,params_AMZN_MRVL_z_stop_scaler,params_AMZN_MRVL_z_win,params_AZN_ANSS_beta_win,params_AZN_ANSS_stop_loss,params_AZN_ANSS_trade_freq,params_AZN_ANSS_z_entry,params_AZN_ANSS_z_exit,params_AZN_ANSS_z_stop_scaler,params_AZN_ANSS_z_win,params_CSCO_DASH_beta_win,params_CSCO_DASH_stop_loss,params_CSCO_DASH_trade_freq,params_CSCO_DASH_z_entry,params_CSCO_DASH_z_exit,params_CSCO_DASH_z_stop_scaler,params_CSCO_DASH_z_win,params_CSCO_FTNT_beta_win,params_CSCO_FTNT_stop_loss,params_CSCO_FTNT_trade_freq,params_CSCO_FTNT_z_entry,params_CSCO_FTNT_z_exit,params_CSCO_FTNT_z_stop_scaler,params_CSCO_FTNT_z_win,params_CSCO_META_beta_win,params_CSCO_META_stop_loss,params_CSCO_META_trade_freq,params_CSCO_META_z_entry,params_CSCO_META_z_exit,params_CSCO_META_z_stop_scaler,params_CSCO_META_z_win,params_GOOG_GOOGL_beta_win,params_GOOG_GOOGL_stop_loss,params_GOOG_GOOGL_trade_freq,params_GOOG_GOOGL_z_entry,params_GOOG_GOOGL_z_exit,params_GOOG_GOOGL_z_stop_scaler,params_GOOG_GOOGL_z_win,params_buffer_capital,params_pairs_to_trade,state
0,0,-9.87934912682786,2025-06-14 20:10:33.577000,2025-06-14 20:10:36.565905,0 days 00:00:02.988905,,,,,,,,342,0.009000000000000001,3m,3.5,2.0,1.3,502,,,,,,,,,,,,,,,,,,,,,,1000.0,0.002,1m,2.5,2.0,0.6,468.0,,,,,,,,,,,,,,,,,,,,,,876.0,0.003,3m,1.0,3.0,1.3,394.0,0.5,3,COMPLETE
1,1,-3.42537219574798,2025-06-14 20:10:36.673922,2025-06-14 20:10:39.306895,0 days 00:00:02.632973,,,,,,,,324,0.009000000000000001,2m,4.0,1.5,1.9000000000000001,320,,,,,,,,,,,,,,,,,,,,,,984.0,0.006,3m,2.5,3.0,1.0,592.0,,,,,,,,,,,,,,,,,,,,,,210.0,0.009000000000000001,1m,3.0,3.0,1.9000000000000001,948.0,0.3,3,COMPLETE
2,2,-8.17889705113977,2025-06-14 20:10:39.379749,2025-06-14 20:10:47.360699,0 days 00:00:07.980950,110.0,0.003,4m,1.0,4.0,1.6,146.0,270,0.008,4m,1.0,1.5,0.5,50,652.0,0.001,4m,3.0,1.5,0.5,828.0,34.0,0.005,2m,3.0,3.5,0.8,230.0,920.0,0.003,3m,2.5,1.0,1.3,360.0,572.0,0.008,4m,1.5,3.5,2.0,386.0,76.0,0.001,3m,2.5,2.5,0.6,388.0,,,,,,,,670.0,0.006,4m,2.0,2.5,0.8,548.0,978.0,0.007,3m,1.5,4.0,0.7,698.0,0.2,9,COMPLETE
3,3,-3.266959992947836,2025-06-14 20:10:47.431161,2025-06-14 20:11:00.280478,0 days 00:00:12.849317,434.0,0.006,3m,2.5,3.5,0.7,974.0,544,0.009000000000000001,1m,1.5,3.5,1.3,326,,,,,,,,960.0,0.01,4m,2.5,1.5,1.3,260.0,,,,,,,,352.0,0.007,2m,1.0,3.5,1.3,856.0,,,,,,,,,,,,,,,,,,,,,,844.0,0.01,4m,3.5,4.0,1.9000000000000001,582.0,0.05,5,COMPLETE
4,4,-1.9038164217186786,2025-06-14 20:11:00.426445,2025-06-14 20:11:11.270261,0 days 00:00:10.843816,886.0,0.003,3m,3.5,2.5,1.1,452.0,974,0.009000000000000001,4m,1.5,2.0,1.9000000000000001,702,,,,,,,,956.0,0.01,1m,1.5,1.5,1.9000000000000001,592.0,,,,,,,,754.0,0.009000000000000001,1m,2.5,3.0,1.1,992.0,,,,,,,,,,,,,,,,,,,,,,56.0,0.007,4m,3.5,3.0,1.7000000000000002,226.0,0.2,5,COMPLETE
5,5,-7.218929879514531,2025-06-14 20:11:11.372269,2025-06-14 20:11:18.489071,0 days 00:00:07.116802,32.0,0.006,1m,3.0,3.5,1.5,220.0,430,0.001,4m,2.5,4.0,0.8,278,370.0,0.007,1m,2.0,1.0,1.4,490.0,604.0,0.006,1m,4.0,2.0,1.9000000000000001,106.0,974.0,0.008,4m,3.0,4.0,1.8,922.0,804.0,0.008,1m,2.5,3.5,0.6,550.0,,,,,,,,,,,,,,,304.0,0.007,4m,1.5,1.0,1.8,648.0,218.0,0.004,2m,1.5,3.0,1.6,72.0,0.15000000000000002,8,COMPLETE
6,6,-1.6111401925357403,2025-06-14 20:11:18.587085,2025-06-14 20:11:21.907758,0 days 00:00:03.320673,,,,,,,,264,0.008,1m,4.0,1.0,0.6,718,,,,,,,,254.0,0.009000000000000001,2m,2.0,3.5,1.6,890.0,,,,,,,,56.0,0.009000000000000001,3m,2.5,1.5,1.1,276.0,,,,,,,,,,,,,,,,,,,,,,588.0,0.007,2m,2.5,2.5,0.8,598.0,0.45,4,COMPLETE
7,7,-4.472756876323849,2025-06-14 20:11:21.975157,2025-06-14 20:11:24.452916,0 days 00:00:02.477759,,,,,,,,952,0.004,3m,2.0,2.5,0.8,652,,,,,,,,,,,,,,,,,,,,,,948.0,0.008,2m,4.0,3.0,1.6,760.0,,,,,,,,,,,,,,,,,,,,,,832.0,0.01,3m,3.5,2.5,1.5,514.0,0.1,3,COMPLETE
8,8,-2.780502649127524,2025-06-14 20:11:24.545123,2025-06-14 20:11:30.145139,0 days 00:00:05.600016,574.0,0.009000000000000001,4m,2.0,1.5,1.2000000000000002,294.0,186,0.009000000000000001,3m,3.0,3.0,1.2000000000000002,68,,,,,,,,142.0,0.007,1m,3.0,3.0,1.7000000000000002,862.0,338.0,0.005,2m,1.5,3.0,1.4,492.0,150.0,0.002,2m,4.0,3.0,1.4,444.0,,,,,,,,,,,,,,,370.0,0.006,3m,2.0,3.0,1.2000000000000002,674.0,172.0,0.001,2m,2.5,4.0,1.8,892.0,0.05,7,COMPLETE
9,9,-5.425632877218262,2025-06-14 20:11:30.214425,2025-06-14 20:11:38.450837,0 days 00:00:08.236412,64.0,0.007,2m,3.0,1.0,1.9000000000000001,316.0,90,0.004,2m,4.0,1.5,0.9,844,552.0,0.003,1m,2.0,3.5,0.7,384.0,1012.0,0.004,4m,4.0,1.5,0.5,248.0,410.0,0.006,4m,1.0,3.5,1.7000000000000002,748.0,1010.0,0.007,3m,4.0,1.5,0.8,766.0,678.0,0.01,4m,4.0,4.0,2.0,420.0,432.0,0.007,4m,4.0,1.5,0.9,224.0,612.0,0.004,2m,1.0,1.5,1.6,82.0,698.0,0.01,4m,2.5,3.5,0.8,766.0,0.45,10,COMPLETE
10,10,0.008956731563633486,2025-06-14 20:11:38.554667,2025-06-14 20:11:39.622260,0 days 00:00:01.067593,,,,,,,,640,0.006,1m,3.0,1.0,0.5,1014,,,,,,,,,,,,,,,,,,,,,,,,,,,,,,,,,,,,,,,,,,,,,,,,,,,,,,,,,0.35000000000000003,1,COMPLETE
11,11,0.049031027359375846,2025-06-14 20:11:39.689375,2025-06-14 20:11:40.746680,0 days 00:00:01.057305,,,,,,,,636,0.006,1m,3.0,1.0,0.5,986,,,,,,,,,,,,,,,,,,,,,,,,,,,,,,,,,,,,,,,,,,,,,,,,,,,,,,,,,0.35000000000000003,1,COMPLETE
12,12,-1.2589026457137265,2025-06-14 20:11:40.851224,2025-06-14 20:11:41.914635,0 days 00:00:01.063411,,,,,,,,662,0.006,1m,3.0,1.0,0.5,978,,,,,,,,,,,,,,,,,,,,,,,,,,,,,,,,,,,,,,,,,,,,,,,,,,,,,,,,,0.35000000000000003,1,COMPLETE
13,13,1.0095691495533905,2025-06-14 20:11:41.973079,2025-06-14 20:11:43.115272,0 days 00:00:01.142193,,,,,,,,752,0.006,1m,3.0,1.0,1.1,992,,,,,,,,,,,,,,,,,,,,,,,,,,,,,,,,,,,,,,,,,,,,,,,,,,,,,,,,,0.35000000000000003,1,COMPLETE
14,14,0.16525068406302218,2025-06-14 20:11:43.196807,2025-06-14 20:11:44.429576,0 days 00:00:01.232769,,,,,,,,800,0.004,1m,2.5,2.0,1.6,872,,,,,,,,,,,,,,,,,,,,,,,,,,,,,,,,,,,,,,,,,,,,,,,,,,,,,,,,,0.35000000000000003,1,COMPLETE
15,15,-1.2526490207309935,2025-06-14 20:11:44.504989,2025-06-14 20:11:46.571998,0 days 00:00:02.067009,,,,,,,,772,0.003,1m,2.5,2.5,1.6,838,,,,,,,,,,,,,,,,,,,,,,,,,,,,,,,,,,,,,,,,,,,,,,,,,,414.0,0.001,1m,4.0,1.0,0.5,56.0,0.25,2,COMPLETE
16,16,-10.789367965277592,2025-06-14 20:11:46.629868,2025-06-14 20:11:52.855367,0 days 00:00:06.225499,966.0,0.001,2m,4.0,2.0,0.5,836.0,834,0.002,1m,2.0,2.0,1.6,852,,,,,,,,548.0,0.001,3m,1.0,4.0,1.0,548.0,54.0,0.01,1m,4.0,1.5,0.5,176.0,394.0,0.004,4m,1.5,1.0,1.8,66.0,,,,,,,,,,,,,,,964.0,0.001,1m,4.0,4.0,0.5,1006.0,408.0,0.005,1m,2.0,1.0,1.1,366.0,0.4,7,COMPLETE
17,17,-43.543561604012,2025-06-14 20:11:52.914486,2025-06-14 20:11:55.039241,0 days 00:00:02.124755,,,,,,,,834,0.005,1m,3.5,3.0,1.6,518,,,,,,,,,,,,,,,,,,,,,,,,,,,,,,,,,,,,,,,,,,,,,,,,,,620.0,0.003,1m,1.0,1.5,1.1,1010.0,0.3,2,COMPLETE
18,18,-6.965109990191602,2025-06-14 20:11:55.087665,2025-06-14 20:11:58.580997,0 days 00:00:03.493332,,,,,,,,1024,0.007,2m,2.0,2.5,1.0,884,,,,,,,,736.0,0.001,3m,1.0,2.5,1.3,1006.0,,,,,,,,602.0,0.004,4m,3.5,2.0,2.0,28.0,,,,,,,,,,,,,,,,,,,,,,406.0,0.008,3m,4.0,2.0,1.4,240.0,0.4,4,COMPLETE
19,19,-5.605887732613206,2025-06-14 20:11:58.640553,2025-06-14 20:12:00.635503,0 days 00:00:01.994950,,,,,,,,738,0.004,1m,3.5,1.5,1.1,596,,,,,,,,,,,,,,,,,,,,,,,,,,,,,,,,,,,,,,,,,,,,,,,,,,1016.0,0.005,2m,2.0,2.0,1.1,830.0,0.25,2,COMPLETE
20,20,-5.822871318557556,2025-06-14 20:12:00.698783,2025-06-14 20:12:05.814540,0 days 00:00:05.115757,642.0,0.01,1m,1.0,3.0,2.0,640.0,508,0.005,1m,2.5,2.0,1.4,764,,,,,,,,340.0,0.003,4m,3.5,1.0,0.6,748.0,668.0,0.001,2m,4.0,2.0,0.6,72.0,224.0,0.001,1m,3.5,4.0,1.6,236.0,,,,,,,,,,,,,,,,,,,,,,36.0,0.002,4m,3.0,1.5,0.5,200.0,0.5,6,COMPLETE
21,21,-0.1374408715519222,2025-06-14 20:12:05.895463,2025-06-14 20:12:07.008788,0 days 00:00:01.113325,,,,,,,,628,0.007,1m,3.0,1.0,1.5,948,,,,,,,,,,,,,,,,,,,,,,,,,,,,,,,,,,,,,,,,,,,,,,,,,,,,,,,,,0.35000000000000003,1,COMPLETE
22,22,1.4236819565627417,2025-06-14 20:12:07.056795,2025-06-14 20:12:08.093468,0 days 00:00:01.036673,,,,,,,,854,0.007,1m,3.0,1.5,1.8,924,,,,,,,,,,,,,,,,,,,,,,,,,,,,,,,,,,,,,,,,,,,,,,,,,,,,,,,,,0.4,1,COMPLETE
23,23,-10.98416310434678,2025-06-14 20:12:08.130039,2025-06-14 20:12:10.016186,0 days 00:00:01.886147,,,,,,,,886,0.007,1m,2.5,1.5,1.8,922,,,,,,,,,,,,,,,,,,,,,,,,,,,,,,,,,,,,,,,,,,,,,,,,,,746.0,0.006,1m,1.5,3.5,0.9,418.0,0.4,2,COMPLETE
24,24,-0.15250608827502907,2025-06-14 20:12:10.077551,2025-06-14 20:12:11.064433,0 days 00:00:00.986882,,,,,,,,730,0.003,1m,3.5,2.0,2.0,792,,,,,,,,,,,,,,,,,,,,,,,,,,,,,,,,,,,,,,,,,,,,,,,,,,,,,,,,,0.45,1,COMPLETE
25,25,-7.226138588253544,2025-06-14 20:12:11.145432,2025-06-14 20:12:14.621660,0 days 00:00:03.476228,,,,,,,,894,0.005,1m,2.0,1.5,1.8,1022,,,,,,,,762.0,0.008,3m,2.0,2.5,1.0,28.0,,,,,,,,374.0,0.01,4m,1.0,1.0,0.5,1000.0,,,,,,,,,,,,,,,,,,,,,,500.0,0.003,4m,3.0,2.0,2.0,694.0,0.3,4,COMPLETE
26,26,-4.024671375392503,2025-06-14 20:12:14.687547,2025-06-14 20:12:17.262188,0 days 00:00:02.574641,,,,,,,,772,0.01,3m,3.0,1.5,1.7000000000000002,906,,,,,,,,,,,,,,,,,,,,,,732.0,0.004,3m,2.0,4.0,0.9,686.0,,,,,,,,,,,,,,,,,,,,,,316.0,0.008,3m,2.0,1.5,1.3,312.0,0.4,3,COMPLETE
27,27,-34.226226181562666,2025-06-14 20:12:17.322389,2025-06-14 20:12:19.240826,0 days 00:00:01.918437,,,,,,,,840,0.003,2m,2.5,3.0,1.4,416,,,,,,,,,,,,,,,,,,,,,,,,,,,,,,,,,,,,,,,,,,,,,,,,,,704.0,0.004,2m,1.0,3.5,1.0,478.0,0.35000000000000003,2,COMPLETE
28,28,-3.9219711622675044,2025-06-14 20:12:19.296605,2025-06-14 20:12:20.310646,0 days 00:00:01.014041,,,,,,,,546,0.007,4m,3.5,1.0,1.1,608,,,,,,,,,,,,,,,,,,,,,,,,,,,,,,,,,,,,,,,,,,,,,,,,,,,,,,,,,0.25,1,COMPLETE
29,29,-2.616041136385656,2025-06-14 20:12:20.356626,2025-06-14 20:12:22.948249,0 days 00:00:02.591623,,,,,,,,706,0.008,3m,2.5,2.0,1.3,778,,,,,,,,,,,,,,,,,,,,,,232.0,0.005,2m,3.0,2.5,1.5,208.0,,,,,,,,,,,,,,,,,,,,,,538.0,0.006,4m,4.0,1.0,0.6,124.0,0.5,3,COMPLETE
30,30,-1.5076341542986815,2025-06-14 20:12:23.016825,2025-06-14 20:12:24.847520,0 days 00:00:01.830695,,,,,,,,920,0.006,1m,3.0,2.0,1.5,924,,,,,,,,,,,,,,,,,,,,,,,,,,,,,,,,,,,,,,,,,,,,,,,,,,322.0,0.009000000000000001,3m,3.0,2.5,1.5,1024.0,0.45,2,COMPLETE
31,31,0.4318172173301263,2025-06-14 20:12:24.944777,2025-06-14 20:12:25.960958,0 days 00:00:01.016181,,,,,,,,620,0.006,1m,3.0,1.0,0.7,970,,,,,,,,,,,,,,,,,,,,,,,,,,,,,,,,,,,,,,,,,,,,,,,,,,,,,,,,,0.35000000000000003,1,COMPLETE
32,32,-0.04758452171871727,2025-06-14 20:12:26.016962,2025-06-14 20:12:26.934339,0 days 00:00:00.917377,,,,,,,,800,0.005,1m,3.5,1.5,0.7,940,,,,,,,,,,,,,,,,,,,,,,,,,,,,,,,,,,,,,,,,,,,,,,,,,,,,,,,,,0.3,1,COMPLETE
33,33,-8.236081909866035,2025-06-14 20:12:26.985854,2025-06-14 20:12:29.640519,0 days 00:00:02.654665,,,,,,,,424,0.004,1m,3.0,1.0,2.0,804,,,,,,,,,,,,,,,,,,,,,,18.0,0.001,1m,1.5,2.0,1.8,322.0,,,,,,,,,,,,,,,,,,,,,,112.0,0.002,1m,2.0,3.5,1.7000000000000002,636.0,0.4,3,COMPLETE
34,34,2.1457833381465496,2025-06-14 20:12:29.706193,2025-06-14 20:12:31.538591,0 days 00:00:01.832398,,,,,,,,564,0.008,1m,3.5,1.0,1.8,886,,,,,,,,,,,,,,,,,,,,,,,,,,,,,,,,,,,,,,,,,,,,,,,,,,910.0,0.004,2m,3.5,1.5,1.2000000000000002,800.0,0.35000000000000003,2,COMPLETE
35,35,-5.28859092772814,2025-06-14 20:12:31.616028,2025-06-14 20:12:33.305692,0 days 00:00:01.689664,,,,,,,,570,0.01,4m,4.0,1.0,0.9,722,,,,,,,,,,,,,,,,,,,,,,,,,,,,,,,,,,,,,,,,,,,,,,,,,,952.0,0.004,2m,3.5,1.5,1.0,804.0,0.3,2,COMPLETE
36,36,-1.5872700598284954,2025-06-14 20:12:33.354976,2025-06-14 20:12:35.180528,0 days 00:00:01.825552,,,,,,,,478,0.008,2m,3.5,1.0,1.8,136,,,,,,,,,,,,,,,,,,,,,,,,,,,,,,,,,,,,,,,,,,,,,,,,,,904.0,0.002,2m,4.0,2.0,1.2000000000000002,870.0,0.2,2,COMPLETE
37,37,-3.404486598519793,2025-06-14 20:12:35.240437,2025-06-14 20:12:38.813874,0 days 00:00:03.573437,,,,,,,,592,0.008,1m,3.5,1.5,1.9000000000000001,442,,,,,,,,412.0,0.003,2m,2.5,4.0,1.5,412.0,,,,,,,,486.0,0.003,3m,3.5,2.5,0.8,156.0,,,,,,,,,,,,,,,,,,,,,,778.0,0.005,2m,3.5,1.0,1.4,690.0,0.4,4,COMPLETE
38,38,-2.315423000385211,2025-06-14 20:12:38.899265,2025-06-14 20:12:42.805021,0 days 00:00:03.905756,340.0,0.001,3m,2.0,1.0,0.9,28.0,352,0.007,4m,4.0,1.0,0.7,990,,,,,,,,816.0,0.006,2m,1.5,1.0,1.0,676.0,,,,,,,,858.0,0.01,2m,2.0,1.5,1.2000000000000002,886.0,,,,,,,,,,,,,,,,,,,,,,644.0,0.006,2m,3.0,2.5,1.3,448.0,0.45,5,COMPLETE
39,39,-16.89814053583785,2025-06-14 20:12:42.874217,2025-06-14 20:12:45.505617,0 days 00:00:02.631400,,,,,,,,700,0.009000000000000001,1m,1.0,1.5,1.0,670,,,,,,,,,,,,,,,,,,,,,,684.0,0.006,4m,3.0,1.0,1.7000000000000002,634.0,,,,,,,,,,,,,,,,,,,,,,906.0,0.004,2m,2.5,1.5,0.7,750.0,0.35000000000000003,3,COMPLETE
40,40,-100.0,2025-06-14 20:12:45.569931,2025-06-14 20:12:46.567167,0 days 00:00:00.997236,,,,,,,,448,0.006,3m,3.0,1.0,1.7000000000000002,1024,,,,,,,,,,,,,,,,,,,,,,,,,,,,,,,,,,,,,,,,,,,,,,,,,,,,,,,,,0.3,1,COMPLETE
41,41,-1.2203639231910879,2025-06-14 20:12:46.605045,2025-06-14 20:12:47.505689,0 days 00:00:00.900644,,,,,,,,682,0.007,1m,2.5,1.5,1.7000000000000002,876,,,,,,,,,,,,,,,,,,,,,,,,,,,,,,,,,,,,,,,,,,,,,,,,,,,,,,,,,0.35000000000000003,1,COMPLETE
42,42,1.1131371477617946,2025-06-14 20:12:47.553732,2025-06-14 20:12:48.386829,0 days 00:00:00.833097,,,,,,,,608,0.008,1m,3.0,1.5,1.9000000000000001,832,,,,,,,,,,,,,,,,,,,,,,,,,,,,,,,,,,,,,,,,,,,,,,,,,,,,,,,,,0.4,1,COMPLETE
43,43,-1.2091802544800987,2025-06-14 20:12:48.440416,2025-06-14 20:12:50.210104,0 days 00:00:01.769688,,,,,,,,588,0.008,1m,3.0,1.0,2.0,970,,,,,,,,,,,,,,,,,,,,,,,,,,,,,,,,,,,,,,,,,,,,,,,,,,804.0,0.003,2m,3.0,2.0,1.2000000000000002,970.0,0.4,2,COMPLETE
44,44,-1.627301540561498,2025-06-14 20:12:50.268647,2025-06-14 20:12:51.242415,0 days 00:00:00.973768,,,,,,,,394,0.008,1m,3.5,4.0,1.9000000000000001,742,,,,,,,,,,,,,,,,,,,,,,,,,,,,,,,,,,,,,,,,,,,,,,,,,,,,,,,,,0.45,1,COMPLETE
45,45,1.0778689790238638,2025-06-14 20:12:51.321161,2025-06-14 20:12:53.118871,0 days 00:00:01.797710,,,,,,,,496,0.009000000000000001,1m,3.0,1.5,1.8,810,,,,,,,,,,,,,,,,,,,,,,,,,,,,,,,,,,,,,,,,,,,,,,,,,,506.0,0.008,3m,4.0,1.0,1.5,908.0,0.4,2,COMPLETE
46,46,0.1278974778206122,2025-06-14 20:12:53.171773,2025-06-14 20:12:55.459666,0 days 00:00:02.287893,,,,,,,,494,0.009000000000000001,1m,3.0,1.5,1.9000000000000001,824,,,,,,,,,,,,,,,,,,,,,,494.0,0.005,4m,2.0,4.0,1.3,366.0,,,,,,,,,,,,,,,,,,,,,,496.0,0.008,3m,4.0,1.0,1.5,914.0,0.5,3,COMPLETE
47,47,-7.059116862101746,2025-06-14 20:12:55.507285,2025-06-14 20:13:02.392447,0 days 00:00:06.885162,760.0,0.008,2m,4.0,2.0,1.6,688.0,308,0.01,1m,3.5,1.5,1.8,688,1014.0,0.01,3m,4.0,4.0,2.0,18.0,18.0,0.008,4m,3.5,3.0,2.0,478.0,90.0,0.01,3m,2.5,2.5,0.9,1008.0,900.0,0.003,2m,3.0,2.5,0.7,96.0,1018.0,0.005,2m,1.0,1.0,1.5,974.0,,,,,,,,22.0,0.01,2m,3.5,4.0,2.0,72.0,300.0,0.009000000000000001,3m,3.5,1.5,1.7000000000000002,848.0,0.45,9,COMPLETE
48,48,2.3101274877136526,2025-06-14 20:13:02.453394,2025-06-14 20:13:04.128654,0 days 00:00:01.675260,,,,,,,,532,0.009000000000000001,2m,4.0,3.5,1.2000000000000002,598,,,,,,,,,,,,,,,,,,,,,,,,,,,,,,,,,,,,,,,,,,,,,,,,,,568.0,0.007,3m,4.0,1.0,1.4,938.0,0.4,2,COMPLETE
49,49,-9.192115310473728,2025-06-14 20:13:04.192901,2025-06-14 20:13:07.350991,0 days 00:00:03.158090,,,,,,,,222,0.009000000000000001,2m,4.0,3.5,1.7000000000000002,612,,,,,,,,422.0,0.002,3m,3.0,2.0,0.7,370.0,,,,,,,,254.0,0.007,1m,1.0,2.0,1.9000000000000001,904.0,,,,,,,,,,,,,,,,,,,,,,454.0,0.007,3m,4.0,1.0,1.4,946.0,0.4,4,COMPLETE
50,50,-0.23425355490067595,2025-06-14 20:13:07.401307,2025-06-14 20:13:09.851678,0 days 00:00:02.450371,,,,,,,,520,0.009000000000000001,2m,4.0,3.5,1.2000000000000002,560,,,,,,,,,,,,,,,,,,,,,,632.0,0.002,3m,3.5,3.5,1.5,754.0,,,,,,,,,,,,,,,,,,,,,,544.0,0.009000000000000001,3m,3.5,1.0,1.6,770.0,0.45,3,COMPLETE
51,51,0.28835337711052234,2025-06-14 20:13:09.907070,2025-06-14 20:13:11.587601,0 days 00:00:01.680531,,,,,,,,458,0.008,2m,4.0,3.5,1.2000000000000002,846,,,,,,,,,,,,,,,,,,,,,,,,,,,,,,,,,,,,,,,,,,,,,,,,,,680.0,0.007,3m,4.0,1.5,1.6,932.0,0.4,2,COMPLETE
52,52,-1.286592173129735,2025-06-14 20:13:11.664493,2025-06-14 20:13:13.384913,0 days 00:00:01.720420,,,,,,,,554,0.01,2m,3.0,2.5,1.1,894,,,,,,,,,,,,,,,,,,,,,,,,,,,,,,,,,,,,,,,,,,,,,,,,,,584.0,0.008,3m,3.5,1.0,1.8,578.0,0.35000000000000003,2,COMPLETE
53,53,-4.316622364300751,2025-06-14 20:13:13.441227,2025-06-14 20:13:15.111803,0 days 00:00:01.670576,,,,,,,,394,0.009000000000000001,1m,3.5,3.0,1.4,294,,,,,,,,,,,,,,,,,,,,,,,,,,,,,,,,,,,,,,,,,,,,,,,,,,258.0,0.006,3m,4.0,1.5,1.2000000000000002,970.0,0.4,2,COMPLETE
54,54,-4.744891123528904,2025-06-14 20:13:15.203831,2025-06-14 20:13:16.022912,0 days 00:00:00.819081,,,,,,,,988,0.008,4m,3.0,4.0,1.3,756,,,,,,,,,,,,,,,,,,,,,,,,,,,,,,,,,,,,,,,,,,,,,,,,,,,,,,,,,0.35000000000000003,1,COMPLETE
55,55,1.9108615468892003,2025-06-14 20:13:16.083525,2025-06-14 20:13:17.025019,0 days 00:00:00.941494,,,,,,,,662,0.009000000000000001,1m,4.0,2.0,1.0,814,,,,,,,,,,,,,,,,,,,,,,,,,,,,,,,,,,,,,,,,,,,,,,,,,,,,,,,,,0.4,1,COMPLETE
56,56,-2.153826498739035,2025-06-14 20:13:17.074196,2025-06-14 20:13:18.050678,0 days 00:00:00.976482,,,,,,,,654,0.009000000000000001,2m,4.0,2.0,1.0,224,,,,,,,,,,,,,,,,,,,,,,,,,,,,,,,,,,,,,,,,,,,,,,,,,,,,,,,,,0.4,1,COMPLETE
57,57,-6.988313831570093,2025-06-14 20:13:18.093501,2025-06-14 20:13:19.771588,0 days 00:00:01.678087,,,,,,,,78,0.009000000000000001,1m,4.0,2.0,0.9,644,,,,,,,,,,,,,,,,,,,,,,,,,,,,,,,,,,,,,,,,,,,,,,,,,,362.0,0.007,3m,3.5,1.0,1.3,654.0,0.45,2,COMPLETE
58,58,-7.171569271878022,2025-06-14 20:13:19.853579,2025-06-14 20:13:22.255905,0 days 00:00:02.402326,,,,,,,,604,0.01,3m,3.5,1.5,1.5,810,,,,,,,,,,,,,,,,,,,,,,114.0,0.009000000000000001,3m,1.5,1.5,0.5,496.0,,,,,,,,,,,,,,,,,,,,,,164.0,0.005,3m,4.0,2.0,1.5,798.0,0.4,3,COMPLETE
59,59,-4.620176413256696,2025-06-14 20:13:22.313400,2025-06-14 20:13:26.841909,0 days 00:00:04.528509,294.0,0.004,1m,1.5,4.0,0.5,1022.0,524,0.007,1m,4.0,2.5,1.8,726,,,,,,,,620.0,0.005,1m,2.0,3.0,1.4,770.0,664.0,0.001,1m,1.5,1.0,2.0,646.0,826.0,0.003,2m,3.0,4.0,1.0,680.0,,,,,,,,,,,,,,,,,,,,,,958.0,0.01,3m,3.5,1.5,1.9000000000000001,886.0,0.5,6,COMPLETE
60,60,-5.5967766654374485,2025-06-14 20:13:26.897888,2025-06-14 20:13:33.505826,0 days 00:00:06.607938,754.0,0.004,4m,2.5,2.5,1.4,500.0,670,0.008,1m,3.5,2.0,2.0,862,212.0,0.006,2m,1.0,2.5,2.0,956.0,210.0,0.007,4m,3.5,3.5,1.1,982.0,250.0,0.005,1m,3.0,4.0,0.9,306.0,436.0,0.001,1m,2.0,2.5,0.7,456.0,28.0,0.01,1m,4.0,4.0,0.5,16.0,964.0,0.001,1m,1.0,4.0,2.0,962.0,1012.0,0.001,1m,3.0,2.5,1.2000000000000002,1024.0,870.0,0.007,4m,3.0,1.0,1.0,726.0,0.05,10,COMPLETE
61,61,-0.6272515951321348,2025-06-14 20:13:33.553510,2025-06-14 20:13:34.411488,0 days 00:00:00.857978,,,,,,,,758,0.009000000000000001,1m,3.0,1.5,1.1,910,,,,,,,,,,,,,,,,,,,,,,,,,,,,,,,,,,,,,,,,,,,,,,,,,,,,,,,,,0.35000000000000003,1,COMPLETE
62,62,0.47313351304594586,2025-06-14 20:13:34.448567,2025-06-14 20:13:35.301073,0 days 00:00:00.852506,,,,,,,,810,0.007,1m,3.5,1.0,1.9000000000000001,472,,,,,,,,,,,,,,,,,,,,,,,,,,,,,,,,,,,,,,,,,,,,,,,,,,,,,,,,,0.4,1,COMPLETE
63,63,-4.397673883524778,2025-06-14 20:13:35.335881,2025-06-14 20:13:36.793747,0 days 00:00:01.457866,,,,,,,,28,0.008,1m,2.5,1.5,1.2000000000000002,362,,,,,,,,,,,,,,,,,,,,,,,,,,,,,,,,,,,,,,,,,,,,,,,,,,456.0,0.009000000000000001,1m,4.0,3.0,1.4,580.0,0.35000000000000003,2,COMPLETE
64,64,-0.5026155963835752,2025-06-14 20:13:36.835793,2025-06-14 20:13:37.535867,0 days 00:00:00.700074,,,,,,,,720,0.007,1m,3.0,2.0,1.0,942,,,,,,,,,,,,,,,,,,,,,,,,,,,,,,,,,,,,,,,,,,,,,,,,,,,,,,,,,0.1,1,COMPLETE
