,number,value,datetime_start,datetime_complete,duration,params_ADI_ILMN_beta_win,params_ADI_ILMN_stop_loss,params_ADI_ILMN_trade_freq,params_ADI_ILMN_z_entry,params_ADI_ILMN_z_exit,params_ADI_ILMN_z_stop_scaler,params_ADI_ILMN_z_win,params_ADSK_ILMN_beta_win,params_ADSK_ILMN_stop_loss,params_ADSK_ILMN_trade_freq,params_ADSK_ILMN_z_entry,params_ADSK_ILMN_z_exit,params_ADSK_ILMN_z_stop_scaler,params_ADSK_ILMN_z_win,params_AMGN_ILMN_beta_win,params_AMGN_ILMN_stop_loss,params_AMGN_ILMN_trade_freq,params_AMGN_ILMN_z_entry,params_AMGN_ILMN_z_exit,params_AMGN_ILMN_z_stop_scaler,params_AMGN_ILMN_z_win,params_EA_ILMN_beta_win,params_EA_ILMN_stop_loss,params_EA_ILMN_trade_freq,params_EA_ILMN_z_entry,params_EA_ILMN_z_exit,params_EA_ILMN_z_stop_scaler,params_EA_ILMN_z_win,params_FANG_ILMN_beta_win,params_FANG_ILMN_stop_loss,params_FANG_ILMN_trade_freq,params_FANG_ILMN_z_entry,params_FANG_ILMN_z_exit,params_FANG_ILMN_z_stop_scaler,params_FANG_ILMN_z_win,params_GFS_ILMN_beta_win,params_GFS_ILMN_stop_loss,params_GFS_ILMN_trade_freq,params_GFS_ILMN_z_entry,params_GFS_ILMN_z_exit,params_GFS_ILMN_z_stop_scaler,params_GFS_ILMN_z_win,params_HON_ILMN_beta_win,params_HON_ILMN_stop_loss,params_HON_ILMN_trade_freq,params_HON_ILMN_z_entry,params_HON_ILMN_z_exit,params_HON_ILMN_z_stop_scaler,params_HON_ILMN_z_win,params_IDXX_ODFL_beta_win,params_IDXX_ODFL_stop_loss,params_IDXX_ODFL_trade_freq,params_IDXX_ODFL_z_entry,params_IDXX_ODFL_z_exit,params_IDXX_ODFL_z_stop_scaler,params_IDXX_ODFL_z_win,params_NFLX_PCAR_beta_win,params_NFLX_PCAR_stop_loss,params_NFLX_PCAR_trade_freq,params_NFLX_PCAR_z_entry,params_NFLX_PCAR_z_exit,params_NFLX_PCAR_z_stop_scaler,params_NFLX_PCAR_z_win,params_NFLX_SBUX_beta_win,params_NFLX_SBUX_stop_loss,params_NFLX_SBUX_trade_freq,params_NFLX_SBUX_z_entry,params_NFLX_SBUX_z_exit,params_NFLX_SBUX_z_stop_scaler,params_NFLX_SBUX_z_win,params_buffer_capital,params_pairs_to_trade,state
54,54,-0.489776785856447,2025-06-14 19:33:33.038386,2025-06-14 19:33:38.980884,0 days 00:00:05.942498,,,,,,,,676.0,0.009000000000000001,2m,2.0,3.5,1.7000000000000002,830.0,,,,,,,,788.0,0.007,2m,2.0,3.0,0.8,168.0,,,,,,,,844.0,0.004,1m,3.0,2.0,0.8,292.0,298.0,0.002,3m,4.0,1.5,0.7,264.0,20.0,0.01,3m,2.5,1.0,1.2000000000000002,176.0,318.0,0.006,2m,2.0,3.5,0.6,704.0,100,0.01,1m,4.0,1.0,2.0,970,0.5,7,COMPLETE
55,55,-1.2502673410416862,2025-06-14 19:33:39.065921,2025-06-14 19:33:42.546629,0 days 00:00:03.480708,,,,,,,,180.0,0.01,1m,3.5,2.5,1.4,294.0,,,,,,,,,,,,,,,,,,,,,,,,,,,,,,,,,,,,156.0,0.01,3m,3.0,3.5,1.0,102.0,472.0,0.005,4m,2.0,2.5,0.5,20.0,56,0.009000000000000001,1m,3.5,1.0,0.9,834,0.3,4,COMPLETE
56,56,1.1102820779560338,2025-06-14 19:33:42.606503,2025-06-14 19:33:46.952317,0 days 00:00:04.345814,,,,,,,,340.0,0.009000000000000001,4m,1.5,3.0,1.5,190.0,,,,,,,,,,,,,,,,,,,,,,,,,,,,,182.0,0.003,4m,3.5,2.5,1.5,128.0,466.0,0.009000000000000001,1m,2.0,3.0,0.8,362.0,200.0,0.007,2m,1.0,2.0,0.7,502.0,962,0.01,1m,2.0,1.5,0.5,810,0.5,5,COMPLETE
57,57,-1.8601893867097967,2025-06-14 19:33:47.020014,2025-06-14 19:33:52.160754,0 days 00:00:05.140740,,,,,,,,504.0,0.007,2m,1.0,1.0,1.6,980.0,,,,,,,,482.0,0.005,4m,3.5,1.5,0.6,828.0,,,,,,,,,,,,,,,146.0,0.003,3m,4.0,2.0,2.0,424.0,358.0,0.009000000000000001,3m,1.5,1.0,0.9,946.0,538.0,0.008,1m,3.0,4.0,1.4,216.0,844,0.008,4m,3.5,1.5,0.7,962,0.45,6,COMPLETE
58,58,-1.476114424863671,2025-06-14 19:33:52.237647,2025-06-14 19:33:56.183593,0 days 00:00:03.945946,,,,,,,,1022.0,0.008,3m,2.0,4.0,1.9000000000000001,896.0,,,,,,,,,,,,,,,,,,,,,,,,,,,,,,,,,,,,248.0,0.003,1m,3.0,1.5,1.1,224.0,86.0,0.006,4m,2.5,1.5,1.8,356.0,16,0.009000000000000001,1m,3.5,1.0,1.4,860,0.25,4,COMPLETE
59,59,-1.7441254665938442,2025-06-14 19:33:56.303387,2025-06-14 19:34:12.108193,0 days 00:00:15.804806,,,,,,,,114.0,0.001,1m,1.5,2.0,2.0,576.0,,,,,,,,108.0,0.009000000000000001,3m,1.5,3.5,1.9000000000000001,584.0,,,,,,,,502.0,0.008,4m,2.5,1.0,2.0,440.0,490.0,0.001,3m,3.0,4.0,0.8,358.0,94.0,0.008,3m,2.5,2.5,1.3,640.0,664.0,0.009000000000000001,2m,2.0,2.5,0.5,826.0,222,0.01,2m,2.5,2.0,1.5,650,0.35000000000000003,7,COMPLETE
60,60,3.191118748626749,2025-06-14 19:34:12.237810,2025-06-14 19:34:21.157110,0 days 00:00:08.919300,,,,,,,,422.0,0.003,2m,1.5,1.5,1.3,816.0,,,,,,,,378.0,0.002,1m,3.0,2.0,1.1,120.0,,,,,,,,,,,,,,,310.0,0.006,1m,3.5,3.5,0.6,144.0,622.0,0.01,1m,2.0,2.0,0.7,154.0,454.0,0.008,4m,3.5,3.0,1.9000000000000001,282.0,332,0.007,1m,4.0,1.5,0.6,990,0.15000000000000002,6,COMPLETE
61,61,3.84222521526163,2025-06-14 19:34:21.223081,2025-06-14 19:34:24.606750,0 days 00:00:03.383669,,,,,,,,236.0,0.01,2m,2.0,3.5,1.7000000000000002,870.0,,,,,,,,,,,,,,,,,,,,,,,,,,,,,,,,,,,,52.0,0.009000000000000001,3m,2.5,1.5,1.1,280.0,582.0,0.007,2m,2.5,2.5,0.6,602.0,164,0.008,1m,4.0,3.5,0.6,716,0.45,4,COMPLETE
62,62,-0.7225155491205866,2025-06-14 19:34:24.665676,2025-06-14 19:34:28.609651,0 days 00:00:03.943975,,,,,,,,904.0,0.009000000000000001,2m,2.0,3.5,1.6,754.0,,,,,,,,,,,,,,,,,,,,,,,,,,,,,554.0,0.004,3m,3.0,1.5,1.6,266.0,160.0,0.01,3m,2.5,1.5,1.2000000000000002,332.0,402.0,0.007,2m,2.0,2.5,0.8,550.0,116,0.009000000000000001,1m,4.0,1.0,0.8,756,0.4,5,COMPLETE
63,63,-2.8191566259550043,2025-06-14 19:34:28.684775,2025-06-14 19:34:31.396168,0 days 00:00:02.711393,,,,,,,,,,,,,,,,,,,,,,,,,,,,,,,,,,,,,,,,,,,,,,,,,,78.0,0.009000000000000001,3m,2.5,1.0,1.0,256.0,502.0,0.006,2m,2.5,2.0,0.7,410.0,598,0.007,1m,4.0,1.0,1.9000000000000001,610,0.5,3,COMPLETE
64,64,3.669972241715327,2025-06-14 19:34:31.448006,2025-06-14 19:34:35.892480,0 days 00:00:04.444474,,,,,,,,342.0,0.009000000000000001,2m,1.5,4.0,1.8,636.0,,,,,,,,,,,,,,,,,,,,,,,,,,,,,946.0,0.002,4m,2.5,2.5,1.0,200.0,766.0,0.008,4m,3.0,1.5,1.1,204.0,628.0,0.002,2m,3.0,2.5,0.5,718.0,262,0.008,1m,1.5,1.0,0.5,668,0.45,5,COMPLETE
65,65,2.5006384139919464,2025-06-14 19:34:35.956257,2025-06-14 19:34:38.441638,0 days 00:00:02.485381,,,,,,,,,,,,,,,,,,,,,,,,,,,,,,,,,,,,,,,,,,,,,,,,,,142.0,0.005,3m,2.0,2.0,1.2000000000000002,412.0,596.0,0.008,4m,2.0,3.0,0.6,662.0,1014,0.004,4m,3.0,1.0,0.6,902,0.5,3,COMPLETE
66,66,-1.197343327976596,2025-06-14 19:34:38.487600,2025-06-14 19:34:42.000935,0 days 00:00:03.513335,,,,,,,,252.0,0.01,3m,2.5,3.0,1.7000000000000002,916.0,,,,,,,,,,,,,,,,,,,,,,,,,,,,,,,,,,,,114.0,0.01,1m,2.5,1.0,1.4,78.0,56.0,0.007,2m,2.5,1.5,0.9,774.0,686,0.009000000000000001,1m,3.5,1.5,1.0,836,0.2,4,COMPLETE
67,67,0.17049494004155857,2025-06-14 19:34:42.094703,2025-06-14 19:34:46.074362,0 days 00:00:03.979659,,,,,,,,162.0,0.008,1m,2.0,2.5,2.0,972.0,,,,,,,,,,,,,,,,,,,,,,,,,,,,,,,,,,,,678.0,0.009000000000000001,3m,3.0,2.0,0.9,120.0,698.0,0.005,1m,3.0,2.0,1.2000000000000002,190.0,182,0.006,3m,4.0,1.0,0.5,600,0.4,4,COMPLETE
68,68,-0.18245867682609423,2025-06-14 19:34:46.149611,2025-06-14 19:34:51.020119,0 days 00:00:04.870508,,,,,,,,282.0,0.007,2m,1.5,3.5,1.5,1014.0,,,,,,,,,,,,,,,,,,,,,,,,,,,,,102.0,0.005,2m,4.0,3.5,0.7,508.0,980.0,0.009000000000000001,2m,2.5,1.5,1.1,18.0,350.0,0.006,2m,2.0,2.5,1.0,560.0,58,0.008,1m,3.5,1.0,1.7000000000000002,556,0.45,5,COMPLETE
69,69,0.14533924824213806,2025-06-14 19:34:51.103235,2025-06-14 19:34:56.594654,0 days 00:00:05.491419,,,,,,,,640.0,0.009000000000000001,2m,3.0,4.0,1.8,856.0,,,,,,,,572.0,0.004,1m,4.0,2.5,1.3,422.0,,,,,,,,,,,,,,,20.0,0.007,3m,3.5,1.0,1.2000000000000002,318.0,52.0,0.01,3m,2.0,1.0,1.3,172.0,536.0,0.009000000000000001,4m,2.5,3.0,0.7,476.0,768,0.01,4m,4.0,1.5,1.8,788,0.05,6,COMPLETE
70,70,-3.4412657988910555,2025-06-14 19:34:56.657494,2025-06-14 19:34:58.632328,0 days 00:00:01.974834,,,,,,,,,,,,,,,,,,,,,,,,,,,,,,,,,,,,,,,,,,,,,,,,,,,,,,,,,446.0,0.007,3m,3.0,3.5,0.8,624.0,386,0.009000000000000001,1m,3.0,1.0,0.7,636,0.5,2,COMPLETE
71,71,2.4662445818085788,2025-06-14 19:34:58.690165,2025-06-14 19:35:02.778072,0 days 00:00:04.087907,,,,,,,,218.0,0.01,2m,2.0,3.5,1.7000000000000002,888.0,,,,,,,,,,,,,,,,,,,,,,,,,,,,,,,,,,,,46.0,0.009000000000000001,3m,2.5,1.5,1.1,308.0,592.0,0.007,2m,2.5,2.5,0.6,610.0,196,0.008,1m,4.0,3.0,0.6,706,0.45,4,COMPLETE
72,72,3.6230832565217383,2025-06-14 19:35:02.870150,2025-06-14 19:35:06.759034,0 days 00:00:03.888884,,,,,,,,262.0,0.01,2m,2.0,3.5,1.6,856.0,,,,,,,,,,,,,,,,,,,,,,,,,,,,,,,,,,,,220.0,0.009000000000000001,3m,2.5,1.5,1.2000000000000002,276.0,144.0,0.007,2m,2.5,2.5,0.6,572.0,162,0.008,1m,4.0,3.0,0.6,730,0.45,4,COMPLETE
73,73,4.430589718643633,2025-06-14 19:35:06.844747,2025-06-14 19:35:11.982494,0 days 00:00:05.137747,,,,,,,,394.0,0.01,2m,2.0,3.0,1.8,780.0,,,,,,,,,,,,,,,,,,,,,,,,,,,,,832.0,0.003,3m,4.0,2.0,0.9,572.0,24.0,0.008,3m,2.5,1.5,1.0,720.0,648.0,0.008,2m,2.5,2.5,0.5,662.0,296,0.007,1m,4.0,4.0,0.5,726,0.2,5,COMPLETE
74,74,1.8905205771189713,2025-06-14 19:35:12.061714,2025-06-14 19:35:17.201284,0 days 00:00:05.139570,,,,,,,,412.0,0.008,3m,2.0,3.0,1.9000000000000001,666.0,,,,,,,,,,,,,,,,,,,,,,,,,,,,,968.0,0.003,3m,4.0,2.0,0.9,1010.0,16.0,0.008,3m,2.5,1.0,1.0,716.0,648.0,0.008,2m,2.5,2.5,0.5,686.0,308,0.007,1m,3.5,2.5,0.5,682,0.2,5,COMPLETE
75,75,2.041048303273544,2025-06-14 19:35:17.301818,2025-06-14 19:35:22.066793,0 days 00:00:04.764975,,,,,,,,362.0,0.009000000000000001,2m,2.5,2.5,0.9,498.0,,,,,,,,,,,,,,,,,,,,,,,,,,,,,816.0,0.003,3m,4.0,2.5,0.6,576.0,848.0,0.007,1m,2.5,3.0,0.8,824.0,712.0,0.008,2m,2.5,2.0,1.6,524.0,288,0.008,1m,4.0,4.0,0.7,764,0.25,5,COMPLETE
76,76,0.3005782864305744,2025-06-14 19:35:22.127043,2025-06-14 19:35:26.844749,0 days 00:00:04.717706,,,,,,,,786.0,0.009000000000000001,4m,1.5,3.0,1.8,798.0,,,,,,,,,,,,,,,,,,,,,,,,,,,,,860.0,0.001,3m,4.0,2.0,1.1,712.0,84.0,0.01,3m,3.0,2.0,1.9000000000000001,944.0,514.0,0.008,2m,1.5,2.5,1.7000000000000002,100.0,254,0.009000000000000001,2m,3.5,2.5,1.6,658,0.15000000000000002,5,COMPLETE
77,77,-2.9949865937407774,2025-06-14 19:35:26.932431,2025-06-14 19:35:32.347990,0 days 00:00:05.415559,,,,,,,,308.0,0.01,2m,1.0,4.0,1.4,750.0,,,,,,,,682.0,0.009000000000000001,2m,2.5,1.0,0.7,256.0,,,,,,,,,,,,,,,1012.0,0.004,3m,3.5,3.0,1.0,586.0,170.0,0.009000000000000001,4m,2.0,1.5,1.0,498.0,542.0,0.006,2m,2.0,2.0,0.5,660.0,402,0.006,1m,4.0,3.5,0.5,806,0.2,6,COMPLETE
78,78,-2.6134805551012548,2025-06-14 19:35:32.401819,2025-06-14 19:35:35.996623,0 days 00:00:03.594804,,,,,,,,402.0,0.009000000000000001,1m,2.0,3.5,1.7000000000000002,964.0,,,,,,,,,,,,,,,,,,,,,,,,,,,,,,,,,,,,116.0,0.008,3m,3.5,2.5,0.9,734.0,608.0,0.009000000000000001,4m,3.5,3.0,0.7,730.0,124,0.007,1m,2.5,4.0,0.5,36,0.25,4,COMPLETE
79,79,-3.063060129080638,2025-06-14 19:35:36.049122,2025-06-14 19:35:39.060528,0 days 00:00:03.011406,,,,,,,,,,,,,,,,,,,,,,,,,,,,,,,,,,,,,,,,,,,,,,,,,,612.0,0.01,1m,1.0,1.5,1.0,546.0,244.0,0.008,2m,3.0,3.0,0.5,166.0,46,0.009000000000000001,4m,4.0,1.0,0.8,754,0.1,3,COMPLETE
80,80,0.7074245756152444,2025-06-14 19:35:39.111760,2025-06-14 19:35:43.543473,0 days 00:00:04.431713,,,,,,,,496.0,0.008,2m,1.5,2.5,1.6,566.0,,,,,,,,,,,,,,,,,,,,,,,,,,,,,738.0,0.006,3m,4.0,1.5,0.9,426.0,572.0,0.01,3m,2.5,1.5,0.9,1016.0,678.0,0.007,2m,4.0,2.5,0.6,902.0,216,0.005,1m,1.5,3.5,0.6,638,0.3,5,COMPLETE
81,81,0.7567093374738321,2025-06-14 19:35:43.601121,2025-06-14 19:35:47.334776,0 days 00:00:03.733655,,,,,,,,246.0,0.01,2m,2.0,3.5,1.7000000000000002,828.0,,,,,,,,,,,,,,,,,,,,,,,,,,,,,,,,,,,,52.0,0.009000000000000001,3m,2.5,1.5,1.1,888.0,580.0,0.007,2m,2.5,2.5,0.6,600.0,172,0.008,1m,4.0,4.0,0.6,718,0.4,4,COMPLETE
82,82,-1.3226517592701117,2025-06-14 19:35:47.394913,2025-06-14 19:35:56.054711,0 days 00:00:08.659798,30.0,0.003,2m,1.0,3.0,1.5,780.0,292.0,0.01,2m,2.5,3.0,1.8,912.0,,,,,,,,238.0,0.007,3m,1.5,3.5,1.5,16.0,20.0,0.01,1m,4.0,4.0,0.6,68.0,178.0,0.002,1m,3.5,2.0,1.5,168.0,806.0,0.002,3m,3.5,2.5,1.2000000000000002,664.0,132.0,0.009000000000000001,3m,2.5,1.5,1.2000000000000002,218.0,642.0,0.007,2m,2.5,2.5,0.7,630.0,150,0.008,1m,4.0,3.5,0.5,166,0.45,9,COMPLETE
83,83,3.669914599147307,2025-06-14 19:35:56.100108,2025-06-14 19:36:00.164696,0 days 00:00:04.064588,,,,,,,,350.0,0.01,2m,2.0,2.0,2.0,864.0,,,,,,,,,,,,,,,,,,,,,,,,,,,,,,,,,,,,44.0,0.008,3m,3.0,2.0,1.1,366.0,554.0,0.006,2m,2.5,2.5,0.6,264.0,846,0.007,1m,4.0,3.5,1.2000000000000002,684,0.5,4,COMPLETE
84,84,-0.7944552858671984,2025-06-14 19:36:00.250816,2025-06-14 19:36:03.267955,0 days 00:00:03.017139,,,,,,,,,,,,,,,,,,,,,,,,,,,,,,,,,,,,,,,,,,,,,,,,,,80.0,0.009000000000000001,3m,2.5,1.5,1.0,274.0,496.0,0.008,2m,2.0,2.5,0.5,782.0,80,0.009000000000000001,1m,4.0,4.0,0.6,728,0.2,3,COMPLETE
85,85,-0.537761036716443,2025-06-14 19:36:03.339889,2025-06-14 19:36:09.108403,0 days 00:00:05.768514,,,,,,,,230.0,0.009000000000000001,2m,2.0,3.5,0.5,940.0,,,,,,,,876.0,0.004,4m,3.5,2.5,0.9,1024.0,,,,,,,,,,,,,,,628.0,0.001,1m,4.0,2.0,1.4,750.0,206.0,0.01,3m,2.0,1.0,1.1,190.0,736.0,0.007,2m,3.0,2.0,0.8,576.0,498,0.01,1m,2.0,1.0,0.7,624,0.4,6,COMPLETE
86,86,0.2350865490288912,2025-06-14 19:36:09.172748,2025-06-14 19:36:13.950500,0 days 00:00:04.777752,,,,,,,,192.0,0.01,3m,2.5,4.0,1.9000000000000001,778.0,,,,,,,,,,,,,,,,,,,,,,,,,,,,,712.0,0.004,2m,3.0,2.5,0.8,560.0,114.0,0.009000000000000001,3m,2.5,2.0,1.2000000000000002,332.0,462.0,0.006,1m,2.5,1.0,0.7,672.0,98,0.007,3m,3.5,2.0,2.0,780,0.5,5,COMPLETE
87,87,2.516966085891196,2025-06-14 19:36:14.013842,2025-06-14 19:36:17.824764,0 days 00:00:03.810922,,,,,,,,552.0,0.009000000000000001,2m,1.5,3.5,1.7000000000000002,458.0,,,,,,,,,,,,,,,,,,,,,,,,,,,,,,,,,,,,270.0,0.008,1m,3.0,1.5,1.3,240.0,430.0,0.007,4m,2.0,2.5,0.6,494.0,342,0.008,1m,4.0,1.0,0.6,580,0.45,4,COMPLETE
88,88,0.7472590795145974,2025-06-14 19:36:17.899924,2025-06-14 19:36:21.941830,0 days 00:00:04.041906,,,,,,,,324.0,0.004,2m,2.0,4.0,1.5,996.0,,,,,,,,,,,,,,,,,,,,,,,,,,,,,,,,,,,,514.0,0.001,2m,2.5,1.5,1.0,74.0,802.0,0.008,2m,2.5,2.0,0.5,614.0,210,0.009000000000000001,1m,3.5,1.0,0.5,706,0.5,4,COMPLETE
89,89,-1.9370474351943983,2025-06-14 19:36:22.008667,2025-06-14 19:36:25.112914,0 days 00:00:03.104247,,,,,,,,,,,,,,,,,,,,,,,,,,,,,,,,,,,,,,,,,,,,,,,,,,342.0,0.01,3m,2.0,1.0,1.1,148.0,604.0,0.007,3m,2.5,3.0,1.5,528.0,136,0.008,4m,4.0,4.0,0.5,864,0.45,3,COMPLETE
90,90,-1.6760395580948089,2025-06-14 19:36:25.157817,2025-06-14 19:36:30.060381,0 days 00:00:04.902564,,,,,,,,448.0,0.008,2m,2.0,3.5,1.6,948.0,,,,,,,,,,,,,,,,,,,,,,,,,,,,,436.0,0.003,3m,3.5,2.0,1.1,668.0,424.0,0.009000000000000001,3m,1.5,3.5,1.1,308.0,674.0,0.006,4m,3.0,2.5,0.5,640.0,982,0.01,1m,4.0,1.0,1.6,660,0.2,5,COMPLETE
91,91,1.9070850625835754,2025-06-14 19:36:30.129350,2025-06-14 19:36:34.754063,0 days 00:00:04.624713,,,,,,,,354.0,0.009000000000000001,2m,1.5,4.0,1.8,514.0,,,,,,,,,,,,,,,,,,,,,,,,,,,,,928.0,0.002,4m,2.5,2.5,0.9,200.0,18.0,0.007,4m,4.0,1.5,1.1,116.0,630.0,0.002,2m,3.5,2.5,0.5,742.0,260,0.008,1m,1.0,1.0,0.5,672,0.45,5,COMPLETE
92,92,2.733164771002799,2025-06-14 19:36:34.847740,2025-06-14 19:36:39.754936,0 days 00:00:04.907196,,,,,,,,382.0,0.01,2m,1.5,4.0,1.9000000000000001,624.0,,,,,,,,,,,,,,,,,,,,,,,,,,,,,958.0,0.002,4m,2.0,3.0,1.0,110.0,774.0,0.008,4m,3.5,1.5,1.2000000000000002,204.0,572.0,0.003,2m,3.0,2.5,0.6,718.0,234,0.008,1m,1.5,1.0,0.6,538,0.45,5,COMPLETE
93,93,-2.9136734960254773,2025-06-14 19:36:39.809415,2025-06-14 19:36:45.671806,0 days 00:00:05.862391,,,,,,,,970.0,0.009000000000000001,2m,1.5,4.0,1.8,652.0,,,,,,,,76.0,0.006,1m,4.0,1.5,0.5,236.0,,,,,,,,,,,,,,,964.0,0.001,4m,2.5,2.5,1.3,218.0,726.0,0.008,4m,3.0,1.5,1.1,218.0,616.0,0.004,2m,3.0,2.5,0.5,712.0,266,0.009000000000000001,1m,1.5,1.5,0.5,734,0.4,6,COMPLETE
94,94,3.252652269206136,2025-06-14 19:36:45.776974,2025-06-14 19:36:49.728357,0 days 00:00:03.951383,,,,,,,,282.0,0.008,2m,1.5,4.0,1.8,726.0,,,,,,,,,,,,,,,,,,,,,,,,,,,,,,,,,,,,772.0,0.009000000000000001,4m,2.5,1.5,1.0,164.0,522.0,0.005,2m,2.5,2.5,0.6,586.0,908,0.007,1m,1.5,1.0,0.7,670,0.45,4,COMPLETE
95,95,-6.454595968890134,2025-06-14 19:36:49.811188,2025-06-14 19:36:54.868166,0 days 00:00:05.056978,,,,,,,,332.0,0.009000000000000001,1m,1.0,3.0,1.7000000000000002,552.0,,,,,,,,,,,,,,,,,,,,,,,,,,,,,876.0,0.002,4m,1.5,2.0,1.0,30.0,704.0,0.008,4m,2.5,2.0,1.0,426.0,638.0,0.009000000000000001,2m,3.5,2.5,0.5,538.0,30,0.008,2m,2.0,1.0,1.3,744,0.5,5,COMPLETE
96,96,-6.72074879754404,2025-06-14 19:36:54.935690,2025-06-14 19:36:58.794602,0 days 00:00:03.858912,,,,,,,,146.0,0.009000000000000001,2m,2.0,1.0,1.9000000000000001,622.0,,,,,,,,,,,,,,,,,,,,,,,,,,,,,,,,,,,,830.0,0.006,1m,3.0,1.0,1.2000000000000002,294.0,586.0,0.007,2m,2.0,3.0,1.3,466.0,316,0.009000000000000001,1m,1.0,1.0,0.5,594,0.15000000000000002,4,COMPLETE
97,97,3.150431021408883,2025-06-14 19:36:58.856277,2025-06-14 19:37:04.612475,0 days 00:00:05.756198,,,,,,,,264.0,0.01,3m,2.0,3.5,1.6,690.0,,,,,,,,420.0,0.009000000000000001,2m,3.0,2.0,1.1,106.0,,,,,,,,,,,,,,,760.0,0.003,4m,4.0,2.5,1.1,474.0,654.0,0.01,3m,2.5,1.5,0.9,254.0,300.0,0.001,2m,2.5,2.5,1.4,690.0,290,0.009000000000000001,1m,4.0,1.5,0.6,702,0.25,6,COMPLETE
98,98,4.3063900010671,2025-06-14 19:37:04.676910,2025-06-14 19:37:09.562548,0 days 00:00:04.885638,,,,,,,,208.0,0.01,4m,1.5,1.5,0.6,920.0,,,,,,,,,,,,,,,,,,,,,,,,,,,,,914.0,0.003,4m,3.0,2.0,0.7,174.0,70.0,0.009000000000000001,3m,3.0,2.0,1.3,126.0,484.0,0.002,4m,3.0,2.5,0.6,652.0,112,0.008,1m,4.0,1.0,0.5,818,0.35000000000000003,5,COMPLETE
99,99,1.443538486139946,2025-06-14 19:37:09.641562,2025-06-14 19:37:13.610133,0 days 00:00:03.968571,,,,,,,,204.0,0.01,4m,1.5,1.5,1.0,914.0,,,,,,,,,,,,,,,,,,,,,,,,,,,,,,,,,,,,58.0,0.009000000000000001,3m,2.5,2.5,1.5,974.0,498.0,0.008,4m,2.5,2.0,0.7,648.0,110,0.008,4m,4.0,3.5,0.8,820,0.35000000000000003,4,COMPLETE
100,100,-3.706329899577862,2025-06-14 19:37:13.694349,2025-06-14 19:37:18.712121,0 days 00:00:05.017772,,,,,,,,94.0,0.01,4m,2.5,1.5,0.7,888.0,,,,,,,,,,,,,,,,,,,,,,,,,,,,,892.0,0.004,3m,3.0,1.5,0.5,324.0,176.0,0.01,3m,2.0,2.0,1.3,54.0,394.0,0.002,4m,1.5,3.5,0.8,564.0,68,0.007,1m,4.0,1.0,0.6,908,0.5,5,COMPLETE
101,101,-1.2598649478555686,2025-06-14 19:37:18.794589,2025-06-14 19:37:23.798363,0 days 00:00:05.003774,,,,,,,,304.0,0.009000000000000001,4m,1.5,1.5,1.7000000000000002,824.0,,,,,,,,,,,,,,,,,,,,,,,,,,,,,924.0,0.003,4m,3.0,2.0,0.7,164.0,758.0,0.009000000000000001,3m,3.0,3.0,1.1,132.0,558.0,0.002,4m,3.0,2.5,0.6,614.0,40,0.008,1m,4.0,1.0,0.5,946,0.45,5,COMPLETE
102,102,0.7300184575821087,2025-06-14 19:37:23.873269,2025-06-14 19:37:28.863795,0 days 00:00:04.990526,,,,,,,,736.0,0.007,4m,1.5,2.0,0.6,590.0,,,,,,,,,,,,,,,,,,,,,,,,,,,,,842.0,0.002,4m,2.5,2.0,0.6,98.0,74.0,0.009000000000000001,3m,3.0,2.5,1.4,86.0,478.0,0.002,4m,3.0,2.5,0.6,670.0,192,0.008,1m,4.0,1.0,0.5,766,0.3,5,COMPLETE
103,103,-0.8402055138087717,2025-06-14 19:37:28.958008,2025-06-14 19:37:33.052332,0 days 00:00:04.094324,,,,,,,,228.0,0.009000000000000001,2m,2.0,1.5,2.0,864.0,,,,,,,,,,,,,,,,,,,,,,,,,,,,,,,,,,,,908.0,0.01,1m,2.5,1.5,1.2000000000000002,198.0,536.0,0.003,4m,3.5,2.5,0.5,756.0,88,0.003,1m,3.5,1.0,0.5,848,0.35000000000000003,4,COMPLETE
104,104,2.2470637334465713,2025-06-14 19:37:33.122884,2025-06-14 19:37:39.030348,0 days 00:00:05.907464,,,,,,,,174.0,0.01,2m,4.0,4.0,1.8,990.0,,,,,,,,888.0,0.003,3m,2.5,1.0,1.2000000000000002,376.0,,,,,,,,,,,,,,,1018.0,0.003,4m,3.5,2.5,0.8,266.0,40.0,0.005,3m,3.0,1.5,1.3,182.0,656.0,0.002,2m,3.0,2.5,0.6,594.0,142,0.008,1m,4.0,1.0,1.8,882,0.4,6,COMPLETE
105,105,0.5546329964871223,2025-06-14 19:37:39.126756,2025-06-14 19:37:44.107920,0 days 00:00:04.981164,,,,,,,,838.0,0.008,1m,1.0,1.0,1.6,920.0,,,,,,,,,,,,,,,,,,,,,,,,,,,,,980.0,0.002,4m,2.5,3.0,1.0,166.0,102.0,0.008,3m,2.5,2.0,1.0,152.0,708.0,0.007,1m,3.0,2.5,0.5,796.0,126,0.007,3m,3.0,1.5,0.7,694,0.45,5,COMPLETE
106,106,1.60378773077864,2025-06-14 19:37:44.182693,2025-06-14 19:37:48.291327,0 days 00:00:04.108634,,,,,,,,244.0,0.006,2m,1.5,3.5,1.2000000000000002,952.0,,,,,,,,,,,,,,,,,,,,,,,,,,,,,,,,,,,,32.0,0.002,4m,3.5,4.0,1.1,100.0,514.0,0.001,2m,2.5,3.0,0.7,638.0,174,0.009000000000000001,1m,4.0,3.0,1.1,804,0.5,4,COMPLETE
107,107,1.8462352896673622,2025-06-14 19:37:48.364659,2025-06-14 19:37:54.006745,0 days 00:00:05.642086,,,,,,,,444.0,0.01,3m,1.5,3.0,1.5,880.0,,,,,,,,520.0,0.002,4m,2.0,3.0,0.6,352.0,,,,,,,,,,,,,,,796.0,0.004,1m,3.0,2.0,0.8,74.0,134.0,0.009000000000000001,2m,2.5,1.5,1.2000000000000002,226.0,688.0,0.007,3m,4.0,2.5,0.6,682.0,638,0.009000000000000001,1m,2.5,1.0,1.5,628,0.4,6,COMPLETE
108,108,0.9302418167216064,2025-06-14 19:37:54.091752,2025-06-14 19:37:57.081317,0 days 00:00:02.989565,,,,,,,,,,,,,,,,,,,,,,,,,,,,,,,,,,,,,,,,,,,,,,,,,,70.0,0.004,3m,3.0,2.0,0.9,276.0,412.0,0.008,4m,2.0,2.0,0.5,512.0,248,0.01,1m,4.0,2.0,1.9000000000000001,776,0.2,3,COMPLETE
109,109,-1.3461274860388437,2025-06-14 19:37:57.147883,2025-06-14 19:38:03.789051,0 days 00:00:06.641168,,,,,,,,380.0,0.009000000000000001,4m,2.0,4.0,1.7000000000000002,796.0,,,,,,,,944.0,0.008,1m,2.5,1.0,1.4,870.0,,,,,,,,496.0,0.004,4m,1.5,3.5,1.2000000000000002,830.0,950.0,0.01,4m,3.5,2.5,0.5,396.0,100.0,0.01,1m,2.5,3.5,1.0,620.0,444.0,0.006,2m,2.5,2.5,0.7,702.0,218,0.008,1m,3.5,1.0,0.6,992,0.45,7,COMPLETE
110,110,4.0792488982697614,2025-06-14 19:38:03.877678,2025-06-14 19:38:08.522378,0 days 00:00:04.644700,,,,,,,,334.0,0.01,2m,1.5,3.5,1.9000000000000001,840.0,,,,,,,,,,,,,,,,,,,,,,,,,,,,,894.0,0.001,3m,4.0,2.5,0.7,288.0,230.0,0.009000000000000001,3m,2.5,1.5,1.2000000000000002,694.0,376.0,0.007,2m,3.0,3.0,0.7,544.0,736,0.008,4m,1.5,1.0,0.6,608,0.25,5,COMPLETE
111,111,2.086060424807907,2025-06-14 19:38:08.600052,2025-06-14 19:38:13.510027,0 days 00:00:04.909975,,,,,,,,342.0,0.01,2m,1.5,3.5,1.9000000000000001,842.0,,,,,,,,,,,,,,,,,,,,,,,,,,,,,904.0,0.001,3m,4.0,2.5,0.7,246.0,200.0,0.009000000000000001,3m,2.5,1.5,1.2000000000000002,692.0,376.0,0.007,2m,3.0,3.0,0.7,552.0,720,0.008,4m,1.5,1.0,0.6,646,0.25,5,COMPLETE
112,112,4.906914860525591,2025-06-14 19:38:13.593617,2025-06-14 19:38:18.413666,0 days 00:00:04.820049,,,,,,,,296.0,0.01,2m,1.5,3.5,1.8,902.0,,,,,,,,,,,,,,,,,,,,,,,,,,,,,852.0,0.001,3m,4.0,2.5,0.6,296.0,240.0,0.009000000000000001,3m,2.5,1.5,1.1,562.0,344.0,0.007,2m,3.0,3.0,0.9,576.0,786,0.008,4m,1.5,1.0,0.5,614,0.25,5,COMPLETE
113,113,1.9997874851792221,2025-06-14 19:38:18.482103,2025-06-14 19:38:22.609611,0 days 00:00:04.127508,,,,,,,,264.0,0.01,2m,2.0,3.5,2.0,900.0,,,,,,,,,,,,,,,,,,,,,,,,,,,,,,,,,,,,228.0,0.009000000000000001,3m,2.5,1.0,1.3,610.0,358.0,0.007,2m,2.5,3.0,0.8,572.0,768,0.008,4m,1.5,1.0,0.5,608,0.25,4,COMPLETE
