,number,value,datetime_start,datetime_complete,duration,params_AAPL_VRSK_beta_win,params_AAPL_VRSK_stop_loss,params_AAPL_VRSK_trade_freq,params_AAPL_VRSK_z_entry,params_AAPL_VRSK_z_exit,params_AAPL_VRSK_z_stop_scaler,params_AAPL_VRSK_z_win,params_ADI_BKNG_beta_win,params_ADI_BKNG_stop_loss,params_ADI_BKNG_trade_freq,params_ADI_BKNG_z_entry,params_ADI_BKNG_z_exit,params_ADI_BKNG_z_stop_scaler,params_ADI_BKNG_z_win,params_AVGO_COST_beta_win,params_AVGO_COST_stop_loss,params_AVGO_COST_trade_freq,params_AVGO_COST_z_entry,params_AVGO_COST_z_exit,params_AVGO_COST_z_stop_scaler,params_AVGO_COST_z_win,params_CDW_PCAR_beta_win,params_CDW_PCAR_stop_loss,params_CDW_PCAR_trade_freq,params_CDW_PCAR_z_entry,params_CDW_PCAR_z_exit,params_CDW_PCAR_z_stop_scaler,params_CDW_PCAR_z_win,params_COST_KLAC_beta_win,params_COST_KLAC_stop_loss,params_COST_KLAC_trade_freq,params_COST_KLAC_z_entry,params_COST_KLAC_z_exit,params_COST_KLAC_z_stop_scaler,params_COST_KLAC_z_win,params_DDOG_INTU_beta_win,params_DDOG_INTU_stop_loss,params_DDOG_INTU_trade_freq,params_DDOG_INTU_z_entry,params_DDOG_INTU_z_exit,params_DDOG_INTU_z_stop_scaler,params_DDOG_INTU_z_win,params_DDOG_ROP_beta_win,params_DDOG_ROP_stop_loss,params_DDOG_ROP_trade_freq,params_DDOG_ROP_z_entry,params_DDOG_ROP_z_exit,params_DDOG_ROP_z_stop_scaler,params_DDOG_ROP_z_win,params_KLAC_NFLX_beta_win,params_KLAC_NFLX_stop_loss,params_KLAC_NFLX_trade_freq,params_KLAC_NFLX_z_entry,params_KLAC_NFLX_z_exit,params_KLAC_NFLX_z_stop_scaler,params_KLAC_NFLX_z_win,params_MAR_MRVL_beta_win,params_MAR_MRVL_stop_loss,params_MAR_MRVL_trade_freq,params_MAR_MRVL_z_entry,params_MAR_MRVL_z_exit,params_MAR_MRVL_z_stop_scaler,params_MAR_MRVL_z_win,params_ROP_ROST_beta_win,params_ROP_ROST_stop_loss,params_ROP_ROST_trade_freq,params_ROP_ROST_z_entry,params_ROP_ROST_z_exit,params_ROP_ROST_z_stop_scaler,params_ROP_ROST_z_win,params_buffer_capital,params_pairs_to_trade,state
52,52,2.2466601718296264,2025-06-14 20:02:38.270022,2025-06-14 20:02:40.769720,0 days 00:00:02.499698,1018.0,0.005,2m,3.0,1.0,0.5,648.0,,,,,,,,,,,,,,,,,,,,,,,,,,,,,,,,,,,,,,,,,,,,,,,,,,848.0,0.008,3m,3.0,4.0,1.0,556.0,158,0.01,4m,1.5,2.5,1.6,750,0.4,3,COMPLETE
53,53,2.0283311385066694,2025-06-14 20:02:40.825834,2025-06-14 20:02:43.514926,0 days 00:00:02.689092,750.0,0.004,3m,3.5,2.5,1.4,944.0,,,,,,,,,,,,,,,,,,,,,,,,,,,,,,,,,,,,,,,,,,,,,,,,,,296.0,0.007,3m,2.5,3.0,0.9,518.0,204,0.008,3m,2.5,2.0,1.4,670,0.4,3,COMPLETE
54,54,3.406521127647043,2025-06-14 20:02:43.576670,2025-06-14 20:02:45.993088,0 days 00:00:02.416418,,,,,,,,,,,,,,,,,,,,,,,,,,,,,,,,,,,,,,,,,,,,,,,,,,,,,,,,,798.0,0.009000000000000001,3m,2.0,3.5,0.8,404.0,130,0.007,4m,2.0,2.5,1.2000000000000002,996,0.5,2,COMPLETE
55,55,2.807788315877661,2025-06-14 20:02:46.049022,2025-06-14 20:02:47.893812,0 days 00:00:01.844790,,,,,,,,,,,,,,,,,,,,,,,,,,,,,,,,,,,,,,,,,,,,,,,,,,,,,,,,,804.0,0.009000000000000001,3m,2.0,4.0,0.8,418.0,66,0.007,4m,2.0,2.0,1.3,976,0.5,2,COMPLETE
56,56,1.484329419101963,2025-06-14 20:02:47.964362,2025-06-14 20:02:50.473296,0 days 00:00:02.508934,,,,,,,,,,,,,,,,,,,,,,,,,,,,,,,,,,,,,,,,,,,,,,,,,,,,,,,,,,,,,,,,124,0.008,4m,1.5,2.5,1.2000000000000002,888,0.45,1,COMPLETE
57,57,0.5228604621026852,2025-06-14 20:02:50.589836,2025-06-14 20:02:55.572310,0 days 00:00:04.982474,,,,,,,,,,,,,,,,,,,,,,,,,,,,,,,,,,,,,,,,,,,,,,,,,,,,,,,,,706.0,0.008,3m,2.0,3.5,0.8,372.0,302,0.009000000000000001,4m,2.0,1.5,1.9000000000000001,980,0.5,2,COMPLETE
58,58,-100.0,2025-06-14 20:02:55.690822,2025-06-14 20:02:58.384367,0 days 00:00:02.693545,,,,,,,,,,,,,,,,,,,,,,,,,,,,,,,,,,,,,,,,,,,,,,,,,,,,,,,,,,,,,,,,156,0.007,4m,3.5,2.0,1.5,1024,0.35000000000000003,1,COMPLETE
59,59,-3.9546040498552415,2025-06-14 20:02:58.498814,2025-06-14 20:03:08.014396,0 days 00:00:09.515582,114.0,0.001,1m,2.5,1.5,1.1,504.0,,,,,,,,,,,,,,,,,,,,,,,,,,,,,704.0,0.009000000000000001,1m,1.0,1.0,2.0,306.0,,,,,,,,,,,,,,,918.0,0.007,3m,2.5,3.5,1.0,468.0,30,0.009000000000000001,4m,1.5,2.5,1.2000000000000002,808,0.45,4,COMPLETE
60,60,-5.045298834115617,2025-06-14 20:03:08.113455,2025-06-14 20:03:11.042448,0 days 00:00:02.928993,,,,,,,,,,,,,,,,,,,,,,,,,,,,,,,,,,,,,,,,,,,,,,,,,,,,,,,,,776.0,0.009000000000000001,1m,1.5,3.0,0.9,626.0,228,0.008,2m,2.5,1.5,1.7000000000000002,878,0.5,2,COMPLETE
61,61,0.3122260307996556,2025-06-14 20:03:11.137503,2025-06-14 20:03:14.509458,0 days 00:00:03.371955,948.0,0.003,2m,4.0,2.5,1.2000000000000002,770.0,,,,,,,,,,,,,,,,,,,,,,,,,,,,,,,,,,,,,,,,,,,,,,,,,,860.0,0.008,3m,2.5,3.5,1.6,504.0,86,0.007,3m,2.0,3.0,2.0,708,0.2,3,COMPLETE
62,62,1.5599771634078312,2025-06-14 20:03:14.580807,2025-06-14 20:03:17.171069,0 days 00:00:02.590262,26.0,0.006,3m,2.5,2.0,0.8,552.0,,,,,,,,,,,,,,,,,,,,,,,,,,,,,,,,,,,,,,,,,,,,,,,,,,34.0,0.009000000000000001,3m,2.5,3.5,1.2000000000000002,388.0,178,0.009000000000000001,4m,2.0,2.5,1.0,736,0.25,3,COMPLETE
63,63,1.9074031721688265,2025-06-14 20:03:17.234178,2025-06-14 20:03:19.065997,0 days 00:00:01.831819,,,,,,,,,,,,,,,,,,,,,,,,,,,,,,,,,,,,,,,,,,,,,,,,,,,,,,,,,732.0,0.008,3m,2.0,3.0,1.1,546.0,122,0.008,4m,2.0,2.5,1.8,554,0.15000000000000002,2,COMPLETE
64,64,2.0122240594808893,2025-06-14 20:03:19.122786,2025-06-14 20:03:20.045325,0 days 00:00:00.922539,,,,,,,,,,,,,,,,,,,,,,,,,,,,,,,,,,,,,,,,,,,,,,,,,,,,,,,,,,,,,,,,64,0.007,3m,1.5,3.0,1.4,656,0.2,1,COMPLETE
65,65,4.551181977459813,2025-06-14 20:03:20.107748,2025-06-14 20:03:21.828638,0 days 00:00:01.720890,,,,,,,,,,,,,,,,,,,,,,,,,,,,,,,,,,,,,,,,,,,,,,,,,,,,,,,,,824.0,0.009000000000000001,3m,3.0,3.5,0.8,488.0,236,0.01,4m,2.5,2.5,1.6,856,0.45,2,COMPLETE
66,66,3.776754261695506,2025-06-14 20:03:21.890078,2025-06-14 20:03:23.809116,0 days 00:00:01.919038,,,,,,,,,,,,,,,,,,,,,,,,,,,,,,,,,,,,,,,,,,,,,,,,,,,,,,,,,794.0,0.007,3m,3.0,3.5,0.6,424.0,296,0.01,4m,3.0,2.0,1.3,854,0.45,2,COMPLETE
67,67,-100.0,2025-06-14 20:03:23.905585,2025-06-14 20:03:24.838748,0 days 00:00:00.933163,,,,,,,,,,,,,,,,,,,,,,,,,,,,,,,,,,,,,,,,,,,,,,,,,,,,,,,,,,,,,,,,368,0.01,4m,3.0,2.5,1.3,948,0.45,1,COMPLETE
68,68,-6.536069003639044,2025-06-14 20:03:24.921171,2025-06-14 20:03:27.508024,0 days 00:00:02.586853,182.0,0.003,1m,2.5,1.0,0.7,328.0,,,,,,,,,,,,,,,,,,,,,,,,,,,,,,,,,,,,,,,,,,,,,,,,,,782.0,0.007,3m,3.0,4.0,0.6,430.0,240,0.01,4m,3.5,2.0,1.5,864,0.4,3,COMPLETE
69,69,-3.1674682325216015,2025-06-14 20:03:27.590689,2025-06-14 20:03:31.077931,0 days 00:00:03.487242,250.0,0.002,3m,2.5,1.5,1.0,458.0,,,,,,,,,,,,,,,,,,,,,,,,,,,,,700.0,0.01,4m,4.0,1.5,1.2000000000000002,172.0,,,,,,,,,,,,,,,880.0,0.006,3m,3.0,3.5,0.8,362.0,302,0.01,4m,3.0,2.5,1.3,926,0.45,4,COMPLETE
70,70,0.352525811019912,2025-06-14 20:03:31.164133,2025-06-14 20:03:32.875151,0 days 00:00:01.711018,,,,,,,,,,,,,,,,,,,,,,,,,,,,,,,,,,,,,,,,,,,,,,,,,,,,,,,,,662.0,0.005,3m,3.0,4.0,0.6,282.0,386,0.01,4m,3.0,2.0,1.6,842,0.3,2,COMPLETE
71,71,3.560310460254561,2025-06-14 20:03:32.923665,2025-06-14 20:03:34.865041,0 days 00:00:01.941376,,,,,,,,,,,,,,,,,,,,,,,,,,,,,,,,,,,,,,,,,,,,,,,,,,,,,,,,,820.0,0.008,3m,2.5,3.5,0.8,480.0,188,0.009000000000000001,4m,3.5,2.0,1.2000000000000002,816,0.5,2,COMPLETE
72,72,4.238088633365617,2025-06-14 20:03:34.928162,2025-06-14 20:03:36.880539,0 days 00:00:01.952377,,,,,,,,,,,,,,,,,,,,,,,,,,,,,,,,,,,,,,,,,,,,,,,,,,,,,,,,,808.0,0.007,3m,2.0,3.5,0.7,462.0,194,0.009000000000000001,4m,3.5,2.0,1.2000000000000002,902,0.5,2,COMPLETE
73,73,-100.0,2025-06-14 20:03:36.944896,2025-06-14 20:03:37.843874,0 days 00:00:00.898978,,,,,,,,,,,,,,,,,,,,,,,,,,,,,,,,,,,,,,,,,,,,,,,,,,,,,,,,,,,,,,,,194,0.009000000000000001,4m,3.5,2.0,1.1,814,0.5,1,COMPLETE
74,74,5.327406248504786,2025-06-14 20:03:37.906261,2025-06-14 20:03:39.722451,0 days 00:00:01.816190,,,,,,,,,,,,,,,,,,,,,,,,,,,,,,,,,,,,,,,,,,,,,,,,,,,,,,,,,848.0,0.007,3m,3.0,3.5,0.5,466.0,298,0.01,4m,4.0,1.5,1.2000000000000002,908,0.45,2,COMPLETE
75,75,-2.8973112150911784,2025-06-14 20:03:39.772141,2025-06-14 20:03:42.562604,0 days 00:00:02.790463,374.0,0.002,1m,3.0,1.5,1.2000000000000002,262.0,,,,,,,,,,,,,,,,,,,,,,,,,,,,,,,,,,,,,,,,,,,,,,,,,,892.0,0.006,3m,3.0,3.0,0.5,462.0,292,0.01,4m,4.0,1.5,1.4,894,0.45,3,COMPLETE
76,76,-100.0,2025-06-14 20:03:42.635542,2025-06-14 20:03:43.715907,0 days 00:00:01.080365,,,,,,,,,,,,,,,,,,,,,,,,,,,,,,,,,,,,,,,,,,,,,,,,,,,,,,,,,,,,,,,,408,0.01,2m,4.0,1.5,1.3,856,0.4,1,COMPLETE
77,77,0.06129770949963763,2025-06-14 20:03:43.772988,2025-06-14 20:03:45.579884,0 days 00:00:01.806896,,,,,,,,,,,,,,,,,,,,,,,,,,,,,,,,,,,,,,,,,,,,,,,,,,,,,,,,,924.0,0.007,4m,3.5,3.5,0.5,532.0,324,0.01,4m,3.5,1.5,1.5,950,0.35000000000000003,2,COMPLETE
78,78,-2.0973808036755153,2025-06-14 20:03:45.611957,2025-06-14 20:03:47.992707,0 days 00:00:02.380750,714.0,0.005,3m,3.5,1.0,1.0,810.0,,,,,,,,,,,,,,,,,,,,,,,,,,,,,,,,,,,,,,,,,,,,,,,,,,756.0,0.007,3m,3.0,4.0,0.6,568.0,246,0.009000000000000001,4m,4.0,1.5,1.0,794,0.45,3,COMPLETE
79,79,-0.7021469387034301,2025-06-14 20:03:48.050303,2025-06-14 20:03:49.885266,0 days 00:00:01.834963,,,,,,,,,,,,,,,,,,,,,,,,,,,,,,,,,,,,,,,,,,,,,,,,,,,,,,,,,858.0,0.006,2m,1.5,3.5,0.7,442.0,162,0.01,4m,4.0,3.5,1.1,918,0.45,2,COMPLETE
80,80,-100.0,2025-06-14 20:03:49.940305,2025-06-14 20:03:51.029147,0 days 00:00:01.088842,,,,,,,,,,,,,,,,,,,,,,,,,,,,,,,,,,,,,,,,,,,,,,,,,,,,,,,,,,,,,,,,484,0.009000000000000001,4m,3.5,2.0,1.2000000000000002,750,0.2,1,COMPLETE
81,81,3.357813405930147,2025-06-14 20:03:51.097452,2025-06-14 20:03:52.827222,0 days 00:00:01.729770,,,,,,,,,,,,,,,,,,,,,,,,,,,,,,,,,,,,,,,,,,,,,,,,,,,,,,,,,814.0,0.007,3m,2.5,3.5,0.7,486.0,276,0.009000000000000001,4m,3.5,2.0,1.2000000000000002,830,0.5,2,COMPLETE
82,82,4.020803709244505,2025-06-14 20:03:52.880666,2025-06-14 20:03:55.049507,0 days 00:00:02.168841,,,,,,,,,,,,,,,,,,,,,,,,,,,,,,,,,,,,,,,,,,,,,,,,,,,,,,,,,836.0,0.008,3m,2.0,3.5,0.6,484.0,186,0.009000000000000001,4m,3.0,2.0,1.3,908,0.5,2,COMPLETE
83,83,3.8784617746861776,2025-06-14 20:03:55.095081,2025-06-14 20:03:56.874938,0 days 00:00:01.779857,,,,,,,,,,,,,,,,,,,,,,,,,,,,,,,,,,,,,,,,,,,,,,,,,,,,,,,,,860.0,0.007,3m,2.0,3.5,0.5,424.0,250,0.01,4m,3.0,2.0,1.3,912,0.5,2,COMPLETE
84,84,-0.3596678378822058,2025-06-14 20:03:56.926554,2025-06-14 20:03:59.832798,0 days 00:00:02.906244,422.0,0.004,1m,2.0,2.0,1.4,292.0,,,,,,,,,,,,,,,,,,,,,,,,,,,,,,,,,,,,,,,,,,,,,,,,,,904.0,0.008,3m,2.0,3.0,0.5,348.0,254,0.01,4m,3.0,2.0,1.3,914,0.5,3,COMPLETE
85,85,-1.8520355793751178,2025-06-14 20:03:59.886397,2025-06-14 20:04:01.852819,0 days 00:00:01.966422,,,,,,,,,,,,,,,,,,,,,,,,,,,,,,,,,,,,,,,,,,,,,,,,,,,,,,,,,774.0,0.001,3m,1.5,3.5,0.5,438.0,216,0.01,4m,3.0,1.5,1.3,964,0.45,2,COMPLETE
86,86,-100.0,2025-06-14 20:04:01.951081,2025-06-14 20:04:03.024894,0 days 00:00:01.073813,,,,,,,,,,,,,,,,,,,,,,,,,,,,,,,,,,,,,,,,,,,,,,,,,,,,,,,,,,,,,,,,174,0.01,4m,3.0,1.5,1.1,908,0.5,1,COMPLETE
87,87,-6.514546325884022,2025-06-14 20:04:03.099897,2025-06-14 20:04:05.958690,0 days 00:00:02.858793,642.0,0.003,3m,1.0,3.0,0.5,702.0,,,,,,,,,,,,,,,,,,,,,,,,,,,,,,,,,,,,,,,,,,,,,,,,,,944.0,0.007,3m,3.0,4.0,0.6,388.0,284,0.009000000000000001,4m,3.0,2.0,1.4,860,0.45,3,COMPLETE
88,88,-0.9568282828882856,2025-06-14 20:04:06.027679,2025-06-14 20:04:08.118343,0 days 00:00:02.090664,,,,,,,,,,,,,,,,,,,,,,,,,,,,,,,,,,,,,,,,,,,,,,,,,,,,,,,,,844.0,0.008,1m,2.0,3.5,0.6,528.0,330,0.01,2m,2.5,2.0,1.9000000000000001,932,0.5,2,COMPLETE
89,89,-1.1041340437626606,2025-06-14 20:04:08.173663,2025-06-14 20:04:10.077236,0 days 00:00:01.903573,,,,,,,,,,,,,,,,,,,,,,,,,,,,,,,,,,,,,,,,,,,,,,,,,,,,,,,,,718.0,0.007,3m,3.5,3.0,0.7,596.0,210,0.001,4m,3.5,2.0,1.3,994,0.4,2,COMPLETE
90,90,-1.7253448465384893,2025-06-14 20:04:10.146138,2025-06-14 20:04:13.939331,0 days 00:00:03.793193,98.0,0.001,1m,2.5,2.0,0.6,360.0,,,,,,,,,,,,,,,,,,,,,,,,,,,,,894.0,0.008,1m,1.5,2.0,1.0,16.0,,,,,,,,,,,,,,,978.0,0.005,3m,1.0,3.5,0.6,452.0,248,0.009000000000000001,4m,2.5,2.0,1.2000000000000002,886,0.5,4,COMPLETE
91,91,4.092198344898889,2025-06-14 20:04:14.005216,2025-06-14 20:04:16.004277,0 days 00:00:01.999061,,,,,,,,,,,,,,,,,,,,,,,,,,,,,,,,,,,,,,,,,,,,,,,,,,,,,,,,,876.0,0.007,3m,2.0,3.5,0.5,496.0,154,0.008,4m,3.0,2.0,1.4,842,0.15000000000000002,2,COMPLETE
92,92,4.302792815330364,2025-06-14 20:04:16.078993,2025-06-14 20:04:18.036544,0 days 00:00:01.957551,,,,,,,,,,,,,,,,,,,,,,,,,,,,,,,,,,,,,,,,,,,,,,,,,,,,,,,,,876.0,0.007,3m,2.0,3.5,0.5,426.0,148,0.008,4m,3.0,2.0,1.4,854,0.15000000000000002,2,COMPLETE
93,93,3.7402181079981753,2025-06-14 20:04:18.093619,2025-06-14 20:04:20.125770,0 days 00:00:02.032151,,,,,,,,,,,,,,,,,,,,,,,,,,,,,,,,,,,,,,,,,,,,,,,,,,,,,,,,,886.0,0.006,3m,2.0,3.5,0.5,506.0,96,0.008,4m,3.0,1.5,1.5,802,0.15000000000000002,2,COMPLETE
94,94,-100.0,2025-06-14 20:04:20.181104,2025-06-14 20:04:21.301898,0 days 00:00:01.120794,,,,,,,,,,,,,,,,,,,,,,,,,,,,,,,,,,,,,,,,,,,,,,,,,,,,,,,,,,,,,,,,152,0.008,4m,3.0,2.0,1.6,830,0.15000000000000002,1,COMPLETE
95,95,-0.3960766124276483,2025-06-14 20:04:21.367372,2025-06-14 20:04:26.745870,0 days 00:00:05.378498,490.0,0.007,4m,2.0,1.5,1.3,862.0,,,,,,,,68.0,0.01,1m,1.0,3.5,1.0,830.0,816.0,0.01,1m,4.0,2.0,0.6,870.0,,,,,,,,898.0,0.009000000000000001,3m,1.0,2.5,1.3,310.0,,,,,,,,,,,,,,,928.0,0.008,3m,2.0,3.5,0.5,470.0,188,0.008,4m,2.5,2.0,1.8,898,0.15000000000000002,6,COMPLETE
96,96,2.8721496393988653,2025-06-14 20:04:26.812974,2025-06-14 20:04:29.780915,0 days 00:00:02.967941,278.0,0.01,2m,3.5,2.5,0.7,536.0,,,,,,,,,,,,,,,,,,,,,,,,,,,,,,,,,,,,,,,,,,,,,,,,,,874.0,0.007,3m,2.0,3.0,0.5,576.0,100,0.009000000000000001,4m,3.0,1.5,1.4,762,0.1,3,COMPLETE
97,97,-1.1917902939967253,2025-06-14 20:04:29.836326,2025-06-14 20:04:31.736249,0 days 00:00:01.899923,,,,,,,,,,,,,,,,,,,,,,,,,,,,,,,,,,,,,,,,,,,,,,,,,,,,,,,,,110.0,0.009000000000000001,3m,2.0,3.5,0.7,544.0,136,0.008,4m,3.0,2.5,1.4,960,0.15000000000000002,2,COMPLETE
98,98,-100.0,2025-06-14 20:04:31.787817,2025-06-14 20:04:32.799923,0 days 00:00:01.012106,,,,,,,,,,,,,,,,,,,,,,,,,,,,,,,,,,,,,,,,,,,,,,,,,,,,,,,,,,,,,,,,58,0.009000000000000001,1m,3.5,2.0,1.5,872,0.15000000000000002,1,COMPLETE
99,99,-1.883537642073518,2025-06-14 20:04:32.887628,2025-06-14 20:04:34.722553,0 days 00:00:01.834925,,,,,,,,,,,,,,,,,,,,,,,,,,,,,,,,,,,,,,,,,,,,,,,,,,,,,,,,,914.0,0.008,4m,1.5,4.0,0.6,398.0,578,0.008,4m,4.0,2.0,1.4,790,0.1,2,COMPLETE
100,100,1.798220597234104,2025-06-14 20:04:34.783492,2025-06-14 20:04:39.499815,0 days 00:00:04.716323,594.0,0.005,4m,1.0,2.5,0.9,214.0,,,,,,,,,,,,,,,910.0,0.009000000000000001,2m,3.0,1.0,0.8,576.0,,,,,,,,556.0,0.006,4m,4.0,1.5,2.0,300.0,,,,,,,,,,,,,,,850.0,0.009000000000000001,3m,2.0,3.5,0.5,654.0,234,0.009000000000000001,4m,2.5,1.5,1.6,840,0.5,5,COMPLETE
101,101,5.294941548447026,2025-06-14 20:04:39.577873,2025-06-14 20:04:41.502792,0 days 00:00:01.924919,,,,,,,,,,,,,,,,,,,,,,,,,,,,,,,,,,,,,,,,,,,,,,,,,,,,,,,,,832.0,0.007,3m,3.0,3.5,0.6,458.0,178,0.01,4m,3.0,2.0,1.3,854,0.45,2,COMPLETE
102,102,4.018448567148149,2025-06-14 20:04:41.572456,2025-06-14 20:04:43.427558,0 days 00:00:01.855102,,,,,,,,,,,,,,,,,,,,,,,,,,,,,,,,,,,,,,,,,,,,,,,,,,,,,,,,,834.0,0.007,3m,2.0,3.5,1.4,454.0,166,0.01,4m,3.0,2.0,1.2000000000000002,868,0.5,2,COMPLETE
103,103,3.386789899164916,2025-06-14 20:04:43.514403,2025-06-14 20:04:45.666264,0 days 00:00:02.151861,,,,,,,,,,,,,,,,,,,,,,,,,,,,,,,,,,,,,,,,,,,,,,,,,,,,,,,,,834.0,0.006,3m,2.0,3.5,0.7,422.0,164,0.01,4m,3.0,2.0,1.2000000000000002,898,0.5,2,COMPLETE
104,104,2.2852361091536966,2025-06-14 20:04:45.723331,2025-06-14 20:04:47.627284,0 days 00:00:01.903953,,,,,,,,,,,,,,,,,,,,,,,,,,,,,,,,,,,,,,,,,,,,,,,,,,,,,,,,,756.0,0.007,3m,2.0,3.5,0.5,506.0,138,0.01,4m,3.0,2.0,1.3,874,0.5,2,COMPLETE
105,105,4.125242605525233,2025-06-14 20:04:47.683702,2025-06-14 20:04:49.763236,0 days 00:00:02.079534,,,,,,,,,,,,,,,,,,,,,,,,,,,,,,,,,,,,,,,,,,,,,,,,,,,,,,,,,796.0,0.007,3m,2.0,3.5,0.6,460.0,82,0.01,4m,3.0,2.0,1.1,936,0.45,2,COMPLETE
106,106,0.9015810329065537,2025-06-14 20:04:49.816350,2025-06-14 20:04:52.498242,0 days 00:00:02.681892,350.0,0.001,3m,4.0,1.0,0.7,988.0,,,,,,,,,,,,,,,,,,,,,,,,,,,,,,,,,,,,,,,,,,,,,,,,,,800.0,0.007,2m,2.0,3.5,0.6,454.0,38,0.009000000000000001,4m,3.0,2.5,1.1,986,0.45,3,COMPLETE
107,107,4.311659829817303,2025-06-14 20:04:52.563031,2025-06-14 20:04:54.413914,0 days 00:00:01.850883,,,,,,,,,,,,,,,,,,,,,,,,,,,,,,,,,,,,,,,,,,,,,,,,,,,,,,,,,828.0,0.006,3m,2.0,3.5,0.7,532.0,112,0.01,4m,3.0,2.0,0.9,932,0.45,2,COMPLETE
108,108,-2.077133403505164,2025-06-14 20:04:54.459679,2025-06-14 20:04:57.229222,0 days 00:00:02.769543,176.0,0.004,2m,3.0,1.5,0.9,726.0,,,,,,,,,,,,,,,,,,,,,,,,,,,,,,,,,,,,,,,,,,,,,,,,,,384.0,0.007,3m,2.0,3.5,0.7,534.0,92,0.01,4m,3.0,2.0,1.0,1022,0.4,3,COMPLETE
109,109,-100.0,2025-06-14 20:04:57.278198,2025-06-14 20:04:58.379817,0 days 00:00:01.101619,,,,,,,,,,,,,,,,,,,,,,,,,,,,,,,,,,,,,,,,,,,,,,,,,,,,,,,,,,,,,,,,180,0.01,4m,3.0,2.5,0.9,936,0.45,1,COMPLETE
110,110,1.9310071017410264,2025-06-14 20:04:58.431552,2025-06-14 20:05:00.417793,0 days 00:00:01.986241,,,,,,,,,,,,,,,,,,,,,,,,,,,,,,,,,,,,,,,,,,,,,,,,,,,,,,,,,764.0,0.006,3m,2.5,4.0,0.7,482.0,74,0.01,2m,2.5,2.0,0.9,960,0.45,2,COMPLETE
111,111,4.122413831069592,2025-06-14 20:05:00.473607,2025-06-14 20:05:02.441225,0 days 00:00:01.967618,,,,,,,,,,,,,,,,,,,,,,,,,,,,,,,,,,,,,,,,,,,,,,,,,,,,,,,,,832.0,0.006,3m,2.0,3.5,0.6,492.0,110,0.01,4m,3.0,2.0,1.2000000000000002,934,0.45,2,COMPLETE
112,112,4.492186384752151,2025-06-14 20:05:02.512702,2025-06-14 20:05:04.336419,0 days 00:00:01.823717,,,,,,,,,,,,,,,,,,,,,,,,,,,,,,,,,,,,,,,,,,,,,,,,,,,,,,,,,810.0,0.006,3m,2.0,3.5,0.6,558.0,112,0.01,4m,3.0,2.0,1.2000000000000002,940,0.45,2,COMPLETE
113,113,3.611553336311803,2025-06-14 20:05:04.392011,2025-06-14 20:05:06.402599,0 days 00:00:02.010588,,,,,,,,,,,,,,,,,,,,,,,,,,,,,,,,,,,,,,,,,,,,,,,,,,,,,,,,,808.0,0.005,3m,2.0,3.5,0.6,614.0,22,0.01,4m,3.0,2.0,1.1,932,0.4,2,COMPLETE
114,114,1.7948890911566495,2025-06-14 20:05:06.471299,2025-06-14 20:05:08.435016,0 days 00:00:01.963717,,,,,,,,,,,,,,,,,,,,,,,,,,,,,,,,,,,,,,,,,,,,,,,,,,,,,,,,,734.0,0.006,3m,2.0,3.5,0.6,552.0,104,0.01,4m,3.0,2.0,0.8,972,0.45,2,COMPLETE
115,115,-100.0,2025-06-14 20:05:08.498157,2025-06-14 20:05:09.577659,0 days 00:00:01.079502,,,,,,,,,,,,,,,,,,,,,,,,,,,,,,,,,,,,,,,,,,,,,,,,,,,,,,,,,,,,,,,,46,0.009000000000000001,4m,3.5,2.0,1.1,944,0.45,1,COMPLETE
116,116,-1.677969485860408,2025-06-14 20:05:09.644565,2025-06-14 20:05:11.389705,0 days 00:00:01.745140,,,,,,,,,,,,,,,,,,,,,,,,,,,,,,,,,,,,,,,,,,,,,,,,,,,,,,,,,786.0,0.006,1m,2.5,3.5,0.7,510.0,118,0.01,4m,3.0,2.0,1.3,1000,0.4,2,COMPLETE
117,117,3.510751451586055,2025-06-14 20:05:11.460530,2025-06-14 20:05:14.479317,0 days 00:00:03.018787,46.0,0.002,1m,4.0,3.5,1.2000000000000002,640.0,,,,,,,,,,,,,,,,,,,,,,,,,,,,,,,,,,,,,,,,,,,,,,,,,,868.0,0.005,3m,2.0,3.5,0.6,566.0,144,0.009000000000000001,1m,3.5,2.0,1.2000000000000002,460,0.45,3,COMPLETE
118,118,4.108681449961104,2025-06-14 20:05:14.532647,2025-06-14 20:05:16.538569,0 days 00:00:02.005922,,,,,,,,,,,,,,,,,,,,,,,,,,,,,,,,,,,,,,,,,,,,,,,,,,,,,,,,,820.0,0.006,3m,3.0,3.5,0.6,532.0,80,0.01,4m,3.0,2.5,1.2000000000000002,892,0.45,2,COMPLETE
119,119,-100.0,2025-06-14 20:05:16.573982,2025-06-14 20:05:17.680875,0 days 00:00:01.106893,,,,,,,,,,,,,,,,,,,,,,,,,,,,,,,,,,,,,,,,,,,,,,,,,,,,,,,,,,,,,,,,78,0.01,4m,2.5,2.5,1.1,890,0.45,1,COMPLETE
120,120,3.6075368351869015,2025-06-14 20:05:17.744616,2025-06-14 20:05:19.564207,0 days 00:00:01.819591,,,,,,,,,,,,,,,,,,,,,,,,,,,,,,,,,,,,,,,,,,,,,,,,,,,,,,,,,812.0,0.006,3m,3.0,4.0,0.5,526.0,110,0.01,3m,3.0,3.0,1.0,842,0.4,2,COMPLETE
121,121,4.921795904219291,2025-06-14 20:05:19.634031,2025-06-14 20:05:21.420927,0 days 00:00:01.786896,,,,,,,,,,,,,,,,,,,,,,,,,,,,,,,,,,,,,,,,,,,,,,,,,,,,,,,,,834.0,0.006,3m,3.0,3.5,0.6,492.0,50,0.01,4m,3.0,2.5,1.2000000000000002,908,0.45,2,COMPLETE
122,122,-1.0597936523762177,2025-06-14 20:05:21.479912,2025-06-14 20:05:23.474879,0 days 00:00:01.994967,,,,,,,,,,,,,,,,,,,,,,,,,,,,,,,,,,,,,,,,,,,,,,,,,,,,,,,,,884.0,0.006,3m,3.0,3.5,0.6,496.0,54,0.01,4m,3.0,2.5,1.2000000000000002,928,0.45,2,COMPLETE
123,123,2.4060859875444605,2025-06-14 20:05:23.526442,2025-06-14 20:05:25.479564,0 days 00:00:01.953122,,,,,,,,,,,,,,,,,,,,,,,,,,,,,,,,,,,,,,,,,,,,,,,,,,,,,,,,,792.0,0.006,3m,3.0,3.5,0.7,582.0,18,0.01,4m,3.0,2.5,1.2000000000000002,852,0.45,2,COMPLETE
124,124,1.0210453798426,2025-06-14 20:05:25.546974,2025-06-14 20:05:27.452990,0 days 00:00:01.906016,,,,,,,,,,,,,,,,,,,,,,,,,,,,,,,,,,,,,,,,,,,,,,,,,,,,,,,,,556.0,0.006,3m,3.0,3.5,0.8,526.0,76,0.01,4m,3.0,2.5,1.2000000000000002,948,0.45,2,COMPLETE
125,125,2.631255181963662,2025-06-14 20:05:27.508676,2025-06-14 20:05:30.121608,0 days 00:00:02.612932,342.0,0.009000000000000001,3m,3.5,3.5,1.1,822.0,,,,,,,,,,,,,,,,,,,,,,,,,,,,,,,,,,,,,,,,,,,,,,,,,,820.0,0.005,3m,3.0,3.5,0.7,462.0,128,0.01,4m,3.0,2.5,1.1,880,0.4,3,COMPLETE
126,126,4.192995592589285,2025-06-14 20:05:30.170671,2025-06-14 20:05:32.031558,0 days 00:00:01.860887,,,,,,,,,,,,,,,,,,,,,,,,,,,,,,,,,,,,,,,,,,,,,,,,,,,,,,,,,686.0,0.004,3m,3.5,3.5,0.5,376.0,144,0.01,4m,2.5,2.5,1.2000000000000002,820,0.45,2,COMPLETE
127,127,-1.1136285971771083,2025-06-14 20:05:32.120220,2025-06-14 20:05:34.974037,0 days 00:00:02.853817,96.0,0.002,2m,3.0,1.0,0.6,922.0,,,,,,,,,,,,,,,,,,,,,,,,,,,,,,,,,,,,,,,,,,,,,,,,,,702.0,0.004,3m,3.5,3.5,0.6,390.0,90,0.01,4m,2.5,2.5,1.2000000000000002,916,0.45,3,COMPLETE
128,128,-100.0,2025-06-14 20:05:35.049229,2025-06-14 20:05:37.048464,0 days 00:00:01.999235,,,,,,,,,,,,,,,,,,,,,,,,,,,,,,,,,,,,,,,,,,,,,,,,,,,,,,,,,760.0,0.003,3m,4.0,3.5,0.5,376.0,50,0.01,4m,2.5,2.5,1.1,974,0.45,2,COMPLETE
129,129,-3.759674710761877,2025-06-14 20:05:37.101777,2025-06-14 20:05:38.104620,0 days 00:00:01.002843,,,,,,,,,,,,,,,,,,,,,,,,,,,,,,,,,,,,,,,,,,,,,,,,,,,,,,,,,,,,,,,,206,0.01,4m,2.5,4.0,1.2000000000000002,828,0.45,1,COMPLETE
130,130,-100.0,2025-06-14 20:05:38.168203,2025-06-14 20:05:40.187174,0 days 00:00:02.018971,,,,,,,,,,,,,,,,,,,,,,,,,,,,,,,,,,,,,,,,,,,,,,,,,,,,,,,,,784.0,0.002,4m,3.5,3.5,0.8,408.0,110,0.01,4m,3.5,2.5,1.1,890,0.4,2,COMPLETE
131,131,4.892850584633924,2025-06-14 20:05:40.268065,2025-06-14 20:05:42.260708,0 days 00:00:01.992643,,,,,,,,,,,,,,,,,,,,,,,,,,,,,,,,,,,,,,,,,,,,,,,,,,,,,,,,,842.0,0.006,3m,3.0,3.5,0.5,472.0,156,0.01,4m,3.0,2.5,1.3,868,0.45,2,COMPLETE
