,number,value,datetime_start,datetime_complete,duration,params_AEP_HON_beta_win,params_AEP_HON_stop_loss,params_AEP_HON_trade_freq,params_AEP_HON_z_entry,params_AEP_HON_z_exit,params_AEP_HON_z_stop_scaler,params_AEP_HON_z_win,params_ATVI_ROST_beta_win,params_ATVI_ROST_stop_loss,params_ATVI_ROST_trade_freq,params_ATVI_ROST_z_entry,params_ATVI_ROST_z_exit,params_ATVI_ROST_z_stop_scaler,params_ATVI_ROST_z_win,params_BIDU_SIRI_beta_win,params_BIDU_SIRI_stop_loss,params_BIDU_SIRI_trade_freq,params_BIDU_SIRI_z_entry,params_BIDU_SIRI_z_exit,params_BIDU_SIRI_z_stop_scaler,params_BIDU_SIRI_z_win,params_FOXA_MAR_beta_win,params_FOXA_MAR_stop_loss,params_FOXA_MAR_trade_freq,params_FOXA_MAR_z_entry,params_FOXA_MAR_z_exit,params_FOXA_MAR_z_stop_scaler,params_FOXA_MAR_z_win,params_FOX_MAR_beta_win,params_FOX_MAR_stop_loss,params_FOX_MAR_trade_freq,params_FOX_MAR_z_entry,params_FOX_MAR_z_exit,params_FOX_MAR_z_stop_scaler,params_FOX_MAR_z_win,params_GOOGL_VRTX_beta_win,params_GOOGL_VRTX_stop_loss,params_GOOGL_VRTX_trade_freq,params_GOOGL_VRTX_z_entry,params_GOOGL_VRTX_z_exit,params_GOOGL_VRTX_z_stop_scaler,params_GOOGL_VRTX_z_win,params_GOOG_VRTX_beta_win,params_GOOG_VRTX_stop_loss,params_GOOG_VRTX_trade_freq,params_GOOG_VRTX_z_entry,params_GOOG_VRTX_z_exit,params_GOOG_VRTX_z_stop_scaler,params_GOOG_VRTX_z_win,params_HON_JD_beta_win,params_HON_JD_stop_loss,params_HON_JD_trade_freq,params_HON_JD_z_entry,params_HON_JD_z_exit,params_HON_JD_z_stop_scaler,params_HON_JD_z_win,params_JD_MDLZ_beta_win,params_JD_MDLZ_stop_loss,params_JD_MDLZ_trade_freq,params_JD_MDLZ_z_entry,params_JD_MDLZ_z_exit,params_JD_MDLZ_z_stop_scaler,params_JD_MDLZ_z_win,params_KHC_ROST_beta_win,params_KHC_ROST_stop_loss,params_KHC_ROST_trade_freq,params_KHC_ROST_z_entry,params_KHC_ROST_z_exit,params_KHC_ROST_z_stop_scaler,params_KHC_ROST_z_win,params_buffer_capital,params_pairs_to_trade,state
0,0,-4.492517183040994,2025-06-14 18:58:07.281500,2025-06-14 18:58:21.708395,0 days 00:00:14.426895,876.0,0.003,3m,1.0,3.0,1.3,394.0,,,,,,,,,,,,,,,,,,,,,,,,,,,,,,,,,,,,1000.0,0.002,1m,2.5,2.0,0.6,468.0,342,0.009000000000000001,3m,3.5,2.0,1.3,502,,,,,,,,,,,,,,,0.5,3,COMPLETE
1,1,-4.714668549258612,2025-06-14 18:58:21.766339,2025-06-14 18:58:24.210826,0 days 00:00:02.444487,210.0,0.009000000000000001,1m,3.0,3.0,1.9000000000000001,948.0,,,,,,,,,,,,,,,,,,,,,,,,,,,,,,,,,,,,984.0,0.006,3m,2.5,3.0,1.0,592.0,324,0.009000000000000001,2m,4.0,1.5,1.9000000000000001,320,,,,,,,,,,,,,,,0.3,3,COMPLETE
2,2,-4.29929809825422,2025-06-14 18:58:24.304114,2025-06-14 18:58:32.027221,0 days 00:00:07.723107,978.0,0.007,3m,1.5,4.0,0.7,698.0,76.0,0.001,3m,2.5,2.5,0.6,388.0,,,,,,,,920.0,0.003,3m,2.5,1.0,1.3,360.0,652.0,0.001,4m,3.0,1.5,0.5,828.0,34.0,0.005,2m,3.0,3.5,0.8,230.0,572.0,0.008,4m,1.5,3.5,2.0,386.0,270,0.008,4m,1.0,1.5,0.5,50,670.0,0.006,4m,2.0,2.5,0.8,548.0,110.0,0.003,4m,1.0,4.0,1.6,146.0,0.2,9,COMPLETE
3,3,-2.8079793751211817,2025-06-14 18:58:32.114093,2025-06-14 18:58:36.508068,0 days 00:00:04.393975,844.0,0.01,4m,3.5,4.0,1.9000000000000001,582.0,,,,,,,,,,,,,,,,,,,,,,,,,,,,,960.0,0.01,4m,2.5,1.5,1.3,260.0,352.0,0.007,2m,1.0,3.5,1.3,856.0,544,0.009000000000000001,1m,1.5,3.5,1.3,326,,,,,,,,434.0,0.006,3m,2.5,3.5,0.7,974.0,0.05,5,COMPLETE
4,4,-5.572416206646452,2025-06-14 18:58:36.573257,2025-06-14 18:58:40.883299,0 days 00:00:04.310042,56.0,0.007,4m,3.5,3.0,1.7000000000000002,226.0,,,,,,,,,,,,,,,,,,,,,,,,,,,,,956.0,0.01,1m,1.5,1.5,1.9000000000000001,592.0,754.0,0.009000000000000001,1m,2.5,3.0,1.1,992.0,974,0.009000000000000001,4m,1.5,2.0,1.9000000000000001,702,,,,,,,,886.0,0.003,3m,3.5,2.5,1.1,452.0,0.2,5,COMPLETE
5,5,-4.295935013857824,2025-06-14 18:58:40.948664,2025-06-14 18:58:47.920065,0 days 00:00:06.971401,218.0,0.004,2m,1.5,3.0,1.6,72.0,,,,,,,,,,,,,,,974.0,0.008,4m,3.0,4.0,1.8,922.0,370.0,0.007,1m,2.0,1.0,1.4,490.0,604.0,0.006,1m,4.0,2.0,1.9000000000000001,106.0,804.0,0.008,1m,2.5,3.5,0.6,550.0,430,0.001,4m,2.5,4.0,0.8,278,304.0,0.007,4m,1.5,1.0,1.8,648.0,32.0,0.006,1m,3.0,3.5,1.5,220.0,0.15000000000000002,8,COMPLETE
6,6,-5.5613236095012475,2025-06-14 18:58:48.012838,2025-06-14 18:58:51.639673,0 days 00:00:03.626835,588.0,0.007,2m,2.5,2.5,0.8,598.0,,,,,,,,,,,,,,,,,,,,,,,,,,,,,254.0,0.009000000000000001,2m,2.0,3.5,1.6,890.0,56.0,0.009000000000000001,3m,2.5,1.5,1.1,276.0,264,0.008,1m,4.0,1.0,0.6,718,,,,,,,,,,,,,,,0.45,4,COMPLETE
7,7,-2.3398184229227827,2025-06-14 18:58:51.698002,2025-06-14 18:58:54.385162,0 days 00:00:02.687160,832.0,0.01,3m,3.5,2.5,1.5,514.0,,,,,,,,,,,,,,,,,,,,,,,,,,,,,,,,,,,,948.0,0.008,2m,4.0,3.0,1.6,760.0,952,0.004,3m,2.0,2.5,0.8,652,,,,,,,,,,,,,,,0.1,3,COMPLETE
8,8,1.2356360763207166,2025-06-14 18:58:54.455973,2025-06-14 18:59:00.609279,0 days 00:00:06.153306,172.0,0.001,2m,2.5,4.0,1.8,892.0,,,,,,,,,,,,,,,338.0,0.005,2m,1.5,3.0,1.4,492.0,,,,,,,,142.0,0.007,1m,3.0,3.0,1.7000000000000002,862.0,150.0,0.002,2m,4.0,3.0,1.4,444.0,186,0.009000000000000001,3m,3.0,3.0,1.2000000000000002,68,370.0,0.006,3m,2.0,3.0,1.2000000000000002,674.0,574.0,0.009000000000000001,4m,2.0,1.5,1.2000000000000002,294.0,0.05,7,COMPLETE
9,9,-5.2493819526153,2025-06-14 18:59:00.692182,2025-06-14 18:59:09.243777,0 days 00:00:08.551595,698.0,0.01,4m,2.5,3.5,0.8,766.0,678.0,0.01,4m,4.0,4.0,2.0,420.0,432.0,0.007,4m,4.0,1.5,0.9,224.0,410.0,0.006,4m,1.0,3.5,1.7000000000000002,748.0,552.0,0.003,1m,2.0,3.5,0.7,384.0,1012.0,0.004,4m,4.0,1.5,0.5,248.0,1010.0,0.007,3m,4.0,1.5,0.8,766.0,90,0.004,2m,4.0,1.5,0.9,844,612.0,0.004,2m,1.0,1.5,1.6,82.0,64.0,0.007,2m,3.0,1.0,1.9000000000000001,316.0,0.45,10,COMPLETE
10,10,-3.9941215454969607,2025-06-14 18:59:09.308292,2025-06-14 18:59:13.706165,0 days 00:00:04.397873,372.0,0.001,2m,2.0,1.0,1.1,1012.0,,,,,,,,,,,,,,,98.0,0.001,2m,1.0,2.5,0.5,202.0,,,,,,,,424.0,0.007,3m,3.0,3.0,1.3,936.0,18.0,0.001,2m,3.5,4.0,1.6,60.0,660,0.006,3m,3.0,3.0,1.6,52,50.0,0.01,3m,4.0,4.0,0.9,1006.0,694.0,0.01,4m,1.5,1.0,0.9,808.0,0.3,7,COMPLETE
11,11,2.481383142758403,2025-06-14 18:59:13.769612,2025-06-14 18:59:21.576995,0 days 00:00:07.807383,,,,,,,,,,,,,,,,,,,,,,,,,,,,,,,,,,,,,,,,,,,,,,,,,,998,0.004,3m,2.5,3.0,1.0,1024,,,,,,,,,,,,,,,0.05,1,COMPLETE
12,12,-0.6024306398951437,2025-06-14 18:59:21.659831,2025-06-14 18:59:22.752121,0 days 00:00:01.092290,,,,,,,,,,,,,,,,,,,,,,,,,,,,,,,,,,,,,,,,,,,,,,,,,,780,0.006,3m,3.0,3.0,1.1,956,,,,,,,,,,,,,,,0.05,1,COMPLETE
13,13,-5.015088915711123,2025-06-14 18:59:22.856535,2025-06-14 18:59:29.009696,0 days 00:00:06.153161,374.0,0.001,1m,4.0,1.5,2.0,836.0,,,,,,,,,,,,,,,424.0,0.01,2m,2.0,2.5,0.9,628.0,,,,,,,,48.0,0.002,1m,1.0,4.0,1.6,654.0,244.0,0.004,4m,3.5,1.0,1.6,150.0,136,0.002,3m,2.5,3.0,1.5,986,312.0,0.001,1m,3.0,3.5,1.2000000000000002,864.0,448.0,0.01,4m,2.0,2.0,1.3,650.0,0.15000000000000002,7,COMPLETE
14,14,-0.3926139242457372,2025-06-14 18:59:29.068760,2025-06-14 18:59:30.158886,0 days 00:00:01.090126,,,,,,,,,,,,,,,,,,,,,,,,,,,,,,,,,,,,,,,,,,,,,,,,,,746,0.004,3m,3.0,4.0,1.1,180,,,,,,,,,,,,,,,0.05,1,COMPLETE
15,15,-3.691302563344209,2025-06-14 18:59:30.211955,2025-06-14 18:59:36.349390,0 days 00:00:06.137435,16.0,0.003,2m,2.0,2.0,1.2000000000000002,364.0,,,,,,,,,,,,,,,22.0,0.005,1m,4.0,1.5,1.3,96.0,,,,,,,,644.0,0.001,3m,3.0,2.5,1.0,778.0,312.0,0.003,2m,3.5,2.5,2.0,272.0,36,0.007,3m,2.0,3.5,1.0,496,924.0,0.009000000000000001,3m,3.0,2.5,0.5,222.0,992.0,0.008,1m,4.0,2.0,0.5,22.0,0.35000000000000003,7,COMPLETE
16,16,-2.0294115720785517,2025-06-14 18:59:36.426675,2025-06-14 18:59:41.887873,0 days 00:00:05.461198,428.0,0.005,2m,3.0,4.0,0.5,872.0,,,,,,,,,,,,,,,628.0,0.005,2m,2.0,3.0,1.0,444.0,,,,,,,,280.0,0.008,1m,3.5,2.5,1.6,1016.0,498.0,0.004,2m,1.5,2.5,1.4,680.0,526,0.003,3m,3.5,2.5,1.5,582,,,,,,,,668.0,0.001,2m,2.0,1.5,2.0,488.0,0.15000000000000002,6,COMPLETE
17,17,-5.54292781130125,2025-06-14 18:59:41.966582,2025-06-14 18:59:43.758599,0 days 00:00:01.792017,214.0,0.002,1m,1.0,3.5,1.5,724.0,,,,,,,,,,,,,,,,,,,,,,,,,,,,,,,,,,,,,,,,,,,856,0.005,2m,2.0,3.5,1.2000000000000002,804,,,,,,,,,,,,,,,0.1,2,COMPLETE
18,18,-6.106248537511735,2025-06-14 18:59:43.818123,2025-06-14 18:59:51.765584,0 days 00:00:07.947461,576.0,0.005,2m,2.0,2.0,1.8,428.0,1012.0,0.006,1m,1.0,1.0,1.7000000000000002,938.0,,,,,,,,270.0,0.002,1m,1.5,2.0,2.0,974.0,38.0,0.01,2m,4.0,4.0,2.0,974.0,226.0,0.003,1m,2.0,1.0,2.0,454.0,190.0,0.001,4m,3.0,4.0,1.8,384.0,632,0.007,1m,3.5,3.0,0.7,438,362.0,0.003,3m,2.5,3.0,1.4,352.0,322.0,0.008,4m,1.0,2.5,1.1,680.0,0.25,9,COMPLETE
19,19,1.1029443037896607,2025-06-14 18:59:51.847164,2025-06-14 18:59:57.264124,0 days 00:00:05.416960,106.0,0.003,2m,4.0,3.5,1.4,26.0,,,,,,,,,,,,,,,674.0,0.007,3m,3.5,4.0,1.5,650.0,,,,,,,,712.0,0.007,3m,2.5,4.0,1.0,762.0,456.0,0.005,2m,3.0,2.0,0.9,1018.0,178,0.01,3m,2.5,2.5,1.6,188,,,,,,,,668.0,0.004,4m,2.0,1.5,1.7000000000000002,326.0,0.1,6,COMPLETE
20,20,-5.074546964434099,2025-06-14 18:59:57.333743,2025-06-14 19:00:00.900131,0 days 00:00:03.566388,482.0,0.006,1m,3.0,2.0,1.1,192.0,,,,,,,,,,,,,,,,,,,,,,,,,,,,,432.0,0.005,2m,3.5,3.0,1.7000000000000002,442.0,658.0,0.003,2m,2.0,2.0,1.4,214.0,392,0.005,3m,3.0,3.5,1.4,874,,,,,,,,,,,,,,,0.35000000000000003,4,COMPLETE
21,21,-2.7919591322307213,2025-06-14 19:00:00.977484,2025-06-14 19:00:06.431969,0 days 00:00:05.454485,166.0,0.002,2m,4.0,3.5,1.4,42.0,,,,,,,,,,,,,,,672.0,0.007,3m,3.5,4.0,1.5,644.0,,,,,,,,772.0,0.007,3m,2.5,4.0,1.1,790.0,440.0,0.005,2m,3.0,2.0,0.9,1006.0,194,0.01,3m,2.5,2.5,1.7000000000000002,196,,,,,,,,666.0,0.004,4m,2.0,1.5,1.7000000000000002,348.0,0.1,6,COMPLETE
22,22,-3.755138418616226,2025-06-14 19:00:06.494441,2025-06-14 19:00:13.670643,0 days 00:00:07.176202,110.0,0.003,2m,2.5,3.5,1.6,200.0,,,,,,,,,,,,,,,760.0,0.009000000000000001,3m,4.0,3.5,1.5,338.0,994.0,0.006,3m,1.0,2.5,2.0,26.0,772.0,0.008,3m,2.0,3.5,0.7,754.0,134.0,0.005,2m,4.0,1.0,0.8,868.0,194,0.01,3m,2.5,2.5,1.7000000000000002,134,18.0,0.008,1m,4.0,2.0,1.2000000000000002,750.0,836.0,0.004,4m,2.5,1.5,1.4,320.0,0.05,8,COMPLETE
23,23,-5.9815702300940226,2025-06-14 19:00:13.731513,2025-06-14 19:00:19.322140,0 days 00:00:05.590627,312.0,0.002,2m,4.0,4.0,1.0,268.0,,,,,,,,,,,,,,,286.0,0.004,3m,3.0,3.0,1.0,544.0,,,,,,,,796.0,0.006,3m,3.5,3.0,1.4,680.0,388.0,0.002,2m,3.0,2.5,1.2000000000000002,432.0,460,0.01,3m,2.0,2.0,1.1,412,,,,,,,,588.0,0.001,4m,1.5,2.0,1.8,94.0,0.1,6,COMPLETE
24,24,-1.0809369886361229,2025-06-14 19:00:19.394322,2025-06-14 19:00:23.705952,0 days 00:00:04.311630,296.0,0.004,2m,3.0,3.5,1.7000000000000002,662.0,,,,,,,,,,,,,,,,,,,,,,,,,,,,,550.0,0.008,4m,2.5,4.0,1.0,888.0,612.0,0.006,2m,3.5,1.5,0.5,598.0,164,0.008,3m,3.0,3.0,2.0,136,,,,,,,,282.0,0.005,4m,1.5,1.0,1.1,420.0,0.2,5,COMPLETE
25,25,-3.640255813676978,2025-06-14 19:00:23.791893,2025-06-14 19:00:30.955118,0 days 00:00:07.163225,124.0,0.004,3m,2.5,2.5,1.3,114.0,,,,,,,,,,,,,,,544.0,0.007,2m,3.0,3.5,1.6,786.0,56.0,0.01,3m,4.0,2.5,1.2000000000000002,66.0,140.0,0.007,1m,1.5,3.5,0.8,1010.0,270.0,0.01,3m,4.0,3.0,0.8,16.0,58,0.003,3m,2.5,2.5,1.4,252,860.0,0.004,2m,1.0,4.0,1.9000000000000001,444.0,780.0,0.009000000000000001,1m,3.0,3.0,0.9,602.0,0.05,8,COMPLETE
26,26,-0.1940083545493712,2025-06-14 19:00:31.045406,2025-06-14 19:00:34.923161,0 days 00:00:03.877755,280.0,0.001,4m,3.5,4.0,2.0,306.0,,,,,,,,,,,,,,,,,,,,,,,,,,,,,430.0,0.004,3m,3.0,3.0,1.1,534.0,132.0,0.004,4m,3.0,2.0,1.4,676.0,258,0.007,4m,1.5,3.0,0.9,72,,,,,,,,,,,,,,,0.15000000000000002,4,COMPLETE
27,27,-6.768278511118098,2025-06-14 19:00:34.978750,2025-06-14 19:00:41.270278,0 days 00:00:06.291528,700.0,0.002,2m,2.0,3.5,1.4,470.0,,,,,,,,,,,,,,,782.0,0.006,2m,2.0,3.0,1.2000000000000002,496.0,,,,,,,,874.0,0.009000000000000001,1m,1.5,2.0,1.4,848.0,500.0,0.002,1m,2.0,2.5,1.8,860.0,894,0.01,2m,3.5,2.0,1.2000000000000002,18,484.0,0.001,3m,2.0,3.0,1.0,842.0,522.0,0.007,2m,2.0,1.5,1.5,206.0,0.1,7,COMPLETE
28,28,-3.814989505081501,2025-06-14 19:00:41.324540,2025-06-14 19:00:43.373142,0 days 00:00:02.048602,100.0,0.003,2m,1.5,1.0,1.8,846.0,,,,,,,,,,,,,,,,,,,,,,,,,,,,,,,,,,,,,,,,,,,1018,0.003,1m,3.0,3.5,1.7000000000000002,404,,,,,,,,,,,,,,,0.05,2,COMPLETE
29,29,-5.921895352012081,2025-06-14 19:00:43.430492,2025-06-14 19:00:51.462168,0 days 00:00:08.031676,28.0,0.001,2m,3.0,3.0,1.0,590.0,142.0,0.001,2m,1.0,4.0,0.6,960.0,,,,,,,,230.0,0.004,3m,3.5,4.0,1.9000000000000001,810.0,1006.0,0.003,2m,1.0,3.0,1.4,744.0,682.0,0.006,3m,3.5,4.0,0.5,668.0,724.0,0.003,2m,3.5,3.5,1.2000000000000002,502.0,370,0.008,3m,2.5,2.5,1.4,568,206.0,0.006,3m,3.0,2.0,0.5,1022.0,324.0,0.002,3m,2.5,2.0,1.3,556.0,0.25,9,COMPLETE
30,30,-3.617973568982023,2025-06-14 19:00:51.535598,2025-06-14 19:00:56.705318,0 days 00:00:05.169720,444.0,0.006,4m,4.0,1.5,1.6,942.0,,,,,,,,,,,,,,,466.0,0.008,4m,1.5,3.5,0.7,642.0,,,,,,,,504.0,0.009000000000000001,2m,2.5,2.0,1.8,404.0,444.0,0.005,2m,2.0,1.5,1.0,296.0,606,0.001,3m,2.0,4.0,1.3,118,,,,,,,,998.0,0.005,4m,1.5,3.0,1.7000000000000002,240.0,0.1,6,COMPLETE
31,31,-1.9320586282402228,2025-06-14 19:00:56.757639,2025-06-14 19:01:00.302321,0 days 00:00:03.544682,288.0,0.001,4m,3.5,4.0,2.0,316.0,,,,,,,,,,,,,,,,,,,,,,,,,,,,,322.0,0.004,3m,3.0,2.5,1.1,544.0,150.0,0.004,4m,3.0,2.0,1.4,722.0,270,0.007,4m,1.0,3.0,0.9,202,,,,,,,,,,,,,,,0.15000000000000002,4,COMPLETE
32,32,0.4384659835722068,2025-06-14 19:01:00.362036,2025-06-14 19:01:02.359606,0 days 00:00:01.997570,250.0,0.002,4m,3.5,4.0,1.9000000000000001,116.0,,,,,,,,,,,,,,,,,,,,,,,,,,,,,,,,,,,,,,,,,,,308,0.009000000000000001,4m,1.5,3.0,1.0,88,,,,,,,,,,,,,,,0.15000000000000002,2,COMPLETE
33,33,-7.894309635211894,2025-06-14 19:01:02.411232,2025-06-14 19:01:04.440516,0 days 00:00:02.029284,158.0,0.003,4m,4.0,4.0,1.8,130.0,,,,,,,,,,,,,,,,,,,,,,,,,,,,,,,,,,,,,,,,,,,312,0.009000000000000001,4m,1.0,2.5,1.0,328,,,,,,,,,,,,,,,0.2,2,COMPLETE
34,34,-1.942550921766429,2025-06-14 19:01:04.492698,2025-06-14 19:01:05.393685,0 days 00:00:00.900987,,,,,,,,,,,,,,,,,,,,,,,,,,,,,,,,,,,,,,,,,,,,,,,,,,108,0.009000000000000001,4m,1.5,3.5,1.0,108,,,,,,,,,,,,,,,0.05,1,COMPLETE
35,35,-1.0008767004880426,2025-06-14 19:01:05.441280,2025-06-14 19:01:08.410562,0 days 00:00:02.969282,202.0,0.002,3m,3.5,3.5,1.9000000000000001,152.0,,,,,,,,,,,,,,,,,,,,,,,,,,,,,,,,,,,,232.0,0.001,2m,4.0,3.0,0.7,632.0,228,0.01,4m,2.5,3.0,1.2000000000000002,244,,,,,,,,,,,,,,,0.1,3,COMPLETE
36,36,0.7837692233799554,2025-06-14 19:01:08.482302,2025-06-14 19:01:10.264055,0 days 00:00:01.781753,354.0,0.004,1m,3.0,3.0,1.7000000000000002,64.0,,,,,,,,,,,,,,,,,,,,,,,,,,,,,,,,,,,,,,,,,,,328,0.009000000000000001,2m,1.5,2.0,0.5,78,,,,,,,,,,,,,,,0.15000000000000002,2,COMPLETE
37,37,-1.1710480931512677,2025-06-14 19:01:10.362722,2025-06-14 19:01:13.184780,0 days 00:00:02.822058,340.0,0.004,1m,3.0,3.0,1.4,16.0,,,,,,,,,,,,,,,,,,,,,,,,,,,,,,,,,,,,66.0,0.002,1m,3.5,2.5,0.5,944.0,468,0.008,2m,3.5,1.5,0.6,18,,,,,,,,,,,,,,,0.1,3,COMPLETE
38,38,-9.153304881050232,2025-06-14 19:01:13.259696,2025-06-14 19:01:17.580259,0 days 00:00:04.320563,78.0,0.005,1m,2.5,3.0,1.7000000000000002,356.0,,,,,,,,,,,,,,,,,,,,,,,,,,,,,104.0,0.007,4m,2.0,3.5,1.5,728.0,826.0,0.003,3m,3.0,1.0,1.8,448.0,338,0.008,2m,1.0,2.0,0.5,342,,,,,,,,570.0,0.008,4m,2.5,2.5,0.9,402.0,0.05,5,COMPLETE
39,39,0.6360446549051681,2025-06-14 19:01:17.643706,2025-06-14 19:01:18.612692,0 days 00:00:00.968986,,,,,,,,,,,,,,,,,,,,,,,,,,,,,,,,,,,,,,,,,,,,,,,,,,394,0.009000000000000001,2m,2.0,1.0,0.7,162,,,,,,,,,,,,,,,0.2,1,COMPLETE
40,40,-9.088570902386875,2025-06-14 19:01:18.673190,2025-06-14 19:01:22.759060,0 days 00:00:04.085870,544.0,0.008,1m,3.0,3.0,1.5,654.0,,,,,,,,,,,,,,,,,,,,,,,,,,,,,694.0,0.005,1m,1.0,3.0,0.7,950.0,914.0,0.006,1m,1.5,4.0,1.0,542.0,568,0.006,2m,4.0,2.0,1.8,280,,,,,,,,202.0,0.004,1m,1.0,1.0,2.0,768.0,0.25,5,COMPLETE
41,41,-3.3220350788462207,2025-06-14 19:01:22.811697,2025-06-14 19:01:23.777640,0 days 00:00:00.965943,,,,,,,,,,,,,,,,,,,,,,,,,,,,,,,,,,,,,,,,,,,,,,,,,,428,0.009000000000000001,2m,2.0,1.0,0.6,166,,,,,,,,,,,,,,,0.2,1,COMPLETE
42,42,-3.427715760776518,2025-06-14 19:01:23.825251,2025-06-14 19:01:24.900760,0 days 00:00:01.075509,,,,,,,,,,,,,,,,,,,,,,,,,,,,,,,,,,,,,,,,,,,,,,,,,,208,0.009000000000000001,2m,1.5,1.0,0.7,212,,,,,,,,,,,,,,,0.2,1,COMPLETE
43,43,2.2454099350314345,2025-06-14 19:01:24.967598,2025-06-14 19:01:27.037948,0 days 00:00:02.070350,396.0,0.003,1m,2.5,3.5,1.7000000000000002,72.0,,,,,,,,,,,,,,,,,,,,,,,,,,,,,,,,,,,,,,,,,,,392,0.01,2m,2.0,1.5,0.5,66,,,,,,,,,,,,,,,0.15000000000000002,2,COMPLETE
44,44,-0.40606494867453924,2025-06-14 19:01:27.102889,2025-06-14 19:01:28.952662,0 days 00:00:01.849773,414.0,0.003,1m,2.5,3.5,1.7000000000000002,72.0,,,,,,,,,,,,,,,,,,,,,,,,,,,,,,,,,,,,,,,,,,,148,0.01,2m,2.5,1.5,0.5,72,,,,,,,,,,,,,,,0.15000000000000002,2,COMPLETE
45,45,-6.374691939192384,2025-06-14 19:01:29.015797,2025-06-14 19:01:31.795623,0 days 00:00:02.779826,646.0,0.004,1m,2.0,3.0,1.6,248.0,,,,,,,,,,,,,,,,,,,,,,,,,,,,,,,,,,,,548.0,0.007,2m,1.0,3.0,1.5,364.0,702,0.01,1m,1.5,2.0,0.8,714,,,,,,,,,,,,,,,0.05,3,COMPLETE
46,46,-3.149001859544506,2025-06-14 19:01:31.903582,2025-06-14 19:01:33.892231,0 days 00:00:01.988649,988.0,0.005,1m,2.5,3.5,1.8,70.0,,,,,,,,,,,,,,,,,,,,,,,,,,,,,,,,,,,,,,,,,,,498,0.002,2m,3.0,1.5,0.5,22,,,,,,,,,,,,,,,0.5,2,COMPLETE
47,47,-7.09588306028034,2025-06-14 19:01:33.955720,2025-06-14 19:01:40.258645,0 days 00:00:06.302925,504.0,0.003,1m,1.5,2.5,1.3,152.0,,,,,,,,,,,,,,,828.0,0.007,1m,2.5,2.0,1.4,282.0,,,,,,,,352.0,0.008,1m,2.5,4.0,1.2000000000000002,822.0,362.0,0.006,3m,2.0,3.5,1.1,142.0,292,0.004,3m,2.5,2.0,1.3,626,736.0,0.004,2m,2.0,3.5,1.5,598.0,422.0,0.007,2m,3.5,1.5,1.5,44.0,0.1,7,COMPLETE
48,48,2.9598008027767913,2025-06-14 19:01:40.317734,2025-06-14 19:01:47.285845,0 days 00:00:06.968111,360.0,0.006,3m,3.0,3.0,1.5,16.0,,,,,,,,,,,,,,,580.0,0.004,2m,3.5,3.0,1.1,558.0,306.0,0.008,4m,3.0,1.5,1.0,262.0,162.0,0.003,3m,4.0,3.5,0.9,608.0,432.0,0.001,4m,2.5,2.0,1.3,934.0,90,0.01,3m,2.0,2.5,0.8,764,514.0,0.008,1m,3.5,3.0,1.7000000000000002,330.0,748.0,0.003,3m,2.0,2.0,1.2000000000000002,268.0,0.05,8,COMPLETE
49,49,-1.5059132042519412,2025-06-14 19:01:47.357091,2025-06-14 19:01:54.258174,0 days 00:00:06.901083,168.0,0.006,3m,2.0,2.5,1.5,20.0,,,,,,,,,,,,,,,596.0,0.004,2m,3.5,3.0,1.1,540.0,354.0,0.008,4m,3.0,1.5,1.0,270.0,162.0,0.001,3m,4.0,3.5,0.9,590.0,426.0,0.001,4m,2.5,2.0,1.3,926.0,22,0.01,3m,2.0,2.5,0.8,788,474.0,0.008,1m,3.5,3.0,1.7000000000000002,354.0,742.0,0.003,3m,2.0,2.0,1.2000000000000002,274.0,0.05,8,COMPLETE
50,50,2.887215976036876,2025-06-14 19:01:54.337562,2025-06-14 19:02:03.096461,0 days 00:00:08.758899,240.0,0.007,3m,2.5,4.0,1.2000000000000002,532.0,466.0,0.01,2m,4.0,1.0,1.2000000000000002,106.0,1010.0,0.001,1m,1.0,3.5,2.0,980.0,374.0,0.003,2m,4.0,2.0,0.8,418.0,310.0,0.008,4m,3.0,2.0,0.9,212.0,24.0,0.003,3m,3.5,3.5,0.8,720.0,616.0,0.002,4m,2.5,1.5,1.3,814.0,96,0.005,3m,2.0,3.5,1.1,928,558.0,0.007,1m,2.5,3.5,1.4,40.0,870.0,0.002,3m,1.5,1.5,1.2000000000000002,182.0,0.05,10,COMPLETE
51,51,-2.842820154012342,2025-06-14 19:02:03.168515,2025-06-14 19:02:11.811690,0 days 00:00:08.643175,238.0,0.008,3m,2.5,4.0,1.2000000000000002,490.0,500.0,0.01,2m,4.0,1.0,1.2000000000000002,78.0,1024.0,0.001,1m,1.5,4.0,2.0,994.0,366.0,0.003,2m,4.0,2.0,0.8,420.0,276.0,0.009000000000000001,4m,3.0,2.0,0.9,262.0,26.0,0.003,3m,3.5,3.5,0.8,718.0,628.0,0.002,4m,2.5,1.5,1.3,926.0,110,0.005,3m,2.0,3.5,1.1,912,558.0,0.007,1m,2.5,3.5,2.0,106.0,874.0,0.002,3m,1.5,1.5,1.2000000000000002,150.0,0.05,10,COMPLETE
52,52,-2.6112725655990414,2025-06-14 19:02:11.886084,2025-06-14 19:02:19.220458,0 days 00:00:07.334374,390.0,0.007,3m,2.5,4.0,1.2000000000000002,788.0,466.0,0.007,2m,3.0,2.0,1.2000000000000002,50.0,,,,,,,,520.0,0.003,2m,3.5,2.5,0.7,586.0,244.0,0.007,4m,2.5,1.0,1.1,204.0,190.0,0.002,3m,4.0,3.5,0.9,652.0,688.0,0.001,4m,2.5,1.5,1.5,820.0,70,0.004,3m,2.0,4.0,0.9,1020,408.0,0.008,1m,3.5,3.0,1.4,18.0,602.0,0.002,3m,2.0,1.5,1.0,174.0,0.1,9,COMPLETE
53,53,2.1711790725302085,2025-06-14 19:02:19.282796,2025-06-14 19:02:27.615353,0 days 00:00:08.332557,458.0,0.007,3m,2.5,3.5,1.3,896.0,756.0,0.004,1m,3.0,2.0,1.0,644.0,982.0,0.001,3m,1.0,3.5,2.0,992.0,678.0,0.005,2m,4.0,1.5,1.2000000000000002,698.0,738.0,0.005,4m,3.5,2.0,0.8,408.0,88.0,0.003,3m,3.0,4.0,0.7,846.0,596.0,0.002,4m,2.0,2.0,1.2000000000000002,1024.0,160,0.005,3m,2.5,3.5,1.1,932,760.0,0.005,1m,1.5,3.5,1.1,224.0,800.0,0.003,3m,1.5,2.0,1.4,386.0,0.05,10,COMPLETE
