,number,value,datetime_start,datetime_complete,duration,params_AAPL_PDD_beta_win,params_AAPL_PDD_stop_loss,params_AAPL_PDD_trade_freq,params_AAPL_PDD_z_entry,params_AAPL_PDD_z_exit,params_AAPL_PDD_z_stop_scaler,params_AAPL_PDD_z_win,params_AMGN_ADI_beta_win,params_AMGN_ADI_stop_loss,params_AMGN_ADI_trade_freq,params_AMGN_ADI_z_entry,params_AMGN_ADI_z_exit,params_AMGN_ADI_z_stop_scaler,params_AMGN_ADI_z_win,params_CMCSA_MAR_beta_win,params_CMCSA_MAR_stop_loss,params_CMCSA_MAR_trade_freq,params_CMCSA_MAR_z_entry,params_CMCSA_MAR_z_exit,params_CMCSA_MAR_z_stop_scaler,params_CMCSA_MAR_z_win,params_GOOGL_FTNT_beta_win,params_GOOGL_FTNT_stop_loss,params_GOOGL_FTNT_trade_freq,params_GOOGL_FTNT_z_entry,params_GOOGL_FTNT_z_exit,params_GOOGL_FTNT_z_stop_scaler,params_GOOGL_FTNT_z_win,params_KDP_TXN_beta_win,params_KDP_TXN_stop_loss,params_KDP_TXN_trade_freq,params_KDP_TXN_z_entry,params_KDP_TXN_z_exit,params_KDP_TXN_z_stop_scaler,params_KDP_TXN_z_win,params_MRNA_PCAR_beta_win,params_MRNA_PCAR_stop_loss,params_MRNA_PCAR_trade_freq,params_MRNA_PCAR_z_entry,params_MRNA_PCAR_z_exit,params_MRNA_PCAR_z_stop_scaler,params_MRNA_PCAR_z_win,params_NFLX_TXN_beta_win,params_NFLX_TXN_stop_loss,params_NFLX_TXN_trade_freq,params_NFLX_TXN_z_entry,params_NFLX_TXN_z_exit,params_NFLX_TXN_z_stop_scaler,params_NFLX_TXN_z_win,params_PDD_PEP_beta_win,params_PDD_PEP_stop_loss,params_PDD_PEP_trade_freq,params_PDD_PEP_z_entry,params_PDD_PEP_z_exit,params_PDD_PEP_z_stop_scaler,params_PDD_PEP_z_win,params_SBUX_TXN_beta_win,params_SBUX_TXN_stop_loss,params_SBUX_TXN_trade_freq,params_SBUX_TXN_z_entry,params_SBUX_TXN_z_exit,params_SBUX_TXN_z_stop_scaler,params_SBUX_TXN_z_win,params_ZS_ADI_beta_win,params_ZS_ADI_stop_loss,params_ZS_ADI_trade_freq,params_ZS_ADI_z_entry,params_ZS_ADI_z_exit,params_ZS_ADI_z_stop_scaler,params_ZS_ADI_z_win,params_buffer_capital,params_pairs_to_trade,state
55,55,0.9674986756314743,2025-06-22 17:01:53.212086,2025-06-22 17:01:59.972345,0 days 00:00:06.760259,2576.0,0.03,2m,2.4000000000000004,0.2,2.0,904.0,,,,,,,,4120.0,0.045000000000000005,9m,2.2,1.0,1.0,592.0,,,,,,,,7032,0.04,7m,2.6,0.6000000000000001,0.5,264,5664.0,0.04,8m,1.0,0.6000000000000001,1.5,568.0,4592.0,0.02,6m,1.0,0.2,1.5,224.0,,,,,,,,,,,,,,,5664.0,0.015,8m,1.2,1.0,1.5,752.0,0.2,6,COMPLETE
56,56,0.9491012640489369,2025-06-22 17:02:00.015354,2025-06-22 17:02:05.967298,0 days 00:00:05.951944,,,,,,,,,,,,,,,2560.0,0.025,3m,1.0,1.0,0.5,400.0,,,,,,,,6728,0.035,8m,2.8,0.2,1.5,480,6672.0,0.035,4m,1.2,1.0,0.5,424.0,6520.0,0.01,7m,2.2,0.8,0.5,352.0,,,,,,,,,,,,,,,7456.0,0.025,6m,2.0,0.6000000000000001,1.0,528.0,0.4,5,COMPLETE
57,57,0.9805524498746374,2025-06-22 17:02:05.999158,2025-06-22 17:02:09.404220,0 days 00:00:03.405062,,,,,,,,,,,,,,,1472.0,0.03,9m,2.4000000000000004,0.2,2.0,768.0,,,,,,,,6272,0.04,4m,1.2,0.4,2.0,616,2072.0,0.045000000000000005,7m,2.0,0.8,1.0,344.0,,,,,,,,,,,,,,,,,,,,,,,,,,,,,0.25,3,COMPLETE
58,58,1.0003702846136695,2025-06-22 17:02:09.419927,2025-06-22 17:02:12.144290,0 days 00:00:02.724363,,,,,,,,,,,,,,,,,,,,,,,,,,,,,5712,0.045000000000000005,9m,2.4000000000000004,0.8,1.5,720,2672.0,0.04,3m,1.4,0.6000000000000001,1.0,280.0,,,,,,,,,,,,,,,,,,,,,,,,,,,,,0.35000000000000003,2,COMPLETE
59,59,1.0407859258730023,2025-06-22 17:02:12.191477,2025-06-22 17:02:17.639764,0 days 00:00:05.448287,,,,,,,,,,,,,,,2048.0,0.015,6m,1.6,0.8,1.5,512.0,,,,,,,,4904,0.05,6m,3.0,0.0,2.0,528,3928.0,0.01,2m,1.0,0.4,1.5,456.0,1528.0,0.03,5m,2.6,0.4,1.0,712.0,,,,,,,,,,,,,,,,,,,,,,0.3,4,COMPLETE
60,60,0.9865574665617703,2025-06-22 17:02:17.685412,2025-06-22 17:02:23.317763,0 days 00:00:05.632351,,,,,,,,,,,,,,,1968.0,0.01,6m,1.8,1.0,1.0,520.0,,,,,,,,4672,0.05,6m,3.0,1.0,1.0,512,5144.0,0.01,2m,1.2,0.2,1.5,448.0,1680.0,0.04,5m,1.4,0.4,1.0,696.0,,,,,,,,,,,,,,,,,,,,,,0.3,4,COMPLETE
61,61,1.018088885789775,2025-06-22 17:02:23.357272,2025-06-22 17:02:29.694996,0 days 00:00:06.337724,,,,,,,,,,,,,,,2232.0,0.015,6m,1.6,0.8,1.5,448.0,,,,,,,,5088,0.05,6m,3.0,0.0,2.0,568,4008.0,0.01,2m,1.0,0.4,1.5,480.0,2160.0,0.03,5m,2.6,0.2,0.5,960.0,,,,,,,,,,,,,,,6448.0,0.02,9m,1.0,0.8,0.5,320.0,0.3,5,COMPLETE
62,62,0.9596305882193126,2025-06-22 17:02:29.710905,2025-06-22 17:02:34.244745,0 days 00:00:04.533840,,,,,,,,,,,,,,,3208.0,0.01,6m,1.4,0.8,1.5,328.0,,,,,,,,6080,0.045000000000000005,6m,2.6,0.0,2.0,536,4352.0,0.01,2m,1.0,0.4,1.5,520.0,,,,,,,,,,,,,,,,,,,,,,,,,,,,,0.25,3,COMPLETE
63,63,1.0382981542742489,2025-06-22 17:02:34.273838,2025-06-22 17:02:40.176352,0 days 00:00:05.902514,,,,,,,,,,,,,,,2432.0,0.015,2m,1.6,1.0,1.5,384.0,,,,,,,,4296,0.05,7m,2.8,0.0,2.0,440,3760.0,0.015,3m,1.0,0.4,1.5,592.0,3688.0,0.025,5m,2.8,0.4,1.0,792.0,,,,,,,,,,,,,,,,,,,,,,0.35000000000000003,4,COMPLETE
64,64,1.0363848092764953,2025-06-22 17:02:40.204204,2025-06-22 17:02:45.168012,0 days 00:00:04.963808,,,,,,,,,,,,,,,2608.0,0.015,2m,1.8,1.0,1.5,384.0,,,,,,,,3264,0.05,7m,2.8,0.0,2.0,480,6008.0,0.015,3m,1.0,0.4,1.5,592.0,,,,,,,,,,,,,,,,,,,,,,,,,,,,,0.25,3,COMPLETE
65,65,1.0432846075766058,2025-06-22 17:02:45.213500,2025-06-22 17:02:51.298059,0 days 00:00:06.084559,,,,,,,,,,,,,,,7312.0,0.015,2m,1.6,1.0,1.5,376.0,,,,,,,,3136,0.05,7m,2.8,0.0,2.0,320,5928.0,0.015,3m,1.2,0.2,1.5,584.0,1320.0,0.025,5m,2.8,0.4,1.0,768.0,,,,,,,,,,,,,,,,,,,,,,0.3,4,COMPLETE
66,66,1.004466668399728,2025-06-22 17:02:51.330501,2025-06-22 17:02:56.333091,0 days 00:00:05.002590,,,,,,,,,,,,,,,7528.0,0.015,2m,1.6,1.0,1.5,648.0,,,,,,,,2952,0.05,7m,2.8,0.0,2.0,304,6032.0,0.015,3m,1.2,0.0,1.5,704.0,,,,,,,,,,,,,,,,,,,,,,,,,,,,,0.3,3,COMPLETE
67,67,1.0170803703392448,2025-06-22 17:02:56.371482,2025-06-22 17:03:02.499604,0 days 00:00:06.128122,,,,,,,,,,,,,,,6840.0,0.015,2m,1.6,1.0,1.5,376.0,,,,,,,,3392,0.05,7m,2.8,0.0,2.0,424,6584.0,0.015,3m,2.8,0.2,1.5,592.0,1464.0,0.03,5m,3.0,0.4,1.0,768.0,,,,,,,,,,,,,,,,,,,,,,0.45,4,COMPLETE
68,68,0.9946162850170595,2025-06-22 17:03:02.551172,2025-06-22 17:03:08.034319,0 days 00:00:05.483147,,,,,,,,,,,,,,,8184.0,0.015,2m,2.0,1.0,2.0,192.0,,,,,,,,2312,0.05,7m,3.0,0.0,2.0,456,7576.0,0.015,6m,1.4,0.2,1.5,616.0,1024.0,0.025,5m,2.8,0.2,1.0,664.0,,,,,,,,,,,,,,,,,,,,,,0.35000000000000003,4,COMPLETE
69,69,1.0016201207781037,2025-06-22 17:03:08.060362,2025-06-22 17:03:13.040336,0 days 00:00:04.979974,,,,,,,,,,,,,,,5184.0,0.01,2m,1.8,0.0,1.5,288.0,,,,,,,,3816,0.05,7m,2.8,0.0,2.0,352,3816.0,0.01,3m,1.2,0.4,1.5,632.0,,,,,,,,,,,,,,,,,,,,,,,,,,,,,0.4,3,COMPLETE
70,70,0.9969099377210134,2025-06-22 17:03:13.077600,2025-06-22 17:03:15.740379,0 days 00:00:02.662779,,,,,,,,,,,,,,,,,,,,,,,,,,,,,2912,0.05,7m,2.6,0.0,2.0,200,4704.0,0.01,4m,1.0,0.4,2.0,648.0,,,,,,,,,,,,,,,,,,,,,,,,,,,,,0.3,2,COMPLETE
71,71,0.9982428954069928,2025-06-22 17:03:15.768205,2025-06-22 17:03:22.689201,0 days 00:00:06.920996,,,,,,,,,,,,,,,2536.0,0.015,2m,1.8,1.0,1.5,432.0,,,,,,,,4264,0.045000000000000005,5m,2.8,0.0,2.0,400,5928.0,0.015,3m,1.0,0.2,1.5,592.0,1408.0,0.035,5m,2.8,0.4,1.0,816.0,,,,,,,,,,,,,,,5240.0,0.035,5m,1.6,1.0,1.5,336.0,0.25,5,COMPLETE
72,72,1.0577582441669027,2025-06-22 17:03:22.708883,2025-06-22 17:03:30.347206,0 days 00:00:07.638323,,,,,,,,,,,,,,,5960.0,0.02,2m,1.6,1.0,1.5,392.0,,,,,,,,3256,0.05,3m,2.6,0.0,2.0,136,6232.0,0.02,3m,1.2,0.4,1.5,744.0,3736.0,0.025,5m,3.0,0.4,1.5,1024.0,,,,,,,,,,,,,,,4176.0,0.01,7m,2.4000000000000004,0.6000000000000001,1.0,544.0,0.25,5,COMPLETE
73,73,1.024143843286947,2025-06-22 17:03:30.378745,2025-06-22 17:03:36.888901,0 days 00:00:06.510156,,,,,,,,,,,,,,,5960.0,0.02,2m,1.6,1.0,1.5,328.0,,,,,,,,3232,0.05,3m,2.6,0.0,2.0,144,6888.0,0.02,3m,1.2,0.4,1.5,728.0,4096.0,0.025,5m,3.0,0.4,1.0,912.0,,,,,,,,,,,,,,,,,,,,,,0.2,4,COMPLETE
74,74,1.0525145977005952,2025-06-22 17:03:36.929876,2025-06-22 17:03:44.273042,0 days 00:00:07.343166,,,,,,,,,,,,,,,5904.0,0.02,2m,1.6,1.0,1.5,400.0,,,,,,,,2520,0.05,3m,2.8,0.0,2.0,344,3384.0,0.015,3m,1.2,0.4,1.5,792.0,2680.0,0.03,5m,3.0,0.4,1.5,1024.0,,,,,,,,,,,,,,,2280.0,0.045000000000000005,7m,2.6,0.6000000000000001,1.0,232.0,0.3,5,COMPLETE
75,75,0.9866231752798301,2025-06-22 17:03:44.322320,2025-06-22 17:03:49.618466,0 days 00:00:05.296146,,,,,,,,,,,,,,,6376.0,0.02,8m,1.2,1.0,1.5,512.0,,,,,,,,2448,0.05,3m,2.4000000000000004,0.0,2.0,352,3280.0,0.02,8m,1.4,0.0,1.5,840.0,2744.0,0.03,5m,3.0,0.4,1.5,1008.0,,,,,,,,,,,,,,,2592.0,0.045000000000000005,7m,2.6,0.6000000000000001,1.0,240.0,0.3,5,COMPLETE
76,76,1.0372900006238128,2025-06-22 17:03:49.657248,2025-06-22 17:03:58.052236,0 days 00:00:08.394988,2400.0,0.02,6m,1.2,0.0,1.5,768.0,,,,,,,,5840.0,0.02,2m,1.4,1.0,1.5,552.0,,,,,,,,1896,0.045000000000000005,3m,3.0,0.0,2.0,216,3048.0,0.015,3m,1.4,0.2,1.5,1000.0,2024.0,0.025,5m,2.8,0.4,1.5,1024.0,,,,,,,,,,,,,,,2264.0,0.03,7m,2.4000000000000004,0.8,1.0,256.0,0.35000000000000003,6,COMPLETE
77,77,1.035890916168752,2025-06-22 17:03:58.086182,2025-06-22 17:04:06.033954,0 days 00:00:07.947772,,,,,,,,,,,,,,,7200.0,0.01,2m,1.6,1.0,1.5,408.0,,,,,,,,2000,0.05,3m,2.8,0.2,2.0,304,2400.0,0.01,2m,1.2,0.4,1.5,776.0,4216.0,0.035,5m,3.0,0.4,2.0,848.0,,,,,,,,,,,,,,,3880.0,0.045000000000000005,7m,3.0,0.6000000000000001,1.5,392.0,0.3,5,COMPLETE
78,78,1.0039567732656127,2025-06-22 17:04:06.086036,2025-06-22 17:04:11.822944,0 days 00:00:05.736908,,,,,,,,,,,,,,,6672.0,0.015,2m,1.6,0.8,1.0,464.0,,,,,,,,2576,0.05,3m,2.6,0.0,2.0,128,1192.0,0.015,9m,2.4000000000000004,0.4,1.5,816.0,3552.0,0.03,5m,2.8,0.4,1.5,904.0,,,,,,,,,,,,,,,,,,,,,,0.3,4,COMPLETE
79,79,0.9812121421085533,2025-06-22 17:04:11.852669,2025-06-22 17:04:19.106116,0 days 00:00:07.253447,3168.0,0.015,4m,1.8,1.0,2.0,568.0,,,,,,,,5120.0,0.02,7m,1.4,1.0,1.5,344.0,,,,,,,,3864,0.03,3m,3.0,0.8,2.0,248,3576.0,0.025,3m,1.6,0.2,2.0,688.0,1872.0,0.035,5m,3.0,0.2,1.5,984.0,,,,,,,,,,,,,,,1888.0,0.035,7m,2.8,0.4,1.0,552.0,0.35000000000000003,6,COMPLETE
80,80,1.0114480839779947,2025-06-22 17:04:19.142903,2025-06-22 17:04:24.170756,0 days 00:00:05.027853,,,,,,,,,,,,,,,5520.0,0.02,4m,1.2,0.8,1.5,264.0,,,,,,,,3568,0.025,6m,2.4000000000000004,0.2,2.0,336,4168.0,0.02,3m,1.2,0.4,1.5,744.0,1432.0,0.025,5m,2.6,0.6000000000000001,1.0,728.0,,,,,,,,,,,,,,,,,,,,,,0.25,4,COMPLETE
81,81,0.945140674675718,2025-06-22 17:04:24.201758,2025-06-22 17:04:33.457652,0 days 00:00:09.255894,2064.0,0.025,6m,1.2,0.0,1.5,744.0,3016.0,0.01,8m,1.0,0.0,1.5,1016.0,6336.0,0.02,2m,1.4,1.0,1.5,552.0,,,,,,,,1800,0.045000000000000005,3m,3.0,0.0,2.0,192,3008.0,0.015,3m,1.4,0.2,1.5,968.0,2072.0,0.025,5m,2.8,0.4,1.5,1024.0,,,,,,,,,,,,,,,2096.0,0.03,7m,2.4000000000000004,0.8,1.0,232.0,0.35000000000000003,7,COMPLETE
82,82,1.0644150814814786,2025-06-22 17:04:33.506787,2025-06-22 17:04:41.647241,0 days 00:00:08.140454,4448.0,0.02,6m,1.4,0.2,1.5,888.0,,,,,,,,5944.0,0.02,2m,1.4,1.0,1.5,568.0,,,,,,,,2680,0.045000000000000005,3m,2.8,0.0,2.0,224,3408.0,0.01,3m,1.2,0.2,1.5,560.0,2648.0,0.025,5m,2.8,0.4,1.5,984.0,,,,,,,,,,,,,,,1264.0,0.025,7m,2.4000000000000004,0.8,1.0,240.0,0.35000000000000003,6,COMPLETE
83,83,0.9924448223758267,2025-06-22 17:04:41.688730,2025-06-22 17:04:51.199881,0 days 00:00:09.511151,4528.0,0.015,6m,1.6,0.4,1.0,912.0,5432.0,0.03,4m,1.8,0.4,2.0,792.0,5528.0,0.025,2m,1.6,1.0,1.5,1016.0,,,,,,,,2656,0.045000000000000005,3m,2.8,0.0,2.0,256,3312.0,0.01,3m,1.2,0.4,1.5,560.0,3168.0,0.03,5m,3.0,0.2,1.5,976.0,,,,,,,,,,,,,,,1280.0,0.025,7m,2.2,0.6000000000000001,1.0,192.0,0.4,7,COMPLETE
84,84,1.0196661687341046,2025-06-22 17:04:51.235060,2025-06-22 17:04:58.353261,0 days 00:00:07.118201,4720.0,0.035,6m,1.4,0.2,2.0,856.0,,,,,,,,6048.0,0.015,6m,1.8,1.0,1.5,576.0,,,,,,,,3032,0.05,3m,2.6,0.0,2.0,168,3896.0,0.01,3m,1.2,0.0,1.5,536.0,2584.0,0.025,5m,2.6,0.4,1.5,768.0,,,,,,,,,,,,,,,1464.0,0.035,6m,2.6,1.0,1.0,600.0,0.35000000000000003,6,COMPLETE
85,85,1.0400764141784797,2025-06-22 17:04:58.395818,2025-06-22 17:05:04.823550,0 days 00:00:06.427732,,,,,,,,,,,,,,,7256.0,0.015,2m,1.6,0.4,1.5,360.0,,,,,,,,3632,0.045000000000000005,8m,2.8,0.0,2.0,424,5528.0,0.01,4m,1.6,0.2,1.5,880.0,3688.0,0.03,8m,2.8,0.6000000000000001,2.0,944.0,,,,,,,,,,,,,,,3600.0,0.02,7m,2.8,0.6000000000000001,1.0,496.0,0.3,5,COMPLETE
86,86,1.0333840845246343,2025-06-22 17:05:04.852906,2025-06-22 17:05:09.585335,0 days 00:00:04.732429,,,,,,,,,,,,,,,7056.0,0.02,9m,1.4,0.4,2.0,720.0,,,,,,,,2696,0.045000000000000005,8m,2.6,0.0,2.0,280,5560.0,0.01,4m,1.6,0.2,1.5,928.0,3008.0,0.04,8m,3.0,0.6000000000000001,2.0,936.0,,,,,,,,,,,,,,,3496.0,0.02,7m,2.8,0.6000000000000001,1.0,488.0,0.3,5,COMPLETE
87,87,0.9921502946534767,2025-06-22 17:05:09.623395,2025-06-22 17:05:16.421383,0 days 00:00:06.797988,6488.0,0.02,9m,2.0,0.4,1.5,672.0,1024.0,0.03,5m,2.8,0.2,1.5,280.0,7824.0,0.025,8m,1.4,0.4,1.5,440.0,,,,,,,,3664,0.04,8m,2.8,0.2,2.0,224,6232.0,0.01,4m,1.4,0.2,2.0,864.0,4408.0,0.03,8m,2.8,0.6000000000000001,2.0,896.0,,,,,,,,,,,,,,,2680.0,0.015,7m,2.2,0.6000000000000001,1.0,376.0,0.25,7,COMPLETE
88,88,0.9892857811938455,2025-06-22 17:05:16.469089,2025-06-22 17:05:22.678760,0 days 00:00:06.209671,,,,,,,,,,,,,,,6224.0,0.01,2m,1.2,0.4,1.5,480.0,,,,,,,,2200,0.045000000000000005,8m,2.6,0.0,2.0,320,1464.0,0.01,4m,1.2,0.0,1.5,896.0,3872.0,0.03,8m,2.6,0.6000000000000001,2.0,976.0,,,,,,,,,,,,,,,4336.0,0.025,7m,2.6,0.8,1.0,264.0,0.25,5,COMPLETE
89,89,1.0063587267629743,2025-06-22 17:05:22.711295,2025-06-22 17:05:30.482796,0 days 00:00:07.771501,4392.0,0.035,4m,2.0,0.2,1.0,936.0,,,,,,,,7400.0,0.025,4m,1.6,0.6000000000000001,0.5,360.0,,,,,,,,3096,0.04,9m,3.0,1.0,2.0,400,5208.0,0.01,7m,1.8,0.2,1.5,816.0,2232.0,0.035,2m,3.0,0.6000000000000001,2.0,928.0,,,,,,,,,,,,,,,3168.0,0.03,4m,2.8,0.8,1.0,648.0,0.3,6,COMPLETE
90,90,1.0339236705136245,2025-06-22 17:05:30.533315,2025-06-22 17:05:37.625955,0 days 00:00:07.092640,,,,,,,,,,,,,,,6648.0,0.02,2m,2.0,0.4,1.5,312.0,,,,,,,,4504,0.045000000000000005,8m,2.8,0.2,2.0,360,6376.0,0.015,2m,2.0,0.2,2.0,800.0,4832.0,0.03,9m,1.8,0.6000000000000001,1.5,1000.0,,,,,,,,,,,,,,,4000.0,0.02,7m,2.4000000000000004,0.4,1.0,408.0,0.3,5,COMPLETE
91,91,0.9678079997070428,2025-06-22 17:05:37.670569,2025-06-22 17:05:45.839339,0 days 00:00:08.168770,,,,,,,,,,,,,,,5504.0,0.015,2m,1.6,1.0,1.5,400.0,,,,,,,,4120,0.05,3m,2.8,0.0,2.0,440,3592.0,0.015,3m,1.0,0.4,1.5,496.0,3544.0,0.025,5m,2.8,0.4,1.0,848.0,,,,,,,,,,,,,,,1648.0,0.01,3m,2.8,0.6000000000000001,1.5,504.0,0.35000000000000003,5,COMPLETE
92,92,1.0314143559649327,2025-06-22 17:05:45.860057,2025-06-22 17:05:53.162941,0 days 00:00:07.302884,3296.0,0.01,7m,1.2,0.4,1.5,696.0,,,,,,,,1696.0,0.015,2m,1.6,1.0,1.5,352.0,,,,,,,,3160,0.05,5m,2.8,0.0,2.0,440,5784.0,0.015,4m,1.2,0.4,1.5,648.0,3920.0,0.025,6m,2.8,0.4,1.0,664.0,,,,,,,,,,,,,,,2304.0,0.015,7m,2.4000000000000004,0.6000000000000001,1.0,592.0,0.25,6,COMPLETE
93,93,1.0064846019234308,2025-06-22 17:05:53.193200,2025-06-22 17:05:58.548742,0 days 00:00:05.355542,,,,,,,,,,,,,,,3784.0,0.015,2m,1.8,0.2,1.5,424.0,,,,,,,,3616,0.05,6m,2.8,0.0,2.0,384,3232.0,0.02,6m,1.0,0.4,1.5,680.0,2696.0,0.02,8m,2.8,0.4,1.5,952.0,,,,,,,,,,,,,,,,,,,,,,0.3,4,COMPLETE
94,94,1.0105298028818608,2025-06-22 17:05:58.596633,2025-06-22 17:06:04.915728,0 days 00:00:06.319095,,,,,,,,,,,,,,,7960.0,0.02,3m,1.6,1.0,1.5,504.0,,,,,,,,3480,0.045000000000000005,8m,1.4,0.0,2.0,496,4952.0,0.01,3m,1.0,0.4,1.5,560.0,3280.0,0.03,5m,2.6,0.4,1.0,888.0,,,,,,,,,,,,,,,3568.0,0.025,7m,2.2,0.8,1.0,696.0,0.35000000000000003,5,COMPLETE
95,95,0.9879482253342365,2025-06-22 17:06:04.966477,2025-06-22 17:06:13.106164,0 days 00:00:08.139687,8032.0,0.025,3m,1.6,0.0,2.0,584.0,,,,,,,,2200.0,0.015,6m,3.0,1.0,1.5,632.0,,,,,,,,2728,0.025,3m,2.6,0.0,2.0,416,2776.0,0.05,2m,1.2,0.2,1.5,544.0,3672.0,0.02,7m,1.8,0.4,1.5,992.0,,,,,,,,,,,,,,,2928.0,0.025,8m,3.0,0.4,1.5,320.0,0.25,6,COMPLETE
96,96,1.0061596645942428,2025-06-22 17:06:13.137615,2025-06-22 17:06:18.050595,0 days 00:00:04.912980,,,,,,,,,,,,,,,5768.0,0.01,9m,1.8,0.8,1.5,384.0,,,,,,,,4824,0.045000000000000005,4m,3.0,0.4,2.0,472,4504.0,0.015,3m,1.4,0.6000000000000001,1.5,720.0,1344.0,0.035,5m,3.0,0.4,1.0,752.0,,,,,,,,,,,,,,,,,,,,,,0.2,4,COMPLETE
97,97,0.9929055164088226,2025-06-22 17:06:18.089777,2025-06-22 17:06:22.302917,0 days 00:00:04.213140,,,,,,,,,,,,,,,7200.0,0.015,7m,1.6,1.0,1.0,472.0,,,,,,,,4152,0.05,6m,2.8,0.0,1.0,520,5592.0,0.01,9m,1.0,0.4,1.5,752.0,8192.0,0.025,5m,2.8,0.6000000000000001,1.0,832.0,,,,,,,,,,,,,,,,,,,,,,0.3,4,COMPLETE
98,98,1.0297918685481313,2025-06-22 17:06:22.372918,2025-06-22 17:06:29.064948,0 days 00:00:06.692030,,,,,,,,,,,,,,,3048.0,0.02,2m,1.4,0.6000000000000001,1.5,536.0,,,,,,,,4480,0.02,7m,2.6,0.0,1.5,232,5400.0,0.02,4m,1.2,0.2,1.5,608.0,4320.0,0.025,3m,3.0,0.2,2.0,792.0,,,,,,,,,,,,,,,1064.0,0.05,9m,2.6,0.6000000000000001,1.0,184.0,0.05,5,COMPLETE
99,99,1.0029275100338018,2025-06-22 17:06:29.114911,2025-06-22 17:06:34.541577,0 days 00:00:05.426666,,,,,,,,,,,,,,,6872.0,0.01,4m,2.0,1.0,1.0,312.0,,,,,,,,3936,0.05,8m,3.0,0.4,2.0,152,6152.0,0.025,8m,1.6,0.6000000000000001,1.5,512.0,2976.0,0.03,2m,2.6,0.6000000000000001,1.5,600.0,,,,,,,,,,,,,,,,,,,,,,0.3,4,COMPLETE
