,number,value,datetime_start,datetime_complete,duration,params_CSCO_TXN_beta_win,params_CSCO_TXN_stop_loss,params_CSCO_TXN_trade_freq,params_CSCO_TXN_z_entry,params_CSCO_TXN_z_exit,params_CSCO_TXN_z_stop_scaler,params_CSCO_TXN_z_win,params_HON_JD_beta_win,params_HON_JD_stop_loss,params_HON_JD_trade_freq,params_HON_JD_z_entry,params_HON_JD_z_exit,params_HON_JD_z_stop_scaler,params_HON_JD_z_win,params_HON_SBUX_beta_win,params_HON_SBUX_stop_loss,params_HON_SBUX_trade_freq,params_HON_SBUX_z_entry,params_HON_SBUX_z_exit,params_HON_SBUX_z_stop_scaler,params_HON_SBUX_z_win,params_JD_SBUX_beta_win,params_JD_SBUX_stop_loss,params_JD_SBUX_trade_freq,params_JD_SBUX_z_entry,params_JD_SBUX_z_exit,params_JD_SBUX_z_stop_scaler,params_JD_SBUX_z_win,params_MSFT_CTAS_beta_win,params_MSFT_CTAS_stop_loss,params_MSFT_CTAS_trade_freq,params_MSFT_CTAS_z_entry,params_MSFT_CTAS_z_exit,params_MSFT_CTAS_z_stop_scaler,params_MSFT_CTAS_z_win,params_NTES_PCAR_beta_win,params_NTES_PCAR_stop_loss,params_NTES_PCAR_trade_freq,params_NTES_PCAR_z_entry,params_NTES_PCAR_z_exit,params_NTES_PCAR_z_stop_scaler,params_NTES_PCAR_z_win,params_PDD_ORLY_beta_win,params_PDD_ORLY_stop_loss,params_PDD_ORLY_trade_freq,params_PDD_ORLY_z_entry,params_PDD_ORLY_z_exit,params_PDD_ORLY_z_stop_scaler,params_PDD_ORLY_z_win,params_PDD_TXN_beta_win,params_PDD_TXN_stop_loss,params_PDD_TXN_trade_freq,params_PDD_TXN_z_entry,params_PDD_TXN_z_exit,params_PDD_TXN_z_stop_scaler,params_PDD_TXN_z_win,params_VRTX_EBAY_beta_win,params_VRTX_EBAY_stop_loss,params_VRTX_EBAY_trade_freq,params_VRTX_EBAY_z_entry,params_VRTX_EBAY_z_exit,params_VRTX_EBAY_z_stop_scaler,params_VRTX_EBAY_z_win,params_VRTX_TXN_beta_win,params_VRTX_TXN_stop_loss,params_VRTX_TXN_trade_freq,params_VRTX_TXN_z_entry,params_VRTX_TXN_z_exit,params_VRTX_TXN_z_stop_scaler,params_VRTX_TXN_z_win,params_buffer_capital,params_pairs_to_trade,state
0,0,1.011280515342879,2025-06-22 16:56:14.540538,2025-06-22 16:56:29.749402,0 days 00:00:15.208864,,,,,,,,3344,0.025,6m,2.6,0.4,0.5,560,2968.0,0.03,5m,1.6,0.2,2.0,664.0,,,,,,,,,,,,,,,,,,,,,,,,,,,,,,,,,,,,,,,,,,,4616.0,0.015,3m,3.0,0.2,1.0,216.0,0.5,3,COMPLETE
1,1,0.9791420729999291,2025-06-22 16:56:29.784732,2025-06-22 16:56:38.650721,0 days 00:00:08.865989,1128.0,0.025,7m,1.2,0.4,2.0,544.0,5560,0.025,3m,2.0,0.6000000000000001,1.0,808,5296.0,0.05,2m,2.8,0.4,1.5,928.0,,,,,,,,,,,,,,,,,,,,,,6640.0,0.035,8m,3.0,0.2,1.5,1016.0,1688.0,0.05,6m,1.0,1.0,0.5,240.0,6792.0,0.02,3m,1.4,0.8,1.0,656.0,6536.0,0.04,4m,2.4000000000000004,0.2,2.0,984.0,0.35000000000000003,7,COMPLETE
2,2,0.9544638383392507,2025-06-22 16:56:38.700740,2025-06-22 16:56:41.981034,0 days 00:00:03.280294,,,,,,,,1160,0.02,2m,1.2,1.0,0.5,168,2216.0,0.02,7m,2.8,0.0,1.0,880.0,,,,,,,,,,,,,,,,,,,,,,,,,,,,,,,,,,,,,,,,,,,,,,,,,,0.4,2,COMPLETE
3,3,1.0349532781068937,2025-06-22 16:56:42.010697,2025-06-22 16:56:53.395194,0 days 00:00:11.384497,7048.0,0.035,8m,1.4,0.8,1.5,160.0,3408,0.02,6m,1.2,1.0,0.5,880,4664.0,0.03,2m,2.2,1.0,1.0,576.0,6216.0,0.04,9m,1.0,1.0,1.0,648.0,5192.0,0.04,9m,1.2,0.0,1.5,360.0,5984.0,0.01,7m,2.6,0.6000000000000001,1.0,232.0,7208.0,0.025,6m,2.8,0.4,0.5,512.0,8072.0,0.05,6m,2.2,0.4,2.0,624.0,3624.0,0.02,2m,1.8,0.2,1.5,784.0,7592.0,0.03,3m,2.2,0.0,0.5,576.0,0.15000000000000002,10,COMPLETE
4,4,0.9440587671891223,2025-06-22 16:56:53.422871,2025-06-22 16:57:02.262535,0 days 00:00:08.839664,1968.0,0.025,5m,1.0,0.2,1.0,680.0,2848,0.035,2m,1.2,0.4,0.5,176,4312.0,0.04,2m,1.4,0.8,0.5,672.0,,,,,,,,,,,,,,,,,,,,,,3864.0,0.05,9m,1.4,0.2,1.5,624.0,6296.0,0.035,9m,2.8,0.6000000000000001,1.0,656.0,5608.0,0.04,7m,3.0,0.8,2.0,1000.0,7728.0,0.035,9m,2.0,0.2,1.0,160.0,0.1,7,COMPLETE
5,5,1.0506679792414166,2025-06-22 16:57:02.308641,2025-06-22 16:57:10.123147,0 days 00:00:07.814506,2000.0,0.035,5m,2.6,0.2,1.0,712.0,2240,0.015,9m,2.2,0.6000000000000001,1.5,168,8040.0,0.015,6m,3.0,0.0,0.5,296.0,,,,,,,,,,,,,,,,,,,,,,1352.0,0.025,9m,1.0,0.8,2.0,992.0,3376.0,0.03,5m,1.2,0.4,2.0,648.0,6832.0,0.025,3m,1.2,0.2,2.0,320.0,7032.0,0.015,3m,2.2,1.0,1.0,680.0,0.35000000000000003,7,COMPLETE
6,6,0.9065750040115407,2025-06-22 16:57:10.152041,2025-06-22 16:57:20.833505,0 days 00:00:10.681464,1792.0,0.05,7m,2.4000000000000004,0.4,2.0,312.0,2672,0.05,3m,1.4,0.8,1.0,992,6288.0,0.01,7m,2.4000000000000004,0.4,1.5,576.0,6208.0,0.015,8m,1.4,0.4,1.5,536.0,7896.0,0.015,9m,1.6,1.0,2.0,432.0,1600.0,0.04,2m,3.0,0.2,2.0,880.0,7984.0,0.04,5m,2.8,0.0,1.0,400.0,2840.0,0.015,7m,1.2,0.0,2.0,680.0,4768.0,0.04,7m,1.4,1.0,1.0,344.0,1336.0,0.015,7m,1.2,0.8,0.5,288.0,0.1,10,COMPLETE
7,7,0.979884731322786,2025-06-22 16:57:20.868318,2025-06-22 16:57:24.918951,0 days 00:00:04.050633,6144.0,0.05,9m,1.8,0.0,0.5,432.0,1288,0.05,8m,2.8,1.0,1.5,832,2008.0,0.045000000000000005,4m,1.4,1.0,2.0,696.0,,,,,,,,,,,,,,,,,,,,,,,,,,,,,,,,,,,,,,,,,,,4800.0,0.01,7m,1.2,0.0,2.0,192.0,0.4,4,COMPLETE
8,8,0.9435932730071617,2025-06-22 16:57:24.949479,2025-06-22 16:57:33.334988,0 days 00:00:08.385509,4000.0,0.025,2m,1.6,0.6000000000000001,2.0,560.0,5704,0.02,8m,1.4,0.2,2.0,976,4088.0,0.05,7m,1.0,0.0,2.0,200.0,,,,,,,,,,,,,,,,,,,,,,7320.0,0.04,2m,1.6,0.0,1.5,816.0,6896.0,0.05,4m,2.2,0.8,2.0,704.0,,,,,,,,1664.0,0.03,9m,1.4,0.8,2.0,672.0,0.3,6,COMPLETE
9,9,0.9344287397216622,2025-06-22 16:57:33.363424,2025-06-22 16:57:41.719820,0 days 00:00:08.356396,5728.0,0.03,4m,1.2,0.2,2.0,288.0,4872,0.015,5m,1.0,0.2,1.0,584,7440.0,0.04,4m,3.0,0.4,0.5,304.0,,,,,,,,,,,,,,,,,,,,,,3600.0,0.02,3m,3.0,0.4,2.0,680.0,3104.0,0.05,3m,2.4000000000000004,0.6000000000000001,2.0,616.0,1080.0,0.02,9m,2.0,0.4,1.0,840.0,3296.0,0.015,6m,2.4000000000000004,0.8,1.0,944.0,0.15000000000000002,7,COMPLETE
10,10,1.0,2025-06-22 16:57:41.751448,2025-06-22 16:57:48.279020,0 days 00:00:06.527572,,,,,,,,7840,0.01,9m,2.2,0.0,2.0,392,,,,,,,,,,,,,,,,,,,,,,,,,,,,,,,,,,,,,,,,,,,,,,,,,,,,,,,,,0.25,1,COMPLETE
11,11,0.9371379923988505,2025-06-22 16:57:48.310369,2025-06-22 16:57:58.980034,0 days 00:00:10.669665,7888.0,0.04,8m,3.0,1.0,1.0,976.0,3792,0.035,9m,2.0,0.8,1.5,376,7808.0,0.02,6m,2.2,0.8,1.0,408.0,8160.0,0.05,9m,1.0,1.0,0.5,976.0,2760.0,0.05,7m,1.0,0.0,1.0,184.0,7416.0,0.01,7m,2.2,1.0,0.5,136.0,1240.0,0.02,6m,2.2,1.0,0.5,216.0,4984.0,0.03,5m,1.6,0.2,1.5,944.0,2472.0,0.01,2m,1.0,0.0,2.0,160.0,8016.0,0.05,3m,2.2,1.0,0.5,592.0,0.2,10,COMPLETE
12,12,0.8740116280770254,2025-06-22 16:57:59.053323,2025-06-22 16:58:09.556860,0 days 00:00:10.503537,3800.0,0.01,8m,2.4000000000000004,0.8,1.5,840.0,2184,0.01,7m,1.8,0.8,1.5,640,6224.0,0.01,6m,2.4000000000000004,1.0,0.5,456.0,1864.0,0.04,4m,2.6,1.0,1.0,160.0,,,,,,,,5936.0,0.015,9m,1.0,0.6000000000000001,1.0,200.0,1320.0,0.01,4m,1.0,0.8,0.5,424.0,8120.0,0.03,8m,1.8,0.4,1.5,360.0,8160.0,0.025,3m,2.0,0.2,1.5,520.0,6392.0,0.025,3m,1.8,0.4,0.5,768.0,0.05,9,COMPLETE
13,13,1.0256284838335832,2025-06-22 16:58:09.586619,2025-06-22 16:58:19.422649,0 days 00:00:09.836030,7768.0,0.04,5m,3.0,0.8,1.5,136.0,4064,0.015,6m,2.4000000000000004,0.6000000000000001,1.5,320,6296.0,0.025,3m,1.8,0.6000000000000001,1.0,128.0,,,,,,,,,,,,,,,3664.0,0.025,8m,2.8,0.6000000000000001,1.5,520.0,5440.0,0.025,6m,2.2,0.6000000000000001,2.0,976.0,4504.0,0.02,6m,1.6,0.4,2.0,432.0,3336.0,0.03,4m,1.4,0.2,1.5,640.0,6144.0,0.025,2m,2.8,0.6000000000000001,1.5,432.0,0.25,8,COMPLETE
14,14,1.0021527561231065,2025-06-22 16:58:19.457209,2025-06-22 16:58:25.822790,0 days 00:00:06.365581,2784.0,0.04,3m,2.4000000000000004,1.0,0.5,744.0,2040,0.03,4m,3.0,1.0,1.0,744,1096.0,0.015,8m,2.6,0.2,0.5,464.0,,,,,,,,,,,,,,,,,,,,,,,,,,,,,4240.0,0.04,5m,2.6,0.2,1.5,904.0,,,,,,,,7280.0,0.045000000000000005,5m,1.8,1.0,1.5,464.0,0.5,5,COMPLETE
15,15,1.0096855454921643,2025-06-22 16:58:25.868336,2025-06-22 16:58:34.575796,0 days 00:00:08.707460,5600.0,0.035,6m,2.0,0.6000000000000001,1.0,152.0,7000,0.02,9m,1.6,0.6000000000000001,2.0,472,8128.0,0.035,9m,2.0,0.8,1.0,320.0,4624.0,0.025,5m,2.0,0.0,2.0,728.0,,,,,,,,8184.0,0.05,7m,2.0,0.0,0.5,512.0,2688.0,0.03,9m,2.4000000000000004,0.6000000000000001,1.0,464.0,1400.0,0.025,2m,2.0,0.2,1.0,480.0,3504.0,0.01,8m,2.6,0.0,2.0,392.0,5552.0,0.025,8m,2.6,0.0,0.5,784.0,0.2,9,COMPLETE
16,16,0.9619542879909745,2025-06-22 16:58:34.603331,2025-06-22 16:58:41.698702,0 days 00:00:07.095371,6616.0,0.015,5m,2.6,0.0,1.5,872.0,4328,0.015,6m,2.4000000000000004,0.8,0.5,280,5248.0,0.03,2m,2.0,0.6000000000000001,1.5,816.0,,,,,,,,,,,,,,,,,,,,,,,,,,,,,6032.0,0.04,5m,3.0,0.4,2.0,816.0,,,,,,,,3360.0,0.035,3m,1.6,0.4,1.0,464.0,0.35000000000000003,5,COMPLETE
17,17,1.0488342748484611,2025-06-22 16:58:41.737621,2025-06-22 16:58:51.423174,0 days 00:00:09.685553,3176.0,0.035,8m,1.6,0.2,1.0,680.0,1896,0.04,5m,1.8,0.4,1.0,872,3376.0,0.02,6m,3.0,0.2,0.5,576.0,,,,,,,,,,,,,,,4504.0,0.025,4m,2.2,1.0,1.5,336.0,5640.0,0.01,7m,1.8,1.0,0.5,784.0,3232.0,0.01,6m,1.4,0.8,1.5,504.0,6032.0,0.05,2m,1.0,0.4,0.5,152.0,7056.0,0.02,3m,2.2,0.6000000000000001,1.5,816.0,0.15000000000000002,8,COMPLETE
18,18,0.862836670159881,2025-06-22 16:58:51.469582,2025-06-22 16:59:00.885481,0 days 00:00:09.415899,3032.0,0.045000000000000005,9m,2.0,0.2,1.0,672.0,1856,0.04,5m,1.8,0.2,1.5,688,3512.0,0.02,6m,3.0,0.2,0.5,296.0,,,,,,,,,,,,,,,3248.0,0.03,4m,1.6,1.0,2.0,800.0,5416.0,0.01,7m,1.0,1.0,1.0,824.0,3040.0,0.01,2m,1.2,1.0,1.5,168.0,6448.0,0.05,5m,1.0,0.6000000000000001,0.5,128.0,5488.0,0.02,8m,2.0,0.6000000000000001,1.5,840.0,0.3,8,COMPLETE
19,19,0.972505643901488,2025-06-22 16:59:00.943968,2025-06-22 16:59:09.037930,0 days 00:00:08.093962,4736.0,0.03,2m,2.8,0.2,0.5,776.0,1024,0.045000000000000005,5m,2.2,0.4,1.0,472,2984.0,0.015,6m,2.8,0.0,0.5,808.0,,,,,,,,,,,,,,,,,,,,,,5512.0,0.015,7m,1.6,0.8,2.0,848.0,2320.0,0.01,3m,1.4,0.8,1.0,488.0,,,,,,,,7000.0,0.01,5m,2.6,1.0,1.5,888.0,0.4,6,COMPLETE
20,20,0.990010696556247,2025-06-22 16:59:09.057693,2025-06-22 16:59:17.926003,0 days 00:00:08.868310,2992.0,0.02,4m,1.6,0.0,1.0,488.0,2744,0.04,4m,1.8,0.0,1.5,912,7216.0,0.015,6m,2.6,0.2,0.5,1000.0,,,,,,,,,,,,,,,1672.0,0.02,6m,1.6,1.0,1.5,360.0,2904.0,0.015,7m,1.4,0.8,1.5,912.0,3728.0,0.02,7m,1.2,0.8,0.5,800.0,7752.0,0.05,6m,1.0,0.4,0.5,304.0,3576.0,0.02,4m,2.2,0.6000000000000001,1.5,720.0,0.05,8,COMPLETE
21,21,0.9374638560218312,2025-06-22 16:59:17.975754,2025-06-22 16:59:29.584631,0 days 00:00:11.608877,2368.0,0.035,8m,1.4,0.4,1.5,640.0,3312,0.025,7m,1.0,0.6000000000000001,0.5,848,5080.0,0.025,5m,3.0,0.0,1.0,568.0,6424.0,0.035,3m,1.8,0.6000000000000001,0.5,528.0,,,,,,,,5560.0,0.01,3m,2.4000000000000004,0.4,1.0,328.0,6808.0,0.025,9m,2.6,1.0,0.5,720.0,5616.0,0.04,6m,2.0,0.6000000000000001,2.0,560.0,5520.0,0.02,2m,1.6,0.2,1.5,808.0,8152.0,0.02,3m,2.2,0.4,1.0,592.0,0.15000000000000002,9,COMPLETE
22,22,1.0134442831290973,2025-06-22 16:59:29.617510,2025-06-22 16:59:41.771402,0 days 00:00:12.153892,1040.0,0.035,8m,1.6,0.8,1.5,360.0,2024,0.03,5m,1.4,0.4,1.0,1024,3632.0,0.025,3m,2.4000000000000004,0.2,1.0,536.0,2392.0,0.05,9m,3.0,0.6000000000000001,1.5,256.0,5968.0,0.04,9m,2.8,0.0,1.5,976.0,5168.0,0.035,4m,2.6,0.8,1.5,352.0,6424.0,0.03,6m,1.8,0.4,0.5,576.0,7504.0,0.045000000000000005,6m,1.6,0.4,1.5,336.0,6728.0,0.035,2m,1.8,0.4,1.5,256.0,7040.0,0.03,3m,2.0,0.8,0.5,648.0,0.2,10,COMPLETE
23,23,1.0694340032354024,2025-06-22 16:59:41.803889,2025-06-22 16:59:52.095203,0 days 00:00:10.291314,3880.0,0.035,8m,1.8,0.6000000000000001,1.0,920.0,3120,0.035,6m,1.6,0.2,0.5,896,2248.0,0.035,9m,2.6,0.0,0.5,368.0,,,,,,,,,,,,,,,6824.0,0.02,5m,2.0,0.8,1.0,704.0,4680.0,0.02,2m,2.0,0.8,1.0,520.0,3512.0,0.025,6m,1.0,0.6000000000000001,2.0,560.0,4272.0,0.025,2m,2.4000000000000004,0.2,2.0,488.0,7304.0,0.035,3m,2.4000000000000004,0.0,1.0,520.0,0.15000000000000002,8,COMPLETE
24,24,0.9754535505691034,2025-06-22 16:59:52.125007,2025-06-22 17:00:01.376833,0 days 00:00:09.251826,3680.0,0.045000000000000005,6m,2.2,0.6000000000000001,1.0,960.0,1640,0.04,9m,1.6,0.2,1.0,768,1952.0,0.035,9m,2.6,0.0,0.5,400.0,,,,,,,,,,,,,,,,,,,,,,4616.0,0.015,2m,2.0,0.8,1.0,696.0,3752.0,0.025,9m,1.0,0.8,1.5,544.0,5584.0,0.03,3m,2.4000000000000004,0.6000000000000001,2.0,456.0,5376.0,0.04,2m,2.6,0.6000000000000001,1.0,400.0,0.1,7,COMPLETE
25,25,0.9179876647696923,2025-06-22 17:00:01.413397,2025-06-22 17:00:11.743495,0 days 00:00:10.330098,4320.0,0.03,3m,1.8,0.4,0.5,888.0,2528,0.035,9m,2.2,0.4,1.5,928,2656.0,0.035,9m,3.0,0.0,0.5,256.0,,,,,,,,,,,,,,,3872.0,0.025,5m,1.8,0.8,1.0,760.0,4512.0,0.02,2m,1.2,1.0,1.0,224.0,2144.0,0.025,8m,1.4,0.6000000000000001,2.0,760.0,4504.0,0.025,2m,2.6,0.0,2.0,264.0,6144.0,0.01,6m,2.4000000000000004,0.2,1.0,520.0,0.25,8,COMPLETE
26,26,0.9607473626511878,2025-06-22 17:00:11.776734,2025-06-22 17:00:18.468517,0 days 00:00:06.691783,4712.0,0.04,5m,2.0,0.2,1.0,776.0,5224,0.045000000000000005,6m,1.6,0.0,1.0,688,1064.0,0.01,8m,2.8,0.2,0.5,376.0,,,,,,,,,,,,,,,,,,,,,,1944.0,0.015,8m,2.0,0.6000000000000001,1.0,328.0,3784.0,0.015,4m,1.0,0.8,1.5,344.0,,,,,,,,6872.0,0.035,3m,3.0,1.0,1.5,840.0,0.45,6,COMPLETE
27,27,1.0388401227906234,2025-06-22 17:00:18.491763,2025-06-22 17:00:27.578519,0 days 00:00:09.086756,3440.0,0.045000000000000005,8m,1.8,0.6000000000000001,1.0,1024.0,3120,0.045000000000000005,5m,2.0,0.2,0.5,520,3520.0,0.02,9m,2.6,0.0,0.5,192.0,3536.0,0.015,6m,2.6,0.0,2.0,992.0,,,,,,,,7000.0,0.02,5m,1.2,0.8,1.5,648.0,4776.0,0.01,5m,1.8,0.8,2.0,760.0,5272.0,0.035,5m,1.4,0.6000000000000001,2.0,416.0,7264.0,0.04,9m,2.4000000000000004,0.4,0.5,448.0,5824.0,0.02,3m,1.8,0.4,1.0,688.0,0.35000000000000003,9,COMPLETE
28,28,1.0,2025-06-22 17:00:27.635548,2025-06-22 17:00:33.380746,0 days 00:00:05.745198,1992.0,0.035,8m,2.2,0.4,0.5,616.0,3760,0.035,2m,2.4000000000000004,0.6000000000000001,2.0,720,1560.0,0.015,6m,3.0,0.2,1.0,480.0,,,,,,,,,,,,,,,,,,,,,,,,,,,,,,,,,,,,,,,,,,,4032.0,0.015,3m,2.8,0.8,1.5,352.0,0.2,4,COMPLETE
29,29,1.0321554538297357,2025-06-22 17:00:33.427870,2025-06-22 17:00:41.813421,0 days 00:00:08.385551,2608.0,0.02,5m,2.6,0.0,1.0,728.0,2432,0.03,6m,2.6,0.4,0.5,616,2904.0,0.025,6m,2.8,0.4,0.5,136.0,,,,,,,,,,,,,,,,,,,,,,5784.0,0.02,3m,2.2,1.0,1.5,920.0,2528.0,0.02,6m,1.2,1.0,1.0,584.0,6104.0,0.025,4m,1.2,0.2,2.0,192.0,7408.0,0.025,3m,2.4000000000000004,0.6000000000000001,1.0,528.0,0.3,7,COMPLETE
30,30,1.0481966223130594,2025-06-22 17:00:41.842677,2025-06-22 17:00:50.107333,0 days 00:00:08.264656,5192.0,0.03,8m,2.2,0.2,1.0,840.0,1616,0.04,7m,1.8,0.2,1.0,944,2496.0,0.04,5m,2.2,0.0,1.5,352.0,,,,,,,,,,,,,,,4552.0,0.035,5m,2.2,0.8,2.0,680.0,3888.0,0.025,4m,1.8,0.8,0.5,560.0,3392.0,0.035,6m,1.0,0.6000000000000001,1.5,512.0,4600.0,0.035,8m,2.2,0.6000000000000001,1.0,552.0,2632.0,0.04,5m,1.6,0.2,1.5,744.0,0.45,8,COMPLETE
31,31,1.0456080714446514,2025-06-22 17:00:50.131973,2025-06-22 17:00:58.134428,0 days 00:00:08.002455,5192.0,0.03,8m,2.2,0.2,1.0,824.0,1528,0.04,7m,1.8,0.2,1.0,928,2544.0,0.04,5m,2.2,0.0,1.5,360.0,,,,,,,,,,,,,,,4616.0,0.04,5m,2.2,0.8,2.0,1000.0,3896.0,0.025,4m,1.8,0.8,0.5,536.0,3344.0,0.035,6m,1.0,0.6000000000000001,1.5,520.0,4624.0,0.045000000000000005,8m,2.2,0.6000000000000001,1.0,584.0,2344.0,0.04,5m,1.6,0.0,1.5,744.0,0.45,8,COMPLETE
32,32,1.0427370942280996,2025-06-22 17:00:58.158557,2025-06-22 17:01:05.269265,0 days 00:00:07.110708,3472.0,0.035,8m,2.8,0.2,1.0,920.0,1704,0.025,7m,2.0,0.2,1.0,792,3152.0,0.045000000000000005,5m,2.4000000000000004,0.2,1.5,240.0,,,,,,,,,,,,,,,,,,,,,,2824.0,0.035,4m,1.6,0.6000000000000001,0.5,624.0,4200.0,0.03,6m,1.2,0.8,1.5,448.0,4984.0,0.035,8m,2.2,0.4,0.5,504.0,2480.0,0.045000000000000005,5m,1.0,0.2,1.5,840.0,0.5,7,COMPLETE
33,33,0.9943263663967541,2025-06-22 17:01:05.328929,2025-06-22 17:01:14.450173,0 days 00:00:09.121244,1568.0,0.025,7m,1.4,0.4,1.0,816.0,2312,0.045000000000000005,3m,1.6,0.0,1.5,960,1560.0,0.035,5m,1.8,0.0,2.0,480.0,4328.0,0.025,7m,1.6,0.4,0.5,352.0,,,,,,,,3032.0,0.03,5m,2.0,1.0,2.0,656.0,6104.0,0.03,9m,1.4,0.8,0.5,632.0,3384.0,0.035,6m,1.0,0.6000000000000001,2.0,720.0,3992.0,0.015,5m,2.8,0.6000000000000001,1.0,408.0,5048.0,0.035,5m,2.0,0.0,2.0,656.0,0.45,9,COMPLETE
34,34,0.9900516463915624,2025-06-22 17:01:14.471976,2025-06-22 17:01:23.753690,0 days 00:00:09.281714,4176.0,0.03,8m,1.8,0.4,0.5,712.0,3160,0.035,7m,1.8,0.4,0.5,864,2432.0,0.045000000000000005,9m,2.8,0.0,1.5,720.0,,,,,,,,,,,,,,,4352.0,0.025,4m,2.2,0.8,1.5,608.0,4952.0,0.025,2m,2.0,1.0,1.0,328.0,1800.0,0.025,5m,1.4,0.4,1.5,584.0,2592.0,0.035,6m,2.2,0.2,0.5,232.0,4056.0,0.045000000000000005,4m,2.2,0.2,1.0,928.0,0.4,8,COMPLETE
35,35,0.9076762455851469,2025-06-22 17:01:23.785674,2025-06-22 17:01:30.658877,0 days 00:00:06.873203,5168.0,0.04,8m,2.6,0.0,1.0,592.0,1448,0.04,6m,2.2,0.4,1.0,888,4016.0,0.04,5m,2.6,0.0,1.5,336.0,,,,,,,,,,,,,,,,,,,,,,1984.0,0.02,4m,1.2,0.8,0.5,768.0,2552.0,0.015,6m,1.0,1.0,0.5,280.0,,,,,,,,6680.0,0.04,3m,1.6,0.0,1.5,792.0,0.15000000000000002,6,COMPLETE
36,36,0.9830515902302883,2025-06-22 17:01:30.718694,2025-06-22 17:01:37.928603,0 days 00:00:07.209909,2264.0,0.025,5m,1.2,0.2,1.5,920.0,2920,0.035,4m,2.0,0.4,0.5,256,4664.0,0.03,6m,2.8,0.2,1.0,624.0,,,,,,,,,,,,,,,,,,,,,,4168.0,0.035,7m,2.4000000000000004,1.0,1.0,904.0,1136.0,0.03,6m,1.2,0.6000000000000001,1.0,512.0,6080.0,0.03,8m,1.2,0.8,1.5,568.0,7592.0,0.015,6m,2.4000000000000004,0.2,2.0,1008.0,0.35000000000000003,7,COMPLETE
37,37,0.9419145913854028,2025-06-22 17:01:37.955513,2025-06-22 17:01:48.095865,0 days 00:00:10.140352,3480.0,0.035,7m,1.0,0.4,1.0,504.0,1088,0.03,8m,1.4,0.2,1.0,808,5848.0,0.03,8m,3.0,0.2,0.5,520.0,8104.0,0.01,2m,2.4000000000000004,0.2,1.5,824.0,,,,,,,,4904.0,0.035,5m,1.8,0.4,1.0,736.0,3336.0,0.015,8m,1.8,0.6000000000000001,0.5,992.0,4008.0,0.045000000000000005,6m,1.8,0.2,2.0,408.0,5240.0,0.025,3m,2.4000000000000004,0.4,1.0,344.0,2568.0,0.035,9m,1.8,0.4,1.0,528.0,0.1,9,COMPLETE
38,38,0.9435089450815469,2025-06-22 17:01:48.123289,2025-06-22 17:02:00.436267,0 days 00:00:12.312978,1608.0,0.035,9m,2.0,0.2,0.5,696.0,3624,0.04,2m,1.6,0.6000000000000001,1.5,1024,1784.0,0.05,4m,2.2,0.4,1.0,640.0,,,,,,,,,,,,,,,6568.0,0.02,2m,2.4000000000000004,1.0,2.0,448.0,5088.0,0.03,2m,2.4000000000000004,0.8,1.5,544.0,4848.0,0.035,9m,1.0,0.8,2.0,640.0,4096.0,0.045000000000000005,2m,1.2,0.2,2.0,680.0,4296.0,0.04,7m,1.4,0.2,1.0,720.0,0.35000000000000003,8,COMPLETE
39,39,0.9752957492726517,2025-06-22 17:02:00.484547,2025-06-22 17:02:05.477862,0 days 00:00:04.993315,4384.0,0.03,6m,1.6,0.6000000000000001,1.0,768.0,2392,0.05,5m,1.2,0.6000000000000001,0.5,160,2272.0,0.04,7m,2.4000000000000004,0.0,2.0,424.0,,,,,,,,,,,,,,,,,,,,,,,,,,,,,3424.0,0.02,7m,1.4,0.4,1.5,656.0,,,,,,,,7784.0,0.05,8m,2.2,0.0,1.5,616.0,0.45,5,COMPLETE
40,40,0.9692671536847907,2025-06-22 17:02:05.525778,2025-06-22 17:02:17.670354,0 days 00:00:12.144576,3232.0,0.02,2m,2.4000000000000004,0.0,1.5,1024.0,6320,0.045000000000000005,3m,2.6,0.0,1.0,952,3312.0,0.035,2m,2.8,0.0,0.5,256.0,,,,,,,,,,,,,,,,,,,,,,2080.0,0.025,9m,2.0,1.0,0.5,1024.0,2856.0,0.015,4m,1.2,0.0,1.0,600.0,7216.0,0.015,2m,1.8,0.0,0.5,352.0,6352.0,0.03,2m,2.6,0.2,2.0,240.0,0.15000000000000002,7,COMPLETE
41,41,0.9652779972446127,2025-06-22 17:02:17.734796,2025-06-22 17:02:25.957688,0 days 00:00:08.222892,5080.0,0.03,8m,2.2,0.2,1.0,832.0,1496,0.04,7m,1.8,0.2,1.0,904,2528.0,0.04,5m,2.2,0.0,1.5,352.0,,,,,,,,,,,,,,,4312.0,0.045000000000000005,5m,2.2,0.8,2.0,976.0,4064.0,0.025,4m,1.8,0.8,0.5,544.0,3224.0,0.035,6m,1.0,0.6000000000000001,1.5,528.0,4512.0,0.045000000000000005,8m,2.2,0.6000000000000001,1.0,560.0,1704.0,0.04,5m,1.6,0.0,1.5,736.0,0.45,8,COMPLETE
42,42,0.9979847123944502,2025-06-22 17:02:26.001622,2025-06-22 17:02:34.473689,0 days 00:00:08.472067,5584.0,0.025,8m,2.2,0.2,1.0,808.0,1920,0.035,7m,1.8,0.2,1.0,840,2792.0,0.045000000000000005,5m,2.0,0.0,1.5,376.0,,,,,,,,,,,,,,,4696.0,0.04,5m,2.4000000000000004,0.8,2.0,984.0,3384.0,0.025,4m,1.8,0.8,0.5,496.0,1976.0,0.04,6m,1.0,0.6000000000000001,1.5,480.0,2928.0,0.045000000000000005,8m,2.2,0.6000000000000001,1.0,624.0,2832.0,0.04,5m,1.4,0.0,1.5,792.0,0.5,8,COMPLETE
43,43,1.0056119373068055,2025-06-22 17:02:34.507239,2025-06-22 17:02:44.419662,0 days 00:00:09.912423,6272.0,0.025,8m,2.0,0.2,1.0,656.0,1504,0.04,7m,2.0,0.2,1.0,984,3872.0,0.04,5m,1.8,0.0,1.5,208.0,1408.0,0.025,5m,3.0,0.8,1.0,392.0,,,,,,,,2952.0,0.035,5m,1.8,0.6000000000000001,1.5,848.0,4192.0,0.02,4m,1.6,0.6000000000000001,0.5,624.0,3536.0,0.035,6m,1.2,0.6000000000000001,1.5,696.0,4088.0,0.05,3m,2.6,0.8,1.0,464.0,1976.0,0.045000000000000005,5m,2.0,0.0,1.5,872.0,0.4,9,COMPLETE
