,number,value,datetime_start,datetime_complete,duration,params_AAPL_CDW_beta_win,params_AAPL_CDW_stop_loss,params_AAPL_CDW_trade_freq,params_AAPL_CDW_z_entry,params_AAPL_CDW_z_exit,params_AAPL_CDW_z_stop_scaler,params_AAPL_CDW_z_win,params_ADP_PDD_beta_win,params_ADP_PDD_stop_loss,params_ADP_PDD_trade_freq,params_ADP_PDD_z_entry,params_ADP_PDD_z_exit,params_ADP_PDD_z_stop_scaler,params_ADP_PDD_z_win,params_ADSK_QCOM_beta_win,params_ADSK_QCOM_stop_loss,params_ADSK_QCOM_trade_freq,params_ADSK_QCOM_z_entry,params_ADSK_QCOM_z_exit,params_ADSK_QCOM_z_stop_scaler,params_ADSK_QCOM_z_win,params_ALGN_EA_beta_win,params_ALGN_EA_stop_loss,params_ALGN_EA_trade_freq,params_ALGN_EA_z_entry,params_ALGN_EA_z_exit,params_ALGN_EA_z_stop_scaler,params_ALGN_EA_z_win,params_ALGN_QCOM_beta_win,params_ALGN_QCOM_stop_loss,params_ALGN_QCOM_trade_freq,params_ALGN_QCOM_z_entry,params_ALGN_QCOM_z_exit,params_ALGN_QCOM_z_stop_scaler,params_ALGN_QCOM_z_win,params_AMD_QCOM_beta_win,params_AMD_QCOM_stop_loss,params_AMD_QCOM_trade_freq,params_AMD_QCOM_z_entry,params_AMD_QCOM_z_exit,params_AMD_QCOM_z_stop_scaler,params_AMD_QCOM_z_win,params_AVGO_QCOM_beta_win,params_AVGO_QCOM_stop_loss,params_AVGO_QCOM_trade_freq,params_AVGO_QCOM_z_entry,params_AVGO_QCOM_z_exit,params_AVGO_QCOM_z_stop_scaler,params_AVGO_QCOM_z_win,params_BIDU_CSCO_beta_win,params_BIDU_CSCO_stop_loss,params_BIDU_CSCO_trade_freq,params_BIDU_CSCO_z_entry,params_BIDU_CSCO_z_exit,params_BIDU_CSCO_z_stop_scaler,params_BIDU_CSCO_z_win,params_CMCSA_WDAY_beta_win,params_CMCSA_WDAY_stop_loss,params_CMCSA_WDAY_trade_freq,params_CMCSA_WDAY_z_entry,params_CMCSA_WDAY_z_exit,params_CMCSA_WDAY_z_stop_scaler,params_CMCSA_WDAY_z_win,params_DLTR_VRTX_beta_win,params_DLTR_VRTX_stop_loss,params_DLTR_VRTX_trade_freq,params_DLTR_VRTX_z_entry,params_DLTR_VRTX_z_exit,params_DLTR_VRTX_z_stop_scaler,params_DLTR_VRTX_z_win,params_DOCU_ILMN_beta_win,params_DOCU_ILMN_stop_loss,params_DOCU_ILMN_trade_freq,params_DOCU_ILMN_z_entry,params_DOCU_ILMN_z_exit,params_DOCU_ILMN_z_stop_scaler,params_DOCU_ILMN_z_win,params_DOCU_TEAM_beta_win,params_DOCU_TEAM_stop_loss,params_DOCU_TEAM_trade_freq,params_DOCU_TEAM_z_entry,params_DOCU_TEAM_z_exit,params_DOCU_TEAM_z_stop_scaler,params_DOCU_TEAM_z_win,params_FB_PCAR_beta_win,params_FB_PCAR_stop_loss,params_FB_PCAR_trade_freq,params_FB_PCAR_z_entry,params_FB_PCAR_z_exit,params_FB_PCAR_z_stop_scaler,params_FB_PCAR_z_win,params_FISV_VRTX_beta_win,params_FISV_VRTX_stop_loss,params_FISV_VRTX_trade_freq,params_FISV_VRTX_z_entry,params_FISV_VRTX_z_exit,params_FISV_VRTX_z_stop_scaler,params_FISV_VRTX_z_win,params_FOXA_QCOM_beta_win,params_FOXA_QCOM_stop_loss,params_FOXA_QCOM_trade_freq,params_FOXA_QCOM_z_entry,params_FOXA_QCOM_z_exit,params_FOXA_QCOM_z_stop_scaler,params_FOXA_QCOM_z_win,params_FOX_QCOM_beta_win,params_FOX_QCOM_stop_loss,params_FOX_QCOM_trade_freq,params_FOX_QCOM_z_entry,params_FOX_QCOM_z_exit,params_FOX_QCOM_z_stop_scaler,params_FOX_QCOM_z_win,params_GILD_MU_beta_win,params_GILD_MU_stop_loss,params_GILD_MU_trade_freq,params_GILD_MU_z_entry,params_GILD_MU_z_exit,params_GILD_MU_z_stop_scaler,params_GILD_MU_z_win,params_GOOGL_PCAR_beta_win,params_GOOGL_PCAR_stop_loss,params_GOOGL_PCAR_trade_freq,params_GOOGL_PCAR_z_entry,params_GOOGL_PCAR_z_exit,params_GOOGL_PCAR_z_stop_scaler,params_GOOGL_PCAR_z_win,params_GOOG_PCAR_beta_win,params_GOOG_PCAR_stop_loss,params_GOOG_PCAR_trade_freq,params_GOOG_PCAR_z_entry,params_GOOG_PCAR_z_exit,params_GOOG_PCAR_z_stop_scaler,params_GOOG_PCAR_z_win,params_ILMN_MTCH_beta_win,params_ILMN_MTCH_stop_loss,params_ILMN_MTCH_trade_freq,params_ILMN_MTCH_z_entry,params_ILMN_MTCH_z_exit,params_ILMN_MTCH_z_stop_scaler,params_ILMN_MTCH_z_win,params_ILMN_TEAM_beta_win,params_ILMN_TEAM_stop_loss,params_ILMN_TEAM_trade_freq,params_ILMN_TEAM_z_entry,params_ILMN_TEAM_z_exit,params_ILMN_TEAM_z_stop_scaler,params_ILMN_TEAM_z_win,params_ILMN_VRTX_beta_win,params_ILMN_VRTX_stop_loss,params_ILMN_VRTX_trade_freq,params_ILMN_VRTX_z_entry,params_ILMN_VRTX_z_exit,params_ILMN_VRTX_z_stop_scaler,params_ILMN_VRTX_z_win,params_INTU_VRTX_beta_win,params_INTU_VRTX_stop_loss,params_INTU_VRTX_trade_freq,params_INTU_VRTX_z_entry,params_INTU_VRTX_z_exit,params_INTU_VRTX_z_stop_scaler,params_INTU_VRTX_z_win,params_NVDA_VRTX_beta_win,params_NVDA_VRTX_stop_loss,params_NVDA_VRTX_trade_freq,params_NVDA_VRTX_z_entry,params_NVDA_VRTX_z_exit,params_NVDA_VRTX_z_stop_scaler,params_NVDA_VRTX_z_win,params_PCAR_CDW_beta_win,params_PCAR_CDW_stop_loss,params_PCAR_CDW_trade_freq,params_PCAR_CDW_z_entry,params_PCAR_CDW_z_exit,params_PCAR_CDW_z_stop_scaler,params_PCAR_CDW_z_win,params_PCAR_PAYX_beta_win,params_PCAR_PAYX_stop_loss,params_PCAR_PAYX_trade_freq,params_PCAR_PAYX_z_entry,params_PCAR_PAYX_z_exit,params_PCAR_PAYX_z_stop_scaler,params_PCAR_PAYX_z_win,params_PCAR_VRTX_beta_win,params_PCAR_VRTX_stop_loss,params_PCAR_VRTX_trade_freq,params_PCAR_VRTX_z_entry,params_PCAR_VRTX_z_exit,params_PCAR_VRTX_z_stop_scaler,params_PCAR_VRTX_z_win,params_PYPL_QCOM_beta_win,params_PYPL_QCOM_stop_loss,params_PYPL_QCOM_trade_freq,params_PYPL_QCOM_z_entry,params_PYPL_QCOM_z_exit,params_PYPL_QCOM_z_stop_scaler,params_PYPL_QCOM_z_win,params_REGN_CTAS_beta_win,params_REGN_CTAS_stop_loss,params_REGN_CTAS_trade_freq,params_REGN_CTAS_z_entry,params_REGN_CTAS_z_exit,params_REGN_CTAS_z_stop_scaler,params_REGN_CTAS_z_win,params_TEAM_VRTX_beta_win,params_TEAM_VRTX_stop_loss,params_TEAM_VRTX_trade_freq,params_TEAM_VRTX_z_entry,params_TEAM_VRTX_z_exit,params_TEAM_VRTX_z_stop_scaler,params_TEAM_VRTX_z_win,params_buffer_capital,params_pairs_to_trade,state
93,93,1.022348432477357,2025-06-22 16:39:22.025911,2025-06-22 16:39:41.590097,0 days 00:00:19.564186,,,,,,,,2016,0.01,4m,2.4000000000000004,0.8,1.0,552,5776,0.045000000000000005,1m,2.6,0.6000000000000001,2.0,984,6016.0,0.05,2m,1.4,0.8,2.0,144.0,6728.0,0.015,5m,3.0,0.4,1.0,520.0,7576,0.015,4m,2.4000000000000004,0.4,0.5,184,4680.0,0.025,4m,2.0,0.8,1.0,912.0,4872,0.03,1m,2.8,1.0,1.0,160,,,,,,,,,,,,,,,1504.0,0.02,3m,1.8,0.6000000000000001,1.0,312.0,,,,,,,,5048.0,0.01,1m,2.0,0.4,0.5,568.0,4912,0.015,3m,2.6,0.4,1.5,464,7664.0,0.02,2m,3.0,0.4,0.5,240.0,3816,0.01,3m,1.4,0.0,2.0,464,4208.0,0.025,1m,1.2,0.0,1.5,816.0,7056,0.01,5m,1.2,0.8,1.0,688,6032,0.045000000000000005,4m,2.4000000000000004,0.6000000000000001,1.5,952,,,,,,,,,,,,,,,,,,,,,,,,,,,,,,,,,,,,3360.0,0.03,2m,2.8,1.0,1.5,184.0,3344.0,0.035,4m,1.2,1.0,1.5,800.0,7272.0,0.03,4m,1.6,1.0,0.5,752.0,3056,0.025,4m,1.4,0.4,1.5,336,2520,0.04,5m,1.6,0.2,2.0,784,2352.0,0.05,4m,2.6,0.4,1.0,944.0,0.1,21,COMPLETE
94,94,0.9392458061068715,2025-06-22 16:39:41.655678,2025-06-22 16:40:00.665356,0 days 00:00:19.009678,,,,,,,,1984,0.01,4m,2.2,0.8,1.0,544,5184,0.045000000000000005,1m,2.8,0.6000000000000001,2.0,976,5976.0,0.05,3m,1.4,0.8,2.0,232.0,6744.0,0.015,5m,3.0,0.4,0.5,512.0,8032,0.015,4m,2.6,0.4,0.5,192,4632.0,0.025,4m,2.2,0.8,1.0,912.0,4832,0.03,1m,2.8,1.0,1.0,168,,,,,,,,,,,,,,,1504.0,0.03,3m,1.8,0.6000000000000001,1.0,328.0,,,,,,,,5096.0,0.01,1m,2.2,0.4,0.5,560.0,4776,0.01,3m,2.6,0.4,1.5,456,7088.0,0.015,2m,3.0,0.4,0.5,128.0,3232,0.01,3m,1.2,0.0,2.0,688,4224.0,0.03,1m,1.2,0.0,1.5,960.0,6848,0.01,5m,1.0,0.8,1.0,680,6696,0.045000000000000005,4m,2.4000000000000004,0.6000000000000001,1.5,944,,,,,,,,,,,,,,,,,,,,,,,,,,,,,,,,,,,,3320.0,0.03,2m,2.8,1.0,1.5,176.0,3376.0,0.04,4m,1.2,1.0,1.5,824.0,7192.0,0.03,4m,1.6,1.0,0.5,760.0,3040,0.025,4m,1.4,0.4,1.5,336,3424,0.04,5m,1.4,0.2,2.0,776,1672.0,0.05,4m,2.6,0.4,1.0,952.0,0.1,21,COMPLETE
95,95,1.032367115094982,2025-06-22 16:40:00.697074,2025-06-22 16:40:18.603088,0 days 00:00:17.906014,,,,,,,,1392,0.01,4m,2.4000000000000004,1.0,1.0,600,5920,0.05,1m,2.6,0.8,2.0,1024,5544.0,0.05,2m,1.6,0.8,2.0,192.0,6576.0,0.01,5m,3.0,0.2,1.0,608.0,7592,0.015,4m,2.4000000000000004,0.2,0.5,176,4160.0,0.025,4m,2.0,0.8,1.0,984.0,4768,0.03,1m,3.0,1.0,1.0,192,,,,,,,,,,,,,,,1048.0,0.025,3m,1.6,0.6000000000000001,1.0,200.0,,,,,,,,4184.0,0.01,1m,2.0,0.0,0.5,632.0,4616,0.025,3m,2.4000000000000004,0.4,1.5,464,7664.0,0.02,2m,2.8,0.4,0.5,240.0,3880,0.01,3m,1.4,0.0,2.0,464,3512.0,0.025,1m,1.4,0.0,1.5,904.0,7384,0.01,5m,1.2,1.0,1.0,696,6176,0.045000000000000005,4m,2.2,0.6000000000000001,1.5,1008,,,,,,,,,,,,,,,,,,,,,,,,,,,,,,,,,,,,,,,,,,,2840.0,0.035,4m,1.4,1.0,1.5,952.0,6928.0,0.035,4m,1.4,1.0,0.5,952.0,2560,0.025,4m,1.4,0.4,1.5,776,2592,0.04,5m,1.4,0.2,2.0,880,5240.0,0.05,4m,2.6,0.4,1.0,992.0,0.15000000000000002,20,COMPLETE
96,96,0.9814115091486159,2025-06-22 16:40:18.653629,2025-06-22 16:40:38.994549,0 days 00:00:20.340920,,,,,,,,1096,0.01,5m,2.4000000000000004,1.0,1.0,656,5760,0.05,1m,2.6,0.6000000000000001,2.0,1000,5456.0,0.045000000000000005,4m,1.6,0.8,2.0,184.0,6496.0,0.015,1m,1.8,0.2,1.0,456.0,7608,0.015,4m,2.6,0.2,0.5,168,4096.0,0.025,4m,2.0,1.0,1.0,880.0,5216,0.03,1m,2.6,1.0,1.0,192,,,,,,,,,,,,,,,1704.0,0.025,3m,1.6,0.6000000000000001,1.0,192.0,,,,,,,,4192.0,0.01,1m,2.0,0.6000000000000001,0.5,640.0,4304,0.02,3m,2.6,0.4,1.5,320,7768.0,0.02,2m,2.8,0.4,0.5,296.0,3816,0.01,3m,1.4,0.0,2.0,472,2648.0,0.02,1m,1.2,0.0,1.5,736.0,7080,0.01,5m,1.2,1.0,1.0,688,5792,0.05,4m,2.2,0.6000000000000001,1.5,1008,,,,,,,,,,,,,,,,,,,,,,,,,,,,,,,,,,,,,,,,,,,3208.0,0.035,1m,1.2,1.0,1.5,952.0,8008.0,0.035,4m,1.4,1.0,0.5,936.0,2584,0.025,4m,1.2,0.4,1.5,720,2584,0.035,5m,1.4,0.2,2.0,840,5456.0,0.045000000000000005,4m,2.6,0.4,1.0,936.0,0.1,20,COMPLETE
97,97,1.0004462447830362,2025-06-22 16:40:39.044107,2025-06-22 16:40:58.980711,0 days 00:00:19.936604,5336.0,0.035,5m,2.8,1.0,1.0,384.0,2136,0.04,4m,2.2,1.0,1.0,592,5624,0.05,1m,3.0,0.6000000000000001,2.0,904,6352.0,0.05,2m,1.4,0.6000000000000001,2.0,336.0,6832.0,0.01,5m,3.0,0.0,1.0,624.0,7808,0.015,4m,2.8,0.2,0.5,152,4344.0,0.025,4m,2.2,0.8,1.0,944.0,5064,0.035,1m,2.8,1.0,1.0,232,,,,,,,,,,,,,,,1288.0,0.025,3m,1.6,0.6000000000000001,1.0,160.0,,,,,,,,4456.0,0.015,1m,2.0,0.2,0.5,592.0,4608,0.015,3m,2.6,0.4,1.5,464,6928.0,0.02,2m,2.8,0.2,0.5,168.0,4048,0.01,3m,1.4,0.0,2.0,624,3456.0,0.025,1m,1.6,0.0,1.5,904.0,8056,0.01,5m,1.0,1.0,1.0,736,6144,0.045000000000000005,4m,2.4000000000000004,0.4,1.5,1024,,,,,,,,,,,,,,,,,,,,,,,,,,,,,,,,,,,,3424.0,0.03,2m,2.8,0.8,1.5,208.0,2800.0,0.035,4m,1.4,1.0,1.5,992.0,7280.0,0.035,4m,1.4,1.0,0.5,968.0,3248,0.025,4m,1.2,0.2,1.5,776,3176,0.04,5m,1.2,0.2,2.0,864,5136.0,0.05,4m,2.6,0.4,1.0,1024.0,0.15000000000000002,22,COMPLETE
98,98,0.9305312918543568,2025-06-22 16:40:59.056971,2025-06-22 16:41:20.291874,0 days 00:00:21.234903,4576.0,0.01,5m,3.0,0.8,1.0,624.0,1816,0.01,4m,2.4000000000000004,1.0,0.5,544,4752,0.04,1m,2.8,0.8,2.0,968,5680.0,0.05,5m,1.6,0.8,2.0,168.0,6328.0,0.02,4m,1.2,0.2,1.0,520.0,7112,0.015,4m,2.4000000000000004,0.4,0.5,240,4096.0,0.03,4m,2.4000000000000004,1.0,1.0,992.0,4752,0.03,1m,3.0,1.0,2.0,280,1792.0,0.015,2m,3.0,0.6000000000000001,1.0,856.0,,,,,,,,1928.0,0.025,3m,1.2,0.6000000000000001,1.5,208.0,,,,,,,,5504.0,0.01,1m,2.4000000000000004,0.4,0.5,672.0,4944,0.025,3m,2.4000000000000004,0.4,1.5,536,7992.0,0.02,2m,3.0,0.4,0.5,240.0,3336,0.01,3m,1.2,0.0,2.0,752,4000.0,0.02,1m,1.0,0.0,1.5,816.0,7728,0.01,5m,1.0,1.0,1.0,840,6008,0.05,4m,2.4000000000000004,0.6000000000000001,1.5,952,,,,,,,,,,,,,,,,,,,,,,4368.0,0.05,4m,1.2,0.0,1.0,144.0,,,,,,,,5112.0,0.02,2m,2.8,1.0,1.5,328.0,2512.0,0.045000000000000005,3m,1.2,1.0,1.5,864.0,7856.0,0.04,4m,1.6,0.8,0.5,808.0,4016,0.025,4m,1.0,0.4,1.5,784,2816,0.04,5m,1.4,0.4,2.0,808,5648.0,0.045000000000000005,4m,3.0,0.4,1.0,1000.0,0.15000000000000002,24,COMPLETE
99,99,0.9961162716222149,2025-06-22 16:41:20.391793,2025-06-22 16:41:41.737424,0 days 00:00:21.345631,5240.0,0.025,3m,2.4000000000000004,0.6000000000000001,2.0,504.0,1424,0.01,4m,2.4000000000000004,0.8,1.0,504,6792,0.05,1m,2.6,0.8,2.0,928,5504.0,0.05,2m,1.6,0.8,2.0,200.0,6568.0,0.015,3m,3.0,0.4,1.0,600.0,6904,0.01,4m,2.4000000000000004,0.2,0.5,272,5160.0,0.02,4m,2.0,0.6000000000000001,1.0,872.0,5608,0.03,1m,2.8,1.0,1.0,144,4408.0,0.01,2m,2.6,0.4,1.5,520.0,,,,,,,,2400.0,0.03,3m,1.4,0.2,1.0,272.0,,,,,,,,4088.0,0.015,1m,2.0,0.0,0.5,624.0,4512,0.02,3m,2.2,0.4,1.5,400,7592.0,0.015,2m,2.8,0.4,0.5,280.0,4336,0.01,3m,1.4,0.0,2.0,648,3712.0,0.025,1m,1.4,0.0,1.5,936.0,7488,0.01,5m,1.2,0.8,1.0,640,7336,0.045000000000000005,4m,2.2,0.6000000000000001,1.5,904,,,,,,,,,,,,,,,,,,,,,,,,,,,,,,,,,,,,4232.0,0.035,2m,3.0,0.8,1.5,424.0,2824.0,0.035,4m,1.2,1.0,2.0,784.0,6760.0,0.035,4m,1.2,0.8,0.5,1024.0,3024,0.025,4m,1.4,0.4,1.5,664,2560,0.035,5m,1.6,0.2,2.0,880,5872.0,0.05,4m,2.6,0.4,1.0,992.0,0.05,23,COMPLETE
