,number,value,datetime_start,datetime_complete,duration,params_AAPL_PDD_beta_win,params_AAPL_PDD_stop_loss,params_AAPL_PDD_trade_freq,params_AAPL_PDD_z_entry,params_AAPL_PDD_z_exit,params_AAPL_PDD_z_stop_scaler,params_AAPL_PDD_z_win,params_AMGN_ADI_beta_win,params_AMGN_ADI_stop_loss,params_AMGN_ADI_trade_freq,params_AMGN_ADI_z_entry,params_AMGN_ADI_z_exit,params_AMGN_ADI_z_stop_scaler,params_AMGN_ADI_z_win,params_CMCSA_MAR_beta_win,params_CMCSA_MAR_stop_loss,params_CMCSA_MAR_trade_freq,params_CMCSA_MAR_z_entry,params_CMCSA_MAR_z_exit,params_CMCSA_MAR_z_stop_scaler,params_CMCSA_MAR_z_win,params_GOOGL_FTNT_beta_win,params_GOOGL_FTNT_stop_loss,params_GOOGL_FTNT_trade_freq,params_GOOGL_FTNT_z_entry,params_GOOGL_FTNT_z_exit,params_GOOGL_FTNT_z_stop_scaler,params_GOOGL_FTNT_z_win,params_KDP_TXN_beta_win,params_KDP_TXN_stop_loss,params_KDP_TXN_trade_freq,params_KDP_TXN_z_entry,params_KDP_TXN_z_exit,params_KDP_TXN_z_stop_scaler,params_KDP_TXN_z_win,params_MRNA_PCAR_beta_win,params_MRNA_PCAR_stop_loss,params_MRNA_PCAR_trade_freq,params_MRNA_PCAR_z_entry,params_MRNA_PCAR_z_exit,params_MRNA_PCAR_z_stop_scaler,params_MRNA_PCAR_z_win,params_NFLX_TXN_beta_win,params_NFLX_TXN_stop_loss,params_NFLX_TXN_trade_freq,params_NFLX_TXN_z_entry,params_NFLX_TXN_z_exit,params_NFLX_TXN_z_stop_scaler,params_NFLX_TXN_z_win,params_PDD_PEP_beta_win,params_PDD_PEP_stop_loss,params_PDD_PEP_trade_freq,params_PDD_PEP_z_entry,params_PDD_PEP_z_exit,params_PDD_PEP_z_stop_scaler,params_PDD_PEP_z_win,params_SBUX_TXN_beta_win,params_SBUX_TXN_stop_loss,params_SBUX_TXN_trade_freq,params_SBUX_TXN_z_entry,params_SBUX_TXN_z_exit,params_SBUX_TXN_z_stop_scaler,params_SBUX_TXN_z_win,params_ZS_ADI_beta_win,params_ZS_ADI_stop_loss,params_ZS_ADI_trade_freq,params_ZS_ADI_z_entry,params_ZS_ADI_z_exit,params_ZS_ADI_z_stop_scaler,params_ZS_ADI_z_win,params_buffer_capital,params_pairs_to_trade,state
0,0,0.9984884003609146,2025-06-22 16:56:15.294632,2025-06-22 16:56:30.601581,0 days 00:00:15.306949,,,,,,,,,,,,,,,4616.0,0.015,3m,3.0,0.2,1.0,216.0,,,,,,,,3344,0.025,6m,2.6,0.4,0.5,560,2968.0,0.03,5m,1.6,0.2,2.0,664.0,,,,,,,,,,,,,,,,,,,,,,,,,,,,,0.5,3,COMPLETE
1,1,0.9707230606462286,2025-06-22 16:56:30.637502,2025-06-22 16:56:39.466696,0 days 00:00:08.829194,6640.0,0.035,8m,3.0,0.2,1.5,1016.0,6792.0,0.02,3m,1.4,0.8,1.0,656.0,6536.0,0.04,4m,2.4000000000000004,0.2,2.0,984.0,,,,,,,,5560,0.025,3m,2.0,0.6000000000000001,1.0,808,5296.0,0.05,2m,2.8,0.4,1.5,928.0,1128.0,0.025,7m,1.2,0.4,2.0,544.0,,,,,,,,,,,,,,,1688.0,0.05,6m,1.0,1.0,0.5,240.0,0.35000000000000003,7,COMPLETE
2,2,0.9904572521681129,2025-06-22 16:56:39.498827,2025-06-22 16:56:42.775813,0 days 00:00:03.276986,,,,,,,,,,,,,,,,,,,,,,,,,,,,,1160,0.02,2m,1.2,1.0,0.5,168,2216.0,0.02,7m,2.8,0.0,1.0,880.0,,,,,,,,,,,,,,,,,,,,,,,,,,,,,0.4,2,COMPLETE
3,3,0.9348636458970697,2025-06-22 16:56:42.836146,2025-06-22 16:56:54.484033,0 days 00:00:11.647887,7208.0,0.025,6m,2.8,0.4,0.5,512.0,3624.0,0.02,2m,1.8,0.2,1.5,784.0,7592.0,0.03,3m,2.2,0.0,0.5,576.0,6216.0,0.04,9m,1.0,1.0,1.0,648.0,3408,0.02,6m,1.2,1.0,0.5,880,4664.0,0.03,2m,2.2,1.0,1.0,576.0,7048.0,0.035,8m,1.4,0.8,1.5,160.0,5192.0,0.04,9m,1.2,0.0,1.5,360.0,5984.0,0.01,7m,2.6,0.6000000000000001,1.0,232.0,8072.0,0.05,6m,2.2,0.4,2.0,624.0,0.15000000000000002,10,COMPLETE
4,4,0.9332405500083083,2025-06-22 16:56:54.525049,2025-06-22 16:57:03.047582,0 days 00:00:08.522533,3864.0,0.05,9m,1.4,0.2,1.5,624.0,5608.0,0.04,7m,3.0,0.8,2.0,1000.0,7728.0,0.035,9m,2.0,0.2,1.0,160.0,,,,,,,,2848,0.035,2m,1.2,0.4,0.5,176,4312.0,0.04,2m,1.4,0.8,0.5,672.0,1968.0,0.025,5m,1.0,0.2,1.0,680.0,,,,,,,,,,,,,,,6296.0,0.035,9m,2.8,0.6000000000000001,1.0,656.0,0.1,7,COMPLETE
5,5,0.9869911558645937,2025-06-22 16:57:03.090639,2025-06-22 16:57:11.050727,0 days 00:00:07.960088,1352.0,0.025,9m,1.0,0.8,2.0,992.0,6832.0,0.025,3m,1.2,0.2,2.0,320.0,7032.0,0.015,3m,2.2,1.0,1.0,680.0,,,,,,,,2240,0.015,9m,2.2,0.6000000000000001,1.5,168,8040.0,0.015,6m,3.0,0.0,0.5,296.0,2000.0,0.035,5m,2.6,0.2,1.0,712.0,,,,,,,,,,,,,,,3376.0,0.03,5m,1.2,0.4,2.0,648.0,0.35000000000000003,7,COMPLETE
6,6,0.9858760741815384,2025-06-22 16:57:11.101530,2025-06-22 16:57:21.883338,0 days 00:00:10.781808,7984.0,0.04,5m,2.8,0.0,1.0,400.0,4768.0,0.04,7m,1.4,1.0,1.0,344.0,1336.0,0.015,7m,1.2,0.8,0.5,288.0,6208.0,0.015,8m,1.4,0.4,1.5,536.0,2672,0.05,3m,1.4,0.8,1.0,992,6288.0,0.01,7m,2.4000000000000004,0.4,1.5,576.0,1792.0,0.05,7m,2.4000000000000004,0.4,2.0,312.0,7896.0,0.015,9m,1.6,1.0,2.0,432.0,1600.0,0.04,2m,3.0,0.2,2.0,880.0,2840.0,0.015,7m,1.2,0.0,2.0,680.0,0.1,10,COMPLETE
7,7,0.9921626010370292,2025-06-22 16:57:21.918486,2025-06-22 16:57:26.115654,0 days 00:00:04.197168,,,,,,,,,,,,,,,4800.0,0.01,7m,1.2,0.0,2.0,192.0,,,,,,,,1288,0.05,8m,2.8,1.0,1.5,832,2008.0,0.045000000000000005,4m,1.4,1.0,2.0,696.0,6144.0,0.05,9m,1.8,0.0,0.5,432.0,,,,,,,,,,,,,,,,,,,,,,0.4,4,COMPLETE
8,8,0.9303837606561234,2025-06-22 16:57:26.140170,2025-06-22 16:57:34.385730,0 days 00:00:08.245560,7320.0,0.04,2m,1.6,0.0,1.5,816.0,,,,,,,,1664.0,0.03,9m,1.4,0.8,2.0,672.0,,,,,,,,5704,0.02,8m,1.4,0.2,2.0,976,4088.0,0.05,7m,1.0,0.0,2.0,200.0,4000.0,0.025,2m,1.6,0.6000000000000001,2.0,560.0,,,,,,,,,,,,,,,6896.0,0.05,4m,2.2,0.8,2.0,704.0,0.3,6,COMPLETE
9,9,0.9198241269332263,2025-06-22 16:57:34.408087,2025-06-22 16:57:42.789664,0 days 00:00:08.381577,3600.0,0.02,3m,3.0,0.4,2.0,680.0,1080.0,0.02,9m,2.0,0.4,1.0,840.0,3296.0,0.015,6m,2.4000000000000004,0.8,1.0,944.0,,,,,,,,4872,0.015,5m,1.0,0.2,1.0,584,7440.0,0.04,4m,3.0,0.4,0.5,304.0,5728.0,0.03,4m,1.2,0.2,2.0,288.0,,,,,,,,,,,,,,,3104.0,0.05,3m,2.4000000000000004,0.6000000000000001,2.0,616.0,0.15000000000000002,7,COMPLETE
10,10,1.0,2025-06-22 16:57:42.820571,2025-06-22 16:57:49.432073,0 days 00:00:06.611502,,,,,,,,,,,,,,,,,,,,,,,,,,,,,7840,0.035,7m,3.0,0.0,2.0,464,,,,,,,,,,,,,,,,,,,,,,,,,,,,,,,,,,,,0.5,1,COMPLETE
11,11,1.0,2025-06-22 16:57:49.459199,2025-06-22 16:57:50.691297,0 days 00:00:01.232098,,,,,,,,,,,,,,,,,,,,,,,,,,,,,8128,0.035,7m,3.0,0.0,2.0,448,,,,,,,,,,,,,,,,,,,,,,,,,,,,,,,,,,,,0.5,1,COMPLETE
12,12,1.0,2025-06-22 16:57:50.710717,2025-06-22 16:57:51.939810,0 days 00:00:01.229093,,,,,,,,,,,,,,,,,,,,,,,,,,,,,7360,0.04,7m,3.0,0.0,2.0,416,,,,,,,,,,,,,,,,,,,,,,,,,,,,,,,,,,,,0.5,1,COMPLETE
13,13,0.9968831570806908,2025-06-22 16:57:51.962195,2025-06-22 16:57:53.317265,0 days 00:00:01.355070,,,,,,,,,,,,,,,,,,,,,,,,,,,,,8192,0.04,7m,2.4000000000000004,0.0,2.0,376,,,,,,,,,,,,,,,,,,,,,,,,,,,,,,,,,,,,0.5,1,COMPLETE
14,14,0.9906490132807586,2025-06-22 16:57:53.357243,2025-06-22 16:57:58.282140,0 days 00:00:04.924897,,,,,,,,,,,,,,,3168.0,0.05,2m,3.0,0.6000000000000001,1.5,456.0,,,,,,,,6912,0.035,7m,3.0,0.0,1.5,424,1296.0,0.025,8m,1.8,0.8,1.5,1016.0,8008.0,0.01,6m,3.0,1.0,0.5,1016.0,,,,,,,,,,,,,,,,,,,,,,0.45,4,COMPLETE
15,15,0.9999152804613933,2025-06-22 16:57:58.316294,2025-06-22 16:58:01.587392,0 days 00:00:03.271098,,,,,,,,,,,,,,,5840.0,0.05,8m,1.6,0.4,1.5,864.0,,,,,,,,8072,0.04,4m,2.0,0.2,2.0,648,6872.0,0.01,9m,2.2,0.6000000000000001,1.0,432.0,,,,,,,,,,,,,,,,,,,,,,,,,,,,,0.2,3,COMPLETE
16,16,0.9964836978745918,2025-06-22 16:58:01.619389,2025-06-22 16:58:02.996460,0 days 00:00:01.377071,,,,,,,,,,,,,,,,,,,,,,,,,,,,,6528,0.03,7m,2.6,0.2,1.5,296,,,,,,,,,,,,,,,,,,,,,,,,,,,,,,,,,,,,0.45,1,COMPLETE
17,17,1.0313807487342272,2025-06-22 16:58:03.026458,2025-06-22 16:58:07.272520,0 days 00:00:04.246062,,,,,,,,,,,,,,,3224.0,0.025,5m,1.8,1.0,1.5,384.0,,,,,,,,6224,0.045000000000000005,7m,3.0,0.0,2.0,672,5632.0,0.04,3m,1.0,0.6000000000000001,1.0,440.0,,,,,,,,,,,,,,,,,,,,,,,,,,,,,0.25,3,COMPLETE
18,18,1.0492928247354405,2025-06-22 16:58:07.306402,2025-06-22 16:58:11.675422,0 days 00:00:04.369020,,,,,,,,,,,,,,,2904.0,0.025,5m,1.8,1.0,1.5,392.0,,,,,,,,6040,0.045000000000000005,4m,2.6,0.4,2.0,704,5824.0,0.04,3m,1.0,0.6000000000000001,1.0,440.0,,,,,,,,,,,,,,,,,,,,,,,,,,,,,0.25,3,COMPLETE
19,19,1.0347847496706752,2025-06-22 16:58:11.706421,2025-06-22 16:58:19.524704,0 days 00:00:07.818283,,,,,,,,,,,,,,,2768.0,0.025,5m,1.8,1.0,1.5,384.0,,,,,,,,5992,0.045000000000000005,4m,2.6,0.4,1.5,688,5840.0,0.04,3m,1.0,0.6000000000000001,1.0,424.0,3704.0,0.01,3m,2.2,1.0,1.5,984.0,,,,,,,,,,,,,,,5648.0,0.01,2m,1.6,0.0,0.5,1000.0,0.25,5,COMPLETE
20,20,1.016244650813054,2025-06-22 16:58:19.568214,2025-06-22 16:58:27.639333,0 days 00:00:08.071119,,,,,,,,,,,,,,,2496.0,0.025,5m,1.6,1.0,1.5,432.0,,,,,,,,4456,0.045000000000000005,4m,1.8,0.4,1.5,720,6160.0,0.035,3m,1.2,0.8,1.0,432.0,3848.0,0.01,3m,2.2,1.0,1.5,1016.0,,,,,,,,,,,,,,,5656.0,0.01,2m,1.6,0.0,0.5,976.0,0.25,5,COMPLETE
21,21,0.9975556982558378,2025-06-22 16:58:27.688236,2025-06-22 16:58:35.629152,0 days 00:00:07.940916,,,,,,,,,,,,,,,3592.0,0.025,5m,1.8,1.0,1.5,384.0,,,,,,,,6096,0.045000000000000005,4m,2.6,0.6000000000000001,2.0,704,5440.0,0.04,3m,1.0,0.6000000000000001,1.0,432.0,3392.0,0.015,3m,2.8,0.8,1.5,808.0,,,,,,,,,,,,,,,4872.0,0.02,2m,1.8,0.2,1.0,1016.0,0.25,5,COMPLETE
22,22,0.9949642218687842,2025-06-22 16:58:35.696868,2025-06-22 16:58:40.056459,0 days 00:00:04.359591,,,,,,,,,,,,,,,2320.0,0.025,5m,1.8,1.0,1.5,344.0,,,,,,,,4984,0.045000000000000005,4m,2.4000000000000004,0.8,1.5,736,5696.0,0.035,3m,1.0,0.6000000000000001,1.0,488.0,,,,,,,,,,,,,,,,,,,,,,,,,,,,,0.2,3,COMPLETE
23,23,0.9926721403757811,2025-06-22 16:58:40.083562,2025-06-22 16:58:45.653181,0 days 00:00:05.569619,,,,,,,,,,,,,,,3872.0,0.02,5m,1.8,0.8,1.5,528.0,,,,,,,,6648,0.05,4m,2.8,0.4,2.0,584,6656.0,0.045000000000000005,3m,1.4,0.6000000000000001,1.5,304.0,5152.0,0.015,3m,2.0,0.8,1.0,880.0,,,,,,,,,,,,,,,,,,,,,,0.3,4,COMPLETE
24,24,1.0,2025-06-22 16:58:45.690222,2025-06-22 16:58:48.452254,0 days 00:00:02.762032,,,,,,,,,,,,,,,,,,,,,,,,,,,,,4312,0.045000000000000005,9m,2.4000000000000004,0.8,1.5,648,4944.0,0.035,3m,1.2,0.8,0.5,144.0,,,,,,,,,,,,,,,,,,,,,,,,,,,,,0.2,2,COMPLETE
25,25,1.0111480292896267,2025-06-22 16:58:48.483194,2025-06-22 16:58:56.617890,0 days 00:00:08.134696,1592.0,0.01,4m,2.2,1.0,0.5,128.0,,,,,,,,2432.0,0.035,5m,2.0,0.6000000000000001,2.0,304.0,,,,,,,,5496,0.04,5m,2.8,0.2,2.0,904,3976.0,0.045000000000000005,3m,1.2,0.4,1.0,504.0,2856.0,0.04,2m,2.2,0.6000000000000001,1.5,872.0,,,,,,,,,,,,,,,4496.0,0.025,8m,1.6,0.2,0.5,344.0,0.25,6,COMPLETE
26,26,0.9911232494901788,2025-06-22 16:58:56.686868,2025-06-22 16:59:04.004296,0 days 00:00:07.317428,,,,,,,,,,,,,,,3928.0,0.02,5m,1.6,1.0,1.5,552.0,,,,,,,,6248,0.05,4m,2.2,0.4,1.0,776,5976.0,0.04,3m,1.8,0.2,1.0,360.0,4632.0,0.015,8m,1.8,1.0,1.0,736.0,,,,,,,,,,,,,,,8176.0,0.04,2m,3.0,0.2,1.5,864.0,0.05,5,COMPLETE
27,27,1.0007663322776612,2025-06-22 16:59:04.040664,2025-06-22 16:59:06.731212,0 days 00:00:02.690548,,,,,,,,,,,,,,,,,,,,,,,,,,,,,7280,0.045000000000000005,4m,2.8,0.6000000000000001,1.5,536,7112.0,0.035,6m,1.0,0.6000000000000001,1.5,368.0,,,,,,,,,,,,,,,,,,,,,,,,,,,,,0.3,2,COMPLETE
28,28,1.020245841530727,2025-06-22 16:59:06.804811,2025-06-22 16:59:11.822215,0 days 00:00:05.017404,,,,,,,,,,,,,,,2912.0,0.035,5m,1.4,0.8,1.5,488.0,,,,,,,,5896,0.01,4m,1.8,0.2,2.0,656,3448.0,0.025,5m,1.6,0.8,0.5,520.0,2888.0,0.02,4m,2.6,0.6000000000000001,0.5,424.0,,,,,,,,,,,,,,,,,,,,,,0.35000000000000003,4,COMPLETE
29,29,1.0038454550325242,2025-06-22 16:59:11.844742,2025-06-22 16:59:15.051081,0 days 00:00:03.206339,,,,,,,,,,,,,,,1752.0,0.02,6m,1.0,1.0,1.0,688.0,,,,,,,,4024,0.03,6m,2.6,0.4,2.0,544,5120.0,0.045000000000000005,9m,1.2,0.2,1.0,224.0,,,,,,,,,,,,,,,,,,,,,,,,,,,,,0.15000000000000002,3,COMPLETE
30,30,0.9425561664202681,2025-06-22 16:59:15.090582,2025-06-22 16:59:25.258463,0 days 00:00:10.167881,5048.0,0.01,7m,2.2,0.8,1.0,136.0,2048.0,0.01,8m,3.0,0.0,0.5,128.0,5248.0,0.025,8m,2.0,0.6000000000000001,2.0,416.0,1200.0,0.05,5m,2.8,0.0,0.5,176.0,7128,0.04,3m,2.2,0.4,1.5,920,7840.0,0.05,8m,1.6,0.6000000000000001,1.5,616.0,6896.0,0.045000000000000005,6m,2.2,0.8,1.5,920.0,,,,,,,,7936.0,0.05,3m,1.0,1.0,0.5,152.0,1024.0,0.01,5m,2.6,0.0,1.0,440.0,0.2,9,COMPLETE
31,31,1.0284062353452308,2025-06-22 16:59:25.286045,2025-06-22 16:59:30.391719,0 days 00:00:05.105674,,,,,,,,,,,,,,,2928.0,0.035,5m,1.4,0.8,1.5,488.0,,,,,,,,5968,0.01,4m,1.8,0.2,2.0,664,3624.0,0.02,5m,1.0,0.8,0.5,504.0,3208.0,0.02,4m,2.6,0.6000000000000001,0.5,448.0,,,,,,,,,,,,,,,,,,,,,,0.35000000000000003,4,COMPLETE
32,32,0.9830127853517642,2025-06-22 16:59:30.436705,2025-06-22 16:59:36.105212,0 days 00:00:05.668507,,,,,,,,,,,,,,,2696.0,0.04,5m,1.4,1.0,1.5,304.0,,,,,,,,5424,0.025,4m,1.8,0.2,2.0,784,3424.0,0.025,3m,1.0,0.8,0.5,384.0,4504.0,0.02,4m,3.0,0.4,0.5,448.0,,,,,,,,,,,,,,,,,,,,,,0.3,4,COMPLETE
33,33,1.0136761694532455,2025-06-22 16:59:36.148387,2025-06-22 16:59:40.782435,0 days 00:00:04.634048,,,,,,,,,,,,,,,4072.0,0.03,5m,1.8,0.8,1.5,608.0,,,,,,,,5096,0.01,2m,2.0,0.2,2.0,680,6440.0,0.02,5m,1.2,1.0,0.5,784.0,,,,,,,,,,,,,,,,,,,,,,,,,,,,,0.35000000000000003,3,COMPLETE
34,34,0.9884669323679595,2025-06-22 16:59:40.814151,2025-06-22 16:59:43.705660,0 days 00:00:02.891509,,,,,,,,,,,,,,,,,,,,,,,,,,,,,6440,0.025,4m,1.6,0.4,2.0,616,5712.0,0.04,5m,1.0,0.6000000000000001,1.0,504.0,,,,,,,,,,,,,,,,,,,,,,,,,,,,,0.25,2,COMPLETE
35,35,0.9647074013940815,2025-06-22 16:59:43.747371,2025-06-22 16:59:49.320697,0 days 00:00:05.573326,,,,,,,,,,,,,,,1888.0,0.04,4m,1.6,1.0,1.5,368.0,,,,,,,,5880,0.045000000000000005,6m,2.6,0.0,1.5,848,4592.0,0.03,5m,1.4,0.4,1.0,456.0,3088.0,0.01,9m,2.6,1.0,1.0,264.0,,,,,,,,,,,,,,,4664.0,0.02,4m,1.8,1.0,1.5,840.0,0.4,5,COMPLETE
36,36,0.9612486622065495,2025-06-22 16:59:49.344416,2025-06-22 16:59:52.004245,0 days 00:00:02.659829,,,,,,,,,,,,,,,,,,,,,,,,,,,,,5256,0.05,9m,1.6,0.6000000000000001,0.5,504,3088.0,0.035,3m,1.2,0.8,0.5,624.0,,,,,,,,,,,,,,,,,,,,,,,,,,,,,0.35000000000000003,2,COMPLETE
37,37,1.0213700299747055,2025-06-22 16:59:52.034850,2025-06-22 17:00:02.117278,0 days 00:00:10.082428,5664.0,0.05,5m,1.8,0.6000000000000001,0.5,288.0,7976.0,0.05,6m,2.4000000000000004,0.6000000000000001,0.5,520.0,3352.0,0.025,5m,2.2,0.8,1.5,248.0,,,,,,,,7552,0.035,2m,2.2,0.4,2.0,776,5464.0,0.02,5m,1.0,0.6000000000000001,1.0,544.0,2376.0,0.02,3m,2.4000000000000004,0.6000000000000001,0.5,624.0,,,,,,,,1144.0,0.015,5m,1.4,0.0,2.0,1008.0,7216.0,0.04,8m,1.4,0.4,0.5,128.0,0.25,8,COMPLETE
38,38,1.0165172647147107,2025-06-22 17:00:02.194999,2025-06-22 17:00:09.763633,0 days 00:00:07.568634,2672.0,0.015,3m,1.0,1.0,1.0,776.0,,,,,,,,1040.0,0.03,5m,1.2,1.0,1.0,488.0,,,,,,,,3824,0.04,8m,2.4000000000000004,0.2,1.0,744,3728.0,0.015,3m,1.4,0.4,1.5,720.0,3864.0,0.015,4m,2.0,0.0,1.0,496.0,,,,,,,,,,,,,,,5328.0,0.025,9m,2.0,0.8,1.5,448.0,0.3,6,COMPLETE
39,39,1.0159473305743767,2025-06-22 17:00:09.790619,2025-06-22 17:00:16.425756,0 days 00:00:06.635137,,,,,,,,,,,,,,,2280.0,0.035,2m,2.0,0.8,2.0,360.0,,,,,,,,6880,0.015,3m,2.8,0.0,1.5,600,2768.0,0.03,3m,2.6,1.0,1.0,392.0,4992.0,0.03,4m,2.8,0.8,1.5,376.0,,,,,,,,,,,,,,,,,,,,,,0.4,4,COMPLETE
40,40,0.9867950365538735,2025-06-22 17:00:16.467821,2025-06-22 17:00:21.194216,0 days 00:00:04.726395,,,,,,,,,,,,,,,4336.0,0.02,5m,1.4,0.4,1.5,248.0,,,,,,,,4704,0.02,5m,1.6,0.6000000000000001,2.0,824,4744.0,0.045000000000000005,2m,1.8,0.8,0.5,248.0,,,,,,,,,,,,,,,,,,,,,,,,,,,,,0.2,3,COMPLETE
41,41,0.9944667569486862,2025-06-22 17:00:21.227321,2025-06-22 17:00:32.806640,0 days 00:00:11.579319,5056.0,0.05,5m,1.8,0.6000000000000001,0.5,288.0,7600.0,0.045000000000000005,6m,2.4000000000000004,0.6000000000000001,0.5,464.0,3216.0,0.025,5m,2.2,0.8,1.5,232.0,2168.0,0.01,3m,3.0,1.0,2.0,968.0,7464,0.035,2m,2.2,0.4,2.0,776,5336.0,0.02,5m,1.0,0.6000000000000001,1.0,528.0,2400.0,0.02,3m,2.4000000000000004,0.6000000000000001,0.5,624.0,,,,,,,,1144.0,0.015,5m,1.4,0.0,2.0,992.0,6976.0,0.04,8m,1.4,0.4,0.5,136.0,0.25,9,COMPLETE
42,42,0.9475058345755769,2025-06-22 17:00:32.835878,2025-06-22 17:00:42.576912,0 days 00:00:09.741034,5776.0,0.045000000000000005,5m,2.2,0.6000000000000001,0.5,328.0,8168.0,0.05,6m,2.4000000000000004,0.6000000000000001,0.5,584.0,3464.0,0.025,5m,2.6,1.0,1.5,128.0,,,,,,,,6208,0.03,2m,2.0,0.4,2.0,688,5816.0,0.015,5m,1.2,0.6000000000000001,1.0,560.0,1112.0,0.02,3m,2.4000000000000004,0.6000000000000001,0.5,144.0,,,,,,,,3544.0,0.02,4m,1.8,0.4,1.5,616.0,6944.0,0.04,8m,1.0,0.2,1.0,464.0,0.25,8,COMPLETE
43,43,0.9866600911000135,2025-06-22 17:00:42.615788,2025-06-22 17:00:52.617653,0 days 00:00:10.001865,6104.0,0.03,8m,1.4,0.8,1.0,472.0,3488.0,0.035,5m,2.4000000000000004,1.0,1.5,152.0,2960.0,0.02,5m,2.6,0.6000000000000001,1.5,424.0,,,,,,,,7664,0.045000000000000005,2m,2.4000000000000004,0.6000000000000001,2.0,632,4464.0,0.02,5m,1.0,0.6000000000000001,1.0,472.0,2520.0,0.01,3m,2.8,0.4,0.5,616.0,,,,,,,,3776.0,0.03,5m,2.0,0.0,1.5,696.0,6072.0,0.035,7m,1.4,0.6000000000000001,0.5,784.0,0.15000000000000002,8,COMPLETE
44,44,0.9814134017829165,2025-06-22 17:00:52.642277,2025-06-22 17:01:01.111484,0 days 00:00:08.469207,3952.0,0.04,7m,2.6,0.6000000000000001,0.5,248.0,,,,,,,,4512.0,0.03,5m,2.2,0.8,1.5,288.0,,,,,,,,6664,0.05,2m,2.2,0.2,2.0,864,5376.0,0.025,6m,1.6,0.4,1.0,616.0,3504.0,0.025,3m,2.4000000000000004,0.8,1.0,776.0,,,,,,,,,,,,,,,3912.0,0.045000000000000005,3m,1.8,0.0,0.5,144.0,0.3,6,COMPLETE
45,45,1.0387575987823077,2025-06-22 17:01:01.130768,2025-06-22 17:01:07.565431,0 days 00:00:06.434663,,,,,,,,,,,,,,,3600.0,0.025,4m,1.8,1.0,1.0,504.0,,,,,,,,5736,0.025,4m,2.6,0.4,2.0,752,6352.0,0.015,4m,1.2,0.8,1.5,552.0,4352.0,0.015,3m,1.8,0.6000000000000001,0.5,944.0,,,,,,,,,,,,,,,7440.0,0.03,8m,1.4,0.8,1.0,528.0,0.25,5,COMPLETE
46,46,1.0142035998920742,2025-06-22 17:01:07.612181,2025-06-22 17:01:14.585812,0 days 00:00:06.973631,,,,,,,,,,,,,,,2064.0,0.03,4m,1.8,1.0,1.0,616.0,,,,,,,,5728,0.015,4m,2.6,0.4,0.5,696,6400.0,0.015,4m,1.2,0.8,1.5,336.0,4248.0,0.015,9m,1.8,1.0,1.0,944.0,,,,,,,,,,,,,,,7624.0,0.015,2m,1.6,0.8,1.0,536.0,0.35000000000000003,5,COMPLETE
47,47,1.0096597292115557,2025-06-22 17:01:14.605114,2025-06-22 17:01:19.834333,0 days 00:00:05.229219,,,,,,,,,,,,,,,2752.0,0.035,4m,1.6,1.0,0.5,496.0,,,,,,,,6064,0.025,4m,3.0,0.2,2.0,944,6840.0,0.01,4m,1.4,1.0,2.0,760.0,5280.0,0.01,7m,1.6,0.4,2.0,960.0,,,,,,,,,,,,,,,,,,,,,,0.2,4,COMPLETE
48,48,1.009337442990805,2025-06-22 17:01:19.865015,2025-06-22 17:01:28.352700,0 days 00:00:08.487685,,,,,,,,,,,,,,,3664.0,0.02,3m,2.0,1.0,1.0,544.0,,,,,,,,5552,0.02,4m,2.8,0.0,1.5,744,7264.0,0.04,4m,1.0,0.8,1.5,584.0,5744.0,0.025,2m,1.6,0.2,0.5,824.0,,,,,,,,,,,,,,,6328.0,0.03,2m,2.0,0.8,1.0,920.0,0.3,5,COMPLETE
49,49,1.0238206674736483,2025-06-22 17:01:28.383430,2025-06-22 17:01:32.869334,0 days 00:00:04.485904,,,,,,,,,,,,,,,4800.0,0.04,4m,1.8,1.0,1.0,456.0,,,,,,,,1464,0.01,7m,3.0,0.2,2.0,808,6040.0,0.015,7m,2.2,0.8,1.5,408.0,3384.0,0.015,8m,1.4,0.8,1.5,512.0,,,,,,,,,,,,,,,,,,,,,,0.15000000000000002,4,COMPLETE
50,50,1.0448525484666815,2025-06-22 17:01:32.903439,2025-06-22 17:01:37.043603,0 days 00:00:04.140164,,,,,,,,,,,,,,,3008.0,0.01,9m,2.0,1.0,0.5,392.0,,,,,,,,6960,0.04,8m,1.0,0.4,1.0,496,4984.0,0.05,2m,1.2,1.0,2.0,656.0,,,,,,,,,,,,,,,,,,,,,,,,,,,,,0.25,3,COMPLETE
51,51,1.0112147763087347,2025-06-22 17:01:37.098665,2025-06-22 17:01:41.205401,0 days 00:00:04.106736,,,,,,,,,,,,,,,2840.0,0.01,9m,2.0,1.0,0.5,408.0,,,,,,,,6408,0.045000000000000005,8m,1.0,0.4,1.0,504,4888.0,0.05,2m,1.2,1.0,2.0,656.0,,,,,,,,,,,,,,,,,,,,,,,,,,,,,0.25,3,COMPLETE
52,52,0.9253897695951646,2025-06-22 17:01:41.245769,2025-06-22 17:01:45.384016,0 days 00:00:04.138247,,,,,,,,,,,,,,,3080.0,0.01,9m,1.8,1.0,0.5,336.0,,,,,,,,6904,0.04,8m,1.0,0.4,1.0,568,4232.0,0.05,2m,1.0,1.0,2.0,464.0,,,,,,,,,,,,,,,,,,,,,,,,,,,,,0.2,3,COMPLETE
53,53,0.9476621973283217,2025-06-22 17:01:45.408285,2025-06-22 17:01:48.725213,0 days 00:00:03.316928,,,,,,,,,,,,,,,,,,,,,,,,,,,,,5856,0.05,8m,1.2,0.6000000000000001,1.0,664,5104.0,0.045000000000000005,2m,1.4,1.0,2.0,840.0,,,,,,,,,,,,,,,,,,,,,,,,,,,,,0.25,2,COMPLETE
54,54,0.984649851279751,2025-06-22 17:01:48.760077,2025-06-22 17:01:53.179843,0 days 00:00:04.419766,,,,,,,,,,,,,,,3568.0,0.015,7m,1.6,0.8,0.5,464.0,,,,,,,,5288,0.045000000000000005,4m,1.4,0.4,1.0,384,6248.0,0.03,9m,1.2,0.8,2.0,672.0,1656.0,0.035,5m,2.0,0.6000000000000001,1.0,864.0,,,,,,,,,,,,,,,,,,,,,,0.3,4,COMPLETE
