,number,value,datetime_start,datetime_complete,duration,params_ADSK_SIRI_beta_win,params_ADSK_SIRI_stop_loss,params_ADSK_SIRI_trade_freq,params_ADSK_SIRI_z_entry,params_ADSK_SIRI_z_exit,params_ADSK_SIRI_z_stop_scaler,params_ADSK_SIRI_z_win,params_CRWD_EXC_beta_win,params_CRWD_EXC_stop_loss,params_CRWD_EXC_trade_freq,params_CRWD_EXC_z_entry,params_CRWD_EXC_z_exit,params_CRWD_EXC_z_stop_scaler,params_CRWD_EXC_z_win,params_CTSH_MAR_beta_win,params_CTSH_MAR_stop_loss,params_CTSH_MAR_trade_freq,params_CTSH_MAR_z_entry,params_CTSH_MAR_z_exit,params_CTSH_MAR_z_stop_scaler,params_CTSH_MAR_z_win,params_DASH_ROP_beta_win,params_DASH_ROP_stop_loss,params_DASH_ROP_trade_freq,params_DASH_ROP_z_entry,params_DASH_ROP_z_exit,params_DASH_ROP_z_stop_scaler,params_DASH_ROP_z_win,params_DASH_SIRI_beta_win,params_DASH_SIRI_stop_loss,params_DASH_SIRI_trade_freq,params_DASH_SIRI_z_entry,params_DASH_SIRI_z_exit,params_DASH_SIRI_z_stop_scaler,params_DASH_SIRI_z_win,params_DDOG_SIRI_beta_win,params_DDOG_SIRI_stop_loss,params_DDOG_SIRI_trade_freq,params_DDOG_SIRI_z_entry,params_DDOG_SIRI_z_exit,params_DDOG_SIRI_z_stop_scaler,params_DDOG_SIRI_z_win,params_INTC_CTAS_beta_win,params_INTC_CTAS_stop_loss,params_INTC_CTAS_trade_freq,params_INTC_CTAS_z_entry,params_INTC_CTAS_z_exit,params_INTC_CTAS_z_stop_scaler,params_INTC_CTAS_z_win,params_MU_CTAS_beta_win,params_MU_CTAS_stop_loss,params_MU_CTAS_trade_freq,params_MU_CTAS_z_entry,params_MU_CTAS_z_exit,params_MU_CTAS_z_stop_scaler,params_MU_CTAS_z_win,params_MU_EXC_beta_win,params_MU_EXC_stop_loss,params_MU_EXC_trade_freq,params_MU_EXC_z_entry,params_MU_EXC_z_exit,params_MU_EXC_z_stop_scaler,params_MU_EXC_z_win,params_NFLX_SIRI_beta_win,params_NFLX_SIRI_stop_loss,params_NFLX_SIRI_trade_freq,params_NFLX_SIRI_z_entry,params_NFLX_SIRI_z_exit,params_NFLX_SIRI_z_stop_scaler,params_NFLX_SIRI_z_win,params_buffer_capital,params_pairs_to_trade,state
0,0,0.9848529436955357,2025-06-22 17:20:20.369800,2025-06-22 17:20:24.350693,0 days 00:00:03.980893,,,,,,,,4616.0,0.015,3m,3.0,0.2,1.0,216.0,3344,0.025,6m,2.6,0.4,0.5,560,,,,,,,,,,,,,,,,,,,,,,2968.0,0.03,5m,1.6,0.2,2.0,664.0,,,,,,,,,,,,,,,,,,,,,,0.5,3,COMPLETE
1,1,0.9267191554545333,2025-06-22 17:20:24.370992,2025-06-22 17:20:36.134474,0 days 00:00:11.763482,,,,,,,,6536.0,0.04,4m,2.4000000000000004,0.2,2.0,984.0,5560,0.025,3m,2.0,0.6000000000000001,1.0,808,,,,,,,,1128.0,0.025,7m,1.2,0.4,2.0,544.0,6640.0,0.035,8m,3.0,0.2,1.5,1016.0,5296.0,0.05,2m,2.8,0.4,1.5,928.0,1688.0,0.05,6m,1.0,1.0,0.5,240.0,,,,,,,,6792.0,0.02,3m,1.4,0.8,1.0,656.0,0.35000000000000003,7,COMPLETE
2,2,0.9659796203695338,2025-06-22 17:20:36.185730,2025-06-22 17:20:39.574169,0 days 00:00:03.388439,,,,,,,,,,,,,,,1160,0.02,2m,1.2,1.0,0.5,168,,,,,,,,,,,,,,,,,,,,,,2216.0,0.02,7m,2.8,0.0,1.0,880.0,,,,,,,,,,,,,,,,,,,,,,0.4,2,COMPLETE
3,3,0.8912919494422304,2025-06-22 17:20:39.621134,2025-06-22 17:20:51.095812,0 days 00:00:11.474678,5192.0,0.04,9m,1.2,0.0,1.5,360.0,7592.0,0.03,3m,2.2,0.0,0.5,576.0,3408,0.02,6m,1.2,1.0,0.5,880,6216.0,0.04,9m,1.0,1.0,1.0,648.0,7048.0,0.035,8m,1.4,0.8,1.5,160.0,7208.0,0.025,6m,2.8,0.4,0.5,512.0,4664.0,0.03,2m,2.2,1.0,1.0,576.0,8072.0,0.05,6m,2.2,0.4,2.0,624.0,5984.0,0.01,7m,2.6,0.6000000000000001,1.0,232.0,3624.0,0.02,2m,1.8,0.2,1.5,784.0,0.15000000000000002,10,COMPLETE
4,4,0.8598788126996242,2025-06-22 17:20:51.128645,2025-06-22 17:20:59.414330,0 days 00:00:08.285685,,,,,,,,7728.0,0.035,9m,2.0,0.2,1.0,160.0,2848,0.035,2m,1.2,0.4,0.5,176,,,,,,,,1968.0,0.025,5m,1.0,0.2,1.0,680.0,3864.0,0.05,9m,1.4,0.2,1.5,624.0,4312.0,0.04,2m,1.4,0.8,0.5,672.0,6296.0,0.035,9m,2.8,0.6000000000000001,1.0,656.0,,,,,,,,5608.0,0.04,7m,3.0,0.8,2.0,1000.0,0.1,7,COMPLETE
5,5,0.9544512849880905,2025-06-22 17:20:59.459977,2025-06-22 17:21:07.995462,0 days 00:00:08.535485,,,,,,,,7032.0,0.015,3m,2.2,1.0,1.0,680.0,2240,0.015,9m,2.2,0.6000000000000001,1.5,168,,,,,,,,2000.0,0.035,5m,2.6,0.2,1.0,712.0,1352.0,0.025,9m,1.0,0.8,2.0,992.0,8040.0,0.015,6m,3.0,0.0,0.5,296.0,3376.0,0.03,5m,1.2,0.4,2.0,648.0,,,,,,,,6832.0,0.025,3m,1.2,0.2,2.0,320.0,0.35000000000000003,7,COMPLETE
6,6,0.8918296533989682,2025-06-22 17:21:08.028800,2025-06-22 17:21:21.003833,0 days 00:00:12.975033,7896.0,0.015,9m,1.6,1.0,2.0,432.0,1336.0,0.015,7m,1.2,0.8,0.5,288.0,2672,0.05,3m,1.4,0.8,1.0,992,6208.0,0.015,8m,1.4,0.4,1.5,536.0,1792.0,0.05,7m,2.4000000000000004,0.4,2.0,312.0,7984.0,0.04,5m,2.8,0.0,1.0,400.0,6288.0,0.01,7m,2.4000000000000004,0.4,1.5,576.0,2840.0,0.015,7m,1.2,0.0,2.0,680.0,1600.0,0.04,2m,3.0,0.2,2.0,880.0,4768.0,0.04,7m,1.4,1.0,1.0,344.0,0.1,10,COMPLETE
7,7,0.9940959940248241,2025-06-22 17:21:21.042042,2025-06-22 17:21:24.973001,0 days 00:00:03.930959,,,,,,,,4800.0,0.01,7m,1.2,0.0,2.0,192.0,1288,0.05,8m,2.8,1.0,1.5,832,,,,,,,,6144.0,0.05,9m,1.8,0.0,0.5,432.0,,,,,,,,2008.0,0.045000000000000005,4m,1.4,1.0,2.0,696.0,,,,,,,,,,,,,,,,,,,,,,0.4,4,COMPLETE
8,8,0.9532434843791641,2025-06-22 17:21:25.006098,2025-06-22 17:21:32.903589,0 days 00:00:07.897491,,,,,,,,1664.0,0.03,9m,1.4,0.8,2.0,672.0,5704,0.02,8m,1.4,0.2,2.0,976,,,,,,,,4000.0,0.025,2m,1.6,0.6000000000000001,2.0,560.0,7320.0,0.04,2m,1.6,0.0,1.5,816.0,4088.0,0.05,7m,1.0,0.0,2.0,200.0,6896.0,0.05,4m,2.2,0.8,2.0,704.0,,,,,,,,,,,,,,,0.3,6,COMPLETE
9,9,0.9397427689271056,2025-06-22 17:21:32.935281,2025-06-22 17:21:41.585976,0 days 00:00:08.650695,,,,,,,,3296.0,0.015,6m,2.4000000000000004,0.8,1.0,944.0,4872,0.015,5m,1.0,0.2,1.0,584,,,,,,,,5728.0,0.03,4m,1.2,0.2,2.0,288.0,3600.0,0.02,3m,3.0,0.4,2.0,680.0,7440.0,0.04,4m,3.0,0.4,0.5,304.0,3104.0,0.05,3m,2.4000000000000004,0.6000000000000001,2.0,616.0,,,,,,,,1080.0,0.02,9m,2.0,0.4,1.0,840.0,0.15000000000000002,7,COMPLETE
10,10,0.9993817016603672,2025-06-22 17:21:41.669234,2025-06-22 17:21:45.866973,0 days 00:00:04.197739,,,,,,,,5000.0,0.05,7m,1.0,0.4,1.5,400.0,7840,0.05,7m,3.0,0.0,2.0,688,,,,,,,,7464.0,0.01,9m,2.0,0.0,0.5,968.0,,,,,,,,1416.0,0.04,4m,1.8,0.8,2.0,448.0,,,,,,,,,,,,,,,,,,,,,,0.5,4,COMPLETE
11,11,0.9983936158054558,2025-06-22 17:21:45.892229,2025-06-22 17:21:50.063020,0 days 00:00:04.170791,,,,,,,,5096.0,0.05,7m,1.0,0.0,1.5,424.0,7816,0.05,7m,3.0,0.0,2.0,688,,,,,,,,8000.0,0.01,9m,2.0,0.0,0.5,1024.0,,,,,,,,1232.0,0.04,4m,1.8,0.8,2.0,440.0,,,,,,,,,,,,,,,,,,,,,,0.5,4,COMPLETE
12,12,1.0,2025-06-22 17:21:50.108834,2025-06-22 17:21:51.518444,0 days 00:00:01.409610,,,,,,,,,,,,,,,8152,0.04,7m,3.0,0.0,2.0,576,,,,,,,,,,,,,,,,,,,,,,,,,,,,,,,,,,,,,,,,,,,,,,,,,,0.5,1,COMPLETE
13,13,1.0,2025-06-22 17:21:51.546316,2025-06-22 17:21:52.972333,0 days 00:00:01.426017,,,,,,,,,,,,,,,8088,0.04,7m,2.4000000000000004,0.0,2.0,408,,,,,,,,,,,,,,,,,,,,,,,,,,,,,,,,,,,,,,,,,,,,,,,,,,0.5,1,COMPLETE
14,14,1.0,2025-06-22 17:21:52.996838,2025-06-22 17:21:54.304919,0 days 00:00:01.308081,,,,,,,,,,,,,,,6848,0.04,7m,2.4000000000000004,0.0,1.5,376,,,,,,,,,,,,,,,,,,,,,,,,,,,,,,,,,,,,,,,,,,,,,,,,,,0.45,1,COMPLETE
15,15,0.9887460003513094,2025-06-22 17:21:54.339290,2025-06-22 17:21:56.097415,0 days 00:00:01.758125,,,,,,,,,,,,,,,6784,0.04,4m,1.8,0.2,2.0,384,,,,,,,,,,,,,,,,,,,,,,,,,,,,,,,,,,,,,,,,,,,,,,,,,,0.25,1,COMPLETE
16,16,0.9793521566379091,2025-06-22 17:21:56.124571,2025-06-22 17:21:58.244607,0 days 00:00:02.120036,,,,,,,,,,,,,,,8168,0.04,7m,2.6,0.2,1.5,384,,,,,,,,,,,,,,,,,,,,,,6520.0,0.025,8m,1.0,0.6000000000000001,1.0,136.0,,,,,,,,,,,,,,,,,,,,,,0.25,2,COMPLETE
17,17,0.9954742225591307,2025-06-22 17:21:58.283609,2025-06-22 17:21:59.548136,0 days 00:00:01.264527,,,,,,,,,,,,,,,6840,0.035,7m,2.4000000000000004,0.0,2.0,496,,,,,,,,,,,,,,,,,,,,,,,,,,,,,,,,,,,,,,,,,,,,,,,,,,0.45,1,COMPLETE
18,18,0.9800975415938833,2025-06-22 17:21:59.571795,2025-06-22 17:22:04.690339,0 days 00:00:05.118544,,,,,,,,2744.0,0.04,2m,1.6,0.6000000000000001,1.5,792.0,6136,0.045000000000000005,4m,1.8,0.4,2.0,280,,,,,,,,,,,,,,,,,,,,,,3368.0,0.01,3m,2.4000000000000004,0.2,1.5,1024.0,,,,,,,,,,,,,,,,,,,,,,0.45,3,COMPLETE
19,19,0.9968525934094986,2025-06-22 17:22:04.715200,2025-06-22 17:22:11.465581,0 days 00:00:06.750381,,,,,,,,6144.0,0.025,8m,3.0,1.0,0.5,520.0,4616,0.03,5m,2.8,0.0,1.5,480,,,,,,,,3704.0,0.04,3m,3.0,1.0,1.5,840.0,,,,,,,,5808.0,0.02,9m,2.2,0.6000000000000001,1.0,832.0,5648.0,0.01,2m,1.6,0.0,0.5,1000.0,,,,,,,,,,,,,,,0.4,5,COMPLETE
20,20,0.9760243699438976,2025-06-22 17:22:11.490133,2025-06-22 17:22:14.111087,0 days 00:00:02.620954,,,,,,,,,,,,,,,7448,0.035,9m,2.2,0.2,2.0,648,,,,,,,,,,,,,,,,,,,,,,6944.0,0.035,3m,1.2,0.2,1.5,456.0,,,,,,,,,,,,,,,,,,,,,,0.3,2,COMPLETE
21,21,0.999403542208908,2025-06-22 17:22:14.126826,2025-06-22 17:22:15.634466,0 days 00:00:01.507640,,,,,,,,,,,,,,,6968,0.04,7m,2.4000000000000004,0.0,1.5,336,,,,,,,,,,,,,,,,,,,,,,,,,,,,,,,,,,,,,,,,,,,,,,,,,,0.45,1,COMPLETE
22,22,1.0,2025-06-22 17:22:15.691117,2025-06-22 17:22:17.063150,0 days 00:00:01.372033,,,,,,,,,,,,,,,7192,0.045000000000000005,7m,2.6,0.0,1.5,456,,,,,,,,,,,,,,,,,,,,,,,,,,,,,,,,,,,,,,,,,,,,,,,,,,0.5,1,COMPLETE
23,23,1.0015716520741464,2025-06-22 17:22:17.088671,2025-06-22 17:22:20.150951,0 days 00:00:03.062280,,,,,,,,3512.0,0.025,5m,1.8,0.6000000000000001,1.5,848.0,6424,0.045000000000000005,7m,2.2,0.2,2.0,272,,,,,,,,,,,,,,,,,,,,,,8168.0,0.025,9m,2.6,1.0,0.5,776.0,,,,,,,,,,,,,,,,,,,,,,0.45,3,COMPLETE
24,24,0.995615342534733,2025-06-22 17:22:20.185916,2025-06-22 17:22:23.449372,0 days 00:00:03.263456,,,,,,,,3424.0,0.025,5m,1.6,0.6000000000000001,1.5,856.0,6192,0.045000000000000005,7m,2.0,0.2,2.0,264,,,,,,,,,,,,,,,,,,,,,,7480.0,0.025,9m,2.6,1.0,0.5,776.0,,,,,,,,,,,,,,,,,,,,,,0.5,3,COMPLETE
25,25,1.0137241803947934,2025-06-22 17:22:23.507500,2025-06-22 17:22:26.774097,0 days 00:00:03.266597,,,,,,,,2424.0,0.025,5m,1.8,0.4,2.0,768.0,7632,0.03,7m,1.8,0.2,2.0,256,,,,,,,,,,,,,,,,,,,,,,5360.0,0.02,9m,2.0,0.8,0.5,1016.0,,,,,,,,,,,,,,,,,,,,,,0.35000000000000003,3,COMPLETE
26,26,1.019511791362256,2025-06-22 17:22:26.802962,2025-06-22 17:22:31.681903,0 days 00:00:04.878941,,,,,,,,2376.0,0.025,5m,1.8,0.4,2.0,736.0,6224,0.03,7m,1.6,0.4,2.0,272,,,,,,,,5216.0,0.015,6m,3.0,1.0,1.0,824.0,,,,,,,,5984.0,0.02,9m,2.0,0.8,0.5,1016.0,1096.0,0.025,8m,3.0,0.2,1.0,144.0,,,,,,,,,,,,,,,0.35000000000000003,5,COMPLETE
27,27,1.0016913990277194,2025-06-22 17:22:31.714293,2025-06-22 17:22:37.679138,0 days 00:00:05.964845,,,,,,,,2288.0,0.025,5m,1.8,0.4,2.0,776.0,5184,0.03,7m,1.6,0.4,2.0,248,,,,,,,,5048.0,0.015,6m,2.8,1.0,1.0,864.0,1168.0,0.01,4m,2.2,1.0,0.5,160.0,5208.0,0.02,9m,2.0,0.8,0.5,968.0,1144.0,0.025,8m,3.0,0.2,1.0,136.0,,,,,,,,,,,,,,,0.35000000000000003,6,COMPLETE
28,28,0.967404790424214,2025-06-22 17:22:37.716274,2025-06-22 17:22:43.384434,0 days 00:00:05.668160,,,,,,,,2168.0,0.02,5m,1.8,0.4,2.0,720.0,5144,0.03,3m,1.6,0.6000000000000001,1.5,216,,,,,,,,5128.0,0.015,6m,3.0,1.0,1.0,824.0,,,,,,,,5624.0,0.015,9m,2.0,0.8,0.5,1024.0,1160.0,0.025,8m,3.0,0.2,1.0,152.0,,,,,,,,,,,,,,,0.35000000000000003,5,COMPLETE
29,29,0.9499309792008843,2025-06-22 17:22:43.418560,2025-06-22 17:22:49.624081,0 days 00:00:06.205521,,,,,,,,2424.0,0.02,5m,2.0,0.4,2.0,760.0,3808,0.025,6m,1.6,0.4,2.0,136,,,,,,,,3360.0,0.015,6m,2.6,0.8,1.0,864.0,1480.0,0.01,4m,2.2,1.0,0.5,128.0,5136.0,0.02,9m,2.0,0.6000000000000001,0.5,936.0,2112.0,0.02,8m,2.6,0.2,1.0,392.0,,,,,,,,,,,,,,,0.2,6,COMPLETE
30,30,0.9953127323028642,2025-06-22 17:22:49.657330,2025-06-22 17:22:57.632899,0 days 00:00:07.975569,,,,,,,,1056.0,0.035,5m,1.6,0.4,2.0,624.0,4048,0.03,9m,1.8,0.4,1.0,320,,,,,,,,4744.0,0.02,6m,2.4000000000000004,0.8,1.5,720.0,5352.0,0.01,4m,2.2,0.8,1.0,144.0,6072.0,0.015,9m,1.8,0.8,1.0,968.0,4272.0,0.035,8m,3.0,0.2,1.5,344.0,8184.0,0.05,5m,1.0,1.0,0.5,144.0,1208.0,0.05,5m,3.0,0.0,0.5,184.0,0.3,8,COMPLETE
31,31,1.0196839041489965,2025-06-22 17:22:57.668598,2025-06-22 17:23:02.496631,0 days 00:00:04.828033,,,,,,,,3624.0,0.025,5m,1.8,0.6000000000000001,2.0,872.0,6104,0.025,7m,1.6,0.4,2.0,240,,,,,,,,6336.0,0.015,6m,2.8,1.0,1.0,928.0,,,,,,,,4616.0,0.025,9m,2.2,1.0,0.5,824.0,1168.0,0.025,8m,1.8,0.2,1.5,440.0,,,,,,,,,,,,,,,0.35000000000000003,5,COMPLETE
32,32,0.9843203697187018,2025-06-22 17:23:02.528684,2025-06-22 17:23:07.493790,0 days 00:00:04.965106,,,,,,,,2888.0,0.025,5m,1.8,0.6000000000000001,2.0,864.0,5528,0.025,7m,1.6,0.4,2.0,224,,,,,,,,6256.0,0.015,6m,2.8,1.0,1.0,928.0,,,,,,,,4856.0,0.02,9m,2.2,0.8,0.5,840.0,1112.0,0.025,8m,1.8,0.2,1.5,128.0,,,,,,,,,,,,,,,0.35000000000000003,5,COMPLETE
33,33,0.9737213008565472,2025-06-22 17:23:07.530638,2025-06-22 17:23:16.579323,0 days 00:00:09.048685,,,,,,,,3888.0,0.02,5m,2.0,0.4,2.0,920.0,5784,0.025,2m,1.4,0.6000000000000001,2.0,224,,,,,,,,5136.0,0.02,6m,2.8,1.0,1.0,784.0,2544.0,0.015,7m,1.8,1.0,0.5,336.0,4048.0,0.025,9m,2.0,1.0,0.5,968.0,2264.0,0.025,8m,1.8,0.0,1.5,424.0,1064.0,0.015,6m,1.4,0.0,2.0,960.0,2752.0,0.01,6m,2.4000000000000004,0.6000000000000001,0.5,528.0,0.4,8,COMPLETE
34,34,1.0041448266206014,2025-06-22 17:23:16.603969,2025-06-22 17:23:22.880032,0 days 00:00:06.276063,,,,,,,,1968.0,0.03,5m,1.8,0.2,2.0,816.0,5424,0.01,6m,1.6,0.4,2.0,320,,,,,,,,6712.0,0.01,6m,2.4000000000000004,0.8,1.5,912.0,5528.0,0.05,4m,2.4000000000000004,0.6000000000000001,1.0,296.0,5528.0,0.015,9m,2.2,0.6000000000000001,0.5,888.0,1080.0,0.035,8m,2.6,0.4,1.0,256.0,,,,,,,,,,,,,,,0.35000000000000003,6,COMPLETE
35,35,1.0206030936788582,2025-06-22 17:23:22.895801,2025-06-22 17:23:27.211410,0 days 00:00:04.315609,,,,,,,,3800.0,0.035,5m,1.4,0.2,2.0,816.0,6248,0.01,6m,2.0,0.8,2.0,320,,,,,,,,6680.0,0.01,6m,2.4000000000000004,0.8,1.5,1016.0,,,,,,,,6576.0,0.015,5m,2.4000000000000004,0.6000000000000001,1.0,880.0,,,,,,,,,,,,,,,,,,,,,,0.3,4,COMPLETE
36,36,0.9829941593656024,2025-06-22 17:23:27.243666,2025-06-22 17:23:31.455935,0 days 00:00:04.212269,,,,,,,,4032.0,0.035,6m,1.4,0.2,1.5,920.0,6312,0.01,6m,2.0,0.8,1.5,176,,,,,,,,5840.0,0.02,8m,2.2,0.6000000000000001,1.5,1016.0,,,,,,,,6736.0,0.01,5m,2.6,0.6000000000000001,1.0,768.0,,,,,,,,,,,,,,,,,,,,,,0.25,4,COMPLETE
37,37,0.9820732736569101,2025-06-22 17:23:31.494918,2025-06-22 17:23:37.898535,0 days 00:00:06.403617,,,,,,,,2928.0,0.035,2m,1.4,0.6000000000000001,2.0,1024.0,7416,0.02,6m,1.8,0.8,0.5,136,,,,,,,,6768.0,0.01,4m,3.0,0.8,1.5,936.0,,,,,,,,3544.0,0.03,5m,1.6,1.0,1.0,856.0,4152.0,0.04,7m,1.6,0.4,1.5,472.0,,,,,,,,,,,,,,,0.3,5,COMPLETE
38,38,0.9804232897957896,2025-06-22 17:23:37.930510,2025-06-22 17:23:44.656946,0 days 00:00:06.726436,,,,,,,,3976.0,0.03,8m,2.2,0.2,2.0,728.0,5904,0.015,2m,2.0,0.8,2.0,312,,,,,,,,7952.0,0.02,2m,2.6,0.6000000000000001,0.5,624.0,,,,,,,,6032.0,0.025,5m,2.4000000000000004,0.8,0.5,1024.0,,,,,,,,,,,,,,,,,,,,,,0.2,4,COMPLETE
39,39,0.9777247481881084,2025-06-22 17:23:44.693359,2025-06-22 17:23:48.087698,0 days 00:00:03.394339,,,,,,,,4280.0,0.02,4m,1.6,0.4,1.5,632.0,4224,0.02,8m,1.2,0.6000000000000001,1.5,432,,,,,,,,,,,,,,,,,,,,,,6848.0,0.015,8m,1.6,0.6000000000000001,1.0,912.0,,,,,,,,,,,,,,,,,,,,,,0.4,3,COMPLETE
40,40,0.9959376023919834,2025-06-22 17:23:48.118487,2025-06-22 17:23:53.582674,0 days 00:00:05.464187,,,,,,,,5800.0,0.045000000000000005,5m,1.2,0.6000000000000001,2.0,896.0,6576,0.035,3m,1.4,1.0,2.0,512,,,,,,,,4368.0,0.015,3m,2.2,1.0,1.0,800.0,,,,,,,,7264.0,0.02,6m,2.4000000000000004,1.0,0.5,720.0,,,,,,,,,,,,,,,,,,,,,,0.35000000000000003,4,COMPLETE
41,41,0.9950822307229472,2025-06-22 17:23:53.635417,2025-06-22 17:23:59.662697,0 days 00:00:06.027280,,,,,,,,2048.0,0.03,5m,2.0,0.2,2.0,816.0,5400,0.01,6m,1.8,0.4,2.0,328,,,,,,,,6680.0,0.01,6m,2.4000000000000004,0.8,1.5,920.0,5608.0,0.05,8m,2.6,0.6000000000000001,1.0,320.0,5624.0,0.015,5m,2.2,0.6000000000000001,0.5,872.0,2048.0,0.035,8m,2.6,0.4,1.0,296.0,,,,,,,,,,,,,,,0.35000000000000003,6,COMPLETE
42,42,1.0038164729005548,2025-06-22 17:23:59.684525,2025-06-22 17:24:06.006448,0 days 00:00:06.321923,,,,,,,,1552.0,0.03,5m,1.8,0.2,2.0,816.0,5960,0.015,6m,1.6,0.6000000000000001,2.0,184,,,,,,,,7256.0,0.01,6m,2.8,0.8,1.5,1024.0,,,,,,,,5440.0,0.015,9m,2.2,0.4,0.5,912.0,2688.0,0.04,2m,2.6,0.6000000000000001,0.5,272.0,,,,,,,,,,,,,,,0.3,5,COMPLETE
43,43,0.9747036896543912,2025-06-22 17:24:06.031793,2025-06-22 17:24:14.504502,0 days 00:00:08.472709,,,,,,,,1920.0,0.04,5m,1.6,0.0,2.0,968.0,4488,0.01,6m,1.4,0.4,2.0,360,,,,,,,,5552.0,0.01,6m,2.2,1.0,1.5,888.0,5712.0,0.045000000000000005,2m,2.4000000000000004,0.6000000000000001,1.0,488.0,4584.0,0.02,9m,1.8,0.6000000000000001,0.5,952.0,1704.0,0.02,3m,2.0,0.2,1.5,520.0,,,,,,,,7704.0,0.01,8m,2.4000000000000004,1.0,1.5,504.0,0.35000000000000003,7,COMPLETE
44,44,0.9858786206609922,2025-06-22 17:24:14.532697,2025-06-22 17:24:22.346690,0 days 00:00:07.813993,,,,,,,,3120.0,0.025,5m,2.8,0.2,2.0,760.0,4976,0.015,6m,2.0,0.6000000000000001,2.0,304,,,,,,,,6384.0,0.015,6m,2.6,0.8,1.5,768.0,3632.0,0.03,6m,1.2,0.8,1.5,752.0,4984.0,0.03,2m,2.2,0.8,1.0,800.0,3680.0,0.03,4m,2.8,0.4,1.0,216.0,,,,,,,,,,,,,,,0.4,6,COMPLETE
45,45,0.9715905962310921,2025-06-22 17:24:22.370549,2025-06-22 17:24:24.639930,0 days 00:00:02.269381,,,,,,,,,,,,,,,7520,0.025,5m,1.2,0.4,2.0,200,,,,,,,,,,,,,,,,,,,,,,6304.0,0.01,9m,2.4000000000000004,0.6000000000000001,0.5,896.0,,,,,,,,,,,,,,,,,,,,,,0.3,2,COMPLETE
46,46,1.002448319756727,2025-06-22 17:24:24.670254,2025-06-22 17:24:30.509946,0 days 00:00:05.839692,,,,,,,,2496.0,0.035,4m,2.0,0.4,2.0,864.0,5464,0.01,4m,2.2,0.2,2.0,264,,,,,,,,7496.0,0.01,6m,3.0,0.6000000000000001,1.0,960.0,,,,,,,,4616.0,0.015,5m,2.8,0.4,1.0,632.0,5088.0,0.02,5m,2.2,0.0,1.0,344.0,,,,,,,,,,,,,,,0.25,5,COMPLETE
47,47,1.0161638878550037,2025-06-22 17:24:30.545232,2025-06-22 17:24:38.678048,0 days 00:00:08.132816,,,,,,,,4480.0,0.03,3m,1.4,0.2,2.0,704.0,7192,0.025,8m,1.0,0.6000000000000001,0.5,792,,,,,,,,6728.0,0.02,7m,2.4000000000000004,1.0,2.0,960.0,4616.0,0.035,7m,2.0,0.6000000000000001,2.0,248.0,6024.0,0.025,6m,2.0,0.8,0.5,992.0,1080.0,0.04,9m,2.8,0.8,1.5,208.0,4056.0,0.025,9m,2.0,1.0,0.5,512.0,2648.0,0.035,4m,1.0,0.0,2.0,144.0,0.05,8,COMPLETE
48,48,1.035270897625016,2025-06-22 17:24:38.724553,2025-06-22 17:24:49.148906,0 days 00:00:10.424353,1144.0,0.05,3m,3.0,0.4,0.5,992.0,4512.0,0.02,3m,1.4,0.4,1.5,552.0,7112,0.025,8m,1.0,0.8,0.5,888,1032.0,0.05,6m,2.8,0.0,2.0,176.0,5504.0,0.02,7m,2.8,1.0,2.0,984.0,4664.0,0.035,7m,1.8,0.2,2.0,240.0,5968.0,0.025,6m,2.0,1.0,1.5,1008.0,2552.0,0.045000000000000005,9m,2.8,1.0,1.5,520.0,4072.0,0.025,9m,2.0,1.0,0.5,536.0,2848.0,0.035,4m,1.0,0.0,2.0,160.0,0.05,10,COMPLETE
49,49,1.0308659875942516,2025-06-22 17:24:49.188161,2025-06-22 17:24:58.004368,0 days 00:00:08.816207,,,,,,,,5472.0,0.02,3m,1.4,0.0,1.5,536.0,7136,0.025,8m,1.0,0.8,0.5,912,1272.0,0.05,6m,3.0,0.0,2.0,128.0,5696.0,0.02,7m,2.8,1.0,2.0,976.0,4616.0,0.035,7m,1.8,0.2,2.0,256.0,6416.0,0.03,6m,1.8,1.0,1.5,984.0,1704.0,0.04,9m,2.8,1.0,1.5,792.0,3936.0,0.025,9m,2.0,1.0,0.5,536.0,2656.0,0.035,4m,1.0,0.0,2.0,128.0,0.05,9,COMPLETE
50,50,1.044351139607911,2025-06-22 17:24:58.053631,2025-06-22 17:25:08.495999,0 days 00:00:10.442368,1496.0,0.05,3m,3.0,0.4,0.5,984.0,5520.0,0.01,3m,1.2,0.0,1.0,536.0,7152,0.02,8m,1.0,0.8,0.5,912,1040.0,0.05,6m,3.0,0.0,2.0,176.0,5456.0,0.025,7m,2.8,1.0,2.0,984.0,4432.0,0.03,7m,1.6,0.2,2.0,424.0,7144.0,0.035,6m,1.8,1.0,1.5,936.0,1760.0,0.045000000000000005,9m,3.0,1.0,1.5,792.0,3920.0,0.025,9m,2.0,0.8,1.0,576.0,2792.0,0.03,4m,1.0,0.2,1.5,320.0,0.05,10,COMPLETE
51,51,1.0587927974708093,2025-06-22 17:25:08.531534,2025-06-22 17:25:19.069606,0 days 00:00:10.538072,1272.0,0.05,3m,3.0,0.4,0.5,1008.0,5416.0,0.01,3m,1.2,0.0,1.0,560.0,6680,0.02,8m,1.0,0.8,0.5,928,1056.0,0.05,6m,3.0,0.0,2.0,128.0,5608.0,0.025,7m,2.8,1.0,2.0,984.0,4568.0,0.03,7m,1.6,0.2,2.0,416.0,7808.0,0.035,6m,1.8,1.0,1.5,936.0,1848.0,0.045000000000000005,9m,3.0,1.0,1.5,784.0,4000.0,0.025,9m,2.0,0.8,1.0,552.0,2712.0,0.03,4m,1.0,0.0,1.5,280.0,0.05,10,COMPLETE
52,52,1.019123957723046,2025-06-22 17:25:19.104401,2025-06-22 17:25:29.242557,0 days 00:00:10.138156,1136.0,0.05,3m,3.0,0.4,0.5,1024.0,5448.0,0.01,3m,1.2,0.0,1.0,504.0,6680,0.02,8m,1.0,0.8,0.5,952,1144.0,0.05,6m,3.0,0.0,2.0,144.0,5840.0,0.03,7m,2.8,1.0,2.0,984.0,4368.0,0.03,7m,1.6,0.2,2.0,440.0,7720.0,0.035,6m,1.8,1.0,1.5,928.0,2448.0,0.045000000000000005,9m,2.8,1.0,1.5,776.0,4192.0,0.025,9m,2.0,0.8,1.0,560.0,2608.0,0.03,4m,1.0,0.0,1.5,264.0,0.05,10,COMPLETE
