,number,value,datetime_start,datetime_complete,duration,params_AMD_FAST_beta_win,params_AMD_FAST_stop_loss,params_AMD_FAST_trade_freq,params_AMD_FAST_z_entry,params_AMD_FAST_z_exit,params_AMD_FAST_z_stop_scaler,params_AMD_FAST_z_win,params_AMD_ISRG_beta_win,params_AMD_ISRG_stop_loss,params_AMD_ISRG_trade_freq,params_AMD_ISRG_z_entry,params_AMD_ISRG_z_exit,params_AMD_ISRG_z_stop_scaler,params_AMD_ISRG_z_win,params_ANSS_DOCU_beta_win,params_ANSS_DOCU_stop_loss,params_ANSS_DOCU_trade_freq,params_ANSS_DOCU_z_entry,params_ANSS_DOCU_z_exit,params_ANSS_DOCU_z_stop_scaler,params_ANSS_DOCU_z_win,params_ANSS_OKTA_beta_win,params_ANSS_OKTA_stop_loss,params_ANSS_OKTA_trade_freq,params_ANSS_OKTA_z_entry,params_ANSS_OKTA_z_exit,params_ANSS_OKTA_z_stop_scaler,params_ANSS_OKTA_z_win,params_ASML_AVGO_beta_win,params_ASML_AVGO_stop_loss,params_ASML_AVGO_trade_freq,params_ASML_AVGO_z_entry,params_ASML_AVGO_z_exit,params_ASML_AVGO_z_stop_scaler,params_ASML_AVGO_z_win,params_ASML_INTU_beta_win,params_ASML_INTU_stop_loss,params_ASML_INTU_trade_freq,params_ASML_INTU_z_entry,params_ASML_INTU_z_exit,params_ASML_INTU_z_stop_scaler,params_ASML_INTU_z_win,params_ASML_TXN_beta_win,params_ASML_TXN_stop_loss,params_ASML_TXN_trade_freq,params_ASML_TXN_z_entry,params_ASML_TXN_z_exit,params_ASML_TXN_z_stop_scaler,params_ASML_TXN_z_win,params_ATVI_ILMN_beta_win,params_ATVI_ILMN_stop_loss,params_ATVI_ILMN_trade_freq,params_ATVI_ILMN_z_entry,params_ATVI_ILMN_z_exit,params_ATVI_ILMN_z_stop_scaler,params_ATVI_ILMN_z_win,params_ATVI_PYPL_beta_win,params_ATVI_PYPL_stop_loss,params_ATVI_PYPL_trade_freq,params_ATVI_PYPL_z_entry,params_ATVI_PYPL_z_exit,params_ATVI_PYPL_z_stop_scaler,params_ATVI_PYPL_z_win,params_AVGO_XEL_beta_win,params_AVGO_XEL_stop_loss,params_AVGO_XEL_trade_freq,params_AVGO_XEL_z_entry,params_AVGO_XEL_z_exit,params_AVGO_XEL_z_stop_scaler,params_AVGO_XEL_z_win,params_BIDU_ILMN_beta_win,params_BIDU_ILMN_stop_loss,params_BIDU_ILMN_trade_freq,params_BIDU_ILMN_z_entry,params_BIDU_ILMN_z_exit,params_BIDU_ILMN_z_stop_scaler,params_BIDU_ILMN_z_win,params_CHTR_MDLZ_beta_win,params_CHTR_MDLZ_stop_loss,params_CHTR_MDLZ_trade_freq,params_CHTR_MDLZ_z_entry,params_CHTR_MDLZ_z_exit,params_CHTR_MDLZ_z_stop_scaler,params_CHTR_MDLZ_z_win,params_CTSH_FAST_beta_win,params_CTSH_FAST_stop_loss,params_CTSH_FAST_trade_freq,params_CTSH_FAST_z_entry,params_CTSH_FAST_z_exit,params_CTSH_FAST_z_stop_scaler,params_CTSH_FAST_z_win,params_CTSH_TMUS_beta_win,params_CTSH_TMUS_stop_loss,params_CTSH_TMUS_trade_freq,params_CTSH_TMUS_z_entry,params_CTSH_TMUS_z_exit,params_CTSH_TMUS_z_stop_scaler,params_CTSH_TMUS_z_win,params_EBAY_NFLX_beta_win,params_EBAY_NFLX_stop_loss,params_EBAY_NFLX_trade_freq,params_EBAY_NFLX_z_entry,params_EBAY_NFLX_z_exit,params_EBAY_NFLX_z_stop_scaler,params_EBAY_NFLX_z_win,params_FAST_TMUS_beta_win,params_FAST_TMUS_stop_loss,params_FAST_TMUS_trade_freq,params_FAST_TMUS_z_entry,params_FAST_TMUS_z_exit,params_FAST_TMUS_z_stop_scaler,params_FAST_TMUS_z_win,params_GOOG_GOOGL_beta_win,params_GOOG_GOOGL_stop_loss,params_GOOG_GOOGL_trade_freq,params_GOOG_GOOGL_z_entry,params_GOOG_GOOGL_z_exit,params_GOOG_GOOGL_z_stop_scaler,params_GOOG_GOOGL_z_win,params_ILMN_NFLX_beta_win,params_ILMN_NFLX_stop_loss,params_ILMN_NFLX_trade_freq,params_ILMN_NFLX_z_entry,params_ILMN_NFLX_z_exit,params_ILMN_NFLX_z_stop_scaler,params_ILMN_NFLX_z_win,params_ILMN_PYPL_beta_win,params_ILMN_PYPL_stop_loss,params_ILMN_PYPL_trade_freq,params_ILMN_PYPL_z_entry,params_ILMN_PYPL_z_exit,params_ILMN_PYPL_z_stop_scaler,params_ILMN_PYPL_z_win,params_ILMN_SWKS_beta_win,params_ILMN_SWKS_stop_loss,params_ILMN_SWKS_trade_freq,params_ILMN_SWKS_z_entry,params_ILMN_SWKS_z_exit,params_ILMN_SWKS_z_stop_scaler,params_ILMN_SWKS_z_win,params_KLAC_TXN_beta_win,params_KLAC_TXN_stop_loss,params_KLAC_TXN_trade_freq,params_KLAC_TXN_z_entry,params_KLAC_TXN_z_exit,params_KLAC_TXN_z_stop_scaler,params_KLAC_TXN_z_win,params_LRCX_MCHP_beta_win,params_LRCX_MCHP_stop_loss,params_LRCX_MCHP_trade_freq,params_LRCX_MCHP_z_entry,params_LRCX_MCHP_z_exit,params_LRCX_MCHP_z_stop_scaler,params_LRCX_MCHP_z_win,params_LRCX_TXN_beta_win,params_LRCX_TXN_stop_loss,params_LRCX_TXN_trade_freq,params_LRCX_TXN_z_entry,params_LRCX_TXN_z_exit,params_LRCX_TXN_z_stop_scaler,params_LRCX_TXN_z_win,params_MSFT_PCAR_beta_win,params_MSFT_PCAR_stop_loss,params_MSFT_PCAR_trade_freq,params_MSFT_PCAR_z_entry,params_MSFT_PCAR_z_exit,params_MSFT_PCAR_z_stop_scaler,params_MSFT_PCAR_z_win,params_MTCH_REGN_beta_win,params_MTCH_REGN_stop_loss,params_MTCH_REGN_trade_freq,params_MTCH_REGN_z_entry,params_MTCH_REGN_z_exit,params_MTCH_REGN_z_stop_scaler,params_MTCH_REGN_z_win,params_MU_TXN_beta_win,params_MU_TXN_stop_loss,params_MU_TXN_trade_freq,params_MU_TXN_z_entry,params_MU_TXN_z_exit,params_MU_TXN_z_stop_scaler,params_MU_TXN_z_win,params_MU_XEL_beta_win,params_MU_XEL_stop_loss,params_MU_XEL_trade_freq,params_MU_XEL_z_entry,params_MU_XEL_z_exit,params_MU_XEL_z_stop_scaler,params_MU_XEL_z_win,params_NXPI_TXN_beta_win,params_NXPI_TXN_stop_loss,params_NXPI_TXN_trade_freq,params_NXPI_TXN_z_entry,params_NXPI_TXN_z_exit,params_NXPI_TXN_z_stop_scaler,params_NXPI_TXN_z_win,params_REGN_SBUX_beta_win,params_REGN_SBUX_stop_loss,params_REGN_SBUX_trade_freq,params_REGN_SBUX_z_entry,params_REGN_SBUX_z_exit,params_REGN_SBUX_z_stop_scaler,params_REGN_SBUX_z_win,params_REGN_TEAM_beta_win,params_REGN_TEAM_stop_loss,params_REGN_TEAM_trade_freq,params_REGN_TEAM_z_entry,params_REGN_TEAM_z_exit,params_REGN_TEAM_z_stop_scaler,params_REGN_TEAM_z_win,params_buffer_capital,params_pairs_to_trade,state
91,91,1.0414098365908657,2025-06-22 16:30:53.940627,2025-06-22 16:31:08.029962,0 days 00:00:14.089335,1752.0,0.045000000000000005,2m,1.2,0.4,0.5,464.0,,,,,,,,3584,0.015,2m,2.4000000000000004,0.2,1.5,208,,,,,,,,4160,0.04,4m,1.6,0.4,1.0,616,,,,,,,,,,,,,,,5608,0.05,5m,1.8,0.2,0.5,808,2336,0.035,1m,2.8,0.2,1.5,176,,,,,,,,5608.0,0.045000000000000005,5m,1.2,0.0,1.5,912.0,1760,0.02,2m,1.0,0.8,0.5,960,4816.0,0.035,3m,2.4000000000000004,0.8,0.5,240.0,1856,0.025,4m,2.2,0.6000000000000001,0.5,296,,,,,,,,,,,,,,,7688,0.01,3m,3.0,0.8,0.5,728,,,,,,,,,,,,,,,7304,0.015,4m,1.6,0.6000000000000001,1.0,560,3560,0.025,3m,1.6,0.8,1.0,744,7736,0.03,3m,1.8,0.2,0.5,416,,,,,,,,5192.0,0.015,5m,1.8,0.6000000000000001,0.5,320.0,,,,,,,,,,,,,,,,,,,,,,,,,,,,,5560.0,0.015,1m,1.8,1.0,1.5,576.0,,,,,,,,0.25,15,COMPLETE
92,92,1.0414910284693213,2025-06-22 16:31:08.074764,2025-06-22 16:31:21.956726,0 days 00:00:13.881962,2216.0,0.045000000000000005,2m,1.0,0.4,0.5,336.0,,,,,,,,3616,0.015,2m,2.4000000000000004,0.2,1.5,208,,,,,,,,4488,0.035,4m,1.6,0.6000000000000001,1.0,552,,,,,,,,,,,,,,,5712,0.05,5m,1.8,0.2,0.5,800,2384,0.035,1m,2.8,0.2,1.5,208,,,,,,,,5632.0,0.045000000000000005,5m,1.2,0.0,1.5,968.0,1472,0.02,2m,1.4,0.8,0.5,904,4872.0,0.035,3m,2.6,0.8,0.5,304.0,1248,0.025,4m,2.2,0.6000000000000001,0.5,392,,,,,,,,,,,,,,,2088,0.01,3m,3.0,0.8,0.5,824,,,,,,,,,,,,,,,7864,0.015,4m,1.8,0.6000000000000001,1.0,488,3576,0.025,3m,1.4,0.8,1.0,768,7992,0.03,3m,1.8,0.2,0.5,392,,,,,,,,5280.0,0.015,5m,2.0,0.6000000000000001,0.5,360.0,,,,,,,,,,,,,,,,,,,,,,,,,,,,,5224.0,0.02,1m,1.8,1.0,1.5,568.0,,,,,,,,0.25,15,COMPLETE
93,93,0.9932867139658044,2025-06-22 16:31:22.010393,2025-06-22 16:31:36.846910,0 days 00:00:14.836517,2264.0,0.045000000000000005,2m,1.0,0.4,0.5,488.0,,,,,,,,3688,0.015,2m,2.4000000000000004,0.2,1.5,312,,,,,,,,4392,0.035,4m,1.6,0.6000000000000001,1.0,584,,,,,,,,,,,,,,,6664,0.05,5m,1.8,0.2,0.5,840,5936,0.035,1m,2.6,0.2,1.5,208,,,,,,,,5624.0,0.04,5m,1.2,0.0,1.5,968.0,1496,0.02,2m,1.4,0.8,0.5,896,4744.0,0.03,3m,2.4000000000000004,0.8,0.5,240.0,1832,0.025,4m,2.2,0.6000000000000001,0.5,288,,,,,,,,,,,,,,,1864,0.01,3m,3.0,0.8,0.5,824,,,,,,,,,,,,,,,7960,0.015,4m,1.8,0.6000000000000001,1.0,488,3656,0.03,3m,1.4,0.8,1.0,768,8024,0.03,3m,1.8,0.2,0.5,392,4312.0,0.05,4m,1.8,0.8,0.5,248.0,4784.0,0.015,5m,2.0,0.6000000000000001,0.5,368.0,,,,,,,,,,,,,,,,,,,,,,,,,,,,,5448.0,0.02,1m,2.0,1.0,1.5,528.0,,,,,,,,0.25,16,COMPLETE
94,94,1.002633465912601,2025-06-22 16:31:36.876251,2025-06-22 16:31:51.037585,0 days 00:00:14.161334,1144.0,0.03,2m,1.0,0.6000000000000001,0.5,336.0,,,,,,,,3616,0.01,2m,2.4000000000000004,0.2,1.5,784,,,,,,,,4768,0.035,4m,1.8,0.4,1.0,616,,,,,,,,,,,,,,,5648,0.05,5m,1.8,0.2,0.5,896,2288,0.035,1m,2.8,0.2,1.5,176,,,,,,,,6336.0,0.05,5m,1.2,0.0,1.5,920.0,1776,0.05,2m,1.6,0.8,0.5,944,4320.0,0.035,3m,2.2,0.8,0.5,568.0,2000,0.025,4m,2.2,0.6000000000000001,0.5,400,,,,,,,,,,,,,,,2456,0.015,3m,2.8,0.8,0.5,672,,,,,,,,,,,,,,,7816,0.015,4m,1.4,0.6000000000000001,1.0,560,3504,0.025,3m,1.4,0.8,1.0,664,7952,0.03,3m,1.8,0.2,0.5,424,,,,,,,,5312.0,0.015,5m,1.8,0.6000000000000001,0.5,320.0,,,,,,,,,,,,,,,,,,,,,,,,,,,,,5200.0,0.025,1m,1.8,1.0,1.5,688.0,,,,,,,,0.25,15,COMPLETE
95,95,0.9638612555436978,2025-06-22 16:31:51.090427,2025-06-22 16:32:07.125767,0 days 00:00:16.035340,1560.0,0.045000000000000005,2m,1.0,1.0,0.5,424.0,,,,,,,,3936,0.015,2m,2.2,0.0,1.5,144,,,,,,,,6656,0.03,4m,1.6,0.6000000000000001,1.0,536,,,,,,,,,,,,,,,6056,0.05,1m,1.6,0.2,2.0,808,2936,0.03,4m,2.8,0.2,1.5,240,,,,,,,,5144.0,0.045000000000000005,3m,1.2,0.0,1.5,1024.0,1400,0.01,2m,1.4,0.8,0.5,1008,2776.0,0.035,3m,2.6,0.8,0.5,256.0,1216,0.03,4m,2.4000000000000004,0.6000000000000001,0.5,320,,,,,,,,,,,,,,,1712,0.01,3m,3.0,1.0,0.5,616,7160.0,0.015,2m,2.0,0.0,1.5,912.0,,,,,,,,7144,0.015,4m,1.6,0.6000000000000001,1.0,776,4152,0.02,3m,1.6,0.8,1.0,792,7720,0.035,3m,1.6,0.2,0.5,456,3728.0,0.045000000000000005,3m,1.0,0.4,1.5,568.0,5216.0,0.01,5m,2.0,0.6000000000000001,0.5,272.0,,,,,,,,,,,,,,,,,,,,,,,,,,,,,5576.0,0.02,1m,2.0,1.0,1.5,128.0,,,,,,,,0.25,17,COMPLETE
96,96,1.0138995043815484,2025-06-22 16:32:07.171781,2025-06-22 16:32:21.859357,0 days 00:00:14.687576,1760.0,0.05,2m,1.4,0.4,0.5,616.0,,,,,,,,1216,0.02,2m,2.6,0.0,1.5,216,,,,,,,,3736,0.04,2m,1.4,0.8,1.0,480,,,,,,,,,,,,,,,6424,0.05,5m,2.0,0.2,0.5,720,1688,0.035,1m,2.6,0.2,1.5,288,,,,,,,,5664.0,0.045000000000000005,5m,1.0,0.0,1.5,880.0,5256,0.015,2m,1.2,1.0,0.5,800,6568.0,0.04,3m,2.4000000000000004,0.8,0.5,144.0,2264,0.025,3m,2.0,0.6000000000000001,0.5,256,,,,,,,,,,,,,,,2224,0.01,3m,2.8,0.8,0.5,752,,,,,,,,,,,,,,,7640,0.01,4m,2.8,0.6000000000000001,1.0,672,3008,0.02,3m,1.4,0.8,1.0,952,7552,0.03,4m,1.8,0.2,0.5,488,,,,,,,,4960.0,0.015,5m,2.2,0.6000000000000001,0.5,304.0,,,,,,,,,,,,,,,,,,,,,,,,,,,,,4824.0,0.015,1m,2.2,1.0,1.5,560.0,,,,,,,,0.2,15,COMPLETE
97,97,1.002634951987813,2025-06-22 16:32:21.910487,2025-06-22 16:32:38.655907,0 days 00:00:16.745420,1960.0,0.04,2m,1.2,0.4,0.5,448.0,,,,,,,,3496,0.01,5m,2.4000000000000004,0.2,0.5,240,,,,,,,,5288,0.045000000000000005,1m,1.6,0.6000000000000001,1.0,640,,,,,,,,,,,,,,,5272,0.05,5m,1.8,0.2,0.5,760,2064,0.02,1m,2.8,0.0,1.5,416,,,,,,,,7464.0,0.04,5m,1.4,0.0,1.5,976.0,1976,0.025,3m,1.6,0.8,0.5,968,3904.0,0.03,4m,2.6,0.8,0.5,848.0,1248,0.03,4m,2.2,0.6000000000000001,0.5,360,,,,,,,,,,,,,,,2064,0.015,1m,2.6,0.6000000000000001,1.5,712,4320.0,0.03,5m,1.8,0.2,0.5,968.0,4736.0,0.045000000000000005,4m,2.8,0.2,2.0,352.0,7536,0.02,4m,1.6,0.6000000000000001,1.0,424,4000,0.025,5m,1.6,0.8,1.0,496,7880,0.04,3m,1.6,0.4,0.5,600,4008.0,0.035,5m,1.6,0.8,1.0,728.0,5704.0,0.015,5m,1.6,0.8,0.5,472.0,,,,,,,,,,,,,,,,,,,,,,,,,,,,,6608.0,0.02,1m,1.8,1.0,1.5,576.0,,,,,,,,0.25,18,COMPLETE
98,98,0.9987443459224186,2025-06-22 16:32:38.717542,2025-06-22 16:32:56.481431,0 days 00:00:17.763889,2088.0,0.045000000000000005,2m,1.2,0.6000000000000001,0.5,392.0,,,,,,,,2664,0.015,2m,2.4000000000000004,0.0,1.5,336,,,,,,,,4472,0.035,4m,1.0,0.4,1.0,680,,,,,,,,,,,,,,,5032,0.05,5m,1.6,0.2,0.5,880,2384,0.035,1m,2.4000000000000004,0.2,1.5,152,,,,,,,,7728.0,0.035,2m,1.4,0.0,1.5,816.0,1128,0.02,5m,1.4,0.8,0.5,632,4440.0,0.04,3m,2.6,0.8,2.0,320.0,2856,0.025,1m,2.4000000000000004,0.8,0.5,384,,,,,,,,,,,,,,,7448,0.02,4m,2.4000000000000004,0.2,0.5,952,,,,,,,,,,,,,,,7288,0.02,4m,1.8,0.6000000000000001,1.0,632,3248,0.03,1m,1.6,1.0,1.0,704,8088,0.035,3m,2.0,0.0,0.5,560,3272.0,0.03,1m,2.0,0.6000000000000001,1.5,488.0,6216.0,0.01,5m,1.8,0.6000000000000001,0.5,376.0,,,,,,,,,,,,,,,,,,,,,,,,,,,,,5808.0,0.015,1m,1.6,0.8,1.5,632.0,,,,,,,,0.25,16,COMPLETE
99,99,1.008007507712935,2025-06-22 16:32:56.536720,2025-06-22 16:33:10.826241,0 days 00:00:14.289521,1824.0,0.01,1m,1.4,0.4,1.5,304.0,,,,,,,,2920,0.015,3m,2.6,0.2,1.0,288,,,,,,,,6400,0.05,4m,1.8,0.2,1.0,560,,,,,,,,,,,,,,,1448,0.05,1m,1.8,0.0,0.5,832,2680,0.03,2m,2.8,0.2,1.5,224,,,,,,,,4784.0,0.05,5m,1.2,0.0,1.5,176.0,1528,0.015,2m,2.8,1.0,0.5,912,4832.0,0.035,2m,2.4000000000000004,1.0,0.5,432.0,1528,0.025,4m,2.2,0.6000000000000001,1.5,280,,,,,,,,,,,,,,,1368,0.01,3m,2.8,0.8,1.5,856,,,,,,,,,,,,,,,4584,0.015,3m,1.6,0.6000000000000001,1.0,544,7584,0.025,3m,1.4,0.2,1.0,832,7112,0.03,5m,1.4,0.2,0.5,232,,,,,,,,4240.0,0.02,5m,2.0,0.4,0.5,344.0,,,,,,,,,,,,,,,,,,,,,,,,,,,,,7632.0,0.02,2m,2.0,1.0,1.5,464.0,,,,,,,,0.2,15,COMPLETE
