,number,value,datetime_start,datetime_complete,duration,params_ADP_CTAS_beta_win,params_ADP_CTAS_stop_loss,params_ADP_CTAS_trade_freq,params_ADP_CTAS_z_entry,params_ADP_CTAS_z_exit,params_ADP_CTAS_z_stop_scaler,params_ADP_CTAS_z_win,params_ALXN_CHTR_beta_win,params_ALXN_CHTR_stop_loss,params_ALXN_CHTR_trade_freq,params_ALXN_CHTR_z_entry,params_ALXN_CHTR_z_exit,params_ALXN_CHTR_z_stop_scaler,params_ALXN_CHTR_z_win,params_AMD_CMCSA_beta_win,params_AMD_CMCSA_stop_loss,params_AMD_CMCSA_trade_freq,params_AMD_CMCSA_z_entry,params_AMD_CMCSA_z_exit,params_AMD_CMCSA_z_stop_scaler,params_AMD_CMCSA_z_win,params_AMD_PTON_beta_win,params_AMD_PTON_stop_loss,params_AMD_PTON_trade_freq,params_AMD_PTON_z_entry,params_AMD_PTON_z_exit,params_AMD_PTON_z_stop_scaler,params_AMD_PTON_z_win,params_AMGN_TEAM_beta_win,params_AMGN_TEAM_stop_loss,params_AMGN_TEAM_trade_freq,params_AMGN_TEAM_z_entry,params_AMGN_TEAM_z_exit,params_AMGN_TEAM_z_stop_scaler,params_AMGN_TEAM_z_win,params_CMCSA_PTON_beta_win,params_CMCSA_PTON_stop_loss,params_CMCSA_PTON_trade_freq,params_CMCSA_PTON_z_entry,params_CMCSA_PTON_z_exit,params_CMCSA_PTON_z_stop_scaler,params_CMCSA_PTON_z_win,params_CMCSA_QCOM_beta_win,params_CMCSA_QCOM_stop_loss,params_CMCSA_QCOM_trade_freq,params_CMCSA_QCOM_z_entry,params_CMCSA_QCOM_z_exit,params_CMCSA_QCOM_z_stop_scaler,params_CMCSA_QCOM_z_win,params_CMCSA_SPLK_beta_win,params_CMCSA_SPLK_stop_loss,params_CMCSA_SPLK_trade_freq,params_CMCSA_SPLK_z_entry,params_CMCSA_SPLK_z_exit,params_CMCSA_SPLK_z_stop_scaler,params_CMCSA_SPLK_z_win,params_CMCSA_VRTX_beta_win,params_CMCSA_VRTX_stop_loss,params_CMCSA_VRTX_trade_freq,params_CMCSA_VRTX_z_entry,params_CMCSA_VRTX_z_exit,params_CMCSA_VRTX_z_stop_scaler,params_CMCSA_VRTX_z_win,params_CMCSA_XLNX_beta_win,params_CMCSA_XLNX_stop_loss,params_CMCSA_XLNX_trade_freq,params_CMCSA_XLNX_z_entry,params_CMCSA_XLNX_z_exit,params_CMCSA_XLNX_z_stop_scaler,params_CMCSA_XLNX_z_win,params_CSCO_CTAS_beta_win,params_CSCO_CTAS_stop_loss,params_CSCO_CTAS_trade_freq,params_CSCO_CTAS_z_entry,params_CSCO_CTAS_z_exit,params_CSCO_CTAS_z_stop_scaler,params_CSCO_CTAS_z_win,params_FB_CTAS_beta_win,params_FB_CTAS_stop_loss,params_FB_CTAS_trade_freq,params_FB_CTAS_z_entry,params_FB_CTAS_z_exit,params_FB_CTAS_z_stop_scaler,params_FB_CTAS_z_win,params_FOXA_XLNX_beta_win,params_FOXA_XLNX_stop_loss,params_FOXA_XLNX_trade_freq,params_FOXA_XLNX_z_entry,params_FOXA_XLNX_z_exit,params_FOXA_XLNX_z_stop_scaler,params_FOXA_XLNX_z_win,params_FOX_XLNX_beta_win,params_FOX_XLNX_stop_loss,params_FOX_XLNX_trade_freq,params_FOX_XLNX_z_entry,params_FOX_XLNX_z_exit,params_FOX_XLNX_z_stop_scaler,params_FOX_XLNX_z_win,params_INTC_MU_beta_win,params_INTC_MU_stop_loss,params_INTC_MU_trade_freq,params_INTC_MU_z_entry,params_INTC_MU_z_exit,params_INTC_MU_z_stop_scaler,params_INTC_MU_z_win,params_JD_CTAS_beta_win,params_JD_CTAS_stop_loss,params_JD_CTAS_trade_freq,params_JD_CTAS_z_entry,params_JD_CTAS_z_exit,params_JD_CTAS_z_stop_scaler,params_JD_CTAS_z_win,params_KLAC_MCHP_beta_win,params_KLAC_MCHP_stop_loss,params_KLAC_MCHP_trade_freq,params_KLAC_MCHP_z_entry,params_KLAC_MCHP_z_exit,params_KLAC_MCHP_z_stop_scaler,params_KLAC_MCHP_z_win,params_MTCH_TEAM_beta_win,params_MTCH_TEAM_stop_loss,params_MTCH_TEAM_trade_freq,params_MTCH_TEAM_z_entry,params_MTCH_TEAM_z_exit,params_MTCH_TEAM_z_stop_scaler,params_MTCH_TEAM_z_win,params_NFLX_CHTR_beta_win,params_NFLX_CHTR_stop_loss,params_NFLX_CHTR_trade_freq,params_NFLX_CHTR_z_entry,params_NFLX_CHTR_z_exit,params_NFLX_CHTR_z_stop_scaler,params_NFLX_CHTR_z_win,params_NFLX_CTAS_beta_win,params_NFLX_CTAS_stop_loss,params_NFLX_CTAS_trade_freq,params_NFLX_CTAS_z_entry,params_NFLX_CTAS_z_exit,params_NFLX_CTAS_z_stop_scaler,params_NFLX_CTAS_z_win,params_PTON_CTAS_beta_win,params_PTON_CTAS_stop_loss,params_PTON_CTAS_trade_freq,params_PTON_CTAS_z_entry,params_PTON_CTAS_z_exit,params_PTON_CTAS_z_stop_scaler,params_PTON_CTAS_z_win,params_PTON_SGEN_beta_win,params_PTON_SGEN_stop_loss,params_PTON_SGEN_trade_freq,params_PTON_SGEN_z_entry,params_PTON_SGEN_z_exit,params_PTON_SGEN_z_stop_scaler,params_PTON_SGEN_z_win,params_PTON_XLNX_beta_win,params_PTON_XLNX_stop_loss,params_PTON_XLNX_trade_freq,params_PTON_XLNX_z_entry,params_PTON_XLNX_z_exit,params_PTON_XLNX_z_stop_scaler,params_PTON_XLNX_z_win,params_QCOM_CTAS_beta_win,params_QCOM_CTAS_stop_loss,params_QCOM_CTAS_trade_freq,params_QCOM_CTAS_z_entry,params_QCOM_CTAS_z_exit,params_QCOM_CTAS_z_stop_scaler,params_QCOM_CTAS_z_win,params_ROST_CTAS_beta_win,params_ROST_CTAS_stop_loss,params_ROST_CTAS_trade_freq,params_ROST_CTAS_z_entry,params_ROST_CTAS_z_exit,params_ROST_CTAS_z_stop_scaler,params_ROST_CTAS_z_win,params_SBUX_CTAS_beta_win,params_SBUX_CTAS_stop_loss,params_SBUX_CTAS_trade_freq,params_SBUX_CTAS_z_entry,params_SBUX_CTAS_z_exit,params_SBUX_CTAS_z_stop_scaler,params_SBUX_CTAS_z_win,params_SPLK_CTAS_beta_win,params_SPLK_CTAS_stop_loss,params_SPLK_CTAS_trade_freq,params_SPLK_CTAS_z_entry,params_SPLK_CTAS_z_exit,params_SPLK_CTAS_z_stop_scaler,params_SPLK_CTAS_z_win,params_TSLA_CTAS_beta_win,params_TSLA_CTAS_stop_loss,params_TSLA_CTAS_trade_freq,params_TSLA_CTAS_z_entry,params_TSLA_CTAS_z_exit,params_TSLA_CTAS_z_stop_scaler,params_TSLA_CTAS_z_win,params_ZM_CTAS_beta_win,params_ZM_CTAS_stop_loss,params_ZM_CTAS_trade_freq,params_ZM_CTAS_z_entry,params_ZM_CTAS_z_exit,params_ZM_CTAS_z_stop_scaler,params_ZM_CTAS_z_win,params_ZM_TEAM_beta_win,params_ZM_TEAM_stop_loss,params_ZM_TEAM_trade_freq,params_ZM_TEAM_z_entry,params_ZM_TEAM_z_exit,params_ZM_TEAM_z_stop_scaler,params_ZM_TEAM_z_win,params_buffer_capital,params_pairs_to_trade,state
94,94,1.0468167381798703,2025-06-22 16:40:10.784111,2025-06-22 16:40:25.564430,0 days 00:00:14.780319,4168.0,0.045000000000000005,5m,2.0,0.6000000000000001,1.5,312.0,6096.0,0.01,1m,2.2,0.0,1.5,216.0,4216.0,0.01,3m,1.4,1.0,1.0,192.0,4872.0,0.035,5m,1.6,0.8,2.0,576.0,,,,,,,,3344,0.03,4m,2.2,0.8,0.5,760,6320,0.05,5m,1.2,0.0,0.5,480,,,,,,,,,,,,,,,4456,0.015,2m,3.0,0.6000000000000001,2.0,768,,,,,,,,,,,,,,,3256,0.05,3m,2.8,1.0,2.0,720,5288,0.035,4m,2.8,0.0,2.0,192,3416,0.05,3m,2.4000000000000004,0.2,0.5,608,4392,0.03,1m,1.2,0.4,1.0,216,,,,,,,,,,,,,,,,,,,,,,,,,,,,,,,,,,,,,,,,,,,3472,0.045000000000000005,1m,2.6,0.4,1.0,736,4880,0.04,1m,1.8,1.0,1.0,912,3176,0.05,5m,1.4,0.4,1.0,880,,,,,,,,,,,,,,,,,,,,,,,,,,,,,,,,,,,,0.1,14,COMPLETE
95,95,1.0028835420645499,2025-06-22 16:40:25.613500,2025-06-22 16:40:39.251286,0 days 00:00:13.637786,,,,,,,,6224.0,0.01,1m,2.4000000000000004,0.0,1.5,328.0,3392.0,0.02,3m,1.4,0.8,1.0,208.0,7784.0,0.03,5m,2.0,0.8,2.0,768.0,,,,,,,,4024,0.015,4m,1.6,0.6000000000000001,0.5,568,7648,0.02,5m,1.2,0.2,0.5,320,,,,,,,,,,,,,,,1592,0.02,2m,2.8,0.6000000000000001,2.0,856,,,,,,,,,,,,,,,3376,0.05,3m,1.6,1.0,2.0,904,4760,0.035,4m,3.0,0.0,2.0,264,2576,0.05,3m,2.2,0.0,0.5,456,4928,0.025,1m,1.0,0.6000000000000001,1.5,160,,,,,,,,,,,,,,,,,,,,,,,,,,,,,,,,,,,,,,,,,,,4280,0.045000000000000005,1m,2.8,0.4,1.0,840,3304,0.045000000000000005,1m,2.0,1.0,1.0,728,3640,0.05,5m,1.6,0.8,1.0,992,,,,,,,,,,,,,,,,,,,,,,,,,,,,,,,,,,,,0.15000000000000002,13,COMPLETE
96,96,0.9939759391915043,2025-06-22 16:40:39.307644,2025-06-22 16:40:54.767803,0 days 00:00:15.460159,3560.0,0.05,5m,2.2,1.0,1.5,288.0,6504.0,0.01,1m,2.0,0.0,1.5,184.0,4008.0,0.015,3m,1.0,1.0,1.0,944.0,4240.0,0.03,5m,1.8,1.0,2.0,704.0,,,,,,,,4928,0.025,4m,1.8,0.8,0.5,536,6728,0.045000000000000005,5m,1.2,0.0,0.5,424,,,,,,,,,,,,,,,4904,0.025,2m,2.8,0.8,0.5,984,,,,,,,,,,,,,,,2992,0.05,3m,1.6,1.0,2.0,776,4032,0.035,4m,2.6,0.0,2.0,224,2896,0.05,3m,2.4000000000000004,0.0,0.5,536,4096,0.025,1m,1.4,0.4,1.5,168,,,,,,,,,,,,,,,,,,,,,,,,,,,,,,,,,,,,,,,,,,,4632,0.04,1m,2.6,0.4,1.0,704,4328,0.045000000000000005,1m,1.8,1.0,1.0,968,2536,0.045000000000000005,5m,1.4,0.8,1.0,952,,,,,,,,,,,,,,,3608.0,0.025,3m,2.6,0.6000000000000001,1.5,600.0,,,,,,,,,,,,,,,0.25,15,COMPLETE
97,97,0.9562352376186005,2025-06-22 16:40:54.812833,2025-06-22 16:41:09.995422,0 days 00:00:15.182589,3168.0,0.045000000000000005,5m,1.4,0.8,1.5,440.0,5784.0,0.015,1m,2.4000000000000004,0.2,1.0,600.0,1128.0,0.01,3m,1.2,1.0,1.0,184.0,4688.0,0.025,5m,1.6,0.8,2.0,664.0,,,,,,,,3640,0.025,4m,1.6,0.8,0.5,824,7296,0.05,5m,1.4,0.0,0.5,544,,,,,,,,,,,,,,,2016,0.03,2m,3.0,0.6000000000000001,1.5,784,,,,,,,,,,,,,,,2064,0.05,5m,1.4,1.0,2.0,864,3792,0.035,4m,3.0,0.2,2.0,160,4728,0.05,3m,2.0,0.0,0.5,520,5528,0.03,1m,1.2,0.4,1.0,224,,,,,,,,,,,,,,,,,,,,,,,,,,,,,,,,,,,,,,,,,,,4064,0.045000000000000005,1m,2.6,0.6000000000000001,1.0,904,3968,0.04,1m,2.2,1.0,1.0,928,2904,0.05,5m,2.0,0.6000000000000001,1.0,824,,,,,,,,,,,,,,,4048.0,0.02,4m,1.4,0.8,1.0,656.0,,,,,,,,,,,,,,,0.15000000000000002,15,COMPLETE
98,98,0.9515665840255326,2025-06-22 16:41:10.040363,2025-06-22 16:41:22.299384,0 days 00:00:12.259021,,,,,,,,5440.0,0.015,2m,2.6,0.0,0.5,360.0,,,,,,,,,,,,,,,,,,,,,,2928,0.01,5m,2.0,0.8,0.5,856,6904,0.05,5m,1.0,0.0,0.5,520,,,,,,,,,,,,,,,1440,0.025,2m,3.0,0.6000000000000001,2.0,872,,,,,,,,,,,,,,,3800,0.05,2m,1.4,0.8,2.0,920,5568,0.03,4m,2.6,0.0,2.0,128,1864,0.05,3m,2.2,0.2,1.0,696,4976,0.025,1m,1.2,0.2,1.5,360,,,,,,,,,,,,,,,,,,,,,,,,,,,,,,,,,,,,,,,,,,,4848,0.015,1m,2.8,0.4,0.5,944,3928,0.04,1m,1.2,0.4,1.0,768,4360,0.045000000000000005,5m,2.2,0.4,1.0,928,,,,,,,,,,,,,,,,,,,,,,,,,,,,,,,,,,,,0.1,11,COMPLETE
99,99,0.9496983467252564,2025-06-22 16:41:22.337268,2025-06-22 16:41:38.126053,0 days 00:00:15.788785,2896.0,0.045000000000000005,5m,2.0,1.0,1.5,560.0,5920.0,0.01,3m,2.6,0.6000000000000001,1.5,400.0,4360.0,0.015,3m,1.6,0.8,1.0,640.0,5512.0,0.04,5m,1.6,0.0,2.0,736.0,,,,,,,,5400,0.03,1m,1.6,0.6000000000000001,0.5,744,6224,0.05,4m,1.2,0.0,0.5,384,,,,,,,,,,,,,,,2280,0.025,1m,2.8,0.8,2.0,904,,,,,,,,,,,,,,,2552,0.045000000000000005,3m,1.8,1.0,1.5,960,5328,0.025,4m,2.8,0.0,2.0,248,5104,0.045000000000000005,3m,2.6,0.6000000000000001,1.0,360,5312,0.02,1m,1.4,0.4,1.0,216,,,,,,,,,,,,,,,,,,,,,,,,,,,,,,,,,,,,,,,,,,,5096,0.04,5m,1.0,0.4,1.0,880,4728,0.045000000000000005,1m,2.0,1.0,1.0,872,3240,0.05,3m,1.2,0.6000000000000001,1.0,976,1544.0,0.01,4m,1.6,0.0,2.0,912.0,,,,,,,,3176.0,0.025,4m,1.6,0.2,1.5,744.0,,,,,,,,,,,,,,,0.2,16,COMPLETE
