,number,value,datetime_start,datetime_complete,duration,params_CHTR_DLTR_beta_win,params_CHTR_DLTR_stop_loss,params_CHTR_DLTR_trade_freq,params_CHTR_DLTR_z_entry,params_CHTR_DLTR_z_exit,params_CHTR_DLTR_z_stop_scaler,params_CHTR_DLTR_z_win,params_CMCSA_DLTR_beta_win,params_CMCSA_DLTR_stop_loss,params_CMCSA_DLTR_trade_freq,params_CMCSA_DLTR_z_entry,params_CMCSA_DLTR_z_exit,params_CMCSA_DLTR_z_stop_scaler,params_CMCSA_DLTR_z_win,params_CRWD_ROST_beta_win,params_CRWD_ROST_stop_loss,params_CRWD_ROST_trade_freq,params_CRWD_ROST_z_entry,params_CRWD_ROST_z_exit,params_CRWD_ROST_z_stop_scaler,params_CRWD_ROST_z_win,params_CTAS_TMUS_beta_win,params_CTAS_TMUS_stop_loss,params_CTAS_TMUS_trade_freq,params_CTAS_TMUS_z_entry,params_CTAS_TMUS_z_exit,params_CTAS_TMUS_z_stop_scaler,params_CTAS_TMUS_z_win,params_CTSH_DLTR_beta_win,params_CTSH_DLTR_stop_loss,params_CTSH_DLTR_trade_freq,params_CTSH_DLTR_z_entry,params_CTSH_DLTR_z_exit,params_CTSH_DLTR_z_stop_scaler,params_CTSH_DLTR_z_win,params_DDOG_DXCM_beta_win,params_DDOG_DXCM_stop_loss,params_DDOG_DXCM_trade_freq,params_DDOG_DXCM_z_entry,params_DDOG_DXCM_z_exit,params_DDOG_DXCM_z_stop_scaler,params_DDOG_DXCM_z_win,params_DLTR_INTC_beta_win,params_DLTR_INTC_stop_loss,params_DLTR_INTC_trade_freq,params_DLTR_INTC_z_entry,params_DLTR_INTC_z_exit,params_DLTR_INTC_z_stop_scaler,params_DLTR_INTC_z_win,params_DLTR_MU_beta_win,params_DLTR_MU_stop_loss,params_DLTR_MU_trade_freq,params_DLTR_MU_z_entry,params_DLTR_MU_z_exit,params_DLTR_MU_z_stop_scaler,params_DLTR_MU_z_win,params_DXCM_ORLY_beta_win,params_DXCM_ORLY_stop_loss,params_DXCM_ORLY_trade_freq,params_DXCM_ORLY_z_entry,params_DXCM_ORLY_z_exit,params_DXCM_ORLY_z_stop_scaler,params_DXCM_ORLY_z_win,params_MNST_ZS_beta_win,params_MNST_ZS_stop_loss,params_MNST_ZS_trade_freq,params_MNST_ZS_z_entry,params_MNST_ZS_z_exit,params_MNST_ZS_z_stop_scaler,params_MNST_ZS_z_win,params_buffer_capital,params_pairs_to_trade,state
51,51,1.0316837080683627,2025-06-22 17:14:08.916579,2025-06-22 17:14:13.421054,0 days 00:00:04.504475,7584,0.035,4m,1.8,0.2,0.5,456,,,,,,,,,,,,,,,,,,,,,,,,,,,,,,,,,,,,2376.0,0.01,4m,1.6,0.8,1.0,352.0,,,,,,,,2944.0,0.04,5m,1.6,0.6000000000000001,1.0,640.0,2928.0,0.02,8m,2.4000000000000004,0.8,2.0,536.0,0.25,4,COMPLETE
52,52,0.9969499393773572,2025-06-22 17:14:13.436782,2025-06-22 17:14:16.510692,0 days 00:00:03.073910,7792,0.04,4m,1.8,0.0,0.5,456,,,,,,,,,,,,,,,,,,,,,,,,,,,,,,,,,,,,,,,,,,,,,,,,,,3032.0,0.05,9m,2.0,0.6000000000000001,1.0,528.0,2512.0,0.015,8m,2.4000000000000004,0.0,2.0,456.0,0.2,3,COMPLETE
53,53,1.0122940185876,2025-06-22 17:14:16.541001,2025-06-22 17:14:18.432436,0 days 00:00:01.891435,6600,0.035,7m,1.6,0.2,1.0,416,,,,,,,,,,,,,,,,,,,,,,,,,,,,,,,,,,,,,,,,,,,,,,,,,,,,,,,,,2992.0,0.02,8m,2.2,0.2,2.0,568.0,0.25,2,COMPLETE
54,54,1.0045196896813078,2025-06-22 17:14:18.448308,2025-06-22 17:14:24.349366,0 days 00:00:05.901058,7032,0.04,9m,1.6,0.0,1.0,384,,,,,,,,,,,,,,,,,,,,,,,,,,,,,,,,,,,,1032.0,0.015,4m,1.8,0.8,1.0,352.0,2400.0,0.045000000000000005,3m,2.6,0.4,1.5,448.0,4608.0,0.04,7m,1.4,0.8,0.5,616.0,3032.0,0.02,3m,2.2,1.0,2.0,560.0,0.3,5,COMPLETE
55,55,0.9741683485192543,2025-06-22 17:14:24.402846,2025-06-22 17:14:29.296889,0 days 00:00:04.894043,7912,0.035,6m,1.4,0.2,1.0,416,,,,,,,,,,,,,,,,,,,,,,,,,,,,,,,,,,,,1592.0,0.01,5m,1.4,1.0,0.5,224.0,,,,,,,,1696.0,0.045000000000000005,2m,1.8,0.4,0.5,720.0,1888.0,0.015,8m,2.4000000000000004,0.8,1.0,312.0,0.3,4,COMPLETE
56,56,0.9057709145925846,2025-06-22 17:14:29.357899,2025-06-22 17:14:37.201636,0 days 00:00:07.843737,6520,0.035,2m,1.6,0.2,0.5,344,,,,,,,,2672.0,0.045000000000000005,4m,2.0,0.2,0.5,240.0,,,,,,,,4184.0,0.01,8m,2.8,0.8,1.0,568.0,,,,,,,,2400.0,0.015,7m,1.0,0.8,1.0,248.0,3728.0,0.035,6m,1.4,1.0,0.5,840.0,6400.0,0.05,5m,2.2,0.6000000000000001,1.0,904.0,2368.0,0.02,8m,2.8,0.6000000000000001,1.5,488.0,0.25,7,COMPLETE
57,57,0.9888811875624425,2025-06-22 17:14:37.229160,2025-06-22 17:14:41.960196,0 days 00:00:04.731036,6552,0.04,7m,1.6,0.0,0.5,456,,,,,,,,,,,,,,,,,,,,,,,,,,,,,,,,,,,,2248.0,0.02,5m,1.8,1.0,1.5,360.0,,,,,,,,5384.0,0.01,3m,1.2,0.8,0.5,496.0,2992.0,0.01,4m,2.2,0.8,2.0,416.0,0.2,4,COMPLETE
58,58,0.9848313646212402,2025-06-22 17:14:41.988203,2025-06-22 17:14:44.356411,0 days 00:00:02.368208,7160,0.03,4m,1.4,0.2,1.0,848,,,,,,,,,,,,,,,,,,,,,,,,,,,,,,,,,,,,,,,,,,,,,,,,,,,,,,,,,4928.0,0.02,7m,2.4000000000000004,0.6000000000000001,2.0,704.0,0.3,2,COMPLETE
59,59,0.9543081792519387,2025-06-22 17:14:44.384146,2025-06-22 17:14:58.590233,0 days 00:00:14.206087,5768,0.05,3m,2.0,0.0,1.0,576,1408.0,0.015,4m,1.0,0.6000000000000001,0.5,408.0,4248.0,0.025,4m,2.8,0.0,1.5,896.0,1104.0,0.03,2m,1.8,0.8,1.5,144.0,3424.0,0.045000000000000005,3m,1.6,0.6000000000000001,2.0,208.0,4352.0,0.035,6m,1.4,0.4,0.5,152.0,5736.0,0.01,8m,1.2,0.8,1.0,128.0,7496.0,0.025,4m,1.0,0.2,1.5,352.0,1112.0,0.035,2m,1.6,0.4,2.0,608.0,5992.0,0.015,2m,2.2,0.4,1.0,752.0,0.35000000000000003,10,COMPLETE
60,60,1.016248594742759,2025-06-22 17:14:58.627901,2025-06-22 17:15:04.624927,0 days 00:00:05.997026,6056,0.045000000000000005,5m,2.2,0.2,0.5,232,,,,,,,,,,,,,,,,,,,,,,1984.0,0.025,9m,2.2,0.0,0.5,424.0,,,,,,,,1360.0,0.025,3m,2.2,0.6000000000000001,0.5,368.0,5864.0,0.045000000000000005,7m,2.0,0.6000000000000001,2.0,968.0,3032.0,0.045000000000000005,6m,2.2,0.0,0.5,424.0,5624.0,0.02,8m,2.6,0.2,2.0,504.0,0.15000000000000002,6,COMPLETE
61,61,1.0007993980230552,2025-06-22 17:15:04.640678,2025-06-22 17:15:10.704820,0 days 00:00:06.064142,7584,0.045000000000000005,5m,2.2,0.2,0.5,144,,,,,,,,,,,,,,,,,,,,,,2072.0,0.03,9m,2.2,0.0,0.5,432.0,,,,,,,,1360.0,0.03,3m,2.2,0.6000000000000001,0.5,368.0,6424.0,0.045000000000000005,7m,2.0,0.6000000000000001,2.0,968.0,2088.0,0.045000000000000005,6m,2.2,0.0,0.5,440.0,5656.0,0.02,8m,2.6,0.2,2.0,512.0,0.15000000000000002,6,COMPLETE
62,62,1.0352917157659738,2025-06-22 17:15:10.730636,2025-06-22 17:15:18.340344,0 days 00:00:07.609708,6072,0.045000000000000005,5m,2.6,0.2,0.5,192,,,,,,,,5144.0,0.035,2m,2.2,0.6000000000000001,1.0,568.0,,,,,,,,1784.0,0.025,9m,2.4000000000000004,0.0,0.5,352.0,,,,,,,,2664.0,0.025,3m,2.6,0.6000000000000001,0.5,480.0,5016.0,0.04,7m,2.2,0.8,2.0,896.0,4160.0,0.05,6m,1.8,0.0,0.5,416.0,6432.0,0.025,8m,2.4000000000000004,0.2,2.0,464.0,0.05,7,COMPLETE
63,63,1.0209761656115615,2025-06-22 17:15:18.376719,2025-06-22 17:15:24.351853,0 days 00:00:05.975134,6200,0.045000000000000005,5m,2.8,0.0,0.5,224,,,,,,,,,,,,,,,,,,,,,,1752.0,0.025,9m,2.4000000000000004,0.0,0.5,312.0,,,,,,,,2528.0,0.025,3m,2.6,0.6000000000000001,0.5,496.0,4912.0,0.04,7m,2.2,0.8,2.0,888.0,3800.0,0.05,6m,1.8,0.0,0.5,424.0,6472.0,0.025,8m,2.4000000000000004,0.0,2.0,384.0,0.05,6,COMPLETE
64,64,1.0239742411390556,2025-06-22 17:15:24.377310,2025-06-22 17:15:30.156801,0 days 00:00:05.779491,6112,0.05,5m,2.8,0.2,0.5,200,,,,,,,,,,,,,,,,,,,,,,1640.0,0.025,9m,2.4000000000000004,0.0,0.5,360.0,,,,,,,,2632.0,0.025,3m,2.6,0.4,0.5,496.0,4976.0,0.045000000000000005,7m,2.2,0.8,2.0,888.0,3096.0,0.05,6m,2.0,0.0,0.5,360.0,6960.0,0.025,8m,2.6,0.0,2.0,344.0,0.05,6,COMPLETE
65,65,1.0698437271930068,2025-06-22 17:15:30.188831,2025-06-22 17:15:37.479551,0 days 00:00:07.290720,4984,0.05,5m,2.8,0.0,0.5,248,,,,,,,,5464.0,0.045000000000000005,3m,1.0,0.8,1.0,528.0,,,,,,,,1688.0,0.025,9m,2.6,0.0,0.5,320.0,,,,,,,,2696.0,0.03,3m,2.6,0.4,0.5,512.0,4984.0,0.04,7m,2.2,0.8,2.0,896.0,3536.0,0.05,6m,1.8,0.0,0.5,352.0,7592.0,0.025,8m,2.4000000000000004,0.0,2.0,216.0,0.05,7,COMPLETE
66,66,1.0631690939355007,2025-06-22 17:15:37.512214,2025-06-22 17:15:45.022931,0 days 00:00:07.510717,5528,0.05,5m,2.8,0.0,0.5,192,,,,,,,,5432.0,0.045000000000000005,3m,1.0,0.8,1.0,440.0,,,,,,,,1584.0,0.025,9m,2.6,0.0,0.5,336.0,,,,,,,,2608.0,0.03,3m,2.6,0.4,0.5,520.0,5048.0,0.04,7m,2.2,0.8,2.0,880.0,3552.0,0.05,6m,1.8,0.0,0.5,352.0,7688.0,0.025,9m,2.6,0.0,2.0,200.0,0.05,7,COMPLETE
67,67,1.0553848365564154,2025-06-22 17:15:45.050004,2025-06-22 17:15:52.096679,0 days 00:00:07.046675,4976,0.05,5m,2.8,0.0,0.5,200,,,,,,,,5496.0,0.045000000000000005,3m,1.0,0.8,1.0,544.0,,,,,,,,1736.0,0.025,9m,2.6,0.0,0.5,352.0,,,,,,,,2552.0,0.03,3m,2.6,0.4,0.5,520.0,5064.0,0.04,7m,2.2,0.8,2.0,888.0,3552.0,0.05,6m,1.8,0.0,0.5,352.0,7576.0,0.025,9m,2.8,0.0,2.0,240.0,0.05,7,COMPLETE
68,68,1.0187951677270837,2025-06-22 17:15:52.130733,2025-06-22 17:16:00.061918,0 days 00:00:07.931185,4960,0.05,5m,2.8,0.0,0.5,192,3480.0,0.05,9m,1.4,0.0,2.0,752.0,5344.0,0.045000000000000005,3m,1.0,0.8,1.0,544.0,,,,,,,,1504.0,0.03,9m,2.6,0.0,0.5,344.0,,,,,,,,1976.0,0.035,3m,2.8,0.4,0.5,552.0,5176.0,0.04,7m,2.4000000000000004,0.8,2.0,824.0,3184.0,0.05,6m,2.0,0.0,0.5,344.0,7728.0,0.025,9m,3.0,0.0,2.0,232.0,0.05,8,COMPLETE
69,69,1.011769627137265,2025-06-22 17:16:00.098956,2025-06-22 17:16:07.651795,0 days 00:00:07.552839,5568,0.05,5m,3.0,0.0,0.5,128,,,,,,,,5792.0,0.05,3m,1.2,1.0,1.0,456.0,,,,,,,,2440.0,0.025,9m,2.8,0.2,0.5,472.0,,,,,,,,2520.0,0.03,3m,2.6,0.2,0.5,592.0,5704.0,0.045000000000000005,7m,2.2,1.0,2.0,888.0,3416.0,0.05,6m,1.8,0.0,0.5,296.0,7368.0,0.025,9m,2.8,0.0,1.5,256.0,0.05,7,COMPLETE
70,70,1.0241877013438974,2025-06-22 17:16:07.692614,2025-06-22 17:16:15.704926,0 days 00:00:08.012312,4960,0.05,5m,2.6,0.0,0.5,256,2352.0,0.03,8m,3.0,0.2,1.5,576.0,5072.0,0.045000000000000005,3m,1.0,0.8,1.0,576.0,,,,,,,,1672.0,0.02,9m,3.0,0.0,0.5,352.0,,,,,,,,3576.0,0.035,3m,2.8,0.4,0.5,472.0,4032.0,0.05,7m,2.2,0.8,2.0,728.0,4096.0,0.05,6m,1.8,0.0,0.5,256.0,8168.0,0.025,9m,3.0,0.0,2.0,336.0,0.1,8,COMPLETE
71,71,1.018697534431256,2025-06-22 17:16:15.752145,2025-06-22 17:16:23.751370,0 days 00:00:07.999225,4976,0.05,5m,2.6,0.0,0.5,176,2160.0,0.03,8m,3.0,0.2,1.5,584.0,4968.0,0.045000000000000005,3m,1.0,0.8,1.0,552.0,,,,,,,,1320.0,0.02,9m,3.0,0.0,0.5,368.0,,,,,,,,2704.0,0.035,3m,2.8,0.4,0.5,464.0,4064.0,0.05,7m,2.2,0.8,2.0,720.0,4256.0,0.05,6m,1.8,0.0,0.5,256.0,8128.0,0.025,9m,3.0,0.0,2.0,192.0,0.1,8,COMPLETE
72,72,0.9162380978421631,2025-06-22 17:16:23.793782,2025-06-22 17:16:30.909450,0 days 00:00:07.115668,5872,0.05,5m,2.6,0.0,0.5,280,,,,,,,,6152.0,0.045000000000000005,3m,1.2,0.6000000000000001,1.0,440.0,,,,,,,,2000.0,0.025,9m,2.6,0.0,0.5,264.0,,,,,,,,2200.0,0.03,3m,2.6,0.2,0.5,528.0,4792.0,0.05,7m,2.2,0.8,2.0,808.0,2824.0,0.05,6m,1.6,0.0,0.5,200.0,7760.0,0.025,9m,2.8,0.0,2.0,128.0,0.1,7,COMPLETE
73,73,0.971419083499834,2025-06-22 17:16:30.944517,2025-06-22 17:16:38.492161,0 days 00:00:07.547644,4312,0.05,5m,3.0,0.0,0.5,200,,,,,,,,6296.0,0.05,3m,1.0,0.8,1.0,576.0,,,,,,,,1024.0,0.02,9m,2.8,0.2,0.5,344.0,,,,,,,,3336.0,0.04,3m,2.8,0.4,0.5,592.0,5072.0,0.04,7m,2.4000000000000004,0.8,2.0,888.0,3696.0,0.045000000000000005,6m,2.0,0.0,0.5,392.0,7032.0,0.025,9m,3.0,0.0,2.0,328.0,0.05,7,COMPLETE
74,74,0.9733980893602061,2025-06-22 17:16:38.543393,2025-06-22 17:16:45.744793,0 days 00:00:07.201400,5608,0.045000000000000005,5m,2.8,0.0,0.5,248,,,,,,,,5312.0,0.04,3m,1.2,1.0,1.0,384.0,,,,,,,,1592.0,0.025,9m,3.0,0.0,0.5,320.0,,,,,,,,3632.0,0.035,3m,2.4000000000000004,0.4,0.5,448.0,4504.0,0.045000000000000005,7m,2.4000000000000004,1.0,2.0,864.0,3448.0,0.05,6m,1.6,0.0,0.5,264.0,7344.0,0.03,9m,2.8,0.0,2.0,248.0,0.05,7,COMPLETE
75,75,1.0251723035653317,2025-06-22 17:16:45.786498,2025-06-22 17:16:53.845748,0 days 00:00:08.059250,5424,0.05,5m,2.8,0.2,0.5,312,2448.0,0.04,8m,2.8,0.2,1.5,808.0,5096.0,0.045000000000000005,3m,1.4,0.8,1.0,672.0,,,,,,,,2336.0,0.03,9m,2.4000000000000004,0.0,0.5,400.0,,,,,,,,2936.0,0.03,3m,2.8,0.4,0.5,528.0,3376.0,0.045000000000000005,7m,2.2,0.8,2.0,952.0,3944.0,0.05,6m,2.0,0.2,0.5,344.0,7696.0,0.025,9m,2.6,0.0,2.0,280.0,0.1,8,COMPLETE
76,76,1.0469107361034777,2025-06-22 17:16:53.877146,2025-06-22 17:17:01.896921,0 days 00:00:08.019775,4680,0.045000000000000005,5m,2.6,0.0,0.5,264,2440.0,0.045000000000000005,8m,2.8,0.2,1.5,880.0,5064.0,0.045000000000000005,3m,1.4,0.8,1.0,688.0,,,,,,,,2296.0,0.03,9m,2.8,0.0,0.5,408.0,,,,,,,,1992.0,0.03,3m,2.8,0.2,0.5,544.0,3376.0,0.05,7m,2.0,0.8,2.0,952.0,3928.0,0.045000000000000005,6m,1.8,0.2,0.5,328.0,7792.0,0.02,9m,2.6,0.0,2.0,288.0,0.1,8,COMPLETE
77,77,1.048815512754949,2025-06-22 17:17:01.927925,2025-06-22 17:17:11.459703,0 days 00:00:09.531778,4624,0.045000000000000005,5m,2.8,0.0,0.5,160,2936.0,0.045000000000000005,8m,2.8,0.4,1.5,848.0,5856.0,0.05,3m,1.4,0.6000000000000001,1.0,736.0,,,,,,,,3152.0,0.03,9m,2.6,0.2,0.5,408.0,3240.0,0.02,3m,3.0,0.0,1.5,144.0,1952.0,0.03,3m,3.0,0.2,0.5,544.0,3520.0,0.035,7m,2.0,0.8,2.0,968.0,3928.0,0.045000000000000005,6m,1.8,0.2,0.5,320.0,7776.0,0.02,9m,2.6,0.0,2.0,184.0,0.1,9,COMPLETE
78,78,1.013824896703345,2025-06-22 17:17:11.519168,2025-06-22 17:17:20.887189,0 days 00:00:09.368021,4680,0.045000000000000005,5m,3.0,0.0,0.5,160,4664.0,0.045000000000000005,8m,2.6,0.4,1.5,1024.0,5800.0,0.05,3m,1.4,0.6000000000000001,1.0,752.0,,,,,,,,3104.0,0.035,9m,2.8,0.2,0.5,536.0,3136.0,0.02,3m,3.0,0.0,1.5,136.0,1944.0,0.03,3m,3.0,0.2,0.5,624.0,2792.0,0.035,9m,2.0,0.6000000000000001,2.0,968.0,4360.0,0.045000000000000005,6m,1.8,0.2,0.5,312.0,7816.0,0.02,9m,2.8,0.0,1.5,184.0,0.05,9,COMPLETE
79,79,0.978620418030514,2025-06-22 17:17:20.935017,2025-06-22 17:17:30.918890,0 days 00:00:09.983873,3992,0.045000000000000005,5m,2.6,0.0,0.5,128,3016.0,0.045000000000000005,5m,2.8,0.4,1.0,904.0,6264.0,0.04,3m,1.6,0.6000000000000001,1.0,632.0,,,,,,,,3192.0,0.03,9m,2.6,0.2,0.5,464.0,4808.0,0.01,3m,2.6,0.2,2.0,376.0,1536.0,0.03,3m,3.0,0.2,0.5,408.0,5376.0,0.04,5m,1.8,1.0,2.0,928.0,2792.0,0.045000000000000005,6m,1.6,0.2,0.5,392.0,7520.0,0.015,9m,2.6,0.0,2.0,160.0,0.1,9,COMPLETE
80,80,1.0043825645970257,2025-06-22 17:17:30.980919,2025-06-22 17:17:39.537115,0 days 00:00:08.556196,4512,0.045000000000000005,5m,2.4000000000000004,0.0,0.5,312,4664.0,0.045000000000000005,3m,2.4000000000000004,0.0,2.0,904.0,6832.0,0.05,7m,1.2,0.8,0.5,704.0,,,,,,,,2152.0,0.035,5m,2.8,0.0,0.5,264.0,,,,,,,,2216.0,0.025,4m,2.4000000000000004,0.2,0.5,544.0,3216.0,0.035,7m,2.0,0.8,2.0,792.0,3456.0,0.045000000000000005,6m,1.8,0.2,0.5,320.0,6776.0,0.02,5m,2.4000000000000004,0.0,2.0,224.0,0.05,8,COMPLETE
81,81,1.0017411178650486,2025-06-22 17:17:39.582893,2025-06-22 17:17:47.692777,0 days 00:00:08.109884,5480,0.05,5m,2.8,0.2,0.5,304,2240.0,0.04,8m,2.8,0.2,1.5,800.0,5584.0,0.045000000000000005,3m,1.4,0.8,1.0,680.0,,,,,,,,2384.0,0.03,9m,2.6,0.0,0.5,408.0,,,,,,,,3064.0,0.03,3m,2.8,0.2,0.5,568.0,3600.0,0.04,7m,2.2,0.8,2.0,960.0,3872.0,0.05,6m,2.0,0.2,0.5,352.0,7920.0,0.02,9m,2.6,0.0,2.0,280.0,0.1,8,COMPLETE
82,82,0.9637721804285476,2025-06-22 17:17:47.720633,2025-06-22 17:17:54.991611,0 days 00:00:07.270978,5408,0.045000000000000005,5m,2.8,0.0,0.5,256,,,,,,,,4480.0,0.045000000000000005,3m,1.4,0.8,1.0,792.0,,,,,,,,2928.0,0.03,9m,2.4000000000000004,0.0,0.5,400.0,,,,,,,,1848.0,0.03,3m,3.0,0.0,0.5,528.0,3520.0,0.04,7m,2.0,0.8,2.0,1024.0,3928.0,0.045000000000000005,6m,1.6,0.2,0.5,280.0,7608.0,0.025,9m,2.6,0.0,2.0,288.0,0.1,7,COMPLETE
83,83,1.0376619041142063,2025-06-22 17:17:55.021903,2025-06-22 17:18:02.973052,0 days 00:00:07.951149,4208,0.05,5m,3.0,0.2,0.5,176,1024.0,0.035,8m,2.8,0.2,1.5,832.0,5152.0,0.04,3m,1.2,1.0,1.0,632.0,,,,,,,,2320.0,0.025,9m,2.6,0.2,0.5,288.0,,,,,,,,2848.0,0.03,3m,2.6,0.4,0.5,672.0,2872.0,0.03,7m,2.2,0.8,2.0,936.0,3608.0,0.045000000000000005,6m,1.8,0.0,0.5,400.0,7248.0,0.02,9m,2.6,0.0,2.0,168.0,0.05,8,COMPLETE
84,84,1.0000145112243173,2025-06-22 17:18:03.018849,2025-06-22 17:18:12.432225,0 days 00:00:09.413376,3312,0.045000000000000005,9m,3.0,0.0,0.5,160,,,,,,,,5536.0,0.035,3m,1.2,1.0,1.0,616.0,,,,,,,,1352.0,0.025,2m,2.8,0.2,1.0,288.0,,,,,,,,2160.0,0.035,3m,2.6,0.4,0.5,672.0,2808.0,0.03,7m,2.4000000000000004,0.6000000000000001,2.0,856.0,3560.0,0.04,5m,1.8,0.0,0.5,408.0,7144.0,0.02,3m,2.4000000000000004,0.0,2.0,152.0,0.05,7,COMPLETE
85,85,1.014525058739445,2025-06-22 17:18:12.509401,2025-06-22 17:18:23.384794,0 days 00:00:10.875393,4128,0.05,4m,2.6,0.2,0.5,184,1208.0,0.035,8m,2.8,0.4,1.5,960.0,4800.0,0.04,2m,1.0,1.0,1.0,512.0,,,,,,,,1888.0,0.025,9m,2.6,0.4,0.5,216.0,1232.0,0.02,5m,3.0,0.2,1.5,248.0,1744.0,0.025,3m,2.6,0.2,0.5,616.0,2464.0,0.035,7m,2.0,0.8,2.0,984.0,3272.0,0.045000000000000005,6m,1.6,0.0,0.5,232.0,7424.0,0.015,2m,2.8,0.0,2.0,208.0,0.05,9,COMPLETE
86,86,1.02870666166134,2025-06-22 17:18:23.416156,2025-06-22 17:18:31.118954,0 days 00:00:07.702798,4480,0.04,5m,3.0,0.0,0.5,208,1880.0,0.035,6m,2.4000000000000004,0.2,1.5,832.0,5960.0,0.04,3m,1.2,0.6000000000000001,1.0,744.0,,,,,,,,2672.0,0.025,9m,2.6,0.2,0.5,192.0,,,,,,,,2792.0,0.03,3m,2.4000000000000004,0.4,0.5,592.0,4592.0,0.03,7m,1.8,1.0,2.0,936.0,4784.0,0.04,8m,1.8,0.0,0.5,528.0,7176.0,0.02,9m,2.6,0.0,2.0,128.0,0.05,8,COMPLETE
87,87,1.005522519194113,2025-06-22 17:18:31.138721,2025-06-22 17:18:39.062117,0 days 00:00:07.923396,3640,0.04,5m,3.0,0.0,0.5,216,1888.0,0.035,8m,2.4000000000000004,0.2,1.0,832.0,5992.0,0.035,3m,1.2,0.6000000000000001,1.0,736.0,,,,,,,,2704.0,0.025,9m,2.8,0.2,0.5,200.0,,,,,,,,2832.0,0.03,3m,2.4000000000000004,0.4,0.5,680.0,4296.0,0.03,7m,1.8,1.0,2.0,920.0,4520.0,0.04,8m,1.8,0.0,0.5,456.0,7216.0,0.02,9m,2.6,0.0,2.0,168.0,0.05,8,COMPLETE
88,88,1.0095307302510985,2025-06-22 17:18:39.118576,2025-06-22 17:18:46.466414,0 days 00:00:07.347838,4368,0.045000000000000005,5m,3.0,0.0,0.5,208,,,,,,,,6760.0,0.04,3m,1.0,0.6000000000000001,1.0,656.0,,,,,,,,2128.0,0.02,9m,2.6,0.2,0.5,248.0,,,,,,,,3264.0,0.035,3m,2.4000000000000004,0.4,0.5,576.0,3160.0,0.03,7m,1.8,1.0,2.0,992.0,5144.0,0.04,8m,1.8,0.0,0.5,528.0,6856.0,0.015,9m,2.8,0.0,2.0,128.0,0.05,7,COMPLETE
89,89,0.9350458230711186,2025-06-22 17:18:46.495496,2025-06-22 17:18:55.351454,0 days 00:00:08.855958,3856,0.05,5m,2.8,0.0,0.5,240,1064.0,0.045000000000000005,8m,2.6,0.0,1.5,728.0,5336.0,0.04,2m,1.2,0.8,1.0,536.0,,,,,,,,2568.0,0.025,7m,2.4000000000000004,0.0,0.5,176.0,2048.0,0.03,7m,2.4000000000000004,0.0,1.0,472.0,2416.0,0.045000000000000005,9m,2.8,0.4,0.5,640.0,4616.0,0.035,7m,2.0,0.8,2.0,920.0,4728.0,0.045000000000000005,8m,1.6,0.0,0.5,376.0,7984.0,0.02,9m,1.0,0.0,2.0,216.0,0.1,9,COMPLETE
90,90,1.036707824325805,2025-06-22 17:18:55.393456,2025-06-22 17:19:02.136485,0 days 00:00:06.743029,4728,0.045000000000000005,8m,2.6,0.0,0.5,160,,,,,,,,5896.0,0.04,3m,1.2,0.6000000000000001,0.5,616.0,,,,,,,,1208.0,0.025,9m,2.6,0.2,0.5,632.0,,,,,,,,2680.0,0.03,4m,2.6,0.0,0.5,400.0,1800.0,0.035,7m,2.4000000000000004,1.0,2.0,944.0,4192.0,0.045000000000000005,6m,1.4,0.0,0.5,296.0,7248.0,0.02,9m,2.6,0.0,2.0,248.0,0.05,7,COMPLETE
91,91,1.004874193450365,2025-06-22 17:19:02.168822,2025-06-22 17:19:09.070645,0 days 00:00:06.901823,4808,0.045000000000000005,8m,2.6,0.0,0.5,152,,,,,,,,6560.0,0.04,3m,1.2,0.6000000000000001,0.5,608.0,,,,,,,,1232.0,0.025,9m,2.6,0.2,0.5,648.0,,,,,,,,2704.0,0.03,4m,2.6,0.4,0.5,408.0,2576.0,0.035,7m,2.4000000000000004,1.0,2.0,944.0,4168.0,0.045000000000000005,6m,1.4,0.0,0.5,304.0,7360.0,0.02,9m,2.6,0.0,2.0,248.0,0.05,7,COMPLETE
92,92,0.9571071171555273,2025-06-22 17:19:09.108831,2025-06-22 17:19:15.821606,0 days 00:00:06.712775,4696,0.05,8m,2.4000000000000004,0.0,0.5,176,,,,,,,,5760.0,0.035,3m,1.4,0.6000000000000001,0.5,648.0,,,,,,,,2240.0,0.02,9m,2.6,0.2,0.5,640.0,,,,,,,,2992.0,0.03,4m,2.6,0.0,0.5,448.0,1776.0,0.03,7m,2.6,1.0,2.0,904.0,3688.0,0.05,6m,1.4,0.0,0.5,320.0,7576.0,0.025,9m,2.6,0.0,2.0,176.0,0.05,7,COMPLETE
93,93,1.0132324282188097,2025-06-22 17:19:15.860307,2025-06-22 17:19:24.269172,0 days 00:00:08.408865,4472,0.04,8m,2.8,0.0,0.5,136,2824.0,0.035,2m,3.0,0.2,2.0,856.0,5320.0,0.04,9m,1.0,0.6000000000000001,1.0,704.0,,,,,,,,1760.0,0.025,9m,2.8,0.0,0.5,704.0,,,,,,,,2400.0,0.025,4m,2.6,0.0,0.5,504.0,1368.0,0.035,3m,2.4000000000000004,1.0,2.0,656.0,4352.0,0.04,6m,1.8,0.0,0.5,368.0,7240.0,0.02,9m,2.4000000000000004,0.0,2.0,264.0,0.1,8,COMPLETE
94,94,1.0073363403301239,2025-06-22 17:19:24.301698,2025-06-22 17:19:29.434546,0 days 00:00:05.132848,5008,0.045000000000000005,5m,2.6,0.0,0.5,272,,,,,,,,,,,,,,,,,,,,,,1456.0,0.03,9m,2.4000000000000004,0.2,0.5,504.0,,,,,,,,2032.0,0.03,6m,2.4000000000000004,0.2,0.5,392.0,1848.0,0.04,7m,2.2,0.8,2.0,864.0,3736.0,0.045000000000000005,9m,1.6,0.0,0.5,280.0,6848.0,0.03,9m,2.8,0.0,2.0,200.0,0.05,6,COMPLETE
95,95,0.9257834791060595,2025-06-22 17:19:29.459339,2025-06-22 17:19:38.527400,0 days 00:00:09.068061,4616,0.05,5m,3.0,0.2,0.5,168,1568.0,0.05,6m,2.8,0.4,1.5,960.0,4808.0,0.045000000000000005,3m,1.2,0.8,1.0,456.0,,,,,,,,1200.0,0.025,8m,2.6,0.2,0.5,576.0,4344.0,0.015,8m,2.0,0.4,2.0,752.0,2736.0,0.035,7m,2.8,0.0,0.5,336.0,1088.0,0.035,5m,2.2,0.8,2.0,992.0,4088.0,0.04,5m,1.8,0.0,0.5,408.0,7928.0,0.02,4m,2.4000000000000004,0.0,2.0,128.0,0.05,9,COMPLETE
96,96,0.9643150911250129,2025-06-22 17:19:38.579151,2025-06-22 17:19:45.839108,0 days 00:00:07.259957,4176,0.04,4m,2.8,0.0,0.5,192,,,,,,,,,,,,,,,,,,,,,,,,,,,,,,,,,,,,2344.0,0.03,2m,2.6,0.6000000000000001,0.5,584.0,2216.0,0.03,2m,1.6,1.0,2.0,944.0,2808.0,0.045000000000000005,7m,1.6,0.0,0.5,168.0,6360.0,0.015,5m,2.6,0.2,2.0,232.0,0.05,5,COMPLETE
97,97,0.9979734591086387,2025-06-22 17:19:45.925886,2025-06-22 17:19:57.680668,0 days 00:00:11.754782,3984,0.045000000000000005,8m,3.0,0.0,0.5,216,1784.0,0.04,8m,2.4000000000000004,0.2,2.0,760.0,5968.0,0.035,7m,2.2,1.0,1.0,768.0,,,,,,,,1856.0,0.03,2m,2.4000000000000004,0.0,0.5,304.0,,,,,,,,3160.0,0.025,3m,3.0,0.4,0.5,744.0,5568.0,0.025,9m,1.8,0.8,2.0,864.0,4880.0,0.05,4m,1.8,0.2,0.5,456.0,7512.0,0.02,7m,2.6,0.0,2.0,152.0,0.1,8,COMPLETE
98,98,1.0513482733444581,2025-06-22 17:19:57.728249,2025-06-22 17:20:04.667444,0 days 00:00:06.939195,5120,0.05,6m,2.6,0.0,0.5,256,,,,,,,,5536.0,0.04,6m,1.0,0.6000000000000001,0.5,576.0,,,,,,,,2928.0,0.02,5m,2.8,0.4,0.5,376.0,,,,,,,,2072.0,0.04,5m,2.8,0.4,0.5,528.0,5936.0,0.04,4m,2.0,0.6000000000000001,2.0,912.0,3240.0,0.05,8m,2.0,0.0,0.5,640.0,7864.0,0.025,9m,2.8,0.0,2.0,184.0,0.1,7,COMPLETE
99,99,1.0093285078680254,2025-06-22 17:20:04.741774,2025-06-22 17:20:10.974616,0 days 00:00:06.232842,5096,0.05,6m,2.4000000000000004,0.2,0.5,272,,,,,,,,,,,,,,,,,,,,,,3392.0,0.015,5m,2.8,0.4,0.5,376.0,,,,,,,,1728.0,0.05,5m,3.0,0.6000000000000001,1.0,464.0,5248.0,0.04,4m,2.0,0.6000000000000001,1.5,592.0,3328.0,0.05,6m,2.0,0.0,0.5,640.0,7832.0,0.025,6m,2.8,0.2,2.0,312.0,0.1,6,COMPLETE
