,number,value,datetime_start,datetime_complete,duration,params_CSCO_TXN_beta_win,params_CSCO_TXN_stop_loss,params_CSCO_TXN_trade_freq,params_CSCO_TXN_z_entry,params_CSCO_TXN_z_exit,params_CSCO_TXN_z_stop_scaler,params_CSCO_TXN_z_win,params_HON_JD_beta_win,params_HON_JD_stop_loss,params_HON_JD_trade_freq,params_HON_JD_z_entry,params_HON_JD_z_exit,params_HON_JD_z_stop_scaler,params_HON_JD_z_win,params_HON_SBUX_beta_win,params_HON_SBUX_stop_loss,params_HON_SBUX_trade_freq,params_HON_SBUX_z_entry,params_HON_SBUX_z_exit,params_HON_SBUX_z_stop_scaler,params_HON_SBUX_z_win,params_JD_SBUX_beta_win,params_JD_SBUX_stop_loss,params_JD_SBUX_trade_freq,params_JD_SBUX_z_entry,params_JD_SBUX_z_exit,params_JD_SBUX_z_stop_scaler,params_JD_SBUX_z_win,params_MSFT_CTAS_beta_win,params_MSFT_CTAS_stop_loss,params_MSFT_CTAS_trade_freq,params_MSFT_CTAS_z_entry,params_MSFT_CTAS_z_exit,params_MSFT_CTAS_z_stop_scaler,params_MSFT_CTAS_z_win,params_NTES_PCAR_beta_win,params_NTES_PCAR_stop_loss,params_NTES_PCAR_trade_freq,params_NTES_PCAR_z_entry,params_NTES_PCAR_z_exit,params_NTES_PCAR_z_stop_scaler,params_NTES_PCAR_z_win,params_PDD_ORLY_beta_win,params_PDD_ORLY_stop_loss,params_PDD_ORLY_trade_freq,params_PDD_ORLY_z_entry,params_PDD_ORLY_z_exit,params_PDD_ORLY_z_stop_scaler,params_PDD_ORLY_z_win,params_PDD_TXN_beta_win,params_PDD_TXN_stop_loss,params_PDD_TXN_trade_freq,params_PDD_TXN_z_entry,params_PDD_TXN_z_exit,params_PDD_TXN_z_stop_scaler,params_PDD_TXN_z_win,params_VRTX_EBAY_beta_win,params_VRTX_EBAY_stop_loss,params_VRTX_EBAY_trade_freq,params_VRTX_EBAY_z_entry,params_VRTX_EBAY_z_exit,params_VRTX_EBAY_z_stop_scaler,params_VRTX_EBAY_z_win,params_VRTX_TXN_beta_win,params_VRTX_TXN_stop_loss,params_VRTX_TXN_trade_freq,params_VRTX_TXN_z_entry,params_VRTX_TXN_z_exit,params_VRTX_TXN_z_stop_scaler,params_VRTX_TXN_z_win,params_buffer_capital,params_pairs_to_trade,state
44,44,0.9480228546662863,2025-06-22 17:02:44.473325,2025-06-22 17:02:51.805639,0 days 00:00:07.332314,4800.0,0.03,4m,1.4,0.0,1.0,880.0,2776,0.05,7m,1.6,0.4,1.5,936,4352.0,0.045000000000000005,5m,1.6,0.2,1.5,296.0,,,,,,,,,,,,,,,,,,,,,,6072.0,0.025,4m,1.2,0.8,1.0,464.0,2752.0,0.03,8m,1.0,0.4,2.0,632.0,6256.0,0.045000000000000005,8m,2.4000000000000004,0.6000000000000001,1.0,704.0,2168.0,0.035,7m,1.2,0.0,1.0,696.0,0.4,7,COMPLETE
45,45,0.9968257417016593,2025-06-22 17:02:51.859789,2025-06-22 17:02:54.635394,0 days 00:00:02.775605,,,,,,,,1336,0.035,9m,1.8,0.2,1.0,880,2184.0,0.035,3m,2.2,0.0,2.0,432.0,,,,,,,,,,,,,,,,,,,,,,,,,,,,,,,,,,,,,,,,,,,,,,,,,,0.45,2,COMPLETE
46,46,0.9874135032376647,2025-06-22 17:02:54.667780,2025-06-22 17:03:01.176350,0 days 00:00:06.508570,5184.0,0.04,8m,1.8,0.4,1.0,968.0,2176,0.045000000000000005,8m,1.4,0.0,1.5,816,1624.0,0.02,4m,1.2,0.4,1.5,368.0,,,,,,,,,,,,,,,,,,,,,,3744.0,0.04,5m,2.0,0.2,0.5,360.0,4696.0,0.035,3m,1.6,0.6000000000000001,2.0,528.0,,,,,,,,1184.0,0.015,9m,1.6,0.2,1.5,632.0,0.5,6,COMPLETE
47,47,1.019056986471063,2025-06-22 17:03:01.197258,2025-06-22 17:03:12.602349,0 days 00:00:11.405091,3920.0,0.03,3m,2.2,0.2,1.0,216.0,1792,0.04,6m,2.2,0.8,0.5,992,2632.0,0.04,6m,2.4000000000000004,0.6000000000000001,1.0,528.0,3248.0,0.045000000000000005,2m,2.2,0.2,2.0,128.0,1120.0,0.01,5m,2.6,1.0,0.5,824.0,2376.0,0.04,9m,2.2,0.8,2.0,696.0,7664.0,0.03,7m,1.6,1.0,1.5,576.0,4344.0,0.03,6m,1.2,0.8,1.5,464.0,7112.0,0.05,8m,2.0,0.4,1.5,728.0,7384.0,0.04,5m,2.4000000000000004,0.8,2.0,760.0,0.3,10,COMPLETE
48,48,1.0301308531503943,2025-06-22 17:03:12.630120,2025-06-22 17:03:22.417497,0 days 00:00:09.787377,5896.0,0.035,8m,2.8,0.4,1.5,848.0,4264,0.02,7m,2.0,0.2,1.0,768,3192.0,0.01,7m,2.6,0.2,1.5,744.0,,,,,,,,,,,,,,,5376.0,0.03,6m,2.0,1.0,2.0,904.0,4416.0,0.02,3m,2.2,0.6000000000000001,0.5,672.0,3048.0,0.025,5m,1.4,0.4,2.0,576.0,4944.0,0.04,2m,1.6,0.8,2.0,600.0,3080.0,0.03,3m,1.8,0.0,1.5,544.0,0.25,8,COMPLETE
49,49,1.018795558325875,2025-06-22 17:03:22.472049,2025-06-22 17:03:29.021079,0 days 00:00:06.549030,5376.0,0.04,5m,2.4000000000000004,0.6000000000000001,0.5,560.0,4824,0.025,9m,1.2,0.4,1.5,216,7176.0,0.03,9m,2.0,0.0,0.5,304.0,,,,,,,,,,,,,,,,,,,,,,3160.0,0.05,9m,1.4,0.8,2.0,504.0,3888.0,0.04,6m,2.2,0.8,1.0,392.0,5792.0,0.025,7m,2.0,0.6000000000000001,1.0,544.0,6664.0,0.025,4m,2.0,0.4,0.5,568.0,0.1,7,COMPLETE
50,50,0.922879801688619,2025-06-22 17:03:29.051149,2025-06-22 17:03:39.070795,0 days 00:00:10.019646,6352.0,0.035,8m,1.8,0.8,1.0,936.0,2952,0.01,5m,1.8,0.0,2.0,360,6616.0,0.015,6m,2.2,0.2,0.5,192.0,,,,,,,,,,,,,,,4152.0,0.045000000000000005,8m,2.0,0.8,1.5,544.0,1032.0,0.035,4m,2.8,0.4,1.0,424.0,3296.0,0.01,2m,1.0,0.2,1.5,728.0,4456.0,0.035,3m,3.0,1.0,1.0,896.0,7800.0,0.035,3m,2.8,1.0,1.0,976.0,0.05,8,COMPLETE
51,51,1.033494628304979,2025-06-22 17:03:39.120318,2025-06-22 17:03:46.103707,0 days 00:00:06.983389,3680.0,0.035,8m,2.8,0.2,1.0,912.0,1712,0.015,7m,2.0,0.2,1.0,808,2984.0,0.045000000000000005,5m,2.4000000000000004,0.2,1.5,240.0,,,,,,,,,,,,,,,,,,,,,,2256.0,0.045000000000000005,4m,1.6,0.6000000000000001,0.5,608.0,4064.0,0.03,6m,1.2,0.8,1.5,448.0,5072.0,0.035,8m,2.2,0.4,0.5,472.0,2640.0,0.045000000000000005,5m,1.2,0.2,1.5,824.0,0.5,7,COMPLETE
52,52,0.9855763250008739,2025-06-22 17:03:46.131497,2025-06-22 17:03:53.043492,0 days 00:00:06.911995,4488.0,0.03,8m,3.0,0.2,1.0,792.0,2048,0.025,7m,2.0,0.2,1.0,776,3240.0,0.05,5m,2.2,0.4,1.5,272.0,,,,,,,,,,,,,,,,,,,,,,2544.0,0.035,4m,1.8,0.6000000000000001,0.5,536.0,4256.0,0.03,6m,1.2,1.0,1.5,504.0,4832.0,0.03,8m,2.2,0.4,0.5,512.0,2136.0,0.045000000000000005,5m,1.0,0.2,1.5,904.0,0.5,7,COMPLETE
53,53,1.0043671927607154,2025-06-22 17:03:53.085423,2025-06-22 17:04:02.252935,0 days 00:00:09.167512,4104.0,0.04,8m,2.6,0.2,1.0,736.0,1192,0.03,7m,1.6,0.2,1.0,928,1968.0,0.045000000000000005,5m,2.4000000000000004,0.0,1.5,168.0,5216.0,0.03,6m,1.4,0.8,1.0,872.0,,,,,,,,6376.0,0.025,4m,2.6,0.6000000000000001,0.5,440.0,1680.0,0.035,4m,1.6,0.8,0.5,656.0,4528.0,0.035,6m,2.4000000000000004,0.6000000000000001,1.5,1008.0,5296.0,0.04,8m,2.4000000000000004,0.2,0.5,504.0,1760.0,0.05,5m,1.0,0.0,1.5,744.0,0.45,9,COMPLETE
54,54,1.041033115131677,2025-06-22 17:04:02.295798,2025-06-22 17:04:11.445841,0 days 00:00:09.150043,2688.0,0.035,8m,2.8,0.0,1.0,856.0,1744,0.015,7m,2.4000000000000004,0.2,1.0,864,1336.0,0.04,5m,2.6,0.2,1.5,224.0,,,,,,,,,,,,,,,7968.0,0.015,3m,1.6,1.0,1.0,1016.0,3656.0,0.025,2m,1.8,0.6000000000000001,0.5,464.0,3544.0,0.03,5m,1.0,0.8,2.0,296.0,3792.0,0.035,9m,2.0,0.4,0.5,416.0,2384.0,0.01,5m,1.0,0.4,1.5,824.0,0.5,8,COMPLETE
55,55,1.0056580663987462,2025-06-22 17:04:11.461641,2025-06-22 17:04:19.161740,0 days 00:00:07.700099,3160.0,0.035,9m,2.4000000000000004,0.2,1.0,984.0,2576,0.02,2m,2.2,0.4,1.0,704,2272.0,0.035,2m,2.4000000000000004,0.0,1.0,336.0,,,,,,,,,,,,,,,,,,,,,,5248.0,0.03,7m,2.0,0.2,0.5,728.0,2896.0,0.04,7m,1.8,0.6000000000000001,1.5,552.0,,,,,,,,1456.0,0.045000000000000005,5m,2.2,0.2,1.5,672.0,0.4,6,COMPLETE
56,56,0.9302257369287247,2025-06-22 17:04:19.208691,2025-06-22 17:04:28.363867,0 days 00:00:09.155176,4944.0,0.03,2m,3.0,0.4,1.5,680.0,2264,0.035,3m,2.0,0.6000000000000001,1.5,992,3720.0,0.045000000000000005,6m,3.0,0.0,1.5,272.0,,,,,,,,,,,,,,,,,,,,,,2856.0,0.04,4m,1.0,1.0,0.5,856.0,5176.0,0.045000000000000005,6m,1.6,0.6000000000000001,1.5,440.0,4248.0,0.02,7m,1.8,0.2,1.0,592.0,2992.0,0.04,3m,1.4,0.8,1.0,488.0,0.2,7,COMPLETE
57,57,1.0414339897306455,2025-06-22 17:04:28.419306,2025-06-22 17:04:39.836750,0 days 00:00:11.417444,2296.0,0.045000000000000005,4m,1.6,0.2,1.0,896.0,1032,0.04,4m,2.0,0.0,1.0,528,4816.0,0.04,3m,2.0,0.2,2.0,400.0,1032.0,0.01,3m,1.2,0.2,1.5,424.0,7512.0,0.025,8m,2.2,0.6000000000000001,0.5,696.0,4816.0,0.035,5m,2.4000000000000004,0.8,2.0,592.0,1568.0,0.01,6m,2.2,0.8,1.0,600.0,2424.0,0.025,3m,1.2,0.8,1.5,384.0,3224.0,0.03,8m,1.0,0.6000000000000001,2.0,184.0,7112.0,0.02,8m,1.2,0.6000000000000001,1.5,864.0,0.45,10,COMPLETE
58,58,0.9539663198357637,2025-06-22 17:04:39.907882,2025-06-22 17:04:48.083998,0 days 00:00:08.176116,1416.0,0.035,7m,2.6,0.0,1.0,624.0,1424,0.035,9m,1.8,0.8,0.5,648,4296.0,0.02,9m,2.2,0.4,0.5,896.0,7320.0,0.02,8m,2.0,0.8,0.5,712.0,,,,,,,,3632.0,0.045000000000000005,5m,2.2,0.4,1.5,808.0,3904.0,0.025,9m,1.4,0.4,2.0,800.0,3144.0,0.03,9m,1.4,0.4,1.0,664.0,6608.0,0.04,4m,2.2,0.4,0.5,304.0,3568.0,0.05,6m,2.2,0.2,1.0,800.0,0.4,9,COMPLETE
59,59,0.9857780370370743,2025-06-22 17:04:48.115522,2025-06-22 17:04:56.414565,0 days 00:00:08.299043,3432.0,0.01,5m,2.2,0.6000000000000001,0.5,752.0,8000,0.03,6m,2.4000000000000004,0.2,1.0,440,5736.0,0.05,5m,2.6,0.0,1.0,168.0,,,,,,,,,,,,,,,,,,,,,,2424.0,0.02,7m,1.6,0.8,0.5,952.0,4136.0,0.035,2m,1.2,1.0,2.0,608.0,,,,,,,,5848.0,0.035,2m,2.4000000000000004,0.0,1.5,608.0,0.35000000000000003,6,COMPLETE
60,60,0.9355728692642327,2025-06-22 17:04:56.455546,2025-06-22 17:05:06.524924,0 days 00:00:10.069378,7024.0,0.025,8m,2.0,0.2,1.0,936.0,1944,0.01,5m,2.2,0.6000000000000001,1.5,904,3360.0,0.01,8m,3.0,0.6000000000000001,0.5,448.0,,,,,,,,,,,,,,,5864.0,0.015,4m,1.8,0.6000000000000001,1.0,928.0,4824.0,0.015,8m,2.0,0.0,1.0,424.0,3696.0,0.025,4m,1.0,0.8,2.0,144.0,1808.0,0.045000000000000005,2m,2.6,0.2,1.5,752.0,1024.0,0.045000000000000005,3m,2.0,1.0,2.0,704.0,0.5,8,COMPLETE
61,61,0.9268884196665546,2025-06-22 17:05:06.549437,2025-06-22 17:05:18.193750,0 days 00:00:11.644313,1968.0,0.05,4m,1.6,0.2,1.0,896.0,1096,0.04,4m,2.0,0.0,1.0,552,8040.0,0.04,3m,2.0,0.2,2.0,400.0,2424.0,0.01,3m,1.2,0.2,1.5,408.0,7896.0,0.025,8m,2.0,0.6000000000000001,0.5,656.0,5128.0,0.035,5m,2.4000000000000004,0.8,2.0,592.0,1496.0,0.01,6m,2.2,0.8,1.0,584.0,2432.0,0.025,3m,1.2,0.8,1.5,376.0,3280.0,0.03,8m,1.0,0.6000000000000001,2.0,128.0,7152.0,0.02,8m,1.2,0.6000000000000001,1.5,856.0,0.45,10,COMPLETE
62,62,0.9281073788092083,2025-06-22 17:05:18.239168,2025-06-22 17:05:30.616806,0 days 00:00:12.377638,2384.0,0.045000000000000005,4m,1.6,0.2,1.0,872.0,1624,0.04,4m,1.8,0.0,1.0,408,2952.0,0.04,3m,2.0,0.2,2.0,400.0,1120.0,0.015,3m,1.6,0.0,2.0,464.0,6336.0,0.025,3m,2.2,0.6000000000000001,1.0,672.0,4584.0,0.04,5m,2.4000000000000004,0.8,2.0,696.0,1384.0,0.01,6m,2.2,0.8,1.0,520.0,1528.0,0.02,3m,1.2,0.8,1.5,496.0,4792.0,0.025,8m,1.2,0.6000000000000001,2.0,200.0,6776.0,0.02,8m,1.2,0.6000000000000001,1.5,928.0,0.45,10,COMPLETE
63,63,0.9389569575074814,2025-06-22 17:05:30.651455,2025-06-22 17:05:41.563281,0 days 00:00:10.911826,2912.0,0.04,4m,1.8,0.2,1.0,832.0,1200,0.025,4m,1.8,0.0,1.0,312,5024.0,0.035,3m,1.8,0.2,2.0,320.0,3312.0,0.03,4m,1.0,0.4,1.5,296.0,,,,,,,,5560.0,0.035,5m,2.6,1.0,2.0,456.0,1096.0,0.01,6m,1.8,0.6000000000000001,1.5,592.0,2808.0,0.025,3m,1.4,0.8,1.5,216.0,3136.0,0.03,8m,1.0,0.6000000000000001,2.0,184.0,6328.0,0.015,8m,1.0,0.8,1.5,896.0,0.15000000000000002,9,COMPLETE
64,64,0.9980847611436364,2025-06-22 17:05:41.618829,2025-06-22 17:05:50.882685,0 days 00:00:09.263856,2256.0,0.045000000000000005,6m,1.6,0.4,1.0,800.0,2200,0.045000000000000005,4m,1.6,0.4,1.0,208,6792.0,0.045000000000000005,3m,2.2,0.2,2.0,280.0,,,,,,,,,,,,,,,4800.0,0.03,2m,2.8,0.6000000000000001,2.0,640.0,2992.0,0.02,6m,2.0,0.8,1.0,712.0,2304.0,0.03,8m,1.0,0.6000000000000001,1.5,432.0,3616.0,0.035,6m,1.0,0.4,2.0,648.0,8000.0,0.01,8m,1.4,0.4,1.5,768.0,0.45,8,COMPLETE
65,65,0.9928872562429553,2025-06-22 17:05:50.911889,2025-06-22 17:05:56.670461,0 days 00:00:05.758572,1264.0,0.03,4m,1.4,0.2,1.0,976.0,2632,0.04,7m,2.2,0.2,0.5,504,2488.0,0.015,6m,2.8,0.8,0.5,368.0,,,,,,,,,,,,,,,,,,,,,,,,,,,,,2656.0,0.025,6m,1.0,0.4,1.5,464.0,,,,,,,,7168.0,0.02,3m,1.2,0.6000000000000001,1.5,816.0,0.5,5,COMPLETE
66,66,0.9839214344629365,2025-06-22 17:05:56.686381,2025-06-22 17:06:01.122229,0 days 00:00:04.435848,1784.0,0.05,3m,2.4000000000000004,0.0,2.0,1000.0,3432,0.035,8m,1.6,0.0,1.0,128,7696.0,0.04,9m,2.0,0.0,1.5,336.0,,,,,,,,,,,,,,,,,,,,,,,,,,,,,,,,,,,,,,,,,,,7608.0,0.025,9m,1.6,0.6000000000000001,1.0,864.0,0.4,4,COMPLETE
67,67,1.0110907079516278,2025-06-22 17:06:01.159943,2025-06-22 17:06:09.977319,0 days 00:00:08.817376,2520.0,0.04,8m,1.2,0.2,1.0,944.0,1344,0.045000000000000005,6m,2.0,0.2,1.5,856,5720.0,0.035,4m,2.8,1.0,1.0,600.0,5240.0,0.02,7m,1.4,0.2,1.0,624.0,,,,,,,,6456.0,0.04,7m,2.2,0.8,2.0,568.0,1680.0,0.015,5m,2.2,1.0,0.5,664.0,3576.0,0.015,5m,1.2,0.8,1.0,304.0,5784.0,0.025,5m,1.4,0.8,1.5,288.0,6888.0,0.02,7m,2.2,0.4,1.5,392.0,0.25,9,COMPLETE
68,68,0.9516645234642239,2025-06-22 17:06:10.029285,2025-06-22 17:06:19.302289,0 days 00:00:09.273004,8192.0,0.035,5m,2.0,1.0,1.5,904.0,1656,0.04,9m,1.8,0.4,1.0,736,2728.0,0.04,5m,2.4000000000000004,0.0,0.5,504.0,,,,,,,,,,,,,,,,,,,,,,5640.0,0.03,2m,2.4000000000000004,0.8,1.5,480.0,2088.0,0.01,3m,3.0,1.0,1.5,552.0,5280.0,0.05,3m,1.2,0.6000000000000001,2.0,360.0,3384.0,0.04,5m,1.0,0.6000000000000001,1.0,672.0,0.45,7,COMPLETE
69,69,0.9845798719558346,2025-06-22 17:06:19.331238,2025-06-22 17:06:28.471781,0 days 00:00:09.140543,3768.0,0.03,8m,1.6,0.8,1.0,712.0,1960,0.035,5m,1.4,0.0,0.5,960,2168.0,0.035,7m,3.0,0.4,2.0,480.0,,,,,,,,,,,,,,,3912.0,0.025,5m,2.0,1.0,1.5,272.0,4408.0,0.01,9m,2.6,1.0,1.0,568.0,3896.0,0.02,6m,1.4,0.6000000000000001,2.0,344.0,7904.0,0.03,2m,1.0,0.4,0.5,152.0,5136.0,0.015,3m,1.8,0.0,1.0,968.0,0.5,8,COMPLETE
70,70,1.0997100876616661,2025-06-22 17:06:28.518548,2025-06-22 17:06:39.115521,0 days 00:00:10.596973,3280.0,0.015,9m,1.4,0.4,1.0,768.0,2416,0.015,7m,2.8,0.2,1.0,888,3088.0,0.025,6m,1.6,0.0,1.5,240.0,2504.0,0.035,3m,1.8,0.6000000000000001,2.0,248.0,3704.0,0.035,8m,2.2,0.4,0.5,984.0,7208.0,0.02,9m,2.8,0.2,0.5,136.0,2712.0,0.025,3m,1.8,0.6000000000000001,0.5,632.0,2968.0,0.035,6m,1.2,0.4,1.5,416.0,4384.0,0.02,8m,2.4000000000000004,0.0,2.0,224.0,6040.0,0.035,4m,2.6,0.4,1.5,752.0,0.2,10,COMPLETE
71,71,1.0614577049137084,2025-06-22 17:06:39.150838,2025-06-22 17:06:49.481923,0 days 00:00:10.331085,3200.0,0.015,9m,1.4,0.4,1.0,792.0,1024,0.015,7m,2.8,0.2,1.0,888,3104.0,0.025,6m,1.6,0.0,1.5,304.0,2176.0,0.035,3m,1.8,0.6000000000000001,2.0,280.0,3488.0,0.035,8m,2.2,0.4,0.5,976.0,7448.0,0.02,9m,3.0,0.0,0.5,128.0,3464.0,0.025,3m,1.8,0.6000000000000001,0.5,640.0,3088.0,0.035,6m,1.2,0.4,1.5,384.0,4344.0,0.02,8m,2.4000000000000004,0.0,2.0,224.0,6024.0,0.035,4m,2.6,0.4,1.5,744.0,0.2,10,COMPLETE
72,72,0.9828450395976498,2025-06-22 17:06:49.528379,2025-06-22 17:07:03.018180,0 days 00:00:13.489801,3472.0,0.015,9m,1.0,0.6000000000000001,1.0,760.0,2504,0.015,7m,3.0,0.2,1.0,904,3104.0,0.025,6m,1.4,0.0,1.5,304.0,2680.0,0.035,3m,1.8,0.6000000000000001,2.0,224.0,3376.0,0.035,8m,1.8,0.4,0.5,944.0,7480.0,0.02,9m,3.0,0.0,0.5,136.0,3448.0,0.025,3m,1.8,0.6000000000000001,0.5,640.0,3208.0,0.035,6m,1.0,0.4,1.5,424.0,4624.0,0.015,8m,2.4000000000000004,0.0,2.0,248.0,5888.0,0.035,4m,2.6,0.4,1.5,736.0,0.2,10,COMPLETE
73,73,1.0998226789347032,2025-06-22 17:07:03.065643,2025-06-22 17:07:12.255207,0 days 00:00:09.189564,2848.0,0.015,9m,1.4,0.4,1.0,824.0,2104,0.015,7m,2.8,0.2,1.0,832,3496.0,0.025,6m,1.6,0.0,1.5,216.0,3912.0,0.035,3m,2.2,0.8,2.0,312.0,,,,,,,,7320.0,0.02,9m,3.0,0.2,0.5,176.0,3200.0,0.025,3m,1.6,0.6000000000000001,0.5,752.0,2984.0,0.04,6m,1.4,0.2,1.5,520.0,4248.0,0.02,8m,2.6,0.0,2.0,216.0,6024.0,0.03,4m,2.6,0.4,1.5,768.0,0.15000000000000002,9,COMPLETE
74,74,1.0364878043826242,2025-06-22 17:07:12.293117,2025-06-22 17:07:21.834049,0 days 00:00:09.540932,2848.0,0.015,9m,1.4,0.4,1.0,800.0,2136,0.015,7m,2.8,0.2,1.0,832,3600.0,0.025,6m,1.6,0.0,1.5,160.0,3776.0,0.035,3m,2.2,0.8,2.0,312.0,,,,,,,,7408.0,0.02,9m,3.0,0.2,0.5,184.0,3192.0,0.025,3m,1.8,0.6000000000000001,0.5,784.0,2912.0,0.04,6m,1.6,0.2,1.5,512.0,4344.0,0.02,8m,2.8,0.0,2.0,216.0,6120.0,0.03,4m,2.6,0.4,1.5,776.0,0.15000000000000002,9,COMPLETE
75,75,1.019369402254622,2025-06-22 17:07:21.865501,2025-06-22 17:07:33.547269,0 days 00:00:11.681768,3176.0,0.015,9m,1.4,0.4,1.0,776.0,3032,0.02,7m,2.8,0.2,1.0,936,4184.0,0.025,6m,1.4,0.0,1.5,224.0,1928.0,0.04,3m,2.0,0.6000000000000001,2.0,200.0,3664.0,0.045000000000000005,6m,2.4000000000000004,0.4,1.0,1016.0,7080.0,0.015,9m,2.8,0.2,0.5,208.0,3912.0,0.02,3m,2.0,0.4,0.5,728.0,3312.0,0.04,6m,1.4,0.2,1.5,608.0,3808.0,0.02,9m,2.6,0.0,2.0,264.0,5264.0,0.035,4m,2.8,0.4,1.5,704.0,0.2,10,COMPLETE
76,76,1.0065612181846484,2025-06-22 17:07:33.643875,2025-06-22 17:07:46.326302,0 days 00:00:12.682427,3904.0,0.01,9m,1.2,0.4,1.0,728.0,2408,0.015,7m,2.8,0.2,2.0,1016,3824.0,0.02,6m,1.6,0.0,1.5,1016.0,2944.0,0.045000000000000005,3m,1.8,0.8,2.0,272.0,,,,,,,,7728.0,0.02,9m,2.8,0.0,0.5,264.0,3592.0,0.025,3m,1.4,0.6000000000000001,0.5,752.0,3008.0,0.045000000000000005,6m,1.4,0.0,0.5,536.0,3832.0,0.02,2m,2.8,0.0,2.0,160.0,4752.0,0.03,4m,2.6,0.4,1.5,640.0,0.1,9,COMPLETE
77,77,1.0290301742121983,2025-06-22 17:07:46.363611,2025-06-22 17:07:58.106345,0 days 00:00:11.742734,4200.0,0.015,9m,1.4,0.4,0.5,832.0,3320,0.01,7m,2.8,0.6000000000000001,1.0,888,3368.0,0.025,6m,1.2,0.0,1.5,248.0,4048.0,0.035,3m,2.2,0.6000000000000001,2.0,472.0,2136.0,0.035,2m,3.0,0.2,0.5,840.0,6984.0,0.015,9m,3.0,0.2,0.5,128.0,4184.0,0.03,3m,1.8,0.6000000000000001,0.5,864.0,3416.0,0.035,6m,1.8,0.2,2.0,480.0,4168.0,0.015,4m,2.4000000000000004,0.0,2.0,232.0,6512.0,0.035,4m,3.0,0.4,0.5,736.0,0.15000000000000002,10,COMPLETE
78,78,1.0602362928889728,2025-06-22 17:07:58.144025,2025-06-22 17:08:08.165817,0 days 00:00:10.021792,4544.0,0.02,9m,1.2,0.6000000000000001,1.0,664.0,5624,0.02,7m,3.0,0.4,1.0,968,2376.0,0.02,6m,1.8,0.0,1.5,128.0,1832.0,0.03,3m,2.4000000000000004,0.4,2.0,200.0,,,,,,,,7280.0,0.025,9m,3.0,0.0,0.5,184.0,3080.0,0.025,3m,1.6,0.6000000000000001,0.5,688.0,2688.0,0.04,6m,1.0,0.4,1.5,568.0,7000.0,0.025,8m,2.6,0.0,2.0,288.0,5712.0,0.03,4m,2.4000000000000004,0.4,2.0,136.0,0.1,9,COMPLETE
79,79,0.9808625937507698,2025-06-22 17:08:08.206500,2025-06-22 17:08:18.414454,0 days 00:00:10.207954,4648.0,0.02,9m,1.4,0.6000000000000001,1.0,584.0,6240,0.02,7m,3.0,0.4,1.5,968,2840.0,0.02,6m,1.8,0.0,1.5,128.0,2240.0,0.03,3m,2.4000000000000004,0.4,2.0,208.0,,,,,,,,6792.0,0.025,9m,3.0,0.0,0.5,184.0,3184.0,0.02,3m,1.6,0.6000000000000001,0.5,688.0,2616.0,0.04,5m,1.2,0.4,1.5,568.0,6880.0,0.025,3m,2.6,0.0,2.0,320.0,6112.0,0.03,4m,2.4000000000000004,0.4,2.0,328.0,0.1,9,COMPLETE
80,80,0.8781369251980778,2025-06-22 17:08:18.594272,2025-06-22 17:08:33.253747,0 days 00:00:14.659475,2096.0,0.015,9m,1.2,0.6000000000000001,1.0,648.0,5816,0.015,2m,2.6,0.4,0.5,872,2400.0,0.02,6m,1.4,0.0,1.5,160.0,1696.0,0.035,3m,2.4000000000000004,0.6000000000000001,2.0,336.0,4496.0,0.03,4m,1.6,0.8,1.0,824.0,7352.0,0.02,9m,2.8,0.0,0.5,256.0,2752.0,0.025,3m,1.6,0.4,0.5,824.0,7000.0,0.045000000000000005,6m,1.0,0.4,1.5,632.0,7520.0,0.02,5m,2.8,0.0,2.0,280.0,5736.0,0.03,4m,2.8,0.4,2.0,144.0,0.15000000000000002,10,COMPLETE
81,81,1.061834635781422,2025-06-22 17:08:33.288583,2025-06-22 17:08:41.181020,0 days 00:00:07.892437,3056.0,0.02,9m,1.2,0.6000000000000001,1.0,680.0,5536,0.015,7m,3.0,0.2,1.0,920,2048.0,0.025,6m,1.6,0.0,1.5,208.0,,,,,,,,,,,,,,,8128.0,0.025,9m,3.0,0.2,0.5,160.0,3544.0,0.025,3m,1.8,0.6000000000000001,0.5,704.0,3128.0,0.035,6m,1.0,0.4,1.5,592.0,4616.0,0.02,8m,2.4000000000000004,0.0,2.0,216.0,5560.0,0.035,4m,2.6,0.4,2.0,200.0,0.15000000000000002,8,COMPLETE
82,82,1.003149466427748,2025-06-22 17:08:41.215213,2025-06-22 17:08:50.791233,0 days 00:00:09.576020,3120.0,0.02,9m,1.0,0.6000000000000001,1.0,696.0,5184,0.015,7m,3.0,0.4,1.0,832,1832.0,0.025,6m,1.6,0.0,1.5,200.0,2920.0,0.04,3m,2.6,0.4,2.0,168.0,,,,,,,,8072.0,0.025,9m,2.8,0.2,0.5,160.0,6656.0,0.025,3m,1.2,0.6000000000000001,0.5,696.0,3104.0,0.04,6m,1.0,0.4,1.5,600.0,6808.0,0.02,8m,2.4000000000000004,0.0,2.0,216.0,5560.0,0.035,4m,2.6,0.4,2.0,200.0,0.15000000000000002,9,COMPLETE
83,83,0.9484413840122381,2025-06-22 17:08:50.904347,2025-06-22 17:09:01.014509,0 days 00:00:10.110162,3656.0,0.01,9m,1.2,0.6000000000000001,1.0,672.0,5504,0.015,7m,3.0,0.2,1.0,944,2048.0,0.03,6m,1.8,0.0,1.5,144.0,2040.0,0.03,3m,2.8,0.8,1.5,256.0,,,,,,,,7872.0,0.02,9m,3.0,0.2,0.5,232.0,3032.0,0.03,3m,1.8,0.6000000000000001,0.5,128.0,3672.0,0.035,6m,1.2,0.4,1.5,672.0,6376.0,0.025,8m,2.6,0.0,2.0,384.0,5576.0,0.025,4m,2.4000000000000004,0.4,2.0,248.0,0.1,9,COMPLETE
84,84,1.045533392070095,2025-06-22 17:09:01.083877,2025-06-22 17:09:09.320457,0 days 00:00:08.236580,3320.0,0.02,9m,1.2,0.6000000000000001,1.0,624.0,5312,0.01,6m,2.6,0.4,1.0,920,1296.0,0.025,6m,1.6,0.0,1.5,216.0,,,,,,,,,,,,,,,7584.0,0.025,9m,3.0,0.0,0.5,152.0,3520.0,0.025,3m,1.4,0.6000000000000001,0.5,752.0,2248.0,0.04,7m,1.0,0.4,1.5,568.0,4656.0,0.015,8m,2.4000000000000004,0.2,2.0,160.0,5992.0,0.035,4m,2.4000000000000004,0.4,2.0,176.0,0.2,8,COMPLETE
85,85,0.9656303499962228,2025-06-22 17:09:09.351736,2025-06-22 17:09:18.529107,0 days 00:00:09.177371,2792.0,0.02,9m,1.2,0.4,1.0,704.0,6024,0.02,7m,3.0,0.2,1.0,880,2664.0,0.015,6m,1.4,0.0,1.5,176.0,,,,,,,,,,,,,,,7200.0,0.025,8m,3.0,0.4,0.5,312.0,4632.0,0.02,3m,2.0,0.4,0.5,880.0,1944.0,0.05,6m,1.0,0.2,2.0,472.0,7056.0,0.02,2m,2.4000000000000004,0.0,2.0,328.0,6512.0,0.03,4m,2.6,0.2,2.0,136.0,0.2,8,COMPLETE
86,86,0.9447346011922827,2025-06-22 17:09:18.571329,2025-06-22 17:09:28.341511,0 days 00:00:09.770182,2592.0,0.015,9m,1.4,0.6000000000000001,1.0,528.0,6832,0.01,9m,2.8,0.6000000000000001,1.0,1000,3488.0,0.02,6m,1.6,0.0,0.5,272.0,4936.0,0.045000000000000005,8m,1.6,1.0,2.0,360.0,4320.0,0.035,8m,2.4000000000000004,0.2,2.0,496.0,8128.0,0.02,9m,2.8,0.2,1.0,216.0,2392.0,0.025,3m,1.6,0.6000000000000001,2.0,648.0,2592.0,0.035,6m,1.2,0.4,1.5,408.0,4296.0,0.025,6m,2.6,0.0,1.5,256.0,4584.0,0.035,4m,2.4000000000000004,0.4,2.0,272.0,0.05,10,COMPLETE
87,87,1.0505428306757225,2025-06-22 17:09:28.376678,2025-06-22 17:09:38.662440,0 days 00:00:10.285762,3040.0,0.01,9m,1.0,0.4,1.0,728.0,4520,0.015,3m,2.8,0.2,1.0,896,3096.0,0.03,6m,1.8,0.0,1.5,232.0,1512.0,0.035,9m,2.2,0.6000000000000001,2.0,144.0,,,,,,,,7728.0,0.03,6m,2.6,0.0,0.5,168.0,7104.0,0.03,2m,1.8,0.6000000000000001,0.5,712.0,2816.0,0.04,6m,1.2,0.4,1.5,752.0,7520.0,0.02,8m,2.4000000000000004,0.2,2.0,232.0,6368.0,0.025,4m,2.6,0.4,2.0,216.0,0.1,9,COMPLETE
