,number,value,datetime_start,datetime_complete,duration,params_AAPL_CDW_beta_win,params_AAPL_CDW_stop_loss,params_AAPL_CDW_trade_freq,params_AAPL_CDW_z_entry,params_AAPL_CDW_z_exit,params_AAPL_CDW_z_stop_scaler,params_AAPL_CDW_z_win,params_ADP_PDD_beta_win,params_ADP_PDD_stop_loss,params_ADP_PDD_trade_freq,params_ADP_PDD_z_entry,params_ADP_PDD_z_exit,params_ADP_PDD_z_stop_scaler,params_ADP_PDD_z_win,params_ADSK_QCOM_beta_win,params_ADSK_QCOM_stop_loss,params_ADSK_QCOM_trade_freq,params_ADSK_QCOM_z_entry,params_ADSK_QCOM_z_exit,params_ADSK_QCOM_z_stop_scaler,params_ADSK_QCOM_z_win,params_ALGN_EA_beta_win,params_ALGN_EA_stop_loss,params_ALGN_EA_trade_freq,params_ALGN_EA_z_entry,params_ALGN_EA_z_exit,params_ALGN_EA_z_stop_scaler,params_ALGN_EA_z_win,params_ALGN_QCOM_beta_win,params_ALGN_QCOM_stop_loss,params_ALGN_QCOM_trade_freq,params_ALGN_QCOM_z_entry,params_ALGN_QCOM_z_exit,params_ALGN_QCOM_z_stop_scaler,params_ALGN_QCOM_z_win,params_AMD_QCOM_beta_win,params_AMD_QCOM_stop_loss,params_AMD_QCOM_trade_freq,params_AMD_QCOM_z_entry,params_AMD_QCOM_z_exit,params_AMD_QCOM_z_stop_scaler,params_AMD_QCOM_z_win,params_AVGO_QCOM_beta_win,params_AVGO_QCOM_stop_loss,params_AVGO_QCOM_trade_freq,params_AVGO_QCOM_z_entry,params_AVGO_QCOM_z_exit,params_AVGO_QCOM_z_stop_scaler,params_AVGO_QCOM_z_win,params_BIDU_CSCO_beta_win,params_BIDU_CSCO_stop_loss,params_BIDU_CSCO_trade_freq,params_BIDU_CSCO_z_entry,params_BIDU_CSCO_z_exit,params_BIDU_CSCO_z_stop_scaler,params_BIDU_CSCO_z_win,params_CMCSA_WDAY_beta_win,params_CMCSA_WDAY_stop_loss,params_CMCSA_WDAY_trade_freq,params_CMCSA_WDAY_z_entry,params_CMCSA_WDAY_z_exit,params_CMCSA_WDAY_z_stop_scaler,params_CMCSA_WDAY_z_win,params_DLTR_VRTX_beta_win,params_DLTR_VRTX_stop_loss,params_DLTR_VRTX_trade_freq,params_DLTR_VRTX_z_entry,params_DLTR_VRTX_z_exit,params_DLTR_VRTX_z_stop_scaler,params_DLTR_VRTX_z_win,params_DOCU_ILMN_beta_win,params_DOCU_ILMN_stop_loss,params_DOCU_ILMN_trade_freq,params_DOCU_ILMN_z_entry,params_DOCU_ILMN_z_exit,params_DOCU_ILMN_z_stop_scaler,params_DOCU_ILMN_z_win,params_DOCU_TEAM_beta_win,params_DOCU_TEAM_stop_loss,params_DOCU_TEAM_trade_freq,params_DOCU_TEAM_z_entry,params_DOCU_TEAM_z_exit,params_DOCU_TEAM_z_stop_scaler,params_DOCU_TEAM_z_win,params_FB_PCAR_beta_win,params_FB_PCAR_stop_loss,params_FB_PCAR_trade_freq,params_FB_PCAR_z_entry,params_FB_PCAR_z_exit,params_FB_PCAR_z_stop_scaler,params_FB_PCAR_z_win,params_FISV_VRTX_beta_win,params_FISV_VRTX_stop_loss,params_FISV_VRTX_trade_freq,params_FISV_VRTX_z_entry,params_FISV_VRTX_z_exit,params_FISV_VRTX_z_stop_scaler,params_FISV_VRTX_z_win,params_FOXA_QCOM_beta_win,params_FOXA_QCOM_stop_loss,params_FOXA_QCOM_trade_freq,params_FOXA_QCOM_z_entry,params_FOXA_QCOM_z_exit,params_FOXA_QCOM_z_stop_scaler,params_FOXA_QCOM_z_win,params_FOX_QCOM_beta_win,params_FOX_QCOM_stop_loss,params_FOX_QCOM_trade_freq,params_FOX_QCOM_z_entry,params_FOX_QCOM_z_exit,params_FOX_QCOM_z_stop_scaler,params_FOX_QCOM_z_win,params_GILD_MU_beta_win,params_GILD_MU_stop_loss,params_GILD_MU_trade_freq,params_GILD_MU_z_entry,params_GILD_MU_z_exit,params_GILD_MU_z_stop_scaler,params_GILD_MU_z_win,params_GOOGL_PCAR_beta_win,params_GOOGL_PCAR_stop_loss,params_GOOGL_PCAR_trade_freq,params_GOOGL_PCAR_z_entry,params_GOOGL_PCAR_z_exit,params_GOOGL_PCAR_z_stop_scaler,params_GOOGL_PCAR_z_win,params_GOOG_PCAR_beta_win,params_GOOG_PCAR_stop_loss,params_GOOG_PCAR_trade_freq,params_GOOG_PCAR_z_entry,params_GOOG_PCAR_z_exit,params_GOOG_PCAR_z_stop_scaler,params_GOOG_PCAR_z_win,params_ILMN_MTCH_beta_win,params_ILMN_MTCH_stop_loss,params_ILMN_MTCH_trade_freq,params_ILMN_MTCH_z_entry,params_ILMN_MTCH_z_exit,params_ILMN_MTCH_z_stop_scaler,params_ILMN_MTCH_z_win,params_ILMN_TEAM_beta_win,params_ILMN_TEAM_stop_loss,params_ILMN_TEAM_trade_freq,params_ILMN_TEAM_z_entry,params_ILMN_TEAM_z_exit,params_ILMN_TEAM_z_stop_scaler,params_ILMN_TEAM_z_win,params_ILMN_VRTX_beta_win,params_ILMN_VRTX_stop_loss,params_ILMN_VRTX_trade_freq,params_ILMN_VRTX_z_entry,params_ILMN_VRTX_z_exit,params_ILMN_VRTX_z_stop_scaler,params_ILMN_VRTX_z_win,params_INTU_VRTX_beta_win,params_INTU_VRTX_stop_loss,params_INTU_VRTX_trade_freq,params_INTU_VRTX_z_entry,params_INTU_VRTX_z_exit,params_INTU_VRTX_z_stop_scaler,params_INTU_VRTX_z_win,params_NVDA_VRTX_beta_win,params_NVDA_VRTX_stop_loss,params_NVDA_VRTX_trade_freq,params_NVDA_VRTX_z_entry,params_NVDA_VRTX_z_exit,params_NVDA_VRTX_z_stop_scaler,params_NVDA_VRTX_z_win,params_PCAR_CDW_beta_win,params_PCAR_CDW_stop_loss,params_PCAR_CDW_trade_freq,params_PCAR_CDW_z_entry,params_PCAR_CDW_z_exit,params_PCAR_CDW_z_stop_scaler,params_PCAR_CDW_z_win,params_PCAR_PAYX_beta_win,params_PCAR_PAYX_stop_loss,params_PCAR_PAYX_trade_freq,params_PCAR_PAYX_z_entry,params_PCAR_PAYX_z_exit,params_PCAR_PAYX_z_stop_scaler,params_PCAR_PAYX_z_win,params_PCAR_VRTX_beta_win,params_PCAR_VRTX_stop_loss,params_PCAR_VRTX_trade_freq,params_PCAR_VRTX_z_entry,params_PCAR_VRTX_z_exit,params_PCAR_VRTX_z_stop_scaler,params_PCAR_VRTX_z_win,params_PYPL_QCOM_beta_win,params_PYPL_QCOM_stop_loss,params_PYPL_QCOM_trade_freq,params_PYPL_QCOM_z_entry,params_PYPL_QCOM_z_exit,params_PYPL_QCOM_z_stop_scaler,params_PYPL_QCOM_z_win,params_REGN_CTAS_beta_win,params_REGN_CTAS_stop_loss,params_REGN_CTAS_trade_freq,params_REGN_CTAS_z_entry,params_REGN_CTAS_z_exit,params_REGN_CTAS_z_stop_scaler,params_REGN_CTAS_z_win,params_TEAM_VRTX_beta_win,params_TEAM_VRTX_stop_loss,params_TEAM_VRTX_trade_freq,params_TEAM_VRTX_z_entry,params_TEAM_VRTX_z_exit,params_TEAM_VRTX_z_stop_scaler,params_TEAM_VRTX_z_win,params_buffer_capital,params_pairs_to_trade,state
25,25,0.9585580170007457,2025-06-22 16:16:29.430055,2025-06-22 16:16:52.288374,0 days 00:00:22.858319,5856.0,0.04,4m,1.8,0.8,0.5,696.0,4728,0.025,2m,2.8,0.6000000000000001,1.0,136,4704,0.025,1m,2.8,0.6000000000000001,1.0,648,4216.0,0.035,5m,1.6,0.6000000000000001,1.0,656.0,5072.0,0.02,1m,1.8,0.4,1.0,576.0,4880,0.025,5m,2.8,0.4,1.0,712,4464.0,0.04,4m,1.2,0.2,1.5,608.0,5984,0.02,3m,2.8,0.6000000000000001,1.5,256,,,,,,,,,,,,,,,3656.0,0.015,5m,2.8,1.0,1.5,208.0,,,,,,,,5080.0,0.035,4m,1.8,0.6000000000000001,2.0,568.0,2584,0.035,2m,2.2,0.4,1.0,928,4560.0,0.045000000000000005,1m,1.8,0.8,0.5,712.0,8128,0.025,5m,1.4,0.4,1.5,480,7328.0,0.045000000000000005,1m,1.2,0.6000000000000001,0.5,816.0,4784,0.015,5m,1.6,0.6000000000000001,1.0,672,2888,0.045000000000000005,5m,2.6,0.2,1.5,792,,,,,,,,,,,,,,,,,,,,,,,,,,,,,,,,,,,,8160.0,0.03,2m,2.0,0.6000000000000001,1.0,600.0,1840.0,0.05,2m,1.6,0.6000000000000001,1.5,520.0,3792.0,0.025,2m,2.4000000000000004,0.8,1.5,776.0,2992,0.04,1m,2.0,0.8,1.5,840,1600,0.015,5m,2.0,0.0,1.0,544,2016.0,0.01,1m,2.6,0.4,1.5,864.0,0.1,22,COMPLETE
26,26,1.0147206832549638,2025-06-22 16:16:52.338909,2025-06-22 16:17:17.653438,0 days 00:00:25.314529,2456.0,0.05,2m,2.0,0.4,1.0,1024.0,3160,0.02,4m,2.0,0.8,1.5,344,2784,0.045000000000000005,3m,2.4000000000000004,0.8,0.5,752,5768.0,0.02,1m,1.0,0.2,1.5,808.0,7088.0,0.03,2m,2.8,0.8,1.5,248.0,5744,0.035,5m,2.2,0.8,0.5,592,2888.0,0.03,2m,2.0,0.6000000000000001,0.5,808.0,3584,0.015,2m,2.2,0.8,1.0,496,5728.0,0.045000000000000005,4m,1.4,0.2,0.5,320.0,,,,,,,,1816.0,0.01,2m,2.4000000000000004,0.8,1.0,472.0,1032.0,0.01,1m,2.2,0.8,0.5,552.0,3784.0,0.03,5m,1.2,1.0,1.0,672.0,4400,0.045000000000000005,1m,2.6,0.2,1.5,1024,6888.0,0.035,3m,2.6,0.2,0.5,848.0,5152,0.015,4m,2.0,0.8,2.0,216,6232.0,0.04,2m,2.8,0.2,0.5,928.0,7576,0.045000000000000005,4m,1.2,0.4,0.5,480,4312,0.035,1m,2.2,0.0,1.0,880,,,,,,,,,,,,,,,5176.0,0.02,3m,1.4,0.8,1.5,320.0,5344.0,0.03,3m,1.4,1.0,0.5,632.0,,,,,,,,5480.0,0.02,3m,2.6,1.0,0.5,768.0,6752.0,0.04,4m,1.2,0.8,1.5,816.0,5760.0,0.015,4m,1.8,0.4,0.5,504.0,1680,0.035,4m,2.2,0.6000000000000001,2.0,320,2656,0.035,1m,1.8,0.2,1.5,800,2912.0,0.045000000000000005,4m,2.8,1.0,1.0,768.0,0.2,26,COMPLETE
27,27,1.002858859791649,2025-06-22 16:17:17.716534,2025-06-22 16:17:28.361466,0 days 00:00:10.644932,,,,,,,,3112,0.02,4m,2.0,0.2,2.0,272,2896,0.01,3m,2.4000000000000004,1.0,2.0,592,,,,,,,,,,,,,,,6000,0.035,5m,2.2,0.8,0.5,304,,,,,,,,3648,0.015,2m,2.2,0.6000000000000001,1.5,504,,,,,,,,,,,,,,,,,,,,,,,,,,,,,,,,,,,,5672,0.045000000000000005,1m,2.8,0.2,1.5,1008,,,,,,,,5064,0.01,4m,2.0,0.8,2.0,232,,,,,,,,7456,0.045000000000000005,4m,2.0,0.4,0.5,376,5032,0.035,1m,2.4000000000000004,0.0,1.0,664,,,,,,,,,,,,,,,,,,,,,,,,,,,,,,,,,,,,,,,,,,,,,,,,,,,,,,,,,1600,0.035,4m,2.4000000000000004,0.4,2.0,304,2736,0.035,1m,1.8,0.4,2.0,808,,,,,,,,0.3,10,COMPLETE
28,28,0.9911366200577038,2025-06-22 16:17:28.404600,2025-06-22 16:17:55.342689,0 days 00:00:26.938089,2416.0,0.045000000000000005,2m,1.6,0.4,1.0,872.0,4176,0.025,4m,1.8,1.0,1.5,536,1640,0.035,3m,2.4000000000000004,0.8,1.0,496,6912.0,0.02,1m,1.4,0.0,1.0,464.0,7440.0,0.04,2m,2.4000000000000004,0.8,0.5,728.0,6488,0.045000000000000005,5m,1.8,0.6000000000000001,0.5,456,2960.0,0.02,2m,1.2,0.6000000000000001,0.5,800.0,2624,0.015,2m,2.0,1.0,2.0,768,5600.0,0.045000000000000005,4m,1.8,0.2,1.5,304.0,3272.0,0.02,2m,2.4000000000000004,0.4,2.0,992.0,5848.0,0.01,1m,2.4000000000000004,0.8,0.5,472.0,1032.0,0.01,1m,2.4000000000000004,0.8,0.5,608.0,3744.0,0.03,5m,1.2,1.0,1.0,672.0,4384,0.05,2m,2.6,0.4,1.5,1024,3504.0,0.03,3m,2.6,0.2,1.0,864.0,4344,0.015,4m,2.6,0.8,1.5,544,4504.0,0.04,2m,1.8,0.0,0.5,872.0,6648,0.015,4m,1.4,0.2,0.5,512,4168,0.04,1m,2.2,0.0,1.0,984,3616.0,0.05,4m,2.2,1.0,1.0,704.0,,,,,,,,5680.0,0.015,3m,1.4,0.8,1.5,320.0,5104.0,0.025,3m,2.2,1.0,0.5,616.0,,,,,,,,3704.0,0.015,3m,2.6,1.0,1.5,736.0,7072.0,0.04,4m,1.6,0.8,1.0,920.0,5728.0,0.015,4m,1.4,0.4,0.5,512.0,1056,0.045000000000000005,4m,2.4000000000000004,0.6000000000000001,2.0,232,4072,0.045000000000000005,1m,1.4,0.2,2.0,872,2976.0,0.045000000000000005,4m,2.8,1.0,1.0,760.0,0.1,28,COMPLETE
29,29,0.9619913828390745,2025-06-22 16:17:55.394239,2025-06-22 16:18:28.266446,0 days 00:00:32.872207,1168.0,0.035,2m,1.2,0.2,1.0,1024.0,2008,0.02,4m,2.6,0.6000000000000001,1.5,384,3512,0.02,3m,2.2,0.4,0.5,576,5808.0,0.01,1m,1.8,0.2,1.5,792.0,5056.0,0.03,2m,2.2,1.0,1.0,400.0,7424,0.03,3m,2.4000000000000004,0.8,0.5,400,2816.0,0.03,2m,1.6,0.4,0.5,928.0,5104,0.02,2m,1.6,0.4,1.5,624,4064.0,0.045000000000000005,4m,2.2,0.0,2.0,248.0,2024.0,0.05,1m,1.8,0.2,1.5,432.0,1576.0,0.01,1m,2.2,1.0,1.0,328.0,2184.0,0.02,1m,2.2,0.8,0.5,616.0,3488.0,0.025,5m,1.6,1.0,1.0,808.0,3328,0.04,1m,3.0,0.6000000000000001,1.0,624,6664.0,0.025,3m,2.6,0.2,0.5,864.0,5240,0.015,4m,2.2,0.6000000000000001,1.5,368,7728.0,0.03,2m,2.4000000000000004,0.2,0.5,784.0,7424,0.045000000000000005,4m,1.2,0.4,0.5,920,6432,0.05,4m,1.0,0.0,1.0,176,6024.0,0.02,1m,1.2,0.2,0.5,296.0,5280.0,0.035,3m,2.2,0.4,2.0,704.0,5368.0,0.02,3m,1.0,0.8,1.0,128.0,5472.0,0.015,3m,1.8,0.8,0.5,432.0,1040.0,0.05,1m,1.0,0.0,0.5,960.0,5320.0,0.01,3m,2.8,1.0,1.0,912.0,3248.0,0.035,4m,1.8,1.0,2.0,840.0,5728.0,0.015,4m,1.8,0.2,0.5,392.0,2328,0.04,4m,2.0,0.6000000000000001,2.0,408,3112,0.035,1m,1.2,0.4,1.5,736,2096.0,0.04,1m,3.0,1.0,1.0,656.0,0.35000000000000003,30,COMPLETE
30,30,0.9226818240546353,2025-06-22 16:18:28.333762,2025-06-22 16:18:53.427986,0 days 00:00:25.094224,2328.0,0.04,2m,2.0,0.2,0.5,432.0,2952,0.015,4m,2.4000000000000004,0.8,2.0,200,2912,0.04,3m,1.6,0.8,0.5,712,4800.0,0.015,1m,1.2,0.2,2.0,680.0,7776.0,0.04,2m,2.8,0.8,2.0,240.0,5696,0.035,4m,2.4000000000000004,0.2,0.5,552,1032.0,0.01,2m,2.0,0.6000000000000001,0.5,168.0,3904,0.015,2m,2.0,0.8,1.0,704,6728.0,0.045000000000000005,4m,1.6,0.4,1.0,144.0,,,,,,,,6760.0,0.015,2m,2.8,0.8,1.5,392.0,1936.0,0.015,1m,1.8,1.0,1.0,272.0,4040.0,0.035,5m,1.2,0.8,1.0,872.0,4424,0.045000000000000005,4m,2.8,0.4,0.5,856,4568.0,0.045000000000000005,3m,3.0,0.4,1.0,1008.0,5920,0.04,4m,1.8,1.0,1.0,216,7056.0,0.02,2m,1.4,0.0,0.5,952.0,7880,0.03,4m,1.6,0.2,0.5,544,4216,0.03,3m,2.8,0.2,0.5,576,,,,,,,,,,,,,,,7080.0,0.015,2m,1.6,1.0,1.5,304.0,5736.0,0.015,4m,1.4,1.0,0.5,296.0,,,,,,,,2256.0,0.02,3m,2.6,1.0,0.5,776.0,5024.0,0.025,4m,1.2,0.8,1.5,928.0,4056.0,0.035,4m,1.8,0.2,0.5,512.0,1528,0.03,2m,2.2,0.2,0.5,192,3648,0.05,1m,1.4,0.2,1.5,656,3976.0,0.045000000000000005,1m,1.8,1.0,1.0,648.0,0.15000000000000002,26,COMPLETE
31,31,0.9892901630342416,2025-06-22 16:18:53.471189,2025-06-22 16:19:07.224555,0 days 00:00:13.753366,,,,,,,,3160,0.02,4m,2.0,0.2,2.0,272,2936,0.01,3m,2.4000000000000004,1.0,2.0,592,,,,,,,,7112.0,0.035,3m,2.6,0.6000000000000001,0.5,816.0,6176,0.035,5m,2.2,0.8,0.5,320,,,,,,,,3520,0.015,2m,2.2,0.6000000000000001,1.5,504,,,,,,,,,,,,,,,2888.0,0.035,2m,2.6,1.0,0.5,536.0,,,,,,,,,,,,,,,5480,0.045000000000000005,1m,2.8,0.2,1.5,968,,,,,,,,5000,0.01,4m,2.0,0.8,2.0,232,5864.0,0.04,2m,2.4000000000000004,0.0,1.0,352.0,7552,0.045000000000000005,4m,2.2,0.4,0.5,376,5272,0.035,1m,2.4000000000000004,0.0,1.0,680,,,,,,,,,,,,,,,,,,,,,,,,,,,,,,,,,,,,,,,,,,,,,,,,,,,,,,,,,1624,0.035,4m,2.4000000000000004,0.4,2.0,328,2688,0.035,1m,1.8,0.4,2.0,848,1592.0,0.05,3m,1.0,0.8,1.5,824.0,0.3,14,COMPLETE
32,32,0.9965938753347248,2025-06-22 16:19:07.267745,2025-06-22 16:19:18.973822,0 days 00:00:11.706077,,,,,,,,3208,0.02,4m,2.0,0.2,2.0,400,2152,0.025,3m,2.4000000000000004,1.0,2.0,576,,,,,,,,,,,,,,,6608,0.04,5m,2.2,0.8,0.5,232,,,,,,,,2936,0.01,2m,2.4000000000000004,0.6000000000000001,1.5,464,,,,,,,,,,,,,,,,,,,,,,,,,,,,,,,,,,,,5256,0.05,1m,3.0,0.2,1.5,920,,,,,,,,4048,0.01,4m,2.0,0.8,2.0,336,,,,,,,,6656,0.045000000000000005,4m,2.0,0.4,0.5,216,4984,0.035,1m,2.2,0.0,1.0,864,,,,,,,,,,,,,,,,,,,,,,,,,,,,,,,,,,,,,,,,,,,,,,,,,,,,,,,,,2184,0.035,4m,2.4000000000000004,0.4,2.0,328,3160,0.04,1m,1.8,0.4,2.0,784,3184.0,0.04,2m,2.2,1.0,0.5,968.0,0.45,11,COMPLETE
33,33,0.9817910195443315,2025-06-22 16:19:19.026212,2025-06-22 16:19:29.262916,0 days 00:00:10.236704,,,,,,,,4152,0.015,4m,1.8,0.4,1.5,280,1104,0.015,3m,2.0,1.0,1.5,536,,,,,,,,,,,,,,,6880,0.035,5m,2.0,1.0,0.5,368,,,,,,,,4704,0.015,2m,2.2,0.6000000000000001,1.5,408,,,,,,,,,,,,,,,,,,,,,,,,,,,,,,,,,,,,6368,0.045000000000000005,1m,2.4000000000000004,0.2,1.5,1024,,,,,,,,6400,0.015,4m,1.6,0.8,2.0,256,,,,,,,,7464,0.05,4m,2.4000000000000004,0.6000000000000001,0.5,416,5616,0.035,1m,2.4000000000000004,0.0,1.0,784,,,,,,,,,,,,,,,,,,,,,,,,,,,,,,,,,,,,,,,,,,,,,,,,,,,,,,,,,2728,0.035,4m,2.8,0.6000000000000001,2.0,280,2488,0.025,1m,2.0,0.2,2.0,904,,,,,,,,0.25,10,COMPLETE
34,34,0.9750536737956098,2025-06-22 16:19:29.313157,2025-06-22 16:19:43.391934,0 days 00:00:14.078777,,,,,,,,2192,0.02,4m,1.6,0.0,1.5,528,2552,0.03,1m,2.6,0.8,2.0,624,,,,,,,,6912.0,0.015,2m,1.2,1.0,1.5,360.0,7560,0.03,5m,2.6,0.4,0.5,192,,,,,,,,1408,0.025,2m,1.8,0.8,2.0,640,,,,,,,,,,,,,,,3064.0,0.035,3m,2.0,0.8,0.5,248.0,,,,,,,,,,,,,,,5864,0.05,1m,2.6,0.4,1.5,952,,,,,,,,5296,0.01,4m,1.8,0.6000000000000001,2.0,200,,,,,,,,6808,0.02,4m,2.0,0.4,0.5,464,7080,0.04,2m,2.6,0.2,1.5,728,,,,,,,,,,,,,,,,,,,,,,,,,,,,,,,,,,,,,,,,,,,,,,,,,,,,,,,,,1536,0.04,4m,2.2,0.4,2.0,144,3336,0.03,1m,1.6,0.2,1.5,1016,1952.0,0.03,1m,1.2,0.8,0.5,928.0,0.2,13,COMPLETE
35,35,1.0077723251800004,2025-06-22 16:19:43.446566,2025-06-22 16:19:58.655996,0 days 00:00:15.209430,,,,,,,,3768,0.015,4m,1.8,0.2,2.0,216,2064,0.015,3m,2.0,1.0,2.0,936,5568.0,0.015,1m,2.4000000000000004,0.4,1.0,600.0,6064.0,0.03,2m,3.0,0.8,0.5,648.0,5496,0.04,2m,1.8,0.8,0.5,272,,,,,,,,3760,0.02,5m,1.0,0.4,1.0,536,,,,,,,,,,,,,,,4184.0,0.01,1m,3.0,1.0,1.0,312.0,,,,,,,,3288.0,0.02,3m,1.4,1.0,0.5,1000.0,3536,0.04,2m,2.8,0.2,1.0,880,,,,,,,,3216,0.015,4m,2.4000000000000004,1.0,0.5,320,8184.0,0.01,2m,2.8,0.2,0.5,848.0,5304,0.045000000000000005,4m,3.0,0.2,0.5,304,8168,0.045000000000000005,5m,2.0,0.0,0.5,640,,,,,,,,,,,,,,,,,,,,,,,,,,,,,,,,,,,,,,,,,,,,,,,,,,,,,,,,,2656,0.025,4m,2.8,0.6000000000000001,2.0,400,2904,0.035,1m,1.8,0.4,2.0,728,1184.0,0.035,5m,2.0,0.6000000000000001,1.0,864.0,0.25,16,COMPLETE
36,36,1.0018602440679096,2025-06-22 16:19:58.738100,2025-06-22 16:20:18.179057,0 days 00:00:19.440957,,,,,,,,3880,0.015,3m,1.8,0.4,1.5,200,1936,0.035,1m,2.0,0.8,1.5,952,5616.0,0.015,1m,2.4000000000000004,0.4,1.0,584.0,6160.0,0.03,2m,3.0,0.8,0.5,648.0,5456,0.045000000000000005,2m,1.8,0.6000000000000001,0.5,512,,,,,,,,4056,0.02,5m,1.0,0.4,1.0,544,,,,,,,,,,,,,,,4104.0,0.01,1m,3.0,1.0,1.0,296.0,,,,,,,,3288.0,0.02,3m,1.4,1.0,0.5,1000.0,3560,0.04,2m,3.0,0.6000000000000001,1.0,896,2736.0,0.04,1m,2.8,0.0,0.5,632.0,3384,0.02,4m,2.4000000000000004,1.0,0.5,328,8168.0,0.01,2m,2.8,0.2,0.5,168.0,5088,0.05,2m,3.0,0.2,0.5,280,7792,0.045000000000000005,5m,1.6,0.4,0.5,496,,,,,,,,,,,,,,,,,,,,,,,,,,,,,,,,,,,,,,,,,,,,,,,,,,,,,,,,,2648,0.02,3m,2.8,0.6000000000000001,1.5,408,4544,0.03,1m,1.6,0.0,2.0,600,1048.0,0.035,5m,1.6,0.6000000000000001,1.0,880.0,0.25,17,COMPLETE
37,37,0.9820069411516053,2025-06-22 16:20:18.241915,2025-06-22 16:20:33.792717,0 days 00:00:15.550802,,,,,,,,4968,0.015,1m,1.4,0.6000000000000001,1.5,192,2288,0.015,3m,1.8,1.0,1.5,936,6560.0,0.015,1m,2.6,0.2,1.0,608.0,6088.0,0.025,2m,2.8,1.0,0.5,600.0,5128,0.04,2m,1.6,0.2,1.0,144,,,,,,,,3064,0.02,5m,1.4,0.2,0.5,408,,,,,,,,,,,,,,,4696.0,0.015,1m,3.0,0.8,1.0,472.0,,,,,,,,2120.0,0.03,3m,1.2,1.0,0.5,920.0,4120,0.035,2m,2.4000000000000004,0.4,0.5,800,,,,,,,,2688,0.025,3m,2.8,1.0,0.5,424,7680.0,0.01,2m,3.0,0.2,0.5,856.0,3880,0.04,4m,3.0,0.0,1.0,256,6088,0.05,5m,1.8,0.2,0.5,408,,,,,,,,,,,,,,,,,,,,,,,,,,,,,,,,,,,,,,,,,,,,,,,,,,,,,,,,,2032,0.025,4m,2.6,0.6000000000000001,1.0,496,1728,0.025,4m,2.0,0.4,1.5,728,1584.0,0.025,5m,2.0,0.8,1.0,856.0,0.25,16,COMPLETE
38,38,0.9252831483033951,2025-06-22 16:20:33.832409,2025-06-22 16:20:53.068775,0 days 00:00:19.236366,,,,,,,,4392,0.01,4m,1.0,1.0,2.0,320,3704,0.05,2m,1.2,0.8,2.0,792,6288.0,0.02,1m,2.6,0.4,0.5,496.0,4944.0,0.035,2m,3.0,0.8,0.5,528.0,2192,0.05,2m,1.0,0.6000000000000001,0.5,424,3360.0,0.015,1m,1.6,0.4,0.5,792.0,2184,0.01,5m,1.0,0.2,1.0,928,,,,,,,,,,,,,,,2552.0,0.01,1m,2.8,1.0,1.0,352.0,,,,,,,,2432.0,0.02,3m,1.0,1.0,0.5,576.0,2816,0.04,2m,2.6,0.2,1.0,704,5488.0,0.035,5m,2.2,0.2,1.5,856.0,1808,0.015,4m,2.4000000000000004,1.0,0.5,456,6728.0,0.015,2m,2.6,0.4,1.0,976.0,5472,0.025,3m,1.0,0.0,0.5,336,7264,0.045000000000000005,5m,2.0,0.0,0.5,824,,,,,,,,,,,,,,,,,,,,,,,,,,,,,,,,,,,,,,,,,,,2352.0,0.04,5m,1.6,1.0,1.0,688.0,6512.0,0.025,4m,2.0,0.4,0.5,640.0,3416,0.03,5m,1.4,0.6000000000000001,2.0,248,4184,0.04,1m,1.0,0.8,1.5,472,2728.0,0.035,5m,2.0,0.6000000000000001,1.0,968.0,0.2,20,COMPLETE
39,39,0.9606646884971488,2025-06-22 16:20:53.135906,2025-06-22 16:21:16.606659,0 days 00:00:23.470753,3656.0,0.045000000000000005,2m,3.0,0.4,1.5,640.0,3592,0.03,5m,1.6,0.6000000000000001,1.5,408,1896,0.045000000000000005,1m,1.8,0.6000000000000001,1.5,360,7096.0,0.025,3m,2.4000000000000004,0.2,1.0,776.0,6816.0,0.03,2m,2.6,0.6000000000000001,1.0,704.0,1136,0.03,2m,1.6,0.0,0.5,248,2184.0,0.02,5m,1.2,0.0,1.0,456.0,4944,0.025,5m,1.8,0.4,1.0,616,5568.0,0.045000000000000005,4m,2.0,0.2,0.5,456.0,,,,,,,,3520.0,0.015,1m,2.4000000000000004,0.8,1.0,272.0,3960.0,0.015,2m,1.0,0.8,0.5,280.0,3272.0,0.025,2m,1.6,0.8,1.0,728.0,3472,0.035,2m,2.8,0.0,0.5,872,4176.0,0.03,3m,2.8,0.6000000000000001,0.5,736.0,3904,0.035,4m,2.2,0.4,1.5,176,7392.0,0.015,2m,2.2,0.4,0.5,760.0,5904,0.015,1m,2.8,0.2,0.5,784,8088,0.04,5m,1.6,0.4,1.5,248,,,,,,,,,,,,,,,3552.0,0.02,3m,1.2,0.8,2.0,504.0,7072.0,0.025,3m,1.8,0.6000000000000001,1.0,688.0,,,,,,,,6688.0,0.015,3m,3.0,0.8,1.0,632.0,1024.0,0.045000000000000005,3m,2.0,0.6000000000000001,1.5,960.0,5664.0,0.01,3m,2.2,0.6000000000000001,1.0,360.0,1992,0.02,4m,2.0,1.0,2.0,960,4968,0.045000000000000005,3m,2.4000000000000004,0.2,2.0,688,1400.0,0.025,5m,1.8,1.0,1.5,776.0,0.35000000000000003,26,COMPLETE
40,40,0.982700794144324,2025-06-22 16:21:16.666106,2025-06-22 16:21:43.659352,0 days 00:00:26.993246,2816.0,0.05,2m,1.6,0.6000000000000001,1.0,832.0,5440,0.01,4m,1.8,0.8,1.5,680,1416,0.03,3m,2.2,0.4,2.0,424,5264.0,0.01,4m,1.0,0.6000000000000001,1.5,688.0,7752.0,0.035,5m,1.8,1.0,0.5,824.0,6984,0.04,1m,2.4000000000000004,1.0,2.0,344,1496.0,0.03,2m,1.8,0.6000000000000001,1.5,664.0,4368,0.03,4m,3.0,0.4,0.5,704,5872.0,0.035,4m,2.4000000000000004,0.0,2.0,312.0,4152.0,0.02,5m,1.2,0.2,1.0,744.0,3816.0,0.02,4m,2.8,1.0,1.5,200.0,5576.0,0.03,4m,1.6,0.6000000000000001,1.5,520.0,4584.0,0.01,5m,1.4,1.0,0.5,664.0,4144,0.05,5m,2.4000000000000004,0.6000000000000001,1.0,960,3880.0,0.04,1m,2.6,0.4,0.5,800.0,4176,0.02,1m,2.6,0.8,1.0,312,7784.0,0.02,2m,2.8,0.2,1.0,696.0,4440,0.03,2m,1.8,0.2,1.0,464,3264,0.03,4m,2.0,0.2,1.5,736,2608.0,0.04,2m,1.6,0.6000000000000001,1.5,848.0,,,,,,,,1984.0,0.045000000000000005,1m,1.8,0.4,1.5,264.0,1720.0,0.03,4m,1.2,0.8,0.5,928.0,,,,,,,,5616.0,0.02,1m,2.2,0.0,1.5,840.0,4072.0,0.025,1m,1.0,0.8,2.0,832.0,7776.0,0.02,5m,1.4,0.4,0.5,480.0,2496,0.025,3m,2.6,0.8,1.5,376,3640,0.03,2m,1.2,0.0,1.5,776,2080.0,0.04,5m,2.4000000000000004,0.6000000000000001,0.5,840.0,0.1,28,COMPLETE
41,41,0.9929915890307811,2025-06-22 16:21:43.751604,2025-06-22 16:22:01.385988,0 days 00:00:17.634384,,,,,,,,3168,0.015,4m,2.0,0.2,2.0,240,3072,0.015,3m,2.6,1.0,2.0,488,4808.0,0.03,1m,2.2,0.0,0.5,408.0,5952.0,0.045000000000000005,2m,1.6,0.2,0.5,1008.0,5896,0.035,4m,2.2,0.8,0.5,296,,,,,,,,3784,0.015,2m,2.0,0.6000000000000001,1.5,512,,,,,,,,,,,,,,,5360.0,0.05,1m,3.0,0.6000000000000001,2.0,440.0,,,,,,,,4008.0,0.02,3m,1.0,0.8,1.5,432.0,5160,0.045000000000000005,4m,2.8,0.2,1.5,992,6224.0,0.025,3m,3.0,0.0,1.0,896.0,4760,0.01,4m,2.0,1.0,1.5,240,7216.0,0.035,1m,1.8,0.0,0.5,920.0,6352,0.045000000000000005,4m,2.4000000000000004,0.4,0.5,360,3872,0.035,2m,2.2,0.0,0.5,648,,,,,,,,,,,,,,,,,,,,,,,,,,,,,,,,,,,,,,,,,,,1912.0,0.035,4m,1.4,0.8,1.5,1024.0,,,,,,,,1392,0.035,4m,2.4000000000000004,0.4,2.0,272,2752,0.035,1m,1.8,0.6000000000000001,2.0,800,2448.0,0.045000000000000005,4m,2.0,0.8,1.0,560.0,0.3,18,COMPLETE
