,number,value,datetime_start,datetime_complete,duration,params_ADBE_BIIB_beta_win,params_ADBE_BIIB_stop_loss,params_ADBE_BIIB_trade_freq,params_ADBE_BIIB_z_entry,params_ADBE_BIIB_z_exit,params_ADBE_BIIB_z_stop_scaler,params_ADBE_BIIB_z_win,params_AEP_JD_beta_win,params_AEP_JD_stop_loss,params_AEP_JD_trade_freq,params_AEP_JD_z_entry,params_AEP_JD_z_exit,params_AEP_JD_z_stop_scaler,params_AEP_JD_z_win,params_AMZN_SIRI_beta_win,params_AMZN_SIRI_stop_loss,params_AMZN_SIRI_trade_freq,params_AMZN_SIRI_z_entry,params_AMZN_SIRI_z_exit,params_AMZN_SIRI_z_stop_scaler,params_AMZN_SIRI_z_win,params_BIIB_ZM_beta_win,params_BIIB_ZM_stop_loss,params_BIIB_ZM_trade_freq,params_BIIB_ZM_z_entry,params_BIIB_ZM_z_exit,params_BIIB_ZM_z_stop_scaler,params_BIIB_ZM_z_win,params_CMCSA_FISV_beta_win,params_CMCSA_FISV_stop_loss,params_CMCSA_FISV_trade_freq,params_CMCSA_FISV_z_entry,params_CMCSA_FISV_z_exit,params_CMCSA_FISV_z_stop_scaler,params_CMCSA_FISV_z_win,params_COST_ORLY_beta_win,params_COST_ORLY_stop_loss,params_COST_ORLY_trade_freq,params_COST_ORLY_z_entry,params_COST_ORLY_z_exit,params_COST_ORLY_z_stop_scaler,params_COST_ORLY_z_win,params_GOOG_SIRI_beta_win,params_GOOG_SIRI_stop_loss,params_GOOG_SIRI_trade_freq,params_GOOG_SIRI_z_entry,params_GOOG_SIRI_z_exit,params_GOOG_SIRI_z_stop_scaler,params_GOOG_SIRI_z_win,params_IDXX_SIRI_beta_win,params_IDXX_SIRI_stop_loss,params_IDXX_SIRI_trade_freq,params_IDXX_SIRI_z_entry,params_IDXX_SIRI_z_exit,params_IDXX_SIRI_z_stop_scaler,params_IDXX_SIRI_z_win,params_NTES_SIRI_beta_win,params_NTES_SIRI_stop_loss,params_NTES_SIRI_trade_freq,params_NTES_SIRI_z_entry,params_NTES_SIRI_z_exit,params_NTES_SIRI_z_stop_scaler,params_NTES_SIRI_z_win,params_NVDA_SIRI_beta_win,params_NVDA_SIRI_stop_loss,params_NVDA_SIRI_trade_freq,params_NVDA_SIRI_z_entry,params_NVDA_SIRI_z_exit,params_NVDA_SIRI_z_stop_scaler,params_NVDA_SIRI_z_win,params_buffer_capital,params_pairs_to_trade,state
0,0,-5.324842110822907,2025-06-14 19:09:47.159206,2025-06-14 19:09:49.912309,0 days 00:00:02.753103,876.0,0.003,3m,1.0,3.0,1.3,394.0,,,,,,,,,,,,,,,342,0.009000000000000001,3m,3.5,2.0,1.3,502,,,,,,,,,,,,,,,,,,,,,,,,,,,,,1000.0,0.002,1m,2.5,2.0,0.6,468.0,,,,,,,,0.5,3,COMPLETE
1,1,-2.89570774803188,2025-06-14 19:09:50.017194,2025-06-14 19:09:52.420692,0 days 00:00:02.403498,210.0,0.009000000000000001,1m,3.0,3.0,1.9000000000000001,948.0,,,,,,,,,,,,,,,324,0.009000000000000001,2m,4.0,1.5,1.9000000000000001,320,,,,,,,,,,,,,,,,,,,,,,,,,,,,,984.0,0.006,3m,2.5,3.0,1.0,592.0,,,,,,,,0.3,3,COMPLETE
2,2,-5.130656902664243,2025-06-14 19:09:52.500979,2025-06-14 19:09:59.582405,0 days 00:00:07.081426,978.0,0.007,3m,1.5,4.0,0.7,698.0,920.0,0.003,3m,2.5,1.0,1.3,360.0,110.0,0.003,4m,1.0,4.0,1.6,146.0,270,0.008,4m,1.0,1.5,0.5,50,670.0,0.006,4m,2.0,2.5,0.8,548.0,34.0,0.005,2m,3.0,3.5,0.8,230.0,,,,,,,,76.0,0.001,3m,2.5,2.5,0.6,388.0,572.0,0.008,4m,1.5,3.5,2.0,386.0,652.0,0.001,4m,3.0,1.5,0.5,828.0,0.2,9,COMPLETE
3,3,0.7169469831767572,2025-06-14 19:09:59.652077,2025-06-14 19:10:03.567066,0 days 00:00:03.914989,844.0,0.01,4m,3.5,4.0,1.9000000000000001,582.0,,,,,,,,434.0,0.006,3m,2.5,3.5,0.7,974.0,544,0.009000000000000001,1m,1.5,3.5,1.3,326,,,,,,,,960.0,0.01,4m,2.5,1.5,1.3,260.0,,,,,,,,,,,,,,,352.0,0.007,2m,1.0,3.5,1.3,856.0,,,,,,,,0.05,5,COMPLETE
4,4,-4.884778120972009,2025-06-14 19:10:03.655948,2025-06-14 19:10:07.582209,0 days 00:00:03.926261,56.0,0.007,4m,3.5,3.0,1.7000000000000002,226.0,,,,,,,,886.0,0.003,3m,3.5,2.5,1.1,452.0,974,0.009000000000000001,4m,1.5,2.0,1.9000000000000001,702,,,,,,,,956.0,0.01,1m,1.5,1.5,1.9000000000000001,592.0,,,,,,,,,,,,,,,754.0,0.009000000000000001,1m,2.5,3.0,1.1,992.0,,,,,,,,0.2,5,COMPLETE
5,5,-3.470285199712843,2025-06-14 19:10:07.647768,2025-06-14 19:10:13.677635,0 days 00:00:06.029867,218.0,0.004,2m,1.5,3.0,1.6,72.0,974.0,0.008,4m,3.0,4.0,1.8,922.0,32.0,0.006,1m,3.0,3.5,1.5,220.0,430,0.001,4m,2.5,4.0,0.8,278,304.0,0.007,4m,1.5,1.0,1.8,648.0,604.0,0.006,1m,4.0,2.0,1.9000000000000001,106.0,,,,,,,,,,,,,,,804.0,0.008,1m,2.5,3.5,0.6,550.0,370.0,0.007,1m,2.0,1.0,1.4,490.0,0.15000000000000002,8,COMPLETE
6,6,-3.5009823220030287,2025-06-14 19:10:13.759994,2025-06-14 19:10:16.739498,0 days 00:00:02.979504,588.0,0.007,2m,2.5,2.5,0.8,598.0,,,,,,,,,,,,,,,264,0.008,1m,4.0,1.0,0.6,718,,,,,,,,254.0,0.009000000000000001,2m,2.0,3.5,1.6,890.0,,,,,,,,,,,,,,,56.0,0.009000000000000001,3m,2.5,1.5,1.1,276.0,,,,,,,,0.45,4,COMPLETE
7,7,-3.875137011472879,2025-06-14 19:10:16.833871,2025-06-14 19:10:19.222769,0 days 00:00:02.388898,832.0,0.01,3m,3.5,2.5,1.5,514.0,,,,,,,,,,,,,,,952,0.004,3m,2.0,2.5,0.8,652,,,,,,,,,,,,,,,,,,,,,,,,,,,,,948.0,0.008,2m,4.0,3.0,1.6,760.0,,,,,,,,0.1,3,COMPLETE
8,8,1.0079864754609231,2025-06-14 19:10:19.319534,2025-06-14 19:10:24.617033,0 days 00:00:05.297499,172.0,0.001,2m,2.5,4.0,1.8,892.0,338.0,0.005,2m,1.5,3.0,1.4,492.0,574.0,0.009000000000000001,4m,2.0,1.5,1.2000000000000002,294.0,186,0.009000000000000001,3m,3.0,3.0,1.2000000000000002,68,370.0,0.006,3m,2.0,3.0,1.2000000000000002,674.0,142.0,0.007,1m,3.0,3.0,1.7000000000000002,862.0,,,,,,,,,,,,,,,150.0,0.002,2m,4.0,3.0,1.4,444.0,,,,,,,,0.05,7,COMPLETE
9,9,-2.4565665044048686,2025-06-14 19:10:24.693808,2025-06-14 19:10:32.078080,0 days 00:00:07.384272,698.0,0.01,4m,2.5,3.5,0.8,766.0,410.0,0.006,4m,1.0,3.5,1.7000000000000002,748.0,64.0,0.007,2m,3.0,1.0,1.9000000000000001,316.0,90,0.004,2m,4.0,1.5,0.9,844,612.0,0.004,2m,1.0,1.5,1.6,82.0,1012.0,0.004,4m,4.0,1.5,0.5,248.0,432.0,0.007,4m,4.0,1.5,0.9,224.0,678.0,0.01,4m,4.0,4.0,2.0,420.0,1010.0,0.007,3m,4.0,1.5,0.8,766.0,552.0,0.003,1m,2.0,3.5,0.7,384.0,0.45,10,COMPLETE
10,10,-9.011901414074174,2025-06-14 19:10:32.178666,2025-06-14 19:10:37.530141,0 days 00:00:05.351475,372.0,0.001,2m,2.0,1.0,1.1,1012.0,98.0,0.001,2m,1.0,2.5,0.5,202.0,694.0,0.01,4m,1.5,1.0,0.9,808.0,660,0.006,3m,3.0,3.0,1.6,52,50.0,0.01,3m,4.0,4.0,0.9,1006.0,424.0,0.007,3m,3.0,3.0,1.3,936.0,,,,,,,,,,,,,,,18.0,0.001,2m,3.5,4.0,1.6,60.0,,,,,,,,0.3,7,COMPLETE
11,11,-1.034055527544892,2025-06-14 19:10:37.620622,2025-06-14 19:10:42.397940,0 days 00:00:04.777318,456.0,0.002,4m,4.0,4.0,2.0,862.0,380.0,0.01,2m,2.0,2.5,0.9,566.0,452.0,0.009000000000000001,3m,2.0,2.5,0.5,1022.0,654,0.01,1m,2.5,3.5,1.3,244,,,,,,,,750.0,0.001,4m,2.5,2.5,1.3,530.0,,,,,,,,,,,,,,,280.0,0.004,2m,1.0,2.5,1.5,1000.0,,,,,,,,0.05,6,COMPLETE
12,12,-4.485919554079491,2025-06-14 19:10:42.499237,2025-06-14 19:10:43.504894,0 days 00:00:01.005657,,,,,,,,,,,,,,,,,,,,,,604,0.006,1m,1.0,3.5,1.1,412,,,,,,,,,,,,,,,,,,,,,,,,,,,,,,,,,,,,,,,,,,,0.05,1,COMPLETE
13,13,-5.702629357419727,2025-06-14 19:10:43.592761,2025-06-14 19:10:48.547125,0 days 00:00:04.954364,630.0,0.005,1m,3.0,1.5,1.8,402.0,92.0,0.005,1m,4.0,1.5,1.3,16.0,414.0,0.008,3m,2.0,2.0,0.7,640.0,30,0.007,1m,2.0,3.0,1.5,150,,,,,,,,36.0,0.008,1m,3.0,1.0,1.6,788.0,,,,,,,,,,,,,,,314.0,0.003,2m,1.5,4.0,1.4,786.0,,,,,,,,0.15000000000000002,6,COMPLETE
14,14,-4.277901671792781,2025-06-14 19:10:48.626389,2025-06-14 19:10:54.997545,0 days 00:00:06.371156,20.0,0.001,2m,4.0,4.0,1.4,800.0,664.0,0.005,2m,2.0,3.0,2.0,530.0,666.0,0.005,4m,2.5,3.5,1.2000000000000002,24.0,826,0.01,3m,3.0,4.0,1.1,152,994.0,0.001,1m,3.0,3.5,1.3,830.0,300.0,0.01,4m,1.0,2.5,1.0,364.0,,,,,,,,,,,,,,,268.0,0.005,2m,3.5,2.5,1.8,254.0,1002.0,0.01,2m,4.0,4.0,2.0,16.0,0.05,8,COMPLETE
15,15,2.1638902873857324,2025-06-14 19:10:55.075438,2025-06-14 19:11:01.548188,0 days 00:00:06.472750,342.0,0.008,4m,3.0,3.5,2.0,612.0,,,,,,,,320.0,0.001,1m,4.0,1.5,0.9,566.0,486,0.001,1m,2.0,3.5,1.6,994,,,,,,,,728.0,0.003,3m,2.5,3.0,1.6,670.0,,,,,,,,,,,,,,,432.0,0.005,4m,1.0,3.5,1.3,654.0,,,,,,,,0.25,5,COMPLETE
16,16,-5.599285385550213,2025-06-14 19:11:01.698478,2025-06-14 19:11:18.499860,0 days 00:00:16.801382,316.0,0.008,4m,2.0,3.5,1.1,690.0,582.0,0.002,1m,1.5,2.0,1.0,1000.0,284.0,0.001,1m,4.0,1.5,1.4,522.0,192,0.001,3m,3.0,3.0,1.6,984,290.0,0.009000000000000001,3m,3.0,2.5,0.5,210.0,710.0,0.003,3m,3.5,4.0,1.6,720.0,,,,,,,,,,,,,,,480.0,0.004,4m,3.5,1.0,1.2000000000000002,634.0,,,,,,,,0.35000000000000003,7,COMPLETE
17,17,-0.8643843801791083,2025-06-14 19:11:18.659964,2025-06-14 19:11:20.215318,0 days 00:00:01.555354,,,,,,,,,,,,,,,,,,,,,,452,0.003,2m,2.0,2.5,1.7000000000000002,942,,,,,,,,,,,,,,,,,,,,,,,,,,,,,,,,,,,,,,,,,,,0.35000000000000003,1,COMPLETE
18,18,2.7850428088665153,2025-06-14 19:11:20.337659,2025-06-14 19:11:27.162156,0 days 00:00:06.824497,176.0,0.005,2m,3.0,2.0,2.0,896.0,242.0,0.007,3m,3.0,4.0,1.5,720.0,644.0,0.001,1m,4.0,1.5,1.0,392.0,776,0.003,1m,3.5,3.5,2.0,578,392.0,0.003,3m,2.5,3.0,1.3,344.0,472.0,0.001,3m,2.0,3.0,2.0,686.0,,,,,,,,,,,,,,,172.0,0.001,4m,1.5,3.0,1.7000000000000002,358.0,,,,,,,,0.25,7,COMPLETE
19,19,-2.5801014484601734,2025-06-14 19:11:27.229456,2025-06-14 19:11:33.436912,0 days 00:00:06.207456,374.0,0.005,1m,3.0,2.0,2.0,412.0,,,,,,,,,,,,,,,810,0.002,1m,3.5,4.0,2.0,836,,,,,,,,528.0,0.001,3m,2.0,3.0,2.0,664.0,,,,,,,,,,,,,,,458.0,0.001,4m,1.5,4.0,1.8,154.0,,,,,,,,0.25,4,COMPLETE
20,20,2.243876826697853,2025-06-14 19:11:33.573748,2025-06-14 19:11:52.200807,0 days 00:00:18.627059,478.0,0.006,4m,3.0,2.0,1.7000000000000002,288.0,234.0,0.008,3m,3.5,4.0,1.6,764.0,1002.0,0.001,1m,4.0,2.0,0.9,672.0,816,0.003,1m,3.5,3.5,1.8,542,858.0,0.002,2m,4.0,2.0,2.0,352.0,798.0,0.003,3m,2.0,4.0,1.8,458.0,,,,,,,,1016.0,0.005,1m,1.0,1.0,1.5,960.0,620.0,0.005,4m,2.0,2.0,1.8,346.0,62.0,0.006,3m,1.0,2.5,2.0,1000.0,0.25,9,COMPLETE
21,21,-0.4631600596349507,2025-06-14 19:11:52.301030,2025-06-14 19:12:00.679508,0 days 00:00:08.378478,494.0,0.006,4m,3.0,2.0,1.7000000000000002,236.0,208.0,0.008,3m,3.5,4.0,1.6,756.0,990.0,0.001,1m,4.0,2.0,0.9,662.0,762,0.003,1m,3.5,3.5,1.8,548,918.0,0.002,2m,4.0,2.0,2.0,316.0,810.0,0.003,3m,2.0,4.0,1.8,454.0,936.0,0.001,3m,1.0,4.0,2.0,984.0,910.0,0.006,1m,1.0,1.0,1.5,962.0,630.0,0.005,4m,2.0,2.0,2.0,328.0,42.0,0.006,3m,1.0,2.5,2.0,1004.0,0.25,10,COMPLETE
22,22,-2.15203245696883,2025-06-14 19:12:00.754521,2025-06-14 19:12:07.759942,0 days 00:00:07.005421,294.0,0.006,4m,3.5,2.0,2.0,232.0,248.0,0.008,3m,3.5,4.0,1.5,778.0,820.0,0.002,1m,4.0,1.5,0.9,500.0,886,0.002,1m,3.5,3.5,2.0,556,774.0,0.003,2m,3.0,3.0,1.5,358.0,630.0,0.002,3m,1.5,3.5,2.0,444.0,,,,,,,,1018.0,0.004,1m,1.0,1.0,1.2000000000000002,1018.0,680.0,0.004,4m,2.0,2.0,1.8,170.0,66.0,0.009000000000000001,3m,1.0,2.5,1.4,756.0,0.2,9,COMPLETE
23,23,-2.8467935834771043,2025-06-14 19:12:07.850088,2025-06-14 19:12:14.642473,0 days 00:00:06.792385,150.0,0.004,4m,3.0,1.5,1.6,118.0,506.0,0.01,3m,3.0,3.5,1.0,636.0,242.0,0.003,1m,3.5,2.0,1.0,688.0,734,0.004,1m,2.5,4.0,1.5,452,462.0,0.004,1m,3.5,2.0,2.0,410.0,842.0,0.003,3m,1.5,4.0,1.5,626.0,,,,,,,,,,,,,,,426.0,0.006,4m,1.0,2.5,1.7000000000000002,686.0,234.0,0.004,3m,3.0,3.0,1.7000000000000002,230.0,0.35000000000000003,8,COMPLETE
24,24,-2.527964991402135,2025-06-14 19:12:14.711678,2025-06-14 19:12:22.538994,0 days 00:00:07.827316,446.0,0.008,2m,2.0,1.5,1.8,344.0,20.0,0.007,3m,4.0,3.5,2.0,874.0,1024.0,0.001,1m,3.5,1.5,0.7,388.0,544,0.002,1m,1.5,2.5,1.8,642,126.0,0.001,2m,2.5,3.0,1.1,44.0,434.0,0.002,3m,2.5,3.0,1.8,738.0,,,,,,,,360.0,0.006,2m,2.0,2.0,1.4,56.0,192.0,0.01,4m,2.0,3.5,1.9000000000000001,470.0,804.0,0.007,4m,1.5,2.0,1.0,1022.0,0.25,9,COMPLETE
25,25,-3.200991763019576,2025-06-14 19:12:22.619882,2025-06-14 19:12:28.019379,0 days 00:00:05.399497,328.0,0.008,4m,2.5,2.0,2.0,508.0,732.0,0.009000000000000001,3m,3.0,3.0,1.8,702.0,284.0,0.004,1m,4.0,2.0,0.5,852.0,704,0.005,1m,2.5,3.5,1.7000000000000002,788,,,,,,,,660.0,0.004,3m,2.0,3.5,1.5,552.0,,,,,,,,,,,,,,,548.0,0.003,4m,1.5,1.5,1.6,358.0,,,,,,,,0.3,6,COMPLETE
26,26,-2.3182159267352964,2025-06-14 19:12:28.094886,2025-06-14 19:12:34.784804,0 days 00:00:06.689918,568.0,0.004,4m,3.5,2.5,1.6,672.0,192.0,0.007,3m,3.5,4.0,1.1,436.0,786.0,0.002,2m,3.5,1.0,0.8,524.0,1012,0.003,1m,3.5,3.0,1.5,1024,824.0,0.003,3m,2.5,2.0,1.5,216.0,854.0,0.002,3m,1.0,2.5,1.8,390.0,,,,,,,,,,,,,,,392.0,0.003,4m,1.0,3.0,1.4,224.0,,,,,,,,0.15000000000000002,7,COMPLETE
27,27,-4.400500530376175,2025-06-14 19:12:34.894312,2025-06-14 19:12:39.883624,0 days 00:00:04.989312,118.0,0.007,2m,3.0,1.0,0.5,300.0,,,,,,,,566.0,0.002,1m,3.0,2.5,1.1,582.0,888,0.001,1m,4.0,4.0,1.9000000000000001,610,,,,,,,,540.0,0.001,3m,2.0,2.0,2.0,802.0,,,,,,,,,,,,,,,848.0,0.005,4m,2.0,2.0,0.9,26.0,,,,,,,,0.4,5,COMPLETE
28,28,-9.040542435146147,2025-06-14 19:12:39.955140,2025-06-14 19:12:47.163612,0 days 00:00:07.208472,266.0,0.006,3m,2.5,3.5,1.9000000000000001,804.0,294.0,0.004,3m,2.5,3.5,0.7,848.0,924.0,0.001,1m,4.0,3.0,1.3,760.0,474,0.002,1m,3.0,3.5,1.7000000000000002,910,556.0,0.004,2m,3.5,4.0,1.8,488.0,378.0,0.004,2m,2.5,3.5,1.5,674.0,,,,,,,,,,,,,,,122.0,0.002,4m,1.5,2.5,1.7000000000000002,416.0,318.0,0.004,2m,4.0,3.0,1.7000000000000002,700.0,0.2,8,COMPLETE
29,29,-0.6854906827868108,2025-06-14 19:12:47.232146,2025-06-14 19:12:50.849988,0 days 00:00:03.617842,406.0,0.005,1m,4.0,2.5,1.4,1020.0,,,,,,,,,,,,,,,604,0.005,2m,3.5,2.5,2.0,464,,,,,,,,756.0,0.005,3m,1.5,2.5,1.7000000000000002,480.0,,,,,,,,,,,,,,,690.0,0.006,4m,3.0,3.5,1.9000000000000001,536.0,,,,,,,,0.25,4,COMPLETE
30,30,-4.7759715317699545,2025-06-14 19:12:50.911316,2025-06-14 19:12:58.934998,0 days 00:00:08.023682,536.0,0.009000000000000001,4m,3.0,1.5,1.7000000000000002,468.0,490.0,0.007,1m,3.5,2.0,1.5,634.0,678.0,0.004,1m,3.5,1.5,1.0,404.0,394,0.003,4m,2.0,3.0,1.4,400,434.0,0.002,3m,2.0,1.5,0.5,224.0,902.0,0.002,3m,3.5,3.0,1.0,1004.0,,,,,,,,646.0,0.01,1m,4.0,4.0,2.0,730.0,244.0,0.007,4m,2.0,1.0,1.3,674.0,206.0,0.008,3m,2.5,1.5,1.1,618.0,0.3,9,COMPLETE
31,31,-0.1569145495070541,2025-06-14 19:12:59.016973,2025-06-14 19:13:05.227295,0 days 00:00:06.210322,136.0,0.003,2m,2.5,3.5,1.8,870.0,292.0,0.006,2m,2.0,3.0,1.4,398.0,634.0,0.01,4m,2.0,1.5,1.2000000000000002,312.0,148,0.007,3m,3.0,3.0,1.1,564,294.0,0.006,3m,2.0,3.0,1.2000000000000002,676.0,232.0,0.006,1m,2.5,3.0,1.7000000000000002,872.0,,,,,,,,,,,,,,,144.0,0.002,2m,3.0,3.0,1.5,464.0,,,,,,,,0.1,7,COMPLETE
32,32,-0.44185157356042726,2025-06-14 19:13:05.306391,2025-06-14 19:13:10.522494,0 days 00:00:05.216103,208.0,0.003,2m,2.5,2.0,1.9000000000000001,870.0,382.0,0.004,2m,1.5,3.5,1.2000000000000002,284.0,546.0,0.002,4m,1.5,2.0,1.1,302.0,354,0.004,3m,3.0,3.5,1.2000000000000002,756,,,,,,,,146.0,0.007,1m,3.0,3.0,1.9000000000000001,812.0,,,,,,,,,,,,,,,112.0,0.001,1m,1.5,2.5,1.4,470.0,,,,,,,,0.5,6,COMPLETE
33,33,0.5214036086346261,2025-06-14 19:13:10.619159,2025-06-14 19:13:16.810627,0 days 00:00:06.191468,88.0,0.002,2m,2.0,3.5,1.8,932.0,180.0,0.006,4m,3.0,3.0,1.6,478.0,388.0,0.008,2m,4.0,1.5,1.3,208.0,860,0.001,3m,4.0,3.0,1.8,360,398.0,0.008,3m,1.5,3.5,1.0,606.0,580.0,0.007,1m,3.5,4.0,1.7000000000000002,1018.0,,,,,,,,,,,,,,,608.0,0.002,4m,1.0,3.0,1.2000000000000002,312.0,,,,,,,,0.1,7,COMPLETE
34,34,-4.604635705806526,2025-06-14 19:13:16.879994,2025-06-14 19:13:19.796294,0 days 00:00:02.916300,226.0,0.009000000000000001,2m,3.0,2.5,1.3,586.0,,,,,,,,,,,,,,,292,0.005,1m,3.5,3.5,1.4,492,,,,,,,,,,,,,,,,,,,,,,,,,,,,,192.0,0.003,3m,3.0,3.5,1.7000000000000002,430.0,,,,,,,,0.2,3,COMPLETE
35,35,1.3007169004373482,2025-06-14 19:13:19.860157,2025-06-14 19:13:24.284845,0 days 00:00:04.424688,152.0,0.002,3m,2.5,4.0,1.9000000000000001,938.0,,,,,,,,750.0,0.001,1m,2.5,1.0,0.8,598.0,786,0.002,2m,2.5,4.0,1.9000000000000001,266,,,,,,,,132.0,0.003,3m,2.5,2.0,1.4,724.0,,,,,,,,,,,,,,,508.0,0.001,1m,1.5,3.0,1.5,550.0,,,,,,,,0.15000000000000002,5,COMPLETE
36,36,-1.4557203482037144,2025-06-14 19:13:24.385001,2025-06-14 19:13:28.830224,0 days 00:00:04.445223,720.0,0.002,3m,3.5,3.0,2.0,962.0,,,,,,,,778.0,0.001,1m,2.5,1.0,0.8,618.0,780,0.002,2m,2.5,4.0,1.9000000000000001,206,,,,,,,,702.0,0.005,3m,2.5,2.0,1.4,606.0,,,,,,,,,,,,,,,500.0,0.001,1m,1.5,2.5,1.5,604.0,,,,,,,,0.15000000000000002,5,COMPLETE
37,37,-2.74108879843165,2025-06-14 19:13:28.902547,2025-06-14 19:13:32.365445,0 days 00:00:03.462898,256.0,0.006,3m,1.0,4.0,1.9000000000000001,748.0,,,,,,,,,,,,,,,522,0.001,2m,1.5,4.0,1.9000000000000001,322,,,,,,,,16.0,0.003,2m,2.0,2.0,1.1,724.0,,,,,,,,,,,,,,,358.0,0.004,1m,1.0,3.0,2.0,544.0,,,,,,,,0.25,4,COMPLETE
38,38,0.2189994083376836,2025-06-14 19:13:32.458052,2025-06-14 19:13:36.367657,0 days 00:00:03.909605,344.0,0.007,3m,3.0,3.0,1.9000000000000001,16.0,,,,,,,,876.0,0.002,1m,3.0,1.0,0.6,760.0,706,0.003,2m,2.0,4.0,1.6,680,,,,,,,,484.0,0.004,3m,2.5,1.0,1.2000000000000002,338.0,,,,,,,,,,,,,,,548.0,0.006,1m,2.0,3.5,1.6,872.0,,,,,,,,0.2,5,COMPLETE
39,39,-2.891135068029041,2025-06-14 19:13:36.434657,2025-06-14 19:13:44.278022,0 days 00:00:07.843365,416.0,0.004,3m,3.5,2.0,1.7000000000000002,646.0,786.0,0.009000000000000001,3m,4.0,4.0,1.8,1004.0,734.0,0.001,1m,3.5,2.0,0.8,592.0,936,0.002,4m,1.5,2.0,1.8,616,728.0,0.003,1m,3.5,2.5,0.7,456.0,364.0,0.001,3m,1.5,1.5,1.4,564.0,52.0,0.01,2m,2.5,3.5,0.5,812.0,358.0,0.003,2m,2.0,2.0,1.0,694.0,688.0,0.001,1m,1.5,2.0,0.5,510.0,466.0,0.001,3m,1.5,4.0,1.7000000000000002,890.0,0.3,10,COMPLETE
40,40,-1.6642370347535518,2025-06-14 19:13:44.340824,2025-06-14 19:13:46.245508,0 days 00:00:01.904684,184.0,0.009000000000000001,3m,1.5,2.5,1.5,954.0,,,,,,,,,,,,,,,590,0.001,2m,2.5,3.5,2.0,286,,,,,,,,,,,,,,,,,,,,,,,,,,,,,,,,,,,,,,,,,,,0.15000000000000002,2,COMPLETE
41,41,-2.938671877325925,2025-06-14 19:13:46.328568,2025-06-14 19:13:51.694224,0 days 00:00:05.365656,68.0,0.001,2m,2.5,4.0,1.8,884.0,318.0,0.004,2m,2.5,2.0,1.4,636.0,554.0,0.002,1m,2.5,1.5,1.0,414.0,216,0.008,3m,3.0,3.5,1.7000000000000002,52,,,,,,,,132.0,0.003,1m,3.0,2.5,1.8,848.0,,,,,,,,,,,,,,,214.0,0.002,1m,1.0,3.0,1.3,396.0,,,,,,,,0.1,6,COMPLETE
42,42,-1.1341989499530292,2025-06-14 19:13:51.764443,2025-06-14 19:13:58.787698,0 days 00:00:07.023255,170.0,0.002,4m,2.5,4.0,1.9000000000000001,814.0,414.0,0.007,3m,1.5,3.5,1.6,554.0,624.0,0.003,4m,1.5,1.5,1.0,724.0,816,0.004,4m,3.5,3.0,1.2000000000000002,106,176.0,0.005,3m,1.5,3.5,1.3,800.0,150.0,0.006,3m,2.5,3.5,1.9000000000000001,676.0,,,,,,,,,,,,,,,590.0,0.002,3m,1.5,3.5,1.4,356.0,718.0,0.005,2m,3.0,2.0,0.9,314.0,0.2,8,COMPLETE
43,43,-4.352249094548313,2025-06-14 19:13:58.858777,2025-06-14 19:14:03.236668,0 days 00:00:04.377891,22.0,0.001,1m,3.0,3.5,2.0,740.0,,,,,,,,500.0,0.001,4m,1.0,1.0,0.9,540.0,900,0.003,1m,4.0,3.5,1.9000000000000001,18,,,,,,,,90.0,0.008,1m,2.0,3.0,1.7000000000000002,132.0,,,,,,,,,,,,,,,332.0,0.001,2m,2.0,3.0,1.5,592.0,,,,,,,,0.25,5,COMPLETE
44,44,-6.659037746142179,2025-06-14 19:14:03.304104,2025-06-14 19:14:06.805464,0 days 00:00:03.501360,270.0,0.003,2m,2.0,4.0,1.7000000000000002,160.0,,,,,,,,,,,,,,,646,0.009000000000000001,2m,2.5,4.0,1.0,202,,,,,,,,208.0,0.002,2m,3.0,3.5,1.6,768.0,,,,,,,,,,,,,,,424.0,0.003,4m,2.5,3.0,1.2000000000000002,672.0,,,,,,,,0.1,4,COMPLETE
45,45,-1.8861054096016283,2025-06-14 19:14:06.897564,2025-06-14 19:14:13.022600,0 days 00:00:06.125036,98.0,0.003,4m,2.5,3.5,1.8,920.0,110.0,0.009000000000000001,2m,3.0,4.0,1.2000000000000002,648.0,352.0,0.004,1m,2.0,1.5,1.1,458.0,68,0.007,1m,3.0,1.0,1.4,404,528.0,0.005,3m,2.5,3.0,1.7000000000000002,730.0,294.0,0.005,4m,2.0,2.0,0.6,952.0,,,,,,,,,,,,,,,70.0,0.007,2m,4.0,3.5,1.9000000000000001,500.0,,,,,,,,0.15000000000000002,7,COMPLETE
46,46,-2.7125812718550617,2025-06-14 19:14:13.110161,2025-06-14 19:14:18.262388,0 days 00:00:05.152227,222.0,0.008,3m,2.5,4.0,1.9000000000000001,986.0,570.0,0.005,4m,3.5,3.0,1.4,858.0,596.0,0.007,1m,2.5,2.0,0.8,354.0,982,0.002,3m,2.0,3.0,1.8,114,,,,,,,,958.0,0.004,3m,2.5,2.5,1.4,638.0,,,,,,,,,,,,,,,520.0,0.005,3m,2.5,2.5,1.1,720.0,,,,,,,,0.05,6,COMPLETE
47,47,-2.7809841436272538,2025-06-14 19:14:18.328307,2025-06-14 19:14:25.835524,0 days 00:00:07.507217,494.0,0.005,2m,3.5,4.0,1.0,624.0,16.0,0.008,1m,2.0,2.5,1.7000000000000002,280.0,474.0,0.003,3m,4.0,1.0,1.7000000000000002,890.0,684,0.01,1m,2.5,3.5,0.7,214,376.0,0.007,4m,2.0,2.5,1.4,310.0,804.0,0.002,1m,3.0,3.0,1.9000000000000001,512.0,,,,,,,,802.0,0.008,3m,3.0,3.0,1.7000000000000002,754.0,760.0,0.001,1m,1.5,4.0,1.7000000000000002,588.0,1002.0,0.003,4m,1.5,3.0,1.3,588.0,0.2,9,COMPLETE
48,48,-6.88591705795113,2025-06-14 19:14:25.958481,2025-06-14 19:14:28.764220,0 days 00:00:02.805739,150.0,0.002,4m,2.0,3.0,1.6,558.0,,,,,,,,,,,,,,,748,0.006,2m,1.0,4.0,1.3,270,,,,,,,,,,,,,,,,,,,,,,,,,,,,,852.0,0.004,2m,1.0,1.5,1.0,850.0,,,,,,,,0.35000000000000003,3,COMPLETE
