,number,value,datetime_start,datetime_complete,duration,params_AEP_MCHP_beta_win,params_AEP_MCHP_stop_loss,params_AEP_MCHP_trade_freq,params_AEP_MCHP_z_entry,params_AEP_MCHP_z_exit,params_AEP_MCHP_z_stop_scaler,params_AEP_MCHP_z_win,params_AMZN_LRCX_beta_win,params_AMZN_LRCX_stop_loss,params_AMZN_LRCX_trade_freq,params_AMZN_LRCX_z_entry,params_AMZN_LRCX_z_exit,params_AMZN_LRCX_z_stop_scaler,params_AMZN_LRCX_z_win,params_AMZN_NFLX_beta_win,params_AMZN_NFLX_stop_loss,params_AMZN_NFLX_trade_freq,params_AMZN_NFLX_z_entry,params_AMZN_NFLX_z_exit,params_AMZN_NFLX_z_stop_scaler,params_AMZN_NFLX_z_win,params_ASML_NFLX_beta_win,params_ASML_NFLX_stop_loss,params_ASML_NFLX_trade_freq,params_ASML_NFLX_z_entry,params_ASML_NFLX_z_exit,params_ASML_NFLX_z_stop_scaler,params_ASML_NFLX_z_win,params_AVGO_COST_beta_win,params_AVGO_COST_stop_loss,params_AVGO_COST_trade_freq,params_AVGO_COST_z_entry,params_AVGO_COST_z_exit,params_AVGO_COST_z_stop_scaler,params_AVGO_COST_z_win,params_CCEP_MRVL_beta_win,params_CCEP_MRVL_stop_loss,params_CCEP_MRVL_trade_freq,params_CCEP_MRVL_z_entry,params_CCEP_MRVL_z_exit,params_CCEP_MRVL_z_stop_scaler,params_CCEP_MRVL_z_win,params_COST_KLAC_beta_win,params_COST_KLAC_stop_loss,params_COST_KLAC_trade_freq,params_COST_KLAC_z_entry,params_COST_KLAC_z_exit,params_COST_KLAC_z_stop_scaler,params_COST_KLAC_z_win,params_ISRG_MRVL_beta_win,params_ISRG_MRVL_stop_loss,params_ISRG_MRVL_trade_freq,params_ISRG_MRVL_z_entry,params_ISRG_MRVL_z_exit,params_ISRG_MRVL_z_stop_scaler,params_ISRG_MRVL_z_win,params_LRCX_NFLX_beta_win,params_LRCX_NFLX_stop_loss,params_LRCX_NFLX_trade_freq,params_LRCX_NFLX_z_entry,params_LRCX_NFLX_z_exit,params_LRCX_NFLX_z_stop_scaler,params_LRCX_NFLX_z_win,params_LULU_TTD_beta_win,params_LULU_TTD_stop_loss,params_LULU_TTD_trade_freq,params_LULU_TTD_z_entry,params_LULU_TTD_z_exit,params_LULU_TTD_z_stop_scaler,params_LULU_TTD_z_win,params_ROP_ROST_beta_win,params_ROP_ROST_stop_loss,params_ROP_ROST_trade_freq,params_ROP_ROST_z_entry,params_ROP_ROST_z_exit,params_ROP_ROST_z_stop_scaler,params_ROP_ROST_z_win,params_buffer_capital,params_pairs_to_trade,state
137,137,-0.010181072181217289,2025-06-14 20:10:09.453227,2025-06-14 20:10:15.186140,0 days 00:00:05.732913,,,,,,,,176.0,0.001,2m,3.5,4.0,1.0,26.0,,,,,,,,878.0,0.006,4m,3.5,1.0,1.6,600.0,100.0,0.009000000000000001,4m,4.0,1.0,1.5,334.0,,,,,,,,,,,,,,,874.0,0.005,3m,2.5,4.0,1.4,264.0,566,0.007,3m,2.0,3.5,1.5,1006,686,0.003,2m,3.5,3.0,1.3,416,582.0,0.009000000000000001,3m,2.5,3.0,1.3,118.0,0.5,6,COMPLETE
138,138,-3.986035582318346,2025-06-14 20:10:15.303842,2025-06-14 20:10:23.357706,0 days 00:00:08.053864,912.0,0.003,3m,2.5,1.5,0.6,194.0,300.0,0.007,4m,3.0,3.5,1.4,226.0,200.0,0.002,3m,2.5,3.0,1.6,734.0,838.0,0.004,4m,3.5,1.5,2.0,722.0,126.0,0.008,4m,4.0,1.0,1.8,238.0,,,,,,,,452.0,0.004,2m,3.0,1.5,1.8,264.0,966.0,0.005,1m,2.5,4.0,1.3,448.0,438,0.007,3m,3.0,3.5,1.8,980,720,0.005,2m,2.0,3.5,1.5,506,532.0,0.008,2m,4.0,3.0,1.4,88.0,0.5,9,COMPLETE
139,139,-2.689717009495078,2025-06-14 20:10:23.443401,2025-06-14 20:10:29.867605,0 days 00:00:06.424204,,,,,,,,260.0,0.002,2m,3.5,3.0,1.3,144.0,,,,,,,,926.0,0.005,4m,3.5,1.0,1.9000000000000001,690.0,246.0,0.009000000000000001,1m,4.0,1.0,1.1,34.0,,,,,,,,356.0,0.005,1m,3.5,2.0,1.6,626.0,948.0,0.006,3m,3.0,3.5,1.1,932.0,638,0.003,4m,2.5,4.0,1.6,956,664,0.004,4m,1.5,3.0,1.7000000000000002,376,602.0,0.006,3m,3.0,3.0,1.2000000000000002,206.0,0.45,7,COMPLETE
140,140,-2.776253560658027,2025-06-14 20:10:29.986545,2025-06-14 20:10:37.996684,0 days 00:00:08.010139,722.0,0.004,4m,2.5,2.5,0.8,684.0,16.0,0.001,2m,3.5,2.5,1.2000000000000002,300.0,,,,,,,,858.0,0.004,4m,3.5,1.0,1.5,570.0,68.0,0.01,2m,4.0,1.5,1.7000000000000002,78.0,,,,,,,,304.0,0.002,2m,3.5,1.0,1.9000000000000001,382.0,1006.0,0.001,3m,2.5,4.0,1.3,216.0,406,0.008,3m,3.0,4.0,1.1,1022,776,0.004,2m,2.0,2.5,1.4,936,418.0,0.007,3m,3.5,3.5,1.3,560.0,0.5,8,COMPLETE
141,141,2.4730277831435616,2025-06-14 20:10:38.100654,2025-06-14 20:10:46.015066,0 days 00:00:07.914412,664.0,0.004,3m,2.0,2.5,0.9,376.0,374.0,0.009000000000000001,2m,4.0,3.5,1.2000000000000002,824.0,,,,,,,,850.0,0.003,4m,4.0,1.5,1.6,682.0,24.0,0.008,4m,3.5,1.0,1.7000000000000002,152.0,,,,,,,,376.0,0.003,2m,3.5,1.5,1.6,502.0,852.0,0.006,3m,2.5,4.0,1.3,348.0,674,0.003,3m,2.5,4.0,1.3,1000,724,0.004,2m,1.5,3.5,1.4,434,666.0,0.008,3m,4.0,3.0,1.3,188.0,0.45,8,COMPLETE
142,142,1.5962167858509526,2025-06-14 20:10:46.155492,2025-06-14 20:11:07.662152,0 days 00:00:21.506660,590.0,0.004,3m,2.0,2.5,0.9,402.0,418.0,0.004,2m,4.0,3.0,1.2000000000000002,790.0,,,,,,,,832.0,0.002,4m,4.0,1.5,1.6,660.0,1020.0,0.009000000000000001,4m,3.5,1.0,1.7000000000000002,108.0,,,,,,,,410.0,0.003,2m,3.5,1.5,1.7000000000000002,524.0,812.0,0.006,3m,2.5,4.0,1.2000000000000002,384.0,694,0.002,3m,2.5,4.0,1.7000000000000002,994,736,0.004,2m,1.5,3.5,1.4,446,638.0,0.008,3m,4.0,3.0,1.3,144.0,0.45,8,COMPLETE
143,143,2.7272087335583888,2025-06-14 20:11:07.809088,2025-06-14 20:11:17.217862,0 days 00:00:09.408774,650.0,0.005,3m,2.0,3.0,0.7,298.0,362.0,0.002,2m,4.0,3.5,1.1,786.0,,,,,,,,886.0,0.003,4m,4.0,1.5,1.6,634.0,170.0,0.008,4m,3.0,1.0,1.8,56.0,,,,,,,,348.0,0.006,2m,3.5,1.5,1.8,476.0,696.0,0.007,3m,2.5,4.0,1.4,328.0,708,0.004,3m,2.5,4.0,1.7000000000000002,962,644,0.004,2m,1.5,3.5,1.3,404,372.0,0.008,3m,4.0,3.0,1.4,176.0,0.45,8,COMPLETE
144,144,2.0365015103431445,2025-06-14 20:11:17.284816,2025-06-14 20:11:24.358406,0 days 00:00:07.073590,692.0,0.005,1m,2.0,3.5,0.7,290.0,328.0,0.001,2m,3.5,3.0,1.1,860.0,,,,,,,,908.0,0.003,4m,2.5,1.5,1.7000000000000002,628.0,178.0,0.009000000000000001,4m,3.0,1.0,1.8,54.0,,,,,,,,248.0,0.006,2m,3.5,2.0,1.8,568.0,712.0,0.007,3m,2.5,4.0,1.5,324.0,732,0.005,3m,2.5,4.0,1.7000000000000002,934,636,0.003,2m,1.5,3.0,1.3,402,456.0,0.008,3m,4.0,3.0,1.5,222.0,0.45,8,COMPLETE
145,145,-0.13675566433946026,2025-06-14 20:11:24.441757,2025-06-14 20:11:30.760785,0 days 00:00:06.319028,,,,,,,,206.0,0.002,2m,4.0,2.5,1.6,178.0,,,,,,,,956.0,0.003,4m,3.0,1.5,1.5,612.0,202.0,0.008,4m,3.0,1.0,1.9000000000000001,18.0,,,,,,,,328.0,0.007,4m,3.5,1.5,1.8,458.0,936.0,0.007,3m,2.5,4.0,1.4,300.0,882,0.004,3m,3.0,4.0,1.2000000000000002,970,698,0.004,2m,1.0,2.5,1.2000000000000002,482,370.0,0.008,3m,4.0,3.0,1.4,166.0,0.4,7,COMPLETE
146,146,1.5939887801672088,2025-06-14 20:11:30.848572,2025-06-14 20:11:39.203451,0 days 00:00:08.354879,48.0,0.006,3m,2.0,3.5,0.7,614.0,158.0,0.003,2m,3.5,3.5,0.9,788.0,638.0,0.009000000000000001,2m,2.0,2.0,1.8,570.0,882.0,0.004,3m,4.0,1.0,1.8,642.0,262.0,0.009000000000000001,3m,3.0,1.0,1.6,90.0,,,,,,,,282.0,0.007,2m,3.5,1.0,0.6,412.0,978.0,0.007,3m,3.0,3.5,1.1,360.0,320,0.007,3m,3.0,4.0,1.6,952,652,0.002,2m,2.0,3.0,1.3,362,206.0,0.009000000000000001,1m,3.0,3.0,1.4,60.0,0.45,9,COMPLETE
147,147,0.36418467808559335,2025-06-14 20:11:39.293520,2025-06-14 20:11:47.046923,0 days 00:00:07.753403,776.0,0.001,3m,1.5,3.0,0.5,258.0,404.0,0.001,2m,3.5,2.0,1.0,710.0,,,,,,,,802.0,0.004,4m,3.5,2.0,1.4,544.0,284.0,0.009000000000000001,4m,4.0,1.0,1.8,56.0,,,,,,,,214.0,0.006,2m,3.5,1.5,2.0,298.0,498.0,0.007,3m,2.5,2.5,1.4,404.0,656,0.006,3m,2.5,4.0,1.8,912,614,0.005,2m,2.5,3.0,1.2000000000000002,278,560.0,0.007,3m,3.5,3.0,1.5,136.0,0.5,8,COMPLETE
148,148,2.486944652375734,2025-06-14 20:11:47.140834,2025-06-14 20:11:53.693437,0 days 00:00:06.552603,,,,,,,,460.0,0.001,1m,3.0,4.0,1.1,76.0,,,,,,,,980.0,0.002,4m,3.5,1.5,1.7000000000000002,708.0,156.0,0.009000000000000001,4m,2.5,1.0,1.8,128.0,,,,,,,,262.0,0.004,2m,4.0,1.5,1.8,324.0,586.0,0.005,4m,2.0,4.0,1.2000000000000002,264.0,536,0.001,1m,3.0,3.5,0.6,978,674,0.004,2m,1.5,3.0,1.4,384,378.0,0.008,3m,4.0,2.5,1.4,118.0,0.45,7,COMPLETE
149,149,4.57952907908431,2025-06-14 20:11:53.828934,2025-06-14 20:12:01.164626,0 days 00:00:07.335692,556.0,0.003,3m,2.0,2.0,0.6,752.0,112.0,0.001,2m,3.5,3.0,1.3,262.0,,,,,,,,898.0,0.005,4m,3.5,1.0,1.5,594.0,224.0,0.01,4m,4.0,3.0,1.6,74.0,,,,,,,,312.0,0.002,2m,3.5,1.0,1.7000000000000002,358.0,1004.0,0.008,3m,3.0,4.0,1.2000000000000002,222.0,588,0.007,3m,3.0,4.0,0.7,930,594,0.006,2m,2.0,2.0,1.5,414,516.0,0.008,3m,3.5,3.0,1.2000000000000002,270.0,0.35000000000000003,8,COMPLETE
