,number,value,datetime_start,datetime_complete,duration,params_ADBE_BIIB_beta_win,params_ADBE_BIIB_stop_loss,params_ADBE_BIIB_trade_freq,params_ADBE_BIIB_z_entry,params_ADBE_BIIB_z_exit,params_ADBE_BIIB_z_stop_scaler,params_ADBE_BIIB_z_win,params_AEP_JD_beta_win,params_AEP_JD_stop_loss,params_AEP_JD_trade_freq,params_AEP_JD_z_entry,params_AEP_JD_z_exit,params_AEP_JD_z_stop_scaler,params_AEP_JD_z_win,params_AMZN_SIRI_beta_win,params_AMZN_SIRI_stop_loss,params_AMZN_SIRI_trade_freq,params_AMZN_SIRI_z_entry,params_AMZN_SIRI_z_exit,params_AMZN_SIRI_z_stop_scaler,params_AMZN_SIRI_z_win,params_BIIB_ZM_beta_win,params_BIIB_ZM_stop_loss,params_BIIB_ZM_trade_freq,params_BIIB_ZM_z_entry,params_BIIB_ZM_z_exit,params_BIIB_ZM_z_stop_scaler,params_BIIB_ZM_z_win,params_CMCSA_FISV_beta_win,params_CMCSA_FISV_stop_loss,params_CMCSA_FISV_trade_freq,params_CMCSA_FISV_z_entry,params_CMCSA_FISV_z_exit,params_CMCSA_FISV_z_stop_scaler,params_CMCSA_FISV_z_win,params_COST_ORLY_beta_win,params_COST_ORLY_stop_loss,params_COST_ORLY_trade_freq,params_COST_ORLY_z_entry,params_COST_ORLY_z_exit,params_COST_ORLY_z_stop_scaler,params_COST_ORLY_z_win,params_GOOG_SIRI_beta_win,params_GOOG_SIRI_stop_loss,params_GOOG_SIRI_trade_freq,params_GOOG_SIRI_z_entry,params_GOOG_SIRI_z_exit,params_GOOG_SIRI_z_stop_scaler,params_GOOG_SIRI_z_win,params_IDXX_SIRI_beta_win,params_IDXX_SIRI_stop_loss,params_IDXX_SIRI_trade_freq,params_IDXX_SIRI_z_entry,params_IDXX_SIRI_z_exit,params_IDXX_SIRI_z_stop_scaler,params_IDXX_SIRI_z_win,params_NTES_SIRI_beta_win,params_NTES_SIRI_stop_loss,params_NTES_SIRI_trade_freq,params_NTES_SIRI_z_entry,params_NTES_SIRI_z_exit,params_NTES_SIRI_z_stop_scaler,params_NTES_SIRI_z_win,params_NVDA_SIRI_beta_win,params_NVDA_SIRI_stop_loss,params_NVDA_SIRI_trade_freq,params_NVDA_SIRI_z_entry,params_NVDA_SIRI_z_exit,params_NVDA_SIRI_z_stop_scaler,params_NVDA_SIRI_z_win,params_buffer_capital,params_pairs_to_trade,state
99,99,-0.4310279869397344,2025-06-14 19:19:42.242183,2025-06-14 19:19:47.834254,0 days 00:00:05.592071,432.0,0.01,2m,3.5,3.5,2.0,784.0,228.0,0.002,2m,3.5,1.0,1.1,924.0,598.0,0.005,3m,1.5,3.5,0.9,972.0,972,0.009000000000000001,1m,2.0,3.5,1.9000000000000001,786,,,,,,,,934.0,0.008,1m,2.5,1.0,0.8,106.0,,,,,,,,,,,,,,,170.0,0.01,2m,1.0,4.0,1.8,442.0,,,,,,,,0.05,6,COMPLETE
100,100,-1.6765185059917418,2025-06-14 19:19:47.936255,2025-06-14 19:19:54.257466,0 days 00:00:06.321211,322.0,0.006,4m,3.5,2.0,1.3,496.0,448.0,0.008,3m,3.0,1.5,1.2000000000000002,988.0,472.0,0.003,1m,1.0,4.0,0.6,854.0,858,0.009000000000000001,1m,3.5,4.0,1.8,686,332.0,0.003,3m,3.0,2.5,1.2000000000000002,1002.0,414.0,0.007,4m,1.0,4.0,0.7,424.0,,,,,,,,,,,,,,,670.0,0.007,4m,1.5,4.0,1.6,966.0,,,,,,,,0.25,7,COMPLETE
101,101,2.100286448412281,2025-06-14 19:19:54.343126,2025-06-14 19:19:59.674880,0 days 00:00:05.331754,830.0,0.009000000000000001,4m,3.0,2.5,1.4,576.0,388.0,0.006,3m,4.0,1.0,0.7,996.0,274.0,0.004,3m,2.0,3.5,0.8,958.0,786,0.01,1m,1.0,3.5,1.8,730,,,,,,,,888.0,0.009000000000000001,3m,1.5,1.5,1.0,476.0,,,,,,,,,,,,,,,606.0,0.005,2m,1.0,1.0,1.9000000000000001,724.0,,,,,,,,0.05,6,COMPLETE
102,102,0.5551058885163561,2025-06-14 19:19:59.740236,2025-06-14 19:20:05.586278,0 days 00:00:05.846042,776.0,0.009000000000000001,4m,3.0,2.5,1.1,542.0,268.0,0.007,3m,4.0,1.0,0.6,670.0,320.0,0.002,3m,2.0,3.5,0.8,1002.0,778,0.01,1m,1.0,3.5,2.0,644,,,,,,,,996.0,0.009000000000000001,3m,1.5,1.5,0.9,470.0,,,,,,,,,,,,,,,586.0,0.005,2m,1.0,1.0,1.9000000000000001,996.0,,,,,,,,0.05,6,COMPLETE
103,103,1.4956425099301567,2025-06-14 19:20:05.671205,2025-06-14 19:20:10.421523,0 days 00:00:04.750318,836.0,0.009000000000000001,4m,3.0,2.0,1.4,606.0,,,,,,,,364.0,0.005,3m,1.5,3.5,0.8,886.0,798,0.005,1m,1.0,3.5,1.9000000000000001,616,,,,,,,,872.0,0.009000000000000001,3m,1.5,2.0,1.0,490.0,,,,,,,,,,,,,,,616.0,0.004,2m,1.0,1.5,1.8,688.0,,,,,,,,0.05,5,COMPLETE
104,104,0.4846913093624952,2025-06-14 19:20:10.508120,2025-06-14 19:20:17.377859,0 days 00:00:06.869739,916.0,0.009000000000000001,4m,3.0,4.0,1.5,696.0,396.0,0.007,3m,4.0,1.0,0.7,730.0,256.0,0.006,3m,3.0,1.5,0.7,960.0,754,0.01,1m,1.0,3.5,1.1,722,970.0,0.01,2m,3.5,2.0,1.8,82.0,918.0,0.008,3m,1.5,1.5,1.1,18.0,,,,,,,,,,,,,,,470.0,0.006,2m,1.0,4.0,2.0,746.0,,,,,,,,0.1,7,COMPLETE
105,105,4.832990556814407,2025-06-14 19:20:17.464500,2025-06-14 19:20:23.155075,0 days 00:00:05.690575,810.0,0.01,4m,2.5,2.5,1.8,662.0,154.0,0.006,3m,3.0,1.0,1.4,1016.0,142.0,0.004,3m,2.5,2.0,0.5,936.0,516,0.01,1m,1.5,3.5,1.7000000000000002,570,,,,,,,,774.0,0.01,3m,1.5,1.0,1.9000000000000001,64.0,,,,,,,,,,,,,,,312.0,0.005,2m,1.0,1.5,1.9000000000000001,1024.0,,,,,,,,0.1,6,COMPLETE
106,106,-0.5589211575235601,2025-06-14 19:20:23.228170,2025-06-14 19:20:29.224226,0 days 00:00:05.996056,760.0,0.01,4m,2.5,2.5,1.8,664.0,336.0,0.006,3m,3.5,1.5,1.4,1010.0,86.0,0.004,2m,2.5,2.0,0.5,910.0,518,0.004,3m,1.0,3.5,1.7000000000000002,514,,,,,,,,782.0,0.01,3m,2.0,1.0,1.9000000000000001,64.0,,,,,,,,,,,,,,,306.0,0.005,3m,1.0,1.5,1.8,1012.0,,,,,,,,0.05,6,COMPLETE
107,107,-3.24218392834422,2025-06-14 19:20:29.308274,2025-06-14 19:20:33.861797,0 days 00:00:04.553523,808.0,0.01,3m,2.5,2.5,1.6,736.0,,,,,,,,40.0,0.003,3m,2.5,1.5,0.6,42.0,458,0.01,1m,1.0,1.5,1.7000000000000002,562,,,,,,,,838.0,0.009000000000000001,3m,2.5,1.0,2.0,98.0,,,,,,,,,,,,,,,234.0,0.004,2m,1.0,1.5,1.7000000000000002,564.0,,,,,,,,0.05,5,COMPLETE
108,108,-3.932381578498159,2025-06-14 19:20:33.926069,2025-06-14 19:20:42.557449,0 days 00:00:08.631380,720.0,0.01,1m,2.5,2.5,1.4,388.0,146.0,0.006,3m,4.0,4.0,1.4,976.0,156.0,0.004,1m,2.0,4.0,0.5,490.0,528,0.009000000000000001,1m,3.0,3.5,1.6,594,562.0,0.007,3m,2.5,3.5,1.1,588.0,760.0,0.001,3m,3.5,1.0,2.0,150.0,30.0,0.005,1m,4.0,2.5,1.4,528.0,1020.0,0.008,4m,3.0,3.0,1.8,308.0,262.0,0.005,4m,2.5,1.5,1.4,820.0,190.0,0.008,1m,3.5,1.5,1.5,812.0,0.25,10,COMPLETE
109,109,0.2717697062468285,2025-06-14 19:20:42.644052,2025-06-14 19:20:48.302569,0 days 00:00:05.658517,866.0,0.004,4m,2.5,3.0,1.7000000000000002,64.0,194.0,0.005,3m,1.0,3.5,1.5,610.0,218.0,0.001,3m,1.0,3.5,0.6,944.0,564,0.009000000000000001,1m,1.0,4.0,2.0,140,,,,,,,,692.0,0.004,3m,1.0,1.0,1.9000000000000001,40.0,,,,,,,,,,,,,,,964.0,0.003,2m,1.5,1.0,1.6,490.0,,,,,,,,0.1,6,COMPLETE
110,110,1.6181265017036035,2025-06-14 19:20:48.368506,2025-06-14 19:20:53.741072,0 days 00:00:05.372566,386.0,0.009000000000000001,4m,3.0,3.5,1.8,722.0,248.0,0.005,4m,3.0,2.5,1.6,942.0,138.0,0.005,3m,2.0,3.5,0.5,556.0,422,0.002,4m,1.5,3.0,1.8,118,,,,,,,,720.0,0.002,3m,1.5,1.0,1.6,176.0,,,,,,,,,,,,,,,358.0,0.005,1m,1.0,1.0,1.1,784.0,,,,,,,,0.35000000000000003,6,COMPLETE
111,111,-0.5231774348949992,2025-06-14 19:20:53.824804,2025-06-14 19:20:59.974176,0 days 00:00:06.149372,976.0,0.008,4m,4.0,2.5,1.9000000000000001,642.0,294.0,0.006,3m,3.0,1.0,1.3,916.0,296.0,0.006,3m,4.0,2.5,1.0,982.0,672,0.01,1m,1.5,3.5,1.9000000000000001,628,898.0,0.002,4m,4.0,1.0,1.6,400.0,812.0,0.01,4m,1.5,1.5,1.0,70.0,,,,,,,,,,,,,,,434.0,0.006,2m,1.0,2.0,1.9000000000000001,940.0,,,,,,,,0.1,7,COMPLETE
112,112,0.8879055838571872,2025-06-14 19:21:00.030675,2025-06-14 19:21:05.239190,0 days 00:00:05.208515,828.0,0.008,4m,4.0,2.0,1.8,588.0,184.0,0.007,3m,3.0,1.0,1.3,1024.0,682.0,0.004,3m,3.0,2.0,1.1,1008.0,498,0.01,1m,1.5,3.5,1.2000000000000002,664,,,,,,,,894.0,0.01,3m,1.5,1.0,0.9,378.0,,,,,,,,,,,,,,,518.0,0.005,2m,1.0,2.0,2.0,974.0,,,,,,,,0.1,6,COMPLETE
113,113,0.7797708151910926,2025-06-14 19:21:05.313449,2025-06-14 19:21:11.783821,0 days 00:00:06.470372,942.0,0.009000000000000001,4m,3.0,3.5,1.5,614.0,152.0,0.006,3m,3.0,1.0,1.3,960.0,50.0,0.007,3m,1.0,3.0,0.9,978.0,830,0.01,1m,1.5,3.5,1.8,64,828.0,0.003,1m,3.5,1.5,2.0,486.0,764.0,0.006,4m,1.5,1.0,1.8,826.0,,,,,,,,,,,,,,,104.0,0.004,2m,1.0,2.5,1.9000000000000001,1024.0,,,,,,,,0.15000000000000002,7,COMPLETE
114,114,-1.2596665036781594,2025-06-14 19:21:11.847939,2025-06-14 19:21:16.651577,0 days 00:00:04.803638,884.0,0.009000000000000001,4m,4.0,3.0,1.9000000000000001,680.0,,,,,,,,180.0,0.003,3m,2.5,2.5,0.6,930.0,728,0.01,1m,2.0,3.5,1.0,858,,,,,,,,452.0,0.01,3m,2.0,3.0,1.2000000000000002,748.0,,,,,,,,,,,,,,,342.0,0.01,2m,1.0,4.0,1.8,334.0,,,,,,,,0.05,5,COMPLETE
115,115,-3.335918898117864,2025-06-14 19:21:16.690959,2025-06-14 19:21:23.723706,0 days 00:00:07.032747,238.0,0.01,4m,2.5,1.5,1.9000000000000001,572.0,56.0,0.004,3m,3.0,1.0,1.2000000000000002,794.0,960.0,0.002,1m,4.0,4.0,0.8,1024.0,698,0.009000000000000001,1m,3.5,3.5,1.9000000000000001,26,48.0,0.001,3m,3.0,3.0,1.5,306.0,736.0,0.009000000000000001,4m,1.5,1.5,1.9000000000000001,116.0,,,,,,,,,,,,,,,458.0,0.009000000000000001,2m,1.0,4.0,1.9000000000000001,994.0,492.0,0.006,2m,1.5,3.5,0.7,738.0,0.3,8,COMPLETE
116,116,-1.0928722287450825,2025-06-14 19:21:23.772177,2025-06-14 19:21:29.618508,0 days 00:00:05.846331,188.0,0.007,2m,4.0,2.0,2.0,534.0,222.0,0.002,3m,3.5,1.0,1.5,872.0,100.0,0.006,3m,1.5,1.0,0.7,462.0,904,0.006,2m,1.5,1.5,1.8,86,,,,,,,,858.0,0.01,4m,2.0,3.5,1.1,26.0,,,,,,,,,,,,,,,410.0,0.007,4m,1.0,1.5,2.0,970.0,,,,,,,,0.05,6,COMPLETE
117,117,-5.855231264812031,2025-06-14 19:21:29.706878,2025-06-14 19:21:36.098518,0 days 00:00:06.391640,858.0,0.008,4m,3.5,3.5,1.3,644.0,126.0,0.003,3m,2.5,1.5,0.8,980.0,410.0,0.006,4m,1.0,2.0,0.5,898.0,956,0.01,1m,1.0,3.5,2.0,780,662.0,0.002,2m,3.5,2.5,1.9000000000000001,234.0,796.0,0.009000000000000001,3m,1.0,1.0,0.5,700.0,,,,,,,,,,,,,,,498.0,0.009000000000000001,2m,1.0,1.0,1.9000000000000001,1006.0,,,,,,,,0.1,7,COMPLETE
118,118,-1.905120611014406,2025-06-14 19:21:36.178266,2025-06-14 19:21:41.449319,0 days 00:00:05.271053,472.0,0.008,4m,3.0,3.5,1.6,710.0,262.0,0.01,2m,3.0,1.0,1.4,844.0,130.0,0.001,3m,4.0,2.5,0.8,858.0,574,0.01,1m,1.0,1.0,1.7000000000000002,576,,,,,,,,844.0,0.01,1m,1.5,2.5,1.7000000000000002,428.0,,,,,,,,,,,,,,,658.0,0.006,2m,1.0,4.0,1.8,378.0,,,,,,,,0.05,6,COMPLETE
119,119,-0.4126276714151278,2025-06-14 19:21:41.512909,2025-06-14 19:21:46.710590,0 days 00:00:05.197681,286.0,0.006,4m,4.0,3.0,1.2000000000000002,820.0,544.0,0.007,1m,2.0,3.0,1.7000000000000002,916.0,244.0,0.005,3m,3.5,3.0,0.6,418.0,632,0.009000000000000001,1m,1.0,3.0,1.9000000000000001,186,,,,,,,,976.0,0.009000000000000001,4m,3.0,2.0,2.0,520.0,,,,,,,,,,,,,,,384.0,0.008,4m,1.5,3.5,1.7000000000000002,706.0,,,,,,,,0.1,6,COMPLETE
120,120,1.6852998253002285,2025-06-14 19:21:46.797083,2025-06-14 19:21:52.723973,0 days 00:00:05.926890,1006.0,0.009000000000000001,4m,3.0,4.0,1.4,988.0,434.0,0.009000000000000001,3m,3.5,1.0,1.1,824.0,194.0,0.007,1m,1.0,1.5,0.9,820.0,864,0.01,1m,2.0,2.5,2.0,818,750.0,0.004,3m,2.5,2.0,1.4,334.0,826.0,0.01,2m,1.5,1.5,0.9,86.0,,,,,,,,,,,,,,,720.0,0.01,2m,2.5,4.0,1.3,418.0,,,,,,,,0.2,7,COMPLETE
121,121,0.21691834210172736,2025-06-14 19:21:52.788763,2025-06-14 19:22:02.483323,0 days 00:00:09.694560,842.0,0.009000000000000001,4m,3.0,2.5,1.4,566.0,378.0,0.006,3m,4.0,1.0,0.6,1002.0,276.0,0.004,3m,2.0,3.5,0.8,954.0,930,0.01,1m,1.0,3.5,1.7000000000000002,740,,,,,,,,878.0,0.009000000000000001,3m,1.5,1.5,1.0,482.0,,,,,,,,,,,,,,,566.0,0.005,2m,1.0,1.0,1.9000000000000001,644.0,,,,,,,,0.05,6,COMPLETE
122,122,2.998708566061051,2025-06-14 19:22:02.601956,2025-06-14 19:22:15.922439,0 days 00:00:13.320483,914.0,0.009000000000000001,4m,3.0,2.5,1.4,658.0,380.0,0.005,3m,4.0,1.0,0.5,1000.0,330.0,0.004,3m,2.0,3.5,0.8,964.0,822,0.01,1m,1.0,3.5,1.8,890,,,,,,,,912.0,0.008,3m,1.5,1.5,1.0,58.0,,,,,,,,,,,,,,,556.0,0.005,2m,1.0,1.0,1.9000000000000001,668.0,,,,,,,,0.05,6,COMPLETE
123,123,0.27048629156576237,2025-06-14 19:22:16.063112,2025-06-14 19:22:23.365452,0 days 00:00:07.302340,924.0,0.009000000000000001,4m,3.0,2.5,1.3,666.0,,,,,,,,346.0,0.004,3m,2.0,3.5,0.7,992.0,784,0.009000000000000001,1m,1.0,3.5,1.8,922,,,,,,,,940.0,0.008,3m,1.5,1.5,0.8,60.0,,,,,,,,,,,,,,,636.0,0.005,2m,1.0,1.0,1.8,694.0,,,,,,,,0.05,5,COMPLETE
124,124,2.596441705267413,2025-06-14 19:22:23.428324,2025-06-14 19:22:28.618651,0 days 00:00:05.190327,962.0,0.01,4m,2.5,2.5,1.5,596.0,650.0,0.005,3m,4.0,1.0,0.5,950.0,312.0,0.005,3m,2.5,3.5,0.9,918.0,812,0.01,1m,1.0,3.5,1.8,950,,,,,,,,916.0,0.008,3m,2.0,1.0,1.3,284.0,,,,,,,,,,,,,,,592.0,0.005,2m,1.0,1.0,1.9000000000000001,672.0,,,,,,,,0.05,6,COMPLETE
125,125,0.6102143207729543,2025-06-14 19:22:28.689319,2025-06-14 19:22:33.873394,0 days 00:00:05.184075,966.0,0.01,4m,2.5,2.5,1.5,600.0,318.0,0.004,3m,4.0,1.0,0.5,946.0,398.0,0.005,3m,2.5,3.5,0.9,920.0,840,0.01,1m,1.0,3.5,1.8,960,,,,,,,,922.0,0.008,3m,2.0,1.0,1.3,288.0,,,,,,,,,,,,,,,554.0,0.005,2m,1.0,1.0,2.0,742.0,,,,,,,,0.05,6,COMPLETE
126,126,4.089266099238293,2025-06-14 19:22:33.955503,2025-06-14 19:22:38.223902,0 days 00:00:04.268399,892.0,0.01,4m,2.5,2.5,1.5,652.0,,,,,,,,228.0,0.003,3m,2.5,3.5,0.9,962.0,878,0.009000000000000001,1m,1.0,3.5,1.7000000000000002,1016,,,,,,,,980.0,0.007,3m,2.0,1.0,1.1,244.0,,,,,,,,,,,,,,,596.0,0.005,2m,1.0,1.0,1.9000000000000001,664.0,,,,,,,,0.05,5,COMPLETE
127,127,-3.4111571474843756,2025-06-14 19:22:38.291262,2025-06-14 19:22:42.657381,0 days 00:00:04.366119,892.0,0.01,2m,2.0,2.5,1.5,648.0,,,,,,,,330.0,0.003,3m,2.5,3.5,1.0,966.0,998,0.01,3m,1.0,4.0,1.7000000000000002,990,,,,,,,,1022.0,0.007,3m,2.0,1.0,1.1,196.0,,,,,,,,,,,,,,,598.0,0.005,2m,1.0,1.0,0.8,648.0,,,,,,,,0.05,5,COMPLETE
128,128,-1.6985292006360135,2025-06-14 19:22:42.722498,2025-06-14 19:22:47.060358,0 days 00:00:04.337860,908.0,0.01,4m,2.5,2.5,1.4,676.0,,,,,,,,240.0,0.004,1m,2.5,3.5,0.9,612.0,874,0.009000000000000001,1m,1.0,1.5,1.6,1018,,,,,,,,986.0,0.007,3m,2.5,1.0,1.4,234.0,,,,,,,,,,,,,,,626.0,0.005,4m,1.0,1.0,1.0,616.0,,,,,,,,0.05,5,COMPLETE
129,129,2.887854960377014,2025-06-14 19:22:47.139460,2025-06-14 19:22:50.655365,0 days 00:00:03.515905,986.0,0.01,3m,2.5,2.5,1.5,622.0,,,,,,,,,,,,,,,448,0.008,1m,1.0,3.5,1.6,990,,,,,,,,960.0,0.008,3m,2.0,1.0,1.8,36.0,,,,,,,,,,,,,,,692.0,0.004,3m,3.5,1.0,1.9000000000000001,600.0,,,,,,,,0.05,4,COMPLETE
130,130,-3.3736739874232855,2025-06-14 19:22:50.695019,2025-06-14 19:22:54.338011,0 days 00:00:03.642992,978.0,0.01,3m,2.0,2.0,1.6,618.0,,,,,,,,,,,,,,,374,0.008,1m,1.0,2.0,1.5,962,,,,,,,,948.0,0.007,3m,2.0,1.0,1.8,326.0,,,,,,,,,,,,,,,780.0,0.004,3m,3.0,1.0,2.0,582.0,,,,,,,,0.25,4,COMPLETE
131,131,2.5546116752999546,2025-06-14 19:22:54.392512,2025-06-14 19:22:57.670176,0 days 00:00:03.277664,950.0,0.01,3m,2.5,2.5,1.5,598.0,,,,,,,,,,,,,,,454,0.008,1m,1.0,3.5,1.6,980,,,,,,,,976.0,0.008,3m,2.0,1.0,1.9000000000000001,36.0,,,,,,,,,,,,,,,704.0,0.004,3m,4.0,1.0,1.9000000000000001,528.0,,,,,,,,0.05,4,COMPLETE
132,132,2.7418398013509258,2025-06-14 19:22:57.744307,2025-06-14 19:23:01.610604,0 days 00:00:03.866297,954.0,0.01,3m,2.5,2.5,1.5,684.0,,,,,,,,,,,,,,,456,0.007,1m,1.0,3.5,1.6,990,,,,,,,,970.0,0.008,3m,2.0,1.0,1.9000000000000001,16.0,,,,,,,,,,,,,,,692.0,0.004,3m,4.0,1.0,1.8,614.0,,,,,,,,0.05,4,COMPLETE
133,133,2.8652656934249996,2025-06-14 19:23:01.659775,2025-06-14 19:23:05.487370,0 days 00:00:03.827595,1024.0,0.01,3m,2.5,2.5,1.5,698.0,,,,,,,,,,,,,,,440,0.007,1m,1.0,3.5,1.6,986,,,,,,,,1004.0,0.008,3m,2.0,1.0,1.9000000000000001,40.0,,,,,,,,,,,,,,,708.0,0.004,3m,4.0,1.0,0.7,526.0,,,,,,,,0.05,4,COMPLETE
134,134,1.0934895697733875,2025-06-14 19:23:05.538658,2025-06-14 19:23:09.334247,0 days 00:00:03.795589,1010.0,0.01,3m,2.5,2.5,1.5,702.0,,,,,,,,,,,,,,,450,0.007,1m,1.0,3.5,1.6,886,,,,,,,,968.0,0.008,3m,2.0,1.0,1.9000000000000001,42.0,,,,,,,,,,,,,,,716.0,0.004,3m,4.0,1.0,0.7,526.0,,,,,,,,0.05,4,COMPLETE
135,135,-0.10682333825548075,2025-06-14 19:23:09.381842,2025-06-14 19:23:12.293091,0 days 00:00:02.911249,984.0,0.01,3m,2.5,2.5,1.5,744.0,,,,,,,,,,,,,,,416,0.007,1m,1.0,3.5,1.5,966,,,,,,,,,,,,,,,,,,,,,,,,,,,,,692.0,0.003,3m,4.0,1.0,1.8,556.0,,,,,,,,0.05,3,COMPLETE
136,136,0.4339881561408804,2025-06-14 19:23:12.359227,2025-06-14 19:23:16.324719,0 days 00:00:03.965492,1024.0,0.01,3m,2.5,2.5,1.6,690.0,,,,,,,,,,,,,,,406,0.007,1m,1.0,3.5,1.6,1004,,,,,,,,996.0,0.008,3m,2.0,1.0,1.9000000000000001,58.0,,,,,,,,,,,,,,,704.0,0.004,3m,4.0,1.0,0.9,666.0,,,,,,,,0.05,4,COMPLETE
137,137,-1.8531528042240648,2025-06-14 19:23:16.390931,2025-06-14 19:23:20.427111,0 days 00:00:04.036180,1000.0,0.01,3m,2.5,2.5,1.5,632.0,,,,,,,,,,,,,,,344,0.008,1m,1.0,3.5,1.6,930,,,,,,,,1014.0,0.008,3m,2.0,1.0,1.8,84.0,,,,,,,,,,,,,,,764.0,0.004,3m,3.5,1.0,0.5,574.0,,,,,,,,0.05,4,COMPLETE
138,138,0.9332736515465871,2025-06-14 19:23:20.491672,2025-06-14 19:23:24.277750,0 days 00:00:03.786078,924.0,0.01,3m,2.5,2.5,1.5,654.0,,,,,,,,,,,,,,,462,0.007,1m,1.0,3.0,1.5,994,,,,,,,,970.0,0.008,3m,2.0,1.0,1.9000000000000001,142.0,,,,,,,,,,,,,,,650.0,0.003,3m,3.5,1.0,0.6,604.0,,,,,,,,0.05,4,COMPLETE
139,139,-2.3288745033390463,2025-06-14 19:23:24.353241,2025-06-14 19:23:28.525163,0 days 00:00:04.171922,952.0,0.01,3m,2.5,2.5,1.6,598.0,,,,,,,,,,,,,,,512,0.006,2m,1.0,3.5,1.7000000000000002,964,,,,,,,,958.0,0.008,3m,2.0,1.0,1.9000000000000001,38.0,,,,,,,,,,,,,,,806.0,0.003,3m,4.0,1.0,1.8,622.0,,,,,,,,0.05,4,COMPLETE
140,140,1.0752001358100356,2025-06-14 19:23:28.591700,2025-06-14 19:23:32.310856,0 days 00:00:03.719156,962.0,0.01,3m,2.5,2.5,1.6,768.0,,,,,,,,,,,,,,,450,0.003,1m,1.0,3.5,1.7000000000000002,988,,,,,,,,910.0,0.008,3m,2.0,1.0,2.0,268.0,,,,,,,,,,,,,,,674.0,0.004,3m,4.0,1.0,1.9000000000000001,532.0,,,,,,,,0.05,4,COMPLETE
141,141,1.4317713318661507,2025-06-14 19:23:32.370520,2025-06-14 19:23:35.370901,0 days 00:00:03.000381,988.0,0.01,3m,2.5,2.5,1.5,658.0,,,,,,,,,,,,,,,480,0.008,1m,1.0,3.5,1.6,978,,,,,,,,,,,,,,,,,,,,,,,,,,,,,734.0,0.005,3m,4.0,1.0,1.8,666.0,,,,,,,,0.05,3,COMPLETE
142,142,1.1834490234430488,2025-06-14 19:23:35.445853,2025-06-14 19:23:39.405079,0 days 00:00:03.959226,948.0,0.01,3m,2.5,2.5,1.5,630.0,,,,,,,,,,,,,,,436,0.008,1m,1.0,3.5,1.6,1018,,,,,,,,992.0,0.008,3m,2.0,1.0,1.5,26.0,,,,,,,,,,,,,,,650.0,0.004,3m,3.5,1.0,1.9000000000000001,508.0,,,,,,,,0.45,4,COMPLETE
143,143,2.62303587760718,2025-06-14 19:23:39.470710,2025-06-14 19:23:42.605909,0 days 00:00:03.135199,344.0,0.01,3m,2.5,2.5,1.6,688.0,,,,,,,,,,,,,,,492,0.006,1m,3.5,3.5,1.5,944,,,,,,,,,,,,,,,,,,,,,,,,,,,,,780.0,0.005,3m,4.0,1.0,1.9000000000000001,598.0,,,,,,,,0.25,3,COMPLETE
144,144,1.0022596099673922,2025-06-14 19:23:42.678139,2025-06-14 19:23:44.633824,0 days 00:00:01.955685,906.0,0.01,3m,2.5,2.5,1.7000000000000002,692.0,,,,,,,,,,,,,,,538,0.006,1m,3.5,3.5,1.5,906,,,,,,,,,,,,,,,,,,,,,,,,,,,,,,,,,,,,,,,,,,,0.05,2,COMPLETE
145,145,0.568207089275405,2025-06-14 19:23:44.722670,2025-06-14 19:23:48.699486,0 days 00:00:03.976816,934.0,0.01,3m,2.5,2.0,1.6,710.0,,,,,,,,,,,,,,,390,0.006,1m,3.5,3.5,1.6,886,,,,,,,,930.0,0.007,3m,2.0,1.0,1.8,112.0,,,,,,,,,,,,,,,860.0,0.004,3m,4.0,1.0,1.9000000000000001,482.0,,,,,,,,0.05,4,COMPLETE
146,146,-0.9566211520168587,2025-06-14 19:23:48.757835,2025-06-14 19:23:51.690407,0 days 00:00:02.932572,880.0,0.01,3m,2.5,2.5,1.4,746.0,,,,,,,,,,,,,,,500,0.007,4m,3.5,3.5,1.7000000000000002,948,,,,,,,,,,,,,,,,,,,,,,,,,,,,,804.0,0.005,3m,2.5,1.5,1.9000000000000001,600.0,,,,,,,,0.25,3,COMPLETE
147,147,-3.532654065132852,2025-06-14 19:23:51.757538,2025-06-14 19:23:54.655859,0 days 00:00:02.898321,524.0,0.01,3m,2.5,2.5,1.6,682.0,,,,,,,,,,,,,,,472,0.007,1m,3.5,3.5,1.6,930,,,,,,,,,,,,,,,,,,,,,,,,,,,,,776.0,0.005,3m,4.0,1.0,1.8,548.0,,,,,,,,0.05,3,COMPLETE
148,148,-1.5500442655350581,2025-06-14 19:23:54.710118,2025-06-14 19:23:57.409727,0 days 00:00:02.699609,972.0,0.01,3m,2.5,2.5,1.7000000000000002,724.0,,,,,,,,,,,,,,,314,0.003,1m,1.0,4.0,1.7000000000000002,972,,,,,,,,,,,,,,,,,,,,,,,,,,,,,698.0,0.006,3m,4.0,1.5,2.0,458.0,,,,,,,,0.1,3,COMPLETE
149,149,-3.2307257207740356,2025-06-14 19:23:57.480920,2025-06-14 19:23:59.439036,0 days 00:00:01.958116,122.0,0.005,3m,2.0,2.5,1.5,660.0,,,,,,,,,,,,,,,432,0.008,1m,3.5,3.5,1.5,1002,,,,,,,,,,,,,,,,,,,,,,,,,,,,,,,,,,,,,,,,,,,0.05,2,COMPLETE
