,number,value,datetime_start,datetime_complete,duration,params_AEP_MCHP_beta_win,params_AEP_MCHP_stop_loss,params_AEP_MCHP_trade_freq,params_AEP_MCHP_z_entry,params_AEP_MCHP_z_exit,params_AEP_MCHP_z_stop_scaler,params_AEP_MCHP_z_win,params_AMZN_LRCX_beta_win,params_AMZN_LRCX_stop_loss,params_AMZN_LRCX_trade_freq,params_AMZN_LRCX_z_entry,params_AMZN_LRCX_z_exit,params_AMZN_LRCX_z_stop_scaler,params_AMZN_LRCX_z_win,params_AMZN_NFLX_beta_win,params_AMZN_NFLX_stop_loss,params_AMZN_NFLX_trade_freq,params_AMZN_NFLX_z_entry,params_AMZN_NFLX_z_exit,params_AMZN_NFLX_z_stop_scaler,params_AMZN_NFLX_z_win,params_ASML_NFLX_beta_win,params_ASML_NFLX_stop_loss,params_ASML_NFLX_trade_freq,params_ASML_NFLX_z_entry,params_ASML_NFLX_z_exit,params_ASML_NFLX_z_stop_scaler,params_ASML_NFLX_z_win,params_AVGO_COST_beta_win,params_AVGO_COST_stop_loss,params_AVGO_COST_trade_freq,params_AVGO_COST_z_entry,params_AVGO_COST_z_exit,params_AVGO_COST_z_stop_scaler,params_AVGO_COST_z_win,params_CCEP_MRVL_beta_win,params_CCEP_MRVL_stop_loss,params_CCEP_MRVL_trade_freq,params_CCEP_MRVL_z_entry,params_CCEP_MRVL_z_exit,params_CCEP_MRVL_z_stop_scaler,params_CCEP_MRVL_z_win,params_COST_KLAC_beta_win,params_COST_KLAC_stop_loss,params_COST_KLAC_trade_freq,params_COST_KLAC_z_entry,params_COST_KLAC_z_exit,params_COST_KLAC_z_stop_scaler,params_COST_KLAC_z_win,params_ISRG_MRVL_beta_win,params_ISRG_MRVL_stop_loss,params_ISRG_MRVL_trade_freq,params_ISRG_MRVL_z_entry,params_ISRG_MRVL_z_exit,params_ISRG_MRVL_z_stop_scaler,params_ISRG_MRVL_z_win,params_LRCX_NFLX_beta_win,params_LRCX_NFLX_stop_loss,params_LRCX_NFLX_trade_freq,params_LRCX_NFLX_z_entry,params_LRCX_NFLX_z_exit,params_LRCX_NFLX_z_stop_scaler,params_LRCX_NFLX_z_win,params_LULU_TTD_beta_win,params_LULU_TTD_stop_loss,params_LULU_TTD_trade_freq,params_LULU_TTD_z_entry,params_LULU_TTD_z_exit,params_LULU_TTD_z_stop_scaler,params_LULU_TTD_z_win,params_ROP_ROST_beta_win,params_ROP_ROST_stop_loss,params_ROP_ROST_trade_freq,params_ROP_ROST_z_entry,params_ROP_ROST_z_exit,params_ROP_ROST_z_stop_scaler,params_ROP_ROST_z_win,params_buffer_capital,params_pairs_to_trade,state
51,51,3.003379327399017,2025-06-14 19:58:10.090225,2025-06-14 19:58:17.143580,0 days 00:00:07.053355,,,,,,,,186.0,0.001,2m,3.5,3.0,1.2000000000000002,202.0,,,,,,,,560.0,0.004,4m,3.5,1.5,1.6,610.0,282.0,0.009000000000000001,4m,4.0,1.0,1.8,78.0,,,,,,,,268.0,0.004,2m,3.5,1.5,1.6,326.0,1008.0,0.005,3m,2.5,4.0,1.2000000000000002,244.0,386,0.007,3m,3.0,4.0,1.6,1004,660,0.004,2m,1.5,3.0,1.4,414,578.0,0.008,3m,3.0,3.0,1.4,156.0,0.45,7,COMPLETE
52,52,1.579244917963304,2025-06-14 19:58:17.230037,2025-06-14 19:58:23.830495,0 days 00:00:06.600458,,,,,,,,174.0,0.001,2m,3.5,3.0,1.2000000000000002,180.0,,,,,,,,936.0,0.004,4m,3.5,1.5,1.6,610.0,276.0,0.009000000000000001,4m,4.0,1.0,1.7000000000000002,60.0,,,,,,,,276.0,0.004,2m,3.5,1.5,1.6,336.0,1018.0,0.006,3m,2.5,4.0,1.2000000000000002,216.0,494,0.007,3m,3.0,4.0,1.6,896,660,0.003,2m,1.5,3.0,1.4,388,586.0,0.008,3m,3.0,3.0,1.4,132.0,0.45,7,COMPLETE
53,53,1.0258587349383688,2025-06-14 19:58:23.933475,2025-06-14 19:58:30.615897,0 days 00:00:06.682422,,,,,,,,194.0,0.001,2m,3.5,3.0,1.2000000000000002,208.0,,,,,,,,932.0,0.005,4m,3.5,1.0,1.8,610.0,270.0,0.009000000000000001,4m,4.0,1.0,1.7000000000000002,18.0,,,,,,,,310.0,0.004,2m,3.5,1.5,1.6,310.0,996.0,0.006,3m,2.5,4.0,1.2000000000000002,242.0,512,0.007,3m,2.5,4.0,1.6,1018,696,0.003,2m,1.5,3.0,1.4,388,612.0,0.008,3m,3.0,3.0,1.3,140.0,0.45,7,COMPLETE
54,54,1.179604602160083,2025-06-14 19:58:30.721688,2025-06-14 19:58:38.517060,0 days 00:00:07.795372,578.0,0.001,3m,1.0,2.5,1.2000000000000002,854.0,186.0,0.001,2m,3.5,3.0,1.2000000000000002,194.0,,,,,,,,942.0,0.005,4m,3.5,1.0,1.9000000000000001,618.0,284.0,0.009000000000000001,4m,4.0,1.0,1.7000000000000002,80.0,,,,,,,,282.0,0.004,2m,3.5,1.5,1.6,306.0,1022.0,0.006,3m,2.5,4.0,1.2000000000000002,242.0,498,0.007,3m,2.5,4.0,1.6,1010,678,0.003,2m,1.5,3.0,1.4,392,606.0,0.008,3m,3.5,3.0,1.3,152.0,0.45,8,COMPLETE
55,55,-2.879260062708015,2025-06-14 19:58:38.598144,2025-06-14 19:58:46.451652,0 days 00:00:07.853508,572.0,0.001,3m,1.0,2.5,1.2000000000000002,938.0,158.0,0.002,2m,3.5,2.5,1.3,188.0,,,,,,,,950.0,0.007,4m,4.0,1.0,1.9000000000000001,808.0,186.0,0.009000000000000001,4m,4.0,1.0,1.6,84.0,,,,,,,,254.0,0.003,2m,3.5,1.5,1.6,322.0,912.0,0.005,3m,2.5,4.0,1.4,160.0,454,0.007,3m,2.5,4.0,1.8,908,788,0.002,2m,2.0,3.0,1.6,302,574.0,0.008,3m,3.5,2.5,1.4,20.0,0.45,8,COMPLETE
56,56,3.528287844340165,2025-06-14 19:58:46.530795,2025-06-14 19:58:54.144161,0 days 00:00:07.613366,636.0,0.004,3m,2.0,2.0,0.7,646.0,348.0,0.001,2m,3.5,3.0,1.0,200.0,,,,,,,,956.0,0.004,4m,3.5,1.5,1.7000000000000002,660.0,326.0,0.009000000000000001,4m,4.0,1.0,1.9000000000000001,86.0,,,,,,,,236.0,0.003,2m,3.5,1.0,1.6,354.0,906.0,0.007,3m,3.0,3.5,1.2000000000000002,312.0,586,0.006,3m,2.5,3.5,1.7000000000000002,970,668,0.004,2m,1.5,3.0,1.4,410,384.0,0.007,3m,3.5,3.0,1.3,168.0,0.5,8,COMPLETE
57,57,3.802519460514627,2025-06-14 19:58:54.241628,2025-06-14 19:59:01.783771,0 days 00:00:07.542143,600.0,0.004,3m,2.0,2.5,0.6,658.0,298.0,0.001,2m,3.5,3.0,1.0,190.0,,,,,,,,968.0,0.004,4m,3.5,1.5,1.6,670.0,320.0,0.009000000000000001,4m,4.0,1.0,1.6,76.0,,,,,,,,242.0,0.003,2m,3.5,1.0,1.6,352.0,922.0,0.007,3m,3.0,4.0,1.2000000000000002,286.0,626,0.007,3m,3.0,3.5,1.7000000000000002,978,666,0.004,2m,2.0,3.0,1.4,458,400.0,0.007,3m,4.0,3.0,1.2000000000000002,172.0,0.5,8,COMPLETE
58,58,-0.7349651363438987,2025-06-14 19:59:01.893645,2025-06-14 19:59:11.046635,0 days 00:00:09.152990,740.0,0.005,3m,2.5,2.0,0.5,592.0,384.0,0.002,2m,3.0,3.5,0.9,192.0,64.0,0.01,3m,1.0,4.0,2.0,34.0,992.0,0.004,4m,4.0,1.5,1.6,670.0,160.0,0.009000000000000001,4m,4.0,1.0,1.6,82.0,,,,,,,,154.0,0.003,2m,4.0,1.0,1.5,402.0,898.0,0.007,3m,3.0,3.5,1.3,320.0,686,0.008,3m,3.0,3.5,1.7000000000000002,968,728,0.004,2m,2.5,3.0,1.4,464,368.0,0.006,3m,4.0,3.0,1.2000000000000002,176.0,0.5,9,COMPLETE
59,59,-2.098320625692084,2025-06-14 19:59:11.203663,2025-06-14 19:59:31.409401,0 days 00:00:20.205738,,,,,,,,288.0,0.001,2m,4.0,2.5,1.0,278.0,,,,,,,,850.0,0.006,4m,3.5,1.5,1.7000000000000002,874.0,314.0,0.008,4m,4.0,1.0,1.4,148.0,,,,,,,,330.0,0.003,2m,3.0,1.0,1.7000000000000002,158.0,928.0,0.008,3m,3.0,4.0,1.1,336.0,596,0.007,1m,3.0,3.5,1.8,880,762,0.004,2m,2.0,2.5,1.7000000000000002,554,472.0,0.007,3m,4.0,2.5,1.4,234.0,0.5,7,COMPLETE
60,60,-1.2614919083615923,2025-06-14 19:59:31.558647,2025-06-14 19:59:40.925354,0 days 00:00:09.366707,340.0,0.004,3m,2.0,3.0,0.8,722.0,122.0,0.003,2m,3.5,3.5,1.1,120.0,,,,,,,,978.0,0.004,4m,4.0,1.5,1.6,724.0,210.0,0.008,4m,4.0,1.0,1.8,26.0,,,,,,,,158.0,0.004,2m,3.0,2.0,1.4,434.0,800.0,0.007,3m,3.5,3.5,1.5,146.0,558,0.006,3m,3.0,3.5,2.0,954,912,0.003,2m,3.0,3.0,1.3,436,420.0,0.007,3m,3.5,2.5,1.1,176.0,0.5,8,COMPLETE
61,61,2.815896677035379,2025-06-14 19:59:41.031434,2025-06-14 19:59:49.762942,0 days 00:00:08.731508,652.0,0.003,3m,1.5,2.5,0.9,768.0,212.0,0.001,2m,3.5,3.0,1.2000000000000002,200.0,,,,,,,,918.0,0.005,4m,3.5,1.0,2.0,628.0,96.0,0.009000000000000001,4m,4.0,1.0,1.7000000000000002,84.0,,,,,,,,268.0,0.004,2m,3.5,1.5,1.7000000000000002,284.0,1018.0,0.006,3m,2.5,4.0,1.2000000000000002,234.0,518,0.007,3m,2.5,4.0,1.7000000000000002,1008,656,0.002,2m,2.5,3.0,1.4,418,610.0,0.008,3m,3.5,3.0,1.3,130.0,0.45,8,COMPLETE
62,62,4.224293303620049,2025-06-14 19:59:49.862463,2025-06-14 20:00:00.253808,0 days 00:00:10.391345,758.0,0.003,3m,2.0,2.0,0.8,358.0,248.0,0.001,2m,3.5,3.0,1.3,440.0,606.0,0.005,3m,2.5,2.5,1.4,472.0,908.0,0.005,4m,3.5,1.0,2.0,568.0,110.0,0.01,4m,4.0,1.0,1.6,110.0,994.0,0.01,3m,4.0,4.0,0.5,30.0,232.0,0.003,2m,3.5,1.0,1.8,394.0,932.0,0.005,3m,2.5,4.0,1.1,212.0,646,0.008,3m,3.0,3.5,1.7000000000000002,986,640,0.002,2m,2.5,3.0,1.6,420,398.0,0.008,3m,3.5,3.0,1.3,198.0,0.5,10,COMPLETE
63,63,1.2129291269735274,2025-06-14 20:00:00.350829,2025-06-14 20:00:10.505858,0 days 00:00:10.155029,740.0,0.003,3m,2.0,2.0,0.8,298.0,434.0,0.002,2m,3.0,3.0,1.4,408.0,518.0,0.005,3m,2.5,2.5,1.4,478.0,898.0,0.005,4m,3.5,1.0,2.0,562.0,94.0,0.01,4m,4.0,1.0,1.5,122.0,1004.0,0.01,3m,4.0,4.0,0.5,70.0,202.0,0.002,2m,3.0,1.0,1.8,444.0,944.0,0.005,3m,3.0,4.0,1.1,86.0,646,0.008,3m,2.0,3.5,1.7000000000000002,988,594,0.002,2m,2.5,2.5,1.6,472,410.0,0.007,3m,3.5,3.0,1.3,188.0,0.5,10,COMPLETE
64,64,0.6535341655437855,2025-06-14 20:00:10.592370,2025-06-14 20:00:19.411088,0 days 00:00:08.818718,766.0,0.003,3m,2.0,2.0,0.8,390.0,262.0,0.001,2m,4.0,2.5,1.1,394.0,604.0,0.002,3m,2.5,2.5,1.5,512.0,822.0,0.005,4m,3.5,1.0,1.9000000000000001,660.0,114.0,0.009000000000000001,4m,4.0,1.0,1.6,174.0,,,,,,,,370.0,0.003,2m,4.0,1.0,1.8,202.0,862.0,0.007,3m,2.5,4.0,1.4,286.0,744,0.008,3m,1.5,3.5,1.9000000000000001,928,710,0.001,2m,3.0,3.5,1.5,422,350.0,0.007,3m,4.0,3.0,1.2000000000000002,232.0,0.5,9,COMPLETE
65,65,-1.450575401228128,2025-06-14 20:00:19.626798,2025-06-14 20:00:27.399495,0 days 00:00:07.772697,660.0,0.003,3m,1.5,2.5,0.8,710.0,266.0,0.002,2m,3.5,3.5,1.3,116.0,,,,,,,,1016.0,0.006,4m,4.0,1.0,2.0,802.0,32.0,0.01,4m,3.5,1.5,2.0,284.0,,,,,,,,58.0,0.005,2m,3.5,2.0,1.8,396.0,754.0,0.005,3m,3.0,3.5,1.3,418.0,648,0.007,3m,2.5,3.5,1.8,998,636,0.002,2m,2.5,3.0,1.6,526,490.0,0.006,1m,3.5,2.5,1.2000000000000002,320.0,0.5,8,COMPLETE
66,66,0.637448354462565,2025-06-14 20:00:27.488461,2025-06-14 20:00:36.988591,0 days 00:00:09.500130,872.0,0.007,3m,2.0,2.0,0.6,734.0,454.0,0.003,2m,3.5,3.0,0.9,262.0,500.0,0.007,2m,3.0,2.0,1.0,294.0,790.0,0.004,4m,3.5,1.0,1.7000000000000002,714.0,344.0,0.008,2m,4.0,1.5,1.4,106.0,992.0,0.01,2m,4.0,4.0,0.5,30.0,222.0,0.002,2m,3.0,1.0,1.4,272.0,958.0,0.004,3m,2.5,4.0,1.0,178.0,546,0.008,3m,3.0,3.0,1.8,1020,774,0.004,2m,2.5,2.5,1.7000000000000002,412,450.0,0.008,3m,4.0,3.0,1.1,110.0,0.45,10,COMPLETE
67,67,-4.957992625135332,2025-06-14 20:00:37.063545,2025-06-14 20:00:45.447762,0 days 00:00:08.384217,438.0,0.004,2m,1.5,3.0,0.9,440.0,102.0,0.001,2m,3.0,2.5,1.0,454.0,748.0,0.003,1m,2.0,3.5,1.6,752.0,744.0,0.005,4m,3.5,1.5,2.0,512.0,86.0,0.01,1m,3.5,1.0,1.9000000000000001,172.0,,,,,,,,424.0,0.004,2m,3.5,2.0,1.7000000000000002,160.0,880.0,0.006,3m,2.0,4.0,1.1,356.0,616,0.009000000000000001,3m,2.5,4.0,1.7000000000000002,786,566,0.001,2m,3.0,3.0,1.3,458,544.0,0.008,3m,3.5,3.0,1.2000000000000002,354.0,0.5,9,COMPLETE
68,68,0.03443861312463778,2025-06-14 20:00:45.527044,2025-06-14 20:00:52.758937,0 days 00:00:07.231893,,,,,,,,228.0,0.002,2m,4.0,3.5,1.4,250.0,,,,,,,,884.0,0.007,4m,4.0,1.0,1.8,636.0,212.0,0.008,4m,4.0,1.0,1.7000000000000002,256.0,,,,,,,,618.0,0.002,2m,4.0,1.5,1.5,508.0,966.0,0.007,3m,3.5,3.5,1.2000000000000002,272.0,716,0.006,3m,3.0,3.5,1.7000000000000002,954,620,0.004,4m,2.5,3.5,1.5,494,400.0,0.006,3m,3.5,2.5,1.3,250.0,0.45,7,COMPLETE
69,69,-8.026333634552948,2025-06-14 20:00:52.817700,2025-06-14 20:01:00.429583,0 days 00:00:07.611883,620.0,0.003,1m,3.0,1.5,1.5,658.0,316.0,0.001,2m,3.5,3.0,1.1,108.0,,,,,,,,916.0,0.003,4m,3.0,1.5,1.4,586.0,144.0,0.01,4m,3.0,1.5,1.8,64.0,,,,,,,,116.0,0.003,2m,3.5,1.0,1.7000000000000002,378.0,758.0,0.005,3m,2.5,3.5,1.3,496.0,394,0.007,1m,1.0,4.0,0.5,564,816,0.002,2m,2.0,2.5,1.8,310,318.0,0.009000000000000001,3m,4.0,1.5,1.0,198.0,0.5,8,COMPLETE
70,70,1.1869274574467354,2025-06-14 20:01:00.507645,2025-06-14 20:01:09.090134,0 days 00:00:08.582489,494.0,0.007,4m,1.5,3.0,1.0,854.0,346.0,0.002,2m,3.0,3.0,0.8,336.0,266.0,0.007,4m,3.0,3.0,0.5,656.0,972.0,0.006,4m,4.0,1.5,1.7000000000000002,776.0,318.0,0.009000000000000001,4m,4.0,1.0,1.6,124.0,,,,,,,,234.0,0.005,2m,3.0,1.5,1.5,240.0,854.0,0.008,4m,3.0,4.0,1.4,96.0,456,0.008,3m,3.0,3.0,1.8,906,576,0.002,3m,2.5,3.0,1.5,640,234.0,0.007,3m,3.0,3.0,1.6,54.0,0.45,9,COMPLETE
71,71,4.235494942031842,2025-06-14 20:01:09.193332,2025-06-14 20:01:16.251470,0 days 00:00:07.058138,,,,,,,,180.0,0.001,2m,3.5,3.0,1.2000000000000002,158.0,,,,,,,,832.0,0.004,4m,3.5,1.5,1.6,644.0,234.0,0.009000000000000001,4m,4.0,1.0,1.7000000000000002,66.0,,,,,,,,292.0,0.004,2m,3.5,1.5,1.6,342.0,1012.0,0.006,3m,2.5,4.0,1.2000000000000002,196.0,544,0.007,3m,3.0,4.0,1.6,970,646,0.003,2m,2.0,3.0,1.4,386,556.0,0.008,3m,3.0,3.0,1.4,118.0,0.45,7,COMPLETE
72,72,3.5839130645833817,2025-06-14 20:01:16.314877,2025-06-14 20:01:23.247760,0 days 00:00:06.932883,,,,,,,,122.0,0.001,2m,3.5,3.0,1.3,154.0,,,,,,,,862.0,0.004,4m,3.5,1.0,1.4,692.0,220.0,0.009000000000000001,4m,4.0,1.0,1.6,16.0,,,,,,,,304.0,0.004,2m,3.5,2.0,1.7000000000000002,360.0,968.0,0.006,3m,2.5,4.0,1.2000000000000002,192.0,618,0.007,3m,3.0,4.0,1.6,972,652,0.004,2m,2.0,3.0,1.4,366,542.0,0.008,3m,3.0,3.0,1.4,164.0,0.5,7,COMPLETE
73,73,2.7247395609134486,2025-06-14 20:01:23.320108,2025-06-14 20:01:29.661946,0 days 00:00:06.341838,,,,,,,,106.0,0.001,2m,3.5,3.0,1.3,136.0,,,,,,,,832.0,0.004,4m,3.5,1.0,1.4,702.0,236.0,0.009000000000000001,4m,4.0,1.0,1.6,50.0,,,,,,,,336.0,0.004,2m,3.5,2.0,1.7000000000000002,338.0,960.0,0.006,3m,2.5,4.0,1.2000000000000002,198.0,540,0.007,3m,2.5,4.0,1.6,968,652,0.004,2m,2.0,3.0,1.4,450,548.0,0.008,3m,3.0,3.0,1.4,160.0,0.5,7,COMPLETE
74,74,2.8499792011060565,2025-06-14 20:01:29.741293,2025-06-14 20:01:36.827032,0 days 00:00:07.085739,836.0,0.004,3m,2.5,1.5,0.6,270.0,216.0,0.001,2m,3.5,3.0,1.2000000000000002,240.0,,,,,,,,898.0,0.004,4m,3.5,1.0,1.5,648.0,150.0,0.008,4m,4.0,1.0,1.7000000000000002,104.0,,,,,,,,232.0,0.003,2m,3.5,1.5,1.8,466.0,1024.0,0.007,3m,2.5,4.0,1.1,274.0,620,0.008,3m,3.0,4.0,0.6,944,700,0.003,2m,3.5,3.0,1.3,264,622.0,0.008,1m,3.5,3.0,1.3,118.0,0.45,8,COMPLETE
75,75,-2.108167383324017,2025-06-14 20:01:36.897903,2025-06-14 20:01:42.491507,0 days 00:00:05.593604,,,,,,,,140.0,0.001,2m,3.5,2.5,1.3,250.0,,,,,,,,872.0,0.004,4m,3.5,1.5,1.5,550.0,184.0,0.008,4m,4.0,1.0,1.5,22.0,,,,,,,,,,,,,,,966.0,0.007,3m,2.5,4.0,1.1,296.0,612,0.008,3m,3.0,3.5,0.7,946,752,0.003,2m,3.5,3.0,1.3,264,498.0,0.007,1m,3.5,3.0,1.4,110.0,0.5,6,COMPLETE
76,76,-2.7065150025330915,2025-06-14 20:01:42.562454,2025-06-14 20:01:49.075208,0 days 00:00:06.512754,,,,,,,,252.0,0.002,2m,4.0,3.5,1.1,32.0,,,,,,,,1024.0,0.003,4m,3.5,1.5,1.6,658.0,398.0,0.01,4m,4.0,1.0,1.8,122.0,,,,,,,,220.0,0.003,2m,4.0,1.0,1.9000000000000001,464.0,920.0,0.007,3m,2.5,4.0,1.0,180.0,690,0.008,3m,3.0,3.5,0.8,864,698,0.003,2m,3.5,2.5,1.2000000000000002,324,632.0,0.008,1m,3.0,2.5,1.3,206.0,0.5,7,COMPLETE
77,77,4.21602542059379,2025-06-14 20:01:49.145450,2025-06-14 20:01:56.689914,0 days 00:00:07.544464,866.0,0.006,3m,3.0,1.5,0.6,246.0,214.0,0.001,2m,3.5,3.0,1.5,132.0,,,,,,,,816.0,0.004,4m,3.5,1.0,1.5,752.0,334.0,0.009000000000000001,2m,3.5,1.0,1.7000000000000002,160.0,,,,,,,,320.0,0.003,2m,3.5,1.5,1.5,382.0,980.0,0.005,1m,3.0,3.5,1.3,378.0,576,0.01,3m,3.0,4.0,1.4,916,612,0.004,2m,2.0,3.0,1.3,234,556.0,0.007,1m,3.0,3.0,1.2000000000000002,286.0,0.45,8,COMPLETE
78,78,-1.939990881723133,2025-06-14 20:01:56.777521,2025-06-14 20:02:03.234893,0 days 00:00:06.457372,,,,,,,,70.0,0.002,2m,3.0,3.0,1.4,140.0,,,,,,,,764.0,0.003,4m,3.5,1.5,1.6,862.0,310.0,0.01,2m,3.5,1.5,1.5,170.0,,,,,,,,342.0,0.005,3m,3.5,2.0,1.5,384.0,974.0,0.004,1m,3.0,3.5,1.3,372.0,588,0.01,3m,3.5,4.0,1.4,984,614,0.004,4m,2.0,3.5,1.5,176,558.0,0.007,1m,3.0,3.0,1.1,298.0,0.5,7,COMPLETE
79,79,0.7235643322231755,2025-06-14 20:02:03.309291,2025-06-14 20:02:08.859002,0 days 00:00:05.549711,,,,,,,,146.0,0.001,3m,2.5,2.5,1.5,90.0,,,,,,,,818.0,0.01,1m,3.0,4.0,1.4,750.0,364.0,0.009000000000000001,2m,3.5,1.0,1.9000000000000001,830.0,,,,,,,,,,,,,,,886.0,0.005,1m,3.0,3.5,1.5,470.0,796,0.009000000000000001,1m,3.0,3.5,1.5,896,520,0.004,2m,2.0,3.0,1.6,366,510.0,0.006,1m,3.0,2.5,1.2000000000000002,288.0,0.45,6,COMPLETE
80,80,0.822127969955814,2025-06-14 20:02:08.930121,2025-06-14 20:02:15.190135,0 days 00:00:06.260014,,,,,,,,308.0,0.001,1m,4.0,3.0,1.6,160.0,,,,,,,,716.0,0.004,4m,4.0,1.0,1.3,698.0,238.0,0.007,2m,3.5,1.0,1.6,60.0,,,,,,,,294.0,0.002,2m,3.0,1.0,1.4,366.0,938.0,0.004,1m,2.0,4.0,1.3,124.0,668,0.01,3m,3.0,4.0,1.4,474,586,0.004,2m,2.0,3.5,1.1,148,438.0,0.007,2m,2.5,3.0,0.5,250.0,0.4,7,COMPLETE
81,81,-6.962866550143682,2025-06-14 20:02:15.255326,2025-06-14 20:02:22.624522,0 days 00:00:07.369196,878.0,0.006,3m,3.0,1.5,0.6,224.0,234.0,0.001,2m,3.5,3.0,1.2000000000000002,238.0,,,,,,,,968.0,0.004,4m,3.5,1.0,1.5,654.0,146.0,0.009000000000000001,2m,4.0,1.0,1.7000000000000002,110.0,,,,,,,,214.0,0.003,2m,3.5,1.5,1.6,484.0,1024.0,0.005,2m,2.5,4.0,1.1,266.0,636,0.009000000000000001,3m,3.0,4.0,1.5,918,688,0.003,2m,4.0,3.0,1.3,288,476.0,0.008,1m,3.5,3.0,1.3,164.0,0.45,8,COMPLETE
82,82,0.7497900045184406,2025-06-14 20:02:22.702291,2025-06-14 20:02:30.790549,0 days 00:00:08.088258,848.0,0.004,3m,3.0,1.0,0.6,248.0,206.0,0.002,2m,3.5,3.0,1.0,306.0,308.0,0.01,3m,1.5,2.0,1.2000000000000002,320.0,904.0,0.004,4m,3.5,1.0,1.5,584.0,330.0,0.009000000000000001,4m,4.0,1.0,1.8,152.0,,,,,,,,274.0,0.003,2m,3.5,1.5,1.8,572.0,980.0,0.006,3m,3.0,4.0,1.2000000000000002,298.0,718,0.009000000000000001,3m,3.0,4.0,1.6,974,720,0.003,2m,2.0,3.0,1.4,240,518.0,0.008,1m,3.0,3.0,1.4,208.0,0.5,9,COMPLETE
83,83,1.8786165670566854,2025-06-14 20:02:30.855411,2025-06-14 20:02:38.042351,0 days 00:00:07.186940,804.0,0.006,3m,2.5,1.5,0.7,430.0,190.0,0.001,2m,3.5,3.5,1.3,148.0,,,,,,,,856.0,0.004,4m,3.5,1.0,1.6,690.0,296.0,0.008,4m,4.0,1.0,1.7000000000000002,48.0,,,,,,,,386.0,0.004,3m,4.0,1.5,1.6,426.0,986.0,0.008,1m,2.5,3.5,1.0,216.0,618,0.007,3m,3.5,4.0,0.6,946,624,0.004,2m,1.5,3.0,1.3,196,382.0,0.007,1m,3.0,3.0,1.2000000000000002,54.0,0.45,8,COMPLETE
84,84,-2.1161203810740874,2025-06-14 20:02:38.151745,2025-06-14 20:02:47.420549,0 days 00:00:09.268804,930.0,0.005,3m,3.5,2.0,0.6,326.0,280.0,0.001,4m,3.5,3.0,1.5,226.0,708.0,0.005,3m,4.0,3.0,1.7000000000000002,978.0,802.0,0.005,4m,3.5,1.5,1.4,772.0,208.0,0.01,1m,4.0,1.5,1.6,84.0,38.0,0.002,3m,1.0,2.5,1.1,1022.0,176.0,0.003,1m,3.5,1.5,1.9000000000000001,350.0,840.0,0.005,3m,3.5,4.0,1.4,266.0,568,0.008,3m,3.0,3.5,1.6,1024,552,0.004,2m,1.5,3.0,1.3,350,566.0,0.008,1m,3.5,3.5,1.1,106.0,0.45,10,COMPLETE
85,85,3.070276521121453,2025-06-14 20:02:47.513258,2025-06-14 20:03:08.035964,0 days 00:00:20.522706,690.0,0.002,3m,2.0,1.5,0.5,188.0,82.0,0.002,2m,3.5,3.0,1.0,662.0,,,,,,,,628.0,0.003,3m,3.0,1.5,1.7000000000000002,742.0,392.0,0.009000000000000001,4m,4.0,1.0,1.8,16.0,,,,,,,,102.0,0.002,4m,3.5,1.0,1.7000000000000002,232.0,908.0,0.006,3m,3.0,2.5,0.9,344.0,426,0.001,3m,3.0,4.0,1.0,988,650,0.005,2m,2.0,2.5,1.2000000000000002,374,692.0,0.007,3m,4.0,3.0,1.3,220.0,0.4,8,COMPLETE
86,86,-4.067129780999603,2025-06-14 20:03:08.144919,2025-06-14 20:03:16.348111,0 days 00:00:08.203192,,,,,,,,74.0,0.002,2m,2.0,3.0,0.9,674.0,,,,,,,,632.0,0.003,3m,3.0,1.5,1.7000000000000002,528.0,376.0,0.009000000000000001,3m,3.5,1.5,1.9000000000000001,18.0,,,,,,,,86.0,0.001,4m,4.0,1.0,1.1,220.0,912.0,0.006,2m,3.0,2.5,0.9,366.0,376,0.001,3m,3.0,4.0,1.4,988,650,0.005,2m,2.0,2.5,1.1,534,704.0,0.006,3m,4.0,3.5,1.4,234.0,0.4,7,COMPLETE
87,87,1.3449898858329918,2025-06-14 20:03:16.439843,2025-06-14 20:03:24.314199,0 days 00:00:07.874356,694.0,0.002,3m,2.0,2.0,0.5,184.0,134.0,0.003,1m,4.0,3.5,1.0,908.0,334.0,0.007,4m,2.0,1.0,0.9,620.0,660.0,0.003,3m,3.0,1.5,1.7000000000000002,824.0,414.0,0.01,4m,4.0,1.0,1.4,192.0,,,,,,,,532.0,0.002,4m,3.0,1.0,1.5,262.0,782.0,0.005,3m,3.0,2.5,0.9,460.0,470,0.01,3m,3.5,3.5,1.0,874,740,0.005,3m,2.0,2.5,1.2000000000000002,492,302.0,0.007,3m,4.0,3.0,1.2000000000000002,188.0,0.5,9,COMPLETE
88,88,0.5685931184796611,2025-06-14 20:03:24.397490,2025-06-14 20:03:31.613035,0 days 00:00:07.215545,534.0,0.002,2m,2.0,1.0,1.4,506.0,552.0,0.001,2m,3.0,3.0,1.8,546.0,,,,,,,,564.0,0.003,3m,3.0,1.5,1.6,736.0,460.0,0.009000000000000001,4m,3.5,3.0,2.0,52.0,,,,,,,,120.0,0.009000000000000001,4m,3.5,3.5,1.3,294.0,872.0,0.003,4m,2.0,2.5,1.3,318.0,430,0.006,3m,3.0,3.5,1.3,844,614,0.005,2m,2.0,2.5,1.2000000000000002,392,340.0,0.007,3m,4.0,3.0,1.3,152.0,0.4,8,COMPLETE
89,89,-1.2296717690279386,2025-06-14 20:03:31.688964,2025-06-14 20:03:37.538822,0 days 00:00:05.849858,,,,,,,,64.0,0.002,2m,3.5,2.5,1.1,626.0,,,,,,,,954.0,0.004,3m,3.5,1.5,1.8,594.0,262.0,0.008,2m,4.0,1.0,1.8,140.0,,,,,,,,,,,,,,,934.0,0.006,1m,3.0,3.0,1.2000000000000002,200.0,412,0.005,3m,3.0,4.0,0.9,920,670,0.004,2m,1.5,2.5,1.5,576,440.0,0.007,3m,2.5,2.5,1.5,84.0,0.5,6,COMPLETE
90,90,-2.169617590342511,2025-06-14 20:03:37.610949,2025-06-14 20:03:45.096751,0 days 00:00:07.485802,698.0,0.002,4m,2.0,1.5,0.7,126.0,34.0,0.008,3m,1.5,3.0,0.8,56.0,,,,,,,,766.0,0.005,1m,3.5,2.0,1.6,680.0,352.0,0.007,4m,4.0,1.5,1.8,242.0,,,,,,,,454.0,0.005,4m,1.5,1.0,1.7000000000000002,174.0,990.0,0.006,3m,3.5,3.0,1.5,608.0,294,0.002,2m,2.5,4.0,1.5,968,492,0.005,2m,1.5,2.0,1.4,330,532.0,0.009000000000000001,3m,3.0,3.5,1.4,260.0,0.45,8,COMPLETE
91,91,2.785880246887814,2025-06-14 20:03:45.157992,2025-06-14 20:03:52.294823,0 days 00:00:07.136831,810.0,0.004,3m,2.5,1.5,0.7,328.0,172.0,0.001,2m,3.5,3.0,1.2000000000000002,820.0,,,,,,,,876.0,0.004,4m,3.5,1.0,1.5,654.0,242.0,0.009000000000000001,4m,4.0,1.0,1.7000000000000002,94.0,,,,,,,,314.0,0.002,2m,3.5,1.5,2.0,338.0,1022.0,0.007,3m,2.5,4.0,1.1,252.0,672,0.002,3m,3.0,4.0,0.8,1000,704,0.003,2m,2.0,3.0,1.4,228,636.0,0.008,3m,3.5,3.0,1.3,122.0,0.45,8,COMPLETE
92,92,-2.1243807532695467,2025-06-14 20:03:52.371812,2025-06-14 20:03:59.517883,0 days 00:00:07.146071,,,,,,,,668.0,0.001,2m,3.5,3.0,1.1,162.0,,,,,,,,1002.0,0.004,4m,3.5,1.0,1.5,634.0,52.0,0.008,4m,4.0,1.0,1.6,110.0,,,,,,,,248.0,0.004,2m,3.5,2.0,1.6,392.0,986.0,0.005,3m,2.5,4.0,1.2000000000000002,320.0,368,0.007,3m,3.0,4.0,1.7000000000000002,942,634,0.004,2m,2.5,3.0,1.5,368,592.0,0.008,1m,3.0,3.0,1.3,170.0,0.45,7,COMPLETE
93,93,-1.9359081504015594,2025-06-14 20:04:00.507489,2025-06-14 20:04:09.274053,0 days 00:00:08.766564,902.0,0.004,3m,2.5,1.5,0.5,166.0,220.0,0.001,2m,3.5,3.0,1.4,300.0,876.0,0.003,1m,3.0,2.0,1.8,42.0,564.0,0.004,4m,4.0,1.5,1.4,558.0,176.0,0.009000000000000001,4m,4.0,1.0,1.7000000000000002,52.0,,,,,,,,26.0,0.003,1m,3.5,2.5,1.8,86.0,906.0,0.008,3m,2.5,4.0,1.1,142.0,540,0.007,3m,3.5,4.0,0.6,960,682,0.003,2m,3.0,3.0,1.3,436,632.0,0.009000000000000001,3m,4.0,3.0,1.5,218.0,0.4,9,COMPLETE
