,number,value,datetime_start,datetime_complete,duration,params_AEP_MCHP_beta_win,params_AEP_MCHP_stop_loss,params_AEP_MCHP_trade_freq,params_AEP_MCHP_z_entry,params_AEP_MCHP_z_exit,params_AEP_MCHP_z_stop_scaler,params_AEP_MCHP_z_win,params_AMZN_LRCX_beta_win,params_AMZN_LRCX_stop_loss,params_AMZN_LRCX_trade_freq,params_AMZN_LRCX_z_entry,params_AMZN_LRCX_z_exit,params_AMZN_LRCX_z_stop_scaler,params_AMZN_LRCX_z_win,params_AMZN_NFLX_beta_win,params_AMZN_NFLX_stop_loss,params_AMZN_NFLX_trade_freq,params_AMZN_NFLX_z_entry,params_AMZN_NFLX_z_exit,params_AMZN_NFLX_z_stop_scaler,params_AMZN_NFLX_z_win,params_ASML_NFLX_beta_win,params_ASML_NFLX_stop_loss,params_ASML_NFLX_trade_freq,params_ASML_NFLX_z_entry,params_ASML_NFLX_z_exit,params_ASML_NFLX_z_stop_scaler,params_ASML_NFLX_z_win,params_AVGO_COST_beta_win,params_AVGO_COST_stop_loss,params_AVGO_COST_trade_freq,params_AVGO_COST_z_entry,params_AVGO_COST_z_exit,params_AVGO_COST_z_stop_scaler,params_AVGO_COST_z_win,params_CCEP_MRVL_beta_win,params_CCEP_MRVL_stop_loss,params_CCEP_MRVL_trade_freq,params_CCEP_MRVL_z_entry,params_CCEP_MRVL_z_exit,params_CCEP_MRVL_z_stop_scaler,params_CCEP_MRVL_z_win,params_COST_KLAC_beta_win,params_COST_KLAC_stop_loss,params_COST_KLAC_trade_freq,params_COST_KLAC_z_entry,params_COST_KLAC_z_exit,params_COST_KLAC_z_stop_scaler,params_COST_KLAC_z_win,params_ISRG_MRVL_beta_win,params_ISRG_MRVL_stop_loss,params_ISRG_MRVL_trade_freq,params_ISRG_MRVL_z_entry,params_ISRG_MRVL_z_exit,params_ISRG_MRVL_z_stop_scaler,params_ISRG_MRVL_z_win,params_LRCX_NFLX_beta_win,params_LRCX_NFLX_stop_loss,params_LRCX_NFLX_trade_freq,params_LRCX_NFLX_z_entry,params_LRCX_NFLX_z_exit,params_LRCX_NFLX_z_stop_scaler,params_LRCX_NFLX_z_win,params_LULU_TTD_beta_win,params_LULU_TTD_stop_loss,params_LULU_TTD_trade_freq,params_LULU_TTD_z_entry,params_LULU_TTD_z_exit,params_LULU_TTD_z_stop_scaler,params_LULU_TTD_z_win,params_ROP_ROST_beta_win,params_ROP_ROST_stop_loss,params_ROP_ROST_trade_freq,params_ROP_ROST_z_entry,params_ROP_ROST_z_exit,params_ROP_ROST_z_stop_scaler,params_ROP_ROST_z_win,params_buffer_capital,params_pairs_to_trade,state
0,0,-4.684877000242696,2025-06-14 19:53:47.295294,2025-06-14 19:53:50.930309,0 days 00:00:03.635015,,,,,,,,,,,,,,,,,,,,,,1000.0,0.002,1m,2.5,2.0,1.2000000000000002,468.0,,,,,,,,,,,,,,,,,,,,,,,,,,,,,342,0.009000000000000001,3m,3.5,2.0,0.6,502,546,0.002,4m,1.0,4.0,1.1,522,876.0,0.003,3m,1.0,3.0,1.3,394.0,0.45,3,COMPLETE
1,1,-2.548767375033289,2025-06-14 19:53:51.007565,2025-06-14 19:53:53.529308,0 days 00:00:02.521743,,,,,,,,,,,,,,,,,,,,,,,,,,,,,,,,,,,,,,,,,,,,,,,,,,,,,,,,,948,0.01,4m,3.0,3.5,1.6,702,916,0.007,4m,2.5,3.5,1.9000000000000001,366,592.0,0.009000000000000001,2m,3.0,2.5,1.0,536.0,0.4,2,COMPLETE
2,2,-2.585567697684292,2025-06-14 19:53:53.599428,2025-06-14 19:54:02.236959,0 days 00:00:08.637531,388.0,0.001,2m,2.5,1.5,1.1,562.0,548.0,0.007,3m,2.5,1.0,0.7,330.0,156.0,0.004,1m,1.5,3.5,1.0,1014.0,230.0,0.001,1m,3.5,3.0,1.8,666.0,146.0,0.009000000000000001,3m,4.0,1.5,0.7,58.0,464.0,0.005,1m,2.0,1.5,1.5,544.0,828.0,0.001,3m,1.5,3.0,1.2000000000000002,612.0,360.0,0.007,2m,1.0,4.0,1.8,580.0,698,0.006,2m,4.0,4.0,2.0,284,876,0.008,1m,2.5,3.5,1.9000000000000001,844,386.0,0.001,4m,3.5,1.0,1.0,210.0,0.15000000000000002,10,COMPLETE
3,3,-0.7262095024748559,2025-06-14 19:54:02.277052,2025-06-14 19:54:08.593435,0 days 00:00:06.316383,,,,,,,,574.0,0.01,1m,2.0,4.0,1.7000000000000002,588.0,,,,,,,,580.0,0.004,1m,1.0,2.0,1.6,176.0,380.0,0.006,3m,2.5,3.5,0.9,274.0,,,,,,,,,,,,,,,268.0,0.01,2m,4.0,3.0,1.9000000000000001,604.0,180,0.006,2m,2.5,2.5,1.6,282,638,0.002,1m,1.5,4.0,1.1,462,852.0,0.006,4m,2.0,3.5,1.6,582.0,0.5,6,COMPLETE
4,4,-3.3760201098929965,2025-06-14 19:54:08.747920,2025-06-14 19:54:14.371722,0 days 00:00:05.623802,,,,,,,,,,,,,,,,,,,,,,384.0,0.007,3m,3.5,2.5,0.9,388.0,110.0,0.006,1m,3.0,1.0,1.5,746.0,,,,,,,,,,,,,,,248.0,0.002,2m,1.0,1.5,0.9,558.0,382,0.006,2m,2.0,1.5,2.0,754,132,0.002,2m,4.0,4.0,0.5,550,770.0,0.007,4m,1.5,1.0,1.6,18.0,0.1,5,COMPLETE
5,5,-3.133852644947539,2025-06-14 19:54:14.460237,2025-06-14 19:54:19.372197,0 days 00:00:04.911960,,,,,,,,,,,,,,,,,,,,,,878.0,0.006,3m,1.5,2.0,0.8,630.0,258.0,0.008,2m,2.0,3.5,1.7000000000000002,372.0,,,,,,,,,,,,,,,,,,,,,,250,0.003,4m,3.0,2.0,0.7,974,928,0.001,3m,1.0,3.0,0.8,680,610.0,0.009000000000000001,3m,3.0,1.5,2.0,478.0,0.45,4,COMPLETE
6,6,-1.6929937897278522,2025-06-14 19:54:19.453708,2025-06-14 19:54:24.315442,0 days 00:00:04.861734,,,,,,,,,,,,,,,,,,,,,,600.0,0.01,2m,2.0,3.5,1.4,222.0,954.0,0.008,2m,4.0,4.0,1.3,662.0,,,,,,,,,,,,,,,,,,,,,,758,0.005,2m,3.5,3.0,0.5,608,222,0.002,2m,3.5,1.5,0.6,480,754.0,0.004,1m,1.5,4.0,1.4,896.0,0.4,4,COMPLETE
7,7,-1.6288431786941107,2025-06-14 19:54:24.414952,2025-06-14 19:54:26.382812,0 days 00:00:01.967860,,,,,,,,,,,,,,,,,,,,,,,,,,,,,,,,,,,,,,,,,,,,,,,,,,,,,,,,,862,0.01,3m,4.0,2.5,0.7,172,84,0.003,3m,2.0,4.0,0.6,150,,,,,,,,0.45,1,COMPLETE
8,8,-6.834827071868618,2025-06-14 19:54:26.468331,2025-06-14 19:54:34.081393,0 days 00:00:07.613062,,,,,,,,258.0,0.005,4m,2.5,2.0,1.0,314.0,,,,,,,,670.0,0.004,4m,3.5,3.5,1.0,112.0,600.0,0.006,4m,2.5,3.5,0.7,118.0,,,,,,,,832.0,0.01,3m,1.0,1.5,0.5,234.0,824.0,0.01,2m,2.5,2.5,1.9000000000000001,510.0,656,0.004,1m,1.5,2.5,0.8,894,164,0.01,3m,2.5,3.0,0.9,304,164.0,0.002,2m,1.5,1.0,1.6,656.0,0.35000000000000003,7,COMPLETE
9,9,0.6712359852246315,2025-06-14 19:54:34.184428,2025-06-14 19:54:37.207564,0 days 00:00:03.023136,,,,,,,,,,,,,,,,,,,,,,,,,,,,,,,,,,,,,,,,,,,,,,,,,,,,,,,,,344,0.008,3m,3.5,2.5,1.3,954,178,0.008,2m,1.0,2.5,0.8,734,538.0,0.002,2m,2.5,4.0,1.0,786.0,0.1,2,COMPLETE
10,10,-5.307980658705691,2025-06-14 19:54:37.291570,2025-06-14 19:54:39.523352,0 days 00:00:02.231782,,,,,,,,,,,,,,,,,,,,,,,,,,,,,,,,,,,,,,,,,,,,,,,,,,,,,,,,,32,0.001,3m,1.5,1.0,1.1,1018,370,0.005,2m,3.5,1.5,1.5,1004,,,,,,,,0.2,1,COMPLETE
11,11,-3.7003291040332145,2025-06-14 19:54:39.605869,2025-06-14 19:54:48.163094,0 days 00:00:08.557225,,,,,,,,926.0,0.01,1m,1.5,4.0,2.0,962.0,,,,,,,,46.0,0.004,1m,1.0,1.0,2.0,926.0,530.0,0.001,3m,1.0,2.5,1.0,1016.0,,,,,,,,56.0,0.005,1m,4.0,4.0,1.9000000000000001,966.0,76.0,0.01,4m,4.0,3.5,1.3,1008.0,106,0.008,1m,2.5,3.0,1.4,424,628,0.005,1m,1.5,2.0,1.3,740,998.0,0.006,4m,2.5,4.0,0.7,868.0,0.05,7,COMPLETE
12,12,-3.6712479161677023,2025-06-14 19:54:48.252605,2025-06-14 19:54:56.429880,0 days 00:00:08.177275,,,,,,,,620.0,0.002,1m,4.0,4.0,1.8,768.0,,,,,,,,748.0,0.009000000000000001,4m,1.0,1.0,1.6,50.0,804.0,0.002,3m,1.5,2.5,0.5,368.0,,,,,,,,164.0,0.01,4m,3.5,1.0,2.0,70.0,676.0,0.006,3m,4.0,2.5,1.4,122.0,478,0.007,3m,2.5,3.0,1.6,116,722,0.009000000000000001,1m,1.5,2.5,1.1,90,354.0,0.005,2m,2.5,3.0,0.5,720.0,0.25,7,COMPLETE
13,13,-2.3420522185105885,2025-06-14 19:54:56.540392,2025-06-14 19:55:06.580063,0 days 00:00:10.039671,1012.0,0.01,1m,1.0,4.0,2.0,44.0,60.0,0.01,2m,1.0,3.0,1.5,598.0,1016.0,0.008,2m,4.0,1.0,2.0,200.0,418.0,0.003,2m,2.5,2.0,0.5,270.0,354.0,0.004,4m,3.0,3.0,2.0,308.0,,,,,,,,470.0,0.001,2m,2.5,2.5,0.5,1014.0,1012.0,0.002,1m,3.0,1.0,2.0,914.0,214,0.008,2m,1.0,2.0,1.1,334,370,0.007,1m,1.5,2.5,1.5,882,100.0,0.007,1m,2.0,3.5,1.9000000000000001,750.0,0.3,9,COMPLETE
14,14,-4.122947010531935,2025-06-14 19:55:06.666087,2025-06-14 19:55:13.878529,0 days 00:00:07.212442,,,,,,,,852.0,0.007,1m,4.0,3.0,1.4,60.0,,,,,,,,246.0,0.007,1m,1.5,4.0,1.5,1014.0,374.0,0.004,1m,3.0,2.0,1.0,548.0,,,,,,,,,,,,,,,466.0,0.008,3m,3.0,3.0,0.5,226.0,520,0.007,3m,3.0,3.5,1.6,60,378,0.004,2m,1.0,1.0,0.9,672,440.0,0.004,4m,4.0,3.5,0.9,1002.0,0.5,6,COMPLETE
15,15,-3.1621048827044134,2025-06-14 19:55:13.966040,2025-06-14 19:55:20.329789,0 days 00:00:06.363749,,,,,,,,,,,,,,,,,,,,,,500.0,0.005,1m,4.0,1.5,2.0,770.0,744.0,0.01,3m,2.0,4.0,1.1,266.0,,,,,,,,,,,,,,,30.0,0.004,4m,2.0,2.0,1.6,794.0,182,0.004,2m,2.0,1.5,1.2000000000000002,808,732,0.007,1m,2.0,3.0,1.3,298,722.0,0.001,2m,2.0,2.5,1.6,580.0,0.05,5,COMPLETE
16,16,-0.8367870059270202,2025-06-14 19:55:20.413299,2025-06-14 19:55:24.441339,0 days 00:00:04.028040,,,,,,,,,,,,,,,,,,,,,,792.0,0.001,2m,2.0,2.5,1.2000000000000002,310.0,,,,,,,,,,,,,,,,,,,,,,,,,,,,,344,0.008,4m,3.5,2.5,1.4,244,16,0.006,2m,2.0,2.0,1.1,600,260.0,0.007,4m,2.0,3.5,1.2000000000000002,346.0,0.2,3,COMPLETE
17,17,-6.716546775124223,2025-06-14 19:55:24.563861,2025-06-14 19:55:33.690594,0 days 00:00:09.126733,28.0,0.005,4m,4.0,3.5,0.5,1000.0,338.0,0.001,2m,2.0,2.0,1.7000000000000002,578.0,882.0,0.001,4m,3.5,1.5,0.6,806.0,1020.0,0.008,4m,1.5,1.5,1.7000000000000002,138.0,26.0,0.004,3m,3.5,3.0,0.8,890.0,,,,,,,,1018.0,0.006,1m,2.5,4.0,1.3,538.0,236.0,0.004,1m,3.5,4.0,1.0,320.0,26,0.002,1m,2.0,1.5,1.8,430,286,0.01,4m,1.5,2.0,0.8,426,1016.0,0.005,2m,3.0,4.0,1.8,800.0,0.3,9,COMPLETE
18,18,-3.0885391301290666,2025-06-14 19:55:33.799105,2025-06-14 19:55:40.897917,0 days 00:00:07.098812,,,,,,,,744.0,0.004,4m,3.0,3.5,1.1,1016.0,,,,,,,,94.0,0.003,3m,3.0,3.0,0.5,528.0,396.0,0.007,1m,1.0,3.5,1.4,514.0,,,,,,,,,,,,,,,622.0,0.008,2m,2.0,3.0,1.6,756.0,434,0.005,2m,3.0,3.5,0.9,646,494,0.004,1m,1.0,3.5,1.5,800,574.0,0.01,1m,1.0,2.0,1.1,1014.0,0.15000000000000002,6,COMPLETE
19,19,-3.439189905935633,2025-06-14 19:55:41.008438,2025-06-14 19:55:49.022446,0 days 00:00:08.014008,1024.0,0.01,3m,4.0,1.0,2.0,120.0,380.0,0.008,3m,1.0,1.0,0.6,744.0,,,,,,,,538.0,0.005,1m,2.0,1.5,1.4,192.0,676.0,0.003,4m,2.0,2.0,0.5,132.0,,,,,,,,404.0,0.006,4m,2.0,2.5,1.1,736.0,430.0,0.009000000000000001,2m,3.5,2.0,1.0,420.0,598,0.007,3m,4.0,3.0,1.8,550,512,0.008,2m,3.0,2.5,1.7000000000000002,994,870.0,0.003,3m,2.5,3.0,0.8,640.0,0.25,8,COMPLETE
20,20,-2.920455131809831,2025-06-14 19:55:49.126406,2025-06-14 19:55:52.995328,0 days 00:00:03.868922,,,,,,,,,,,,,,,,,,,,,,296.0,0.006,1m,1.0,3.0,1.8,40.0,,,,,,,,,,,,,,,,,,,,,,,,,,,,,276,0.009000000000000001,3m,2.5,2.5,1.4,378,746,0.001,2m,2.0,3.0,1.0,190,466.0,0.006,2m,3.5,3.5,1.5,432.0,0.5,3,COMPLETE
21,21,-3.507588953841414,2025-06-14 19:55:53.078180,2025-06-14 19:55:55.888253,0 days 00:00:02.810073,,,,,,,,,,,,,,,,,,,,,,,,,,,,,,,,,,,,,,,,,,,,,,,,,,,,,,,,,336,0.009000000000000001,4m,3.5,2.5,1.4,226,24,0.006,2m,2.0,2.0,1.2000000000000002,604,162.0,0.007,4m,2.0,3.5,1.1,326.0,0.15000000000000002,2,COMPLETE
22,22,0.251831188504095,2025-06-14 19:55:55.990756,2025-06-14 19:55:59.546253,0 days 00:00:03.555497,,,,,,,,,,,,,,,,,,,,,,790.0,0.001,2m,2.0,2.5,1.2000000000000002,330.0,,,,,,,,,,,,,,,,,,,,,,,,,,,,,144,0.008,4m,3.5,2.0,1.5,16,248,0.006,2m,1.5,1.5,0.7,618,276.0,0.008,4m,2.0,4.0,1.2000000000000002,204.0,0.2,3,COMPLETE
23,23,-3.5224528651005276,2025-06-14 19:55:59.631410,2025-06-14 19:56:04.557251,0 days 00:00:04.925841,,,,,,,,,,,,,,,,,,,,,,854.0,0.002,2m,1.5,2.5,1.0,410.0,852.0,0.005,2m,2.5,3.0,1.7000000000000002,492.0,,,,,,,,,,,,,,,,,,,,,,142,0.007,4m,3.0,2.0,1.8,76,280,0.008,2m,1.5,1.0,0.7,690,234.0,0.008,4m,2.0,4.0,1.3,178.0,0.1,4,COMPLETE
24,24,-2.1063881334420955,2025-06-14 19:56:04.634257,2025-06-14 19:56:07.619195,0 days 00:00:02.984938,,,,,,,,,,,,,,,,,,,,,,,,,,,,,,,,,,,,,,,,,,,,,,,,,,,,,,,,,116,0.006,4m,3.5,1.0,1.2000000000000002,40,1024,0.004,2m,1.0,1.5,0.5,446,310.0,0.008,4m,2.5,4.0,0.7,28.0,0.2,2,COMPLETE
25,25,0.19243183271400047,2025-06-14 19:56:07.722209,2025-06-14 19:56:13.200170,0 days 00:00:05.477961,,,,,,,,,,,,,,,,,,,,,,674.0,0.003,2m,2.0,2.0,1.3,334.0,472.0,0.01,3m,1.5,4.0,1.2000000000000002,220.0,,,,,,,,,,,,,,,220.0,0.005,3m,2.0,3.5,0.5,722.0,294,0.008,4m,4.0,2.0,1.5,160,442,0.009000000000000001,1m,1.5,2.5,0.8,594,20.0,0.004,4m,1.5,3.0,1.4,216.0,0.1,5,COMPLETE
26,26,-3.244308856016246,2025-06-14 19:56:13.303071,2025-06-14 19:56:17.145618,0 days 00:00:03.842547,,,,,,,,,,,,,,,,,,,,,,708.0,0.002,2m,3.0,3.0,0.7,330.0,,,,,,,,,,,,,,,,,,,,,,,,,,,,,268,0.008,4m,4.0,1.5,1.3,140,440,0.009000000000000001,4m,1.0,1.5,0.7,786,98.0,0.003,4m,1.5,2.0,1.2000000000000002,232.0,0.1,3,COMPLETE
27,27,-5.844245908100325,2025-06-14 19:56:17.210615,2025-06-14 19:56:21.486570,0 days 00:00:04.275955,,,,,,,,,,,,,,,,,,,,,,876.0,0.001,2m,2.0,3.5,1.3,546.0,986.0,0.01,3m,1.5,1.0,2.0,156.0,,,,,,,,,,,,,,,,,,,,,,428,0.009000000000000001,4m,4.0,2.0,1.5,866,258,0.009000000000000001,3m,1.5,2.5,0.9,900,20.0,0.002,2m,1.0,3.0,1.4,106.0,0.05,4,COMPLETE
28,28,-2.1326871598344135,2025-06-14 19:56:21.555055,2025-06-14 19:56:23.474667,0 days 00:00:01.919612,,,,,,,,,,,,,,,,,,,,,,,,,,,,,,,,,,,,,,,,,,,,,,,,,,,,,,,,,572,0.01,4m,3.5,2.0,1.0,184,188,0.008,2m,1.0,1.0,0.7,592,,,,,,,,0.1,1,COMPLETE
29,29,-3.2927823096733166,2025-06-14 19:56:23.572420,2025-06-14 19:56:26.308780,0 days 00:00:02.736360,,,,,,,,,,,,,,,,,,,,,,,,,,,,,,,,,,,,,,,,,,,,,,,,,,,,,,,,,314,0.008,4m,4.0,1.5,1.3,516,334,0.006,4m,1.0,2.5,0.8,740,504.0,0.004,3m,1.5,2.0,1.1,298.0,0.15000000000000002,2,COMPLETE
30,30,-3.4699072914871274,2025-06-14 19:56:26.390446,2025-06-14 19:56:31.698927,0 days 00:00:05.308481,,,,,,,,,,,,,,,,,,,,,,632.0,0.003,2m,2.5,2.5,1.1,414.0,548.0,0.008,2m,1.5,4.0,1.6,30.0,,,,,,,,,,,,,,,598.0,0.004,3m,1.5,3.5,0.5,30.0,84,0.009000000000000001,3m,3.5,1.0,1.7000000000000002,120,138,0.01,1m,2.5,2.0,0.6,558,40.0,0.002,1m,3.0,2.5,0.9,150.0,0.2,5,COMPLETE
31,31,0.8801214874161668,2025-06-14 19:56:31.773477,2025-06-14 19:56:36.703951,0 days 00:00:04.930474,,,,,,,,,,,,,,,,,,,,,,504.0,0.004,2m,1.5,2.0,1.5,218.0,430.0,0.007,3m,2.0,3.5,1.2000000000000002,204.0,,,,,,,,,,,,,,,210.0,0.005,3m,2.0,3.0,0.8,698.0,198,0.007,2m,3.0,2.0,1.5,30,632,0.007,1m,1.5,3.0,1.0,512,676.0,0.005,4m,2.0,3.5,1.7000000000000002,272.0,0.25,5,COMPLETE
32,32,0.5365700663956449,2025-06-14 19:56:36.780033,2025-06-14 19:56:40.307601,0 days 00:00:03.527568,,,,,,,,,,,,,,,,,,,,,,452.0,0.002,2m,2.0,1.5,1.3,254.0,,,,,,,,,,,,,,,,,,,,,,,,,,,,,212,0.007,4m,3.0,2.0,1.5,18,604,0.007,1m,1.5,3.5,1.0,360,664.0,0.005,4m,2.0,4.0,1.4,266.0,0.25,3,COMPLETE
33,33,-3.6157817476526297,2025-06-14 19:56:40.412161,2025-06-14 19:56:43.922418,0 days 00:00:03.510257,,,,,,,,,,,,,,,,,,,,,,460.0,0.002,2m,1.5,1.5,1.4,250.0,,,,,,,,,,,,,,,,,,,,,,,,,,,,,202,0.007,1m,3.0,2.0,1.5,20,594,0.007,1m,2.0,3.5,1.2000000000000002,322,698.0,0.005,4m,2.5,4.0,1.8,386.0,0.25,3,COMPLETE
34,34,-4.304288400515971,2025-06-14 19:56:44.009665,2025-06-14 19:56:46.798831,0 days 00:00:02.789166,,,,,,,,,,,,,,,,,,,,,,,,,,,,,,,,,,,,,,,,,,,,,,,,,,,,,,,,,398,0.007,2m,3.0,1.5,1.7000000000000002,80,568,0.007,1m,1.5,3.5,1.0,400,650.0,0.01,4m,2.0,4.0,1.7000000000000002,274.0,0.3,2,COMPLETE
35,35,-2.935222540638932,2025-06-14 19:56:46.876697,2025-06-14 19:56:51.030883,0 days 00:00:04.154186,,,,,,,,,,,,,,,,,,,,,,348.0,0.001,2m,2.5,1.0,1.1,106.0,244.0,0.007,1m,3.5,2.0,1.3,664.0,,,,,,,,,,,,,,,,,,,,,,1004,0.006,4m,3.5,2.0,1.3,222,670,0.006,1m,1.0,3.5,1.0,522,528.0,0.008,4m,2.5,4.0,1.3,128.0,0.35000000000000003,4,COMPLETE
36,36,-4.212011964550683,2025-06-14 19:56:51.121634,2025-06-14 19:56:54.718432,0 days 00:00:03.596798,,,,,,,,,,,,,,,,,,,,,,156.0,0.004,2m,2.0,1.5,1.6,264.0,,,,,,,,,,,,,,,,,,,,,,,,,,,,,236,0.005,2m,2.5,2.5,1.9000000000000001,20,806,0.008,4m,3.0,3.0,1.0,212,656.0,0.005,2m,2.0,3.5,1.0,396.0,0.25,3,COMPLETE
37,37,2.1223420705935907,2025-06-14 19:56:54.817664,2025-06-14 19:56:57.510347,0 days 00:00:02.692683,,,,,,,,,,,,,,,,,,,,,,,,,,,,,,,,,,,,,,,,,,,,,,,,,,,,,,,,,140,0.006,3m,3.0,2.5,1.7000000000000002,724,464,0.005,2m,2.0,4.0,0.9,364,830.0,0.009000000000000001,3m,3.0,4.0,1.5,506.0,0.35000000000000003,2,COMPLETE
38,38,0.06455292138034775,2025-06-14 19:56:57.582280,2025-06-14 19:56:59.824515,0 days 00:00:02.242235,,,,,,,,,,,,,,,,,,,,,,,,,,,,,,,,,,,,,,,,,,,,,,,,,,,,,,,,,354,0.006,3m,3.0,2.5,1.6,772,846,0.005,1m,2.0,4.0,0.9,376,,,,,,,,0.35000000000000003,1,COMPLETE
39,39,-3.740240268547074,2025-06-14 19:56:59.903395,2025-06-14 19:57:04.052151,0 days 00:00:04.148756,,,,,,,,,,,,,,,,,,,,,,,,,,,,,,,,,,,,,,,,,,,,,,,,,,,,,,,,,72,0.004,3m,3.0,3.0,1.7000000000000002,704,548,0.003,3m,2.0,4.0,2.0,238,822.0,0.001,3m,3.5,3.5,1.5,510.0,0.4,2,COMPLETE
40,40,-4.217426005791023,2025-06-14 19:57:04.194906,2025-06-14 19:57:09.072716,0 days 00:00:04.877810,,,,,,,,,,,,,,,,,,,,,,,,,,,,,,,,,,,,,,,,,,,,,,,,,,,,,,,,,160,0.005,3m,3.0,2.5,1.9000000000000001,930,674,0.008,2m,2.5,3.5,1.2000000000000002,478,,,,,,,,0.35000000000000003,1,COMPLETE
41,41,1.0105341176166287,2025-06-14 19:57:09.231173,2025-06-14 19:57:20.610003,0 days 00:00:11.378830,,,,,,,,,,,,,,,,,,,,,,476.0,0.002,2m,3.0,2.0,1.5,362.0,646.0,0.001,4m,3.5,1.5,1.8,418.0,,,,,,,,,,,,,,,,,,,,,,150,0.006,3m,3.5,2.0,1.5,840,454,0.006,2m,1.5,4.0,0.7,348,790.0,0.009000000000000001,3m,2.5,4.0,1.5,84.0,0.3,4,COMPLETE
42,42,1.114756022077107,2025-06-14 19:57:20.785687,2025-06-14 19:57:28.508231,0 days 00:00:07.722544,,,,,,,,,,,,,,,,,,,,,,454.0,0.002,2m,3.0,2.0,1.8,478.0,644.0,0.001,4m,3.5,1.5,1.9000000000000001,394.0,,,,,,,,,,,,,,,,,,,,,,230,0.006,3m,2.5,4.0,1.6,824,444,0.005,2m,1.5,4.0,0.8,340,794.0,0.009000000000000001,3m,3.0,4.0,1.5,84.0,0.4,4,COMPLETE
43,43,-1.9721822875769917,2025-06-14 19:57:28.597137,2025-06-14 19:57:33.677876,0 days 00:00:05.080739,,,,,,,,,,,,,,,,,,,,,,324.0,0.003,2m,3.0,2.0,1.8,492.0,694.0,0.001,4m,3.5,1.5,1.8,422.0,,,,,,,,,,,,,,,812.0,0.001,3m,1.5,1.0,0.8,866.0,64,0.006,3m,2.5,3.0,1.7000000000000002,858,452,0.005,2m,1.5,4.0,0.6,338,930.0,0.009000000000000001,3m,3.0,4.0,1.7000000000000002,70.0,0.45,5,COMPLETE
44,44,-0.13948481457203246,2025-06-14 19:57:33.751285,2025-06-14 19:57:38.119981,0 days 00:00:04.368696,,,,,,,,,,,,,,,,,,,,,,530.0,0.004,4m,3.0,2.0,1.7000000000000002,686.0,654.0,0.002,4m,4.0,1.5,1.9000000000000001,426.0,,,,,,,,,,,,,,,,,,,,,,260,0.006,3m,2.0,4.0,1.6,986,492,0.005,2m,1.0,4.0,0.8,498,798.0,0.009000000000000001,3m,3.0,3.5,1.5,48.0,0.4,4,COMPLETE
45,45,0.27842748306243265,2025-06-14 19:57:38.200338,2025-06-14 19:57:44.391798,0 days 00:00:06.191460,,,,,,,,24.0,0.003,3m,3.5,2.0,0.8,62.0,,,,,,,,210.0,0.005,3m,4.0,2.0,1.9000000000000001,582.0,490.0,0.002,4m,3.5,1.0,1.5,606.0,,,,,,,,,,,,,,,116.0,0.006,1m,2.5,2.0,0.7,398.0,812,0.005,3m,2.5,4.0,2.0,934,412,0.004,2m,2.0,4.0,0.5,278,938.0,0.01,3m,3.0,4.0,1.7000000000000002,88.0,0.4,6,COMPLETE
46,46,0.19289568193917206,2025-06-14 19:57:44.465332,2025-06-14 19:57:48.535366,0 days 00:00:04.070034,,,,,,,,,,,,,,,,,,,,,,388.0,0.002,2m,3.5,2.5,1.5,442.0,866.0,0.001,4m,3.0,1.5,1.8,202.0,,,,,,,,,,,,,,,,,,,,,,166,0.006,3m,3.5,3.5,1.2000000000000002,820,304,0.003,2m,1.5,4.0,0.9,88,770.0,0.009000000000000001,3m,3.5,3.5,2.0,482.0,0.3,4,COMPLETE
47,47,-3.322721124763108,2025-06-14 19:57:48.616366,2025-06-14 19:57:53.558568,0 days 00:00:04.942202,,,,,,,,,,,,,,,,,,,,,,592.0,0.003,3m,3.5,2.0,1.7000000000000002,742.0,586.0,0.003,4m,3.5,2.0,1.9000000000000001,338.0,,,,,,,,,,,,,,,350.0,0.003,4m,1.5,1.5,1.1,672.0,124,0.004,3m,2.5,2.5,1.4,628,96,0.006,2m,1.0,3.0,0.6,26,930.0,0.009000000000000001,3m,2.5,4.0,1.8,580.0,0.45,5,COMPLETE
48,48,-6.364897056234587,2025-06-14 19:57:53.655612,2025-06-14 19:57:57.626725,0 days 00:00:03.971113,,,,,,,,,,,,,,,,,,,,,,486.0,0.002,2m,3.0,3.0,1.5,466.0,758.0,0.003,4m,2.5,2.5,1.5,440.0,,,,,,,,,,,,,,,,,,,,,,16,0.005,3m,2.0,3.0,1.9000000000000001,684,532,0.005,2m,4.0,3.5,0.7,258,834.0,0.01,3m,2.5,4.0,1.6,858.0,0.4,4,COMPLETE
49,49,-3.922442699516753,2025-06-14 19:57:57.701485,2025-06-14 19:58:03.401048,0 days 00:00:05.699563,,,,,,,,1002.0,0.006,4m,3.0,1.5,0.5,332.0,,,,,,,,274.0,0.006,2m,2.5,2.5,1.9000000000000001,366.0,442.0,0.005,4m,4.0,1.5,1.2000000000000002,224.0,,,,,,,,,,,,,,,146.0,0.007,3m,3.0,3.0,0.7,1018.0,232,0.003,2m,3.5,2.5,1.1,742,358,0.007,3m,2.0,4.0,0.8,428,724.0,0.007,3m,4.0,3.5,1.5,670.0,0.35000000000000003,6,COMPLETE
50,50,3.813968372015986,2025-06-14 19:58:03.490880,2025-06-14 19:58:10.004763,0 days 00:00:06.513883,,,,,,,,198.0,0.001,2m,3.5,3.0,1.2000000000000002,232.0,,,,,,,,950.0,0.004,4m,3.5,1.5,1.6,626.0,286.0,0.009000000000000001,4m,4.0,1.0,1.6,78.0,,,,,,,,284.0,0.004,2m,3.5,1.5,1.5,284.0,1018.0,0.005,3m,2.5,4.0,1.3,236.0,382,0.007,3m,3.0,3.5,1.6,1020,652,0.004,2m,1.5,3.0,1.4,396,560.0,0.008,3m,3.0,3.0,1.3,156.0,0.45,7,COMPLETE
