,number,value,datetime_start,datetime_complete,duration,params_AEP_MCHP_beta_win,params_AEP_MCHP_stop_loss,params_AEP_MCHP_trade_freq,params_AEP_MCHP_z_entry,params_AEP_MCHP_z_exit,params_AEP_MCHP_z_stop_scaler,params_AEP_MCHP_z_win,params_AMZN_LRCX_beta_win,params_AMZN_LRCX_stop_loss,params_AMZN_LRCX_trade_freq,params_AMZN_LRCX_z_entry,params_AMZN_LRCX_z_exit,params_AMZN_LRCX_z_stop_scaler,params_AMZN_LRCX_z_win,params_AMZN_NFLX_beta_win,params_AMZN_NFLX_stop_loss,params_AMZN_NFLX_trade_freq,params_AMZN_NFLX_z_entry,params_AMZN_NFLX_z_exit,params_AMZN_NFLX_z_stop_scaler,params_AMZN_NFLX_z_win,params_ASML_NFLX_beta_win,params_ASML_NFLX_stop_loss,params_ASML_NFLX_trade_freq,params_ASML_NFLX_z_entry,params_ASML_NFLX_z_exit,params_ASML_NFLX_z_stop_scaler,params_ASML_NFLX_z_win,params_AVGO_COST_beta_win,params_AVGO_COST_stop_loss,params_AVGO_COST_trade_freq,params_AVGO_COST_z_entry,params_AVGO_COST_z_exit,params_AVGO_COST_z_stop_scaler,params_AVGO_COST_z_win,params_CCEP_MRVL_beta_win,params_CCEP_MRVL_stop_loss,params_CCEP_MRVL_trade_freq,params_CCEP_MRVL_z_entry,params_CCEP_MRVL_z_exit,params_CCEP_MRVL_z_stop_scaler,params_CCEP_MRVL_z_win,params_COST_KLAC_beta_win,params_COST_KLAC_stop_loss,params_COST_KLAC_trade_freq,params_COST_KLAC_z_entry,params_COST_KLAC_z_exit,params_COST_KLAC_z_stop_scaler,params_COST_KLAC_z_win,params_ISRG_MRVL_beta_win,params_ISRG_MRVL_stop_loss,params_ISRG_MRVL_trade_freq,params_ISRG_MRVL_z_entry,params_ISRG_MRVL_z_exit,params_ISRG_MRVL_z_stop_scaler,params_ISRG_MRVL_z_win,params_LRCX_NFLX_beta_win,params_LRCX_NFLX_stop_loss,params_LRCX_NFLX_trade_freq,params_LRCX_NFLX_z_entry,params_LRCX_NFLX_z_exit,params_LRCX_NFLX_z_stop_scaler,params_LRCX_NFLX_z_win,params_LULU_TTD_beta_win,params_LULU_TTD_stop_loss,params_LULU_TTD_trade_freq,params_LULU_TTD_z_entry,params_LULU_TTD_z_exit,params_LULU_TTD_z_stop_scaler,params_LULU_TTD_z_win,params_ROP_ROST_beta_win,params_ROP_ROST_stop_loss,params_ROP_ROST_trade_freq,params_ROP_ROST_z_entry,params_ROP_ROST_z_exit,params_ROP_ROST_z_stop_scaler,params_ROP_ROST_z_win,params_buffer_capital,params_pairs_to_trade,state
94,94,-0.530018421088079,2025-06-14 20:04:09.365087,2025-06-14 20:04:17.201043,0 days 00:00:07.835956,768.0,0.006,3m,3.0,2.0,0.7,266.0,170.0,0.005,4m,3.5,3.5,1.2000000000000002,212.0,,,,,,,,844.0,0.003,4m,3.5,1.0,1.7000000000000002,718.0,294.0,0.009000000000000001,4m,4.0,1.0,1.5,42.0,,,,,,,,300.0,0.004,2m,3.5,1.5,1.6,360.0,538.0,0.007,3m,3.0,3.5,1.3,388.0,586,0.001,3m,3.0,3.5,1.2000000000000002,886,724,0.004,2m,1.5,3.0,1.4,402,738.0,0.008,3m,3.5,3.0,1.2000000000000002,138.0,0.5,8,COMPLETE
95,95,1.275913210964341,2025-06-14 20:04:17.298507,2025-06-14 20:04:24.313686,0 days 00:00:07.015179,,,,,,,,344.0,0.001,2m,3.5,3.0,0.9,176.0,,,,,,,,906.0,0.005,4m,3.0,1.5,1.6,750.0,258.0,0.01,4m,4.0,1.0,1.9000000000000001,136.0,,,,,,,,158.0,0.003,2m,3.5,1.0,1.9000000000000001,852.0,944.0,0.006,3m,2.0,2.0,0.8,226.0,626,0.003,3m,3.0,4.0,1.6,998,596,0.004,2m,2.0,3.5,1.3,150,684.0,0.006,3m,3.5,3.0,1.4,64.0,0.45,7,COMPLETE
96,96,-2.997161860183739,2025-06-14 20:04:24.427078,2025-06-14 20:04:32.323236,0 days 00:00:07.896158,606.0,0.002,1m,2.5,1.0,0.6,590.0,106.0,0.001,2m,3.0,2.5,1.3,504.0,,,,,,,,934.0,0.004,4m,3.5,1.0,1.5,612.0,216.0,0.008,4m,3.5,1.0,1.7000000000000002,16.0,,,,,,,,192.0,0.002,2m,4.0,1.5,1.7000000000000002,314.0,998.0,0.004,3m,2.5,4.0,1.0,342.0,496,0.008,3m,3.0,4.0,1.7000000000000002,928,644,0.003,4m,2.0,3.0,1.2000000000000002,292,570.0,0.008,2m,4.0,3.5,1.3,190.0,0.5,8,COMPLETE
97,97,1.2207451560880989,2025-06-14 20:04:32.412600,2025-06-14 20:04:39.433090,0 days 00:00:07.020490,,,,,,,,240.0,0.002,2m,4.0,3.0,1.0,92.0,,,,,,,,710.0,0.003,3m,3.5,2.0,1.3,676.0,120.0,0.01,1m,4.0,1.0,1.8,82.0,,,,,,,,362.0,0.004,2m,3.5,1.0,0.8,436.0,680.0,0.005,3m,3.0,3.5,1.2000000000000002,56.0,530,0.006,3m,3.0,3.5,1.5,970,556,0.005,2m,1.5,3.0,1.1,316,602.0,0.007,3m,3.0,3.0,1.3,90.0,0.45,7,COMPLETE
98,98,-0.3619024992805942,2025-06-14 20:04:39.501814,2025-06-14 20:04:45.669743,0 days 00:00:06.167929,,,,,,,,192.0,0.001,2m,3.5,3.5,1.2000000000000002,350.0,,,,,,,,992.0,0.004,4m,3.5,1.5,1.6,990.0,402.0,0.009000000000000001,4m,4.0,1.0,2.0,106.0,,,,,,,,,,,,,,,944.0,0.007,3m,2.5,4.0,1.4,188.0,318,0.007,3m,2.5,4.0,1.1,1024,806,0.003,2m,2.5,3.0,1.5,374,482.0,0.009000000000000001,3m,3.0,2.5,1.1,32.0,0.4,6,COMPLETE
99,99,-3.901034046903797,2025-06-14 20:04:45.738137,2025-06-14 20:04:53.607987,0 days 00:00:07.869850,702.0,0.005,2m,2.0,1.5,0.5,516.0,386.0,0.002,2m,3.5,2.5,1.1,682.0,,,,,,,,624.0,0.005,4m,4.0,1.0,1.8,638.0,288.0,0.009000000000000001,3m,3.5,1.5,0.9,182.0,,,,,,,,260.0,0.006,2m,3.0,1.5,1.6,538.0,900.0,0.009000000000000001,3m,2.5,2.5,1.3,302.0,574,0.007,1m,3.5,4.0,0.7,338,768,0.004,2m,4.0,3.0,1.3,260,460.0,0.008,1m,3.5,3.5,1.2000000000000002,148.0,0.5,8,COMPLETE
100,100,-7.401706422845015,2025-06-14 20:04:53.682632,2025-06-14 20:05:02.912586,0 days 00:00:09.229954,954.0,0.007,3m,2.5,2.0,0.7,68.0,292.0,0.001,2m,3.0,3.0,2.0,276.0,428.0,0.008,2m,1.0,3.0,1.3,382.0,866.0,0.004,4m,3.0,1.0,1.7000000000000002,792.0,332.0,0.008,4m,2.5,1.0,1.5,214.0,664.0,0.007,4m,3.0,3.0,2.0,412.0,308.0,0.001,4m,3.5,1.5,1.5,262.0,330.0,0.006,3m,2.0,3.0,1.8,248.0,664,0.006,3m,3.0,3.0,0.5,910,530,0.001,2m,2.0,3.5,1.6,448,664.0,0.008,3m,3.0,3.0,1.4,340.0,0.45,10,COMPLETE
101,101,-0.6816602340297223,2025-06-14 20:05:02.984021,2025-06-14 20:05:10.679071,0 days 00:00:07.695050,638.0,0.003,3m,1.5,2.5,1.0,650.0,230.0,0.001,2m,3.5,3.0,1.2000000000000002,218.0,,,,,,,,916.0,0.005,4m,3.5,1.0,2.0,628.0,64.0,0.009000000000000001,4m,4.0,1.0,1.6,78.0,,,,,,,,260.0,0.004,2m,3.5,1.5,1.7000000000000002,306.0,1020.0,0.006,3m,2.5,4.0,1.2000000000000002,224.0,520,0.007,3m,2.5,4.0,1.6,1002,658,0.002,2m,2.5,3.0,1.4,414,588.0,0.008,3m,3.5,3.0,1.3,124.0,0.45,8,COMPLETE
102,102,-1.500212731341666,2025-06-14 20:05:10.744144,2025-06-14 20:05:19.584929,0 days 00:00:08.840785,822.0,0.003,3m,2.0,2.5,0.9,788.0,156.0,0.001,2m,3.5,3.0,1.2000000000000002,196.0,696.0,0.001,3m,2.0,4.0,0.8,150.0,960.0,0.005,4m,3.5,1.0,1.6,578.0,132.0,0.009000000000000001,4m,4.0,1.0,1.7000000000000002,1022.0,,,,,,,,252.0,0.004,2m,3.5,2.0,1.8,284.0,994.0,0.005,3m,2.5,4.0,1.1,164.0,448,0.007,3m,2.5,4.0,1.7000000000000002,984,690,0.002,2m,2.5,3.0,1.4,408,542.0,0.007,3m,3.5,3.0,1.3,128.0,0.45,9,COMPLETE
103,103,1.866573488217844,2025-06-14 20:05:19.650071,2025-06-14 20:05:27.235179,0 days 00:00:07.585108,664.0,0.004,3m,1.5,2.5,0.9,364.0,202.0,0.001,2m,3.5,3.0,1.3,178.0,,,,,,,,892.0,0.005,4m,3.5,1.5,1.9000000000000001,526.0,82.0,0.01,4m,4.0,2.5,1.7000000000000002,98.0,,,,,,,,204.0,0.003,2m,3.5,1.0,1.7000000000000002,412.0,1024.0,0.006,3m,3.0,4.0,1.2000000000000002,262.0,478,0.007,3m,2.5,4.0,1.8,946,604,0.002,2m,2.5,3.0,1.4,350,618.0,0.008,3m,3.5,3.0,1.4,968.0,0.5,8,COMPLETE
104,104,2.4656745610718893,2025-06-14 20:05:27.319911,2025-06-14 20:05:33.998122,0 days 00:00:06.678211,,,,,,,,274.0,0.001,2m,4.0,3.0,1.0,86.0,,,,,,,,806.0,0.004,4m,3.5,1.0,1.4,602.0,186.0,0.009000000000000001,4m,4.0,1.0,1.8,46.0,,,,,,,,288.0,0.004,2m,3.5,1.5,1.7000000000000002,344.0,962.0,0.007,3m,2.5,4.0,1.1,416.0,568,0.008,3m,3.0,3.5,1.7000000000000002,998,658,0.002,2m,3.0,2.5,1.3,472,512.0,0.009000000000000001,3m,4.0,3.0,1.2000000000000002,226.0,0.45,7,COMPLETE
105,105,-0.5523031315457213,2025-06-14 20:05:34.084611,2025-06-14 20:05:41.909695,0 days 00:00:07.825084,500.0,0.002,3m,3.5,1.5,0.6,222.0,122.0,0.002,2m,3.5,3.0,1.5,226.0,,,,,,,,994.0,0.005,4m,3.5,1.5,1.5,720.0,158.0,0.01,4m,4.0,1.0,0.6,72.0,,,,,,,,862.0,0.003,2m,3.0,1.0,1.6,234.0,924.0,0.005,4m,2.5,4.0,0.9,284.0,600,0.008,3m,2.5,4.0,1.0,1024,712,0.003,2m,2.0,3.0,1.5,426,624.0,0.008,3m,3.5,3.0,1.3,174.0,0.4,8,COMPLETE
106,106,-0.35176919887571445,2025-06-14 20:05:42.000686,2025-06-14 20:05:50.455564,0 days 00:00:08.454878,270.0,0.005,1m,1.5,3.0,0.5,636.0,324.0,0.002,1m,3.5,1.0,1.1,128.0,1014.0,0.006,3m,3.5,1.5,1.2000000000000002,850.0,932.0,0.003,4m,3.5,1.0,0.8,838.0,372.0,0.009000000000000001,4m,4.0,1.0,1.6,148.0,,,,,,,,130.0,0.005,2m,3.5,1.5,1.8,470.0,834.0,0.006,3m,3.0,3.5,0.6,228.0,410,0.006,3m,2.0,3.5,1.6,962,578,0.004,3m,2.5,3.0,1.4,500,650.0,0.007,3m,3.0,2.5,1.4,98.0,0.5,9,COMPLETE
107,107,2.2169623002402044,2025-06-14 20:05:50.553356,2025-06-14 20:05:56.501473,0 days 00:00:05.948117,,,,,,,,218.0,0.001,2m,3.5,2.5,1.4,382.0,,,,,,,,914.0,0.004,1m,4.0,1.0,1.2000000000000002,642.0,224.0,0.008,4m,4.0,1.5,1.9000000000000001,124.0,,,,,,,,,,,,,,,990.0,0.007,1m,2.5,4.0,1.2000000000000002,116.0,640,0.007,3m,3.0,4.0,1.8,1008,674,0.005,2m,3.5,3.0,1.2000000000000002,382,700.0,0.007,3m,4.0,3.0,1.5,200.0,0.45,6,COMPLETE
108,108,2.21268263531572,2025-06-14 20:05:56.588380,2025-06-14 20:06:03.456612,0 days 00:00:06.868232,,,,,,,,262.0,0.001,2m,3.0,3.5,1.3,460.0,,,,,,,,836.0,0.009000000000000001,4m,2.5,3.5,1.7000000000000002,676.0,274.0,0.009000000000000001,2m,3.0,1.0,1.7000000000000002,68.0,,,,,,,,348.0,0.003,2m,2.0,1.0,1.4,308.0,882.0,0.006,2m,2.5,4.0,1.3,342.0,516,0.004,2m,2.5,3.5,1.7000000000000002,934,632,0.001,2m,1.5,2.5,1.3,454,388.0,0.008,3m,3.5,3.0,1.2000000000000002,72.0,0.5,7,COMPLETE
109,109,-1.6297280366743951,2025-06-14 20:06:03.536797,2025-06-14 20:06:11.393180,0 days 00:00:07.856383,552.0,0.001,3m,2.5,4.0,0.7,770.0,88.0,0.006,3m,4.0,3.0,1.6,274.0,,,,,,,,882.0,0.006,3m,3.5,1.5,1.5,702.0,106.0,0.006,4m,4.0,1.0,1.3,32.0,,,,,,,,226.0,0.004,3m,4.0,2.5,1.6,394.0,962.0,0.005,3m,2.0,3.5,1.1,200.0,338,0.005,3m,3.0,4.0,0.9,848,786,0.004,2m,2.5,3.5,1.8,334,558.0,0.009000000000000001,1m,3.0,2.5,1.1,150.0,0.4,8,COMPLETE
110,110,0.7457954371242985,2025-06-14 20:06:11.480375,2025-06-14 20:06:18.236686,0 days 00:00:06.756311,,,,,,,,166.0,0.002,2m,3.5,2.5,1.2000000000000002,192.0,,,,,,,,418.0,0.004,4m,3.0,2.0,1.8,570.0,308.0,0.01,4m,2.0,1.0,1.8,98.0,,,,,,,,404.0,0.002,2m,3.5,2.0,1.5,192.0,1000.0,0.007,3m,3.5,1.5,1.0,282.0,720,0.007,3m,3.0,4.0,1.6,978,754,0.003,2m,1.5,3.0,1.5,116,432.0,0.006,3m,2.5,3.0,1.3,40.0,0.5,7,COMPLETE
111,111,1.3310012971705087,2025-06-14 20:06:18.307763,2025-06-14 20:06:25.291163,0 days 00:00:06.983400,808.0,0.004,3m,2.5,1.5,0.7,312.0,168.0,0.001,2m,3.5,3.0,1.2000000000000002,830.0,,,,,,,,868.0,0.004,4m,3.5,1.0,1.5,656.0,248.0,0.009000000000000001,4m,4.0,1.0,1.7000000000000002,92.0,,,,,,,,320.0,0.002,2m,3.5,1.5,2.0,338.0,1018.0,0.007,3m,2.5,4.0,1.2000000000000002,246.0,680,0.001,3m,3.0,4.0,0.8,1004,704,0.003,2m,2.0,3.0,1.4,226,630.0,0.008,3m,3.5,3.0,1.3,128.0,0.45,8,COMPLETE
112,112,3.4526013761253025,2025-06-14 20:06:25.382052,2025-06-14 20:06:32.425917,0 days 00:00:07.043865,730.0,0.004,3m,2.0,1.0,0.8,292.0,194.0,0.001,2m,3.5,3.0,1.1,858.0,,,,,,,,924.0,0.004,4m,3.5,1.0,1.6,622.0,338.0,0.009000000000000001,4m,4.0,1.0,1.7000000000000002,166.0,,,,,,,,288.0,0.002,2m,3.5,1.5,1.7000000000000002,358.0,1024.0,0.007,3m,2.5,4.0,1.1,252.0,552,0.002,3m,3.0,4.0,0.8,986,738,0.003,2m,2.0,3.0,1.4,280,648.0,0.008,3m,3.5,3.0,1.4,122.0,0.45,8,COMPLETE
113,113,-0.689320907436121,2025-06-14 20:06:32.515564,2025-06-14 20:06:40.766555,0 days 00:00:08.250991,728.0,0.003,3m,2.0,1.0,0.8,172.0,246.0,0.001,2m,3.5,3.0,1.1,144.0,16.0,0.004,4m,1.5,1.5,0.7,620.0,958.0,0.004,4m,3.5,1.0,1.6,618.0,328.0,0.008,4m,4.0,1.0,1.6,168.0,,,,,,,,278.0,0.003,2m,3.5,1.5,1.7000000000000002,260.0,948.0,0.006,3m,2.5,4.0,1.3,166.0,554,0.002,3m,3.0,4.0,0.7,902,736,0.004,2m,2.0,3.0,1.4,286,674.0,0.008,3m,3.5,3.0,1.4,164.0,0.45,9,COMPLETE
114,114,0.0377245775822437,2025-06-14 20:06:40.849422,2025-06-14 20:06:48.396461,0 days 00:00:07.547039,608.0,0.004,3m,1.0,1.0,1.0,274.0,190.0,0.001,2m,3.5,3.0,1.0,1006.0,,,,,,,,926.0,0.005,4m,3.5,1.0,1.6,758.0,348.0,0.009000000000000001,4m,4.0,1.0,1.8,136.0,,,,,,,,238.0,0.005,2m,3.5,1.0,1.8,370.0,972.0,0.008,3m,3.0,4.0,1.1,308.0,608,0.002,3m,3.0,4.0,1.9000000000000001,944,640,0.002,2m,2.0,3.0,1.3,306,580.0,0.007,3m,3.5,3.0,1.5,434.0,0.45,8,COMPLETE
115,115,-0.981459995893387,2025-06-14 20:06:48.456599,2025-06-14 20:06:55.763947,0 days 00:00:07.307348,770.0,0.005,3m,2.0,2.5,0.8,842.0,130.0,0.002,4m,3.5,3.0,1.1,896.0,,,,,,,,890.0,0.003,4m,3.5,1.5,1.7000000000000002,504.0,194.0,0.009000000000000001,4m,4.0,1.0,1.6,42.0,,,,,,,,270.0,0.001,2m,3.0,2.0,1.7000000000000002,444.0,928.0,0.004,3m,2.5,4.0,1.2000000000000002,212.0,488,0.001,3m,3.0,3.5,1.0,980,832,0.004,2m,2.0,3.0,1.2000000000000002,356,526.0,0.008,3m,3.0,3.0,1.2000000000000002,106.0,0.5,8,COMPLETE
116,116,2.0385479351499267,2025-06-14 20:06:55.851004,2025-06-14 20:07:02.152323,0 days 00:00:06.301319,,,,,,,,496.0,0.001,2m,3.0,3.0,0.9,166.0,,,,,,,,514.0,0.004,4m,3.5,1.0,2.0,534.0,420.0,0.005,4m,3.5,1.0,1.7000000000000002,624.0,,,,,,,,186.0,0.003,2m,3.5,1.5,1.6,302.0,1004.0,0.005,3m,3.0,4.0,1.4,240.0,586,0.008,3m,2.5,4.0,0.6,926,610,0.003,2m,2.0,2.5,1.5,274,608.0,0.009000000000000001,2m,4.0,3.5,1.4,282.0,0.45,7,COMPLETE
117,117,-6.58631761308109,2025-06-14 20:07:02.256185,2025-06-14 20:07:08.569159,0 days 00:00:06.312974,,,,,,,,212.0,0.001,2m,3.5,3.0,1.3,242.0,,,,,,,,970.0,0.004,4m,3.5,1.5,0.6,596.0,166.0,0.009000000000000001,2m,4.0,1.5,1.8,292.0,,,,,,,,326.0,0.002,1m,4.0,1.5,1.7000000000000002,412.0,970.0,0.006,1m,1.0,3.5,1.2000000000000002,278.0,650,0.006,4m,3.0,4.0,0.9,958,666,0.003,4m,1.0,3.0,1.6,406,728.0,0.008,3m,3.0,3.0,1.4,248.0,0.5,7,COMPLETE
118,118,1.1524607892916148,2025-06-14 20:07:08.642061,2025-06-14 20:07:16.177002,0 days 00:00:07.534941,978.0,0.003,4m,1.5,2.0,0.6,934.0,40.0,0.003,2m,3.5,3.0,1.1,116.0,,,,,,,,942.0,0.005,4m,3.5,1.0,1.9000000000000001,708.0,504.0,0.01,1m,4.0,1.0,1.9000000000000001,70.0,,,,,,,,222.0,0.004,2m,3.5,1.0,1.9000000000000001,372.0,906.0,0.007,3m,2.5,4.0,1.0,146.0,556,0.007,3m,3.0,3.5,0.6,892,692,0.005,2m,2.5,3.0,1.3,246,330.0,0.007,1m,3.5,1.0,0.6,216.0,0.4,8,COMPLETE
119,119,2.527685236613118,2025-06-14 20:07:16.266204,2025-06-14 20:07:23.836779,0 days 00:00:07.570575,652.0,0.004,3m,2.0,2.5,0.9,370.0,364.0,0.002,2m,4.0,3.5,1.2000000000000002,792.0,,,,,,,,850.0,0.003,4m,4.0,1.5,1.6,688.0,22.0,0.008,4m,3.5,1.0,1.7000000000000002,154.0,,,,,,,,356.0,0.003,2m,3.5,1.5,1.6,494.0,854.0,0.006,3m,2.5,4.0,1.3,340.0,704,0.003,3m,2.5,4.0,1.7000000000000002,1004,730,0.004,2m,1.5,3.5,1.4,434,650.0,0.008,3m,4.0,3.0,1.3,186.0,0.45,8,COMPLETE
120,120,-1.7884667629174635,2025-06-14 20:07:23.912937,2025-06-14 20:07:30.471349,0 days 00:00:06.558412,,,,,,,,312.0,0.001,2m,3.5,3.0,1.0,202.0,,,,,,,,770.0,0.004,3m,3.0,1.0,1.7000000000000002,732.0,274.0,0.009000000000000001,3m,4.0,1.5,1.5,192.0,,,,,,,,550.0,0.004,4m,3.5,1.5,1.4,282.0,1000.0,0.008,3m,3.0,2.5,1.1,372.0,630,0.009000000000000001,1m,3.0,3.5,1.5,982,588,0.002,1m,2.0,2.5,1.5,478,288.0,0.007,3m,3.0,3.5,1.2000000000000002,306.0,0.5,7,COMPLETE
121,121,1.4412743848638518,2025-06-14 20:07:30.550367,2025-06-14 20:07:37.752491,0 days 00:00:07.202124,794.0,0.004,3m,2.5,1.5,0.7,332.0,156.0,0.001,2m,3.5,1.5,1.2000000000000002,914.0,,,,,,,,818.0,0.004,4m,3.5,1.0,1.4,646.0,242.0,0.009000000000000001,4m,4.0,1.0,1.7000000000000002,102.0,,,,,,,,300.0,0.002,2m,3.5,1.5,1.5,336.0,1020.0,0.007,3m,4.0,4.0,1.1,256.0,746,0.002,3m,3.0,4.0,1.6,1002,706,0.003,2m,2.0,3.0,1.4,228,552.0,0.008,3m,3.5,3.0,1.3,110.0,0.45,8,COMPLETE
122,122,1.430084465639143,2025-06-14 20:07:37.982259,2025-06-14 20:07:56.724764,0 days 00:00:18.742505,726.0,0.009000000000000001,3m,2.0,1.5,0.8,438.0,180.0,0.001,2m,3.5,3.0,1.3,826.0,604.0,0.009000000000000001,2m,3.5,3.5,1.8,424.0,894.0,0.004,4m,3.5,1.0,1.5,624.0,302.0,0.009000000000000001,4m,4.0,1.0,1.6,16.0,,,,,,,,312.0,0.002,2m,3.5,1.5,1.8,332.0,980.0,0.007,3m,2.5,4.0,1.2000000000000002,200.0,362,0.002,3m,3.0,4.0,0.8,1020,644,0.003,2m,2.0,3.0,1.4,222,644.0,0.008,3m,3.5,3.0,1.3,142.0,0.45,9,COMPLETE
123,123,0.5909425820493024,2025-06-14 20:07:56.869064,2025-06-14 20:08:10.771423,0 days 00:00:13.902359,844.0,0.005,3m,2.5,1.0,1.8,216.0,252.0,0.001,2m,3.5,3.0,1.2000000000000002,724.0,,,,,,,,544.0,0.004,4m,3.5,1.0,1.5,664.0,224.0,0.009000000000000001,4m,4.0,3.5,1.7000000000000002,120.0,,,,,,,,274.0,0.002,2m,3.5,1.0,2.0,364.0,956.0,0.007,3m,2.5,4.0,1.0,250.0,676,0.001,3m,3.0,4.0,1.7000000000000002,952,682,0.003,2m,2.0,3.0,1.3,396,694.0,0.008,3m,3.5,3.0,1.4,116.0,0.4,8,COMPLETE
124,124,1.4420634582111949,2025-06-14 20:08:10.896998,2025-06-14 20:08:19.633281,0 days 00:00:08.736283,580.0,0.003,3m,3.0,2.0,0.6,698.0,868.0,0.004,2m,3.5,3.0,1.1,250.0,826.0,0.006,1m,2.5,2.5,1.1,240.0,982.0,0.005,4m,3.5,1.5,1.5,554.0,376.0,0.01,4m,4.0,1.0,1.8,472.0,,,,,,,,238.0,0.008,2m,3.5,2.0,1.6,402.0,1002.0,0.005,3m,2.5,4.0,1.1,176.0,604,0.003,3m,3.5,4.0,0.8,986,628,0.004,2m,2.0,3.0,1.4,368,754.0,0.008,3m,3.5,3.0,1.3,74.0,0.45,9,COMPLETE
125,125,1.5586667890950714,2025-06-14 20:08:19.717493,2025-06-14 20:08:27.690630,0 days 00:00:07.973137,676.0,0.004,3m,2.0,1.5,0.5,288.0,120.0,0.001,2m,2.5,3.0,1.4,882.0,,,,,,,,920.0,0.003,4m,3.5,1.0,1.6,654.0,140.0,0.009000000000000001,4m,4.0,1.0,1.6,758.0,,,,,,,,384.0,0.003,2m,3.0,1.0,1.9000000000000001,332.0,1024.0,0.007,4m,2.5,4.0,1.3,556.0,390,0.007,3m,3.0,4.0,0.7,918,716,0.004,2m,1.5,3.0,1.5,196,358.0,0.009000000000000001,3m,3.5,3.0,1.4,170.0,0.5,8,COMPLETE
126,126,1.8524689877995824,2025-06-14 20:08:27.778553,2025-06-14 20:08:34.302248,0 days 00:00:06.523695,,,,,,,,220.0,0.002,2m,3.5,3.0,0.9,634.0,,,,,,,,1004.0,0.004,4m,3.5,1.5,1.3,612.0,444.0,0.008,4m,4.0,1.0,1.7000000000000002,64.0,,,,,,,,174.0,0.004,2m,3.5,1.5,1.7000000000000002,244.0,928.0,0.006,3m,3.0,4.0,1.2000000000000002,300.0,656,0.01,3m,3.0,4.0,1.8,958,656,0.002,2m,2.0,3.0,1.2000000000000002,178,598.0,0.007,1m,3.0,3.0,1.2000000000000002,196.0,0.45,7,COMPLETE
127,127,0.08225023847591298,2025-06-14 20:08:34.380462,2025-06-14 20:08:42.037364,0 days 00:00:07.656902,738.0,0.003,3m,3.5,3.0,0.8,244.0,92.0,0.01,1m,3.5,3.5,1.3,568.0,,,,,,,,604.0,0.005,1m,3.5,1.0,1.1,676.0,350.0,0.009000000000000001,4m,4.0,1.0,1.5,952.0,,,,,,,,330.0,0.002,3m,4.0,1.5,1.8,450.0,948.0,0.005,1m,2.5,3.5,1.1,230.0,508,0.001,3m,3.0,4.0,1.6,974,698,0.003,2m,2.5,3.0,1.3,322,502.0,0.009000000000000001,3m,4.0,3.0,1.5,128.0,0.5,8,COMPLETE
128,128,-3.450424247056047,2025-06-14 20:08:42.160466,2025-06-14 20:08:50.332900,0 days 00:00:08.172434,880.0,0.005,3m,1.0,2.0,0.7,122.0,282.0,0.001,2m,3.5,3.0,1.2000000000000002,854.0,,,,,,,,866.0,0.004,4m,4.0,2.0,1.6,586.0,200.0,0.008,2m,1.0,1.0,1.9000000000000001,38.0,,,,,,,,146.0,0.003,2m,1.0,3.0,1.6,284.0,972.0,0.008,2m,2.5,2.5,0.9,272.0,532,0.008,3m,2.5,3.5,0.5,998,746,0.005,3m,1.5,3.0,1.4,206,566.0,0.008,4m,3.5,3.0,1.3,150.0,0.45,8,COMPLETE
129,129,-0.27855221137583513,2025-06-14 20:08:50.439468,2025-06-14 20:08:58.023503,0 days 00:00:07.584035,,,,,,,,190.0,0.001,3m,1.5,2.5,1.0,938.0,,,,,,,,732.0,0.004,4m,3.5,1.0,1.7000000000000002,630.0,256.0,0.01,4m,4.0,1.0,1.8,90.0,,,,,,,,202.0,0.003,4m,3.5,1.0,1.5,380.0,896.0,0.006,3m,3.0,4.0,1.2000000000000002,324.0,776,0.002,3m,3.0,3.0,0.9,938,614,0.004,2m,2.0,2.5,1.3,422,674.0,0.007,3m,3.0,3.0,1.3,92.0,0.4,7,COMPLETE
130,130,-1.3484589245868015,2025-06-14 20:08:58.092677,2025-06-14 20:09:07.461070,0 days 00:00:09.368393,774.0,0.006,3m,1.5,1.0,0.6,544.0,142.0,0.002,2m,3.0,3.0,1.2000000000000002,752.0,422.0,0.004,3m,3.0,2.5,1.4,900.0,26.0,0.003,4m,3.5,1.0,1.5,782.0,294.0,0.009000000000000001,4m,3.5,1.0,1.6,128.0,644.0,0.005,3m,3.0,3.0,1.0,386.0,90.0,0.001,2m,3.5,1.0,1.3,424.0,988.0,0.004,3m,2.5,4.0,1.0,208.0,576,0.007,2m,3.5,4.0,1.5,876,866,0.003,2m,2.0,3.0,1.4,256,584.0,0.008,3m,3.5,2.5,1.2000000000000002,242.0,0.45,10,COMPLETE
131,131,1.5570847237078929,2025-06-14 20:09:07.548504,2025-06-14 20:09:15.242221,0 days 00:00:07.693717,,,,,,,,108.0,0.001,2m,3.5,3.0,1.3,150.0,,,,,,,,784.0,0.004,4m,3.5,1.0,1.4,704.0,234.0,0.009000000000000001,4m,4.0,1.0,1.6,64.0,,,,,,,,334.0,0.004,2m,2.5,2.0,1.7000000000000002,324.0,952.0,0.006,3m,2.5,4.0,1.3,122.0,626,0.007,3m,2.5,4.0,1.6,966,660,0.004,2m,2.0,3.0,1.4,468,532.0,0.008,3m,3.0,3.0,1.4,172.0,0.5,7,COMPLETE
132,132,0.4921719054868527,2025-06-14 20:09:15.320947,2025-06-14 20:09:33.049725,0 days 00:00:17.728778,,,,,,,,146.0,0.001,2m,3.5,3.0,1.1,100.0,,,,,,,,946.0,0.004,4m,3.5,1.0,1.4,696.0,318.0,0.009000000000000001,4m,4.0,1.0,1.7000000000000002,38.0,,,,,,,,296.0,0.005,2m,3.5,1.5,1.7000000000000002,350.0,1000.0,0.005,3m,2.5,2.0,1.2000000000000002,238.0,534,0.007,3m,2.5,4.0,1.6,1022,676,0.004,2m,2.0,3.0,1.4,454,550.0,0.008,3m,3.0,3.0,1.4,160.0,0.5,7,COMPLETE
133,133,1.084265703976918,2025-06-14 20:09:33.217917,2025-06-14 20:09:46.664697,0 days 00:00:13.446780,,,,,,,,52.0,0.001,2m,3.5,3.0,1.3,64.0,,,,,,,,820.0,0.004,4m,3.5,1.5,1.3,734.0,274.0,0.007,4m,4.0,2.0,1.7000000000000002,88.0,,,,,,,,,,,,,,,432.0,0.007,3m,2.5,4.0,1.1,194.0,464,0.006,3m,2.5,4.0,1.7000000000000002,992,648,0.004,2m,2.0,3.0,1.5,388,614.0,0.008,3m,3.0,3.0,1.6,132.0,0.5,6,COMPLETE
134,134,-1.7063276853716907,2025-06-14 20:09:46.757770,2025-06-14 20:09:54.613489,0 days 00:00:07.855719,842.0,0.004,3m,2.0,1.5,0.5,348.0,236.0,0.001,2m,3.5,3.0,1.2000000000000002,172.0,,,,,,,,686.0,0.005,4m,3.5,1.0,1.4,670.0,558.0,0.006,4m,4.0,1.0,1.6,56.0,,,,,,,,248.0,0.004,2m,3.5,2.5,1.6,210.0,920.0,0.006,3m,2.0,4.0,1.2000000000000002,288.0,552,0.007,3m,2.5,4.0,1.7000000000000002,968,600,0.002,2m,2.5,3.0,1.3,440,400.0,0.008,3m,3.0,3.0,1.4,188.0,0.5,8,COMPLETE
135,135,0.2227265767765383,2025-06-14 20:09:54.705845,2025-06-14 20:10:01.636750,0 days 00:00:06.930905,,,,,,,,206.0,0.001,2m,4.0,3.0,1.9000000000000001,208.0,,,,,,,,840.0,0.004,3m,3.5,1.0,1.5,644.0,334.0,0.009000000000000001,4m,4.0,1.0,1.6,112.0,,,,,,,,276.0,0.004,2m,3.5,1.5,1.7000000000000002,312.0,984.0,0.006,3m,2.5,4.0,1.2000000000000002,148.0,590,0.008,3m,3.0,4.0,1.6,916,572,0.004,2m,2.0,3.0,1.4,342,484.0,0.007,3m,3.0,3.0,1.5,214.0,0.45,7,COMPLETE
136,136,1.046441925043099,2025-06-14 20:10:01.736783,2025-06-14 20:10:09.368528,0 days 00:00:07.631745,628.0,0.002,2m,3.0,2.0,1.1,482.0,80.0,0.001,2m,3.5,3.0,1.1,126.0,,,,,,,,904.0,0.003,4m,3.0,1.5,1.6,756.0,386.0,0.01,4m,4.0,1.0,1.7000000000000002,156.0,,,,,,,,698.0,0.003,2m,3.5,1.5,1.5,358.0,1024.0,0.007,3m,3.0,3.0,0.8,180.0,610,0.006,3m,3.0,4.0,1.7000000000000002,938,626,0.003,2m,1.5,3.0,1.6,536,644.0,0.008,1m,3.5,1.5,1.3,160.0,0.45,8,COMPLETE
