,number,value,datetime_start,datetime_complete,duration,params_AEP_FB_beta_win,params_AEP_FB_stop_loss,params_AEP_FB_trade_freq,params_AEP_FB_z_entry,params_AEP_FB_z_exit,params_AEP_FB_z_stop_scaler,params_AEP_FB_z_win,params_ALXN_BIIB_beta_win,params_ALXN_BIIB_stop_loss,params_ALXN_BIIB_trade_freq,params_ALXN_BIIB_z_entry,params_ALXN_BIIB_z_exit,params_ALXN_BIIB_z_stop_scaler,params_ALXN_BIIB_z_win,params_ANSS_DOCU_beta_win,params_ANSS_DOCU_stop_loss,params_ANSS_DOCU_trade_freq,params_ANSS_DOCU_z_entry,params_ANSS_DOCU_z_exit,params_ANSS_DOCU_z_stop_scaler,params_ANSS_DOCU_z_win,params_ASML_AVGO_beta_win,params_ASML_AVGO_stop_loss,params_ASML_AVGO_trade_freq,params_ASML_AVGO_z_entry,params_ASML_AVGO_z_exit,params_ASML_AVGO_z_stop_scaler,params_ASML_AVGO_z_win,params_BKNG_ZM_beta_win,params_BKNG_ZM_stop_loss,params_BKNG_ZM_trade_freq,params_BKNG_ZM_z_entry,params_BKNG_ZM_z_exit,params_BKNG_ZM_z_stop_scaler,params_BKNG_ZM_z_win,params_CTSH_FAST_beta_win,params_CTSH_FAST_stop_loss,params_CTSH_FAST_trade_freq,params_CTSH_FAST_z_entry,params_CTSH_FAST_z_exit,params_CTSH_FAST_z_stop_scaler,params_CTSH_FAST_z_win,params_FAST_TMUS_beta_win,params_FAST_TMUS_stop_loss,params_FAST_TMUS_trade_freq,params_FAST_TMUS_z_entry,params_FAST_TMUS_z_exit,params_FAST_TMUS_z_stop_scaler,params_FAST_TMUS_z_win,params_GOOG_GOOGL_beta_win,params_GOOG_GOOGL_stop_loss,params_GOOG_GOOGL_trade_freq,params_GOOG_GOOGL_z_entry,params_GOOG_GOOGL_z_exit,params_GOOG_GOOGL_z_stop_scaler,params_GOOG_GOOGL_z_win,params_MSFT_PCAR_beta_win,params_MSFT_PCAR_stop_loss,params_MSFT_PCAR_trade_freq,params_MSFT_PCAR_z_entry,params_MSFT_PCAR_z_exit,params_MSFT_PCAR_z_stop_scaler,params_MSFT_PCAR_z_win,params_REGN_ZM_beta_win,params_REGN_ZM_stop_loss,params_REGN_ZM_trade_freq,params_REGN_ZM_z_entry,params_REGN_ZM_z_exit,params_REGN_ZM_z_stop_scaler,params_REGN_ZM_z_win,params_SBUX_ZM_beta_win,params_SBUX_ZM_stop_loss,params_SBUX_ZM_trade_freq,params_SBUX_ZM_z_entry,params_SBUX_ZM_z_exit,params_SBUX_ZM_z_stop_scaler,params_SBUX_ZM_z_win,params_buffer_capital,params_pairs_to_trade,state
147,147,-1.5444731418173951,2025-06-15 00:19:49.189158,2025-06-15 00:19:52.023192,0 days 00:00:02.834034,,,,,,,,482,0.01,4m,2.0,3.0,1.1,728,436,0.002,4m,2.0,1.0,1.9000000000000001,740,550.0,0.005,2m,1.5,2.5,0.6,208.0,,,,,,,,,,,,,,,,,,,,,,1000.0,0.002,4m,2.5,1.0,1.9000000000000001,940.0,,,,,,,,1004.0,0.001,2m,1.0,2.5,1.0,198.0,,,,,,,,0.2,4,COMPLETE
148,148,2.8085922608570604,2025-06-15 00:19:52.083725,2025-06-15 00:19:54.974377,0 days 00:00:02.890652,,,,,,,,420,0.009000000000000001,3m,2.5,1.0,1.2000000000000002,1022,80,0.003,1m,1.5,1.0,1.1,572,800.0,0.003,2m,2.0,4.0,0.6,40.0,,,,,,,,,,,,,,,,,,,,,,244.0,0.001,1m,3.5,3.0,0.8,402.0,,,,,,,,742.0,0.002,1m,1.5,3.5,1.2000000000000002,688.0,,,,,,,,0.1,4,COMPLETE
149,149,-4.181919787968469,2025-06-15 00:19:55.056886,2025-06-15 00:20:00.598042,0 days 00:00:05.541156,690.0,0.003,2m,1.0,4.0,0.7,218.0,684,0.007,4m,3.5,4.0,1.4,512,58,0.002,1m,1.0,1.0,1.3,546,638.0,0.007,2m,4.0,2.0,1.3,736.0,128.0,0.001,1m,1.0,3.0,0.8,670.0,40.0,0.006,3m,2.5,3.5,1.2000000000000002,1000.0,950.0,0.005,1m,3.0,1.0,0.6,252.0,274.0,0.005,2m,2.0,1.0,1.3,682.0,286.0,0.01,4m,3.5,1.0,1.6,912.0,690.0,0.006,1m,3.0,3.0,1.4,604.0,606.0,0.009000000000000001,3m,2.5,2.5,1.1,702.0,0.35000000000000003,10,COMPLETE
