,number,value,datetime_start,datetime_complete,duration,params_ADSK_XLNX_beta_win,params_ADSK_XLNX_stop_loss,params_ADSK_XLNX_trade_freq,params_ADSK_XLNX_z_entry,params_ADSK_XLNX_z_exit,params_ADSK_XLNX_z_stop_scaler,params_ADSK_XLNX_z_win,params_ALXN_CHTR_beta_win,params_ALXN_CHTR_stop_loss,params_ALXN_CHTR_trade_freq,params_ALXN_CHTR_z_entry,params_ALXN_CHTR_z_exit,params_ALXN_CHTR_z_stop_scaler,params_ALXN_CHTR_z_win,params_BIDU_PEP_beta_win,params_BIDU_PEP_stop_loss,params_BIDU_PEP_trade_freq,params_BIDU_PEP_z_entry,params_BIDU_PEP_z_exit,params_BIDU_PEP_z_stop_scaler,params_BIDU_PEP_z_win,params_CMCSA_QCOM_beta_win,params_CMCSA_QCOM_stop_loss,params_CMCSA_QCOM_trade_freq,params_CMCSA_QCOM_z_entry,params_CMCSA_QCOM_z_exit,params_CMCSA_QCOM_z_stop_scaler,params_CMCSA_QCOM_z_win,params_CPRT_ISRG_beta_win,params_CPRT_ISRG_stop_loss,params_CPRT_ISRG_trade_freq,params_CPRT_ISRG_z_entry,params_CPRT_ISRG_z_exit,params_CPRT_ISRG_z_stop_scaler,params_CPRT_ISRG_z_win,params_INTC_MU_beta_win,params_INTC_MU_stop_loss,params_INTC_MU_trade_freq,params_INTC_MU_z_entry,params_INTC_MU_z_exit,params_INTC_MU_z_stop_scaler,params_INTC_MU_z_win,params_MAR_INCY_beta_win,params_MAR_INCY_stop_loss,params_MAR_INCY_trade_freq,params_MAR_INCY_z_entry,params_MAR_INCY_z_exit,params_MAR_INCY_z_stop_scaler,params_MAR_INCY_z_win,params_MAR_QCOM_beta_win,params_MAR_QCOM_stop_loss,params_MAR_QCOM_trade_freq,params_MAR_QCOM_z_entry,params_MAR_QCOM_z_exit,params_MAR_QCOM_z_stop_scaler,params_MAR_QCOM_z_win,params_PTON_SGEN_beta_win,params_PTON_SGEN_stop_loss,params_PTON_SGEN_trade_freq,params_PTON_SGEN_z_entry,params_PTON_SGEN_z_exit,params_PTON_SGEN_z_stop_scaler,params_PTON_SGEN_z_win,params_PTON_XLNX_beta_win,params_PTON_XLNX_stop_loss,params_PTON_XLNX_trade_freq,params_PTON_XLNX_z_entry,params_PTON_XLNX_z_exit,params_PTON_XLNX_z_stop_scaler,params_PTON_XLNX_z_win,params_buffer_capital,params_pairs_to_trade,state
62,62,0.3404894720480172,2025-06-15 00:22:06.905339,2025-06-15 00:22:07.653550,0 days 00:00:00.748211,,,,,,,,,,,,,,,,,,,,,,52,0.007,4m,3.0,1.5,0.5,310,,,,,,,,,,,,,,,,,,,,,,,,,,,,,,,,,,,,,,,,,,,0.3,1,COMPLETE
63,63,0.8579764314321497,2025-06-15 00:22:07.713549,2025-06-15 00:22:08.277974,0 days 00:00:00.564425,,,,,,,,,,,,,,,,,,,,,,76,0.006,4m,3.0,1.5,0.5,248,,,,,,,,,,,,,,,,,,,,,,,,,,,,,,,,,,,,,,,,,,,0.3,1,COMPLETE
64,64,2.459124074228634,2025-06-15 00:22:08.361010,2025-06-15 00:22:08.945633,0 days 00:00:00.584623,,,,,,,,,,,,,,,,,,,,,,122,0.007,4m,3.0,1.0,0.5,346,,,,,,,,,,,,,,,,,,,,,,,,,,,,,,,,,,,,,,,,,,,0.35000000000000003,1,COMPLETE
65,65,-1.2937928504625114,2025-06-15 00:22:09.021633,2025-06-15 00:22:10.118357,0 days 00:00:01.096724,,,,,,,,,,,,,,,,,,,,,,60,0.006,4m,3.5,1.5,0.7,1024,,,,,,,,668.0,0.003,4m,1.5,3.5,1.5,722.0,,,,,,,,,,,,,,,,,,,,,,,,,,,,,0.3,2,COMPLETE
66,66,2.557485274766381,2025-06-15 00:22:10.168876,2025-06-15 00:22:10.946062,0 days 00:00:00.777186,,,,,,,,,,,,,,,,,,,,,,30,0.008,4m,3.0,1.5,0.8,328,,,,,,,,,,,,,,,,,,,,,,,,,,,,,,,,,,,,,,,,,,,0.35000000000000003,1,COMPLETE
67,67,4.893127126396649,2025-06-15 00:22:11.045591,2025-06-15 00:22:11.642249,0 days 00:00:00.596658,,,,,,,,,,,,,,,,,,,,,,200,0.007,4m,2.5,1.0,0.6,386,,,,,,,,,,,,,,,,,,,,,,,,,,,,,,,,,,,,,,,,,,,0.25,1,COMPLETE
68,68,-5.876310277991145,2025-06-15 00:22:11.702251,2025-06-15 00:22:12.269879,0 days 00:00:00.567628,,,,,,,,,,,,,,,,,,,,,,196,0.007,4m,3.5,1.0,0.6,156,,,,,,,,,,,,,,,,,,,,,,,,,,,,,,,,,,,,,,,,,,,0.25,1,COMPLETE
69,69,0.9102847462095369,2025-06-15 00:22:12.329410,2025-06-15 00:22:12.946515,0 days 00:00:00.617105,,,,,,,,,,,,,,,,,,,,,,16,0.006,4m,2.5,1.0,0.7,366,,,,,,,,,,,,,,,,,,,,,,,,,,,,,,,,,,,,,,,,,,,0.3,1,COMPLETE
70,70,-0.9873780480283127,2025-06-15 00:22:13.010514,2025-06-15 00:22:14.144636,0 days 00:00:01.134122,,,,,,,,,,,,,,,,,,,,,,98,0.005,4m,2.5,1.0,0.5,428,,,,,,,,38.0,0.002,2m,3.5,4.0,1.2000000000000002,570.0,,,,,,,,,,,,,,,,,,,,,,,,,,,,,0.25,2,COMPLETE
71,71,0.9796853954802414,2025-06-15 00:22:14.221636,2025-06-15 00:22:15.349870,0 days 00:00:01.128234,,,,,,,,,,,,,,,,,,,,,,146,0.007,4m,4.0,1.5,0.6,406,,,,,,,,754.0,0.004,3m,2.0,3.0,0.9,342.0,,,,,,,,,,,,,,,,,,,,,,,,,,,,,0.35000000000000003,2,COMPLETE
72,72,-2.1139941604489008,2025-06-15 00:22:15.426874,2025-06-15 00:22:16.005505,0 days 00:00:00.578631,,,,,,,,,,,,,,,,,,,,,,158,0.008,4m,3.5,1.5,0.7,452,,,,,,,,,,,,,,,,,,,,,,,,,,,,,,,,,,,,,,,,,,,0.3,1,COMPLETE
73,73,-4.172339685669353,2025-06-15 00:22:16.067018,2025-06-15 00:22:16.686606,0 days 00:00:00.619588,,,,,,,,,,,,,,,,,,,,,,264,0.008,1m,3.0,1.0,0.6,180,,,,,,,,,,,,,,,,,,,,,,,,,,,,,,,,,,,,,,,,,,,0.25,1,COMPLETE
74,74,2.9208599218227884,2025-06-15 00:22:16.758124,2025-06-15 00:22:17.890330,0 days 00:00:01.132206,,,,,,,,,,,,,,,,,,,,,,194,0.007,4m,3.0,1.5,0.5,240,,,,,,,,696.0,0.004,1m,3.0,3.0,1.0,842.0,,,,,,,,,,,,,,,,,,,,,,,,,,,,,0.25,2,COMPLETE
75,75,-2.92261192981701,2025-06-15 00:22:17.968844,2025-06-15 00:22:19.494983,0 days 00:00:01.526139,,,,,,,,,,,,,,,,,,,,,,116,0.008,2m,3.0,1.5,0.7,104,,,,,,,,482.0,0.008,2m,2.0,1.5,1.1,760.0,268.0,0.001,4m,2.0,2.5,1.5,826.0,,,,,,,,,,,,,,,,,,,,,,0.2,3,COMPLETE
76,76,2.407201445583498,2025-06-15 00:22:19.567496,2025-06-15 00:22:23.072095,0 days 00:00:03.504599,,,,,,,,612.0,0.007,1m,3.5,2.5,1.0,236.0,,,,,,,,234,0.009000000000000001,1m,3.5,2.0,0.6,316,,,,,,,,724.0,0.005,4m,3.5,3.0,0.5,710.0,186.0,0.006,1m,1.5,3.0,1.4,118.0,1020.0,0.001,2m,3.0,2.5,1.2000000000000002,298.0,718.0,0.003,3m,2.5,4.0,0.8,936.0,480.0,0.002,2m,3.0,3.0,1.0,866.0,0.15000000000000002,7,COMPLETE
77,77,-3.5854438906080315,2025-06-15 00:22:23.137095,2025-06-15 00:22:24.249334,0 days 00:00:01.112239,,,,,,,,,,,,,,,,,,,,,,682,0.007,4m,2.5,1.0,0.8,718,,,,,,,,194.0,0.006,1m,1.5,2.5,1.4,874.0,,,,,,,,,,,,,,,,,,,,,,,,,,,,,0.35000000000000003,2,COMPLETE
78,78,-0.7827920290247898,2025-06-15 00:22:24.307340,2025-06-15 00:22:25.887546,0 days 00:00:01.580206,,,,,,,,,,,,,,,,,,,,,,880,0.008,4m,4.0,1.5,1.5,272,,,,,,,,818.0,0.005,1m,2.5,2.0,0.9,802.0,636.0,0.002,2m,3.0,3.5,1.1,202.0,,,,,,,,,,,,,,,,,,,,,,0.3,3,COMPLETE
79,79,-1.8653671816581472,2025-06-15 00:22:25.969056,2025-06-15 00:22:28.061787,0 days 00:00:02.092731,,,,,,,,,,,,,,,,,,,,,,72,0.009000000000000001,2m,3.5,1.0,1.0,386,,,,,,,,596.0,0.001,1m,2.0,3.5,1.0,546.0,798.0,0.001,3m,2.0,3.0,1.6,496.0,,,,,,,,66.0,0.005,2m,3.0,2.5,0.8,132.0,,,,,,,,0.25,4,COMPLETE
80,80,-2.4756607294949466,2025-06-15 00:22:28.129790,2025-06-15 00:22:33.235757,0 days 00:00:05.105967,110.0,0.01,1m,4.0,4.0,0.5,28.0,854.0,0.003,3m,2.0,3.0,1.6,736.0,1020.0,0.001,1m,1.0,4.0,2.0,1002.0,614,0.006,1m,1.5,2.0,0.7,470,942.0,0.006,3m,1.0,2.5,2.0,34.0,110.0,0.009000000000000001,1m,3.0,1.0,1.2000000000000002,928.0,548.0,0.002,4m,1.5,3.5,1.8,610.0,116.0,0.01,1m,3.0,1.5,0.9,952.0,540.0,0.006,1m,1.0,1.0,1.7000000000000002,776.0,736.0,0.007,3m,1.5,3.5,1.7000000000000002,400.0,0.2,10,COMPLETE
81,81,1.408314416395083,2025-06-15 00:22:33.324548,2025-06-15 00:22:34.997499,0 days 00:00:01.672951,,,,,,,,,,,,,,,,,,,,,,394,0.008,3m,2.0,1.5,0.6,520,,,,,,,,302.0,0.006,1m,2.5,2.0,0.7,996.0,318.0,0.003,3m,1.0,4.0,0.9,286.0,,,,,,,,,,,,,,,,,,,,,,0.2,3,COMPLETE
82,82,2.6905615537644305,2025-06-15 00:22:35.054008,2025-06-15 00:22:37.134703,0 days 00:00:02.080695,,,,,,,,,,,,,,,,,,,,,,172,0.008,3m,1.5,2.0,0.5,362,,,,,,,,264.0,0.007,1m,2.5,2.0,0.7,986.0,496.0,0.004,3m,1.0,4.0,1.1,260.0,,,,,,,,942.0,0.01,2m,4.0,3.5,1.2000000000000002,302.0,,,,,,,,0.2,4,COMPLETE
83,83,1.3211237915547562,2025-06-15 00:22:37.190210,2025-06-15 00:22:38.762652,0 days 00:00:01.572442,,,,,,,,,,,,,,,,,,,,,,210,0.008,3m,2.5,1.5,0.6,344,,,,,,,,542.0,0.007,1m,2.0,1.5,1.7000000000000002,830.0,610.0,0.003,3m,1.0,3.5,1.2000000000000002,722.0,,,,,,,,,,,,,,,,,,,,,,0.4,3,COMPLETE
84,84,0.1906915819727069,2025-06-15 00:22:38.817161,2025-06-15 00:22:40.234964,0 days 00:00:01.417803,,,,,,,,,,,,,,,,,,,,,,104,0.007,4m,2.0,1.5,0.5,992,,,,,,,,468.0,0.008,1m,3.0,2.5,0.9,934.0,682.0,0.001,3m,1.5,4.0,0.7,346.0,,,,,,,,,,,,,,,,,,,,,,0.15000000000000002,3,COMPLETE
85,85,0.8945001927740482,2025-06-15 00:22:40.293022,2025-06-15 00:22:42.485080,0 days 00:00:02.192058,,,,,,,,,,,,,,,,,,,,,,242,0.009000000000000001,3m,2.0,2.0,0.7,584,,,,,,,,424.0,0.005,1m,2.5,2.0,0.8,878.0,464.0,0.007,3m,2.5,4.0,1.3,410.0,,,,,,,,28.0,0.001,4m,2.0,1.5,1.4,188.0,854.0,0.005,1m,3.5,1.5,0.7,1022.0,0.25,5,COMPLETE
86,86,-8.552752529653828,2025-06-15 00:22:42.536085,2025-06-15 00:22:43.509846,0 days 00:00:00.973761,,,,,,,,,,,,,,,,,,,,,,320,0.009000000000000001,2m,2.5,1.5,0.6,484,,,,,,,,786.0,0.007,2m,3.0,2.5,0.6,1018.0,,,,,,,,,,,,,,,,,,,,,,,,,,,,,0.3,2,COMPLETE
87,87,-3.541211064052552,2025-06-15 00:22:43.560360,2025-06-15 00:22:44.128306,0 days 00:00:00.567946,,,,,,,,,,,,,,,,,,,,,,268,0.007,4m,1.5,2.0,0.8,676,,,,,,,,,,,,,,,,,,,,,,,,,,,,,,,,,,,,,,,,,,,0.2,1,COMPLETE
88,88,-2.1221831051256865,2025-06-15 00:22:44.177818,2025-06-15 00:22:46.033275,0 days 00:00:01.855457,,,,,,,,,,,,,,,,,,,,,,144,0.008,1m,3.0,1.5,0.5,766,,,,,,,,642.0,0.008,1m,2.5,3.0,1.1,950.0,382.0,0.002,3m,1.0,3.5,1.0,216.0,,,,,,,,1014.0,0.01,1m,1.5,2.0,1.9000000000000001,470.0,,,,,,,,0.4,4,COMPLETE
89,89,-4.274753241349015,2025-06-15 00:22:46.100377,2025-06-15 00:22:47.377646,0 days 00:00:01.277269,,,,,,,,,,,,,,,,,,,,,,726,0.008,3m,1.5,1.0,0.9,850,,,,,,,,590.0,0.006,1m,2.5,1.5,0.5,916.0,542.0,0.004,3m,3.5,4.0,0.9,554.0,,,,,,,,,,,,,,,,,,,,,,0.25,3,COMPLETE
90,90,-2.127851716782195,2025-06-15 00:22:47.442651,2025-06-15 00:22:48.459076,0 days 00:00:01.016425,,,,,,,,,,,,,,,,,,,,,,128,0.007,4m,1.0,3.5,0.6,398,,,,,,,,854.0,0.003,3m,2.0,2.0,0.8,676.0,,,,,,,,,,,,,,,,,,,,,,,,,,,,,0.15000000000000002,2,COMPLETE
91,91,3.0755153418688512,2025-06-15 00:22:48.514077,2025-06-15 00:22:49.955144,0 days 00:00:01.441067,,,,,,,,,,,,,,,,,,,,,,52,0.008,2m,2.5,1.0,0.7,854,,,,,,,,516.0,0.002,4m,3.5,3.0,0.8,974.0,546.0,0.006,1m,2.0,4.0,1.1,276.0,,,,,,,,,,,,,,,,,,,,,,0.05,3,COMPLETE
92,92,2.589914707279474,2025-06-15 00:22:50.011145,2025-06-15 00:22:51.697162,0 days 00:00:01.686017,,,,,,,,,,,,,,,,,,,,,,104,0.008,2m,2.5,1.0,0.7,918,,,,,,,,530.0,0.003,4m,4.0,3.0,0.6,964.0,498.0,0.005,1m,2.0,2.5,1.1,248.0,,,,,,,,496.0,0.002,1m,2.5,4.0,1.8,566.0,,,,,,,,0.3,4,COMPLETE
93,93,4.775524745195179,2025-06-15 00:22:51.753167,2025-06-15 00:22:53.651844,0 days 00:00:01.898677,,,,,,,,,,,,,,,,,,,,,,78,0.008,2m,2.5,1.0,0.8,886,,,,,,,,562.0,0.002,4m,4.0,2.5,0.8,880.0,444.0,0.005,1m,1.5,2.5,1.2000000000000002,130.0,,,,,,,,606.0,0.002,1m,2.5,4.0,1.8,662.0,,,,,,,,0.1,4,COMPLETE
94,94,3.597954303374963,2025-06-15 00:22:53.716204,2025-06-15 00:22:55.039519,0 days 00:00:01.323315,,,,,,,,,,,,,,,,,,,,,,658,0.009000000000000001,2m,2.5,1.0,0.9,24,,,,,,,,614.0,0.002,4m,4.0,2.5,0.7,760.0,442.0,0.001,1m,1.5,2.0,1.2000000000000002,138.0,,,,,,,,,,,,,,,,,,,,,,0.1,3,COMPLETE
95,95,6.095272528384073,2025-06-15 00:22:55.081038,2025-06-15 00:22:56.666929,0 days 00:00:01.585891,,,,,,,,,,,,,,,,,,,,,,76,0.008,2m,2.0,1.5,0.8,810,,,,,,,,438.0,0.001,4m,3.0,2.5,1.0,848.0,378.0,0.003,1m,1.5,2.5,1.3,80.0,,,,,,,,,,,,,,,,,,,,,,0.15000000000000002,3,COMPLETE
96,96,-2.455920352295852,2025-06-15 00:22:56.733928,2025-06-15 00:22:58.717080,0 days 00:00:01.983152,,,,,,,,,,,,,,,,,,,,,,76,0.007,2m,2.5,1.5,0.8,890,,,,,,,,566.0,0.001,4m,4.0,2.5,1.0,840.0,214.0,0.008,1m,1.5,2.5,1.3,48.0,,,,,,,,644.0,0.004,1m,3.5,3.0,1.8,686.0,,,,,,,,0.1,4,COMPLETE
97,97,1.3822074377066436,2025-06-15 00:22:58.764364,2025-06-15 00:22:59.918846,0 days 00:00:01.154482,,,,,,,,,,,,,,,,,,,,,,44,0.01,2m,2.0,3.0,0.8,812,,,,,,,,382.0,0.001,4m,3.0,2.5,1.0,864.0,,,,,,,,,,,,,,,,,,,,,,,,,,,,,0.15000000000000002,2,COMPLETE
98,98,6.216335743022097,2025-06-15 00:22:59.983356,2025-06-15 00:23:01.615155,0 days 00:00:01.631799,,,,,,,,,,,,,,,,,,,,,,822,0.008,2m,3.0,1.5,1.1,944,,,,,,,,668.0,0.002,4m,3.0,2.5,1.1,800.0,384.0,0.002,1m,1.5,2.5,1.4,80.0,,,,,,,,,,,,,,,,,,,,,,0.1,3,COMPLETE
99,99,2.6695125689259815,2025-06-15 00:23:01.668671,2025-06-15 00:23:03.261334,0 days 00:00:01.592663,,,,,,,,,,,,,,,,,,,,,,510,0.008,2m,3.0,1.0,1.1,948,,,,,,,,690.0,0.002,4m,4.0,2.5,1.1,802.0,320.0,0.004,1m,1.5,2.5,1.5,16.0,,,,,,,,,,,,,,,,,,,,,,0.05,3,COMPLETE
100,100,5.794855240596347,2025-06-15 00:23:03.323844,2025-06-15 00:23:05.759971,0 days 00:00:02.436127,,,,,,,,,,,,,,,,,,,,,,894,0.007,2m,3.0,1.5,1.1,904,,,,,,,,652.0,0.001,4m,3.5,2.5,1.3,778.0,386.0,0.009000000000000001,1m,1.5,2.0,1.4,80.0,,,,,,,,304.0,0.005,1m,3.0,3.5,1.6,814.0,666.0,0.002,4m,2.5,2.5,0.7,656.0,0.1,5,COMPLETE
101,101,6.659132320642789,2025-06-15 00:23:05.811977,2025-06-15 00:23:08.435468,0 days 00:00:02.623491,,,,,,,,,,,,,,,,,,,,,,834,0.007,2m,3.0,1.5,1.0,900,,,,,,,,660.0,0.001,4m,3.5,2.5,1.2000000000000002,746.0,388.0,0.009000000000000001,1m,1.5,2.0,1.4,80.0,,,,,,,,280.0,0.005,1m,3.0,3.5,1.6,816.0,626.0,0.002,4m,2.5,2.5,0.7,674.0,0.1,5,COMPLETE
102,102,5.186844502406318,2025-06-15 00:23:08.530979,2025-06-15 00:23:11.153213,0 days 00:00:02.622234,,,,,,,,452.0,0.003,4m,1.0,2.0,0.8,574.0,,,,,,,,924,0.006,2m,3.0,1.5,1.1,970,,,,,,,,668.0,0.001,4m,3.5,2.5,1.3,742.0,386.0,0.009000000000000001,1m,1.5,2.0,1.6,88.0,,,,,,,,292.0,0.005,1m,3.0,3.5,1.6,808.0,630.0,0.002,4m,2.5,2.5,0.7,672.0,0.1,6,COMPLETE
103,103,4.70272713252701,2025-06-15 00:23:11.216722,2025-06-15 00:23:13.934987,0 days 00:00:02.718265,,,,,,,,436.0,0.003,4m,1.0,2.0,0.8,554.0,,,,,,,,910,0.006,2m,3.0,1.5,1.2000000000000002,976,,,,,,,,674.0,0.001,4m,3.5,2.5,1.3,682.0,384.0,0.009000000000000001,1m,1.5,2.0,1.4,80.0,,,,,,,,272.0,0.005,1m,3.0,3.5,1.6,798.0,656.0,0.002,4m,2.5,2.5,0.7,678.0,0.1,6,COMPLETE
104,104,7.193531603920971,2025-06-15 00:23:13.978501,2025-06-15 00:23:16.585485,0 days 00:00:02.606984,,,,,,,,470.0,0.003,4m,1.0,2.0,0.8,556.0,,,,,,,,914,0.006,2m,3.0,1.5,1.2000000000000002,976,,,,,,,,660.0,0.001,4m,3.5,2.5,1.4,686.0,382.0,0.009000000000000001,1m,1.5,2.0,1.6,78.0,,,,,,,,288.0,0.005,1m,3.0,3.5,1.6,824.0,622.0,0.002,4m,2.5,2.5,0.7,676.0,0.1,6,COMPLETE
105,105,1.8711283958526261,2025-06-15 00:23:16.661490,2025-06-15 00:23:19.498429,0 days 00:00:02.836939,,,,,,,,518.0,0.004,4m,1.5,2.0,0.7,550.0,,,,,,,,946,0.006,2m,3.0,1.5,1.1,938,,,,,,,,716.0,0.001,4m,3.5,2.5,1.4,646.0,322.0,0.009000000000000001,1m,1.5,1.5,1.6,110.0,,,,,,,,332.0,0.005,1m,3.0,3.5,1.7000000000000002,842.0,566.0,0.002,4m,2.5,2.5,0.8,554.0,0.1,6,COMPLETE
106,106,3.937479937318389,2025-06-15 00:23:19.585949,2025-06-15 00:23:22.189994,0 days 00:00:02.604045,,,,,,,,,,,,,,,,,,,,,,814,0.006,2m,3.0,1.5,1.2000000000000002,904,,,,,,,,668.0,0.001,4m,3.5,2.5,1.4,746.0,388.0,0.01,1m,2.0,2.0,1.5,56.0,,,,,,,,206.0,0.006,1m,3.0,4.0,1.5,922.0,676.0,0.003,4m,3.0,2.5,0.6,710.0,0.1,5,COMPLETE
107,107,3.9608299120911883,2025-06-15 00:23:22.281520,2025-06-15 00:23:25.634563,0 days 00:00:03.353043,,,,,,,,246.0,0.002,4m,1.0,1.5,1.1,474.0,,,,,,,,918,0.005,2m,3.0,1.5,1.0,1004,,,,,,,,634.0,0.001,4m,3.5,2.5,1.3,608.0,344.0,0.008,1m,1.5,2.0,1.7000000000000002,158.0,782.0,0.003,2m,4.0,3.0,1.5,328.0,426.0,0.006,1m,2.5,3.5,1.6,750.0,520.0,0.001,4m,2.0,2.0,0.8,644.0,0.05,7,COMPLETE
108,108,-1.4630922159712028,2025-06-15 00:23:25.708074,2025-06-15 00:23:28.108369,0 days 00:00:02.400295,,,,,,,,,,,,,,,,,,,,,,836,0.007,2m,3.0,1.5,1.3,982,,,,,,,,574.0,0.002,4m,4.0,2.5,1.5,782.0,274.0,0.009000000000000001,1m,1.5,2.0,1.8,86.0,,,,,,,,320.0,0.004,1m,3.0,3.5,1.7000000000000002,832.0,806.0,0.002,4m,2.5,3.0,0.6,764.0,0.1,5,COMPLETE
109,109,5.316505301100606,2025-06-15 00:23:28.165880,2025-06-15 00:23:31.414693,0 days 00:00:03.248813,,,,,,,,776.0,0.004,4m,2.0,1.5,1.2000000000000002,832.0,,,,,,,,966,0.006,2m,3.0,1.5,1.0,964,,,,,,,,656.0,0.001,4m,3.5,2.5,1.2000000000000002,746.0,300.0,0.01,1m,2.0,1.5,1.6,130.0,,,,,,,,202.0,0.005,1m,2.5,4.0,1.4,674.0,616.0,0.004,4m,3.0,2.5,1.0,516.0,0.1,6,COMPLETE
110,110,3.613021652973085,2025-06-15 00:23:31.468200,2025-06-15 00:23:34.417882,0 days 00:00:02.949682,,,,,,,,790.0,0.004,4m,2.0,1.5,1.2000000000000002,846.0,,,,,,,,1018,0.006,2m,3.0,1.5,1.1,964,,,,,,,,712.0,0.001,4m,3.5,2.5,1.2000000000000002,696.0,298.0,0.01,1m,2.0,1.5,1.6,44.0,,,,,,,,192.0,0.005,1m,3.0,3.0,1.4,922.0,632.0,0.003,4m,3.0,2.5,0.9,514.0,0.05,6,COMPLETE
111,111,4.286895294750742,2025-06-15 00:23:34.499409,2025-06-15 00:23:37.440181,0 days 00:00:02.940772,,,,,,,,562.0,0.004,4m,2.0,2.0,0.8,654.0,,,,,,,,966,0.005,2m,3.0,1.5,1.0,926,,,,,,,,750.0,0.001,4m,3.5,2.5,1.3,742.0,234.0,0.01,1m,1.5,1.5,1.5,126.0,,,,,,,,240.0,0.005,1m,2.5,4.0,1.5,680.0,512.0,0.004,4m,2.5,2.0,0.8,512.0,0.1,6,COMPLETE
112,112,3.9464876145711516,2025-06-15 00:23:37.519699,2025-06-15 00:23:41.089697,0 days 00:00:03.569998,,,,,,,,750.0,0.002,4m,1.0,1.5,1.4,838.0,,,,,,,,890,0.006,2m,3.0,1.5,1.1,870,,,,,,,,660.0,0.002,4m,3.5,2.5,1.2000000000000002,806.0,398.0,0.009000000000000001,1m,1.5,2.0,1.4,170.0,392.0,0.009000000000000001,4m,1.0,3.5,0.5,816.0,150.0,0.004,1m,2.5,4.0,1.6,652.0,708.0,0.002,4m,2.5,3.0,0.6,626.0,0.1,7,COMPLETE
113,113,4.922126545596924,2025-06-15 00:23:41.166694,2025-06-15 00:23:44.060308,0 days 00:00:02.893614,,,,,,,,490.0,0.002,4m,1.5,2.5,0.5,604.0,,,,,,,,990,0.006,2m,3.0,1.5,1.2000000000000002,906,,,,,,,,610.0,0.001,4m,4.0,2.5,1.2000000000000002,732.0,368.0,0.008,1m,1.5,1.0,1.6,76.0,,,,,,,,290.0,0.006,1m,3.0,3.5,1.3,740.0,626.0,0.001,4m,3.0,2.5,1.1,752.0,0.1,6,COMPLETE
114,114,2.1224813362498147,2025-06-15 00:23:44.153830,2025-06-15 00:23:47.270534,0 days 00:00:03.116704,,,,,,,,480.0,0.002,4m,1.5,2.0,0.5,618.0,,,,,,,,974,0.005,2m,3.0,1.5,1.2000000000000002,906,,,,,,,,614.0,0.001,4m,3.5,2.5,1.3,722.0,360.0,0.008,1m,2.0,1.0,1.7000000000000002,72.0,,,,,,,,298.0,0.006,1m,3.0,3.5,1.3,756.0,600.0,0.001,4m,3.0,2.5,1.1,754.0,0.1,6,COMPLETE
115,115,1.2375574058096275,2025-06-15 00:23:47.345567,2025-06-15 00:23:50.203743,0 days 00:00:02.858176,,,,,,,,320.0,0.003,4m,1.5,2.5,0.7,422.0,,,,,,,,990,0.004,2m,3.0,1.5,1.1,1010,,,,,,,,648.0,0.001,4m,3.5,2.5,1.4,770.0,304.0,0.009000000000000001,1m,1.5,1.0,1.8,102.0,,,,,,,,386.0,0.006,1m,3.5,3.5,1.4,832.0,644.0,0.002,4m,2.5,2.5,1.0,698.0,0.05,6,COMPLETE
116,116,5.693734074716434,2025-06-15 00:23:50.273252,2025-06-15 00:23:53.345898,0 days 00:00:03.072646,,,,,,,,,,,,,,,,,,,,,,938,0.006,2m,3.5,1.5,1.4,946,,,,,,,,692.0,0.001,4m,3.5,3.0,1.2000000000000002,736.0,338.0,0.008,1m,1.5,1.5,1.7000000000000002,16.0,,,,,,,,244.0,0.007,1m,3.0,3.0,1.5,972.0,438.0,0.003,4m,3.0,2.5,0.7,860.0,0.1,5,COMPLETE
117,117,-1.9075569840237043,2025-06-15 00:23:53.452420,2025-06-15 00:23:57.909234,0 days 00:00:04.456814,,,,,,,,,,,,,,,,,,,,,,928,0.006,2m,3.5,1.5,1.4,948,,,,,,,,688.0,0.001,4m,3.5,3.0,1.2000000000000002,698.0,352.0,0.008,1m,1.5,1.5,1.7000000000000002,22.0,,,,,,,,256.0,0.007,1m,3.0,3.0,1.5,974.0,416.0,0.003,4m,3.0,2.5,0.7,846.0,0.1,5,COMPLETE
118,118,3.657378259068301,2025-06-15 00:23:58.004746,2025-06-15 00:24:04.109357,0 days 00:00:06.104611,,,,,,,,568.0,0.002,4m,1.0,3.0,0.7,618.0,,,,,,,,852,0.006,2m,3.5,1.5,1.4,968,1002.0,0.01,4m,4.0,2.5,1.2000000000000002,42.0,592.0,0.001,4m,3.5,3.0,1.1,742.0,250.0,0.007,1m,1.5,2.0,1.6,64.0,826.0,0.008,1m,2.5,2.0,0.9,336.0,118.0,0.005,1m,3.0,3.5,1.3,800.0,532.0,0.002,4m,2.5,2.5,0.8,902.0,0.15000000000000002,8,COMPLETE
119,119,-3.182422431691361,2025-06-15 00:24:04.227868,2025-06-15 00:24:07.206619,0 days 00:00:02.978751,,,,,,,,382.0,0.004,4m,2.0,2.5,0.9,822.0,,,,,,,,946,0.006,2m,3.0,1.5,1.2000000000000002,994,,,,,,,,738.0,0.001,4m,4.0,2.5,1.2000000000000002,656.0,426.0,0.01,1m,2.0,1.5,1.9000000000000001,36.0,,,,,,,,182.0,0.007,1m,3.5,3.0,1.5,712.0,732.0,0.003,4m,3.0,2.5,0.7,792.0,0.05,6,COMPLETE
120,120,7.303607743239035,2025-06-15 00:24:07.288130,2025-06-15 00:24:09.719096,0 days 00:00:02.430966,,,,,,,,,,,,,,,,,,,,,,1002,0.005,2m,3.0,1.5,1.0,1024,,,,,,,,774.0,0.002,4m,3.5,3.0,1.3,822.0,370.0,0.009000000000000001,1m,1.5,1.0,1.6,190.0,,,,,,,,226.0,0.006,1m,3.0,3.5,1.6,884.0,448.0,0.001,4m,3.5,3.0,1.1,724.0,0.1,5,COMPLETE
121,121,6.916248672673935,2025-06-15 00:24:09.805616,2025-06-15 00:24:12.334851,0 days 00:00:02.529235,,,,,,,,,,,,,,,,,,,,,,986,0.005,2m,3.0,1.5,1.0,932,,,,,,,,772.0,0.002,4m,3.5,3.0,1.3,828.0,338.0,0.009000000000000001,1m,1.5,1.0,1.6,188.0,,,,,,,,308.0,0.006,1m,3.0,3.5,1.6,880.0,434.0,0.001,4m,3.5,3.0,1.2000000000000002,726.0,0.1,5,COMPLETE
122,122,7.365834094327253,2025-06-15 00:24:12.409876,2025-06-15 00:24:15.033650,0 days 00:00:02.623774,,,,,,,,,,,,,,,,,,,,,,978,0.004,2m,3.0,1.5,1.0,1024,,,,,,,,794.0,0.002,4m,3.5,3.0,1.3,822.0,334.0,0.009000000000000001,1m,1.5,1.0,1.6,192.0,,,,,,,,230.0,0.006,1m,3.0,3.5,1.6,890.0,452.0,0.001,4m,3.5,3.0,1.2000000000000002,724.0,0.1,5,COMPLETE
123,123,8.08766562763439,2025-06-15 00:24:15.103160,2025-06-15 00:24:17.426877,0 days 00:00:02.323717,,,,,,,,,,,,,,,,,,,,,,896,0.003,2m,3.0,1.5,1.0,1020,,,,,,,,896.0,0.002,4m,3.5,3.0,1.3,794.0,334.0,0.009000000000000001,1m,1.5,1.0,1.6,202.0,,,,,,,,202.0,0.006,1m,3.0,3.5,1.6,888.0,434.0,0.001,4m,3.5,3.0,1.2000000000000002,658.0,0.1,5,COMPLETE
124,124,7.381150391977252,2025-06-15 00:24:17.491227,2025-06-15 00:24:19.808033,0 days 00:00:02.316806,,,,,,,,,,,,,,,,,,,,,,898,0.003,2m,3.0,1.5,1.0,1022,,,,,,,,884.0,0.002,4m,3.5,3.0,1.3,818.0,340.0,0.009000000000000001,1m,1.5,1.0,1.6,192.0,,,,,,,,230.0,0.006,1m,3.0,3.5,1.6,886.0,452.0,0.001,4m,3.5,3.0,1.2000000000000002,652.0,0.1,5,COMPLETE
125,125,7.2228345707422426,2025-06-15 00:24:19.883049,2025-06-15 00:24:22.195958,0 days 00:00:02.312909,,,,,,,,,,,,,,,,,,,,,,898,0.003,2m,3.0,1.5,1.0,1024,,,,,,,,898.0,0.002,4m,3.5,3.0,1.5,822.0,332.0,0.009000000000000001,1m,1.5,1.0,1.7000000000000002,180.0,,,,,,,,234.0,0.006,1m,3.0,3.5,1.7000000000000002,888.0,434.0,0.001,4m,3.5,3.0,1.2000000000000002,580.0,0.1,5,COMPLETE
126,126,7.942141634891333,2025-06-15 00:24:22.259957,2025-06-15 00:24:24.665861,0 days 00:00:02.405904,,,,,,,,,,,,,,,,,,,,,,900,0.003,2m,3.0,1.5,1.0,1002,,,,,,,,894.0,0.002,4m,3.5,3.5,1.4,824.0,332.0,0.009000000000000001,1m,1.5,1.0,1.7000000000000002,208.0,,,,,,,,240.0,0.006,1m,3.0,3.5,1.7000000000000002,890.0,440.0,0.001,4m,3.5,3.0,1.2000000000000002,582.0,0.05,5,COMPLETE
