,number,value,datetime_start,datetime_complete,duration,params_ADSK_DOCU_beta_win,params_ADSK_DOCU_stop_loss,params_ADSK_DOCU_trade_freq,params_ADSK_DOCU_z_entry,params_ADSK_DOCU_z_exit,params_ADSK_DOCU_z_stop_scaler,params_ADSK_DOCU_z_win,params_ALGN_DOCU_beta_win,params_ALGN_DOCU_stop_loss,params_ALGN_DOCU_trade_freq,params_ALGN_DOCU_z_entry,params_ALGN_DOCU_z_exit,params_ALGN_DOCU_z_stop_scaler,params_ALGN_DOCU_z_win,params_AMAT_DOCU_beta_win,params_AMAT_DOCU_stop_loss,params_AMAT_DOCU_trade_freq,params_AMAT_DOCU_z_entry,params_AMAT_DOCU_z_exit,params_AMAT_DOCU_z_stop_scaler,params_AMAT_DOCU_z_win,params_ANSS_DOCU_beta_win,params_ANSS_DOCU_stop_loss,params_ANSS_DOCU_trade_freq,params_ANSS_DOCU_z_entry,params_ANSS_DOCU_z_exit,params_ANSS_DOCU_z_stop_scaler,params_ANSS_DOCU_z_win,params_ASML_DOCU_beta_win,params_ASML_DOCU_stop_loss,params_ASML_DOCU_trade_freq,params_ASML_DOCU_z_entry,params_ASML_DOCU_z_exit,params_ASML_DOCU_z_stop_scaler,params_ASML_DOCU_z_win,params_BIIB_DOCU_beta_win,params_BIIB_DOCU_stop_loss,params_BIIB_DOCU_trade_freq,params_BIIB_DOCU_z_entry,params_BIIB_DOCU_z_exit,params_BIIB_DOCU_z_stop_scaler,params_BIIB_DOCU_z_win,params_CPRT_DOCU_beta_win,params_CPRT_DOCU_stop_loss,params_CPRT_DOCU_trade_freq,params_CPRT_DOCU_z_entry,params_CPRT_DOCU_z_exit,params_CPRT_DOCU_z_stop_scaler,params_CPRT_DOCU_z_win,params_EBAY_DOCU_beta_win,params_EBAY_DOCU_stop_loss,params_EBAY_DOCU_trade_freq,params_EBAY_DOCU_z_entry,params_EBAY_DOCU_z_exit,params_EBAY_DOCU_z_stop_scaler,params_EBAY_DOCU_z_win,params_MTCH_DOCU_beta_win,params_MTCH_DOCU_stop_loss,params_MTCH_DOCU_trade_freq,params_MTCH_DOCU_z_entry,params_MTCH_DOCU_z_exit,params_MTCH_DOCU_z_stop_scaler,params_MTCH_DOCU_z_win,params_SBUX_DOCU_beta_win,params_SBUX_DOCU_stop_loss,params_SBUX_DOCU_trade_freq,params_SBUX_DOCU_z_entry,params_SBUX_DOCU_z_exit,params_SBUX_DOCU_z_stop_scaler,params_SBUX_DOCU_z_win,params_buffer_capital,params_pairs_to_trade,state
142,142,5.18145252316854,2025-06-15 01:02:12.743433,2025-06-15 01:02:18.173317,0 days 00:00:05.429884,806,0.002,2m,2.5,4.0,1.4,710,888.0,0.004,2m,1.0,1.0,1.3,1002.0,650.0,0.001,2m,1.5,2.5,0.5,890.0,46.0,0.009000000000000001,4m,3.5,2.5,2.0,166.0,592.0,0.002,2m,2.5,1.0,0.9,952.0,384.0,0.004,3m,4.0,4.0,1.0,372.0,862.0,0.008,4m,4.0,2.5,1.4,172.0,468.0,0.008,3m,2.5,2.0,0.9,728.0,78.0,0.001,4m,2.5,3.0,1.8,110.0,642.0,0.002,4m,3.0,4.0,1.2000000000000002,408.0,0.1,10,COMPLETE
143,143,6.051141752367673,2025-06-15 01:02:18.253846,2025-06-15 01:02:23.442895,0 days 00:00:05.189049,852,0.002,3m,2.5,4.0,1.3,786,970.0,0.003,2m,1.0,1.5,1.3,978.0,280.0,0.001,2m,1.0,2.5,0.6,946.0,230.0,0.008,4m,3.5,2.5,1.9000000000000001,244.0,1004.0,0.005,2m,2.5,1.0,0.9,890.0,170.0,0.004,3m,4.0,3.5,1.2000000000000002,426.0,500.0,0.006,4m,2.5,3.0,1.3,284.0,824.0,0.008,3m,2.5,2.0,1.0,418.0,612.0,0.001,4m,2.5,3.0,1.6,42.0,522.0,0.003,4m,3.0,4.0,0.8,396.0,0.05,10,COMPLETE
144,144,5.842267511193814,2025-06-15 01:02:23.509898,2025-06-15 01:02:28.717547,0 days 00:00:05.207649,768,0.001,2m,2.5,4.0,1.3,746,902.0,0.003,2m,1.0,1.0,1.2000000000000002,958.0,598.0,0.001,4m,1.5,2.5,0.7,920.0,78.0,0.008,4m,3.5,2.5,2.0,978.0,928.0,0.005,2m,2.5,1.0,0.7,862.0,334.0,0.005,3m,1.5,3.5,0.9,906.0,1020.0,0.008,4m,2.5,2.5,1.2000000000000002,180.0,938.0,0.008,3m,2.5,2.0,1.1,554.0,588.0,0.001,4m,2.5,3.0,1.7000000000000002,888.0,618.0,0.002,4m,3.0,4.0,1.5,438.0,0.05,10,COMPLETE
145,145,1.6065378539934803,2025-06-15 01:02:28.804549,2025-06-15 01:02:31.939878,0 days 00:00:03.135329,840,0.002,2m,3.0,4.0,0.5,692,838.0,0.003,2m,1.0,1.0,1.5,1004.0,,,,,,,,170.0,0.007,4m,3.0,2.5,2.0,142.0,898.0,0.003,2m,2.5,1.0,0.8,980.0,,,,,,,,,,,,,,,,,,,,,,564.0,0.001,4m,2.5,3.0,1.6,90.0,732.0,0.003,4m,3.5,4.0,0.9,526.0,0.1,6,COMPLETE
146,146,1.3805513731453585,2025-06-15 01:02:31.996879,2025-06-15 01:02:37.235043,0 days 00:00:05.238164,784,0.003,2m,2.5,4.0,1.4,770,876.0,0.002,2m,1.5,2.5,1.3,114.0,632.0,0.001,4m,1.0,2.5,0.6,1008.0,534.0,0.008,4m,3.5,2.5,1.9000000000000001,220.0,966.0,0.005,3m,2.5,1.0,0.9,930.0,444.0,0.005,2m,4.0,3.5,0.9,474.0,542.0,0.009000000000000001,2m,2.0,3.0,1.4,236.0,820.0,0.001,1m,3.0,1.0,0.9,624.0,532.0,0.001,4m,2.5,3.0,1.5,132.0,664.0,0.003,4m,3.0,4.0,0.5,424.0,0.05,10,COMPLETE
147,147,9.733695630287098,2025-06-15 01:02:37.339072,2025-06-15 01:02:42.270212,0 days 00:00:04.931140,880,0.002,3m,2.5,4.0,1.3,806,758.0,0.002,2m,3.5,3.0,1.4,926.0,532.0,0.001,4m,1.5,2.5,0.5,968.0,284.0,0.007,4m,3.5,2.0,2.0,194.0,988.0,0.004,2m,2.5,1.0,1.0,968.0,562.0,0.004,3m,3.5,4.0,1.0,334.0,476.0,0.009000000000000001,4m,4.0,3.0,0.5,144.0,,,,,,,,660.0,0.001,4m,2.5,3.5,1.7000000000000002,68.0,570.0,0.003,3m,3.0,1.0,0.7,462.0,0.05,9,COMPLETE
148,148,2.3673005502490168,2025-06-15 01:02:42.369237,2025-06-15 01:02:47.252320,0 days 00:00:04.883083,918,0.002,3m,2.5,3.5,1.3,838,988.0,0.003,4m,3.5,1.5,1.4,934.0,470.0,0.002,1m,1.5,2.5,0.5,946.0,282.0,0.007,4m,3.5,2.0,1.9000000000000001,876.0,1022.0,0.004,2m,2.5,1.5,0.9,916.0,564.0,0.004,3m,3.0,4.0,1.0,332.0,162.0,0.007,4m,4.0,3.0,0.5,132.0,,,,,,,,660.0,0.001,4m,2.5,3.5,1.8,178.0,904.0,0.002,3m,3.0,1.0,0.8,600.0,0.1,9,COMPLETE
149,149,2.6124672173595154,2025-06-15 01:02:47.325344,2025-06-15 01:02:52.206872,0 days 00:00:04.881528,954,0.003,3m,2.5,4.0,1.4,618,922.0,0.002,2m,4.0,3.0,1.4,904.0,190.0,0.001,4m,1.5,2.5,0.5,998.0,196.0,0.009000000000000001,4m,4.0,2.0,1.0,918.0,990.0,0.004,2m,2.0,1.0,0.6,262.0,488.0,0.003,3m,3.5,4.0,1.1,542.0,880.0,0.009000000000000001,4m,4.0,2.5,0.6,158.0,,,,,,,,994.0,0.001,4m,4.0,3.5,1.7000000000000002,58.0,694.0,0.003,3m,3.5,2.0,0.7,478.0,0.05,9,COMPLETE
