,number,value,datetime_start,datetime_complete,duration,params_AAPL_KDP_beta_win,params_AAPL_KDP_stop_loss,params_AAPL_KDP_trade_freq,params_AAPL_KDP_z_entry,params_AAPL_KDP_z_exit,params_AAPL_KDP_z_stop_scaler,params_AAPL_KDP_z_win,params_ADSK_PCAR_beta_win,params_ADSK_PCAR_stop_loss,params_ADSK_PCAR_trade_freq,params_ADSK_PCAR_z_entry,params_ADSK_PCAR_z_exit,params_ADSK_PCAR_z_stop_scaler,params_ADSK_PCAR_z_win,params_ANSS_KDP_beta_win,params_ANSS_KDP_stop_loss,params_ANSS_KDP_trade_freq,params_ANSS_KDP_z_entry,params_ANSS_KDP_z_exit,params_ANSS_KDP_z_stop_scaler,params_ANSS_KDP_z_win,params_CSCO_WDAY_beta_win,params_CSCO_WDAY_stop_loss,params_CSCO_WDAY_trade_freq,params_CSCO_WDAY_z_entry,params_CSCO_WDAY_z_exit,params_CSCO_WDAY_z_stop_scaler,params_CSCO_WDAY_z_win,params_EA_NTES_beta_win,params_EA_NTES_stop_loss,params_EA_NTES_trade_freq,params_EA_NTES_z_entry,params_EA_NTES_z_exit,params_EA_NTES_z_stop_scaler,params_EA_NTES_z_win,params_EBAY_KDP_beta_win,params_EBAY_KDP_stop_loss,params_EBAY_KDP_trade_freq,params_EBAY_KDP_z_entry,params_EBAY_KDP_z_exit,params_EBAY_KDP_z_stop_scaler,params_EBAY_KDP_z_win,params_IDXX_ISRG_beta_win,params_IDXX_ISRG_stop_loss,params_IDXX_ISRG_trade_freq,params_IDXX_ISRG_z_entry,params_IDXX_ISRG_z_exit,params_IDXX_ISRG_z_stop_scaler,params_IDXX_ISRG_z_win,params_OKTA_KDP_beta_win,params_OKTA_KDP_stop_loss,params_OKTA_KDP_trade_freq,params_OKTA_KDP_z_entry,params_OKTA_KDP_z_exit,params_OKTA_KDP_z_stop_scaler,params_OKTA_KDP_z_win,params_SWKS_ANSS_beta_win,params_SWKS_ANSS_stop_loss,params_SWKS_ANSS_trade_freq,params_SWKS_ANSS_z_entry,params_SWKS_ANSS_z_exit,params_SWKS_ANSS_z_stop_scaler,params_SWKS_ANSS_z_win,params_ZS_KDP_beta_win,params_ZS_KDP_stop_loss,params_ZS_KDP_trade_freq,params_ZS_KDP_z_entry,params_ZS_KDP_z_exit,params_ZS_KDP_z_stop_scaler,params_ZS_KDP_z_win,params_buffer_capital,params_pairs_to_trade,state
64,64,8.80115908570122,2025-06-15 00:56:42.205600,2025-06-15 00:56:42.821713,0 days 00:00:00.616113,,,,,,,,,,,,,,,,,,,,,,,,,,,,,782,0.005,4m,1.0,2.5,1.6,522,,,,,,,,,,,,,,,,,,,,,,,,,,,,,,,,,,,,0.05,1,COMPLETE
65,65,0.8521475687467942,2025-06-15 00:56:42.887717,2025-06-15 00:56:44.001491,0 days 00:00:01.113774,818.0,0.009000000000000001,2m,2.0,2.5,1.9000000000000001,738.0,,,,,,,,,,,,,,,,,,,,,,926,0.003,1m,1.0,2.0,1.3,584,,,,,,,,,,,,,,,,,,,,,,,,,,,,,,,,,,,,0.1,2,COMPLETE
66,66,-4.117056182800042,2025-06-15 00:56:44.057490,2025-06-15 00:56:45.093680,0 days 00:00:01.036190,626.0,0.01,2m,2.5,1.5,0.6,860.0,,,,,,,,,,,,,,,,,,,,,,846,0.006,2m,1.5,3.0,1.4,394,,,,,,,,,,,,,,,,,,,,,,,,,,,,,,,,,,,,0.05,2,COMPLETE
67,67,4.047263937194979,2025-06-15 00:56:45.150193,2025-06-15 00:56:45.796328,0 days 00:00:00.646135,,,,,,,,,,,,,,,,,,,,,,,,,,,,,702,0.007,4m,1.0,2.5,1.5,426,,,,,,,,,,,,,,,,,,,,,,,,,,,,,,,,,,,,0.1,1,COMPLETE
68,68,5.216731502661774,2025-06-15 00:56:45.838836,2025-06-15 00:56:46.421359,0 days 00:00:00.582523,,,,,,,,,,,,,,,,,,,,,,,,,,,,,892,0.005,4m,1.5,1.0,1.0,558,,,,,,,,,,,,,,,,,,,,,,,,,,,,,,,,,,,,0.15000000000000002,1,COMPLETE
69,69,5.534515289106862,2025-06-15 00:56:46.480358,2025-06-15 00:56:47.534106,0 days 00:00:01.053748,726.0,0.002,1m,1.5,2.0,1.2000000000000002,1004.0,,,,,,,,,,,,,,,,,,,,,,672,0.006,4m,1.0,2.0,1.7000000000000002,506,,,,,,,,,,,,,,,,,,,,,,,,,,,,,,,,,,,,0.1,2,COMPLETE
70,70,0.1294019670241655,2025-06-15 00:56:47.606625,2025-06-15 00:56:48.727407,0 days 00:00:01.120782,530.0,0.005,3m,3.0,1.0,0.7,572.0,,,,,,,,,,,,,,,,,,,,,,750,0.007,4m,4.0,2.0,1.3,284,,,,,,,,,,,,,,,,,,,,,,,,,,,,,,,,,,,,0.05,2,COMPLETE
71,71,9.445058443344843,2025-06-15 00:56:48.811924,2025-06-15 00:56:49.376023,0 days 00:00:00.564099,,,,,,,,,,,,,,,,,,,,,,,,,,,,,828,0.006,4m,1.0,2.0,1.2000000000000002,464,,,,,,,,,,,,,,,,,,,,,,,,,,,,,,,,,,,,0.05,1,COMPLETE
72,72,8.767784047875699,2025-06-15 00:56:49.444538,2025-06-15 00:56:50.021773,0 days 00:00:00.577235,,,,,,,,,,,,,,,,,,,,,,,,,,,,,870,0.006,4m,1.0,2.0,1.1,464,,,,,,,,,,,,,,,,,,,,,,,,,,,,,,,,,,,,0.05,1,COMPLETE
73,73,7.847655842815737,2025-06-15 00:56:50.096781,2025-06-15 00:56:50.774400,0 days 00:00:00.677619,,,,,,,,,,,,,,,,,,,,,,,,,,,,,800,0.007,4m,1.0,2.5,1.4,382,,,,,,,,,,,,,,,,,,,,,,,,,,,,,,,,,,,,0.1,1,COMPLETE
74,74,8.258543378609655,2025-06-15 00:56:50.842485,2025-06-15 00:56:51.420617,0 days 00:00:00.578132,,,,,,,,,,,,,,,,,,,,,,,,,,,,,846,0.006,4m,1.0,1.5,1.2000000000000002,598,,,,,,,,,,,,,,,,,,,,,,,,,,,,,,,,,,,,0.05,1,COMPLETE
75,75,-6.522949958730349,2025-06-15 00:56:51.493623,2025-06-15 00:56:52.691374,0 days 00:00:01.197751,1010.0,0.007,2m,1.5,1.5,1.9000000000000001,482.0,,,,,,,,,,,,,,,,,,,,,,718,0.005,3m,1.5,2.0,1.0,496,,,,,,,,,,,,,,,,,,,,,,,,,,,,,,,,,,,,0.05,2,COMPLETE
76,76,5.872531058302577,2025-06-15 00:56:52.812917,2025-06-15 00:56:53.926448,0 days 00:00:01.113531,346.0,0.008,2m,2.5,2.5,1.8,552.0,,,,,,,,,,,,,,,,,,,,,,972,0.007,4m,1.0,1.5,1.3,532,,,,,,,,,,,,,,,,,,,,,,,,,,,,,,,,,,,,0.1,2,COMPLETE
77,77,6.157153280647038,2025-06-15 00:56:54.009959,2025-06-15 00:56:54.999644,0 days 00:00:00.989685,,,,,,,,,,,,,,,,,,,,,,,,,,,,,902,0.006,4m,1.0,2.0,1.1,450,,,,,,,,,,,,,,,,,,,,,,,,,,,,,,,,,,,,0.15000000000000002,1,COMPLETE
78,78,-0.8228961196212625,2025-06-15 00:56:55.103669,2025-06-15 00:56:57.003537,0 days 00:00:01.899868,234.0,0.01,1m,2.0,2.0,1.0,458.0,,,,,,,,,,,,,,,,,,,,,,340,0.007,4m,1.5,1.0,1.2000000000000002,410,,,,,,,,,,,,,,,,,,,,,,,,,,,,,,,,,,,,0.1,2,COMPLETE
79,79,6.560100550673276,2025-06-15 00:56:57.096548,2025-06-15 00:56:59.777626,0 days 00:00:02.681078,654.0,0.008,2m,3.0,2.5,1.6,618.0,110.0,0.003,3m,4.0,1.0,1.7000000000000002,362.0,,,,,,,,,,,,,,,926,0.005,4m,1.0,2.5,1.4,570,,,,,,,,,,,,,,,,,,,,,,,,,,,,,,,,,,,,0.05,3,COMPLETE
80,80,-1.2084422081191646,2025-06-15 00:56:59.876144,2025-06-15 00:57:00.880321,0 days 00:00:01.004177,,,,,,,,,,,,,,,,,,,,,,,,,,,,,788,0.006,1m,1.0,3.0,1.0,306,,,,,,,,,,,,,,,,,,,,,,,,,,,,,,,,,,,,0.15000000000000002,1,COMPLETE
81,81,9.506620096681655,2025-06-15 00:57:00.969835,2025-06-15 00:57:01.968015,0 days 00:00:00.998180,,,,,,,,,,,,,,,,,,,,,,,,,,,,,824,0.006,4m,1.0,2.0,1.2000000000000002,482,,,,,,,,,,,,,,,,,,,,,,,,,,,,,,,,,,,,0.05,1,COMPLETE
82,82,9.944492723325775,2025-06-15 00:57:02.074529,2025-06-15 00:57:02.988193,0 days 00:00:00.913664,,,,,,,,,,,,,,,,,,,,,,,,,,,,,832,0.006,4m,1.0,2.0,1.1,494,,,,,,,,,,,,,,,,,,,,,,,,,,,,,,,,,,,,0.05,1,COMPLETE
83,83,8.899995871426427,2025-06-15 00:57:03.079732,2025-06-15 00:57:03.693314,0 days 00:00:00.613582,,,,,,,,,,,,,,,,,,,,,,,,,,,,,876,0.006,4m,1.0,2.0,1.1,360,,,,,,,,,,,,,,,,,,,,,,,,,,,,,,,,,,,,0.05,1,COMPLETE
84,84,9.969390339063423,2025-06-15 00:57:03.760330,2025-06-15 00:57:04.407260,0 days 00:00:00.646930,,,,,,,,,,,,,,,,,,,,,,,,,,,,,840,0.007,4m,1.0,2.0,1.3,548,,,,,,,,,,,,,,,,,,,,,,,,,,,,,,,,,,,,0.05,1,COMPLETE
85,85,-5.21900429377751,2025-06-15 00:57:04.473263,2025-06-15 00:57:05.125219,0 days 00:00:00.651956,,,,,,,,,,,,,,,,,,,,,,,,,,,,,764,0.007,2m,1.0,2.0,1.1,622,,,,,,,,,,,,,,,,,,,,,,,,,,,,,,,,,,,,0.05,1,COMPLETE
86,86,5.92742808158507,2025-06-15 00:57:05.188219,2025-06-15 00:57:05.789321,0 days 00:00:00.601102,,,,,,,,,,,,,,,,,,,,,,,,,,,,,854,0.007,4m,1.5,2.0,1.2000000000000002,532,,,,,,,,,,,,,,,,,,,,,,,,,,,,,,,,,,,,0.05,1,COMPLETE
87,87,-5.70529962439384,2025-06-15 00:57:05.854835,2025-06-15 00:57:06.435432,0 days 00:00:00.580597,,,,,,,,,,,,,,,,,,,,,,,,,,,,,122,0.007,4m,2.5,2.0,1.3,652,,,,,,,,,,,,,,,,,,,,,,,,,,,,,,,,,,,,0.05,1,COMPLETE
88,88,5.821455414789028,2025-06-15 00:57:06.519956,2025-06-15 00:57:07.083052,0 days 00:00:00.563096,,,,,,,,,,,,,,,,,,,,,,,,,,,,,944,0.008,4m,1.0,2.0,1.0,566,,,,,,,,,,,,,,,,,,,,,,,,,,,,,,,,,,,,0.05,1,COMPLETE
89,89,-4.251258294176059,2025-06-15 00:57:07.151587,2025-06-15 00:57:08.084177,0 days 00:00:00.932590,190.0,0.001,3m,1.0,1.0,0.8,46.0,,,,,,,,,,,,,,,,,,,,,,990,0.005,4m,1.0,2.0,1.1,498,,,,,,,,,,,,,,,,,,,,,,,,,,,,,,,,,,,,0.1,2,COMPLETE
90,90,3.0059750821334115,2025-06-15 00:57:08.142540,2025-06-15 00:57:08.792269,0 days 00:00:00.649729,,,,,,,,,,,,,,,,,,,,,,,,,,,,,836,0.007,3m,1.0,1.5,1.2000000000000002,682,,,,,,,,,,,,,,,,,,,,,,,,,,,,,,,,,,,,0.3,1,COMPLETE
91,91,2.6068561548237614,2025-06-15 00:57:08.866780,2025-06-15 00:57:09.489359,0 days 00:00:00.622579,,,,,,,,,,,,,,,,,,,,,,,,,,,,,798,0.006,4m,1.0,2.5,1.3,18,,,,,,,,,,,,,,,,,,,,,,,,,,,,,,,,,,,,0.05,1,COMPLETE
92,92,7.389491185908842,2025-06-15 00:57:09.561876,2025-06-15 00:57:10.226053,0 days 00:00:00.664177,,,,,,,,,,,,,,,,,,,,,,,,,,,,,886,0.006,4m,1.0,2.0,1.4,440,,,,,,,,,,,,,,,,,,,,,,,,,,,,,,,,,,,,0.05,1,COMPLETE
93,93,9.483767723000119,2025-06-15 00:57:10.310568,2025-06-15 00:57:10.899845,0 days 00:00:00.589277,,,,,,,,,,,,,,,,,,,,,,,,,,,,,830,0.006,4m,1.0,2.0,1.3,548,,,,,,,,,,,,,,,,,,,,,,,,,,,,,,,,,,,,0.05,1,COMPLETE
94,94,8.836257413118773,2025-06-15 00:57:10.964358,2025-06-15 00:57:13.227560,0 days 00:00:02.263202,242.0,0.002,1m,1.5,4.0,0.6,732.0,286.0,0.001,4m,1.5,4.0,2.0,564.0,252.0,0.008,2m,1.0,1.5,1.8,984.0,,,,,,,,742,0.005,4m,1.0,2.0,1.2000000000000002,538,,,,,,,,,,,,,,,,,,,,,,,,,,,,,94.0,0.004,2m,3.5,3.5,0.6,174.0,0.05,5,COMPLETE
95,95,7.781625804453043,2025-06-15 00:57:13.308566,2025-06-15 00:57:13.958752,0 days 00:00:00.650186,,,,,,,,,,,,,,,,,,,,,,,,,,,,,828,0.006,4m,1.0,2.0,1.3,598,,,,,,,,,,,,,,,,,,,,,,,,,,,,,,,,,,,,0.1,1,COMPLETE
96,96,0.05110656944384639,2025-06-15 00:57:14.029268,2025-06-15 00:57:15.151947,0 days 00:00:01.122679,384.0,0.003,3m,2.0,1.0,0.9,936.0,,,,,,,,,,,,,,,,,,,,,,472,0.006,4m,1.5,1.5,0.8,508,,,,,,,,,,,,,,,,,,,,,,,,,,,,,,,,,,,,0.05,2,COMPLETE
97,97,-1.4544888138887913,2025-06-15 00:57:15.234974,2025-06-15 00:57:15.805084,0 days 00:00:00.570110,,,,,,,,,,,,,,,,,,,,,,,,,,,,,20,0.007,4m,1.0,2.0,1.4,548,,,,,,,,,,,,,,,,,,,,,,,,,,,,,,,,,,,,0.1,1,COMPLETE
98,98,6.082447882303244,2025-06-15 00:57:15.854608,2025-06-15 00:57:16.430241,0 days 00:00:00.575633,,,,,,,,,,,,,,,,,,,,,,,,,,,,,918,0.005,4m,1.0,2.0,1.5,488,,,,,,,,,,,,,,,,,,,,,,,,,,,,,,,,,,,,0.05,1,COMPLETE
99,99,2.3511827574446835,2025-06-15 00:57:16.496245,2025-06-15 00:57:17.483444,0 days 00:00:00.987199,536.0,0.004,1m,1.5,1.5,1.3,998.0,,,,,,,,,,,,,,,,,,,,,,774,0.008,4m,1.5,2.0,1.1,406,,,,,,,,,,,,,,,,,,,,,,,,,,,,,,,,,,,,0.05,2,COMPLETE
100,100,-7.617723950176414,2025-06-15 00:57:17.553973,2025-06-15 00:57:18.153487,0 days 00:00:00.599514,,,,,,,,,,,,,,,,,,,,,,,,,,,,,866,0.006,2m,1.0,1.0,0.9,630,,,,,,,,,,,,,,,,,,,,,,,,,,,,,,,,,,,,0.1,1,COMPLETE
101,101,9.421990574842143,2025-06-15 00:57:18.215003,2025-06-15 00:57:18.823125,0 days 00:00:00.608122,,,,,,,,,,,,,,,,,,,,,,,,,,,,,828,0.006,4m,1.0,2.5,1.3,462,,,,,,,,,,,,,,,,,,,,,,,,,,,,,,,,,,,,0.05,1,COMPLETE
102,102,9.30369702877481,2025-06-15 00:57:18.899130,2025-06-15 00:57:19.513301,0 days 00:00:00.614171,,,,,,,,,,,,,,,,,,,,,,,,,,,,,838,0.006,4m,1.0,2.5,1.3,448,,,,,,,,,,,,,,,,,,,,,,,,,,,,,,,,,,,,0.05,1,COMPLETE
103,103,10.377550988655841,2025-06-15 00:57:19.577300,2025-06-15 00:57:20.238962,0 days 00:00:00.661662,,,,,,,,,,,,,,,,,,,,,,,,,,,,,796,0.006,4m,1.0,3.0,1.2000000000000002,580,,,,,,,,,,,,,,,,,,,,,,,,,,,,,,,,,,,,0.05,1,COMPLETE
104,104,8.906047685681973,2025-06-15 00:57:20.318482,2025-06-15 00:57:20.953704,0 days 00:00:00.635222,,,,,,,,,,,,,,,,,,,,,,,,,,,,,794,0.007,4m,1.0,3.5,1.2000000000000002,518,,,,,,,,,,,,,,,,,,,,,,,,,,,,,,,,,,,,0.05,1,COMPLETE
105,105,4.847335303920394,2025-06-15 00:57:21.021216,2025-06-15 00:57:22.022379,0 days 00:00:01.001163,284.0,0.009000000000000001,3m,1.0,2.0,1.2000000000000002,134.0,,,,,,,,,,,,,,,,,,,,,,890,0.006,4m,1.0,3.0,1.2000000000000002,582,,,,,,,,,,,,,,,,,,,,,,,,,,,,,,,,,,,,0.1,2,COMPLETE
106,106,8.270067946123085,2025-06-15 00:57:22.065378,2025-06-15 00:57:22.717482,0 days 00:00:00.652104,,,,,,,,,,,,,,,,,,,,,,,,,,,,,766,0.005,4m,1.0,2.0,1.2000000000000002,552,,,,,,,,,,,,,,,,,,,,,,,,,,,,,,,,,,,,0.05,1,COMPLETE
107,107,8.433396998777273,2025-06-15 00:57:22.786000,2025-06-15 00:57:23.812210,0 days 00:00:01.026210,450.0,0.005,1m,2.5,1.0,1.0,804.0,,,,,,,,,,,,,,,,,,,,,,858,0.007,4m,1.0,3.0,1.1,608,,,,,,,,,,,,,,,,,,,,,,,,,,,,,,,,,,,,0.05,2,COMPLETE
108,108,5.421378744744651,2025-06-15 00:57:23.883719,2025-06-15 00:57:24.577496,0 days 00:00:00.693777,,,,,,,,,,,,,,,,,,,,,,,,,,,,,908,0.006,4m,1.0,2.0,1.0,484,,,,,,,,,,,,,,,,,,,,,,,,,,,,,,,,,,,,0.1,1,COMPLETE
109,109,-2.095197861871633,2025-06-15 00:57:24.643011,2025-06-15 00:57:28.847928,0 days 00:00:04.204917,148.0,0.004,3m,4.0,1.5,1.4,856.0,334.0,0.005,2m,2.5,3.5,0.6,284.0,510.0,0.01,4m,1.5,1.5,1.4,844.0,484.0,0.001,2m,1.0,4.0,1.2000000000000002,958.0,602,0.005,1m,1.0,3.5,1.4,422,406.0,0.008,4m,4.0,2.5,1.5,852.0,38.0,0.003,2m,1.0,2.0,0.9,706.0,,,,,,,,440.0,0.009000000000000001,3m,2.0,3.5,0.7,828.0,344.0,0.002,3m,4.0,4.0,1.1,892.0,0.05,9,COMPLETE
110,110,2.521426834348445,2025-06-15 00:57:28.914935,2025-06-15 00:57:30.087114,0 days 00:00:01.172179,348.0,0.007,1m,2.0,3.0,0.7,280.0,,,,,,,,,,,,,,,,,,,,,,806,0.001,4m,1.5,1.5,1.3,570,,,,,,,,,,,,,,,,,,,,,,,,,,,,,,,,,,,,0.1,2,COMPLETE
111,111,9.328619369264766,2025-06-15 00:57:30.154629,2025-06-15 00:57:30.815746,0 days 00:00:00.661117,,,,,,,,,,,,,,,,,,,,,,,,,,,,,834,0.006,4m,1.0,2.5,1.3,462,,,,,,,,,,,,,,,,,,,,,,,,,,,,,,,,,,,,0.05,1,COMPLETE
112,112,5.169560534587918,2025-06-15 00:57:30.881259,2025-06-15 00:57:31.443875,0 days 00:00:00.562616,,,,,,,,,,,,,,,,,,,,,,,,,,,,,722,0.006,4m,1.0,2.0,1.2000000000000002,510,,,,,,,,,,,,,,,,,,,,,,,,,,,,,,,,,,,,0.05,1,COMPLETE
113,113,9.958281122172407,2025-06-15 00:57:31.487874,2025-06-15 00:57:32.106509,0 days 00:00:00.618635,,,,,,,,,,,,,,,,,,,,,,,,,,,,,818,0.006,4m,1.0,2.5,1.3,532,,,,,,,,,,,,,,,,,,,,,,,,,,,,,,,,,,,,0.05,1,COMPLETE
114,114,7.89164731469958,2025-06-15 00:57:32.173018,2025-06-15 00:57:32.803126,0 days 00:00:00.630108,,,,,,,,,,,,,,,,,,,,,,,,,,,,,878,0.006,4m,1.0,3.0,1.2000000000000002,534,,,,,,,,,,,,,,,,,,,,,,,,,,,,,,,,,,,,0.05,1,COMPLETE
115,115,8.047781627126964,2025-06-15 00:57:32.889649,2025-06-15 00:57:33.511986,0 days 00:00:00.622337,,,,,,,,,,,,,,,,,,,,,,,,,,,,,750,0.007,4m,1.0,2.0,1.3,490,,,,,,,,,,,,,,,,,,,,,,,,,,,,,,,,,,,,0.05,1,COMPLETE
116,116,9.15179187419948,2025-06-15 00:57:33.569493,2025-06-15 00:57:34.153867,0 days 00:00:00.584374,,,,,,,,,,,,,,,,,,,,,,,,,,,,,790,0.006,4m,1.0,4.0,1.4,548,,,,,,,,,,,,,,,,,,,,,,,,,,,,,,,,,,,,0.05,1,COMPLETE
117,117,4.399346081660878,2025-06-15 00:57:34.220376,2025-06-15 00:57:34.839471,0 days 00:00:00.619095,,,,,,,,,,,,,,,,,,,,,,,,,,,,,854,0.007,3m,1.0,2.0,1.1,652,,,,,,,,,,,,,,,,,,,,,,,,,,,,,,,,,,,,0.1,1,COMPLETE
118,118,8.818291338925652,2025-06-15 00:57:34.905474,2025-06-15 00:57:36.050628,0 days 00:00:01.145154,450.0,0.001,2m,3.0,2.0,1.5,532.0,,,,,,,,,,,,,,,,,,,,,,806,0.006,4m,1.0,2.5,0.9,524,,,,,,,,,,,,,,,,,,,,,,,,,,,,,,,,,,,,0.4,2,COMPLETE
119,119,10.749016105128131,2025-06-15 00:57:36.141138,2025-06-15 00:57:37.121341,0 days 00:00:00.980203,22.0,0.006,3m,4.0,4.0,2.0,398.0,,,,,,,,,,,,,,,,,,,,,,824,0.005,4m,1.0,1.0,1.1,578,,,,,,,,,,,,,,,,,,,,,,,,,,,,,,,,,,,,0.05,2,COMPLETE
120,120,2.7450045686554168,2025-06-15 00:57:37.193341,2025-06-15 00:57:38.289564,0 days 00:00:01.096223,20.0,0.006,3m,4.0,4.0,2.0,260.0,,,,,,,,,,,,,,,,,,,,,,686,0.004,4m,2.5,1.0,1.0,586,,,,,,,,,,,,,,,,,,,,,,,,,,,,,,,,,,,,0.05,2,COMPLETE
121,121,9.81812750483362,2025-06-15 00:57:38.348708,2025-06-15 00:57:38.906823,0 days 00:00:00.558115,,,,,,,,,,,,,,,,,,,,,,,,,,,,,818,0.005,4m,1.0,1.0,1.2000000000000002,562,,,,,,,,,,,,,,,,,,,,,,,,,,,,,,,,,,,,0.05,1,COMPLETE
122,122,10.823671248884935,2025-06-15 00:57:38.976335,2025-06-15 00:57:39.556950,0 days 00:00:00.580615,,,,,,,,,,,,,,,,,,,,,,,,,,,,,774,0.005,4m,1.0,1.0,1.1,612,,,,,,,,,,,,,,,,,,,,,,,,,,,,,,,,,,,,0.05,1,COMPLETE
123,123,9.389545388605502,2025-06-15 00:57:39.629460,2025-06-15 00:57:40.367102,0 days 00:00:00.737642,,,,,,,,,,,,,,,,,,,,,,,,,,,,,776,0.004,4m,1.0,1.0,1.1,618,,,,,,,,,,,,,,,,,,,,,,,,,,,,,,,,,,,,0.05,1,COMPLETE
124,124,-100.0,2025-06-15 00:57:40.430142,2025-06-15 00:57:41.067306,0 days 00:00:00.637164,,,,,,,,,,,,,,,,,,,,,,,,,,,,,868,0.005,4m,3.0,1.0,1.0,728,,,,,,,,,,,,,,,,,,,,,,,,,,,,,,,,,,,,0.05,1,COMPLETE
125,125,8.237070272544797,2025-06-15 00:57:41.115315,2025-06-15 00:57:42.128893,0 days 00:00:01.013578,72.0,0.007,3m,4.0,4.0,1.9000000000000001,402.0,,,,,,,,,,,,,,,,,,,,,,808,0.005,4m,1.0,1.0,1.1,638,,,,,,,,,,,,,,,,,,,,,,,,,,,,,,,,,,,,0.05,2,COMPLETE
126,126,-0.44710721086488936,2025-06-15 00:57:42.200893,2025-06-15 00:57:44.194210,0 days 00:00:01.993317,116.0,0.005,3m,4.0,3.0,1.7000000000000002,98.0,436.0,0.006,3m,3.5,1.5,1.9000000000000001,502.0,,,,,,,,,,,,,,,754,0.005,1m,1.0,1.0,1.2000000000000002,680,,,,,,,,,,,,,,,,,,,,,,,,,,,,,494.0,0.004,4m,3.5,3.0,0.7,48.0,0.1,4,COMPLETE
127,127,8.247480369865842,2025-06-15 00:57:44.251948,2025-06-15 00:57:44.828117,0 days 00:00:00.576169,,,,,,,,,,,,,,,,,,,,,,,,,,,,,848,0.004,4m,1.0,1.0,1.1,576,,,,,,,,,,,,,,,,,,,,,,,,,,,,,,,,,,,,0.1,1,COMPLETE
128,128,-6.225264751689367,2025-06-15 00:57:44.878118,2025-06-15 00:57:46.068355,0 days 00:00:01.190237,266.0,0.006,3m,3.0,2.5,1.6,324.0,,,,,,,,,,,,,,,,,,,,,,898,0.005,2m,1.5,1.0,0.8,600,,,,,,,,,,,,,,,,,,,,,,,,,,,,,,,,,,,,0.05,2,COMPLETE
129,129,8.678333839012868,2025-06-15 00:57:46.127866,2025-06-15 00:57:46.714952,0 days 00:00:00.587086,,,,,,,,,,,,,,,,,,,,,,,,,,,,,782,0.005,4m,1.0,1.0,1.2000000000000002,558,,,,,,,,,,,,,,,,,,,,,,,,,,,,,,,,,,,,0.05,1,COMPLETE
130,130,5.118027113912456,2025-06-15 00:57:46.767966,2025-06-15 00:57:47.367561,0 days 00:00:00.599595,,,,,,,,,,,,,,,,,,,,,,,,,,,,,730,0.005,4m,1.0,1.0,1.1,524,,,,,,,,,,,,,,,,,,,,,,,,,,,,,,,,,,,,0.05,1,COMPLETE
131,131,10.052835358780943,2025-06-15 00:57:47.425074,2025-06-15 00:57:48.014173,0 days 00:00:00.589099,,,,,,,,,,,,,,,,,,,,,,,,,,,,,830,0.006,4m,1.0,1.0,1.3,504,,,,,,,,,,,,,,,,,,,,,,,,,,,,,,,,,,,,0.05,1,COMPLETE
132,132,9.39224060082213,2025-06-15 00:57:48.070681,2025-06-15 00:57:48.743318,0 days 00:00:00.672637,,,,,,,,,,,,,,,,,,,,,,,,,,,,,816,0.005,4m,1.0,1.0,1.2000000000000002,498,,,,,,,,,,,,,,,,,,,,,,,,,,,,,,,,,,,,0.05,1,COMPLETE
133,133,9.76562202201417,2025-06-15 00:57:48.803317,2025-06-15 00:57:49.407917,0 days 00:00:00.604600,,,,,,,,,,,,,,,,,,,,,,,,,,,,,856,0.006,4m,1.0,1.0,1.3,480,,,,,,,,,,,,,,,,,,,,,,,,,,,,,,,,,,,,0.05,1,COMPLETE
134,134,6.743192968995465,2025-06-15 00:57:49.472427,2025-06-15 00:57:50.049028,0 days 00:00:00.576601,,,,,,,,,,,,,,,,,,,,,,,,,,,,,878,0.006,4m,1.0,1.0,1.3,480,,,,,,,,,,,,,,,,,,,,,,,,,,,,,,,,,,,,0.05,1,COMPLETE
135,135,9.503572943366335,2025-06-15 00:57:50.107028,2025-06-15 00:57:50.700522,0 days 00:00:00.593494,,,,,,,,,,,,,,,,,,,,,,,,,,,,,794,0.006,4m,1.0,1.0,1.4,442,,,,,,,,,,,,,,,,,,,,,,,,,,,,,,,,,,,,0.05,1,COMPLETE
136,136,5.747663585987071,2025-06-15 00:57:50.757538,2025-06-15 00:57:54.288755,0 days 00:00:03.531217,384.0,0.007,3m,3.5,3.5,2.0,642.0,910.0,0.007,4m,1.0,2.0,1.0,396.0,160.0,0.007,1m,2.0,3.5,0.7,124.0,,,,,,,,820,0.006,4m,1.0,1.0,1.3,506,224.0,0.004,3m,2.5,2.0,0.8,334.0,,,,,,,,,,,,,,,730.0,0.007,1m,3.5,1.5,1.6,592.0,216.0,0.007,3m,3.0,3.5,1.5,814.0,0.05,7,COMPLETE
137,137,0.46987420158687176,2025-06-15 00:57:54.351266,2025-06-15 00:57:55.016884,0 days 00:00:00.665618,,,,,,,,,,,,,,,,,,,,,,,,,,,,,296,0.005,4m,1.0,1.0,1.2000000000000002,428,,,,,,,,,,,,,,,,,,,,,,,,,,,,,,,,,,,,0.05,1,COMPLETE
138,138,8.124927240712491,2025-06-15 00:57:55.073395,2025-06-15 00:57:55.632997,0 days 00:00:00.559602,,,,,,,,,,,,,,,,,,,,,,,,,,,,,848,0.006,4m,1.0,1.0,1.3,568,,,,,,,,,,,,,,,,,,,,,,,,,,,,,,,,,,,,0.05,1,COMPLETE
139,139,-5.185321395813466,2025-06-15 00:57:55.695997,2025-06-15 00:57:59.597146,0 days 00:00:03.901149,184.0,0.009000000000000001,3m,4.0,4.0,1.5,582.0,88.0,0.002,2m,3.0,3.5,1.5,16.0,376.0,0.009000000000000001,2m,1.5,1.0,2.0,604.0,,,,,,,,386,0.005,4m,1.0,1.0,1.2000000000000002,594,824.0,0.003,1m,2.5,3.0,2.0,824.0,320.0,0.008,4m,3.0,3.5,1.6,284.0,,,,,,,,160.0,0.004,4m,3.0,2.0,2.0,166.0,362.0,0.002,2m,2.0,2.5,0.5,344.0,0.05,8,COMPLETE
140,140,-5.613952337623594,2025-06-15 00:57:59.668665,2025-06-15 00:58:00.830404,0 days 00:00:01.161739,870.0,0.006,3m,3.5,3.0,1.7000000000000002,442.0,,,,,,,,,,,,,,,,,,,,,,770,0.007,3m,1.0,1.5,1.5,476,,,,,,,,,,,,,,,,,,,,,,,,,,,,,,,,,,,,0.05,2,COMPLETE
141,141,9.31648418131812,2025-06-15 00:58:00.887405,2025-06-15 00:58:01.516001,0 days 00:00:00.628596,,,,,,,,,,,,,,,,,,,,,,,,,,,,,800,0.006,4m,1.0,1.0,1.4,446,,,,,,,,,,,,,,,,,,,,,,,,,,,,,,,,,,,,0.05,1,COMPLETE
142,142,9.563743170741166,2025-06-15 00:58:01.583506,2025-06-15 00:58:02.190124,0 days 00:00:00.606618,,,,,,,,,,,,,,,,,,,,,,,,,,,,,830,0.006,4m,1.0,1.0,1.4,524,,,,,,,,,,,,,,,,,,,,,,,,,,,,,,,,,,,,0.05,1,COMPLETE
143,143,9.53319364102363,2025-06-15 00:58:02.247693,2025-06-15 00:58:02.821769,0 days 00:00:00.574076,,,,,,,,,,,,,,,,,,,,,,,,,,,,,838,0.006,4m,1.0,1.0,1.3,524,,,,,,,,,,,,,,,,,,,,,,,,,,,,,,,,,,,,0.05,1,COMPLETE
144,144,7.5865482770521835,2025-06-15 00:58:02.886273,2025-06-15 00:58:03.563415,0 days 00:00:00.677142,,,,,,,,,,,,,,,,,,,,,,,,,,,,,926,0.006,4m,1.0,1.0,1.4,540,,,,,,,,,,,,,,,,,,,,,,,,,,,,,,,,,,,,0.05,1,COMPLETE
145,145,9.64511482390737,2025-06-15 00:58:03.629952,2025-06-15 00:58:04.273097,0 days 00:00:00.643145,,,,,,,,,,,,,,,,,,,,,,,,,,,,,842,0.006,4m,1.0,1.0,1.5,518,,,,,,,,,,,,,,,,,,,,,,,,,,,,,,,,,,,,0.05,1,COMPLETE
146,146,8.899936613445558,2025-06-15 00:58:04.331610,2025-06-15 00:58:05.008238,0 days 00:00:00.676628,,,,,,,,,,,,,,,,,,,,,,,,,,,,,870,0.006,4m,1.0,1.0,1.6,504,,,,,,,,,,,,,,,,,,,,,,,,,,,,,,,,,,,,0.05,1,COMPLETE
147,147,7.098027152071536,2025-06-15 00:58:05.082748,2025-06-15 00:58:06.259471,0 days 00:00:01.176723,324.0,0.004,3m,3.0,3.5,2.0,726.0,,,,,,,,,,,,,,,,,,,,,,896,0.007,4m,1.0,1.0,1.5,566,,,,,,,,,,,,,,,,,,,,,,,,,,,,,,,,,,,,0.25,2,COMPLETE
148,148,8.272149833203455,2025-06-15 00:58:06.313466,2025-06-15 00:58:06.851078,0 days 00:00:00.537612,,,,,,,,,,,,,,,,,,,,,,,,,,,,,856,0.005,4m,1.0,1.0,1.5,608,,,,,,,,,,,,,,,,,,,,,,,,,,,,,,,,,,,,0.5,1,COMPLETE
149,149,9.779847403184105,2025-06-15 00:58:06.902078,2025-06-15 00:58:07.474672,0 days 00:00:00.572594,,,,,,,,,,,,,,,,,,,,,,,,,,,,,820,0.006,4m,1.0,1.0,1.6,512,,,,,,,,,,,,,,,,,,,,,,,,,,,,,,,,,,,,0.1,1,COMPLETE
