,number,value,datetime_start,datetime_complete,duration,params_AEP_FB_beta_win,params_AEP_FB_stop_loss,params_AEP_FB_trade_freq,params_AEP_FB_z_entry,params_AEP_FB_z_exit,params_AEP_FB_z_stop_scaler,params_AEP_FB_z_win,params_ALXN_BIIB_beta_win,params_ALXN_BIIB_stop_loss,params_ALXN_BIIB_trade_freq,params_ALXN_BIIB_z_entry,params_ALXN_BIIB_z_exit,params_ALXN_BIIB_z_stop_scaler,params_ALXN_BIIB_z_win,params_ANSS_DOCU_beta_win,params_ANSS_DOCU_stop_loss,params_ANSS_DOCU_trade_freq,params_ANSS_DOCU_z_entry,params_ANSS_DOCU_z_exit,params_ANSS_DOCU_z_stop_scaler,params_ANSS_DOCU_z_win,params_ASML_AVGO_beta_win,params_ASML_AVGO_stop_loss,params_ASML_AVGO_trade_freq,params_ASML_AVGO_z_entry,params_ASML_AVGO_z_exit,params_ASML_AVGO_z_stop_scaler,params_ASML_AVGO_z_win,params_BKNG_ZM_beta_win,params_BKNG_ZM_stop_loss,params_BKNG_ZM_trade_freq,params_BKNG_ZM_z_entry,params_BKNG_ZM_z_exit,params_BKNG_ZM_z_stop_scaler,params_BKNG_ZM_z_win,params_CTSH_FAST_beta_win,params_CTSH_FAST_stop_loss,params_CTSH_FAST_trade_freq,params_CTSH_FAST_z_entry,params_CTSH_FAST_z_exit,params_CTSH_FAST_z_stop_scaler,params_CTSH_FAST_z_win,params_FAST_TMUS_beta_win,params_FAST_TMUS_stop_loss,params_FAST_TMUS_trade_freq,params_FAST_TMUS_z_entry,params_FAST_TMUS_z_exit,params_FAST_TMUS_z_stop_scaler,params_FAST_TMUS_z_win,params_GOOG_GOOGL_beta_win,params_GOOG_GOOGL_stop_loss,params_GOOG_GOOGL_trade_freq,params_GOOG_GOOGL_z_entry,params_GOOG_GOOGL_z_exit,params_GOOG_GOOGL_z_stop_scaler,params_GOOG_GOOGL_z_win,params_MSFT_PCAR_beta_win,params_MSFT_PCAR_stop_loss,params_MSFT_PCAR_trade_freq,params_MSFT_PCAR_z_entry,params_MSFT_PCAR_z_exit,params_MSFT_PCAR_z_stop_scaler,params_MSFT_PCAR_z_win,params_REGN_ZM_beta_win,params_REGN_ZM_stop_loss,params_REGN_ZM_trade_freq,params_REGN_ZM_z_entry,params_REGN_ZM_z_exit,params_REGN_ZM_z_stop_scaler,params_REGN_ZM_z_win,params_SBUX_ZM_beta_win,params_SBUX_ZM_stop_loss,params_SBUX_ZM_trade_freq,params_SBUX_ZM_z_entry,params_SBUX_ZM_z_exit,params_SBUX_ZM_z_stop_scaler,params_SBUX_ZM_z_win,params_buffer_capital,params_pairs_to_trade,state
0,0,-1.412754714915277,2025-06-15 00:09:21.010200,2025-06-15 00:09:34.053610,0 days 00:00:13.043410,,,,,,,,546,0.002,4m,1.0,4.0,1.1,522,342,0.009000000000000001,3m,3.5,2.0,0.6,502,1000.0,0.002,1m,2.5,2.0,1.2000000000000002,468.0,,,,,,,,,,,,,,,,,,,,,,876.0,0.003,3m,1.0,3.0,1.3,394.0,,,,,,,,,,,,,,,,,,,,,,0.45,3,COMPLETE
1,1,5.191173842775979,2025-06-15 00:09:34.081084,2025-06-15 00:09:35.229226,0 days 00:00:01.148142,,,,,,,,916,0.007,4m,2.5,3.5,1.9000000000000001,366,948,0.01,4m,3.0,3.5,1.6,702,,,,,,,,,,,,,,,,,,,,,,,,,,,,,592.0,0.009000000000000001,2m,3.0,2.5,1.0,536.0,,,,,,,,,,,,,,,,,,,,,,0.4,2,COMPLETE
2,2,2.519444647563208,2025-06-15 00:09:35.286657,2025-06-15 00:09:41.366545,0 days 00:00:06.079888,156.0,0.004,1m,1.5,3.5,1.0,1014.0,876,0.008,1m,2.5,3.5,1.9000000000000001,844,698,0.006,2m,4.0,4.0,2.0,284,230.0,0.001,1m,3.5,3.0,1.8,666.0,548.0,0.007,3m,2.5,1.0,0.7,330.0,360.0,0.007,2m,1.0,4.0,1.8,580.0,388.0,0.001,2m,2.5,1.5,1.1,562.0,386.0,0.001,4m,3.5,1.0,1.0,210.0,828.0,0.001,3m,1.5,3.0,1.2000000000000002,612.0,146.0,0.009000000000000001,3m,4.0,1.5,0.7,58.0,464.0,0.005,1m,2.0,1.5,1.5,544.0,0.15000000000000002,10,COMPLETE
3,3,-2.141411066382561,2025-06-15 00:09:41.470685,2025-06-15 00:09:45.362511,0 days 00:00:03.891826,,,,,,,,638,0.002,1m,1.5,4.0,1.1,462,180,0.006,2m,2.5,2.5,1.6,282,580.0,0.004,1m,1.0,2.0,1.6,176.0,574.0,0.01,1m,2.0,4.0,1.7000000000000002,588.0,268.0,0.01,2m,4.0,3.0,1.9000000000000001,604.0,,,,,,,,852.0,0.006,4m,2.0,3.5,1.6,582.0,,,,,,,,380.0,0.006,3m,2.5,3.5,0.9,274.0,,,,,,,,0.5,6,COMPLETE
4,4,3.773597637369897,2025-06-15 00:09:45.424216,2025-06-15 00:09:48.757091,0 days 00:00:03.332875,,,,,,,,132,0.002,2m,4.0,4.0,0.5,550,382,0.006,2m,2.0,1.5,2.0,754,384.0,0.007,3m,3.5,2.5,0.9,388.0,,,,,,,,248.0,0.002,2m,1.0,1.5,0.9,558.0,,,,,,,,770.0,0.007,4m,1.5,1.0,1.6,18.0,,,,,,,,110.0,0.006,1m,3.0,1.0,1.5,746.0,,,,,,,,0.1,5,COMPLETE
5,5,-1.8055638236180802,2025-06-15 00:09:48.838154,2025-06-15 00:09:52.059499,0 days 00:00:03.221345,,,,,,,,928,0.001,3m,1.0,3.0,0.8,680,250,0.003,4m,3.0,2.0,0.7,974,878.0,0.006,3m,1.5,2.0,0.8,630.0,,,,,,,,,,,,,,,,,,,,,,610.0,0.009000000000000001,3m,3.0,1.5,2.0,478.0,,,,,,,,258.0,0.008,2m,2.0,3.5,1.7000000000000002,372.0,,,,,,,,0.45,4,COMPLETE
6,6,0.6875394790268416,2025-06-15 00:09:52.159092,2025-06-15 00:09:55.479386,0 days 00:00:03.320294,,,,,,,,222,0.002,2m,3.5,1.5,0.6,480,758,0.005,2m,3.5,3.0,0.5,608,600.0,0.01,2m,2.0,3.5,1.4,222.0,,,,,,,,,,,,,,,,,,,,,,754.0,0.004,1m,1.5,4.0,1.4,896.0,,,,,,,,954.0,0.008,2m,4.0,4.0,1.3,662.0,,,,,,,,0.4,4,COMPLETE
7,7,0.3000297977979884,2025-06-15 00:09:55.560007,2025-06-15 00:09:56.954559,0 days 00:00:01.394552,,,,,,,,84,0.003,3m,2.0,4.0,0.6,150,862,0.01,3m,4.0,2.5,0.7,172,,,,,,,,,,,,,,,,,,,,,,,,,,,,,,,,,,,,,,,,,,,,,,,,,,,,,,,,,0.45,1,COMPLETE
8,8,-0.9952570562845652,2025-06-15 00:09:57.059079,2025-06-15 00:10:01.722428,0 days 00:00:04.663349,,,,,,,,164,0.01,3m,2.5,3.0,0.9,304,656,0.004,1m,1.5,2.5,0.8,894,670.0,0.004,4m,3.5,3.5,1.0,112.0,258.0,0.005,4m,2.5,2.0,1.0,314.0,824.0,0.01,2m,2.5,2.5,1.9000000000000001,510.0,,,,,,,,164.0,0.002,2m,1.5,1.0,1.6,656.0,832.0,0.01,3m,1.0,1.5,0.5,234.0,600.0,0.006,4m,2.5,3.5,0.7,118.0,,,,,,,,0.35000000000000003,7,COMPLETE
9,9,-2.792621541532262,2025-06-15 00:10:01.791155,2025-06-15 00:10:03.658766,0 days 00:00:01.867611,,,,,,,,178,0.008,2m,1.0,2.5,0.8,734,344,0.008,3m,3.5,2.5,1.3,954,,,,,,,,,,,,,,,,,,,,,,,,,,,,,538.0,0.002,2m,2.5,4.0,1.0,786.0,,,,,,,,,,,,,,,,,,,,,,0.1,2,COMPLETE
10,10,5.113229820037439,2025-06-15 00:10:03.718585,2025-06-15 00:10:04.975871,0 days 00:00:01.257286,,,,,,,,746,0.005,4m,3.5,1.0,2.0,70,988,0.001,4m,2.5,4.0,1.5,548,,,,,,,,,,,,,,,,,,,,,,,,,,,,,,,,,,,,,,,,,,,,,,,,,,,,,,,,,0.25,1,COMPLETE
11,11,5.253624828066,2025-06-15 00:10:05.039627,2025-06-15 00:10:06.299932,0 days 00:00:01.260305,,,,,,,,746,0.005,4m,3.5,1.0,2.0,122,992,0.001,4m,2.5,4.0,1.5,516,,,,,,,,,,,,,,,,,,,,,,,,,,,,,,,,,,,,,,,,,,,,,,,,,,,,,,,,,0.25,1,COMPLETE
12,12,2.3868724121737985,2025-06-15 00:10:06.396028,2025-06-15 00:10:07.629260,0 days 00:00:01.233232,,,,,,,,776,0.005,4m,3.0,2.0,1.6,272,998,0.001,4m,1.0,3.5,1.7000000000000002,722,,,,,,,,,,,,,,,,,,,,,,,,,,,,,,,,,,,,,,,,,,,,,,,,,,,,,,,,,0.25,1,COMPLETE
13,13,0.10681928454370952,2025-06-15 00:10:07.689943,2025-06-15 00:10:10.100690,0 days 00:00:02.410747,,,,,,,,994,0.007,4m,3.0,1.0,1.6,266,876,0.008,4m,2.0,3.5,1.1,416,72.0,0.01,2m,4.0,1.0,0.5,982.0,,,,,,,,,,,,,,,,,,,,,,280.0,0.01,2m,4.0,2.0,0.6,1002.0,,,,,,,,,,,,,,,,,,,,,,0.3,3,COMPLETE
14,14,-3.4623897102169425,2025-06-15 00:10:10.161202,2025-06-15 00:10:15.119769,0 days 00:00:04.958567,970.0,0.01,4m,4.0,1.0,2.0,60.0,450,0.006,4m,4.0,2.0,1.7000000000000002,64,560,0.003,4m,3.0,3.5,1.2000000000000002,716,38.0,0.008,4m,2.5,1.0,2.0,940.0,974.0,0.001,2m,4.0,4.0,1.8,1014.0,994.0,0.001,1m,4.0,1.0,0.5,102.0,1004.0,0.01,1m,4.0,4.0,2.0,82.0,40.0,0.008,1m,3.0,2.5,0.5,324.0,130.0,0.005,4m,4.0,4.0,1.9000000000000001,972.0,1022.0,0.001,4m,1.0,2.0,2.0,964.0,,,,,,,,0.2,9,COMPLETE
15,15,2.726638423559773,2025-06-15 00:10:15.214278,2025-06-15 00:10:16.982048,0 days 00:00:01.767770,,,,,,,,378,0.004,4m,2.0,3.0,1.4,346,856,0.01,1m,3.0,4.0,1.8,68,,,,,,,,,,,,,,,,,,,,,,,,,,,,,1012.0,0.01,2m,4.0,2.5,0.9,712.0,,,,,,,,,,,,,,,,,,,,,,0.35000000000000003,2,COMPLETE
16,16,6.786831828736487,2025-06-15 00:10:17.076569,2025-06-15 00:10:21.728028,0 days 00:00:04.651459,,,,,,,,738,0.01,4m,3.0,2.0,1.8,190,24,0.002,4m,2.0,1.0,1.4,418,806.0,0.004,2m,1.0,4.0,0.5,766.0,42.0,0.001,2m,1.0,2.5,0.5,822.0,26.0,0.005,3m,2.5,4.0,1.3,1016.0,,,,,,,,388.0,0.005,2m,2.5,3.0,0.8,176.0,40.0,0.01,1m,3.5,1.0,2.0,66.0,716.0,0.002,1m,1.0,2.5,1.1,898.0,,,,,,,,0.3,7,COMPLETE
17,17,5.304002059762609,2025-06-15 00:10:21.817428,2025-06-15 00:10:27.643597,0 days 00:00:05.826169,,,,,,,,662,0.01,4m,3.5,1.5,1.4,1024,24,0.002,4m,2.0,1.0,1.0,400,796.0,0.004,2m,1.0,4.0,0.5,830.0,74.0,0.001,2m,1.0,2.5,0.5,844.0,32.0,0.005,3m,2.5,4.0,1.3,956.0,40.0,0.005,4m,1.0,3.5,0.7,1000.0,372.0,0.005,1m,2.5,3.5,0.7,20.0,118.0,0.01,1m,3.5,1.0,2.0,90.0,714.0,0.001,1m,1.0,2.5,1.1,1018.0,,,,,,,,0.2,8,COMPLETE
18,18,2.7828482454675716,2025-06-15 00:10:27.739666,2025-06-15 00:10:33.285942,0 days 00:00:05.546276,,,,,,,,630,0.01,1m,3.0,2.0,1.4,998,44,0.003,4m,1.5,1.0,1.0,366,818.0,0.004,2m,1.0,4.0,0.5,806.0,46.0,0.001,2m,1.0,2.5,0.5,868.0,24.0,0.005,3m,2.5,4.0,1.3,1006.0,36.0,0.005,4m,1.0,3.5,0.5,1004.0,362.0,0.005,1m,2.5,3.5,0.7,36.0,48.0,0.01,1m,3.5,1.0,2.0,24.0,696.0,0.001,1m,1.0,2.5,1.1,968.0,,,,,,,,0.05,8,COMPLETE
19,19,6.217056892058589,2025-06-15 00:10:33.372573,2025-06-15 00:10:38.176146,0 days 00:00:04.803573,,,,,,,,352,0.009000000000000001,4m,3.5,1.5,1.4,1010,42,0.002,1m,1.0,1.0,0.9,218,766.0,0.003,2m,1.5,4.0,0.6,786.0,60.0,0.003,2m,1.0,3.0,0.5,730.0,18.0,0.005,3m,3.0,3.5,1.4,998.0,,,,,,,,426.0,0.005,1m,2.0,3.0,0.8,162.0,332.0,0.008,1m,3.0,1.0,1.6,18.0,748.0,0.003,1m,1.5,2.5,1.1,1018.0,,,,,,,,0.2,7,COMPLETE
20,20,-0.3525621041337184,2025-06-15 00:10:38.283023,2025-06-15 00:10:42.716227,0 days 00:00:04.433204,,,,,,,,336,0.009000000000000001,4m,4.0,1.5,1.7000000000000002,846,134,0.004,1m,1.0,1.5,1.3,90,1018.0,0.002,2m,1.5,3.5,0.7,700.0,266.0,0.003,2m,1.5,3.0,1.0,646.0,628.0,0.004,3m,3.0,3.0,1.4,836.0,,,,,,,,186.0,0.006,1m,2.0,3.0,0.8,214.0,,,,,,,,876.0,0.003,1m,1.5,2.0,1.3,758.0,,,,,,,,0.3,6,COMPLETE
21,21,0.4310135441538996,2025-06-15 00:10:42.819597,2025-06-15 00:10:48.658666,0 days 00:00:05.839069,,,,,,,,576,0.009000000000000001,4m,3.5,1.5,1.3,1018,16,0.002,1m,1.5,1.0,0.9,226,764.0,0.003,2m,1.0,4.0,0.5,830.0,22.0,0.001,2m,1.0,3.0,0.5,824.0,48.0,0.006,3m,3.0,4.0,1.4,1024.0,48.0,0.006,4m,1.0,2.5,0.5,1008.0,432.0,0.005,1m,2.0,3.0,0.5,154.0,304.0,0.009000000000000001,1m,3.0,1.0,1.7000000000000002,24.0,748.0,0.003,1m,1.0,2.5,1.0,1002.0,,,,,,,,0.2,8,COMPLETE
22,22,4.185963731167276,2025-06-15 00:10:48.752747,2025-06-15 00:10:53.802262,0 days 00:00:05.049515,,,,,,,,450,0.01,4m,3.0,1.5,1.5,912,104,0.002,1m,2.0,1.0,1.0,386,740.0,0.005,2m,1.5,4.0,0.7,842.0,200.0,0.003,2m,1.0,2.5,0.8,770.0,18.0,0.004,4m,2.0,3.5,1.0,878.0,,,,,,,,480.0,0.004,1m,2.5,3.5,0.8,110.0,372.0,0.007,1m,2.5,2.0,1.5,234.0,518.0,0.003,1m,1.5,3.0,1.1,850.0,,,,,,,,0.2,7,COMPLETE
23,23,-2.1858535288587264,2025-06-15 00:10:53.920609,2025-06-15 00:10:59.752668,0 days 00:00:05.832059,,,,,,,,674,0.009000000000000001,4m,3.5,2.5,1.2000000000000002,682,242,0.002,1m,1.0,1.5,1.2000000000000002,166,880.0,0.003,2m,1.5,4.0,0.7,576.0,30.0,0.003,2m,1.5,2.0,0.5,982.0,180.0,0.007,3m,3.0,3.5,1.5,824.0,472.0,0.005,3m,2.0,3.0,1.1,600.0,300.0,0.004,1m,2.0,3.0,1.1,312.0,40.0,0.008,2m,3.0,1.0,2.0,194.0,796.0,0.002,1m,1.5,2.5,0.5,1022.0,,,,,,,,0.15000000000000002,8,COMPLETE
24,24,0.544560845206133,2025-06-15 00:10:59.847646,2025-06-15 00:11:06.852416,0 days 00:00:07.004770,756.0,0.001,3m,3.5,1.5,0.5,596.0,292,0.008,4m,3.0,2.0,1.8,918,84,0.004,4m,1.5,1.0,0.9,318,466.0,0.005,2m,1.0,3.0,1.1,764.0,196.0,0.002,2m,1.5,3.0,1.3,734.0,454.0,0.004,3m,2.0,3.5,1.1,1020.0,924.0,0.002,4m,4.0,2.0,1.6,782.0,256.0,0.007,1m,3.0,3.5,0.7,116.0,262.0,0.01,1m,3.5,2.0,1.4,40.0,576.0,0.004,1m,1.0,2.0,1.4,848.0,1004.0,0.01,4m,4.0,4.0,0.5,22.0,0.15000000000000002,10,COMPLETE
25,25,1.1227052254635645,2025-06-15 00:11:06.961378,2025-06-15 00:11:11.859391,0 days 00:00:04.898013,,,,,,,,456,0.01,4m,4.0,2.5,1.3,800,208,0.002,4m,2.0,1.5,1.4,446,686.0,0.003,2m,2.0,3.5,0.5,908.0,164.0,0.005,3m,3.5,2.0,0.8,502.0,150.0,0.006,3m,2.0,4.0,1.6,774.0,,,,,,,,498.0,0.006,3m,2.5,2.0,1.2000000000000002,264.0,532.0,0.007,1m,2.5,1.5,1.7000000000000002,442.0,686.0,0.001,1m,2.0,3.0,0.9,548.0,,,,,,,,0.3,7,COMPLETE
26,26,-0.42832968040346925,2025-06-15 00:11:11.940639,2025-06-15 00:11:17.928229,0 days 00:00:05.987590,64.0,0.01,2m,1.5,4.0,2.0,16.0,806,0.009000000000000001,1m,3.5,1.5,1.1,618,416,0.005,1m,1.5,2.0,1.1,206,924.0,0.006,2m,2.0,3.0,0.7,1012.0,390.0,0.003,4m,1.0,3.5,0.7,20.0,142.0,0.003,3m,3.5,3.0,1.2000000000000002,906.0,272.0,0.008,2m,2.0,1.0,0.8,184.0,630.0,0.005,2m,2.5,4.0,0.7,416.0,188.0,0.008,1m,4.0,1.0,1.0,224.0,844.0,0.004,1m,1.5,3.0,1.1,876.0,,,,,,,,0.2,9,COMPLETE
27,27,-4.194614227648372,2025-06-15 00:11:18.022963,2025-06-15 00:11:22.415277,0 days 00:00:04.392314,,,,,,,,504,0.007,2m,2.5,2.0,1.5,914,162,0.003,3m,2.0,1.0,0.9,16,816.0,0.001,3m,1.0,4.0,0.9,738.0,378.0,0.002,1m,2.0,2.5,1.4,886.0,346.0,0.008,4m,2.5,3.5,0.8,716.0,,,,,,,,376.0,0.003,1m,3.5,3.0,0.9,88.0,,,,,,,,464.0,0.002,1m,2.0,2.0,0.8,900.0,,,,,,,,0.35000000000000003,6,COMPLETE
28,28,-0.1783265922432549,2025-06-15 00:11:22.478669,2025-06-15 00:11:28.623619,0 days 00:00:06.144950,454.0,0.006,2m,2.5,2.5,1.3,1024.0,652,0.01,3m,3.0,1.0,1.7000000000000002,968,22,0.001,4m,1.0,1.5,1.1,588,482.0,0.004,4m,1.5,3.5,0.6,462.0,756.0,0.001,2m,1.5,1.5,1.0,696.0,590.0,0.005,1m,3.5,2.0,1.6,380.0,692.0,0.003,1m,3.0,4.0,1.4,280.0,92.0,0.007,1m,1.0,3.5,0.6,208.0,512.0,0.005,1m,3.0,1.5,1.7000000000000002,410.0,652.0,0.002,3m,1.0,1.5,1.5,732.0,,,,,,,,0.1,9,COMPLETE
29,29,-0.663831350815285,2025-06-15 00:11:28.703367,2025-06-15 00:11:32.188603,0 days 00:00:03.485236,,,,,,,,546,0.008,4m,4.0,1.5,1.0,182,482,0.002,3m,2.5,2.0,0.6,438,660.0,0.005,2m,2.0,4.0,1.4,888.0,,,,,,,,108.0,0.003,3m,1.5,4.0,1.2000000000000002,924.0,,,,,,,,194.0,0.004,2m,2.0,2.5,0.8,24.0,,,,,,,,894.0,0.004,4m,1.5,3.0,1.2000000000000002,576.0,,,,,,,,0.25,5,COMPLETE
30,30,1.1107918564858177,2025-06-15 00:11:32.286409,2025-06-15 00:11:36.936224,0 days 00:00:04.649815,,,,,,,,32,0.009000000000000001,4m,3.5,2.5,1.2000000000000002,778,266,0.004,1m,1.5,1.0,1.4,330,936.0,0.002,2m,1.0,3.0,0.8,584.0,120.0,0.004,2m,1.0,3.5,0.5,888.0,232.0,0.007,3m,3.0,3.5,1.7000000000000002,680.0,,,,,,,,438.0,0.003,4m,1.5,2.0,1.1,160.0,426.0,0.009000000000000001,2m,3.5,3.0,1.8,134.0,790.0,0.005,2m,3.0,2.5,1.0,420.0,,,,,,,,0.05,7,COMPLETE
31,31,-1.6304757966765058,2025-06-15 00:11:37.003000,2025-06-15 00:11:42.336219,0 days 00:00:05.333219,,,,,,,,734,0.004,4m,3.5,1.0,2.0,170,94,0.001,4m,2.5,3.0,1.4,490,768.0,0.003,2m,1.5,3.5,0.6,752.0,340.0,0.007,2m,2.0,3.0,0.7,508.0,102.0,0.005,3m,3.5,2.5,1.4,294.0,670.0,0.007,3m,1.5,3.0,0.8,776.0,320.0,0.005,3m,3.5,3.0,0.6,330.0,174.0,0.008,4m,2.0,2.0,1.5,626.0,474.0,0.002,1m,1.0,1.5,1.2000000000000002,918.0,,,,,,,,0.25,8,COMPLETE
32,32,1.0423733094554146,2025-06-15 00:11:42.428883,2025-06-15 00:11:47.241098,0 days 00:00:04.812215,,,,,,,,850,0.006,4m,3.5,1.0,1.8,90,300,0.001,4m,2.0,3.0,1.5,638,574.0,0.007,2m,3.0,2.5,1.0,362.0,106.0,0.002,3m,1.5,3.5,2.0,772.0,334.0,0.008,1m,2.5,4.0,0.7,940.0,,,,,,,,664.0,0.006,1m,2.0,3.5,0.9,260.0,50.0,0.003,1m,3.5,1.5,2.0,342.0,726.0,0.001,1m,2.0,2.5,1.8,796.0,,,,,,,,0.3,7,COMPLETE
33,33,0.24456343100552339,2025-06-15 00:11:47.339010,2025-06-15 00:11:51.137105,0 days 00:00:03.798095,,,,,,,,700,0.007,4m,3.0,1.5,2.0,408,642,0.002,4m,2.5,1.5,1.7000000000000002,516,838.0,0.004,3m,1.0,4.0,0.6,862.0,,,,,,,,442.0,0.003,4m,2.0,3.0,1.1,752.0,,,,,,,,534.0,0.003,3m,3.0,3.0,1.3,412.0,,,,,,,,598.0,0.003,1m,1.5,2.5,0.5,650.0,,,,,,,,0.2,5,COMPLETE
34,34,1.8878407111534314,2025-06-15 00:11:51.206598,2025-06-15 00:11:55.442566,0 days 00:00:04.235968,,,,,,,,596,0.006,4m,2.5,1.0,1.9000000000000001,16,166,0.003,4m,2.5,2.0,1.5,476,716.0,0.002,4m,1.5,1.5,0.8,638.0,696.0,0.002,1m,3.5,2.0,0.9,604.0,762.0,0.006,3m,1.5,3.5,1.3,956.0,,,,,,,,236.0,0.007,2m,1.0,4.0,1.2000000000000002,70.0,,,,,,,,354.0,0.005,1m,1.0,2.0,0.9,1006.0,,,,,,,,0.15000000000000002,6,COMPLETE
35,35,0.19937721012302495,2025-06-15 00:11:55.526150,2025-06-15 00:11:58.775352,0 days 00:00:03.249202,,,,,,,,844,0.004,1m,4.0,2.0,1.8,232,540,0.001,2m,2.0,1.0,1.8,260,418.0,0.006,1m,2.0,2.5,0.6,528.0,,,,,,,,,,,,,,,,,,,,,,704.0,0.008,1m,2.5,2.5,1.4,168.0,,,,,,,,948.0,0.002,3m,3.5,3.0,1.4,926.0,,,,,,,,0.25,4,COMPLETE
36,36,-3.3733479828330957,2025-06-15 00:11:58.854740,2025-06-15 00:12:04.580415,0 days 00:00:05.725675,448.0,0.006,3m,3.0,2.5,1.4,452.0,952,0.01,4m,3.5,1.5,1.9000000000000001,574,778,0.002,4m,3.0,1.5,0.8,804,962.0,0.003,1m,3.0,3.5,1.3,938.0,118.0,0.004,4m,1.0,2.5,0.6,942.0,88.0,0.004,3m,3.0,4.0,1.5,46.0,218.0,0.004,4m,3.0,3.0,0.8,386.0,394.0,0.002,2m,3.0,3.0,0.5,484.0,642.0,0.009000000000000001,1m,3.0,1.0,1.1,120.0,780.0,0.001,4m,1.5,1.0,0.7,822.0,,,,,,,,0.15000000000000002,9,COMPLETE
37,37,-1.5350771290630665,2025-06-15 00:12:04.671707,2025-06-15 00:12:11.075746,0 days 00:00:06.404039,712.0,0.001,1m,1.0,3.0,0.5,622.0,892,0.009000000000000001,4m,2.5,1.0,1.5,460,82,0.007,2m,3.0,1.0,1.0,656,270.0,0.005,2m,1.0,4.0,1.2000000000000002,776.0,268.0,0.007,2m,3.0,1.5,1.2000000000000002,826.0,188.0,0.005,3m,2.5,3.5,1.1,832.0,664.0,0.009000000000000001,4m,1.5,2.0,1.9000000000000001,790.0,562.0,0.001,4m,1.5,3.5,2.0,268.0,244.0,0.01,1m,4.0,2.5,1.8,856.0,602.0,0.004,2m,2.0,4.0,1.6,692.0,56.0,0.001,2m,1.0,3.5,2.0,1008.0,0.4,10,COMPLETE
38,38,-3.4831686648848446,2025-06-15 00:12:11.177466,2025-06-15 00:12:16.505708,0 days 00:00:05.328242,,,,,,,,714,0.005,2m,3.0,1.5,1.4,954,454,0.003,4m,2.0,2.0,1.6,554,646.0,0.002,1m,2.5,3.0,0.9,680.0,458.0,0.001,2m,1.5,3.0,0.6,372.0,32.0,0.008,3m,3.5,2.0,1.7000000000000002,440.0,202.0,0.007,3m,3.0,3.5,1.4,448.0,450.0,0.004,4m,2.0,2.5,1.0,574.0,122.0,0.006,2m,3.5,1.5,0.8,324.0,194.0,0.009000000000000001,3m,1.0,1.5,1.0,1024.0,,,,,,,,0.2,8,COMPLETE
39,39,-5.045549525015524,2025-06-15 00:12:16.581232,2025-06-15 00:12:19.107374,0 days 00:00:02.526142,,,,,,,,798,0.008,3m,3.5,2.0,1.6,376,214,0.005,4m,2.5,3.0,1.2000000000000002,308,882.0,0.001,2m,3.0,3.5,1.6,472.0,,,,,,,,,,,,,,,,,,,,,,340.0,0.006,3m,3.5,3.5,1.1,370.0,,,,,,,,,,,,,,,,,,,,,,0.35000000000000003,3,COMPLETE
40,40,2.687893287867639,2025-06-15 00:12:19.202153,2025-06-15 00:12:23.597644,0 days 00:00:04.395491,,,,,,,,264,0.003,1m,4.0,1.5,1.9000000000000001,868,306,0.001,2m,3.5,1.5,0.8,362,536.0,0.007,3m,1.0,1.5,1.1,692.0,104.0,0.004,2m,2.0,2.5,0.8,690.0,290.0,0.002,1m,1.5,3.0,1.0,664.0,,,,,,,,846.0,0.008,1m,2.5,1.5,1.8,226.0,,,,,,,,642.0,0.003,1m,1.5,2.0,1.2000000000000002,44.0,,,,,,,,0.5,6,COMPLETE
41,41,-3.6155869971319192,2025-06-15 00:12:23.689085,2025-06-15 00:12:25.569308,0 days 00:00:01.880223,,,,,,,,906,0.007,4m,2.0,3.0,1.8,112,918,0.009000000000000001,4m,3.0,4.0,1.6,674,,,,,,,,,,,,,,,,,,,,,,,,,,,,,598.0,0.009000000000000001,2m,3.0,2.0,1.0,552.0,,,,,,,,,,,,,,,,,,,,,,0.4,2,COMPLETE
42,42,3.1542850183164886,2025-06-15 00:12:25.666857,2025-06-15 00:12:26.978734,0 days 00:00:01.311877,,,,,,,,1016,0.01,4m,2.5,3.5,2.0,206,958,0.006,4m,3.0,3.5,1.9000000000000001,824,,,,,,,,,,,,,,,,,,,,,,,,,,,,,,,,,,,,,,,,,,,,,,,,,,,,,,,,,0.45,1,COMPLETE
43,43,0.48309601642921896,2025-06-15 00:12:27.060165,2025-06-15 00:12:29.035623,0 days 00:00:01.975458,,,,,,,,766,0.009000000000000001,4m,1.5,3.5,1.9000000000000001,326,790,0.007,4m,4.0,4.0,1.3,562,,,,,,,,,,,,,,,,,,,,,,,,,,,,,420.0,0.005,2m,3.0,2.5,0.8,634.0,,,,,,,,,,,,,,,,,,,,,,0.25,2,COMPLETE
44,44,0.048965278328411,2025-06-15 00:12:29.120091,2025-06-15 00:12:32.657074,0 days 00:00:03.536983,,,,,,,,962,0.008,2m,3.0,4.0,1.7000000000000002,512,702,0.009000000000000001,3m,3.5,3.5,1.7000000000000002,472,326.0,0.008,1m,1.5,3.0,0.5,598.0,,,,,,,,206.0,0.006,4m,2.5,4.0,1.3,192.0,,,,,,,,574.0,0.007,2m,2.5,2.5,0.9,496.0,,,,,,,,830.0,0.002,3m,3.0,3.5,0.8,448.0,,,,,,,,0.3,5,COMPLETE
45,45,3.8216121009638813,2025-06-15 00:12:32.741169,2025-06-15 00:12:34.198779,0 days 00:00:01.457610,,,,,,,,624,0.001,3m,2.5,1.0,2.0,260,1006,0.002,4m,2.5,4.0,1.6,406,,,,,,,,,,,,,,,,,,,,,,,,,,,,,,,,,,,,,,,,,,,,,,,,,,,,,,,,,0.5,1,COMPLETE
46,46,-0.4459426929022832,2025-06-15 00:12:34.261701,2025-06-15 00:12:36.796978,0 days 00:00:02.535277,,,,,,,,832,0.005,4m,2.0,2.5,1.6,440,586,0.008,4m,2.5,3.5,1.5,616,982.0,0.004,2m,2.0,4.0,2.0,348.0,,,,,,,,,,,,,,,,,,,,,,500.0,0.004,2m,2.0,3.0,0.7,828.0,,,,,,,,,,,,,,,,,,,,,,0.1,3,COMPLETE
