,number,value,datetime_start,datetime_complete,duration,params_ADSK_DOCU_beta_win,params_ADSK_DOCU_stop_loss,params_ADSK_DOCU_trade_freq,params_ADSK_DOCU_z_entry,params_ADSK_DOCU_z_exit,params_ADSK_DOCU_z_stop_scaler,params_ADSK_DOCU_z_win,params_ALGN_DOCU_beta_win,params_ALGN_DOCU_stop_loss,params_ALGN_DOCU_trade_freq,params_ALGN_DOCU_z_entry,params_ALGN_DOCU_z_exit,params_ALGN_DOCU_z_stop_scaler,params_ALGN_DOCU_z_win,params_AMAT_DOCU_beta_win,params_AMAT_DOCU_stop_loss,params_AMAT_DOCU_trade_freq,params_AMAT_DOCU_z_entry,params_AMAT_DOCU_z_exit,params_AMAT_DOCU_z_stop_scaler,params_AMAT_DOCU_z_win,params_ANSS_DOCU_beta_win,params_ANSS_DOCU_stop_loss,params_ANSS_DOCU_trade_freq,params_ANSS_DOCU_z_entry,params_ANSS_DOCU_z_exit,params_ANSS_DOCU_z_stop_scaler,params_ANSS_DOCU_z_win,params_ASML_DOCU_beta_win,params_ASML_DOCU_stop_loss,params_ASML_DOCU_trade_freq,params_ASML_DOCU_z_entry,params_ASML_DOCU_z_exit,params_ASML_DOCU_z_stop_scaler,params_ASML_DOCU_z_win,params_BIIB_DOCU_beta_win,params_BIIB_DOCU_stop_loss,params_BIIB_DOCU_trade_freq,params_BIIB_DOCU_z_entry,params_BIIB_DOCU_z_exit,params_BIIB_DOCU_z_stop_scaler,params_BIIB_DOCU_z_win,params_CPRT_DOCU_beta_win,params_CPRT_DOCU_stop_loss,params_CPRT_DOCU_trade_freq,params_CPRT_DOCU_z_entry,params_CPRT_DOCU_z_exit,params_CPRT_DOCU_z_stop_scaler,params_CPRT_DOCU_z_win,params_EBAY_DOCU_beta_win,params_EBAY_DOCU_stop_loss,params_EBAY_DOCU_trade_freq,params_EBAY_DOCU_z_entry,params_EBAY_DOCU_z_exit,params_EBAY_DOCU_z_stop_scaler,params_EBAY_DOCU_z_win,params_MTCH_DOCU_beta_win,params_MTCH_DOCU_stop_loss,params_MTCH_DOCU_trade_freq,params_MTCH_DOCU_z_entry,params_MTCH_DOCU_z_exit,params_MTCH_DOCU_z_stop_scaler,params_MTCH_DOCU_z_win,params_SBUX_DOCU_beta_win,params_SBUX_DOCU_stop_loss,params_SBUX_DOCU_trade_freq,params_SBUX_DOCU_z_entry,params_SBUX_DOCU_z_exit,params_SBUX_DOCU_z_stop_scaler,params_SBUX_DOCU_z_win,params_buffer_capital,params_pairs_to_trade,state
0,0,3.086347141766207,2025-06-15 00:52:25.488113,2025-06-15 00:52:26.893625,0 days 00:00:01.405512,342,0.009000000000000001,3m,3.5,2.0,1.3,502,,,,,,,,,,,,,,,,,,,,,,,,,,,,,,,,,,,,,,,,,,,,,,,,,,876.0,0.003,3m,1.0,3.0,1.3,394.0,1000.0,0.002,1m,2.5,2.0,0.6,468.0,0.5,3,COMPLETE
1,1,-2.8412547260225254,2025-06-15 00:52:27.002140,2025-06-15 00:52:28.537785,0 days 00:00:01.535645,324,0.009000000000000001,2m,4.0,1.5,1.9000000000000001,320,,,,,,,,,,,,,,,,,,,,,,,,,,,,,,,,,,,,,,,,,,,,,,,,,,210.0,0.009000000000000001,1m,3.0,3.0,1.9000000000000001,948.0,984.0,0.006,3m,2.5,3.0,1.0,592.0,0.3,3,COMPLETE
2,2,7.864192728561332,2025-06-15 00:52:28.617304,2025-06-15 00:52:35.538183,0 days 00:00:06.920879,270,0.008,4m,1.0,1.5,0.5,50,110.0,0.003,4m,1.0,4.0,1.6,146.0,670.0,0.006,4m,2.0,2.5,0.8,548.0,34.0,0.005,2m,3.0,3.5,0.8,230.0,920.0,0.003,3m,2.5,1.0,1.3,360.0,652.0,0.001,4m,3.0,1.5,0.5,828.0,76.0,0.001,3m,2.5,2.5,0.6,388.0,,,,,,,,978.0,0.007,3m,1.5,4.0,0.7,698.0,572.0,0.008,4m,1.5,3.5,2.0,386.0,0.2,9,COMPLETE
3,3,4.646423439343108,2025-06-15 00:52:35.658208,2025-06-15 00:52:39.859000,0 days 00:00:04.200792,544,0.009000000000000001,1m,1.5,3.5,1.3,326,434.0,0.006,3m,2.5,3.5,0.7,974.0,,,,,,,,960.0,0.01,4m,2.5,1.5,1.3,260.0,,,,,,,,,,,,,,,,,,,,,,,,,,,,,844.0,0.01,4m,3.5,4.0,1.9000000000000001,582.0,352.0,0.007,2m,1.0,3.5,1.3,856.0,0.05,5,COMPLETE
4,4,5.184886520199877,2025-06-15 00:52:39.970511,2025-06-15 00:52:43.078154,0 days 00:00:03.107643,974,0.009000000000000001,4m,1.5,2.0,1.9000000000000001,702,886.0,0.003,3m,3.5,2.5,1.1,452.0,,,,,,,,956.0,0.01,1m,1.5,1.5,1.9000000000000001,592.0,,,,,,,,,,,,,,,,,,,,,,,,,,,,,56.0,0.007,4m,3.5,3.0,1.7000000000000002,226.0,754.0,0.009000000000000001,1m,2.5,3.0,1.1,992.0,0.2,5,COMPLETE
5,5,5.307520792594186,2025-06-15 00:52:43.169197,2025-06-15 00:52:46.835255,0 days 00:00:03.666058,430,0.001,4m,2.5,4.0,0.8,278,32.0,0.006,1m,3.0,3.5,1.5,220.0,304.0,0.007,4m,1.5,1.0,1.8,648.0,604.0,0.006,1m,4.0,2.0,1.9000000000000001,106.0,974.0,0.008,4m,3.0,4.0,1.8,922.0,370.0,0.007,1m,2.0,1.0,1.4,490.0,,,,,,,,,,,,,,,218.0,0.004,2m,1.5,3.0,1.6,72.0,804.0,0.008,1m,2.5,3.5,0.6,550.0,0.15000000000000002,8,COMPLETE
6,6,1.5596583130915977,2025-06-15 00:52:46.919258,2025-06-15 00:52:48.856645,0 days 00:00:01.937387,264,0.008,1m,4.0,1.0,0.6,718,,,,,,,,,,,,,,,254.0,0.009000000000000001,2m,2.0,3.5,1.6,890.0,,,,,,,,,,,,,,,,,,,,,,,,,,,,,588.0,0.007,2m,2.5,2.5,0.8,598.0,56.0,0.009000000000000001,3m,2.5,1.5,1.1,276.0,0.45,4,COMPLETE
7,7,4.996621920638244,2025-06-15 00:52:48.924167,2025-06-15 00:52:50.313389,0 days 00:00:01.389222,952,0.004,3m,2.0,2.5,0.8,652,,,,,,,,,,,,,,,,,,,,,,,,,,,,,,,,,,,,,,,,,,,,,,,,,,832.0,0.01,3m,3.5,2.5,1.5,514.0,948.0,0.008,2m,4.0,3.0,1.6,760.0,0.1,3,COMPLETE
8,8,2.3337061785957287,2025-06-15 00:52:50.394899,2025-06-15 00:52:53.651337,0 days 00:00:03.256438,186,0.009000000000000001,3m,3.0,3.0,1.2000000000000002,68,574.0,0.009000000000000001,4m,2.0,1.5,1.2000000000000002,294.0,370.0,0.006,3m,2.0,3.0,1.2000000000000002,674.0,142.0,0.007,1m,3.0,3.0,1.7000000000000002,862.0,338.0,0.005,2m,1.5,3.0,1.4,492.0,,,,,,,,,,,,,,,,,,,,,,172.0,0.001,2m,2.5,4.0,1.8,892.0,150.0,0.002,2m,4.0,3.0,1.4,444.0,0.05,7,COMPLETE
9,9,-2.8876157186465923,2025-06-15 00:52:53.721843,2025-06-15 00:52:58.173052,0 days 00:00:04.451209,90,0.004,2m,4.0,1.5,0.9,844,64.0,0.007,2m,3.0,1.0,1.9000000000000001,316.0,612.0,0.004,2m,1.0,1.5,1.6,82.0,1012.0,0.004,4m,4.0,1.5,0.5,248.0,410.0,0.006,4m,1.0,3.5,1.7000000000000002,748.0,552.0,0.003,1m,2.0,3.5,0.7,384.0,678.0,0.01,4m,4.0,4.0,2.0,420.0,432.0,0.007,4m,4.0,1.5,0.9,224.0,698.0,0.01,4m,2.5,3.5,0.8,766.0,1010.0,0.007,3m,4.0,1.5,0.8,766.0,0.45,10,COMPLETE
10,10,2.998949226196446,2025-06-15 00:52:58.252569,2025-06-15 00:53:03.174040,0 days 00:00:04.921471,640,0.006,4m,1.0,1.0,0.5,52,340.0,0.001,4m,1.0,4.0,2.0,24.0,852.0,0.01,4m,4.0,4.0,0.5,1006.0,454.0,0.003,3m,3.0,4.0,0.6,498.0,982.0,0.001,3m,4.0,1.0,0.7,148.0,1008.0,0.001,4m,4.0,1.5,0.5,1022.0,142.0,0.001,3m,1.5,1.5,0.5,52.0,990.0,0.001,1m,1.0,4.0,2.0,1012.0,990.0,0.006,3m,1.5,1.0,0.5,746.0,542.0,0.004,4m,1.0,4.0,2.0,56.0,0.3,10,COMPLETE
11,11,5.116985571111685,2025-06-15 00:53:03.281562,2025-06-15 00:53:07.349847,0 days 00:00:04.068285,706,0.001,4m,2.5,4.0,0.9,254,16.0,0.004,1m,1.0,3.5,1.6,28.0,46.0,0.007,4m,2.0,1.0,2.0,546.0,582.0,0.006,2m,4.0,2.5,1.0,54.0,1014.0,0.009000000000000001,3m,3.0,1.0,2.0,968.0,372.0,0.008,3m,2.5,1.0,1.7000000000000002,746.0,,,,,,,,,,,,,,,360.0,0.004,2m,1.5,1.5,1.0,78.0,668.0,0.005,4m,1.5,4.0,2.0,280.0,0.2,8,COMPLETE
12,12,4.790119872444758,2025-06-15 00:53:07.446376,2025-06-15 00:53:11.545391,0 days 00:00:04.099015,454,0.001,4m,2.5,4.0,0.5,186,208.0,0.004,1m,4.0,4.0,1.5,270.0,380.0,0.001,4m,1.0,2.0,0.8,698.0,644.0,0.001,1m,3.5,2.5,0.9,88.0,750.0,0.003,1m,2.5,4.0,1.0,360.0,666.0,0.007,1m,1.0,1.5,1.3,24.0,,,,,,,,,,,,,,,422.0,0.004,1m,1.5,2.0,1.3,328.0,742.0,0.01,4m,1.5,3.5,0.5,596.0,0.2,8,COMPLETE
13,13,5.985377428378854,2025-06-15 00:53:11.643925,2025-06-15 00:53:12.265600,0 days 00:00:00.621675,52,0.006,4m,1.0,3.0,0.8,486,,,,,,,,,,,,,,,,,,,,,,,,,,,,,,,,,,,,,,,,,,,,,,,,,,,,,,,,,,,,,,,,0.15000000000000002,1,COMPLETE
14,14,2.4454500005833224,2025-06-15 00:53:12.344115,2025-06-15 00:53:13.376639,0 days 00:00:01.032524,18,0.007,4m,1.0,3.0,1.1,1016,,,,,,,,,,,,,,,,,,,,,,,,,,,,,,,,,,,,,,,,,,,,,,,,,,1010.0,0.008,3m,2.0,4.0,0.5,750.0,,,,,,,,0.35000000000000003,2,COMPLETE
15,15,6.73395466972692,2025-06-15 00:53:13.457157,2025-06-15 00:53:14.081778,0 days 00:00:00.624621,154,0.005,4m,1.5,2.5,1.5,472,,,,,,,,,,,,,,,,,,,,,,,,,,,,,,,,,,,,,,,,,,,,,,,,,,,,,,,,,,,,,,,,0.15000000000000002,1,COMPLETE
16,16,4.441488712065515,2025-06-15 00:53:14.173661,2025-06-15 00:53:17.178826,0 days 00:00:03.005165,186,0.004,4m,1.5,2.0,1.5,422,722.0,0.001,4m,1.5,2.5,0.5,758.0,,,,,,,,96.0,0.003,2m,1.0,4.0,0.9,484.0,68.0,0.001,3m,2.0,2.0,1.2000000000000002,116.0,,,,,,,,,,,,,,,,,,,,,,684.0,0.001,3m,1.0,3.5,1.0,990.0,374.0,0.004,4m,1.5,1.0,1.7000000000000002,36.0,0.25,6,COMPLETE
17,17,-1.715710938621624,2025-06-15 00:53:17.260336,2025-06-15 00:53:17.846842,0 days 00:00:00.586506,164,0.005,2m,2.0,2.5,1.6,158,,,,,,,,,,,,,,,,,,,,,,,,,,,,,,,,,,,,,,,,,,,,,,,,,,,,,,,,,,,,,,,,0.1,1,COMPLETE
18,18,2.867653888089141,2025-06-15 00:53:17.925846,2025-06-15 00:53:22.306062,0 days 00:00:04.380216,284,0.007,1m,2.0,1.5,1.6,580,994.0,0.01,2m,2.0,2.0,0.9,620.0,1002.0,0.003,1m,3.0,3.0,1.0,210.0,360.0,0.008,3m,2.5,3.0,1.3,694.0,690.0,0.004,2m,4.0,2.0,0.5,344.0,16.0,0.004,2m,4.0,2.5,0.9,886.0,42.0,0.001,1m,3.0,3.0,0.5,1012.0,,,,,,,,508.0,0.006,1m,4.0,2.0,0.7,448.0,362.0,0.01,4m,3.5,2.5,1.7000000000000002,220.0,0.35000000000000003,9,COMPLETE
19,19,4.0221178706908685,2025-06-15 00:53:22.378571,2025-06-15 00:53:25.354903,0 days 00:00:02.976332,778,0.003,4m,1.5,2.0,1.7000000000000002,820,240.0,0.003,4m,1.5,3.0,1.7000000000000002,554.0,,,,,,,,34.0,0.001,2m,2.0,3.5,0.7,322.0,656.0,0.007,1m,3.0,2.0,1.4,654.0,,,,,,,,,,,,,,,,,,,,,,708.0,0.008,3m,2.0,3.5,1.1,662.0,504.0,0.001,4m,2.0,2.5,1.5,404.0,0.25,6,COMPLETE
20,20,3.5803021378033315,2025-06-15 00:53:25.420906,2025-06-15 00:53:28.969214,0 days 00:00:03.548308,468,0.01,4m,1.0,2.5,1.4,410,666.0,0.008,4m,2.0,3.0,1.3,794.0,704.0,0.01,2m,3.0,2.5,0.5,356.0,776.0,0.004,2m,3.0,1.0,1.1,362.0,806.0,0.003,3m,2.0,1.5,0.9,290.0,,,,,,,,,,,,,,,,,,,,,,928.0,0.005,3m,2.0,1.0,0.7,848.0,202.0,0.005,4m,3.0,2.0,1.8,142.0,0.15000000000000002,7,COMPLETE
21,21,2.912238475105971,2025-06-15 00:53:29.048719,2025-06-15 00:53:29.699861,0 days 00:00:00.651142,48,0.006,4m,1.0,3.0,0.7,494,,,,,,,,,,,,,,,,,,,,,,,,,,,,,,,,,,,,,,,,,,,,,,,,,,,,,,,,,,,,,,,,0.15000000000000002,1,COMPLETE
22,22,2.913592382341759,2025-06-15 00:53:29.772375,2025-06-15 00:53:30.849824,0 days 00:00:01.077449,130,0.007,4m,1.0,3.5,1.1,412,,,,,,,,,,,,,,,,,,,,,,,,,,,,,,,,,,,,,,,,,,,,,,,,,,762.0,0.002,1m,1.0,2.0,1.4,218.0,,,,,,,,0.1,2,COMPLETE
23,23,-4.523324407585196,2025-06-15 00:53:30.926832,2025-06-15 00:53:31.568584,0 days 00:00:00.641752,236,0.005,4m,1.5,3.5,1.0,144,,,,,,,,,,,,,,,,,,,,,,,,,,,,,,,,,,,,,,,,,,,,,,,,,,,,,,,,,,,,,,,,0.2,1,COMPLETE
24,24,6.152357644126968,2025-06-15 00:53:31.671626,2025-06-15 00:53:32.814885,0 days 00:00:01.143259,368,0.003,4m,1.0,2.5,0.6,588,,,,,,,,,,,,,,,,,,,,,,,,,,,,,,,,,,,,,,,,,,,,,,,,,,514.0,0.008,4m,3.0,1.5,1.1,656.0,,,,,,,,0.15000000000000002,2,COMPLETE
25,25,2.4610986955535,2025-06-15 00:53:32.899399,2025-06-15 00:53:34.066611,0 days 00:00:01.167212,382,0.003,4m,2.0,2.5,0.6,858,,,,,,,,,,,,,,,,,,,,,,,,,,,,,,,,,,,,,,,,,,,,,,,,,,526.0,0.008,4m,3.0,1.5,1.0,652.0,,,,,,,,0.25,2,COMPLETE
26,26,0.3019887721350373,2025-06-15 00:53:34.153149,2025-06-15 00:53:36.362796,0 days 00:00:02.209647,558,0.002,1m,1.5,1.5,1.8,574,,,,,,,,,,,,,,,264.0,0.005,3m,1.0,3.5,1.5,792.0,,,,,,,,,,,,,,,,,,,,,,,,,,,,,362.0,0.007,4m,4.0,1.5,1.2000000000000002,830.0,566.0,0.006,1m,2.0,4.0,1.8,700.0,0.1,4,COMPLETE
27,27,-0.6732124960117092,2025-06-15 00:53:36.433802,2025-06-15 00:53:38.648389,0 days 00:00:02.214587,382,0.003,2m,1.0,1.0,0.6,622,,,,,,,,,,,,,,,402.0,0.008,4m,3.5,3.0,0.7,968.0,,,,,,,,,,,,,,,,,,,,,,,,,,,,,624.0,0.009000000000000001,4m,3.0,1.0,0.8,500.0,876.0,0.003,2m,1.0,2.0,0.8,356.0,0.05,4,COMPLETE
28,28,4.186246194773899,2025-06-15 00:53:38.728901,2025-06-15 00:53:39.804038,0 days 00:00:01.075137,232,0.005,3m,3.0,2.5,1.4,998,,,,,,,,,,,,,,,,,,,,,,,,,,,,,,,,,,,,,,,,,,,,,,,,,,450.0,0.006,4m,2.0,2.0,0.6,666.0,,,,,,,,0.15000000000000002,2,COMPLETE
29,29,2.7354243118164527,2025-06-15 00:53:39.884551,2025-06-15 00:53:41.533972,0 days 00:00:01.649421,334,0.002,3m,1.5,2.0,2.0,702,,,,,,,,,,,,,,,,,,,,,,,,,,,,,,,,,,,,,,,,,,,,,,,,,,330.0,0.005,3m,3.0,2.5,0.9,362.0,442.0,0.007,3m,2.0,3.5,1.9000000000000001,980.0,0.2,3,COMPLETE
30,30,1.3528284137146807,2025-06-15 00:53:41.635491,2025-06-15 00:53:46.349113,0 days 00:00:04.713622,134,0.008,4m,2.0,1.5,1.2000000000000002,780,406.0,0.002,3m,1.0,2.0,1.8,118.0,776.0,0.008,3m,4.0,4.0,1.5,1012.0,808.0,0.003,2m,2.0,4.0,1.1,210.0,176.0,0.01,3m,3.5,2.5,1.6,582.0,890.0,0.01,4m,3.0,2.5,2.0,688.0,966.0,0.005,3m,2.0,2.0,1.2000000000000002,444.0,,,,,,,,576.0,0.009000000000000001,4m,2.5,1.5,1.2000000000000002,1012.0,244.0,0.008,4m,3.0,1.0,1.3,146.0,0.35000000000000003,9,COMPLETE
31,31,-0.6015358282368007,2025-06-15 00:53:46.428119,2025-06-15 00:53:47.116268,0 days 00:00:00.688149,76,0.006,4m,1.0,3.0,0.7,498,,,,,,,,,,,,,,,,,,,,,,,,,,,,,,,,,,,,,,,,,,,,,,,,,,,,,,,,,,,,,,,,0.15000000000000002,1,COMPLETE
32,32,1.7416525534188856,2025-06-15 00:53:47.205293,2025-06-15 00:53:48.755346,0 days 00:00:01.550053,304,0.007,4m,1.0,3.0,0.5,462,,,,,,,,,,,,,,,,,,,,,,,,,,,,,,,,,,,,,,,,,,,,,,,,,,28.0,0.007,3m,3.5,3.5,1.1,572.0,650.0,0.01,4m,3.0,2.5,1.5,680.0,0.1,3,COMPLETE
33,33,1.43612577106012,2025-06-15 00:53:48.836347,2025-06-15 00:53:49.462459,0 days 00:00:00.626112,222,0.008,4m,1.0,3.5,0.7,532,,,,,,,,,,,,,,,,,,,,,,,,,,,,,,,,,,,,,,,,,,,,,,,,,,,,,,,,,,,,,,,,0.15000000000000002,1,COMPLETE
34,34,-2.4006740428477977,2025-06-15 00:53:49.531462,2025-06-15 00:53:50.709194,0 days 00:00:01.177732,66,0.01,4m,1.5,2.0,0.8,336,,,,,,,,,,,,,,,,,,,,,,,,,,,,,,,,,,,,,,,,,,,,,,,,,,758.0,0.008,4m,2.0,2.0,0.6,800.0,,,,,,,,0.3,2,COMPLETE
35,35,3.323786525239836,2025-06-15 00:53:50.771709,2025-06-15 00:53:53.442490,0 days 00:00:02.670781,390,0.004,2m,1.5,2.5,0.6,228,202.0,0.005,2m,2.5,1.0,0.9,420.0,,,,,,,,220.0,0.005,2m,3.5,2.0,0.8,398.0,,,,,,,,,,,,,,,,,,,,,,,,,,,,,916.0,0.003,3m,1.0,2.5,0.9,704.0,40.0,0.009000000000000001,1m,1.5,4.0,0.9,866.0,0.2,5,COMPLETE
36,36,3.2103443256993107,2025-06-15 00:53:53.528002,2025-06-15 00:53:54.604695,0 days 00:00:01.076693,518,0.006,1m,1.0,3.0,0.9,362,,,,,,,,,,,,,,,,,,,,,,,,,,,,,,,,,,,,,,,,,,,,,,,,,,276.0,0.005,1m,3.0,3.0,1.4,426.0,,,,,,,,0.25,2,COMPLETE
37,37,5.967837567381244,2025-06-15 00:53:54.677570,2025-06-15 00:53:55.266472,0 days 00:00:00.588902,120,0.008,4m,1.5,2.5,0.5,936,,,,,,,,,,,,,,,,,,,,,,,,,,,,,,,,,,,,,,,,,,,,,,,,,,,,,,,,,,,,,,,,0.05,1,COMPLETE
38,38,-0.04281320177034073,2025-06-15 00:53:55.343470,2025-06-15 00:53:57.045344,0 days 00:00:01.701874,180,0.002,4m,3.0,2.0,1.3,664,,,,,,,,,,,,,,,,,,,,,,,,,,,,,,,,,,,,,,,,,,,,,,,,,,796.0,0.009000000000000001,2m,2.5,1.0,1.4,314.0,672.0,0.004,3m,3.5,1.5,1.2000000000000002,324.0,0.15000000000000002,3,COMPLETE
39,39,1.2626445776525193,2025-06-15 00:53:57.140362,2025-06-15 00:53:59.130480,0 days 00:00:01.990118,292,0.005,3m,1.0,3.5,0.7,570,,,,,,,,,,,,,,,730.0,0.002,3m,1.5,3.5,0.5,598.0,,,,,,,,,,,,,,,,,,,,,,,,,,,,,440.0,0.003,4m,4.0,4.0,1.1,910.0,274.0,0.006,2m,2.0,3.5,1.5,174.0,0.1,4,COMPLETE
40,40,3.9447878366665763,2025-06-15 00:53:59.213521,2025-06-15 00:54:02.738965,0 days 00:00:03.525444,22,0.009000000000000001,4m,1.5,3.0,0.8,18,526.0,0.005,4m,1.5,4.0,1.3,174.0,548.0,0.004,1m,2.5,3.0,0.9,400.0,498.0,0.007,4m,3.0,2.5,1.4,144.0,540.0,0.003,1m,1.0,1.0,1.1,18.0,,,,,,,,,,,,,,,,,,,,,,130.0,0.009000000000000001,1m,1.5,3.0,2.0,612.0,448.0,0.003,4m,1.0,3.0,1.9000000000000001,482.0,0.2,7,COMPLETE
41,41,-1.2406151953819797,2025-06-15 00:54:02.836478,2025-06-15 00:54:03.544602,0 days 00:00:00.708124,106,0.008,4m,1.5,2.5,0.5,912,,,,,,,,,,,,,,,,,,,,,,,,,,,,,,,,,,,,,,,,,,,,,,,,,,,,,,,,,,,,,,,,0.05,1,COMPLETE
42,42,-0.45027027603480313,2025-06-15 00:54:03.623113,2025-06-15 00:54:04.290251,0 days 00:00:00.667138,134,0.008,4m,3.5,2.5,0.6,750,,,,,,,,,,,,,,,,,,,,,,,,,,,,,,,,,,,,,,,,,,,,,,,,,,,,,,,,,,,,,,,,0.05,1,COMPLETE
43,43,-0.23975867743454785,2025-06-15 00:54:04.362768,2025-06-15 00:54:05.605599,0 days 00:00:01.242831,244,0.007,4m,2.0,2.0,0.5,934,,,,,,,,,,,,,,,,,,,,,,,,,,,,,,,,,,,,,,,,,,,,,,,,,,646.0,0.006,3m,3.0,3.0,1.6,248.0,,,,,,,,0.15000000000000002,2,COMPLETE
44,44,4.709035669784273,2025-06-15 00:54:05.686275,2025-06-15 00:54:06.620480,0 days 00:00:00.934205,336,0.009000000000000001,4m,1.0,3.0,0.7,292,,,,,,,,,,,,,,,,,,,,,,,,,,,,,,,,,,,,,,,,,,,,,,,,,,,,,,,,,,,,,,,,0.1,1,COMPLETE
45,45,1.060641250807624,2025-06-15 00:54:06.714512,2025-06-15 00:54:09.743129,0 days 00:00:03.028617,192,0.004,4m,1.0,2.5,1.0,108,,,,,,,,,,,,,,,,,,,,,,,,,,,,,,,,,,,,,,,,,,,,,,,,,,496.0,0.007,4m,3.5,1.5,0.7,538.0,876.0,0.007,3m,3.5,2.0,1.7000000000000002,388.0,0.05,3,COMPLETE
46,46,-1.0018042805666343,2025-06-15 00:54:09.853166,2025-06-15 00:54:11.859554,0 days 00:00:02.006388,110,0.006,1m,1.5,1.0,0.6,464,,,,,,,,,,,,,,,,,,,,,,,,,,,,,,,,,,,,,,,,,,,,,,,,,,926.0,0.01,2m,1.0,2.5,0.9,150.0,,,,,,,,0.2,2,COMPLETE
47,47,-1.0645935377200344,2025-06-15 00:54:11.960067,2025-06-15 00:54:18.188499,0 days 00:00:06.228432,164,0.009000000000000001,2m,1.5,2.0,0.5,370,776.0,0.002,4m,3.0,3.0,1.0,668.0,1022.0,0.001,4m,3.0,2.0,1.3,846.0,28.0,0.007,2m,2.5,1.0,1.1,16.0,842.0,0.005,4m,2.0,3.0,1.4,796.0,738.0,0.001,4m,3.0,4.0,0.8,166.0,402.0,0.005,2m,3.0,3.0,1.1,796.0,,,,,,,,98.0,0.008,4m,2.5,3.5,1.3,950.0,586.0,0.001,1m,1.5,2.5,0.6,500.0,0.5,9,COMPLETE
48,48,4.709419858527037,2025-06-15 00:54:18.276015,2025-06-15 00:54:18.856629,0 days 00:00:00.580614,874,0.008,4m,2.0,1.5,0.8,214,,,,,,,,,,,,,,,,,,,,,,,,,,,,,,,,,,,,,,,,,,,,,,,,,,,,,,,,,,,,,,,,0.3,1,COMPLETE
49,49,3.7295465870578908,2025-06-15 00:54:18.927629,2025-06-15 00:54:24.157762,0 days 00:00:05.230133,16,0.01,4m,1.0,2.5,1.4,918,294.0,0.007,1m,4.0,2.5,1.4,980.0,130.0,0.005,1m,2.0,3.5,0.7,388.0,350.0,0.004,2m,1.5,3.0,1.7000000000000002,410.0,510.0,0.002,2m,2.5,1.5,0.8,466.0,130.0,0.004,2m,1.0,2.0,1.1,684.0,324.0,0.003,3m,1.0,1.0,0.9,102.0,38.0,0.01,2m,2.5,3.5,0.5,792.0,248.0,0.009000000000000001,2m,3.5,4.0,1.7000000000000002,464.0,128.0,0.005,2m,2.0,4.0,1.4,910.0,0.15000000000000002,10,COMPLETE
50,50,4.796868478131167,2025-06-15 00:54:24.242291,2025-06-15 00:54:27.349534,0 days 00:00:03.107243,434,0.007,3m,1.5,3.0,1.5,656,130.0,0.004,2m,1.5,1.5,2.0,396.0,,,,,,,,162.0,0.002,3m,3.5,2.0,1.2000000000000002,694.0,280.0,0.007,3m,1.5,1.5,2.0,210.0,,,,,,,,,,,,,,,,,,,,,,586.0,0.007,3m,2.0,2.5,0.6,392.0,876.0,0.009000000000000001,4m,3.0,3.5,1.0,626.0,0.1,6,COMPLETE
51,51,3.029607565779585,2025-06-15 00:54:27.431043,2025-06-15 00:54:31.670538,0 days 00:00:04.239495,508,0.002,4m,2.5,4.0,0.9,310,130.0,0.006,1m,3.0,3.5,1.5,156.0,308.0,0.008,4m,1.5,1.0,2.0,608.0,626.0,0.006,1m,4.0,2.0,2.0,138.0,904.0,0.008,4m,3.0,4.0,1.7000000000000002,974.0,342.0,0.006,1m,2.0,1.0,1.4,480.0,,,,,,,,,,,,,,,210.0,0.004,2m,1.5,3.5,1.6,50.0,768.0,0.008,1m,2.5,3.5,0.7,560.0,0.2,8,COMPLETE
52,52,7.745470835943147,2025-06-15 00:54:31.755051,2025-06-15 00:54:36.306612,0 days 00:00:04.551561,586,0.003,4m,2.5,4.0,0.6,282,106.0,0.007,1m,3.5,3.5,1.6,232.0,260.0,0.007,4m,1.5,1.5,1.7000000000000002,778.0,554.0,0.006,1m,4.0,2.0,1.9000000000000001,200.0,912.0,0.01,4m,3.5,3.0,1.8,830.0,382.0,0.009000000000000001,3m,3.0,1.5,1.6,384.0,660.0,0.008,2m,2.5,2.5,1.8,642.0,,,,,,,,302.0,0.002,2m,1.5,3.0,1.8,118.0,818.0,0.008,1m,2.5,3.0,0.5,528.0,0.15000000000000002,9,COMPLETE
53,53,4.8309491668445395,2025-06-15 00:54:36.393131,2025-06-15 00:54:41.017337,0 days 00:00:04.624206,632,0.003,4m,3.5,4.0,0.5,118,420.0,0.008,1m,3.5,4.0,1.7000000000000002,106.0,178.0,0.008,4m,1.5,2.0,1.1,838.0,696.0,0.008,1m,3.5,2.5,1.8,308.0,630.0,0.01,4m,3.5,3.0,1.5,844.0,562.0,0.01,3m,3.5,2.0,1.7000000000000002,290.0,706.0,0.008,2m,2.5,2.5,1.8,644.0,,,,,,,,302.0,0.002,2m,1.5,4.0,1.8,710.0,928.0,0.007,1m,2.0,3.0,1.2000000000000002,440.0,0.15000000000000002,9,COMPLETE
54,54,4.128749502160194,2025-06-15 00:54:41.080557,2025-06-15 00:54:46.369852,0 days 00:00:05.289295,592,0.004,4m,2.5,4.0,0.6,252,326.0,0.01,1m,3.5,3.0,1.8,354.0,458.0,0.006,4m,2.5,1.5,1.4,828.0,880.0,0.005,1m,2.5,1.5,1.4,162.0,884.0,0.004,4m,3.5,2.5,1.9000000000000001,668.0,248.0,0.009000000000000001,3m,3.0,2.0,1.7000000000000002,622.0,638.0,0.008,2m,2.5,2.5,1.6,308.0,880.0,0.002,3m,4.0,1.0,1.8,52.0,360.0,0.002,2m,1.0,3.0,2.0,148.0,622.0,0.006,1m,2.5,3.0,0.5,658.0,0.1,10,COMPLETE
55,55,1.769780286365268,2025-06-15 00:54:46.460863,2025-06-15 00:54:47.051468,0 days 00:00:00.590605,726,0.003,4m,3.0,3.5,0.7,440,,,,,,,,,,,,,,,,,,,,,,,,,,,,,,,,,,,,,,,,,,,,,,,,,,,,,,,,,,,,,,,,0.25,1,COMPLETE
