,number,value,datetime_start,datetime_complete,duration,params_ADSK_BIIB_beta_win,params_ADSK_BIIB_stop_loss,params_ADSK_BIIB_trade_freq,params_ADSK_BIIB_z_entry,params_ADSK_BIIB_z_exit,params_ADSK_BIIB_z_stop_scaler,params_ADSK_BIIB_z_win,params_ADSK_ZM_beta_win,params_ADSK_ZM_stop_loss,params_ADSK_ZM_trade_freq,params_ADSK_ZM_z_entry,params_ADSK_ZM_z_exit,params_ADSK_ZM_z_stop_scaler,params_ADSK_ZM_z_win,params_ASML_CPRT_beta_win,params_ASML_CPRT_stop_loss,params_ASML_CPRT_trade_freq,params_ASML_CPRT_z_entry,params_ASML_CPRT_z_exit,params_ASML_CPRT_z_stop_scaler,params_ASML_CPRT_z_win,params_ASML_EBAY_beta_win,params_ASML_EBAY_stop_loss,params_ASML_EBAY_trade_freq,params_ASML_EBAY_z_entry,params_ASML_EBAY_z_exit,params_ASML_EBAY_z_stop_scaler,params_ASML_EBAY_z_win,params_BIIB_ZM_beta_win,params_BIIB_ZM_stop_loss,params_BIIB_ZM_trade_freq,params_BIIB_ZM_z_entry,params_BIIB_ZM_z_exit,params_BIIB_ZM_z_stop_scaler,params_BIIB_ZM_z_win,params_DLTR_EA_beta_win,params_DLTR_EA_stop_loss,params_DLTR_EA_trade_freq,params_DLTR_EA_z_entry,params_DLTR_EA_z_exit,params_DLTR_EA_z_stop_scaler,params_DLTR_EA_z_win,params_FAST_TXN_beta_win,params_FAST_TXN_stop_loss,params_FAST_TXN_trade_freq,params_FAST_TXN_z_entry,params_FAST_TXN_z_exit,params_FAST_TXN_z_stop_scaler,params_FAST_TXN_z_win,params_KLAC_PYPL_beta_win,params_KLAC_PYPL_stop_loss,params_KLAC_PYPL_trade_freq,params_KLAC_PYPL_z_entry,params_KLAC_PYPL_z_exit,params_KLAC_PYPL_z_stop_scaler,params_KLAC_PYPL_z_win,params_LRCX_NXPI_beta_win,params_LRCX_NXPI_stop_loss,params_LRCX_NXPI_trade_freq,params_LRCX_NXPI_z_entry,params_LRCX_NXPI_z_exit,params_LRCX_NXPI_z_stop_scaler,params_LRCX_NXPI_z_win,params_MRNA_TXN_beta_win,params_MRNA_TXN_stop_loss,params_MRNA_TXN_trade_freq,params_MRNA_TXN_z_entry,params_MRNA_TXN_z_exit,params_MRNA_TXN_z_stop_scaler,params_MRNA_TXN_z_win,params_buffer_capital,params_pairs_to_trade,state
132,132,9.475879287133528,2025-06-15 01:00:39.256458,2025-06-15 01:00:43.932776,0 days 00:00:04.676318,682.0,0.006,4m,2.0,4.0,1.2000000000000002,636.0,940.0,0.003,4m,4.0,1.0,0.6,558.0,264,0.004,4m,4.0,3.0,0.9,262,112.0,0.001,3m,1.5,1.0,1.8,192.0,376.0,0.01,4m,4.0,4.0,1.3,930.0,354.0,0.004,3m,1.5,2.5,1.1,686.0,362.0,0.003,4m,1.0,2.5,0.7,918.0,,,,,,,,922.0,0.007,4m,3.5,1.5,0.6,202.0,504.0,0.007,2m,1.0,4.0,1.9000000000000001,946.0,0.2,9,COMPLETE
133,133,5.501802944198013,2025-06-15 01:00:44.013287,2025-06-15 01:00:49.339391,0 days 00:00:05.326104,710.0,0.006,4m,2.0,4.0,2.0,650.0,930.0,0.003,4m,4.0,1.0,0.5,522.0,278,0.004,3m,4.0,3.0,1.0,206,158.0,0.005,3m,1.5,1.0,1.9000000000000001,218.0,434.0,0.009000000000000001,4m,4.0,4.0,1.3,958.0,348.0,0.004,3m,1.5,2.5,1.1,642.0,268.0,0.003,4m,1.0,1.5,0.7,902.0,608.0,0.002,3m,4.0,4.0,1.8,596.0,928.0,0.007,4m,3.5,1.5,0.5,126.0,918.0,0.007,2m,1.0,4.0,1.9000000000000001,964.0,0.25,10,COMPLETE
134,134,8.275457785911449,2025-06-15 01:00:49.434904,2025-06-15 01:00:54.215339,0 days 00:00:04.780435,732.0,0.007,4m,2.0,4.0,1.2000000000000002,784.0,840.0,0.003,4m,4.0,1.0,0.6,470.0,64,0.003,4m,4.0,3.0,0.7,328,90.0,0.001,3m,1.5,1.0,2.0,158.0,690.0,0.01,4m,4.0,4.0,1.3,930.0,374.0,0.004,3m,1.5,2.0,1.1,706.0,366.0,0.003,4m,1.0,2.5,1.4,994.0,,,,,,,,712.0,0.008,4m,3.5,1.5,0.6,198.0,504.0,0.007,2m,1.0,4.0,2.0,934.0,0.15000000000000002,9,COMPLETE
135,135,7.264907783897053,2025-06-15 01:00:54.318373,2025-06-15 01:00:59.680828,0 days 00:00:05.362455,692.0,0.006,4m,1.0,4.0,1.9000000000000001,616.0,986.0,0.003,4m,4.0,1.5,1.3,504.0,332,0.004,3m,4.0,3.0,0.8,278,60.0,0.002,3m,1.5,1.0,1.8,902.0,618.0,0.01,2m,4.0,4.0,1.4,988.0,432.0,0.005,3m,2.0,2.0,1.0,424.0,400.0,0.004,1m,1.0,3.0,0.5,870.0,640.0,0.004,2m,3.5,3.5,0.9,706.0,962.0,0.007,1m,4.0,1.5,0.6,640.0,534.0,0.006,2m,1.0,4.0,1.9000000000000001,862.0,0.2,10,COMPLETE
136,136,4.845635849491775,2025-06-15 01:00:59.775329,2025-06-15 01:01:04.545036,0 days 00:00:04.769707,646.0,0.005,4m,2.0,4.0,1.2000000000000002,534.0,942.0,0.007,4m,4.0,1.0,0.7,552.0,184,0.005,4m,4.0,2.5,0.9,260,118.0,0.001,3m,1.5,1.0,1.7000000000000002,88.0,358.0,0.009000000000000001,4m,4.0,4.0,1.9000000000000001,968.0,162.0,0.004,3m,1.5,2.5,1.1,572.0,116.0,0.003,3m,1.0,1.5,0.6,628.0,,,,,,,,860.0,0.007,4m,4.0,2.5,0.5,94.0,476.0,0.007,2m,1.5,4.0,1.7000000000000002,884.0,0.25,9,COMPLETE
137,137,5.408560953808178,2025-06-15 01:01:04.638146,2025-06-15 01:01:09.802073,0 days 00:00:05.163927,602.0,0.009000000000000001,3m,2.5,2.0,1.1,712.0,886.0,0.006,1m,3.5,1.0,1.2000000000000002,258.0,78,0.002,3m,3.5,3.0,1.0,166,170.0,0.001,2m,1.5,3.0,1.9000000000000001,258.0,376.0,0.006,4m,4.0,4.0,2.0,938.0,292.0,0.003,4m,1.5,3.5,0.8,372.0,466.0,0.003,4m,2.5,3.5,0.6,264.0,98.0,0.001,4m,2.5,3.5,2.0,640.0,342.0,0.006,4m,3.5,1.0,1.9000000000000001,522.0,510.0,0.007,2m,1.0,3.5,1.8,794.0,0.05,10,COMPLETE
138,138,7.873605574994799,2025-06-15 01:01:09.884076,2025-06-15 01:01:14.991025,0 days 00:00:05.106949,442.0,0.009000000000000001,2m,2.0,3.0,1.3,768.0,706.0,0.003,4m,3.0,1.0,0.8,718.0,16,0.001,1m,4.0,3.5,0.9,358,142.0,0.002,4m,1.5,2.5,1.8,462.0,252.0,0.007,4m,3.5,4.0,1.1,916.0,350.0,0.006,3m,2.0,1.5,1.8,732.0,330.0,0.002,4m,1.0,2.0,0.7,918.0,1014.0,0.002,4m,1.0,4.0,0.6,572.0,882.0,0.007,1m,2.5,2.0,0.6,320.0,300.0,0.009000000000000001,3m,1.0,3.0,2.0,948.0,0.15000000000000002,10,COMPLETE
139,139,-5.037030140741461,2025-06-15 01:01:15.080541,2025-06-15 01:01:19.664443,0 days 00:00:04.583902,562.0,0.006,4m,2.0,4.0,0.7,670.0,964.0,0.002,4m,4.0,1.5,0.7,448.0,104,0.003,3m,4.0,4.0,1.5,196,34.0,0.001,3m,2.0,1.5,1.5,138.0,728.0,0.01,1m,2.0,2.0,1.0,1002.0,412.0,0.004,1m,1.0,2.0,0.5,540.0,1018.0,0.006,2m,1.0,4.0,0.5,954.0,,,,,,,,944.0,0.008,4m,4.0,1.0,0.5,174.0,716.0,0.006,4m,1.0,2.5,1.9000000000000001,978.0,0.1,9,COMPLETE
140,140,2.7180450002431944,2025-06-15 01:01:19.747958,2025-06-15 01:01:22.556519,0 days 00:00:02.808561,410.0,0.009000000000000001,3m,2.0,4.0,0.8,394.0,634.0,0.004,4m,4.0,1.0,0.9,634.0,226,0.001,4m,4.0,4.0,0.8,228,,,,,,,,326.0,0.007,4m,4.0,4.0,1.2000000000000002,1022.0,,,,,,,,,,,,,,,,,,,,,,910.0,0.01,4m,3.0,2.5,0.6,276.0,,,,,,,,0.1,5,COMPLETE
141,141,7.585860856662638,2025-06-15 01:01:22.648035,2025-06-15 01:01:27.302342,0 days 00:00:04.654307,666.0,0.006,4m,2.0,4.0,1.1,604.0,918.0,0.004,4m,4.0,1.0,0.6,548.0,264,0.003,4m,4.0,3.0,0.9,242,110.0,0.001,3m,1.5,1.0,1.8,186.0,422.0,0.01,4m,4.0,3.0,1.3,886.0,324.0,0.004,3m,1.5,2.5,0.6,676.0,428.0,0.002,4m,1.0,2.5,0.9,852.0,,,,,,,,918.0,0.007,4m,3.5,1.5,0.7,228.0,428.0,0.008,2m,1.0,4.0,1.9000000000000001,922.0,0.2,9,COMPLETE
142,142,9.60059201125949,2025-06-15 01:01:27.383345,2025-06-15 01:01:32.555858,0 days 00:00:05.172513,682.0,0.006,4m,2.0,4.0,1.0,584.0,1002.0,0.004,4m,4.0,1.0,0.5,500.0,314,0.003,4m,4.0,3.0,1.8,300,76.0,0.001,3m,1.5,1.0,1.8,194.0,384.0,0.01,4m,4.0,3.5,1.5,858.0,268.0,0.004,3m,1.5,2.5,0.6,692.0,362.0,0.001,4m,1.0,2.5,0.8,784.0,802.0,0.003,4m,3.5,3.5,0.5,510.0,938.0,0.007,4m,3.5,1.5,0.7,208.0,386.0,0.008,2m,1.0,4.0,2.0,900.0,0.2,10,COMPLETE
143,143,7.761663713565538,2025-06-15 01:01:32.656371,2025-06-15 01:01:37.939900,0 days 00:00:05.283529,686.0,0.006,4m,2.0,4.0,1.0,570.0,1016.0,0.005,4m,4.0,1.0,0.5,374.0,316,0.004,4m,4.0,3.0,1.8,292,72.0,0.001,3m,1.5,1.0,1.6,228.0,348.0,0.01,4m,4.0,3.0,1.4,824.0,230.0,0.004,3m,1.5,2.5,0.6,604.0,380.0,0.001,4m,1.0,2.5,0.9,586.0,824.0,0.003,4m,3.5,3.5,0.5,518.0,1022.0,0.007,4m,3.5,1.5,0.8,200.0,350.0,0.007,2m,1.0,4.0,2.0,1020.0,0.2,10,COMPLETE
144,144,8.084489996778101,2025-06-15 01:01:38.033418,2025-06-15 01:01:43.281680,0 days 00:00:05.248262,626.0,0.006,4m,2.0,4.0,0.9,628.0,988.0,0.004,4m,4.0,2.0,0.5,136.0,304,0.003,4m,4.0,3.0,1.6,312,88.0,0.001,3m,1.5,1.0,1.9000000000000001,282.0,376.0,0.01,4m,4.0,4.0,1.5,352.0,260.0,0.003,3m,1.5,2.5,0.7,648.0,352.0,0.001,4m,1.0,3.0,0.7,506.0,796.0,0.002,4m,3.5,3.5,0.5,334.0,936.0,0.006,4m,3.5,1.5,0.7,146.0,386.0,0.008,2m,1.0,4.0,0.7,892.0,0.25,10,COMPLETE
145,145,9.137273300815504,2025-06-15 01:01:43.370703,2025-06-15 01:01:48.613432,0 days 00:00:05.242729,706.0,0.005,4m,2.0,4.0,1.1,500.0,1006.0,0.005,4m,4.0,1.0,0.5,672.0,78,0.001,4m,4.0,2.5,1.9000000000000001,264,16.0,0.001,1m,1.0,1.0,2.0,146.0,312.0,0.01,4m,4.0,3.5,1.9000000000000001,854.0,202.0,0.005,4m,1.5,2.0,1.2000000000000002,758.0,186.0,0.001,4m,1.0,1.5,1.2000000000000002,666.0,530.0,0.005,4m,3.5,3.0,0.6,606.0,980.0,0.007,4m,4.0,1.0,0.6,212.0,462.0,0.01,2m,1.5,4.0,2.0,840.0,0.2,10,COMPLETE
146,146,6.489679727390636,2025-06-15 01:01:48.694437,2025-06-15 01:01:53.868300,0 days 00:00:05.173863,768.0,0.005,4m,2.5,2.0,1.0,576.0,1006.0,0.004,4m,4.0,1.0,0.5,580.0,54,0.001,4m,4.0,2.5,1.9000000000000001,268,26.0,0.001,1m,1.0,1.0,2.0,68.0,394.0,0.01,4m,4.0,3.5,1.9000000000000001,848.0,212.0,0.005,4m,1.5,3.0,1.2000000000000002,762.0,180.0,0.001,4m,1.5,2.5,1.3,1002.0,564.0,0.005,4m,3.5,3.0,0.6,618.0,894.0,0.007,1m,3.5,1.0,0.6,262.0,460.0,0.01,2m,1.5,4.0,2.0,842.0,0.2,10,COMPLETE
147,147,9.552058819225648,2025-06-15 01:01:53.944814,2025-06-15 01:01:59.063054,0 days 00:00:05.118240,700.0,0.005,4m,2.0,4.0,1.1,506.0,1024.0,0.005,2m,4.0,1.0,0.6,38.0,344,0.001,4m,4.0,2.5,1.9000000000000001,206,48.0,0.003,1m,1.0,1.0,2.0,34.0,444.0,0.001,2m,4.0,3.0,1.8,752.0,202.0,0.005,4m,1.5,4.0,1.2000000000000002,790.0,242.0,0.001,3m,2.0,1.5,1.2000000000000002,708.0,524.0,0.004,4m,3.5,3.0,0.7,670.0,984.0,0.009000000000000001,4m,4.0,1.0,0.7,214.0,534.0,0.01,1m,2.0,4.0,1.8,826.0,0.2,10,COMPLETE
148,148,5.605044571717922,2025-06-15 01:01:59.150567,2025-06-15 01:02:04.332281,0 days 00:00:05.181714,736.0,0.005,4m,1.0,3.5,1.2000000000000002,544.0,1024.0,0.003,2m,3.5,1.0,0.6,32.0,344,0.002,4m,3.5,2.5,1.9000000000000001,126,48.0,0.003,1m,1.0,1.0,2.0,34.0,550.0,0.002,2m,2.5,3.0,1.8,972.0,178.0,0.005,4m,1.5,4.0,1.3,908.0,242.0,0.001,3m,2.0,1.5,0.5,636.0,372.0,0.003,4m,3.0,2.5,0.7,746.0,996.0,0.009000000000000001,2m,3.0,1.0,0.7,294.0,550.0,0.01,1m,2.0,4.0,1.8,822.0,0.2,10,COMPLETE
149,149,1.63964658827489,2025-06-15 01:02:04.427798,2025-06-15 01:02:09.603014,0 days 00:00:05.175216,658.0,0.004,4m,1.5,2.5,1.1,814.0,974.0,0.006,2m,4.0,1.0,0.6,486.0,284,0.001,4m,4.0,2.5,1.8,182,68.0,0.004,1m,1.0,1.0,1.7000000000000002,22.0,442.0,0.001,2m,4.0,3.0,1.6,720.0,140.0,0.004,4m,2.0,4.0,1.1,824.0,286.0,0.001,3m,2.0,3.0,0.6,706.0,518.0,0.004,4m,3.5,3.5,0.7,672.0,960.0,0.009000000000000001,3m,2.5,1.0,0.7,230.0,574.0,0.01,1m,2.0,3.5,1.8,942.0,0.25,10,COMPLETE
