,number,value,datetime_start,datetime_complete,duration,params_AAPL_INTU_beta_win,params_AAPL_INTU_stop_loss,params_AAPL_INTU_trade_freq,params_AAPL_INTU_z_entry,params_AAPL_INTU_z_exit,params_AAPL_INTU_z_stop_scaler,params_AAPL_INTU_z_win,params_ABNB_GEHCV_beta_win,params_ABNB_GEHCV_stop_loss,params_ABNB_GEHCV_trade_freq,params_ABNB_GEHCV_z_entry,params_ABNB_GEHCV_z_exit,params_ABNB_GEHCV_z_stop_scaler,params_ABNB_GEHCV_z_win,params_ADP_MELI_beta_win,params_ADP_MELI_stop_loss,params_ADP_MELI_trade_freq,params_ADP_MELI_z_entry,params_ADP_MELI_z_exit,params_ADP_MELI_z_stop_scaler,params_ADP_MELI_z_win,params_AMAT_AEP_beta_win,params_AMAT_AEP_stop_loss,params_AMAT_AEP_trade_freq,params_AMAT_AEP_z_entry,params_AMAT_AEP_z_exit,params_AMAT_AEP_z_stop_scaler,params_AMAT_AEP_z_win,params_AMZN_LRCX_beta_win,params_AMZN_LRCX_stop_loss,params_AMZN_LRCX_trade_freq,params_AMZN_LRCX_z_entry,params_AMZN_LRCX_z_exit,params_AMZN_LRCX_z_stop_scaler,params_AMZN_LRCX_z_win,params_CSGP_ILMN_beta_win,params_CSGP_ILMN_stop_loss,params_CSGP_ILMN_trade_freq,params_CSGP_ILMN_z_entry,params_CSGP_ILMN_z_exit,params_CSGP_ILMN_z_stop_scaler,params_CSGP_ILMN_z_win,params_CSX_ILMN_beta_win,params_CSX_ILMN_stop_loss,params_CSX_ILMN_trade_freq,params_CSX_ILMN_z_entry,params_CSX_ILMN_z_exit,params_CSX_ILMN_z_stop_scaler,params_CSX_ILMN_z_win,params_DDOG_ILMN_beta_win,params_DDOG_ILMN_stop_loss,params_DDOG_ILMN_trade_freq,params_DDOG_ILMN_z_entry,params_DDOG_ILMN_z_exit,params_DDOG_ILMN_z_stop_scaler,params_DDOG_ILMN_z_win,params_EXC_GEHCV_beta_win,params_EXC_GEHCV_stop_loss,params_EXC_GEHCV_trade_freq,params_EXC_GEHCV_z_entry,params_EXC_GEHCV_z_exit,params_EXC_GEHCV_z_stop_scaler,params_EXC_GEHCV_z_win,params_GILD_WBA_beta_win,params_GILD_WBA_stop_loss,params_GILD_WBA_trade_freq,params_GILD_WBA_z_entry,params_GILD_WBA_z_exit,params_GILD_WBA_z_stop_scaler,params_GILD_WBA_z_win,params_buffer_capital,params_pairs_to_trade,state
125,125,-0.0097870477522329,2025-06-15 01:28:03.288228,2025-06-15 01:28:04.967727,0 days 00:00:01.679499,,,,,,,,,,,,,,,,,,,,,,,,,,,,,752,0.004,3m,4.0,2.5,1.1,74,670.0,0.003,3m,3.5,1.5,0.7,560.0,542.0,0.006,2m,3.0,1.0,0.8,124.0,,,,,,,,,,,,,,,,,,,,,,0.25,3,COMPLETE
126,126,9.269712164036426,2025-06-15 01:28:05.020966,2025-06-15 01:28:06.551224,0 days 00:00:01.530258,,,,,,,,,,,,,,,,,,,,,,,,,,,,,746,0.003,3m,4.0,2.5,1.1,88,698.0,0.004,3m,3.5,1.5,0.7,514.0,602.0,0.006,2m,3.0,1.0,1.0,138.0,,,,,,,,,,,,,,,,,,,,,,0.25,3,COMPLETE
127,127,0.2204628559964979,2025-06-15 01:28:06.608506,2025-06-15 01:28:08.279581,0 days 00:00:01.671075,,,,,,,,,,,,,,,,,,,,,,,,,,,,,778,0.004,3m,3.5,3.0,1.2000000000000002,88,652.0,0.004,1m,3.0,1.5,0.6,516.0,580.0,0.007,4m,3.0,1.0,1.0,198.0,,,,,,,,,,,,,,,,,,,,,,0.25,3,COMPLETE
128,128,6.622299678645868,2025-06-15 01:28:08.343297,2025-06-15 01:28:09.502153,0 days 00:00:01.158856,,,,,,,,,,,,,,,,,,,,,,,,,,,,,798,0.003,3m,4.0,2.5,1.1,32,700.0,0.003,3m,3.5,1.5,0.7,540.0,,,,,,,,,,,,,,,,,,,,,,,,,,,,,0.25,2,COMPLETE
129,129,-0.5101545860770855,2025-06-15 01:28:09.554014,2025-06-15 01:28:10.686231,0 days 00:00:01.132217,,,,,,,,,,,,,,,,,,,,,,,,,,,,,740,0.002,3m,4.0,2.5,1.0,52,698.0,0.003,3m,3.5,1.5,0.7,568.0,,,,,,,,,,,,,,,,,,,,,,,,,,,,,0.25,2,COMPLETE
130,130,-3.747003841527873,2025-06-15 01:28:10.753748,2025-06-15 01:28:11.957958,0 days 00:00:01.204210,,,,,,,,,,,,,,,,,,,,,,,,,,,,,680,0.003,3m,4.0,2.5,1.1,36,632.0,0.002,3m,3.5,2.0,0.5,554.0,,,,,,,,,,,,,,,,,,,,,,,,,,,,,0.25,2,COMPLETE
131,131,0.6607097774452136,2025-06-15 01:28:12.006978,2025-06-15 01:28:13.423825,0 days 00:00:01.416847,,,,,,,,,,,,,,,,,,,,,,,,,,,,,804,0.003,3m,4.0,2.5,1.2000000000000002,108,540.0,0.003,3m,3.5,1.5,0.7,512.0,612.0,0.006,2m,3.0,1.0,0.9,126.0,,,,,,,,,,,,,,,,,,,,,,0.3,3,COMPLETE
132,132,5.358071075620638,2025-06-15 01:28:13.477017,2025-06-15 01:28:14.496427,0 days 00:00:01.019410,,,,,,,,,,,,,,,,,,,,,,,,,,,,,764,0.003,3m,4.0,2.5,1.1,54,686.0,0.002,3m,3.5,1.5,0.6,540.0,,,,,,,,,,,,,,,,,,,,,,,,,,,,,0.25,2,COMPLETE
133,133,4.198743993029498,2025-06-15 01:28:14.550784,2025-06-15 01:28:16.297705,0 days 00:00:01.746921,,,,,,,,,,,,,,,,,,,,,,,,,,,,,742,0.003,3m,3.5,2.5,1.2000000000000002,80,712.0,0.004,3m,3.0,1.5,0.8,586.0,528.0,0.006,2m,3.5,1.0,0.9,472.0,,,,,,,,,,,,,,,,,,,,,,0.25,3,COMPLETE
134,134,1.3677898541038762,2025-06-15 01:28:16.348155,2025-06-15 01:28:17.963245,0 days 00:00:01.615090,,,,,,,,,,,,,,,,,,,,,,,,,,,,,792,0.004,3m,4.0,2.5,1.0,16,610.0,0.001,3m,3.5,1.5,0.7,542.0,550.0,0.006,2m,3.5,1.0,0.7,334.0,,,,,,,,,,,,,,,,,,,,,,0.3,3,COMPLETE
135,135,-6.196754728424898,2025-06-15 01:28:18.023616,2025-06-15 01:28:19.067213,0 days 00:00:01.043597,,,,,,,,,,,,,,,,,,,,,,,,,,,,,806,0.003,2m,4.0,3.0,1.1,104,570.0,0.003,3m,3.5,1.5,0.8,474.0,,,,,,,,,,,,,,,,,,,,,,,,,,,,,0.25,2,COMPLETE
136,136,7.692559991980679,2025-06-15 01:28:19.121351,2025-06-15 01:28:20.579069,0 days 00:00:01.457718,,,,,,,,,,,,,,,,,,,,,,,,,,,,,652,0.004,3m,4.0,2.5,1.2000000000000002,158,654.0,0.003,3m,3.5,1.5,0.7,514.0,584.0,0.007,2m,3.0,1.0,0.9,182.0,,,,,,,,,,,,,,,,,,,,,,0.25,3,COMPLETE
137,137,8.986519186502457,2025-06-15 01:28:20.631367,2025-06-15 01:28:21.615863,0 days 00:00:00.984496,,,,,,,,,,,,,,,,,,,,,,,,,,,,,636,0.004,3m,4.0,2.5,1.0,154,658.0,0.003,3m,3.5,1.5,0.7,514.0,,,,,,,,,,,,,,,,,,,,,,,,,,,,,0.25,2,COMPLETE
138,138,-100.0,2025-06-15 01:28:21.699500,2025-06-15 01:28:22.359878,0 days 00:00:00.660378,,,,,,,,,,,,,,,,,,,,,,,,,,,,,628,0.004,3m,4.0,3.0,1.0,160,,,,,,,,,,,,,,,,,,,,,,,,,,,,,,,,,,,,0.25,1,COMPLETE
139,139,-100.0,2025-06-15 01:28:22.420943,2025-06-15 01:28:23.529509,0 days 00:00:01.108566,,,,,,,,,,,,,,,,,,,,,,,,,,,,,638,0.004,3m,4.0,2.5,0.9,920,640.0,0.003,3m,3.5,1.5,0.6,610.0,,,,,,,,,,,,,,,,,,,,,,,,,,,,,0.25,2,COMPLETE
140,140,5.409738513055929,2025-06-15 01:28:23.580959,2025-06-15 01:28:24.527583,0 days 00:00:00.946624,,,,,,,,,,,,,,,,,,,,,,,,,,,,,660,0.004,3m,4.0,2.5,1.0,606,654.0,0.004,3m,3.5,1.5,0.7,524.0,,,,,,,,,,,,,,,,,,,,,,,,,,,,,0.25,2,COMPLETE
141,141,5.995924171053151,2025-06-15 01:28:24.601999,2025-06-15 01:28:26.412132,0 days 00:00:01.810133,,,,,,,,,,,,,,,,,,,,,,,,,,,,,694,0.004,3m,4.0,2.5,1.2000000000000002,76,694.0,0.003,3m,3.5,1.5,0.7,510.0,630.0,0.007,2m,3.0,1.0,0.9,546.0,,,,,,,,,,,,,,,,,,,,,,0.2,3,COMPLETE
142,142,7.829762119540309,2025-06-15 01:28:26.479628,2025-06-15 01:28:28.061637,0 days 00:00:01.582009,,,,,,,,,,,,,,,,,,,,,,,,,,,,,724,0.005,3m,4.0,2.5,1.1,144,712.0,0.002,3m,3.5,1.5,0.8,534.0,570.0,0.008,2m,3.5,1.0,1.1,398.0,,,,,,,,,,,,,,,,,,,,,,0.25,3,COMPLETE
143,143,7.435248389900899,2025-06-15 01:28:28.121548,2025-06-15 01:28:29.045888,0 days 00:00:00.924340,,,,,,,,,,,,,,,,,,,,,,,,,,,,,758,0.003,3m,4.0,2.5,1.1,178,714.0,0.002,3m,3.5,1.5,0.7,544.0,,,,,,,,,,,,,,,,,,,,,,,,,,,,,0.25,2,COMPLETE
144,144,5.063798324409569,2025-06-15 01:28:29.100277,2025-06-15 01:28:30.734699,0 days 00:00:01.634422,,,,,,,,,,,,,,,,,,,,,,,,,,,,,608,0.003,3m,4.0,2.5,1.1,178,722.0,0.002,3m,3.5,1.5,0.7,536.0,592.0,0.008,2m,2.0,1.0,1.1,426.0,,,,,,,,,,,,,,,,,,,,,,0.25,3,COMPLETE
145,145,-0.9823630568275794,2025-06-15 01:28:30.794800,2025-06-15 01:28:32.016558,0 days 00:00:01.221758,,,,,,,,,,,,,,,,,,,,,,,,,,,,,766,0.003,3m,4.0,2.5,1.1,144,586.0,0.003,3m,3.5,1.5,0.6,578.0,,,,,,,,,,,,,,,,,,,,,,,,,,,,,0.25,2,COMPLETE
146,146,-4.860724320064285,2025-06-15 01:28:32.069266,2025-06-15 01:28:34.057100,0 days 00:00:01.987834,,,,,,,,,,,,,,,36.0,0.001,4m,1.5,1.0,1.9000000000000001,282.0,,,,,,,,682,0.004,3m,3.5,2.5,1.1,164,672.0,0.002,2m,3.5,1.5,0.7,230.0,644.0,0.008,3m,2.5,1.0,1.1,504.0,,,,,,,,,,,,,,,,,,,,,,0.25,4,COMPLETE
147,147,3.1628816447764043,2025-06-15 01:28:34.114163,2025-06-15 01:28:35.747610,0 days 00:00:01.633447,,,,,,,,,,,,,,,,,,,,,,,,,,,,,720,0.003,3m,4.0,2.5,1.1,860,656.0,0.003,3m,3.0,1.5,0.6,490.0,566.0,0.008,1m,3.5,1.5,1.0,240.0,,,,,,,,,,,,,,,,,,,,,,0.3,3,COMPLETE
148,148,3.446978579789108,2025-06-15 01:28:35.816011,2025-06-15 01:28:37.444397,0 days 00:00:01.628386,,,,,,,,,,,,,,,,,,,,,,,,,,,,,660,0.004,3m,4.0,2.5,1.0,88,622.0,0.002,3m,3.5,1.5,0.7,448.0,606.0,0.007,2m,3.5,1.0,0.9,860.0,,,,,,,,,,,,,,,,,,,,,,0.25,3,COMPLETE
149,149,-6.620136127655845,2025-06-15 01:28:37.501516,2025-06-15 01:28:38.546613,0 days 00:00:01.045097,,,,,,,,,,,,,,,,,,,,,,,,,,,,,748,0.002,3m,4.0,2.5,1.3,62,488.0,0.001,3m,3.5,2.0,0.8,544.0,,,,,,,,,,,,,,,,,,,,,,,,,,,,,0.25,2,COMPLETE
