,number,value,datetime_start,datetime_complete,duration,params_ADSK_FISV_beta_win,params_ADSK_FISV_stop_loss,params_ADSK_FISV_trade_freq,params_ADSK_FISV_z_entry,params_ADSK_FISV_z_exit,params_ADSK_FISV_z_stop_scaler,params_ADSK_FISV_z_win,params_ALGN_IDXX_beta_win,params_ALGN_IDXX_stop_loss,params_ALGN_IDXX_trade_freq,params_ALGN_IDXX_z_entry,params_ALGN_IDXX_z_exit,params_ALGN_IDXX_z_stop_scaler,params_ALGN_IDXX_z_win,params_ALGN_ISRG_beta_win,params_ALGN_ISRG_stop_loss,params_ALGN_ISRG_trade_freq,params_ALGN_ISRG_z_entry,params_ALGN_ISRG_z_exit,params_ALGN_ISRG_z_stop_scaler,params_ALGN_ISRG_z_win,params_AMD_LRCX_beta_win,params_AMD_LRCX_stop_loss,params_AMD_LRCX_trade_freq,params_AMD_LRCX_z_entry,params_AMD_LRCX_z_exit,params_AMD_LRCX_z_stop_scaler,params_AMD_LRCX_z_win,params_ANSS_SPLK_beta_win,params_ANSS_SPLK_stop_loss,params_ANSS_SPLK_trade_freq,params_ANSS_SPLK_z_entry,params_ANSS_SPLK_z_exit,params_ANSS_SPLK_z_stop_scaler,params_ANSS_SPLK_z_win,params_ATVI_SIRI_beta_win,params_ATVI_SIRI_stop_loss,params_ATVI_SIRI_trade_freq,params_ATVI_SIRI_z_entry,params_ATVI_SIRI_z_exit,params_ATVI_SIRI_z_stop_scaler,params_ATVI_SIRI_z_win,params_CTSH_DOCU_beta_win,params_CTSH_DOCU_stop_loss,params_CTSH_DOCU_trade_freq,params_CTSH_DOCU_z_entry,params_CTSH_DOCU_z_exit,params_CTSH_DOCU_z_stop_scaler,params_CTSH_DOCU_z_win,params_EBAY_SPLK_beta_win,params_EBAY_SPLK_stop_loss,params_EBAY_SPLK_trade_freq,params_EBAY_SPLK_z_entry,params_EBAY_SPLK_z_exit,params_EBAY_SPLK_z_stop_scaler,params_EBAY_SPLK_z_win,params_ISRG_SPLK_beta_win,params_ISRG_SPLK_stop_loss,params_ISRG_SPLK_trade_freq,params_ISRG_SPLK_z_entry,params_ISRG_SPLK_z_exit,params_ISRG_SPLK_z_stop_scaler,params_ISRG_SPLK_z_win,params_SPLK_SWKS_beta_win,params_SPLK_SWKS_stop_loss,params_SPLK_SWKS_trade_freq,params_SPLK_SWKS_z_entry,params_SPLK_SWKS_z_exit,params_SPLK_SWKS_z_stop_scaler,params_SPLK_SWKS_z_win,params_buffer_capital,params_pairs_to_trade,state
45,45,5.1818312680388425,2025-06-15 01:02:53.196739,2025-06-15 01:02:55.993611,0 days 00:00:02.796872,,,,,,,,422.0,0.003,3m,2.5,2.5,0.6,938.0,536.0,0.006,2m,2.0,1.5,1.9000000000000001,960.0,740.0,0.001,4m,1.0,1.5,1.2000000000000002,718.0,,,,,,,,,,,,,,,544.0,0.005,3m,1.5,2.0,0.5,876.0,1018.0,0.001,3m,1.5,3.5,0.9,482.0,444.0,0.001,3m,3.5,3.0,1.3,572.0,546,0.004,1m,4.0,3.0,0.8,346,0.45,7,COMPLETE
46,46,-0.35003629692283217,2025-06-15 01:02:56.068127,2025-06-15 01:02:58.579357,0 days 00:00:02.511230,,,,,,,,534.0,0.005,3m,3.0,2.0,0.6,842.0,562.0,0.005,3m,2.5,2.0,1.9000000000000001,864.0,496.0,0.002,2m,1.5,1.0,1.1,784.0,,,,,,,,,,,,,,,,,,,,,,750.0,0.002,2m,1.5,3.5,0.8,608.0,468.0,0.002,2m,3.0,2.5,0.8,626.0,502,0.004,3m,3.5,3.0,0.9,280,0.5,6,COMPLETE
47,47,0.5926495985753283,2025-06-15 01:02:58.663881,2025-06-15 01:03:00.762777,0 days 00:00:02.098896,,,,,,,,642.0,0.006,3m,2.5,2.5,0.6,782.0,658.0,0.005,4m,1.5,1.5,1.9000000000000001,956.0,770.0,0.002,4m,1.0,1.5,1.3,844.0,,,,,,,,,,,,,,,,,,,,,,916.0,0.001,4m,1.0,3.0,1.0,574.0,,,,,,,,466,0.005,1m,3.5,3.0,0.6,188,0.45,5,COMPLETE
48,48,9.061044383280294,2025-06-15 01:03:00.871679,2025-06-15 01:03:03.810189,0 days 00:00:02.938510,,,,,,,,446.0,0.004,3m,3.5,2.5,0.7,952.0,638.0,0.006,3m,3.0,1.5,2.0,872.0,372.0,0.001,4m,2.0,1.5,1.8,694.0,,,,,,,,,,,,,,,602.0,0.004,4m,1.5,2.5,0.7,896.0,588.0,0.002,2m,1.5,3.5,0.7,728.0,350.0,0.001,4m,3.0,2.5,1.0,416.0,628,0.003,1m,2.5,3.0,1.1,64,0.35000000000000003,7,COMPLETE
49,49,3.426773755741511,2025-06-15 01:03:03.878096,2025-06-15 01:03:06.709260,0 days 00:00:02.831164,,,,,,,,702.0,0.007,3m,3.5,2.5,0.7,976.0,634.0,0.009000000000000001,3m,3.0,2.5,2.0,378.0,278.0,0.001,4m,2.0,1.5,1.8,740.0,,,,,,,,,,,,,,,616.0,0.006,4m,2.0,2.5,0.7,886.0,596.0,0.002,2m,2.0,3.0,0.7,852.0,354.0,0.001,4m,2.0,2.5,1.0,408.0,678,0.006,1m,2.5,2.5,1.0,54,0.35000000000000003,7,COMPLETE
50,50,4.941962259964371,2025-06-15 01:03:06.783780,2025-06-15 01:03:09.387633,0 days 00:00:02.603853,,,,,,,,464.0,0.004,3m,3.5,2.0,0.8,940.0,334.0,0.006,1m,1.5,2.0,0.6,758.0,426.0,0.001,4m,2.5,1.0,1.8,696.0,,,,,,,,,,,,,,,,,,,,,,662.0,0.003,2m,1.0,3.5,0.5,740.0,540.0,0.002,4m,3.5,3.0,1.0,530.0,722,0.003,3m,2.0,3.0,1.1,20,0.45,6,COMPLETE
51,51,-0.70193497849175,2025-06-15 01:03:09.469148,2025-06-15 01:03:12.450083,0 days 00:00:02.980935,,,,,,,,346.0,0.002,3m,3.0,2.5,0.5,854.0,400.0,0.008,3m,3.0,1.5,1.7000000000000002,874.0,262.0,0.002,4m,1.5,1.5,1.9000000000000001,784.0,,,,,,,,,,,,,,,482.0,0.004,4m,1.5,2.5,0.8,918.0,860.0,0.001,2m,1.5,3.5,0.8,718.0,364.0,0.001,4m,3.0,3.0,0.8,500.0,564,0.004,1m,2.5,3.0,0.8,166,0.35000000000000003,7,COMPLETE
52,52,0.8824553903122362,2025-06-15 01:03:12.541530,2025-06-15 01:03:15.927574,0 days 00:00:03.386044,444.0,0.007,2m,2.5,4.0,1.3,736.0,422.0,0.003,3m,2.5,3.0,0.9,798.0,516.0,0.004,3m,3.0,1.5,2.0,864.0,552.0,0.001,1m,2.0,1.5,1.5,640.0,,,,,,,,,,,,,,,552.0,0.004,4m,1.5,2.0,0.5,708.0,916.0,0.002,2m,1.5,2.5,0.8,530.0,486.0,0.001,4m,2.5,2.5,0.8,650.0,626,0.003,1m,2.0,3.0,0.9,74,0.45,8,COMPLETE
53,53,0.12749976420849615,2025-06-15 01:03:16.018095,2025-06-15 01:03:19.056268,0 days 00:00:03.038173,,,,,,,,508.0,0.001,3m,3.0,1.5,0.7,940.0,708.0,0.005,3m,3.5,1.5,1.9000000000000001,962.0,124.0,0.003,4m,2.5,1.0,0.9,864.0,,,,,,,,,,,,,,,646.0,0.003,4m,1.0,2.5,0.7,780.0,188.0,0.001,2m,1.5,3.5,0.7,796.0,286.0,0.002,1m,3.0,3.5,1.5,346.0,416,0.004,1m,3.0,3.0,1.1,282,0.5,7,COMPLETE
54,54,0.5313733331935451,2025-06-15 01:03:19.145781,2025-06-15 01:03:21.223679,0 days 00:00:02.077898,,,,,,,,262.0,0.004,3m,3.0,3.5,0.6,884.0,610.0,0.006,3m,2.5,2.0,1.8,908.0,626.0,0.002,4m,2.0,2.0,1.7000000000000002,816.0,,,,,,,,,,,,,,,,,,,,,,770.0,0.003,2m,2.0,3.0,1.0,580.0,,,,,,,,588,0.003,1m,2.5,3.5,1.0,206,0.4,5,COMPLETE
55,55,5.802831172392734,2025-06-15 01:03:21.316211,2025-06-15 01:03:25.687302,0 days 00:00:04.371091,294.0,0.007,1m,2.5,1.5,1.6,478.0,336.0,0.005,3m,2.5,2.5,0.9,522.0,578.0,0.005,3m,3.0,1.0,2.0,700.0,988.0,0.001,4m,1.5,1.5,1.3,608.0,,,,,,,,,,,,,,,736.0,0.005,2m,1.5,2.5,0.6,856.0,62.0,0.002,2m,1.0,4.0,0.7,952.0,384.0,0.002,4m,3.0,2.5,1.2000000000000002,900.0,418,0.004,1m,3.0,2.5,1.3,866,0.35000000000000003,8,COMPLETE
56,56,2.215707766346567,2025-06-15 01:03:25.804814,2025-06-15 01:03:31.890814,0 days 00:00:06.086000,296.0,0.001,1m,1.5,1.5,1.5,948.0,358.0,0.005,3m,2.5,2.5,0.9,530.0,576.0,0.007,2m,3.5,1.0,2.0,662.0,982.0,0.001,4m,1.0,1.5,1.1,474.0,,,,,,,,,,,,,,,438.0,0.005,2m,1.0,2.0,0.6,864.0,550.0,0.002,2m,1.0,3.5,0.7,960.0,430.0,0.002,4m,3.5,2.5,1.2000000000000002,854.0,868,0.005,1m,3.0,2.0,1.3,848,0.35000000000000003,8,COMPLETE
57,57,7.222692533586186,2025-06-15 01:03:32.002332,2025-06-15 01:03:35.401270,0 days 00:00:03.398938,,,,,,,,580.0,0.007,3m,4.0,2.5,1.0,370.0,416.0,0.005,3m,2.5,1.0,2.0,568.0,302.0,0.002,2m,1.5,1.0,1.2000000000000002,590.0,,,,,,,,,,,,,,,,,,,,,,58.0,0.001,3m,1.0,2.0,0.5,978.0,644.0,0.001,4m,3.0,3.0,1.2000000000000002,834.0,490,0.004,1m,1.5,2.5,1.2000000000000002,1012,0.45,6,COMPLETE
58,58,4.7196373807797,2025-06-15 01:03:35.485783,2025-06-15 01:03:37.954564,0 days 00:00:02.468781,,,,,,,,572.0,0.007,2m,4.0,2.0,1.0,456.0,404.0,0.006,3m,2.5,4.0,1.9000000000000001,546.0,366.0,0.002,2m,2.0,1.0,1.0,574.0,,,,,,,,,,,,,,,,,,,,,,318.0,0.001,3m,1.0,2.0,0.5,838.0,622.0,0.001,4m,1.0,3.5,1.4,422.0,510,0.006,1m,1.5,2.0,1.2000000000000002,768,0.45,6,COMPLETE
59,59,2.7663169864973365,2025-06-15 01:03:38.043079,2025-06-15 01:03:40.320921,0 days 00:00:02.277842,,,,,,,,678.0,0.009000000000000001,3m,4.0,2.5,0.7,322.0,214.0,0.007,1m,2.0,1.0,1.7000000000000002,334.0,260.0,0.003,2m,1.5,1.0,1.2000000000000002,666.0,,,,,,,,,,,,,,,,,,,,,,44.0,0.001,3m,4.0,1.5,0.5,494.0,,,,,,,,620,0.005,1m,1.0,2.5,1.1,1000,0.5,5,COMPLETE
60,60,5.173332742525242,2025-06-15 01:03:40.400965,2025-06-15 01:03:42.094420,0 days 00:00:01.693455,,,,,,,,,,,,,,,328.0,0.004,4m,2.5,3.5,1.9000000000000001,170.0,200.0,0.001,2m,1.0,1.0,0.9,752.0,,,,,,,,,,,,,,,,,,,,,,798.0,0.002,3m,3.5,2.0,0.6,888.0,,,,,,,,464,0.003,3m,1.5,2.5,0.7,510,0.45,4,COMPLETE
61,61,4.04560822847709,2025-06-15 01:03:42.184939,2025-06-15 01:03:45.053026,0 days 00:00:02.868087,,,,,,,,554.0,0.006,3m,3.5,2.5,0.8,404.0,438.0,0.005,3m,3.0,1.0,2.0,506.0,398.0,0.001,2m,1.5,1.5,1.3,612.0,,,,,,,,,,,,,,,598.0,0.007,2m,2.0,2.5,0.7,450.0,64.0,0.002,3m,1.0,1.5,0.7,948.0,552.0,0.001,4m,3.0,3.0,1.3,880.0,394,0.004,1m,1.5,2.5,1.2000000000000002,898,0.35000000000000003,7,COMPLETE
62,62,8.132903362274156,2025-06-15 01:03:45.129031,2025-06-15 01:03:48.557633,0 days 00:00:03.428602,266.0,0.007,1m,2.5,1.5,1.1,580.0,470.0,0.006,3m,3.5,2.0,0.9,350.0,502.0,0.005,3m,3.0,1.0,2.0,696.0,520.0,0.002,4m,1.5,1.5,1.4,698.0,,,,,,,,,,,,,,,722.0,0.006,2m,1.0,2.5,0.6,664.0,48.0,0.001,1m,1.0,2.5,1.4,970.0,674.0,0.002,4m,2.5,2.5,1.2000000000000002,942.0,440,0.004,1m,3.0,2.5,1.4,956,0.3,8,COMPLETE
63,63,0.035910796469947014,2025-06-15 01:03:48.626649,2025-06-15 01:03:51.304385,0 days 00:00:02.677736,,,,,,,,476.0,0.008,3m,3.5,1.5,1.0,252.0,488.0,0.006,3m,2.5,3.0,2.0,718.0,302.0,0.002,1m,2.0,1.5,1.4,698.0,,,,,,,,,,,,,,,,,,,,,,16.0,0.001,1m,1.0,2.5,1.4,978.0,776.0,0.001,4m,2.5,3.0,0.9,824.0,434,0.004,1m,2.5,2.0,1.4,956,0.3,6,COMPLETE
64,64,-1.358456590527334,2025-06-15 01:03:51.393416,2025-06-15 01:03:54.293731,0 days 00:00:02.900315,,,,,,,,424.0,0.006,3m,3.5,2.0,0.5,352.0,318.0,0.004,3m,2.5,1.0,1.8,578.0,526.0,0.002,4m,1.5,2.0,1.6,650.0,,,,,,,,,,,,,,,644.0,0.006,1m,1.0,2.5,0.5,654.0,172.0,0.001,1m,1.5,2.0,1.4,1004.0,660.0,0.003,4m,2.5,3.0,1.2000000000000002,1018.0,284,0.003,1m,3.5,3.0,1.0,1022,0.3,7,COMPLETE
65,65,3.621589342464525,2025-06-15 01:03:54.374667,2025-06-15 01:03:57.610638,0 days 00:00:03.235971,486.0,0.008,1m,2.5,1.0,0.5,782.0,400.0,0.007,3m,4.0,2.0,1.1,196.0,704.0,0.005,3m,3.0,1.0,2.0,774.0,574.0,0.002,4m,1.0,1.0,1.7000000000000002,510.0,,,,,,,,,,,,,,,564.0,0.007,4m,1.0,2.0,1.9000000000000001,942.0,222.0,0.003,1m,1.0,2.5,1.6,912.0,674.0,0.002,4m,2.5,3.5,1.0,944.0,490,0.005,1m,2.5,2.5,1.3,934,0.3,8,COMPLETE
66,66,1.0693189773123706,2025-06-15 01:03:57.714159,2025-06-15 01:04:00.584411,0 days 00:00:02.870252,,,,,,,,586.0,0.006,2m,4.0,2.0,0.8,586.0,382.0,0.003,3m,3.5,2.0,1.6,984.0,326.0,0.003,2m,3.5,1.5,1.5,726.0,,,,,,,,,,,,,,,656.0,0.008,2m,1.0,1.5,0.9,516.0,98.0,0.001,1m,2.0,1.0,1.2000000000000002,788.0,916.0,0.001,2m,2.0,2.5,1.1,686.0,682,0.003,2m,3.0,3.0,1.1,810,0.5,7,COMPLETE
67,67,3.2096427094053532,2025-06-15 01:04:00.670926,2025-06-15 01:04:03.201137,0 days 00:00:02.530211,,,,,,,,454.0,0.008,3m,3.5,1.0,0.9,374.0,432.0,0.004,3m,3.0,1.5,1.9000000000000001,658.0,460.0,0.001,4m,1.5,2.0,1.2000000000000002,766.0,,,,,,,,,,,,,,,,,,,,,,696.0,0.002,1m,1.5,2.5,1.5,614.0,728.0,0.002,1m,3.5,2.5,1.4,946.0,536,0.007,1m,3.5,2.5,1.4,644,0.4,6,COMPLETE
68,68,-5.144815296432676,2025-06-15 01:04:03.262658,2025-06-15 01:04:06.401598,0 days 00:00:03.138940,,,,,,,,746.0,0.001,3m,3.0,2.5,1.2000000000000002,458.0,498.0,0.006,3m,2.0,1.5,1.9000000000000001,486.0,206.0,0.001,4m,2.0,1.5,2.0,582.0,,,,,,,,,,,,,,,506.0,0.003,4m,3.0,2.5,0.6,692.0,384.0,0.001,4m,1.0,3.0,1.7000000000000002,916.0,468.0,0.009000000000000001,4m,1.5,2.5,0.9,788.0,342,0.004,1m,1.0,3.0,1.2000000000000002,352,0.45,7,COMPLETE
69,69,0.9518894559787202,2025-06-15 01:04:06.496123,2025-06-15 01:04:12.825612,0 days 00:00:06.329489,178.0,0.007,1m,2.0,2.0,1.1,604.0,622.0,0.007,3m,4.0,3.0,0.7,988.0,618.0,0.005,1m,3.5,1.0,1.4,834.0,716.0,0.004,4m,1.5,1.0,1.4,390.0,,,,,,,,,,,,,,,408.0,0.004,1m,1.5,3.5,0.8,300.0,146.0,0.002,3m,2.5,2.5,1.4,534.0,632.0,0.003,4m,3.0,2.0,1.0,538.0,450,0.003,1m,3.0,1.0,1.6,466,0.05,8,COMPLETE
70,70,0.35254778874075976,2025-06-15 01:04:12.943648,2025-06-15 01:04:17.239828,0 days 00:00:04.296180,,,,,,,,894.0,0.006,3m,2.5,3.5,1.0,870.0,552.0,0.004,3m,2.5,1.0,1.8,798.0,842.0,0.002,1m,1.0,2.0,1.9000000000000001,682.0,,,,,,,,,,,,,,,,,,,,,,52.0,0.005,1m,1.5,2.0,1.2000000000000002,720.0,558.0,0.004,3m,3.0,2.5,0.9,240.0,594,0.01,1m,3.5,3.0,0.9,922,0.1,6,COMPLETE
71,71,7.3384628640973695,2025-06-15 01:04:17.340339,2025-06-15 01:04:20.991567,0 days 00:00:03.651228,300.0,0.007,1m,2.5,1.5,0.8,456.0,324.0,0.005,3m,2.5,2.5,0.9,500.0,574.0,0.005,3m,3.0,1.0,2.0,684.0,662.0,0.001,4m,1.5,1.5,1.3,610.0,,,,,,,,,,,,,,,732.0,0.005,2m,1.5,2.5,0.6,848.0,56.0,0.002,2m,1.0,3.5,0.6,1022.0,382.0,0.002,4m,3.0,2.5,1.2000000000000002,908.0,418,0.004,1m,3.0,2.5,1.3,1018,0.35000000000000003,8,COMPLETE
72,72,11.146295338005274,2025-06-15 01:04:21.075089,2025-06-15 01:04:24.775741,0 days 00:00:03.700652,320.0,0.006,1m,2.0,1.0,0.8,454.0,518.0,0.005,3m,2.5,2.5,0.9,490.0,452.0,0.006,3m,3.0,1.0,2.0,546.0,660.0,0.001,4m,1.5,1.5,1.2000000000000002,626.0,,,,,,,,,,,,,,,732.0,0.006,2m,1.5,2.5,0.6,910.0,40.0,0.003,2m,1.0,3.5,0.6,1016.0,394.0,0.001,4m,3.0,2.5,1.9000000000000001,980.0,348,0.004,1m,3.0,2.5,1.4,978,0.35000000000000003,8,COMPLETE
73,73,9.575587942798895,2025-06-15 01:04:24.850258,2025-06-15 01:04:28.256887,0 days 00:00:03.406629,308.0,0.006,1m,2.0,1.0,0.7,480.0,528.0,0.005,3m,2.5,2.5,0.9,484.0,644.0,0.006,3m,3.0,1.0,2.0,556.0,644.0,0.001,4m,1.5,1.5,1.2000000000000002,552.0,,,,,,,,,,,,,,,740.0,0.006,2m,4.0,2.5,0.6,18.0,36.0,0.003,2m,1.0,3.0,0.5,1020.0,326.0,0.001,4m,3.0,3.0,2.0,998.0,346,0.004,1m,3.0,2.0,1.4,996,0.2,8,COMPLETE
74,74,6.34422854842426,2025-06-15 01:04:28.324885,2025-06-15 01:04:31.768042,0 days 00:00:03.443157,258.0,0.006,1m,2.0,1.0,0.7,458.0,532.0,0.005,3m,2.5,2.5,0.9,572.0,492.0,0.006,3m,3.0,1.0,2.0,560.0,666.0,0.001,4m,1.5,1.5,1.1,550.0,,,,,,,,,,,,,,,824.0,0.006,2m,3.5,2.5,0.7,64.0,42.0,0.003,2m,1.0,3.0,0.5,1006.0,304.0,0.001,4m,3.0,3.5,1.9000000000000001,964.0,346,0.005,1m,2.5,1.5,1.5,984,0.3,8,COMPLETE
75,75,8.204023595210845,2025-06-15 01:04:31.833043,2025-06-15 01:04:35.279006,0 days 00:00:03.445963,182.0,0.004,1m,2.0,1.0,0.7,584.0,504.0,0.005,3m,3.0,2.5,1.1,412.0,688.0,0.007,3m,3.5,1.0,1.0,620.0,646.0,0.01,4m,1.5,1.5,1.2000000000000002,626.0,,,,,,,,,,,,,,,758.0,0.006,2m,3.0,2.0,0.6,762.0,34.0,0.003,2m,1.0,3.0,0.6,980.0,402.0,0.001,4m,3.5,3.0,1.8,1022.0,382,0.004,2m,3.0,1.5,1.4,1012,0.2,8,COMPLETE
76,76,5.647462358769917,2025-06-15 01:04:35.343011,2025-06-15 01:04:38.900842,0 days 00:00:03.557831,196.0,0.003,1m,2.0,1.0,0.7,564.0,488.0,0.005,3m,3.0,2.0,1.0,484.0,660.0,0.007,3m,3.5,1.0,0.9,526.0,634.0,0.01,4m,2.0,1.0,1.0,492.0,,,,,,,,,,,,,,,732.0,0.008,2m,3.5,2.0,0.6,146.0,38.0,0.003,2m,1.0,3.0,0.6,1022.0,380.0,0.001,4m,3.5,3.0,1.8,1006.0,376,0.005,2m,3.0,1.5,1.4,1024,0.2,8,COMPLETE
77,77,3.7436541440788633,2025-06-15 01:04:38.985363,2025-06-15 01:04:42.828697,0 days 00:00:03.843334,50.0,0.004,1m,1.5,1.0,0.8,510.0,602.0,0.004,3m,3.5,2.5,1.1,416.0,810.0,0.008,3m,4.0,1.0,1.1,618.0,602.0,0.002,4m,1.5,1.5,1.2000000000000002,628.0,966.0,0.001,4m,3.5,2.0,1.9000000000000001,212.0,,,,,,,,762.0,0.006,2m,4.0,1.5,0.6,752.0,492.0,0.004,2m,1.0,2.5,0.5,982.0,410.0,0.001,4m,3.5,3.0,2.0,980.0,336,0.004,2m,3.0,2.0,1.5,966,0.2,9,COMPLETE
78,78,-1.0405856418090702,2025-06-15 01:04:42.903303,2025-06-15 01:04:46.568273,0 days 00:00:03.664970,338.0,0.005,1m,2.0,1.5,0.5,422.0,550.0,0.005,2m,3.0,2.0,1.1,494.0,722.0,0.008,2m,3.5,1.0,0.7,464.0,656.0,0.009000000000000001,2m,2.0,1.0,1.2000000000000002,436.0,,,,,,,,,,,,,,,918.0,0.007,2m,4.0,1.5,0.8,612.0,108.0,0.003,2m,1.0,3.0,0.5,928.0,332.0,0.002,4m,4.0,3.5,1.9000000000000001,926.0,282,0.004,2m,3.0,2.0,1.6,898,0.15000000000000002,8,COMPLETE
79,79,3.9714123739853675,2025-06-15 01:04:46.636274,2025-06-15 01:04:50.502962,0 days 00:00:03.866688,226.0,0.006,1m,2.0,1.0,0.6,582.0,508.0,0.004,1m,3.0,2.5,1.2000000000000002,298.0,636.0,0.007,3m,4.0,1.0,0.9,632.0,782.0,0.001,4m,1.5,1.5,1.1,562.0,890.0,0.009000000000000001,2m,1.0,2.0,1.7000000000000002,334.0,,,,,,,,786.0,0.006,2m,3.0,2.0,0.5,248.0,76.0,0.003,3m,1.0,3.0,0.6,972.0,258.0,0.001,4m,3.5,3.0,1.7000000000000002,906.0,386,0.006,2m,2.0,1.0,1.4,996,0.2,9,COMPLETE
80,80,7.469114589645443,2025-06-15 01:04:50.599491,2025-06-15 01:04:54.385989,0 days 00:00:03.786498,84.0,0.004,1m,2.5,1.5,0.8,696.0,640.0,0.005,3m,3.5,2.0,0.9,432.0,596.0,0.007,3m,3.0,1.0,1.3,588.0,572.0,0.008,4m,1.5,1.5,1.2000000000000002,534.0,,,,,,,,,,,,,,,834.0,0.006,2m,2.5,2.5,0.9,776.0,16.0,0.004,2m,1.0,2.5,0.6,872.0,330.0,0.008,4m,3.5,3.0,1.9000000000000001,1024.0,436,0.003,2m,2.5,1.5,1.3,932,0.15000000000000002,8,COMPLETE
81,81,6.0658739585545,2025-06-15 01:04:54.453002,2025-06-15 01:04:57.993389,0 days 00:00:03.540387,108.0,0.004,1m,2.5,1.5,0.8,700.0,654.0,0.005,3m,3.5,2.0,0.9,356.0,600.0,0.007,3m,3.0,1.0,1.3,584.0,526.0,0.009000000000000001,4m,1.5,1.5,1.2000000000000002,444.0,,,,,,,,,,,,,,,834.0,0.006,2m,2.5,2.5,0.9,770.0,16.0,0.004,2m,1.0,2.5,0.6,860.0,336.0,0.009000000000000001,4m,3.5,3.0,1.9000000000000001,1020.0,428,0.003,2m,2.5,1.5,1.3,918,0.15000000000000002,8,COMPLETE
82,82,4.502016088080089,2025-06-15 01:04:58.066903,2025-06-15 01:05:01.744546,0 days 00:00:03.677643,142.0,0.003,1m,2.0,1.0,0.8,508.0,576.0,0.006,3m,3.5,2.5,1.0,426.0,460.0,0.008,3m,3.0,1.0,1.1,694.0,578.0,0.008,4m,1.5,1.5,1.0,528.0,,,,,,,,,,,,,,,916.0,0.007,2m,3.0,2.5,0.7,836.0,552.0,0.004,2m,1.0,2.5,0.5,940.0,386.0,0.002,4m,3.5,3.0,1.8,962.0,454,0.004,2m,2.5,1.5,1.3,944,0.15000000000000002,8,COMPLETE
83,83,4.538817993108388,2025-06-15 01:05:01.811058,2025-06-15 01:05:05.786266,0 days 00:00:03.975208,360.0,0.005,1m,1.5,1.5,0.9,662.0,716.0,0.004,3m,3.5,2.0,0.8,558.0,658.0,0.007,3m,3.0,1.0,1.2000000000000002,426.0,692.0,0.01,4m,1.5,4.0,1.1,600.0,206.0,0.002,3m,3.5,1.5,0.8,268.0,,,,,,,,798.0,0.006,2m,3.5,2.0,0.6,708.0,52.0,0.003,2m,1.0,2.0,0.6,990.0,312.0,0.008,4m,3.0,3.0,2.0,980.0,368,0.003,2m,3.0,1.5,1.4,972,0.1,9,COMPLETE
84,84,3.4020147666475493,2025-06-15 01:05:05.882287,2025-06-15 01:05:09.515991,0 days 00:00:03.633704,56.0,0.006,1m,2.5,1.0,0.6,596.0,622.0,0.005,3m,2.5,1.5,1.0,486.0,688.0,0.006,3m,3.5,1.0,1.1,536.0,618.0,0.009000000000000001,4m,2.0,2.0,1.2000000000000002,628.0,,,,,,,,,,,,,,,728.0,0.005,2m,2.5,2.5,0.9,792.0,130.0,0.003,2m,1.0,3.0,0.6,1024.0,174.0,0.008,4m,4.0,4.0,1.8,864.0,396,0.005,2m,3.0,2.0,1.5,1008,0.25,8,COMPLETE
85,85,6.488583073565912,2025-06-15 01:05:09.594502,2025-06-15 01:05:12.783485,0 days 00:00:03.188983,,,,,,,,454.0,0.005,3m,4.0,2.5,0.9,384.0,796.0,0.006,4m,3.0,1.0,2.0,596.0,480.0,0.008,4m,1.5,1.5,1.3,548.0,,,,,,,,,,,,,,,660.0,0.005,2m,4.0,2.5,0.6,836.0,96.0,0.004,2m,1.0,2.5,0.5,910.0,270.0,0.01,4m,3.0,3.5,2.0,818.0,526,0.004,4m,2.5,1.5,1.4,888,0.2,7,COMPLETE
86,86,2.0654777832943534,2025-06-15 01:05:12.866531,2025-06-15 01:05:16.704994,0 days 00:00:03.838463,256.0,0.007,1m,2.0,1.5,0.9,350.0,528.0,0.006,3m,3.0,2.5,0.8,598.0,634.0,0.006,3m,3.0,1.0,1.2000000000000002,562.0,550.0,0.01,4m,1.5,1.5,1.1,664.0,,,,,,,,,,,,,,,858.0,0.008,2m,3.5,2.0,0.5,18.0,34.0,0.002,4m,1.0,3.5,0.5,892.0,402.0,0.001,4m,2.0,3.0,1.9000000000000001,930.0,322,0.002,2m,3.0,2.0,1.3,982,0.1,8,COMPLETE
87,87,7.209763518047488,2025-06-15 01:05:16.781512,2025-06-15 01:05:20.935449,0 days 00:00:04.153937,110.0,0.004,1m,2.0,1.0,1.0,410.0,562.0,0.004,3m,2.5,2.0,0.9,430.0,736.0,0.007,3m,3.5,1.0,1.0,644.0,642.0,0.007,4m,1.5,3.5,1.2000000000000002,594.0,584.0,0.005,3m,3.5,2.5,0.7,492.0,,,,,,,,758.0,0.006,2m,3.0,3.0,0.7,906.0,72.0,0.004,2m,1.0,3.5,0.6,994.0,418.0,0.007,4m,3.5,2.5,1.4,992.0,262,0.003,3m,2.5,2.5,1.6,810,0.25,9,COMPLETE
88,88,1.288918185403834,2025-06-15 01:05:21.014958,2025-06-15 01:05:24.285585,0 days 00:00:03.270627,,,,,,,,650.0,0.005,3m,4.0,2.0,1.1,318.0,366.0,0.009000000000000001,3m,1.0,1.0,1.4,496.0,506.0,0.008,4m,1.5,1.5,1.3,510.0,,,,,,,,,,,,,,,688.0,0.005,2m,2.5,2.5,0.8,732.0,182.0,0.002,1m,1.0,2.5,1.9000000000000001,826.0,350.0,0.009000000000000001,4m,2.5,1.0,1.7000000000000002,896.0,554,0.004,1m,3.0,2.5,1.5,950,0.3,7,COMPLETE
89,89,4.9338806619978675,2025-06-15 01:05:24.363596,2025-06-15 01:05:28.415747,0 days 00:00:04.052151,314.0,0.002,1m,1.5,2.0,0.7,484.0,324.0,0.006,1m,3.0,2.5,0.8,444.0,592.0,0.006,3m,3.0,1.0,1.3,602.0,598.0,0.007,1m,2.0,2.0,1.0,578.0,912.0,0.009000000000000001,2m,1.0,1.5,1.8,902.0,,,,,,,,884.0,0.007,2m,1.0,3.0,1.5,648.0,94.0,0.003,2m,1.0,3.0,0.7,964.0,750.0,0.006,4m,3.0,2.5,1.2000000000000002,1024.0,480,0.005,1m,2.5,2.0,1.2000000000000002,718,0.2,9,COMPLETE
90,90,3.207734484103631,2025-06-15 01:05:28.489257,2025-06-15 01:05:32.145096,0 days 00:00:03.655839,168.0,0.006,1m,2.5,1.5,0.6,700.0,222.0,0.004,3m,2.5,2.0,1.0,486.0,548.0,0.008,1m,3.0,1.0,2.0,682.0,670.0,0.001,3m,1.5,1.0,1.1,700.0,,,,,,,,,,,,,,,800.0,0.006,2m,1.5,2.5,1.1,498.0,154.0,0.003,2m,1.0,2.0,1.5,870.0,826.0,0.001,2m,3.0,3.0,1.3,958.0,436,0.003,2m,3.0,2.5,1.3,916,0.35000000000000003,8,COMPLETE
91,91,7.886669445751057,2025-06-15 01:05:32.220610,2025-06-15 01:05:36.115759,0 days 00:00:03.895149,94.0,0.004,1m,2.0,1.0,1.0,426.0,556.0,0.004,3m,2.5,1.5,0.9,346.0,726.0,0.007,3m,3.5,1.0,0.9,640.0,640.0,0.007,4m,1.5,3.5,1.2000000000000002,606.0,620.0,0.005,3m,3.5,2.5,0.7,442.0,,,,,,,,758.0,0.006,2m,3.0,3.0,0.7,916.0,68.0,0.004,2m,1.0,3.5,0.6,1000.0,436.0,0.007,4m,3.5,2.5,1.6,990.0,252,0.003,3m,2.0,2.5,1.8,802,0.25,9,COMPLETE
92,92,10.9197999018263,2025-06-15 01:05:36.193273,2025-06-15 01:05:40.271534,0 days 00:00:04.078261,230.0,0.005,1m,2.0,1.0,1.1,546.0,596.0,0.005,3m,2.5,1.0,0.9,260.0,686.0,0.01,3m,3.5,1.0,0.9,732.0,756.0,0.007,4m,1.5,3.5,1.2000000000000002,622.0,658.0,0.005,3m,3.0,2.5,0.5,204.0,,,,,,,,766.0,0.006,2m,3.5,3.0,0.6,922.0,38.0,0.004,2m,1.0,3.5,0.6,934.0,508.0,0.008,4m,3.5,2.5,1.5,996.0,354,0.002,3m,2.0,2.5,1.7000000000000002,876,0.25,9,COMPLETE
93,93,7.063938742135222,2025-06-15 01:05:40.363048,2025-06-15 01:05:44.376419,0 days 00:00:04.013371,224.0,0.005,1m,2.0,1.0,1.1,538.0,484.0,0.005,3m,2.5,1.0,0.9,242.0,684.0,0.009000000000000001,3m,3.5,1.0,0.9,718.0,752.0,0.007,4m,1.5,3.5,1.3,622.0,656.0,0.005,3m,3.0,2.5,0.5,164.0,,,,,,,,716.0,0.006,2m,4.0,3.0,0.6,934.0,30.0,0.004,2m,1.0,3.5,0.6,930.0,442.0,0.008,4m,3.5,2.5,1.6,980.0,296,0.002,3m,2.0,2.5,1.9000000000000001,882,0.25,9,COMPLETE
