,number,value,datetime_start,datetime_complete,duration,params_AAPL_OKTA_beta_win,params_AAPL_OKTA_stop_loss,params_AAPL_OKTA_trade_freq,params_AAPL_OKTA_z_entry,params_AAPL_OKTA_z_exit,params_AAPL_OKTA_z_stop_scaler,params_AAPL_OKTA_z_win,params_ADBE_OKTA_beta_win,params_ADBE_OKTA_stop_loss,params_ADBE_OKTA_trade_freq,params_ADBE_OKTA_z_entry,params_ADBE_OKTA_z_exit,params_ADBE_OKTA_z_stop_scaler,params_ADBE_OKTA_z_win,params_ANSS_PEP_beta_win,params_ANSS_PEP_stop_loss,params_ANSS_PEP_trade_freq,params_ANSS_PEP_z_entry,params_ANSS_PEP_z_exit,params_ANSS_PEP_z_stop_scaler,params_ANSS_PEP_z_win,params_COST_INTC_beta_win,params_COST_INTC_stop_loss,params_COST_INTC_trade_freq,params_COST_INTC_z_entry,params_COST_INTC_z_exit,params_COST_INTC_z_stop_scaler,params_COST_INTC_z_win,params_CPRT_OKTA_beta_win,params_CPRT_OKTA_stop_loss,params_CPRT_OKTA_trade_freq,params_CPRT_OKTA_z_entry,params_CPRT_OKTA_z_exit,params_CPRT_OKTA_z_stop_scaler,params_CPRT_OKTA_z_win,params_CTAS_INTC_beta_win,params_CTAS_INTC_stop_loss,params_CTAS_INTC_trade_freq,params_CTAS_INTC_z_entry,params_CTAS_INTC_z_exit,params_CTAS_INTC_z_stop_scaler,params_CTAS_INTC_z_win,params_CTAS_SPLK_beta_win,params_CTAS_SPLK_stop_loss,params_CTAS_SPLK_trade_freq,params_CTAS_SPLK_z_entry,params_CTAS_SPLK_z_exit,params_CTAS_SPLK_z_stop_scaler,params_CTAS_SPLK_z_win,params_FOX_SWKS_beta_win,params_FOX_SWKS_stop_loss,params_FOX_SWKS_trade_freq,params_FOX_SWKS_z_entry,params_FOX_SWKS_z_exit,params_FOX_SWKS_z_stop_scaler,params_FOX_SWKS_z_win,params_ISRG_KHC_beta_win,params_ISRG_KHC_stop_loss,params_ISRG_KHC_trade_freq,params_ISRG_KHC_z_entry,params_ISRG_KHC_z_exit,params_ISRG_KHC_z_stop_scaler,params_ISRG_KHC_z_win,params_ROST_TXN_beta_win,params_ROST_TXN_stop_loss,params_ROST_TXN_trade_freq,params_ROST_TXN_z_entry,params_ROST_TXN_z_exit,params_ROST_TXN_z_stop_scaler,params_ROST_TXN_z_win,params_buffer_capital,params_pairs_to_trade,state
54,54,-0.2758991395578504,2025-06-15 00:33:20.027586,2025-06-15 00:33:25.150836,0 days 00:00:05.123250,822.0,0.009000000000000001,4m,2.5,1.5,0.9,482.0,658.0,0.007,4m,2.0,2.5,1.3,764.0,232.0,0.007,1m,4.0,4.0,0.8,262.0,940,0.003,1m,2.0,3.0,2.0,432,688.0,0.007,1m,3.5,4.0,1.7000000000000002,202.0,662.0,0.01,1m,4.0,3.5,1.5,422.0,740.0,0.008,1m,1.5,1.5,0.6,88.0,766.0,0.008,1m,2.5,3.5,1.3,692.0,,,,,,,,636.0,0.009000000000000001,4m,1.5,3.0,0.7,508.0,0.25,9,COMPLETE
55,55,0.38132043412983413,2025-06-15 00:33:25.231349,2025-06-15 00:33:29.938582,0 days 00:00:04.707233,658.0,0.005,2m,4.0,3.0,2.0,272.0,388.0,0.004,2m,2.5,3.0,1.1,202.0,1018.0,0.003,4m,3.0,3.0,0.8,972.0,684,0.006,3m,1.0,3.5,1.7000000000000002,492,886.0,0.001,1m,1.5,3.0,1.4,362.0,602.0,0.007,3m,3.0,2.5,1.3,712.0,814.0,0.005,2m,2.5,2.5,1.1,572.0,654.0,0.002,1m,1.5,3.0,0.8,770.0,972.0,0.001,2m,4.0,1.5,1.8,44.0,746.0,0.008,1m,1.5,1.0,0.6,718.0,0.15000000000000002,10,COMPLETE
56,56,1.420071169345301,2025-06-15 00:33:30.010114,2025-06-15 00:33:32.933710,0 days 00:00:02.923596,,,,,,,,,,,,,,,,,,,,,,1000,0.008,1m,2.0,4.0,1.4,352,442.0,0.006,3m,2.5,3.5,1.2000000000000002,264.0,760.0,0.008,3m,3.5,2.0,0.9,554.0,100.0,0.006,1m,3.0,2.0,0.6,128.0,576.0,0.005,1m,2.0,2.0,1.1,866.0,,,,,,,,696.0,0.006,4m,2.0,3.5,0.7,630.0,0.25,6,COMPLETE
57,57,7.580046712290454,2025-06-15 00:33:33.009236,2025-06-15 00:33:36.975770,0 days 00:00:03.966534,,,,,,,,168.0,0.007,2m,1.5,1.5,0.8,414.0,,,,,,,,426,0.005,2m,3.5,2.5,1.6,566,556.0,0.007,4m,1.0,3.5,1.7000000000000002,856.0,452.0,0.004,1m,2.5,4.0,1.3,368.0,628.0,0.01,2m,4.0,1.5,1.7000000000000002,222.0,490.0,0.004,4m,1.0,2.5,1.5,310.0,,,,,,,,476.0,0.008,3m,2.5,3.5,1.0,786.0,0.3,7,COMPLETE
58,58,3.52999305946208,2025-06-15 00:33:37.073795,2025-06-15 00:33:43.128947,0 days 00:00:06.055152,,,,,,,,34.0,0.007,4m,1.0,1.5,1.0,398.0,,,,,,,,392,0.005,2m,3.5,2.5,1.5,662,516.0,0.007,4m,1.0,3.0,1.5,912.0,290.0,0.004,4m,2.5,4.0,1.1,154.0,612.0,0.01,4m,4.0,1.0,1.8,454.0,480.0,0.004,4m,1.0,2.0,1.5,310.0,,,,,,,,478.0,0.008,3m,3.0,4.0,1.1,776.0,0.3,7,COMPLETE
59,59,3.242079056509917,2025-06-15 00:33:43.238459,2025-06-15 00:33:47.863776,0 days 00:00:04.625317,,,,,,,,728.0,0.01,1m,1.5,1.5,1.6,392.0,,,,,,,,206,0.007,2m,4.0,2.5,1.6,736,410.0,0.008,4m,1.5,3.5,1.7000000000000002,928.0,470.0,0.004,2m,2.0,1.0,1.8,372.0,952.0,0.01,1m,4.0,1.5,1.7000000000000002,804.0,274.0,0.006,4m,1.0,2.5,1.4,528.0,,,,,,,,448.0,0.003,3m,2.5,2.0,1.2000000000000002,868.0,0.35000000000000003,7,COMPLETE
60,60,2.3005718101513692,2025-06-15 00:33:47.946286,2025-06-15 00:33:50.808532,0 days 00:00:02.862246,,,,,,,,,,,,,,,,,,,,,,422,0.006,2m,3.0,2.0,1.7000000000000002,582,594.0,0.008,4m,2.0,3.5,1.1,808.0,214.0,0.002,3m,1.5,4.0,1.3,272.0,472.0,0.009000000000000001,2m,3.5,4.0,2.0,280.0,378.0,0.009000000000000001,4m,1.5,2.0,1.6,228.0,,,,,,,,370.0,0.007,3m,2.5,4.0,1.0,974.0,0.3,6,COMPLETE
61,61,1.694733884291118,2025-06-15 00:33:50.878931,2025-06-15 00:33:54.557190,0 days 00:00:03.678259,460.0,0.008,3m,3.0,1.5,1.3,872.0,158.0,0.006,2m,2.0,2.0,0.7,556.0,,,,,,,,576,0.004,2m,3.0,3.0,1.8,490,826.0,0.006,4m,1.0,4.0,1.9000000000000001,20.0,632.0,0.004,1m,3.0,3.5,1.5,454.0,570.0,0.007,2m,4.0,2.0,1.6,228.0,540.0,0.003,4m,1.0,2.5,1.2000000000000002,322.0,,,,,,,,268.0,0.009000000000000001,3m,1.5,3.5,0.8,794.0,0.2,8,COMPLETE
62,62,-0.44046511533818045,2025-06-15 00:33:54.645553,2025-06-15 00:33:57.740870,0 days 00:00:03.095317,,,,,,,,308.0,0.005,2m,1.5,2.5,0.8,686.0,,,,,,,,534,0.003,2m,2.5,3.5,1.9000000000000001,398,720.0,0.003,3m,1.5,4.0,1.6,494.0,932.0,0.002,1m,2.5,3.0,1.3,500.0,646.0,0.004,2m,3.0,1.5,0.9,336.0,684.0,0.004,4m,1.5,3.0,1.3,414.0,,,,,,,,554.0,0.008,1m,2.0,3.5,0.9,672.0,0.25,7,COMPLETE
63,63,-4.773613791987466,2025-06-15 00:33:57.818389,2025-06-15 00:34:01.510758,0 days 00:00:03.692369,190.0,0.002,1m,2.0,2.0,1.7000000000000002,670.0,120.0,0.008,2m,2.5,1.5,0.9,508.0,,,,,,,,298,0.007,3m,4.0,3.0,1.9000000000000001,686,540.0,0.007,1m,1.0,4.0,2.0,676.0,466.0,0.007,1m,2.5,4.0,1.1,348.0,730.0,0.007,2m,3.5,3.0,1.4,132.0,494.0,0.002,3m,1.0,2.5,1.5,162.0,,,,,,,,572.0,0.01,3m,2.0,3.5,1.0,730.0,0.2,8,COMPLETE
64,64,-0.48952082897948745,2025-06-15 00:34:01.591799,2025-06-15 00:34:05.070924,0 days 00:00:03.479125,,,,,,,,546.0,0.003,2m,2.0,1.0,0.6,436.0,,,,,,,,600,0.005,4m,3.5,1.5,1.7000000000000002,30,682.0,0.005,4m,3.0,3.5,1.8,790.0,348.0,0.005,1m,3.5,3.0,1.5,212.0,818.0,0.008,2m,3.0,2.0,1.0,206.0,640.0,0.004,4m,1.5,3.0,1.6,70.0,,,,,,,,914.0,0.007,3m,3.5,2.5,0.5,580.0,0.3,7,COMPLETE
65,65,-0.16107695821932771,2025-06-15 00:34:05.127441,2025-06-15 00:34:09.476419,0 days 00:00:04.348978,896.0,0.005,4m,3.5,1.0,0.7,386.0,898.0,0.007,3m,1.5,3.5,0.8,652.0,24.0,0.003,3m,2.0,2.0,1.6,608.0,758,0.002,2m,2.0,3.0,1.8,524,476.0,0.006,2m,1.0,2.5,1.5,334.0,574.0,0.009000000000000001,4m,4.0,3.5,1.6,820.0,514.0,0.006,2m,3.5,2.5,1.2000000000000002,68.0,430.0,0.003,2m,3.0,3.5,1.8,458.0,,,,,,,,772.0,0.005,1m,1.5,4.0,0.7,634.0,0.35000000000000003,9,COMPLETE
66,66,3.914555358825602,2025-06-15 00:34:09.540282,2025-06-15 00:34:12.614973,0 days 00:00:03.074691,,,,,,,,,,,,,,,,,,,,,,18,0.008,4m,1.0,3.5,2.0,576,22.0,0.009000000000000001,4m,3.0,3.0,1.7000000000000002,206.0,490.0,0.006,1m,3.0,4.0,1.3,484.0,408.0,0.004,3m,2.5,1.5,1.8,530.0,738.0,0.005,4m,4.0,3.0,1.7000000000000002,642.0,,,,,,,,824.0,0.008,3m,1.0,3.0,0.8,460.0,0.25,6,COMPLETE
67,67,2.040065194627966,2025-06-15 00:34:12.692493,2025-06-15 00:34:13.666459,0 days 00:00:00.973966,,,,,,,,,,,,,,,,,,,,,,650,0.006,1m,1.5,2.0,1.6,626,,,,,,,,,,,,,,,,,,,,,,,,,,,,,,,,,,,,650.0,0.006,2m,2.0,3.5,1.2000000000000002,854.0,0.25,2,COMPLETE
68,68,-0.8793377331554488,2025-06-15 00:34:13.732974,2025-06-15 00:34:17.678081,0 days 00:00:03.945107,740.0,0.006,2m,2.5,3.0,1.2000000000000002,582.0,268.0,0.009000000000000001,2m,1.0,2.5,1.0,188.0,,,,,,,,504,0.01,4m,3.5,2.5,1.5,244,116.0,0.002,1m,4.0,2.5,1.9000000000000001,576.0,398.0,0.01,2m,2.5,2.5,1.8,150.0,996.0,0.009000000000000001,2m,4.0,1.0,0.8,346.0,346.0,0.01,1m,2.0,2.5,2.0,260.0,,,,,,,,616.0,0.009000000000000001,3m,3.0,4.0,1.0,708.0,0.15000000000000002,8,COMPLETE
69,69,-0.9028046507893001,2025-06-15 00:34:17.735595,2025-06-15 00:34:18.296245,0 days 00:00:00.560650,,,,,,,,,,,,,,,,,,,,,,344,0.007,3m,1.0,3.5,1.7000000000000002,110,,,,,,,,,,,,,,,,,,,,,,,,,,,,,,,,,,,,,,,,,,,0.1,1,COMPLETE
70,70,4.450548468961895,2025-06-15 00:34:18.357249,2025-06-15 00:34:19.386094,0 days 00:00:01.028845,,,,,,,,,,,,,,,,,,,,,,430,0.009000000000000001,2m,2.5,3.0,1.4,334,,,,,,,,,,,,,,,,,,,,,,,,,,,,,,,,,,,,708.0,0.008,4m,1.5,3.5,1.1,392.0,0.2,2,COMPLETE
71,71,5.389152636578032,2025-06-15 00:34:19.460297,2025-06-15 00:34:21.075045,0 days 00:00:01.614748,,,,,,,,,,,,,,,,,,,,,,542,0.007,3m,2.0,3.0,1.8,466,,,,,,,,,,,,,,,,,,,,,,270.0,0.004,4m,2.0,2.0,1.6,66.0,,,,,,,,846.0,0.001,3m,1.5,3.5,1.0,262.0,0.3,3,COMPLETE
72,72,3.794014245488926,2025-06-15 00:34:21.148561,2025-06-15 00:34:22.679841,0 days 00:00:01.531280,,,,,,,,,,,,,,,,,,,,,,554,0.008,3m,2.0,3.0,1.9000000000000001,442,,,,,,,,,,,,,,,,,,,,,,136.0,0.004,4m,2.5,2.0,1.4,24.0,,,,,,,,886.0,0.002,3m,1.5,3.0,0.9,180.0,0.3,3,COMPLETE
73,73,7.478237164733652,2025-06-15 00:34:22.744359,2025-06-15 00:34:24.872281,0 days 00:00:02.127922,,,,,,,,,,,,,,,,,,,,,,704,0.007,3m,1.5,2.5,1.8,548,,,,,,,,,,,,,,,690.0,0.005,3m,3.0,2.5,0.9,258.0,298.0,0.005,4m,2.0,1.5,1.9000000000000001,192.0,,,,,,,,956.0,0.001,3m,1.0,3.5,0.6,116.0,0.35000000000000003,4,COMPLETE
74,74,6.154120098052808,2025-06-15 00:34:24.936794,2025-06-15 00:34:26.830508,0 days 00:00:01.893714,,,,,,,,,,,,,,,,,,,,,,726,0.008,3m,1.5,2.5,1.9000000000000001,558,,,,,,,,,,,,,,,710.0,0.005,3m,3.0,2.5,0.9,242.0,206.0,0.005,4m,1.5,1.0,1.9000000000000001,128.0,,,,,,,,952.0,0.001,3m,1.0,3.5,0.6,22.0,0.35000000000000003,4,COMPLETE
75,75,5.387164914020772,2025-06-15 00:34:26.900024,2025-06-15 00:34:29.187914,0 days 00:00:02.287890,,,,,,,,,,,,,,,,,,,,,,724,0.008,3m,1.5,2.5,1.8,558,,,,,,,,,,,,,,,720.0,0.005,3m,3.0,2.5,0.7,272.0,186.0,0.005,4m,1.5,1.0,1.9000000000000001,190.0,,,,,,,,950.0,0.001,3m,1.0,4.0,0.6,52.0,0.35000000000000003,4,COMPLETE
76,76,2.757162541747198,2025-06-15 00:34:29.261425,2025-06-15 00:34:31.246491,0 days 00:00:01.985066,,,,,,,,,,,,,,,,,,,,,,698,0.009000000000000001,3m,1.5,2.5,2.0,696,,,,,,,,,,,,,,,776.0,0.004,3m,3.0,3.0,1.1,172.0,96.0,0.006,4m,1.5,1.0,2.0,90.0,,,,,,,,988.0,0.002,3m,1.0,3.0,0.6,120.0,0.35000000000000003,4,COMPLETE
77,77,4.100787044932831,2025-06-15 00:34:31.328005,2025-06-15 00:34:34.075058,0 days 00:00:02.747053,,,,,,,,,,,,,,,,,,,,,,806,0.007,3m,1.0,2.5,1.0,602,320.0,0.001,4m,1.5,2.5,1.3,966.0,,,,,,,,598.0,0.005,3m,3.5,3.0,0.7,36.0,226.0,0.005,4m,1.5,1.5,1.8,304.0,,,,,,,,986.0,0.001,3m,1.0,3.5,0.7,28.0,0.4,5,COMPLETE
78,78,2.7618199901776066,2025-06-15 00:34:34.162580,2025-06-15 00:34:36.596469,0 days 00:00:02.433889,,,,,,,,,,,,,,,,,,,,,,632,0.006,3m,1.5,2.0,0.6,178,234.0,0.009000000000000001,2m,2.0,1.5,0.6,456.0,,,,,,,,654.0,0.005,3m,3.5,3.0,1.0,382.0,22.0,0.006,4m,1.0,1.5,1.9000000000000001,132.0,,,,,,,,928.0,0.003,3m,1.0,4.0,0.8,152.0,0.45,5,COMPLETE
79,79,5.437032718855213,2025-06-15 00:34:36.695982,2025-06-15 00:34:39.061356,0 days 00:00:02.365374,,,,,,,,,,,,,,,,,,,,,,746,0.008,3m,1.5,2.5,1.8,552,,,,,,,,,,,,,,,776.0,0.003,3m,3.0,2.5,0.8,148.0,318.0,0.005,4m,2.0,1.0,1.8,196.0,,,,,,,,972.0,0.002,3m,1.0,3.5,0.7,74.0,0.5,4,COMPLETE
80,80,1.925811448007999,2025-06-15 00:34:39.133865,2025-06-15 00:34:40.676701,0 days 00:00:01.542836,,,,,,,,,,,,,,,,,,,,,,658,0.008,4m,1.0,2.0,1.7000000000000002,960,,,,,,,,,,,,,,,,,,,,,,198.0,0.008,4m,1.5,1.5,2.0,118.0,,,,,,,,1022.0,0.001,1m,2.5,3.0,0.6,16.0,0.4,3,COMPLETE
81,81,0.767010843186943,2025-06-15 00:34:40.750221,2025-06-15 00:34:41.806927,0 days 00:00:01.056706,,,,,,,,,,,,,,,,,,,,,,706,0.009000000000000001,3m,1.5,2.5,1.9000000000000001,516,,,,,,,,,,,,,,,,,,,,,,,,,,,,,,,,,,,,904.0,0.001,3m,1.0,3.5,0.5,756.0,0.35000000000000003,2,COMPLETE
82,82,2.866241989890561,2025-06-15 00:34:41.879925,2025-06-15 00:34:43.521300,0 days 00:00:01.641375,,,,,,,,,,,,,,,,,,,,,,850,0.007,4m,1.5,2.5,2.0,420,,,,,,,,,,,,,,,,,,,,,,298.0,0.004,4m,2.5,1.0,1.7000000000000002,278.0,,,,,,,,788.0,0.006,3m,1.5,3.5,0.5,662.0,0.3,3,COMPLETE
83,83,1.9029500582383068,2025-06-15 00:34:43.594833,2025-06-15 00:34:46.593197,0 days 00:00:02.998364,,,,,,,,,,,,,,,,,,,,,,588,0.007,4m,2.0,3.5,1.9000000000000001,480,800.0,0.004,1m,1.0,3.5,2.0,146.0,738.0,0.005,3m,2.0,2.0,1.0,698.0,664.0,0.006,3m,2.5,2.0,0.9,252.0,568.0,0.003,4m,2.0,2.5,1.9000000000000001,390.0,,,,,,,,596.0,0.01,3m,1.5,3.5,0.6,572.0,0.25,6,COMPLETE
84,84,-2.7778162468035705,2025-06-15 00:34:46.661705,2025-06-15 00:34:47.874038,0 days 00:00:01.212333,,,,,,,,,,,,,,,,,,,,,,776,0.006,1m,1.5,1.0,1.8,638,,,,,,,,,,,,,,,,,,,,,,,,,,,,,,,,,,,,856.0,0.009000000000000001,3m,2.0,4.0,0.7,698.0,0.35000000000000003,2,COMPLETE
85,85,5.637632673226105,2025-06-15 00:34:47.943552,2025-06-15 00:34:49.938208,0 days 00:00:01.994656,,,,,,,,,,,,,,,,,,,,,,904,0.008,2m,3.0,4.0,1.9000000000000001,380,,,,,,,,,,,,,,,708.0,0.007,3m,2.0,2.5,0.9,202.0,228.0,0.004,3m,2.5,4.0,0.5,170.0,,,,,,,,662.0,0.001,1m,1.0,1.5,0.9,190.0,0.2,4,COMPLETE
86,86,5.3159633225011005,2025-06-15 00:34:50.010727,2025-06-15 00:34:52.719883,0 days 00:00:02.709156,,,,,,,,,,,,,,,,,,,,,,620,0.005,3m,1.0,3.0,1.6,292,600.0,0.003,4m,3.5,4.0,1.6,52.0,,,,,,,,748.0,0.006,3m,2.5,2.0,1.0,320.0,512.0,0.005,2m,1.0,3.5,2.0,16.0,,,,,,,,754.0,0.007,2m,2.0,3.5,0.8,608.0,0.25,5,COMPLETE
87,87,-3.1065619977423893,2025-06-15 00:34:52.791887,2025-06-15 00:34:56.570370,0 days 00:00:03.778483,596.0,0.002,2m,1.5,2.5,1.6,170.0,332.0,0.006,4m,2.0,1.0,1.2000000000000002,340.0,,,,,,,,156,0.009000000000000001,4m,1.5,2.5,1.3,786,948.0,0.007,1m,4.0,3.0,1.4,610.0,798.0,0.003,4m,3.0,1.0,0.8,326.0,576.0,0.005,3m,3.0,2.5,1.3,242.0,368.0,0.007,4m,2.0,1.0,1.8,220.0,,,,,,,,938.0,0.002,4m,1.5,3.5,1.8,744.0,0.3,8,COMPLETE
88,88,-2.175968349880374,2025-06-15 00:34:56.663893,2025-06-15 00:34:57.334029,0 days 00:00:00.670136,,,,,,,,,,,,,,,,,,,,,,970,0.01,3m,2.0,3.0,2.0,882,,,,,,,,,,,,,,,,,,,,,,,,,,,,,,,,,,,,,,,,,,,0.2,1,COMPLETE
89,89,3.546929736839895,2025-06-15 00:34:57.390035,2025-06-15 00:35:01.776794,0 days 00:00:04.386759,952.0,0.009000000000000001,4m,4.0,1.5,2.0,390.0,454.0,0.005,4m,1.5,3.0,0.6,592.0,602.0,0.007,3m,3.5,3.5,1.3,318.0,474,0.007,2m,1.0,2.0,1.7000000000000002,534,634.0,0.003,3m,2.5,3.5,1.8,724.0,974.0,0.008,1m,1.0,1.5,1.2000000000000002,424.0,860.0,0.004,4m,3.5,2.0,0.6,184.0,446.0,0.003,4m,1.5,1.5,1.7000000000000002,352.0,,,,,,,,722.0,0.009000000000000001,3m,1.5,4.0,0.6,538.0,0.15000000000000002,9,COMPLETE
90,90,3.9409638369435047,2025-06-15 00:35:01.841313,2025-06-15 00:35:05.589092,0 days 00:00:03.747779,,,,,,,,204.0,0.004,2m,1.5,2.0,1.1,720.0,,,,,,,,686,0.002,1m,1.5,3.5,1.8,602,698.0,0.001,4m,3.5,4.0,1.5,244.0,56.0,0.001,3m,4.0,2.0,1.4,250.0,690.0,0.004,2m,3.0,2.5,1.1,414.0,418.0,0.009000000000000001,1m,3.5,2.5,1.9000000000000001,92.0,,,,,,,,516.0,0.004,3m,3.0,3.0,0.5,112.0,0.35000000000000003,7,COMPLETE
91,91,3.3154475492474984,2025-06-15 00:35:05.662606,2025-06-15 00:35:09.066878,0 days 00:00:03.404272,,,,,,,,,,,,,,,,,,,,,,908,0.008,2m,3.0,4.0,1.9000000000000001,576,,,,,,,,,,,,,,,702.0,0.007,3m,2.0,2.5,0.9,204.0,216.0,0.004,3m,2.5,4.0,0.5,158.0,,,,,,,,654.0,0.001,1m,1.0,3.5,0.9,204.0,0.2,4,COMPLETE
92,92,-0.3916331240304211,2025-06-15 00:35:09.170390,2025-06-15 00:35:12.055488,0 days 00:00:02.885098,,,,,,,,,,,,,,,,,,,,,,1024,0.008,2m,3.5,4.0,1.9000000000000001,136,,,,,,,,,,,,,,,,,,,,,,104.0,0.004,3m,2.5,4.0,0.8,46.0,,,,,,,,690.0,0.001,1m,1.0,1.0,0.9,170.0,0.2,3,COMPLETE
93,93,-2.4198761449744985,2025-06-15 00:35:12.152007,2025-06-15 00:35:15.779236,0 days 00:00:03.627229,,,,,,,,,,,,,,,,,,,,,,988,0.008,2m,3.0,4.0,1.9000000000000001,386,,,,,,,,,,,,,,,630.0,0.008,3m,1.5,2.5,0.9,112.0,164.0,0.005,3m,3.0,4.0,0.7,174.0,,,,,,,,672.0,0.001,1m,1.0,1.5,0.8,136.0,0.2,4,COMPLETE
94,94,-3.4262249144982935,2025-06-15 00:35:15.894765,2025-06-15 00:35:18.014212,0 days 00:00:02.119447,,,,,,,,,,,,,,,,,,,,,,960,0.008,2m,2.5,4.0,1.8,504,,,,,,,,,,,,,,,248.0,0.007,3m,2.0,2.5,0.8,274.0,846.0,0.004,3m,2.5,3.5,0.6,136.0,,,,,,,,628.0,0.002,1m,1.0,1.5,1.3,294.0,0.25,4,COMPLETE
95,95,-1.3105848125856638,2025-06-15 00:35:18.103759,2025-06-15 00:35:20.612211,0 days 00:00:02.508452,,,,,,,,,,,,,,,,,,,,,,934,0.009000000000000001,2m,3.5,3.5,1.9000000000000001,674,386.0,0.006,1m,2.0,3.5,1.7000000000000002,868.0,,,,,,,,520.0,0.006,3m,2.5,3.0,1.0,210.0,238.0,0.003,3m,2.0,4.0,1.5,238.0,,,,,,,,580.0,0.001,1m,1.5,2.5,1.1,76.0,0.2,5,COMPLETE
96,96,-1.7598567851420175,2025-06-15 00:35:20.679212,2025-06-15 00:35:22.630996,0 days 00:00:01.951784,,,,,,,,,,,,,,,,,,,,,,874,0.007,4m,1.0,2.5,0.8,102,,,,,,,,,,,,,,,790.0,0.007,3m,2.0,3.5,0.8,308.0,984.0,0.005,4m,2.5,3.5,1.1,722.0,,,,,,,,454.0,0.002,4m,1.0,2.0,0.7,52.0,0.25,4,COMPLETE
97,97,0.08050340214091778,2025-06-15 00:35:22.705998,2025-06-15 00:35:27.369127,0 days 00:00:04.663129,464.0,0.004,3m,3.0,2.0,1.0,962.0,592.0,0.002,3m,2.0,3.0,1.6,886.0,816.0,0.001,4m,1.0,1.0,2.0,202.0,830,0.006,2m,2.5,3.0,2.0,452,72.0,0.002,4m,1.5,3.0,1.6,316.0,704.0,0.01,3m,3.5,3.0,1.7000000000000002,568.0,850.0,0.005,3m,2.5,1.5,0.9,154.0,292.0,0.004,4m,1.5,3.0,0.7,822.0,622.0,0.005,2m,1.0,2.5,1.4,472.0,744.0,0.008,3m,2.5,3.5,1.6,642.0,0.4,10,COMPLETE
98,98,-1.7747662688376864,2025-06-15 00:35:27.429536,2025-06-15 00:35:29.026405,0 days 00:00:01.596869,,,,,,,,,,,,,,,,,,,,,,66,0.003,4m,3.0,1.5,1.8,562,,,,,,,,,,,,,,,,,,,,,,256.0,0.01,1m,3.0,2.5,1.9000000000000001,190.0,,,,,,,,808.0,0.01,1m,2.0,4.0,0.9,798.0,0.15000000000000002,3,COMPLETE
99,99,3.8058555348876335,2025-06-15 00:35:29.095919,2025-06-15 00:35:30.244157,0 days 00:00:01.148238,,,,,,,,,,,,,,,,,,,,,,728,0.007,3m,1.5,4.0,1.1,234,,,,,,,,,,,,,,,,,,,,,,,,,,,,,,,,,,,,770.0,0.006,3m,1.5,2.0,1.0,690.0,0.3,2,COMPLETE
100,100,-7.835973172029509,2025-06-15 00:35:30.313163,2025-06-15 00:35:33.211697,0 days 00:00:02.898534,,,,,,,,,,,,,,,,,,,,,,650,0.001,1m,2.0,3.5,1.7000000000000002,532,552.0,0.004,2m,1.0,4.0,1.9000000000000001,86.0,912.0,0.004,1m,3.0,1.0,1.1,666.0,706.0,0.006,2m,3.5,2.0,1.2000000000000002,238.0,160.0,0.003,3m,2.0,2.0,2.0,290.0,,,,,,,,1006.0,0.003,3m,1.0,3.5,0.6,428.0,0.25,6,COMPLETE
101,101,7.160354546694834,2025-06-15 00:35:33.266215,2025-06-15 00:35:35.349080,0 days 00:00:02.082865,,,,,,,,,,,,,,,,,,,,,,770,0.008,3m,1.5,2.5,1.8,60,,,,,,,,,,,,,,,752.0,0.003,3m,3.0,2.5,0.8,148.0,340.0,0.005,4m,2.0,1.0,1.8,190.0,,,,,,,,966.0,0.002,3m,1.0,3.5,0.7,78.0,0.5,4,COMPLETE
102,102,-2.4354908896759104,2025-06-15 00:35:35.426608,2025-06-15 00:35:37.604690,0 days 00:00:02.178082,,,,,,,,,,,,,,,,,,,,,,770,0.008,3m,1.5,2.5,1.7000000000000002,66,,,,,,,,,,,,,,,734.0,0.002,3m,3.0,2.5,0.7,188.0,614.0,0.006,4m,2.0,1.0,1.8,332.0,,,,,,,,116.0,0.001,3m,1.0,3.5,0.7,46.0,0.5,4,COMPLETE
103,103,1.250103059196838,2025-06-15 00:35:37.678202,2025-06-15 00:35:39.213466,0 days 00:00:01.535264,,,,,,,,,,,,,,,,,,,,,,236,0.008,3m,1.5,2.5,1.8,52,,,,,,,,,,,,,,,,,,,,,,332.0,0.005,4m,1.5,1.0,0.9,108.0,,,,,,,,884.0,0.001,3m,1.0,3.5,0.8,94.0,0.45,3,COMPLETE
104,104,4.680886976866881,2025-06-15 00:35:39.301974,2025-06-15 00:35:41.525044,0 days 00:00:02.223070,,,,,,,,,,,,,,,,,,,,,,792,0.009000000000000001,3m,1.0,2.5,1.9000000000000001,88,,,,,,,,,,,,,,,672.0,0.003,3m,3.0,2.5,0.8,88.0,368.0,0.006,4m,2.5,1.0,1.7000000000000002,258.0,,,,,,,,922.0,0.007,3m,1.0,3.5,0.8,210.0,0.2,4,COMPLETE
105,105,5.550142350985357,2025-06-15 00:35:41.590584,2025-06-15 00:35:44.007290,0 days 00:00:02.416706,,,,,,,,,,,,,,,,,,,,,,362,0.004,3m,1.5,3.0,1.8,20,500.0,0.005,1m,1.5,3.5,1.1,806.0,,,,,,,,632.0,0.002,3m,3.0,2.5,0.9,356.0,286.0,0.004,4m,3.0,1.5,1.9000000000000001,212.0,,,,,,,,962.0,0.002,3m,1.5,3.0,0.6,528.0,0.25,5,COMPLETE
106,106,-1.331779153650522,2025-06-15 00:35:44.091316,2025-06-15 00:35:47.524536,0 days 00:00:03.433220,,,,,,,,382.0,0.007,2m,2.5,4.0,1.3,626.0,,,,,,,,740,0.008,4m,4.0,3.0,1.9000000000000001,150,264.0,0.01,4m,3.0,4.0,0.8,174.0,642.0,0.008,3m,2.5,3.5,2.0,384.0,186.0,0.001,1m,1.5,3.0,0.5,276.0,242.0,0.005,2m,1.0,2.5,1.2000000000000002,748.0,,,,,,,,1002.0,0.009000000000000001,4m,1.5,4.0,0.7,354.0,0.15000000000000002,7,COMPLETE
107,107,-0.673832302236901,2025-06-15 00:35:47.610060,2025-06-15 00:35:48.817324,0 days 00:00:01.207264,,,,,,,,,,,,,,,,,,,,,,604,0.007,2m,1.0,2.5,2.0,42,,,,,,,,,,,,,,,,,,,,,,,,,,,,,,,,,,,,972.0,0.001,2m,4.0,3.5,1.0,612.0,0.3,2,COMPLETE
108,108,6.729279518046083,2025-06-15 00:35:48.888834,2025-06-15 00:35:51.062167,0 days 00:00:02.173333,,,,,,,,,,,,,,,,,,,,,,674,0.009000000000000001,3m,2.0,2.0,1.7000000000000002,360,,,,,,,,,,,,,,,762.0,0.008,3m,4.0,2.0,0.7,132.0,678.0,0.005,4m,1.5,4.0,0.5,374.0,,,,,,,,704.0,0.007,3m,2.5,3.5,0.9,590.0,0.2,4,COMPLETE
109,109,2.674419804685135,2025-06-15 00:35:51.105668,2025-06-15 00:35:53.456227,0 days 00:00:02.350559,,,,,,,,,,,,,,,,,,,,,,526,0.01,3m,2.0,2.0,1.6,202,740.0,0.002,1m,2.0,1.5,1.4,410.0,,,,,,,,754.0,0.008,2m,4.0,2.0,0.6,66.0,672.0,0.008,4m,1.5,3.5,1.8,400.0,,,,,,,,830.0,0.005,3m,2.5,3.5,0.5,488.0,0.3,5,COMPLETE
110,110,6.220747051017925,2025-06-15 00:35:53.550760,2025-06-15 00:35:57.556571,0 days 00:00:04.005811,790.0,0.007,1m,3.5,1.0,1.3,574.0,66.0,0.006,4m,1.0,1.5,0.5,508.0,,,,,,,,668,0.009000000000000001,3m,2.0,1.5,1.7000000000000002,616,860.0,0.003,3m,4.0,3.0,1.9000000000000001,558.0,522.0,0.006,2m,2.0,1.5,1.2000000000000002,502.0,814.0,0.009000000000000001,4m,4.0,2.0,0.7,104.0,702.0,0.005,4m,1.0,1.5,0.6,48.0,,,,,,,,708.0,0.007,3m,2.5,4.0,0.8,568.0,0.45,8,COMPLETE
111,111,3.473912655501567,2025-06-15 00:35:57.625102,2025-06-15 00:36:01.691956,0 days 00:00:04.066854,800.0,0.008,1m,3.5,1.0,1.4,804.0,102.0,0.006,4m,1.0,1.5,0.5,522.0,,,,,,,,686,0.009000000000000001,3m,2.0,1.5,1.7000000000000002,728,896.0,0.003,3m,4.0,3.0,1.9000000000000001,570.0,522.0,0.003,2m,2.0,1.5,1.2000000000000002,482.0,828.0,0.009000000000000001,4m,4.0,2.0,0.7,126.0,776.0,0.005,4m,1.0,1.5,0.6,436.0,,,,,,,,730.0,0.007,3m,2.5,4.0,0.8,570.0,0.45,8,COMPLETE
