,number,value,datetime_start,datetime_complete,duration,params_AAPL_INTU_beta_win,params_AAPL_INTU_stop_loss,params_AAPL_INTU_trade_freq,params_AAPL_INTU_z_entry,params_AAPL_INTU_z_exit,params_AAPL_INTU_z_stop_scaler,params_AAPL_INTU_z_win,params_AAPL_VRSK_beta_win,params_AAPL_VRSK_stop_loss,params_AAPL_VRSK_trade_freq,params_AAPL_VRSK_z_entry,params_AAPL_VRSK_z_exit,params_AAPL_VRSK_z_stop_scaler,params_AAPL_VRSK_z_win,params_AEP_PANW_beta_win,params_AEP_PANW_stop_loss,params_AEP_PANW_trade_freq,params_AEP_PANW_z_entry,params_AEP_PANW_z_exit,params_AEP_PANW_z_stop_scaler,params_AEP_PANW_z_win,params_AMGN_ZS_beta_win,params_AMGN_ZS_stop_loss,params_AMGN_ZS_trade_freq,params_AMGN_ZS_z_entry,params_AMGN_ZS_z_exit,params_AMGN_ZS_z_stop_scaler,params_AMGN_ZS_z_win,params_ATVI_MSFT_beta_win,params_ATVI_MSFT_stop_loss,params_ATVI_MSFT_trade_freq,params_ATVI_MSFT_z_entry,params_ATVI_MSFT_z_exit,params_ATVI_MSFT_z_stop_scaler,params_ATVI_MSFT_z_win,params_BKNG_EA_beta_win,params_BKNG_EA_stop_loss,params_BKNG_EA_trade_freq,params_BKNG_EA_z_entry,params_BKNG_EA_z_exit,params_BKNG_EA_z_stop_scaler,params_BKNG_EA_z_win,params_DXCM_ORLY_beta_win,params_DXCM_ORLY_stop_loss,params_DXCM_ORLY_trade_freq,params_DXCM_ORLY_z_entry,params_DXCM_ORLY_z_exit,params_DXCM_ORLY_z_stop_scaler,params_DXCM_ORLY_z_win,params_FISV_WDAY_beta_win,params_FISV_WDAY_stop_loss,params_FISV_WDAY_trade_freq,params_FISV_WDAY_z_entry,params_FISV_WDAY_z_exit,params_FISV_WDAY_z_stop_scaler,params_FISV_WDAY_z_win,params_ORLY_VRTX_beta_win,params_ORLY_VRTX_stop_loss,params_ORLY_VRTX_trade_freq,params_ORLY_VRTX_z_entry,params_ORLY_VRTX_z_exit,params_ORLY_VRTX_z_stop_scaler,params_ORLY_VRTX_z_win,params_TEAM_ZS_beta_win,params_TEAM_ZS_stop_loss,params_TEAM_ZS_trade_freq,params_TEAM_ZS_z_entry,params_TEAM_ZS_z_exit,params_TEAM_ZS_z_stop_scaler,params_TEAM_ZS_z_win,params_buffer_capital,params_pairs_to_trade,state
54,54,0.4502544807949159,2025-06-15 01:09:51.933927,2025-06-15 01:09:54.040162,0 days 00:00:02.106235,,,,,,,,,,,,,,,192.0,0.006,2m,3.5,4.0,0.5,210.0,,,,,,,,910.0,0.008,1m,3.5,3.0,0.7,510.0,500.0,0.009000000000000001,2m,1.0,4.0,1.0,272.0,666,0.009000000000000001,1m,1.5,2.0,1.7000000000000002,18,,,,,,,,1020.0,0.004,4m,2.5,1.0,1.2000000000000002,16.0,,,,,,,,0.2,5,COMPLETE
55,55,-1.2993666844504064,2025-06-15 01:09:54.119880,2025-06-15 01:09:55.732595,0 days 00:00:01.612715,,,,,,,,,,,,,,,,,,,,,,,,,,,,,980.0,0.005,3m,4.0,2.0,0.5,564.0,226.0,0.01,2m,2.0,3.5,0.9,206.0,900,0.01,4m,2.0,1.5,1.9000000000000001,394,,,,,,,,282.0,0.008,3m,2.0,2.0,1.1,228.0,,,,,,,,0.15000000000000002,4,COMPLETE
56,56,-1.1357277345499885,2025-06-15 01:09:55.794659,2025-06-15 01:09:57.088844,0 days 00:00:01.294185,,,,,,,,,,,,,,,,,,,,,,,,,,,,,712.0,0.006,3m,3.5,3.5,0.8,432.0,,,,,,,,956,0.01,4m,1.0,2.5,1.8,150,,,,,,,,778.0,0.006,1m,2.5,1.5,1.0,148.0,,,,,,,,0.05,3,COMPLETE
57,57,-0.4041427009303846,2025-06-15 01:09:57.152234,2025-06-15 01:09:59.325124,0 days 00:00:02.172890,,,,,,,,,,,,,,,144.0,0.005,3m,4.0,4.0,1.4,376.0,,,,,,,,590.0,0.007,1m,4.0,2.5,0.6,480.0,326.0,0.009000000000000001,2m,1.5,4.0,0.6,16.0,844,0.003,1m,1.5,2.0,2.0,294,,,,,,,,686.0,0.005,4m,3.0,1.0,0.7,310.0,,,,,,,,0.1,5,COMPLETE
58,58,1.0676080250546414,2025-06-15 01:09:59.374308,2025-06-15 01:10:01.814949,0 days 00:00:02.440641,,,,,,,,,,,,,,,360.0,0.002,2m,3.0,4.0,0.7,230.0,,,,,,,,796.0,0.01,4m,3.0,3.5,1.0,786.0,264.0,0.008,1m,1.0,3.0,1.1,584.0,384,0.009000000000000001,4m,2.0,1.5,1.6,978,844.0,0.001,3m,3.5,1.5,0.6,62.0,326.0,0.007,3m,1.5,2.0,1.3,494.0,,,,,,,,0.15000000000000002,6,COMPLETE
59,59,-0.686482265758685,2025-06-15 01:10:01.911289,2025-06-15 01:10:02.461068,0 days 00:00:00.549779,,,,,,,,,,,,,,,,,,,,,,,,,,,,,,,,,,,,,,,,,,,482,0.008,4m,2.0,3.0,1.9000000000000001,204,,,,,,,,,,,,,,,,,,,,,,0.2,1,COMPLETE
60,60,-1.1330301884900427,2025-06-15 01:10:02.522793,2025-06-15 01:10:04.207974,0 days 00:00:01.685181,,,,,,,,,,,,,,,,,,,,,,,,,,,,,74.0,0.009000000000000001,3m,4.0,2.5,1.0,642.0,400.0,0.006,1m,1.0,3.5,0.8,94.0,776,0.008,1m,2.5,1.5,1.7000000000000002,100,,,,,,,,522.0,0.006,1m,3.5,1.0,0.9,602.0,,,,,,,,0.15000000000000002,4,COMPLETE
61,61,2.9819218736037665,2025-06-15 01:10:04.267864,2025-06-15 01:10:06.330722,0 days 00:00:02.062858,,,,,,,,,,,,,,,756.0,0.004,4m,3.0,3.5,1.0,394.0,,,,,,,,874.0,0.008,3m,4.0,2.5,0.9,510.0,350.0,0.01,2m,1.0,4.0,1.2000000000000002,248.0,726,0.007,4m,1.5,1.5,2.0,148,,,,,,,,398.0,0.007,1m,3.5,2.5,1.1,88.0,,,,,,,,0.25,5,COMPLETE
62,62,8.453706664964875,2025-06-15 01:10:06.408314,2025-06-15 01:10:08.433465,0 days 00:00:02.025151,,,,,,,,,,,,,,,844.0,0.005,4m,2.5,3.5,1.0,550.0,,,,,,,,872.0,0.007,3m,4.0,2.5,0.8,494.0,402.0,0.01,4m,1.5,4.0,1.3,572.0,750,0.009000000000000001,4m,1.5,2.0,1.8,228,,,,,,,,228.0,0.007,1m,3.5,3.5,1.1,118.0,,,,,,,,0.3,5,COMPLETE
63,63,1.3098838576539606,2025-06-15 01:10:08.481233,2025-06-15 01:10:10.983446,0 days 00:00:02.502213,,,,,,,,,,,,,,,1016.0,0.007,4m,2.5,3.5,1.1,520.0,,,,,,,,856.0,0.007,3m,4.0,2.0,0.8,590.0,556.0,0.009000000000000001,1m,2.0,4.0,1.3,618.0,824,0.009000000000000001,4m,1.5,2.0,1.8,264,38.0,0.01,4m,3.0,3.5,0.8,786.0,218.0,0.006,1m,4.0,4.0,1.0,174.0,,,,,,,,0.3,6,COMPLETE
64,64,4.451232282093204,2025-06-15 01:10:11.054134,2025-06-15 01:10:12.647255,0 days 00:00:01.593121,,,,,,,,,,,,,,,,,,,,,,,,,,,,,900.0,0.008,3m,3.5,4.0,0.7,420.0,408.0,0.005,2m,1.5,4.0,1.4,758.0,666,0.01,4m,1.0,2.5,1.9000000000000001,464,,,,,,,,140.0,0.009000000000000001,1m,3.5,3.5,1.2000000000000002,124.0,,,,,,,,0.35000000000000003,4,COMPLETE
65,65,4.902900205994792,2025-06-15 01:10:12.716786,2025-06-15 01:10:14.747689,0 days 00:00:02.030903,,,,,,,,,,,,,,,930.0,0.006,4m,2.5,4.0,1.0,614.0,,,,,,,,994.0,0.005,1m,2.5,3.0,2.0,368.0,490.0,0.01,1m,1.5,3.5,1.3,558.0,986,0.01,4m,4.0,2.0,2.0,416,,,,,,,,274.0,0.008,2m,3.0,3.5,0.8,62.0,,,,,,,,0.3,5,COMPLETE
66,66,-1.810832791929117,2025-06-15 01:10:14.829350,2025-06-15 01:10:17.110273,0 days 00:00:02.280923,,,,,,,,,,,,,,,832.0,0.003,1m,3.5,3.0,0.8,486.0,,,,,,,,834.0,0.009000000000000001,3m,4.0,3.0,0.8,460.0,616.0,0.008,2m,1.0,4.0,1.1,658.0,408,0.008,2m,1.5,2.0,1.8,328,1016.0,0.003,3m,3.5,1.5,1.1,158.0,226.0,0.007,3m,3.5,3.5,1.0,246.0,,,,,,,,0.25,6,COMPLETE
67,67,3.997444281889899,2025-06-15 01:10:17.189207,2025-06-15 01:10:18.144631,0 days 00:00:00.955424,,,,,,,,,,,,,,,,,,,,,,,,,,,,,730.0,0.006,3m,3.5,2.0,1.9000000000000001,526.0,,,,,,,,760,0.009000000000000001,4m,2.0,2.5,2.0,244,,,,,,,,,,,,,,,,,,,,,,0.3,2,COMPLETE
68,68,-2.273100312536092,2025-06-15 01:10:18.214800,2025-06-15 01:10:19.425161,0 days 00:00:01.210361,,,,,,,,,,,,,,,,,,,,,,,,,,,,,294.0,0.004,1m,4.0,2.5,0.7,698.0,,,,,,,,334,0.009000000000000001,2m,1.0,2.0,1.9000000000000001,374,,,,,,,,976.0,0.005,2m,4.0,3.0,1.1,776.0,,,,,,,,0.1,3,COMPLETE
69,69,2.6153465273590824,2025-06-15 01:10:19.468270,2025-06-15 01:10:21.175081,0 days 00:00:01.706811,,,,,,,,,,,,,,,,,,,,,,,,,,,,,446.0,0.008,3m,3.5,3.5,1.0,986.0,330.0,0.009000000000000001,4m,2.0,4.0,1.0,700.0,252,0.008,4m,1.5,2.5,1.6,324,,,,,,,,364.0,0.006,4m,3.0,1.5,1.2000000000000002,122.0,,,,,,,,0.45,4,COMPLETE
70,70,5.425890440284668,2025-06-15 01:10:21.255282,2025-06-15 01:10:23.381634,0 days 00:00:02.126352,,,,,,,,,,,,,,,468.0,0.005,3m,2.5,3.5,0.6,280.0,,,,,,,,954.0,0.007,4m,4.0,2.5,0.6,578.0,446.0,0.007,1m,1.0,3.5,0.6,484.0,904,0.01,1m,1.5,3.0,1.8,204,,,,,,,,574.0,0.006,1m,3.5,3.0,0.9,150.0,,,,,,,,0.35000000000000003,5,COMPLETE
71,71,1.3712972853456153,2025-06-15 01:10:23.458502,2025-06-15 01:10:25.627403,0 days 00:00:02.168901,,,,,,,,,,,,,,,670.0,0.004,4m,3.0,3.5,1.0,432.0,,,,,,,,792.0,0.007,3m,4.0,2.5,0.9,494.0,382.0,0.01,4m,1.0,4.0,1.2000000000000002,554.0,718,0.007,4m,1.5,1.5,1.7000000000000002,220,,,,,,,,358.0,0.007,1m,3.5,2.5,1.1,90.0,,,,,,,,0.25,5,COMPLETE
72,72,4.807790015061201,2025-06-15 01:10:25.698503,2025-06-15 01:10:27.942442,0 days 00:00:02.243939,,,,,,,,,,,,,,,936.0,0.006,4m,3.0,3.5,0.9,392.0,,,,,,,,924.0,0.006,3m,4.0,3.0,0.9,464.0,238.0,0.01,4m,1.0,4.0,1.4,458.0,860,0.008,4m,1.5,1.5,1.9000000000000001,236,,,,,,,,410.0,0.007,1m,3.5,2.5,1.0,36.0,,,,,,,,0.25,5,COMPLETE
73,73,6.246304015670887,2025-06-15 01:10:28.001903,2025-06-15 01:10:29.851121,0 days 00:00:01.849218,,,,,,,,,,,,,,,,,,,,,,,,,,,,,864.0,0.005,3m,4.0,2.5,0.8,514.0,302.0,0.01,4m,1.5,3.5,1.2000000000000002,352.0,804,0.006,4m,1.5,2.0,1.9000000000000001,160,,,,,,,,320.0,0.007,1m,4.0,2.0,1.2000000000000002,174.0,,,,,,,,0.2,4,COMPLETE
74,74,6.875876291342151,2025-06-15 01:10:29.939593,2025-06-15 01:10:31.600751,0 days 00:00:01.661158,,,,,,,,,,,,,,,,,,,,,,,,,,,,,840.0,0.005,3m,4.0,2.0,0.8,372.0,306.0,0.01,4m,1.5,3.5,0.9,296.0,806,0.004,4m,2.0,2.0,1.9000000000000001,128,,,,,,,,310.0,0.006,2m,4.0,2.0,1.3,182.0,,,,,,,,0.2,4,COMPLETE
75,75,6.7181942152584275,2025-06-15 01:10:31.669810,2025-06-15 01:10:33.549896,0 days 00:00:01.880086,,,,,,,,,,,,,,,,,,,,,,,,,,,,,856.0,0.005,3m,4.0,2.0,0.8,280.0,282.0,0.009000000000000001,4m,1.5,3.0,1.0,360.0,802,0.004,4m,2.5,2.0,1.8,88,,,,,,,,174.0,0.004,2m,4.0,2.0,1.4,176.0,,,,,,,,0.2,4,COMPLETE
76,76,1.3157728015823662,2025-06-15 01:10:33.616599,2025-06-15 01:10:34.915271,0 days 00:00:01.298672,,,,,,,,,,,,,,,,,,,,,,,,,,,,,852.0,0.004,1m,4.0,2.0,0.8,284.0,,,,,,,,812,0.004,2m,2.5,2.0,1.8,70,,,,,,,,156.0,0.004,2m,4.0,2.0,1.4,186.0,,,,,,,,0.2,3,COMPLETE
77,77,4.566474521502341,2025-06-15 01:10:34.975626,2025-06-15 01:10:36.846916,0 days 00:00:01.871290,,,,,,,,,,,,,,,,,,,,,,,,,,,,,664.0,0.005,3m,3.5,2.0,0.7,216.0,30.0,0.009000000000000001,4m,1.5,3.0,0.9,344.0,798,0.005,4m,2.5,2.5,1.7000000000000002,130,,,,,,,,112.0,0.004,2m,4.0,2.0,1.6,218.0,,,,,,,,0.2,4,COMPLETE
78,78,-0.8498297800951777,2025-06-15 01:10:36.925711,2025-06-15 01:10:38.620612,0 days 00:00:01.694901,,,,,,,,,,,,,,,,,,,,,,,,,,,,,770.0,0.004,3m,2.5,2.0,0.8,26.0,306.0,0.009000000000000001,4m,2.0,2.5,1.0,280.0,928,0.003,4m,2.0,2.0,1.5,98,,,,,,,,316.0,0.003,2m,4.0,2.0,1.5,992.0,,,,,,,,0.3,4,COMPLETE
79,79,5.012901162997946,2025-06-15 01:10:38.676190,2025-06-15 01:10:39.947620,0 days 00:00:01.271430,,,,,,,,,,,,,,,,,,,,,,,,,,,,,800.0,0.005,3m,3.5,1.5,0.5,362.0,,,,,,,,882,0.004,2m,2.5,2.0,1.9000000000000001,172,,,,,,,,50.0,0.005,2m,4.0,4.0,1.4,278.0,,,,,,,,0.25,3,COMPLETE
80,80,2.656945850609382,2025-06-15 01:10:40.019881,2025-06-15 01:10:41.403114,0 days 00:00:01.383233,,,,,,,,,,,,,,,,,,,,,,,,,,,,,376.0,0.006,3m,4.0,2.0,0.8,310.0,,,,,,,,762,0.003,4m,2.0,1.5,1.8,54,,,,,,,,202.0,0.005,3m,4.0,3.5,1.5,654.0,,,,,,,,0.2,3,COMPLETE
81,81,4.5905525662949795,2025-06-15 01:10:41.465306,2025-06-15 01:10:43.259406,0 days 00:00:01.794100,,,,,,,,,,,,,,,,,,,,,,,,,,,,,852.0,0.005,3m,4.0,3.0,0.7,866.0,190.0,0.008,4m,1.5,3.0,1.1,386.0,830,0.005,4m,1.5,2.0,1.9000000000000001,1018,,,,,,,,162.0,0.006,2m,4.0,2.0,1.3,172.0,,,,,,,,0.2,4,COMPLETE
82,82,1.228982466176461,2025-06-15 01:10:43.307136,2025-06-15 01:10:46.528049,0 days 00:00:03.220913,,,,,,,,,,,,,,,,,,,,,,,,,,,,,952.0,0.005,3m,4.0,2.5,0.6,230.0,308.0,0.01,4m,1.5,3.5,1.1,306.0,606,0.006,4m,2.0,2.0,1.9000000000000001,154,,,,,,,,250.0,0.006,2m,4.0,2.0,1.2000000000000002,244.0,,,,,,,,0.25,4,COMPLETE
83,83,2.8996640041439226,2025-06-15 01:10:46.621912,2025-06-15 01:10:50.433573,0 days 00:00:03.811661,,,,,,,,,,,,,,,724.0,0.007,4m,3.5,4.0,1.2000000000000002,108.0,,,,,,,,910.0,0.004,3m,4.0,2.0,1.1,932.0,236.0,0.009000000000000001,4m,1.5,3.0,1.3,626.0,678,0.002,4m,3.0,2.0,2.0,82,,,,,,,,312.0,0.006,2m,4.0,2.0,1.3,332.0,,,,,,,,0.15000000000000002,5,COMPLETE
84,84,-0.7330456379751127,2025-06-15 01:10:50.539176,2025-06-15 01:10:53.807073,0 days 00:00:03.267897,,,,,,,,,,,,,,,596.0,0.002,1m,2.5,4.0,0.7,266.0,,,,,,,,852.0,0.005,3m,4.0,3.0,1.9000000000000001,558.0,420.0,0.001,4m,1.5,3.5,1.0,228.0,216,0.004,4m,1.0,2.0,1.8,116,776.0,0.002,3m,4.0,1.0,0.5,786.0,266.0,0.005,2m,4.0,2.5,1.4,124.0,,,,,,,,0.2,6,COMPLETE
85,85,6.021647972234019,2025-06-15 01:10:53.879754,2025-06-15 01:10:55.532650,0 days 00:00:01.652896,,,,,,,,,,,,,,,,,,,,,,,,,,,,,814.0,0.006,3m,4.0,2.5,0.7,186.0,280.0,0.01,4m,2.0,3.5,0.9,364.0,704,0.005,4m,2.5,2.0,0.8,294,,,,,,,,204.0,0.004,2m,3.5,2.0,1.2000000000000002,572.0,,,,,,,,0.2,4,COMPLETE
86,86,6.551660861024645,2025-06-15 01:10:55.593202,2025-06-15 01:10:57.453848,0 days 00:00:01.860646,,,,,,,,,,,,,,,,,,,,,,,,,,,,,966.0,0.005,1m,4.0,3.5,1.2000000000000002,292.0,894.0,0.009000000000000001,3m,1.5,3.0,1.2000000000000002,496.0,784,0.006,4m,1.5,2.5,1.9000000000000001,38,,,,,,,,178.0,0.008,2m,4.0,1.5,0.8,164.0,,,,,,,,0.15000000000000002,4,COMPLETE
87,87,2.176505685653141,2025-06-15 01:10:57.509640,2025-06-15 01:10:58.399803,0 days 00:00:00.890163,,,,,,,,,,,,,,,,,,,,,,,,,,,,,196.0,0.003,1m,4.0,4.0,1.2000000000000002,366.0,,,,,,,,784,0.006,1m,3.5,2.5,2.0,22,,,,,,,,,,,,,,,,,,,,,,0.15000000000000002,2,COMPLETE
88,88,-0.39520604421989436,2025-06-15 01:10:58.461041,2025-06-15 01:10:59.804908,0 days 00:00:01.343867,,,,,,,,,,,,,,,,,,,,,,,,,,,,,16.0,0.004,1m,3.0,3.5,1.3,294.0,,,,,,,,854,0.006,4m,2.0,2.5,1.8,36,,,,,,,,84.0,0.008,2m,4.0,1.5,0.8,194.0,,,,,,,,0.15000000000000002,3,COMPLETE
89,89,-1.2015340658606515,2025-06-15 01:10:59.893843,2025-06-15 01:11:01.670609,0 days 00:00:01.776766,,,,,,,,,,,,,,,,,,,,,,,,,,,,,1020.0,0.005,1m,4.0,3.5,1.1,264.0,882.0,0.009000000000000001,3m,2.0,2.5,1.4,490.0,758,0.004,2m,3.0,3.0,1.9000000000000001,192,,,,,,,,180.0,0.009000000000000001,4m,4.0,1.5,0.6,354.0,,,,,,,,0.15000000000000002,4,COMPLETE
90,90,5.333018682434716,2025-06-15 01:11:01.737965,2025-06-15 01:11:02.997708,0 days 00:00:01.259743,,,,,,,,,,,,,,,,,,,,,,,,,,,,,554.0,0.006,1m,3.5,1.5,1.5,382.0,,,,,,,,812,0.005,4m,2.0,2.5,2.0,100,,,,,,,,124.0,0.008,3m,2.0,2.5,1.5,108.0,,,,,,,,0.1,3,COMPLETE
91,91,1.9255867919792233,2025-06-15 01:11:03.054704,2025-06-15 01:11:05.246495,0 days 00:00:02.191791,,,,,,,,,,,,,,,382.0,0.006,2m,2.0,2.5,1.4,352.0,,,,,,,,976.0,0.005,3m,4.0,4.0,0.8,618.0,882.0,0.008,3m,1.5,3.0,1.2000000000000002,578.0,746,0.003,4m,1.5,2.0,1.9000000000000001,128,,,,,,,,298.0,0.007,2m,4.0,2.0,1.0,168.0,,,,,,,,0.2,5,COMPLETE
92,92,4.17216505963366,2025-06-15 01:11:05.320272,2025-06-15 01:11:07.045591,0 days 00:00:01.725319,,,,,,,,,,,,,,,,,,,,,,,,,,,,,930.0,0.005,4m,4.0,3.5,1.7000000000000002,444.0,340.0,0.01,3m,1.5,3.5,1.2000000000000002,416.0,788,0.006,4m,1.5,2.5,1.9000000000000001,58,,,,,,,,246.0,0.006,2m,3.5,3.0,0.9,140.0,,,,,,,,0.2,4,COMPLETE
93,93,3.590691392058936,2025-06-15 01:11:07.091147,2025-06-15 01:11:08.914200,0 days 00:00:01.823053,,,,,,,,,,,,,,,,,,,,,,,,,,,,,894.0,0.005,3m,4.0,3.0,1.6,332.0,198.0,0.009000000000000001,3m,1.5,3.5,1.1,530.0,62,0.004,4m,1.5,2.0,1.7000000000000002,160,,,,,,,,212.0,0.007,2m,4.0,2.0,0.7,50.0,,,,,,,,0.15000000000000002,4,COMPLETE
94,94,0.5969978745128297,2025-06-15 01:11:09.002714,2025-06-15 01:11:11.074914,0 days 00:00:02.072200,,,,,,,,,,,,,,,954.0,0.005,3m,2.5,3.0,1.7000000000000002,554.0,,,,,,,,952.0,0.004,1m,4.0,3.0,1.0,248.0,298.0,0.01,4m,1.5,2.5,1.3,654.0,882,0.009000000000000001,4m,1.5,2.0,1.8,862,,,,,,,,838.0,0.006,2m,3.5,1.5,0.8,218.0,,,,,,,,0.25,5,COMPLETE
95,95,3.3065385649411203,2025-06-15 01:11:11.139529,2025-06-15 01:11:12.924623,0 days 00:00:01.785094,,,,,,,,,,,,,,,,,,,,,,,,,,,,,998.0,0.006,3m,4.0,2.5,1.9000000000000001,532.0,998.0,0.007,4m,2.0,3.0,0.9,308.0,982,0.007,4m,1.0,1.5,2.0,276,,,,,,,,918.0,0.007,2m,2.5,1.0,0.9,110.0,,,,,,,,0.2,4,COMPLETE
96,96,1.9693882861935776,2025-06-15 01:11:12.992080,2025-06-15 01:11:15.165735,0 days 00:00:02.173655,,,,,,,,,,,,,,,638.0,0.003,4m,4.0,4.0,1.2000000000000002,464.0,,,,,,,,868.0,0.005,3m,3.5,3.5,1.8,404.0,464.0,0.01,1m,4.0,3.5,0.8,436.0,648,0.009000000000000001,1m,1.5,3.0,1.9000000000000001,40,,,,,,,,424.0,0.008,1m,4.0,1.5,1.1,154.0,,,,,,,,0.3,5,COMPLETE
97,97,-1.2570157326624771,2025-06-15 01:11:15.244990,2025-06-15 01:11:17.117039,0 days 00:00:01.872049,,,,,,,,,,,,,,,,,,,,,,,,,,,,,896.0,0.005,3m,4.0,2.0,0.9,198.0,80.0,0.008,3m,1.5,3.0,1.0,342.0,158,0.005,4m,1.5,2.0,1.8,86,,,,,,,,474.0,0.003,4m,3.5,2.0,1.3,256.0,,,,,,,,0.1,4,COMPLETE
98,98,0.5752376492240808,2025-06-15 01:11:17.196203,2025-06-15 01:11:19.224597,0 days 00:00:02.028394,,,,,,,,,,,,,,,826.0,0.009000000000000001,4m,3.0,3.0,0.8,696.0,,,,,,,,754.0,0.006,1m,4.0,2.5,0.6,566.0,712.0,0.009000000000000001,4m,1.0,3.5,1.2000000000000002,524.0,700,0.002,3m,2.0,2.5,2.0,184,,,,,,,,288.0,0.005,3m,1.5,2.0,1.0,72.0,,,,,,,,0.15000000000000002,5,COMPLETE
99,99,4.663279278075831,2025-06-15 01:11:19.297832,2025-06-15 01:11:21.117508,0 days 00:00:01.819676,,,,,,,,,,,,,,,,,,,,,,,,,,,,,622.0,0.004,3m,3.5,3.0,2.0,428.0,252.0,0.009000000000000001,1m,1.5,1.5,1.1,410.0,544,0.006,4m,4.0,1.5,1.9000000000000001,130,,,,,,,,654.0,0.006,2m,3.0,1.0,1.0,206.0,,,,,,,,0.25,4,COMPLETE
100,100,3.1364122627471747,2025-06-15 01:11:21.196362,2025-06-15 01:11:24.947550,0 days 00:00:03.751188,424.0,0.001,1m,4.0,1.0,1.2000000000000002,966.0,,,,,,,,26.0,0.007,4m,2.0,2.5,0.6,602.0,984.0,0.003,1m,3.5,1.0,2.0,180.0,930.0,0.009000000000000001,3m,2.0,3.5,0.8,474.0,160.0,0.002,4m,1.0,3.0,0.8,722.0,778,0.01,4m,1.5,1.0,1.7000000000000002,252,272.0,0.009000000000000001,4m,1.0,4.0,1.1,262.0,170.0,0.007,1m,4.0,2.0,1.1,302.0,326.0,0.008,2m,3.0,1.5,1.6,352.0,0.05,9,COMPLETE
101,101,3.951157277334406,2025-06-15 01:11:25.022656,2025-06-15 01:11:26.465334,0 days 00:00:01.442678,,,,,,,,,,,,,,,,,,,,,,,,,,,,,816.0,0.006,3m,4.0,2.5,0.7,190.0,,,,,,,,704,0.005,4m,2.5,2.0,0.6,290,,,,,,,,234.0,0.004,2m,3.5,2.0,1.2000000000000002,566.0,,,,,,,,0.2,3,COMPLETE
102,102,4.700982622928585,2025-06-15 01:11:26.533891,2025-06-15 01:11:28.266413,0 days 00:00:01.732522,,,,,,,,,,,,,,,,,,,,,,,,,,,,,818.0,0.005,3m,4.0,2.5,0.7,170.0,284.0,0.01,4m,2.0,3.5,0.9,286.0,830,0.005,4m,2.5,2.0,0.9,298,,,,,,,,334.0,0.004,2m,3.5,2.0,1.2000000000000002,620.0,,,,,,,,0.2,4,COMPLETE
103,103,6.771985417241423,2025-06-15 01:11:28.339538,2025-06-15 01:11:30.154443,0 days 00:00:01.814905,,,,,,,,,,,,,,,,,,,,,,,,,,,,,838.0,0.006,3m,4.0,2.5,0.5,516.0,372.0,0.01,4m,2.0,3.5,0.9,366.0,712,0.004,4m,2.5,2.0,0.7,344,,,,,,,,190.0,0.004,2m,3.5,2.0,1.4,510.0,,,,,,,,0.15000000000000002,4,COMPLETE
104,104,2.5118734428783274,2025-06-15 01:11:30.208708,2025-06-15 01:11:32.431187,0 days 00:00:02.222479,,,,,,,,,,,,,,,482.0,0.006,1m,3.5,1.0,1.3,322.0,,,,,,,,778.0,0.005,3m,4.0,2.0,0.5,498.0,360.0,0.01,4m,1.5,3.5,1.0,370.0,742,0.004,4m,2.5,2.0,0.8,340,,,,,,,,72.0,0.005,2m,1.0,1.5,1.5,860.0,,,,,,,,0.1,5,COMPLETE
105,105,6.231402217078313,2025-06-15 01:11:32.491035,2025-06-15 01:11:34.290220,0 days 00:00:01.799185,,,,,,,,,,,,,,,,,,,,,,,,,,,,,884.0,0.006,3m,4.0,2.5,0.5,528.0,410.0,0.01,4m,2.5,3.5,1.3,596.0,624,0.003,4m,1.5,2.5,1.1,394,,,,,,,,184.0,0.006,2m,3.0,2.5,1.4,498.0,,,,,,,,0.15000000000000002,4,COMPLETE
106,106,-2.452896589838139,2025-06-15 01:11:34.364353,2025-06-15 01:11:36.169740,0 days 00:00:01.805387,,,,,,,,,,,,,,,,,,,,,,,,,,,,,840.0,0.007,3m,4.0,2.5,0.5,452.0,514.0,0.01,4m,2.5,3.5,1.5,218.0,610,0.003,2m,3.0,2.5,1.1,432,,,,,,,,178.0,0.01,2m,2.5,2.5,1.4,526.0,,,,,,,,0.15000000000000002,4,COMPLETE
107,107,5.912255939089552,2025-06-15 01:11:36.239355,2025-06-15 01:11:37.238584,0 days 00:00:00.999229,,,,,,,,,,,,,,,,,,,,,,,,,,,,,968.0,0.006,4m,4.0,2.5,0.5,528.0,,,,,,,,722,0.003,4m,2.0,2.5,0.7,390,,,,,,,,,,,,,,,,,,,,,,0.15000000000000002,2,COMPLETE
108,108,4.264835965644659,2025-06-15 01:11:37.294604,2025-06-15 01:11:38.657222,0 days 00:00:01.362618,,,,,,,,,,,,,,,,,,,,,,,,,,,,,862.0,0.006,1m,4.0,2.5,0.6,612.0,,,,,,,,660,0.004,4m,2.5,2.5,1.2000000000000002,472,,,,,,,,154.0,0.002,1m,3.0,2.5,1.6,496.0,,,,,,,,0.1,3,COMPLETE
109,109,-0.6134243211673126,2025-06-15 01:11:38.705935,2025-06-15 01:11:40.534578,0 days 00:00:01.828643,,,,,,,,,,,,,,,,,,,,,,,,,,,,,476.0,0.006,3m,1.0,2.0,0.5,506.0,430.0,0.004,4m,3.0,3.5,1.3,494.0,580,0.001,1m,1.5,2.5,1.0,36,,,,,,,,738.0,0.006,4m,3.0,3.0,1.4,432.0,,,,,,,,0.15000000000000002,4,COMPLETE
110,110,4.826430359925529,2025-06-15 01:11:40.600704,2025-06-15 01:11:42.457908,0 days 00:00:01.857204,,,,,,,,,,,,,,,,,,,,,,,,,,,,,912.0,0.01,3m,4.0,2.5,0.6,104.0,320.0,0.01,4m,2.5,3.0,0.9,246.0,686,0.002,4m,1.0,2.5,0.6,362,,,,,,,,20.0,0.003,3m,2.0,3.5,1.3,482.0,,,,,,,,0.3,4,COMPLETE
111,111,6.27694422176499,2025-06-15 01:11:42.515789,2025-06-15 01:11:44.654411,0 days 00:00:02.138622,,,,,,,,,,,,,,,94.0,0.008,4m,3.0,2.0,1.1,726.0,,,,,,,,886.0,0.005,3m,4.0,3.0,0.8,584.0,394.0,0.01,4m,2.5,3.5,1.2000000000000002,612.0,768,0.009000000000000001,4m,1.5,2.0,0.7,402,,,,,,,,234.0,0.006,2m,3.5,2.0,1.3,942.0,,,,,,,,0.2,5,COMPLETE
112,112,4.791600963380746,2025-06-15 01:11:44.725104,2025-06-15 01:11:46.867681,0 days 00:00:02.142577,,,,,,,,,,,,,,,98.0,0.009000000000000001,2m,2.5,2.0,1.1,858.0,,,,,,,,884.0,0.005,3m,4.0,2.5,0.8,548.0,370.0,0.01,4m,2.5,3.5,1.3,582.0,806,0.004,4m,1.5,2.0,0.7,424,,,,,,,,260.0,0.006,2m,3.5,2.0,2.0,942.0,,,,,,,,0.2,5,COMPLETE
113,113,4.875634185785994,2025-06-15 01:11:46.939499,2025-06-15 01:11:48.783090,0 days 00:00:01.843591,,,,,,,,,,,,,,,,,,,,,,,,,,,,,940.0,0.005,3m,4.0,3.0,0.8,580.0,398.0,0.01,4m,2.5,3.5,1.4,640.0,764,0.009000000000000001,4m,1.5,2.0,1.0,536,,,,,,,,194.0,0.007,2m,3.5,2.5,1.4,762.0,,,,,,,,0.1,4,COMPLETE
114,114,0.3093718283578228,2025-06-15 01:11:48.838933,2025-06-15 01:11:51.387351,0 days 00:00:02.548418,,,,,,,,,,,,,,,192.0,0.008,4m,3.5,2.0,1.5,732.0,,,,,,,,838.0,0.007,3m,4.0,2.5,0.9,520.0,466.0,0.01,4m,3.0,3.5,1.1,682.0,844,0.003,4m,1.5,2.0,0.7,402,560.0,0.003,3m,2.5,2.5,0.8,890.0,130.0,0.005,2m,4.0,1.5,1.3,722.0,,,,,,,,0.15000000000000002,6,COMPLETE
115,115,4.002080826139099,2025-06-15 01:11:51.455710,2025-06-15 01:11:53.631047,0 days 00:00:02.175337,,,,,,,,,,,,,,,70.0,0.008,3m,2.0,1.5,1.9000000000000001,946.0,,,,,,,,912.0,0.005,3m,4.0,3.0,0.9,636.0,352.0,0.009000000000000001,4m,2.0,4.0,1.2000000000000002,556.0,748,0.008,4m,1.5,2.0,0.6,448,,,,,,,,376.0,0.006,2m,3.0,2.0,1.3,462.0,,,,,,,,0.25,5,COMPLETE
116,116,4.891181300933061,2025-06-15 01:11:53.701975,2025-06-15 01:11:55.451915,0 days 00:00:01.749940,,,,,,,,,,,,,,,,,,,,,,,,,,,,,880.0,0.006,3m,4.0,2.5,1.4,476.0,258.0,0.01,4m,2.5,3.0,1.0,326.0,798,0.007,4m,3.5,2.0,0.5,326,,,,,,,,232.0,0.004,1m,2.5,4.0,1.4,34.0,,,,,,,,0.15000000000000002,4,COMPLETE
