,number,value,datetime_start,datetime_complete,duration,params_ABNB_ROST_beta_win,params_ABNB_ROST_stop_loss,params_ABNB_ROST_trade_freq,params_ABNB_ROST_z_entry,params_ABNB_ROST_z_exit,params_ABNB_ROST_z_stop_scaler,params_ABNB_ROST_z_win,params_ADI_IDXX_beta_win,params_ADI_IDXX_stop_loss,params_ADI_IDXX_trade_freq,params_ADI_IDXX_z_entry,params_ADI_IDXX_z_exit,params_ADI_IDXX_z_stop_scaler,params_ADI_IDXX_z_win,params_ADSK_IDXX_beta_win,params_ADSK_IDXX_stop_loss,params_ADSK_IDXX_trade_freq,params_ADSK_IDXX_z_entry,params_ADSK_IDXX_z_exit,params_ADSK_IDXX_z_stop_scaler,params_ADSK_IDXX_z_win,params_ADSK_PCAR_beta_win,params_ADSK_PCAR_stop_loss,params_ADSK_PCAR_trade_freq,params_ADSK_PCAR_z_entry,params_ADSK_PCAR_z_exit,params_ADSK_PCAR_z_stop_scaler,params_ADSK_PCAR_z_win,params_ALGN_IDXX_beta_win,params_ALGN_IDXX_stop_loss,params_ALGN_IDXX_trade_freq,params_ALGN_IDXX_z_entry,params_ALGN_IDXX_z_exit,params_ALGN_IDXX_z_stop_scaler,params_ALGN_IDXX_z_win,params_DLTR_IDXX_beta_win,params_DLTR_IDXX_stop_loss,params_DLTR_IDXX_trade_freq,params_DLTR_IDXX_z_entry,params_DLTR_IDXX_z_exit,params_DLTR_IDXX_z_stop_scaler,params_DLTR_IDXX_z_win,params_EBAY_SPLK_beta_win,params_EBAY_SPLK_stop_loss,params_EBAY_SPLK_trade_freq,params_EBAY_SPLK_z_entry,params_EBAY_SPLK_z_exit,params_EBAY_SPLK_z_stop_scaler,params_EBAY_SPLK_z_win,params_FISV_IDXX_beta_win,params_FISV_IDXX_stop_loss,params_FISV_IDXX_trade_freq,params_FISV_IDXX_z_entry,params_FISV_IDXX_z_exit,params_FISV_IDXX_z_stop_scaler,params_FISV_IDXX_z_win,params_MDLZ_MSFT_beta_win,params_MDLZ_MSFT_stop_loss,params_MDLZ_MSFT_trade_freq,params_MDLZ_MSFT_z_entry,params_MDLZ_MSFT_z_exit,params_MDLZ_MSFT_z_stop_scaler,params_MDLZ_MSFT_z_win,params_ROST_WDAY_beta_win,params_ROST_WDAY_stop_loss,params_ROST_WDAY_trade_freq,params_ROST_WDAY_z_entry,params_ROST_WDAY_z_exit,params_ROST_WDAY_z_stop_scaler,params_ROST_WDAY_z_win,params_buffer_capital,params_pairs_to_trade,state
133,133,8.520534677030616,2025-06-15 01:08:03.562041,2025-06-15 01:08:04.811240,0 days 00:00:01.249199,,,,,,,,100,0.002,2m,3.0,2.5,0.8,744,,,,,,,,,,,,,,,,,,,,,,,,,,,,,660.0,0.002,1m,2.5,2.0,1.0,598.0,,,,,,,,156.0,0.008,3m,2.5,1.5,0.9,918.0,,,,,,,,0.35000000000000003,3,COMPLETE
134,134,10.108766137314012,2025-06-15 01:08:04.859280,2025-06-15 01:08:06.231224,0 days 00:00:01.371944,,,,,,,,96,0.002,2m,3.0,2.5,0.8,752,,,,,,,,,,,,,,,,,,,,,,,,,,,,,574.0,0.002,1m,2.5,2.0,1.0,590.0,,,,,,,,158.0,0.008,3m,2.5,1.5,0.9,918.0,,,,,,,,0.35000000000000003,3,COMPLETE
135,135,8.107419318248166,2025-06-15 01:08:06.289885,2025-06-15 01:08:07.803037,0 days 00:00:01.513152,,,,,,,,98,0.002,2m,3.0,2.5,0.7,754,,,,,,,,,,,,,,,,,,,,,,,,,,,,,574.0,0.002,1m,2.5,2.0,1.0,574.0,,,,,,,,154.0,0.008,3m,2.5,1.5,0.9,912.0,,,,,,,,0.35000000000000003,3,COMPLETE
136,136,8.527037773767846,2025-06-15 01:08:07.851820,2025-06-15 01:08:09.147631,0 days 00:00:01.295811,,,,,,,,100,0.002,2m,3.0,2.5,0.6,756,,,,,,,,,,,,,,,,,,,,,,,,,,,,,582.0,0.002,1m,2.5,2.0,1.0,566.0,,,,,,,,154.0,0.008,3m,2.5,1.5,0.9,916.0,,,,,,,,0.35000000000000003,3,COMPLETE
137,137,7.702914680631312,2025-06-15 01:08:09.206195,2025-06-15 01:08:10.602620,0 days 00:00:01.396425,,,,,,,,98,0.002,2m,3.0,2.5,0.5,800,,,,,,,,,,,,,,,,,,,,,,,,,,,,,570.0,0.001,1m,2.5,2.0,0.9,506.0,,,,,,,,134.0,0.008,3m,2.5,1.5,0.9,912.0,,,,,,,,0.35000000000000003,3,COMPLETE
138,138,6.76776751293628,2025-06-15 01:08:10.662436,2025-06-15 01:08:12.061760,0 days 00:00:01.399324,,,,,,,,102,0.002,2m,3.0,2.5,0.5,820,,,,,,,,,,,,,,,,,,,,,,,,,,,,,652.0,0.001,1m,2.5,2.0,0.9,522.0,,,,,,,,134.0,0.008,3m,2.5,1.5,0.9,924.0,,,,,,,,0.35000000000000003,3,COMPLETE
139,139,7.666936203970458,2025-06-15 01:08:12.120648,2025-06-15 01:08:13.668270,0 days 00:00:01.547622,,,,,,,,190,0.002,2m,3.0,2.5,0.6,806,,,,,,,,,,,,,,,,,,,,,,,,,,,,,580.0,0.001,1m,2.5,2.0,1.0,544.0,,,,,,,,150.0,0.008,3m,2.5,1.5,0.8,882.0,,,,,,,,0.35000000000000003,3,COMPLETE
140,140,3.825134904002337,2025-06-15 01:08:13.738483,2025-06-15 01:08:16.318321,0 days 00:00:02.579838,,,,,,,,94,0.002,2m,3.0,2.5,0.5,778,,,,,,,,,,,,,,,,,,,,,,,,,,,,,502.0,0.001,1m,2.5,2.0,0.8,592.0,,,,,,,,80.0,0.007,3m,2.5,1.5,1.0,912.0,,,,,,,,0.35000000000000003,3,COMPLETE
141,141,7.333020081469675,2025-06-15 01:08:16.417861,2025-06-15 01:08:18.932670,0 days 00:00:02.514809,,,,,,,,144,0.002,2m,3.0,2.5,0.6,804,,,,,,,,,,,,,,,,,,,,,,,,,,,,,578.0,0.001,1m,2.5,2.0,1.0,546.0,,,,,,,,148.0,0.008,3m,2.5,1.5,0.8,878.0,,,,,,,,0.35000000000000003,3,COMPLETE
142,142,6.845311816224545,2025-06-15 01:08:19.026511,2025-06-15 01:08:21.298350,0 days 00:00:02.271839,,,,,,,,176,0.002,2m,3.0,2.5,0.5,748,,,,,,,,,,,,,,,,,,,,,,,,,,,,,534.0,0.001,1m,2.5,2.0,0.9,504.0,,,,,,,,110.0,0.008,3m,2.5,1.5,0.9,952.0,,,,,,,,0.35000000000000003,3,COMPLETE
143,143,5.846326776124734,2025-06-15 01:08:21.392806,2025-06-15 01:08:22.779603,0 days 00:00:01.386797,,,,,,,,110,0.002,2m,3.0,2.5,0.6,866,,,,,,,,,,,,,,,,,,,,,,,,,,,,,574.0,0.002,1m,2.5,2.0,1.0,604.0,,,,,,,,214.0,0.007,3m,2.5,1.5,1.0,896.0,,,,,,,,0.35000000000000003,3,COMPLETE
144,144,7.189007838804156,2025-06-15 01:08:22.844355,2025-06-15 01:08:24.328086,0 days 00:00:01.483731,,,,,,,,78,0.002,2m,3.0,2.5,0.6,762,,,,,,,,,,,,,,,,,,,,,,,,,,,,,664.0,0.002,1m,2.5,2.0,1.0,560.0,,,,,,,,164.0,0.008,3m,2.5,1.0,0.8,960.0,,,,,,,,0.35000000000000003,3,COMPLETE
145,145,7.08312897387599,2025-06-15 01:08:24.380642,2025-06-15 01:08:25.674507,0 days 00:00:01.293865,,,,,,,,680,0.002,2m,3.0,2.5,0.6,830,,,,,,,,,,,,,,,,,,,,,,,,,,,,,532.0,0.002,1m,2.5,2.0,0.9,478.0,,,,,,,,124.0,0.008,3m,2.5,1.5,0.9,874.0,,,,,,,,0.3,3,COMPLETE
146,146,5.994266781059579,2025-06-15 01:08:25.737038,2025-06-15 01:08:27.651980,0 days 00:00:01.914942,,,,,,,,130,0.002,2m,3.0,2.5,0.8,928,,,,,,,,,,,,,,,90.0,0.007,4m,4.0,4.0,1.5,828.0,,,,,,,,558.0,0.001,1m,2.5,2.0,0.9,580.0,,,,,,,,198.0,0.008,3m,3.0,1.5,0.7,806.0,,,,,,,,0.35000000000000003,4,COMPLETE
147,147,-0.4633318311136705,2025-06-15 01:08:27.705487,2025-06-15 01:08:29.020001,0 days 00:00:01.314514,,,,,,,,98,0.002,2m,3.0,2.5,0.5,798,,,,,,,,,,,,,,,,,,,,,,,,,,,,,584.0,0.002,2m,2.5,2.0,1.0,664.0,,,,,,,,236.0,0.007,3m,2.5,1.5,0.9,916.0,,,,,,,,0.35000000000000003,3,COMPLETE
148,148,2.1421713872008166,2025-06-15 01:08:29.060369,2025-06-15 01:08:30.538128,0 days 00:00:01.477759,,,,,,,,208,0.001,2m,3.0,2.5,0.7,854,,,,,,,,,,,,,,,,,,,,,,,,,,,,,612.0,0.001,1m,2.5,2.0,1.0,54.0,,,,,,,,88.0,0.008,3m,3.0,1.5,0.8,938.0,,,,,,,,0.35000000000000003,3,COMPLETE
149,149,5.989969540039587,2025-06-15 01:08:30.598095,2025-06-15 01:08:32.090147,0 days 00:00:01.492052,,,,,,,,86,0.002,2m,3.0,2.5,0.8,744,,,,,,,,,,,,,,,,,,,,,,,,,,,,,638.0,0.002,1m,2.0,2.0,0.8,602.0,,,,,,,,152.0,0.007,3m,2.5,1.0,1.0,894.0,,,,,,,,0.3,3,COMPLETE
