,number,value,datetime_start,datetime_complete,duration,params_ABNB_KDP_beta_win,params_ABNB_KDP_stop_loss,params_ABNB_KDP_trade_freq,params_ABNB_KDP_z_entry,params_ABNB_KDP_z_exit,params_ABNB_KDP_z_stop_scaler,params_ABNB_KDP_z_win,params_ADSK_KLAC_beta_win,params_ADSK_KLAC_stop_loss,params_ADSK_KLAC_trade_freq,params_ADSK_KLAC_z_entry,params_ADSK_KLAC_z_exit,params_ADSK_KLAC_z_stop_scaler,params_ADSK_KLAC_z_win,params_CTAS_PAYX_beta_win,params_CTAS_PAYX_stop_loss,params_CTAS_PAYX_trade_freq,params_CTAS_PAYX_z_entry,params_CTAS_PAYX_z_exit,params_CTAS_PAYX_z_stop_scaler,params_CTAS_PAYX_z_win,params_GOOG_GOOGL_beta_win,params_GOOG_GOOGL_stop_loss,params_GOOG_GOOGL_trade_freq,params_GOOG_GOOGL_z_entry,params_GOOG_GOOGL_z_exit,params_GOOG_GOOGL_z_stop_scaler,params_GOOG_GOOGL_z_win,params_ILMN_KDP_beta_win,params_ILMN_KDP_stop_loss,params_ILMN_KDP_trade_freq,params_ILMN_KDP_z_entry,params_ILMN_KDP_z_exit,params_ILMN_KDP_z_stop_scaler,params_ILMN_KDP_z_win,params_NTES_EA_beta_win,params_NTES_EA_stop_loss,params_NTES_EA_trade_freq,params_NTES_EA_z_entry,params_NTES_EA_z_exit,params_NTES_EA_z_stop_scaler,params_NTES_EA_z_win,params_TSLA_DXCM_beta_win,params_TSLA_DXCM_stop_loss,params_TSLA_DXCM_trade_freq,params_TSLA_DXCM_z_entry,params_TSLA_DXCM_z_exit,params_TSLA_DXCM_z_stop_scaler,params_TSLA_DXCM_z_win,params_TSLA_VRSK_beta_win,params_TSLA_VRSK_stop_loss,params_TSLA_VRSK_trade_freq,params_TSLA_VRSK_z_entry,params_TSLA_VRSK_z_exit,params_TSLA_VRSK_z_stop_scaler,params_TSLA_VRSK_z_win,params_WDAY_KDP_beta_win,params_WDAY_KDP_stop_loss,params_WDAY_KDP_trade_freq,params_WDAY_KDP_z_entry,params_WDAY_KDP_z_exit,params_WDAY_KDP_z_stop_scaler,params_WDAY_KDP_z_win,params_ZM_BIIB_beta_win,params_ZM_BIIB_stop_loss,params_ZM_BIIB_trade_freq,params_ZM_BIIB_z_entry,params_ZM_BIIB_z_exit,params_ZM_BIIB_z_stop_scaler,params_ZM_BIIB_z_win,params_buffer_capital,params_pairs_to_trade,state
123,123,5.15475448142624,2025-06-15 00:57:41.833751,2025-06-15 00:57:42.924034,0 days 00:00:01.090283,,,,,,,,,,,,,,,,,,,,,,304,0.002,2m,2.5,2.5,1.9000000000000001,232,,,,,,,,,,,,,,,364.0,0.01,2m,1.5,2.0,1.4,310.0,,,,,,,,,,,,,,,,,,,,,,0.35000000000000003,2,COMPLETE
124,124,1.2760252808916264,2025-06-15 00:57:42.997032,2025-06-15 00:57:43.682134,0 days 00:00:00.685102,,,,,,,,,,,,,,,,,,,,,,338,0.002,2m,2.5,2.0,1.9000000000000001,236,,,,,,,,,,,,,,,,,,,,,,,,,,,,,,,,,,,,,,,,,,,0.35000000000000003,1,COMPLETE
125,125,4.88286104129999,2025-06-15 00:57:43.748154,2025-06-15 00:57:44.769610,0 days 00:00:01.021456,,,,,,,,,,,,,,,,,,,,,,154,0.002,2m,2.5,2.5,1.4,212,,,,,,,,,,,,,,,364.0,0.01,2m,1.5,2.0,1.3,316.0,,,,,,,,,,,,,,,,,,,,,,0.35000000000000003,2,COMPLETE
126,126,2.8309584318761094,2025-06-15 00:57:44.837118,2025-06-15 00:57:46.067359,0 days 00:00:01.230241,,,,,,,,,,,,,,,,,,,,,,76,0.003,2m,2.5,2.5,1.4,274,,,,,,,,,,,,,,,308.0,0.009000000000000001,2m,1.5,2.0,1.3,296.0,,,,,,,,,,,,,,,,,,,,,,0.4,2,COMPLETE
127,127,1.7372422054644217,2025-06-15 00:57:46.118359,2025-06-15 00:57:47.187027,0 days 00:00:01.068668,,,,,,,,,,,,,,,,,,,,,,176,0.002,2m,2.0,2.5,1.3,322,,,,,,,,,,,,,,,342.0,0.01,2m,1.5,2.0,1.4,360.0,,,,,,,,,,,,,,,,,,,,,,0.35000000000000003,2,COMPLETE
128,128,0.3564332629636836,2025-06-15 00:57:47.251046,2025-06-15 00:57:47.839652,0 days 00:00:00.588606,,,,,,,,,,,,,,,,,,,,,,152,0.003,2m,2.5,2.0,1.7000000000000002,362,,,,,,,,,,,,,,,,,,,,,,,,,,,,,,,,,,,,,,,,,,,0.35000000000000003,1,COMPLETE
129,129,-3.182279031185431,2025-06-15 00:57:47.903652,2025-06-15 00:57:49.106862,0 days 00:00:01.203210,,,,,,,,,,,,,,,,,,,,,,118,0.002,3m,2.5,2.5,1.8,214,,,,,,,,,,,,,,,360.0,0.01,1m,1.5,2.0,1.5,292.0,,,,,,,,,,,,,,,,,,,,,,0.4,2,COMPLETE
130,130,-5.932128989779281,2025-06-15 00:57:49.179376,2025-06-15 00:57:50.211542,0 days 00:00:01.032166,,,,,,,,,,,,,,,,,,,,,,242,0.007,2m,2.5,2.5,1.8,250,,,,,,,,,,,,,,,286.0,0.01,2m,1.5,2.5,1.4,338.0,,,,,,,,,,,,,,,,,,,,,,0.35000000000000003,2,COMPLETE
131,131,4.575203850474521,2025-06-15 00:57:50.279471,2025-06-15 00:57:51.409128,0 days 00:00:01.129657,,,,,,,,,,,,,,,,,,,,,,220,0.002,2m,2.5,2.5,1.5,172,,,,,,,,,,,,,,,374.0,0.01,2m,1.5,2.0,1.2000000000000002,390.0,,,,,,,,,,,,,,,,,,,,,,0.35000000000000003,2,COMPLETE
132,132,-2.1409046325654324,2025-06-15 00:57:51.485640,2025-06-15 00:57:55.247935,0 days 00:00:03.762295,,,,,,,,602.0,0.004,4m,2.5,1.5,1.3,1024.0,588.0,0.004,2m,2.5,3.0,1.1,404.0,302,0.002,2m,2.5,2.5,1.4,194,,,,,,,,,,,,,,,412.0,0.01,2m,1.5,2.0,1.3,438.0,54.0,0.006,1m,2.0,3.0,0.5,434.0,700.0,0.005,3m,3.0,3.0,1.3,468.0,280.0,0.009000000000000001,3m,3.5,2.0,0.7,718.0,0.3,7,COMPLETE
133,133,3.4786150614409377,2025-06-15 00:57:55.324444,2025-06-15 00:57:56.405611,0 days 00:00:01.081167,,,,,,,,,,,,,,,,,,,,,,268,0.002,2m,2.5,2.5,1.1,144,,,,,,,,,,,,,,,456.0,0.01,2m,1.5,2.5,1.3,258.0,,,,,,,,,,,,,,,,,,,,,,0.35000000000000003,2,COMPLETE
134,134,4.0501418290280835,2025-06-15 00:57:56.467122,2025-06-15 00:57:57.592817,0 days 00:00:01.125695,,,,,,,,,,,,,,,,,,,,,,198,0.002,2m,2.5,2.5,1.9000000000000001,234,,,,,,,,,,,,,,,422.0,0.009000000000000001,2m,1.5,1.5,1.2000000000000002,322.0,,,,,,,,,,,,,,,,,,,,,,0.3,2,COMPLETE
135,135,2.0098872683607127,2025-06-15 00:57:57.653333,2025-06-15 00:57:58.899042,0 days 00:00:01.245709,,,,,,,,,,,,,,,,,,,,,,306,0.002,2m,2.5,3.5,1.9000000000000001,108,,,,,,,,,,,,,,,480.0,0.01,2m,1.5,2.5,1.1,302.0,,,,,,,,,,,,,,,,,,,,,,0.1,2,COMPLETE
136,136,3.3129122433357194,2025-06-15 00:57:58.985558,2025-06-15 00:58:03.505907,0 days 00:00:04.520349,618.0,0.009000000000000001,4m,1.0,2.0,2.0,1010.0,496.0,0.003,2m,2.0,2.5,1.1,886.0,178.0,0.003,3m,2.5,1.0,1.4,304.0,326,0.003,2m,2.5,2.5,1.9000000000000001,280,668.0,0.003,4m,3.0,3.0,0.9,770.0,,,,,,,,326.0,0.01,2m,1.5,2.0,1.2000000000000002,244.0,236.0,0.002,3m,3.5,1.5,1.0,724.0,826.0,0.005,2m,2.5,3.5,0.5,258.0,586.0,0.006,3m,3.0,3.0,1.8,824.0,0.35000000000000003,9,COMPLETE
137,137,-2.2933157666537287,2025-06-15 00:58:03.590415,2025-06-15 00:58:07.518676,0 days 00:00:03.928261,166.0,0.004,3m,2.5,3.0,1.2000000000000002,130.0,96.0,0.001,3m,1.0,1.0,1.9000000000000001,274.0,898.0,0.004,2m,2.0,1.5,1.8,816.0,348,0.004,2m,2.5,2.5,1.5,214,,,,,,,,,,,,,,,216.0,0.009000000000000001,3m,1.5,1.5,1.4,58.0,318.0,0.006,1m,2.0,2.5,1.4,770.0,436.0,0.007,1m,1.5,2.0,1.0,562.0,132.0,0.007,2m,4.0,1.5,1.2000000000000002,970.0,0.3,8,COMPLETE
138,138,-0.03853251695656768,2025-06-15 00:58:07.582186,2025-06-15 00:58:08.206785,0 days 00:00:00.624599,,,,,,,,,,,,,,,,,,,,,,82,0.01,1m,2.0,2.5,1.2000000000000002,166,,,,,,,,,,,,,,,,,,,,,,,,,,,,,,,,,,,,,,,,,,,0.35000000000000003,1,COMPLETE
139,139,-2.7930827641399056,2025-06-15 00:58:08.269803,2025-06-15 00:58:10.010149,0 days 00:00:01.740346,,,,,,,,,,,,,,,,,,,,,,158,0.001,2m,2.5,2.5,2.0,124,,,,,,,,,,,,,,,556.0,0.01,1m,3.5,1.0,1.3,36.0,482.0,0.003,4m,3.0,3.5,0.5,676.0,,,,,,,,,,,,,,,0.3,3,COMPLETE
140,140,-1.5734619346221497,2025-06-15 00:58:10.086672,2025-06-15 00:58:11.203374,0 days 00:00:01.116702,,,,,,,,,,,,,,,,,,,,,,108,0.002,2m,2.5,3.5,1.6,308,,,,,,,,,,,,,,,248.0,0.01,2m,1.0,1.0,1.1,366.0,,,,,,,,,,,,,,,,,,,,,,0.35000000000000003,2,COMPLETE
141,141,2.7792316990382107,2025-06-15 00:58:11.265394,2025-06-15 00:58:12.640623,0 days 00:00:01.375229,,,,,,,,,,,,,,,,,,,,,,384,0.001,2m,3.0,3.0,1.9000000000000001,618,,,,,,,,,,,,,,,400.0,0.01,2m,1.5,1.0,1.3,276.0,580.0,0.005,3m,3.0,3.5,0.6,554.0,,,,,,,,,,,,,,,0.3,3,COMPLETE
142,142,-3.3906138290731476,2025-06-15 00:58:12.697623,2025-06-15 00:58:14.351728,0 days 00:00:01.654105,,,,,,,,,,,,,,,,,,,,,,408,0.001,2m,2.5,3.0,2.0,194,,,,,,,,,,,,,,,776.0,0.01,2m,1.5,1.0,1.2000000000000002,84.0,698.0,0.004,2m,3.0,3.5,0.6,620.0,,,,,,,,,,,,,,,0.3,3,COMPLETE
143,143,2.9747851051270033,2025-06-15 00:58:14.424730,2025-06-15 00:58:16.059811,0 days 00:00:01.635081,,,,,,,,,,,,,,,,,,,,,,1010,0.001,2m,2.5,3.0,2.0,482,,,,,,,,,,,,,,,370.0,0.002,2m,1.5,1.0,1.6,118.0,410.0,0.005,4m,3.0,3.5,0.9,734.0,,,,,,,,,,,,,,,0.3,3,COMPLETE
144,144,3.0392308172848246,2025-06-15 00:58:16.123829,2025-06-15 00:58:17.592427,0 days 00:00:01.468598,,,,,,,,,,,,,,,,,,,,,,336,0.001,2m,2.5,3.5,1.9000000000000001,428,,,,,,,,,,,,,,,392.0,0.01,2m,1.5,2.0,1.4,68.0,126.0,0.003,2m,2.5,3.0,1.0,468.0,,,,,,,,,,,,,,,0.3,3,COMPLETE
145,145,-2.0200551859983946,2025-06-15 00:58:17.656912,2025-06-15 00:58:18.757146,0 days 00:00:01.100234,,,,,,,,,,,,,,,,,,,,,,352,0.002,2m,3.0,2.5,1.3,258,,,,,,,,,,,,,,,334.0,0.009000000000000001,2m,1.5,1.0,1.3,170.0,,,,,,,,,,,,,,,,,,,,,,0.25,2,COMPLETE
146,146,-1.3819725151849023,2025-06-15 00:58:18.814146,2025-06-15 00:58:20.528343,0 days 00:00:01.714197,,,,,,,,,,,,,,,,,,,,,,398,0.001,3m,2.5,3.0,2.0,228,,,,,,,,,,,,,,,450.0,0.01,4m,1.5,1.0,2.0,36.0,1024.0,0.004,2m,3.0,3.5,0.5,668.0,,,,,,,,,,,,,,,0.3,3,COMPLETE
147,147,-2.4728662504347927,2025-06-15 00:58:20.596856,2025-06-15 00:58:21.779892,0 days 00:00:01.183036,,,,,,,,,,,,,,,,,,,,,,870,0.001,2m,2.5,3.0,1.9000000000000001,178,,,,,,,,,,,,,,,352.0,0.001,2m,1.5,1.0,1.9000000000000001,136.0,,,,,,,,,,,,,,,,,,,,,,0.35000000000000003,2,COMPLETE
148,148,-5.644176853030783,2025-06-15 00:58:21.849414,2025-06-15 00:58:23.266467,0 days 00:00:01.417053,,,,,,,,,,,,,,,,,,,,,,288,0.002,2m,3.0,2.5,1.9000000000000001,210,,,,,,,,,,,,,,,146.0,0.01,1m,2.0,1.0,0.9,96.0,156.0,0.005,1m,1.0,4.0,0.6,708.0,,,,,,,,,,,,,,,0.35000000000000003,3,COMPLETE
149,149,-1.003453526693472,2025-06-15 00:58:23.345979,2025-06-15 00:58:24.612246,0 days 00:00:01.266267,,,,,,,,,,,,,,,,,,,,,,380,0.001,2m,2.5,3.5,1.8,150,,,,,,,,,,,,,,,406.0,0.01,2m,1.5,1.5,1.8,484.0,,,,,,,,,,,,,,,,,,,,,,0.3,2,COMPLETE
