,number,value,datetime_start,datetime_complete,duration,params_AEP_FB_beta_win,params_AEP_FB_stop_loss,params_AEP_FB_trade_freq,params_AEP_FB_z_entry,params_AEP_FB_z_exit,params_AEP_FB_z_stop_scaler,params_AEP_FB_z_win,params_ALXN_BIIB_beta_win,params_ALXN_BIIB_stop_loss,params_ALXN_BIIB_trade_freq,params_ALXN_BIIB_z_entry,params_ALXN_BIIB_z_exit,params_ALXN_BIIB_z_stop_scaler,params_ALXN_BIIB_z_win,params_ANSS_DOCU_beta_win,params_ANSS_DOCU_stop_loss,params_ANSS_DOCU_trade_freq,params_ANSS_DOCU_z_entry,params_ANSS_DOCU_z_exit,params_ANSS_DOCU_z_stop_scaler,params_ANSS_DOCU_z_win,params_ASML_AVGO_beta_win,params_ASML_AVGO_stop_loss,params_ASML_AVGO_trade_freq,params_ASML_AVGO_z_entry,params_ASML_AVGO_z_exit,params_ASML_AVGO_z_stop_scaler,params_ASML_AVGO_z_win,params_BKNG_ZM_beta_win,params_BKNG_ZM_stop_loss,params_BKNG_ZM_trade_freq,params_BKNG_ZM_z_entry,params_BKNG_ZM_z_exit,params_BKNG_ZM_z_stop_scaler,params_BKNG_ZM_z_win,params_CTSH_FAST_beta_win,params_CTSH_FAST_stop_loss,params_CTSH_FAST_trade_freq,params_CTSH_FAST_z_entry,params_CTSH_FAST_z_exit,params_CTSH_FAST_z_stop_scaler,params_CTSH_FAST_z_win,params_FAST_TMUS_beta_win,params_FAST_TMUS_stop_loss,params_FAST_TMUS_trade_freq,params_FAST_TMUS_z_entry,params_FAST_TMUS_z_exit,params_FAST_TMUS_z_stop_scaler,params_FAST_TMUS_z_win,params_GOOG_GOOGL_beta_win,params_GOOG_GOOGL_stop_loss,params_GOOG_GOOGL_trade_freq,params_GOOG_GOOGL_z_entry,params_GOOG_GOOGL_z_exit,params_GOOG_GOOGL_z_stop_scaler,params_GOOG_GOOGL_z_win,params_MSFT_PCAR_beta_win,params_MSFT_PCAR_stop_loss,params_MSFT_PCAR_trade_freq,params_MSFT_PCAR_z_entry,params_MSFT_PCAR_z_exit,params_MSFT_PCAR_z_stop_scaler,params_MSFT_PCAR_z_win,params_REGN_ZM_beta_win,params_REGN_ZM_stop_loss,params_REGN_ZM_trade_freq,params_REGN_ZM_z_entry,params_REGN_ZM_z_exit,params_REGN_ZM_z_stop_scaler,params_REGN_ZM_z_win,params_SBUX_ZM_beta_win,params_SBUX_ZM_stop_loss,params_SBUX_ZM_trade_freq,params_SBUX_ZM_z_entry,params_SBUX_ZM_z_exit,params_SBUX_ZM_z_stop_scaler,params_SBUX_ZM_z_win,params_buffer_capital,params_pairs_to_trade,state
93,93,-0.9102692988317045,2025-06-15 00:16:32.892501,2025-06-15 00:16:39.418198,0 days 00:00:06.525697,390.0,0.007,4m,3.0,1.5,1.9000000000000001,392.0,674,0.005,4m,3.5,1.0,1.1,68,962,0.001,3m,2.0,2.0,1.1,576,860.0,0.003,2m,3.5,3.5,0.5,758.0,136.0,0.002,2m,1.0,2.5,1.1,906.0,98.0,0.003,3m,1.5,4.0,1.5,840.0,62.0,0.008,2m,1.5,4.0,0.7,378.0,262.0,0.001,1m,2.5,3.0,0.5,726.0,472.0,0.009000000000000001,4m,2.5,3.5,1.7000000000000002,290.0,910.0,0.001,1m,1.0,1.5,1.3,854.0,598.0,0.003,4m,1.5,3.0,0.7,132.0,0.2,10,COMPLETE
94,94,2.787602427422834,2025-06-15 00:16:39.523985,2025-06-15 00:16:43.921268,0 days 00:00:04.397283,,,,,,,,848,0.009000000000000001,4m,4.0,1.5,1.9000000000000001,118,994,0.002,1m,2.5,1.5,1.3,532,298.0,0.005,1m,4.0,4.0,0.6,554.0,44.0,0.005,1m,3.0,3.5,0.5,806.0,246.0,0.005,3m,2.5,3.0,0.7,810.0,,,,,,,,386.0,0.005,2m,2.0,3.0,0.6,916.0,,,,,,,,966.0,0.008,1m,1.5,2.5,0.9,984.0,,,,,,,,0.25,6,COMPLETE
95,95,2.842180992012991,2025-06-15 00:16:44.023400,2025-06-15 00:16:49.684499,0 days 00:00:05.661099,,,,,,,,748,0.008,2m,3.5,1.0,1.3,212,770,0.004,4m,2.0,1.0,1.2000000000000002,250,194.0,0.009000000000000001,3m,2.5,3.0,0.8,652.0,858.0,0.007,4m,2.0,3.0,0.9,684.0,16.0,0.006,3m,1.0,3.5,1.3,954.0,1022.0,0.009000000000000001,4m,1.0,3.5,1.2000000000000002,76.0,350.0,0.002,1m,1.5,3.5,0.7,32.0,72.0,0.008,2m,4.0,1.5,1.9000000000000001,136.0,672.0,0.002,2m,4.0,2.5,1.2000000000000002,932.0,,,,,,,,0.1,8,COMPLETE
96,96,-2.30714804443998,2025-06-15 00:16:49.758026,2025-06-15 00:16:55.831856,0 days 00:00:06.073830,154.0,0.009000000000000001,4m,2.5,1.0,1.7000000000000002,660.0,114,0.006,4m,3.0,1.0,2.0,354,1024,0.003,1m,1.5,2.5,1.0,988,646.0,0.004,2m,1.0,4.0,1.5,814.0,108.0,0.008,2m,1.5,2.5,1.8,864.0,58.0,0.008,1m,2.0,3.5,1.0,892.0,392.0,0.006,1m,2.0,2.5,0.8,494.0,502.0,0.005,2m,3.5,3.5,1.7000000000000002,88.0,526.0,0.01,3m,1.0,1.0,2.0,360.0,992.0,0.003,4m,3.0,1.0,1.4,1022.0,,,,,,,,0.2,9,COMPLETE
97,97,4.908647763128339,2025-06-15 00:16:55.933399,2025-06-15 00:17:02.737899,0 days 00:00:06.804500,318.0,0.01,4m,2.0,2.5,1.4,778.0,552,0.004,3m,3.5,1.5,1.8,748,808,0.002,4m,2.0,3.0,1.5,210,482.0,0.004,2m,4.0,3.5,0.5,700.0,250.0,0.004,2m,1.0,2.0,0.7,714.0,944.0,0.01,2m,3.0,4.0,0.9,274.0,282.0,0.003,4m,3.5,1.5,0.5,158.0,180.0,0.006,3m,2.0,2.5,0.8,376.0,260.0,0.009000000000000001,1m,2.0,3.0,1.7000000000000002,390.0,210.0,0.001,3m,2.0,2.0,1.6,736.0,286.0,0.006,3m,3.5,1.5,1.2000000000000002,414.0,0.25,10,COMPLETE
98,98,-1.0575002806494642,2025-06-15 00:17:02.832545,2025-06-15 00:17:08.329106,0 days 00:00:05.496561,,,,,,,,712,0.01,4m,4.0,1.5,1.6,172,630,0.001,2m,2.5,1.5,1.5,488,612.0,0.002,2m,3.5,4.0,0.6,858.0,332.0,0.001,2m,2.5,3.0,1.3,774.0,320.0,0.004,3m,2.5,3.0,1.2000000000000002,856.0,20.0,0.007,3m,3.0,3.0,1.0,74.0,322.0,0.004,1m,3.0,3.0,0.9,676.0,222.0,0.01,1m,3.5,1.5,1.3,696.0,612.0,0.001,1m,1.0,3.0,0.6,690.0,,,,,,,,0.3,8,COMPLETE
99,99,3.506432797108115,2025-06-15 00:17:08.438221,2025-06-15 00:17:11.865666,0 days 00:00:03.427445,,,,,,,,622,0.009000000000000001,4m,1.5,2.0,1.7000000000000002,402,896,0.003,1m,1.0,1.0,1.4,616,828.0,0.005,4m,1.0,4.0,0.7,788.0,,,,,,,,388.0,0.006,4m,2.0,3.5,1.6,994.0,,,,,,,,214.0,0.003,2m,2.5,3.0,0.7,588.0,,,,,,,,430.0,0.002,1m,3.5,2.5,1.1,474.0,,,,,,,,0.2,5,COMPLETE
100,100,1.0702422524292423,2025-06-15 00:17:11.977556,2025-06-15 00:17:16.439947,0 days 00:00:04.462391,,,,,,,,650,0.01,4m,3.0,3.0,1.8,108,874,0.002,4m,2.0,1.0,0.9,378,774.0,0.003,2m,4.0,3.5,1.9000000000000001,910.0,192.0,0.006,3m,3.5,2.5,0.6,452.0,124.0,0.005,3m,3.5,4.0,1.1,540.0,,,,,,,,468.0,0.007,1m,2.0,3.5,0.6,842.0,606.0,0.008,1m,3.0,3.0,1.8,452.0,938.0,0.002,2m,1.5,2.0,1.0,650.0,,,,,,,,0.15000000000000002,7,COMPLETE
101,101,-0.32674336125534964,2025-06-15 00:17:16.526294,2025-06-15 00:17:18.317601,0 days 00:00:01.791307,,,,,,,,866,0.007,4m,2.5,3.5,1.9000000000000001,296,940,0.006,4m,3.5,4.0,1.6,340,,,,,,,,,,,,,,,,,,,,,,,,,,,,,550.0,0.009000000000000001,2m,3.0,2.5,1.2000000000000002,734.0,,,,,,,,,,,,,,,,,,,,,,0.35000000000000003,2,COMPLETE
102,102,2.3764637361260696,2025-06-15 00:17:18.417244,2025-06-15 00:17:19.692864,0 days 00:00:01.275620,,,,,,,,828,0.006,4m,3.5,3.5,1.9000000000000001,248,960,0.005,4m,3.0,3.5,1.7000000000000002,680,,,,,,,,,,,,,,,,,,,,,,,,,,,,,,,,,,,,,,,,,,,,,,,,,,,,,,,,,0.4,1,COMPLETE
103,103,-0.022058918602302184,2025-06-15 00:17:19.776141,2025-06-15 00:17:21.712289,0 days 00:00:01.936148,,,,,,,,890,0.007,4m,2.5,3.5,2.0,222,984,0.009000000000000001,4m,4.0,4.0,1.6,778,,,,,,,,,,,,,,,,,,,,,,,,,,,,,642.0,0.008,2m,3.0,2.5,1.0,606.0,,,,,,,,,,,,,,,,,,,,,,0.5,2,COMPLETE
104,104,6.055617587617754,2025-06-15 00:17:21.802871,2025-06-15 00:17:24.383535,0 days 00:00:02.580664,,,,,,,,984,0.008,4m,3.0,4.0,1.3,534,42,0.01,4m,3.5,1.0,1.8,706,704.0,0.004,2m,3.0,2.5,1.0,222.0,,,,,,,,,,,,,,,,,,,,,,602.0,0.01,2m,3.0,1.0,0.8,444.0,,,,,,,,,,,,,,,,,,,,,,0.4,3,COMPLETE
105,105,5.529679957746875,2025-06-15 00:17:24.483584,2025-06-15 00:17:27.398182,0 days 00:00:02.914598,,,,,,,,990,0.008,4m,3.0,4.0,1.3,532,40,0.002,4m,3.5,1.0,2.0,598,704.0,0.004,2m,3.0,2.5,1.0,182.0,,,,,,,,,,,,,,,,,,,,,,290.0,0.002,2m,3.5,1.0,0.8,16.0,,,,,,,,840.0,0.001,1m,1.0,3.5,1.2000000000000002,594.0,,,,,,,,0.4,4,COMPLETE
106,106,3.9683647645365223,2025-06-15 00:17:27.475278,2025-06-15 00:17:30.219427,0 days 00:00:02.744149,,,,,,,,966,0.008,4m,3.0,4.0,1.3,504,68,0.003,4m,3.5,1.0,1.8,746,700.0,0.004,2m,3.0,2.5,1.1,196.0,,,,,,,,,,,,,,,,,,,,,,286.0,0.002,2m,3.5,1.5,0.8,40.0,,,,,,,,790.0,0.001,1m,1.0,4.0,1.2000000000000002,552.0,,,,,,,,0.4,4,COMPLETE
107,107,2.94148217354055,2025-06-15 00:17:30.292930,2025-06-15 00:17:32.530666,0 days 00:00:02.237736,,,,,,,,1022,0.008,4m,3.0,4.0,1.2000000000000002,598,36,0.002,1m,3.5,1.0,2.0,700,734.0,0.004,2m,3.0,2.5,1.0,278.0,,,,,,,,,,,,,,,,,,,,,,372.0,0.01,2m,4.0,1.0,0.9,80.0,,,,,,,,,,,,,,,,,,,,,,0.4,3,COMPLETE
108,108,4.564122938766417,2025-06-15 00:17:32.607625,2025-06-15 00:17:35.811675,0 days 00:00:03.204050,,,,,,,,988,0.008,4m,3.0,4.0,1.4,560,64,0.002,4m,3.5,1.0,2.0,820,650.0,0.004,2m,3.0,2.0,1.2000000000000002,112.0,,,,,,,,,,,,,,,,,,,,,,238.0,0.002,2m,3.5,1.0,0.7,116.0,,,,,,,,838.0,0.001,1m,1.0,3.5,1.3,610.0,,,,,,,,0.45,4,COMPLETE
109,109,6.278145295320785,2025-06-15 00:17:35.897498,2025-06-15 00:17:38.698153,0 days 00:00:02.800655,,,,,,,,920,0.009000000000000001,4m,3.0,4.0,1.3,540,160,0.003,1m,4.0,1.0,2.0,238,728.0,0.005,2m,3.0,2.5,1.3,74.0,,,,,,,,,,,,,,,,,,,,,,302.0,0.001,2m,2.5,1.0,0.8,522.0,,,,,,,,740.0,0.001,1m,1.0,3.5,1.1,586.0,,,,,,,,0.35000000000000003,4,COMPLETE
110,110,3.899885072154008,2025-06-15 00:17:38.781372,2025-06-15 00:17:41.743362,0 days 00:00:02.961990,,,,,,,,918,0.009000000000000001,1m,3.0,4.0,1.3,526,154,0.004,2m,4.0,1.0,2.0,598,724.0,0.005,2m,2.5,2.0,1.3,50.0,,,,,,,,,,,,,,,,,,,,,,404.0,0.001,2m,2.5,1.0,0.8,518.0,,,,,,,,728.0,0.002,1m,1.0,3.5,1.1,586.0,,,,,,,,0.35000000000000003,4,COMPLETE
111,111,5.2254109899972905,2025-06-15 00:17:41.843360,2025-06-15 00:17:44.068231,0 days 00:00:02.224871,,,,,,,,996,0.009000000000000001,4m,3.0,4.0,1.3,476,96,0.003,1m,4.0,1.0,1.9000000000000001,640,760.0,0.006,2m,3.0,2.5,1.3,150.0,,,,,,,,,,,,,,,,,,,,,,308.0,0.001,2m,2.5,1.0,0.8,336.0,,,,,,,,,,,,,,,,,,,,,,0.4,3,COMPLETE
112,112,3.6344906861104316,2025-06-15 00:17:44.125951,2025-06-15 00:17:47.013634,0 days 00:00:02.887683,,,,,,,,934,0.008,4m,3.0,4.0,1.4,634,122,0.002,1m,4.0,1.0,1.9000000000000001,232,692.0,0.005,2m,3.0,2.5,1.4,96.0,,,,,,,,,,,,,,,,,,,,,,330.0,0.002,2m,3.5,1.0,0.7,462.0,,,,,,,,898.0,0.001,1m,1.0,4.0,1.1,672.0,,,,,,,,0.35000000000000003,4,COMPLETE
113,113,5.105151298034962,2025-06-15 00:17:47.099485,2025-06-15 00:17:50.397439,0 days 00:00:03.297954,,,,,,,,976,0.007,4m,3.0,4.0,1.0,536,28,0.003,1m,3.5,1.0,1.9000000000000001,260,802.0,0.003,2m,2.5,2.5,1.1,70.0,,,,,,,,90.0,0.007,3m,1.5,3.5,0.8,928.0,,,,,,,,286.0,0.001,2m,2.5,1.5,0.9,56.0,,,,,,,,756.0,0.001,1m,1.0,3.5,1.2000000000000002,524.0,,,,,,,,0.35000000000000003,5,COMPLETE
114,114,0.12642494527300924,2025-06-15 00:17:50.500575,2025-06-15 00:17:52.644453,0 days 00:00:02.143878,,,,,,,,946,0.008,4m,3.0,4.0,1.2000000000000002,498,84,0.002,1m,4.0,1.0,2.0,290,626.0,0.003,2m,3.0,2.5,1.2000000000000002,16.0,,,,,,,,,,,,,,,,,,,,,,258.0,0.002,2m,2.5,1.0,0.8,888.0,,,,,,,,,,,,,,,,,,,,,,0.45,3,COMPLETE
115,115,5.3484183869028605,2025-06-15 00:17:52.736551,2025-06-15 00:17:55.281971,0 days 00:00:02.545420,,,,,,,,900,0.009000000000000001,4m,2.5,4.0,1.3,994,52,0.003,1m,2.0,1.0,1.9000000000000001,136,534.0,0.004,2m,3.0,2.5,0.9,174.0,,,,,,,,,,,,,,,,,,,,,,354.0,0.005,2m,3.0,1.0,0.7,16.0,,,,,,,,874.0,0.009000000000000001,1m,1.5,3.5,1.2000000000000002,630.0,,,,,,,,0.4,4,COMPLETE
116,116,1.9875303491170262,2025-06-15 00:17:55.355565,2025-06-15 00:17:57.947172,0 days 00:00:02.591607,,,,,,,,912,0.009000000000000001,4m,2.5,4.0,1.3,980,50,0.003,3m,2.0,1.0,1.8,198,530.0,0.005,2m,3.0,2.5,1.0,236.0,,,,,,,,,,,,,,,,,,,,,,386.0,0.005,2m,3.0,1.0,0.7,44.0,,,,,,,,698.0,0.01,1m,1.5,3.5,1.2000000000000002,634.0,,,,,,,,0.4,4,COMPLETE
117,117,0.7324099692960598,2025-06-15 00:17:58.010059,2025-06-15 00:18:00.693633,0 days 00:00:02.683574,,,,,,,,898,0.008,2m,3.0,4.0,0.9,440,182,0.004,1m,4.0,1.0,1.9000000000000001,140,590.0,0.004,2m,3.0,2.5,0.9,184.0,,,,,,,,,,,,,,,,,,,,,,446.0,0.005,2m,3.0,1.0,0.9,102.0,,,,,,,,816.0,0.009000000000000001,1m,1.5,3.5,1.3,534.0,,,,,,,,0.4,4,COMPLETE
118,118,-0.4779921482094891,2025-06-15 00:18:00.807166,2025-06-15 00:18:05.205823,0 days 00:00:04.398657,,,,,,,,1010,0.009000000000000001,4m,2.5,4.0,1.1,950,16,0.008,4m,1.0,1.0,1.9000000000000001,178,554.0,0.004,2m,3.0,3.0,0.9,136.0,,,,,,,,,,,,,,,,,,,,,,356.0,0.006,2m,3.0,1.0,0.8,74.0,,,,,,,,,,,,,,,,,,,,,,0.4,3,COMPLETE
119,119,5.400129190748525,2025-06-15 00:18:05.353812,2025-06-15 00:18:12.069183,0 days 00:00:06.715371,,,,,,,,948,0.008,3m,2.5,4.0,1.2000000000000002,1006,72,0.01,1m,3.0,1.0,2.0,866,668.0,0.004,2m,2.5,3.0,1.0,168.0,,,,,,,,504.0,0.007,2m,3.0,2.0,0.7,794.0,,,,,,,,702.0,0.005,2m,1.0,1.0,0.7,22.0,,,,,,,,670.0,0.01,1m,1.5,3.5,1.0,612.0,,,,,,,,0.35000000000000003,5,COMPLETE
120,120,1.0287629938286282,2025-06-15 00:18:12.216314,2025-06-15 00:18:15.787386,0 days 00:00:03.571072,,,,,,,,956,0.008,3m,2.5,4.0,1.1,578,220,0.01,1m,3.0,1.0,2.0,928,632.0,0.004,2m,2.0,3.0,1.0,158.0,,,,,,,,472.0,0.008,2m,3.0,2.0,0.5,696.0,,,,,,,,692.0,0.005,2m,1.0,1.5,0.7,16.0,,,,,,,,742.0,0.01,1m,1.5,3.5,1.0,570.0,,,,,,,,0.35000000000000003,5,COMPLETE
121,121,-0.2782316859772574,2025-06-15 00:18:15.913564,2025-06-15 00:18:18.839645,0 days 00:00:02.926081,,,,,,,,938,0.008,3m,2.5,4.0,1.2000000000000002,1006,78,0.01,1m,3.0,1.0,2.0,848,706.0,0.005,2m,2.5,3.0,0.9,220.0,,,,,,,,,,,,,,,,,,,,,,582.0,0.005,2m,1.0,1.0,0.7,60.0,,,,,,,,676.0,0.009000000000000001,1m,1.5,3.5,1.1,602.0,,,,,,,,0.4,4,COMPLETE
122,122,2.4323360245234205,2025-06-15 00:18:18.942714,2025-06-15 00:18:22.415728,0 days 00:00:03.473014,,,,,,,,894,0.007,3m,2.5,4.0,1.3,934,112,0.003,1m,3.5,1.0,1.9000000000000001,880,680.0,0.004,2m,3.0,2.5,1.0,278.0,,,,,,,,678.0,0.007,2m,4.0,2.0,0.7,780.0,,,,,,,,526.0,0.005,2m,1.0,1.0,0.8,34.0,,,,,,,,630.0,0.008,1m,1.0,3.5,0.9,622.0,,,,,,,,0.35000000000000003,5,COMPLETE
123,123,3.5287624792293077,2025-06-15 00:18:22.525834,2025-06-15 00:18:25.494722,0 days 00:00:02.968888,,,,,,,,996,0.009000000000000001,3m,3.0,4.0,1.2000000000000002,986,64,0.01,1m,2.0,1.0,2.0,854,666.0,0.004,2m,3.5,2.5,1.1,86.0,,,,,,,,,,,,,,,,,,,,,,776.0,0.004,2m,2.5,1.0,0.6,22.0,,,,,,,,718.0,0.01,1m,1.5,4.0,1.1,656.0,,,,,,,,0.3,4,COMPLETE
124,124,1.5827997447433106,2025-06-15 00:18:25.573240,2025-06-15 00:18:29.294804,0 days 00:00:03.721564,,,,,,,,974,0.009000000000000001,4m,2.5,4.0,1.4,902,522,0.007,1m,3.0,1.0,1.8,788,744.0,0.006,2m,2.0,2.5,0.8,38.0,,,,,,,,642.0,0.007,2m,3.5,1.5,0.6,998.0,,,,,,,,422.0,0.005,2m,3.0,1.0,0.8,166.0,,,,,,,,564.0,0.009000000000000001,1m,2.0,3.5,1.2000000000000002,686.0,,,,,,,,0.45,5,COMPLETE
125,125,0.5527532197164935,2025-06-15 00:18:29.384322,2025-06-15 00:18:31.415219,0 days 00:00:02.030897,,,,,,,,920,0.01,3m,3.5,4.0,1.3,1014,678,0.009000000000000001,1m,3.5,1.0,2.0,904,568.0,0.004,2m,3.0,2.5,0.9,312.0,,,,,,,,,,,,,,,,,,,,,,706.0,0.01,2m,1.5,1.0,0.7,428.0,,,,,,,,,,,,,,,,,,,,,,0.4,3,COMPLETE
126,126,5.9433696985414874,2025-06-15 00:18:31.486730,2025-06-15 00:18:34.087519,0 days 00:00:02.600789,,,,,,,,864,0.01,4m,3.0,3.0,1.2000000000000002,962,44,0.003,2m,2.0,1.0,1.9000000000000001,122,504.0,0.005,2m,3.0,3.0,0.6,120.0,,,,,,,,,,,,,,,,,,,,,,826.0,0.006,2m,3.5,1.5,0.6,48.0,,,,,,,,768.0,0.007,1m,1.0,2.5,1.0,714.0,,,,,,,,0.35000000000000003,4,COMPLETE
127,127,6.432676543023916,2025-06-15 00:18:34.155724,2025-06-15 00:18:36.817235,0 days 00:00:02.661511,,,,,,,,884,0.008,4m,3.0,3.0,1.2000000000000002,660,44,0.003,2m,1.5,1.0,1.8,72,432.0,0.005,2m,3.0,3.0,1.0,170.0,,,,,,,,,,,,,,,,,,,,,,864.0,0.006,2m,3.5,1.5,0.6,210.0,,,,,,,,778.0,0.008,1m,1.0,2.5,1.0,706.0,,,,,,,,0.35000000000000003,4,COMPLETE
128,128,-1.9838208065478844,2025-06-15 00:18:36.920749,2025-06-15 00:18:39.490630,0 days 00:00:02.569881,,,,,,,,868,0.008,4m,3.0,3.0,1.1,642,138,0.004,2m,1.5,1.0,1.8,74,392.0,0.005,3m,3.0,3.0,1.1,102.0,,,,,,,,,,,,,,,,,,,,,,886.0,0.006,2m,3.5,1.5,0.6,198.0,,,,,,,,778.0,0.007,2m,1.0,2.5,0.9,702.0,,,,,,,,0.35000000000000003,4,COMPLETE
129,129,1.51865823200125,2025-06-15 00:18:39.558149,2025-06-15 00:18:42.111273,0 days 00:00:02.553124,,,,,,,,816,0.007,4m,3.0,3.0,1.2000000000000002,450,96,0.01,2m,1.5,1.0,1.7000000000000002,106,452.0,0.005,2m,2.5,3.0,1.2000000000000002,204.0,,,,,,,,,,,,,,,,,,,,,,872.0,0.006,2m,3.5,1.5,0.6,144.0,,,,,,,,744.0,0.007,1m,1.0,2.5,1.0,498.0,,,,,,,,0.3,4,COMPLETE
130,130,-1.1874267806855519,2025-06-15 00:18:42.176799,2025-06-15 00:18:45.270090,0 days 00:00:03.093291,,,,,,,,862,0.008,4m,3.0,2.5,1.2000000000000002,548,720,0.009000000000000001,2m,1.5,1.0,1.9000000000000001,90,718.0,0.006,1m,3.0,3.0,1.0,124.0,,,,,,,,544.0,0.009000000000000001,2m,3.0,1.5,0.9,458.0,,,,,,,,836.0,0.007,2m,4.0,1.5,0.6,540.0,,,,,,,,806.0,0.008,4m,1.0,2.5,1.0,738.0,,,,,,,,0.35000000000000003,5,COMPLETE
131,131,2.9711613534277825,2025-06-15 00:18:45.367619,2025-06-15 00:18:48.556643,0 days 00:00:03.189024,,,,,,,,844,0.008,4m,3.0,3.5,1.2000000000000002,684,42,0.003,2m,2.0,1.0,1.9000000000000001,154,532.0,0.005,2m,3.0,2.5,1.0,160.0,,,,,,,,,,,,,,,,,,,,,,812.0,0.006,2m,3.5,2.0,0.7,238.0,,,,,,,,844.0,0.008,1m,1.0,2.5,1.0,644.0,,,,,,,,0.35000000000000003,4,COMPLETE
132,132,-2.138627644410563,2025-06-15 00:18:48.684158,2025-06-15 00:18:54.154319,0 days 00:00:05.470161,,,,,,,,896,0.01,4m,2.0,3.0,1.3,958,66,0.003,2m,1.5,1.0,1.8,124,482.0,0.005,2m,3.0,3.0,0.9,170.0,,,,,,,,,,,,,,,,,,,,,,754.0,0.006,2m,3.5,1.0,0.9,126.0,,,,,,,,878.0,0.007,1m,1.5,2.5,1.1,720.0,,,,,,,,0.35000000000000003,4,COMPLETE
133,133,3.7178203711740445,2025-06-15 00:18:54.279357,2025-06-15 00:18:58.998298,0 days 00:00:04.718941,,,,,,,,950,0.009000000000000001,4m,3.0,3.5,1.2000000000000002,414,32,0.003,2m,2.0,1.0,2.0,126,428.0,0.005,2m,3.0,3.0,0.6,64.0,,,,,,,,,,,,,,,,,,,,,,810.0,0.006,2m,3.5,1.0,0.6,306.0,,,,,,,,778.0,0.008,1m,1.0,2.5,1.3,620.0,,,,,,,,0.4,4,COMPLETE
134,134,0.26020453888761325,2025-06-15 00:18:59.101811,2025-06-15 00:19:01.617111,0 days 00:00:02.515300,,,,,,,,880,0.01,4m,3.0,2.5,1.1,880,90,0.003,2m,1.0,1.0,1.9000000000000001,174,416.0,0.003,2m,3.0,2.5,0.8,126.0,,,,,,,,,,,,,,,,,,,,,,616.0,0.008,2m,3.5,3.0,0.8,66.0,,,,,,,,,,,,,,,,,,,,,,0.3,3,COMPLETE
135,135,1.6148969592589615,2025-06-15 00:19:01.732826,2025-06-15 00:19:05.230670,0 days 00:00:03.497844,,,,,,,,918,0.008,4m,2.5,3.5,1.3,840,54,0.004,2m,2.0,1.0,1.2000000000000002,720,606.0,0.004,2m,3.0,2.0,0.6,240.0,,,,,,,,844.0,0.006,2m,3.0,2.5,0.6,578.0,,,,,,,,926.0,0.007,4m,3.5,2.0,0.7,102.0,,,,,,,,926.0,0.009000000000000001,1m,1.5,3.5,0.9,570.0,,,,,,,,0.35000000000000003,5,COMPLETE
136,136,-1.2826731713126374,2025-06-15 00:19:05.328190,2025-06-15 00:19:07.664904,0 days 00:00:02.336714,,,,,,,,800,0.007,4m,3.0,2.5,1.2000000000000002,586,18,0.003,1m,1.5,1.0,2.0,236,506.0,0.005,2m,3.5,3.0,0.7,192.0,,,,,,,,,,,,,,,,,,,,,,870.0,0.001,2m,3.0,3.0,0.5,218.0,,,,,,,,,,,,,,,,,,,,,,0.4,3,COMPLETE
137,137,-0.7922188904679468,2025-06-15 00:19:07.756422,2025-06-15 00:19:10.463188,0 days 00:00:02.706766,,,,,,,,312,0.009000000000000001,4m,3.0,4.0,1.3,480,160,0.003,2m,1.5,1.0,1.9000000000000001,948,82.0,0.004,2m,2.5,2.5,1.4,82.0,,,,,,,,,,,,,,,,,,,,,,926.0,0.006,2m,4.0,1.0,0.6,168.0,,,,,,,,868.0,0.005,1m,2.5,3.0,1.2000000000000002,592.0,,,,,,,,0.35000000000000003,4,COMPLETE
138,138,1.6358874929542655,2025-06-15 00:19:10.541186,2025-06-15 00:19:13.583617,0 days 00:00:03.042431,,,,,,,,360,0.01,4m,2.0,3.0,1.0,980,108,0.003,1m,2.0,1.0,1.8,34,322.0,0.003,4m,3.0,2.5,1.0,114.0,,,,,,,,,,,,,,,,,,,,,,64.0,0.002,2m,1.0,3.0,0.7,38.0,,,,,,,,660.0,0.009000000000000001,1m,1.0,3.0,1.0,672.0,,,,,,,,0.4,4,COMPLETE
139,139,1.6920691488365383,2025-06-15 00:19:13.637616,2025-06-15 00:19:20.392229,0 days 00:00:06.754613,,,,,,,,244,0.01,1m,3.0,3.5,1.1,18,78,0.004,1m,3.0,1.0,0.7,92,500.0,0.006,2m,3.5,3.0,0.6,142.0,400.0,0.004,1m,3.5,3.5,1.1,226.0,490.0,0.009000000000000001,2m,3.5,2.0,0.8,754.0,,,,,,,,322.0,0.005,3m,2.0,1.0,0.8,960.0,,,,,,,,98.0,0.01,3m,1.5,2.5,0.8,714.0,,,,,,,,0.3,6,COMPLETE
140,140,-1.1709879671571795,2025-06-15 00:19:20.534745,2025-06-15 00:19:25.841909,0 days 00:00:05.307164,,,,,,,,782,0.009000000000000001,4m,3.0,4.0,1.8,48,268,0.002,1m,2.0,1.5,1.2000000000000002,148,372.0,0.004,2m,4.0,3.5,0.7,174.0,,,,,,,,944.0,0.007,1m,3.0,2.5,0.5,888.0,,,,,,,,786.0,0.007,2m,3.5,1.5,0.5,88.0,,,,,,,,830.0,0.006,1m,1.0,2.5,1.1,808.0,,,,,,,,0.4,5,COMPLETE
141,141,3.5209195042831767,2025-06-15 00:19:25.939422,2025-06-15 00:19:28.872551,0 days 00:00:02.933129,,,,,,,,836,0.01,4m,3.5,4.0,1.4,966,44,0.002,4m,2.0,1.0,1.1,208,780.0,0.004,2m,1.0,4.0,0.5,836.0,,,,,,,,,,,,,,,,,,,,,,726.0,0.005,1m,3.0,3.0,0.7,56.0,,,,,,,,698.0,0.007,1m,1.0,2.5,1.0,950.0,,,,,,,,0.45,4,COMPLETE
142,142,-0.26787181211537847,2025-06-15 00:19:28.978063,2025-06-15 00:19:31.878773,0 days 00:00:02.900710,,,,,,,,982,0.01,4m,3.5,2.5,1.3,1018,34,0.002,4m,2.0,1.0,1.3,166,748.0,0.003,2m,1.5,4.0,0.5,814.0,,,,,,,,,,,,,,,,,,,,,,342.0,0.005,2m,2.5,3.0,0.8,28.0,,,,,,,,722.0,0.002,1m,1.0,2.5,1.1,636.0,,,,,,,,0.35000000000000003,4,COMPLETE
143,143,1.5352584112008172,2025-06-15 00:19:31.962780,2025-06-15 00:19:35.825807,0 days 00:00:03.863027,,,,,,,,960,0.01,4m,3.5,1.0,1.3,988,56,0.002,4m,2.0,1.0,1.1,314,576.0,0.004,2m,1.0,4.0,0.6,246.0,508.0,0.002,4m,1.5,3.0,1.0,622.0,166.0,0.006,4m,2.5,4.0,1.4,962.0,,,,,,,,364.0,0.004,1m,2.5,1.0,0.9,70.0,,,,,,,,766.0,0.002,1m,1.0,2.5,1.3,762.0,,,,,,,,0.15000000000000002,6,COMPLETE
144,144,0.341670577327676,2025-06-15 00:19:35.895321,2025-06-15 00:19:42.095638,0 days 00:00:06.200317,550.0,0.005,1m,1.5,3.0,1.2000000000000002,106.0,766,0.009000000000000001,4m,3.0,3.5,1.4,934,354,0.003,2m,2.5,1.0,2.0,72,674.0,0.003,2m,3.0,4.0,0.5,884.0,40.0,0.003,2m,1.0,2.5,0.8,582.0,206.0,0.005,3m,2.5,2.0,1.0,662.0,848.0,0.004,2m,2.5,3.0,1.3,1012.0,292.0,0.005,2m,1.5,3.0,0.6,44.0,386.0,0.007,1m,3.0,2.0,1.5,116.0,506.0,0.001,1m,2.0,2.5,1.2000000000000002,994.0,884.0,0.009000000000000001,3m,3.0,2.0,1.8,130.0,0.1,10,COMPLETE
145,145,0.26465357229106773,2025-06-15 00:19:42.199150,2025-06-15 00:19:44.498672,0 days 00:00:02.299522,,,,,,,,928,0.01,4m,2.5,2.0,1.2000000000000002,1004,16,0.003,3m,3.5,1.0,1.0,192,474.0,0.005,2m,4.0,1.0,0.9,778.0,,,,,,,,,,,,,,,,,,,,,,394.0,0.006,1m,2.0,3.0,0.7,902.0,,,,,,,,,,,,,,,,,,,,,,0.4,3,COMPLETE
146,146,5.26771549514184,2025-06-15 00:19:44.562680,2025-06-15 00:19:49.107641,0 days 00:00:04.544961,,,,,,,,154,0.008,2m,3.5,4.0,1.3,320,570,0.002,1m,2.0,1.0,1.2000000000000002,826,250.0,0.004,2m,3.0,4.0,0.5,848.0,86.0,0.002,3m,1.5,3.5,2.0,940.0,422.0,0.008,3m,3.0,4.0,0.9,802.0,,,,,,,,900.0,0.009000000000000001,2m,3.0,1.5,0.6,16.0,162.0,0.006,1m,4.0,1.5,1.1,48.0,796.0,0.003,1m,1.5,2.5,1.1,662.0,,,,,,,,0.3,7,COMPLETE
