,number,value,datetime_start,datetime_complete,duration,params_ADSK_QCOM_beta_win,params_ADSK_QCOM_stop_loss,params_ADSK_QCOM_trade_freq,params_ADSK_QCOM_z_entry,params_ADSK_QCOM_z_exit,params_ADSK_QCOM_z_stop_scaler,params_ADSK_QCOM_z_win,params_ALGN_CHKP_beta_win,params_ALGN_CHKP_stop_loss,params_ALGN_CHKP_trade_freq,params_ALGN_CHKP_z_entry,params_ALGN_CHKP_z_exit,params_ALGN_CHKP_z_stop_scaler,params_ALGN_CHKP_z_win,params_COST_CHKP_beta_win,params_COST_CHKP_stop_loss,params_COST_CHKP_trade_freq,params_COST_CHKP_z_entry,params_COST_CHKP_z_exit,params_COST_CHKP_z_stop_scaler,params_COST_CHKP_z_win,params_CPRT_CHKP_beta_win,params_CPRT_CHKP_stop_loss,params_CPRT_CHKP_trade_freq,params_CPRT_CHKP_z_entry,params_CPRT_CHKP_z_exit,params_CPRT_CHKP_z_stop_scaler,params_CPRT_CHKP_z_win,params_GOOGL_CHKP_beta_win,params_GOOGL_CHKP_stop_loss,params_GOOGL_CHKP_trade_freq,params_GOOGL_CHKP_z_entry,params_GOOGL_CHKP_z_exit,params_GOOGL_CHKP_z_stop_scaler,params_GOOGL_CHKP_z_win,params_GOOG_CHKP_beta_win,params_GOOG_CHKP_stop_loss,params_GOOG_CHKP_trade_freq,params_GOOG_CHKP_z_entry,params_GOOG_CHKP_z_exit,params_GOOG_CHKP_z_stop_scaler,params_GOOG_CHKP_z_win,params_ISRG_CHKP_beta_win,params_ISRG_CHKP_stop_loss,params_ISRG_CHKP_trade_freq,params_ISRG_CHKP_z_entry,params_ISRG_CHKP_z_exit,params_ISRG_CHKP_z_stop_scaler,params_ISRG_CHKP_z_win,params_LULU_CHKP_beta_win,params_LULU_CHKP_stop_loss,params_LULU_CHKP_trade_freq,params_LULU_CHKP_z_entry,params_LULU_CHKP_z_exit,params_LULU_CHKP_z_stop_scaler,params_LULU_CHKP_z_win,params_MSFT_CHKP_beta_win,params_MSFT_CHKP_stop_loss,params_MSFT_CHKP_trade_freq,params_MSFT_CHKP_z_entry,params_MSFT_CHKP_z_exit,params_MSFT_CHKP_z_stop_scaler,params_MSFT_CHKP_z_win,params_PEP_CHKP_beta_win,params_PEP_CHKP_stop_loss,params_PEP_CHKP_trade_freq,params_PEP_CHKP_z_entry,params_PEP_CHKP_z_exit,params_PEP_CHKP_z_stop_scaler,params_PEP_CHKP_z_win,params_buffer_capital,params_pairs_to_trade,state
146,146,2.991747033374775,2025-06-15 00:31:48.578128,2025-06-15 00:31:53.280647,0 days 00:00:04.702519,62.0,0.006,2m,2.5,3.0,0.6,592.0,346.0,0.007,4m,1.5,2.0,2.0,420.0,232.0,0.006,3m,3.5,3.5,1.9000000000000001,328.0,404,0.01,2m,2.5,1.5,0.8,326,934.0,0.002,2m,2.0,3.0,0.8,674.0,514.0,0.005,4m,2.0,4.0,1.0,306.0,382.0,0.007,4m,2.5,4.0,1.4,366.0,110.0,0.009000000000000001,1m,1.5,1.0,1.1,394.0,344.0,0.009000000000000001,2m,1.0,1.0,1.5,966.0,,,,,,,,0.25,9,COMPLETE
147,147,4.041446428022737,2025-06-15 00:31:53.370163,2025-06-15 00:31:57.172310,0 days 00:00:03.802147,,,,,,,,294.0,0.007,1m,1.0,2.0,2.0,458.0,138.0,0.004,3m,3.0,3.5,1.9000000000000001,364.0,304,0.01,2m,2.0,1.5,0.7,298,974.0,0.002,3m,2.0,3.0,0.8,632.0,420.0,0.006,2m,1.5,4.0,1.1,268.0,350.0,0.006,4m,3.0,4.0,1.5,390.0,,,,,,,,266.0,0.01,2m,1.0,1.0,1.3,936.0,,,,,,,,0.25,7,COMPLETE
148,148,3.667662499200799,2025-06-15 00:31:57.300823,2025-06-15 00:32:01.631009,0 days 00:00:04.330186,36.0,0.005,2m,2.5,3.0,1.4,564.0,228.0,0.007,2m,1.5,2.0,2.0,350.0,140.0,0.008,3m,3.5,3.5,1.9000000000000001,234.0,266,0.01,2m,2.5,1.5,0.6,340,1024.0,0.002,3m,2.0,3.0,0.8,696.0,454.0,0.005,4m,2.0,4.0,1.2000000000000002,218.0,446.0,0.006,4m,2.5,4.0,1.5,344.0,,,,,,,,338.0,0.009000000000000001,2m,1.0,1.0,1.4,984.0,,,,,,,,0.25,8,COMPLETE
149,149,5.430984500108084,2025-06-15 00:32:01.719515,2025-06-15 00:32:04.464634,0 days 00:00:02.745119,,,,,,,,390.0,0.006,4m,1.5,2.0,2.0,404.0,,,,,,,,350,0.01,2m,2.0,1.5,0.8,322,916.0,0.002,3m,1.5,3.0,0.7,622.0,542.0,0.004,4m,2.0,4.0,1.1,134.0,466.0,0.007,4m,2.5,4.0,1.4,472.0,,,,,,,,,,,,,,,,,,,,,,0.3,5,COMPLETE
