,number,value,datetime_start,datetime_complete,duration,params_ADP_INTC_beta_win,params_ADP_INTC_stop_loss,params_ADP_INTC_trade_freq,params_ADP_INTC_z_entry,params_ADP_INTC_z_exit,params_ADP_INTC_z_stop_scaler,params_ADP_INTC_z_win,params_AMD_INTC_beta_win,params_AMD_INTC_stop_loss,params_AMD_INTC_trade_freq,params_AMD_INTC_z_entry,params_AMD_INTC_z_exit,params_AMD_INTC_z_stop_scaler,params_AMD_INTC_z_win,params_ANSS_INTC_beta_win,params_ANSS_INTC_stop_loss,params_ANSS_INTC_trade_freq,params_ANSS_INTC_z_entry,params_ANSS_INTC_z_exit,params_ANSS_INTC_z_stop_scaler,params_ANSS_INTC_z_win,params_CDNS_INTC_beta_win,params_CDNS_INTC_stop_loss,params_CDNS_INTC_trade_freq,params_CDNS_INTC_z_entry,params_CDNS_INTC_z_exit,params_CDNS_INTC_z_stop_scaler,params_CDNS_INTC_z_win,params_COST_INTC_beta_win,params_COST_INTC_stop_loss,params_COST_INTC_trade_freq,params_COST_INTC_z_entry,params_COST_INTC_z_exit,params_COST_INTC_z_stop_scaler,params_COST_INTC_z_win,params_CTAS_INTC_beta_win,params_CTAS_INTC_stop_loss,params_CTAS_INTC_trade_freq,params_CTAS_INTC_z_entry,params_CTAS_INTC_z_exit,params_CTAS_INTC_z_stop_scaler,params_CTAS_INTC_z_win,params_EXC_INTC_beta_win,params_EXC_INTC_stop_loss,params_EXC_INTC_trade_freq,params_EXC_INTC_z_entry,params_EXC_INTC_z_exit,params_EXC_INTC_z_stop_scaler,params_EXC_INTC_z_win,params_INTC_INTU_beta_win,params_INTC_INTU_stop_loss,params_INTC_INTU_trade_freq,params_INTC_INTU_z_entry,params_INTC_INTU_z_exit,params_INTC_INTU_z_stop_scaler,params_INTC_INTU_z_win,params_INTC_MSFT_beta_win,params_INTC_MSFT_stop_loss,params_INTC_MSFT_trade_freq,params_INTC_MSFT_z_entry,params_INTC_MSFT_z_exit,params_INTC_MSFT_z_stop_scaler,params_INTC_MSFT_z_win,params_MDLZ_TXN_beta_win,params_MDLZ_TXN_stop_loss,params_MDLZ_TXN_trade_freq,params_MDLZ_TXN_z_entry,params_MDLZ_TXN_z_exit,params_MDLZ_TXN_z_stop_scaler,params_MDLZ_TXN_z_win,params_buffer_capital,params_pairs_to_trade,state
0,0,0.12795722297837134,2025-06-15 00:34:22.947392,2025-06-15 00:34:24.548734,0 days 00:00:01.601342,,,,,,,,,,,,,,,,,,,,,,,,,,,,,,,,,,,,,,,,,,,1000.0,0.002,1m,2.5,2.0,0.6,468.0,,,,,,,,876.0,0.003,3m,1.0,3.0,1.3,394.0,342,0.009000000000000001,3m,3.5,2.0,1.3,502,0.5,3,COMPLETE
1,1,4.556339677677874,2025-06-15 00:34:24.642251,2025-06-15 00:34:26.127210,0 days 00:00:01.484959,,,,,,,,,,,,,,,,,,,,,,,,,,,,,,,,,,,,,,,,,,,984.0,0.006,3m,2.5,3.0,1.0,592.0,,,,,,,,210.0,0.009000000000000001,1m,3.0,3.0,1.9000000000000001,948.0,324,0.009000000000000001,2m,4.0,1.5,1.9000000000000001,320,0.3,3,COMPLETE
2,2,-1.7406354251994882,2025-06-15 00:34:26.201745,2025-06-15 00:34:30.484880,0 days 00:00:04.283135,652.0,0.001,4m,3.0,1.5,0.5,828.0,34.0,0.005,2m,3.0,3.5,0.8,230.0,,,,,,,,920.0,0.003,3m,2.5,1.0,1.3,360.0,110.0,0.003,4m,1.0,4.0,1.6,146.0,670.0,0.006,4m,2.0,2.5,0.8,548.0,572.0,0.008,4m,1.5,3.5,2.0,386.0,76.0,0.001,3m,2.5,2.5,0.6,388.0,978.0,0.007,3m,1.5,4.0,0.7,698.0,270,0.008,4m,1.0,1.5,0.5,50,0.2,9,COMPLETE
3,3,-0.6618754622419678,2025-06-15 00:34:30.544482,2025-06-15 00:34:32.873315,0 days 00:00:02.328833,,,,,,,,960.0,0.01,4m,2.5,1.5,1.3,260.0,,,,,,,,,,,,,,,434.0,0.006,3m,2.5,3.5,0.7,974.0,,,,,,,,352.0,0.007,2m,1.0,3.5,1.3,856.0,,,,,,,,844.0,0.01,4m,3.5,4.0,1.9000000000000001,582.0,544,0.009000000000000001,1m,1.5,3.5,1.3,326,0.05,5,COMPLETE
4,4,-4.149448399240904,2025-06-15 00:34:32.963834,2025-06-15 00:34:35.332439,0 days 00:00:02.368605,,,,,,,,956.0,0.01,1m,1.5,1.5,1.9000000000000001,592.0,,,,,,,,,,,,,,,886.0,0.003,3m,3.5,2.5,1.1,452.0,,,,,,,,754.0,0.009000000000000001,1m,2.5,3.0,1.1,992.0,,,,,,,,56.0,0.007,4m,3.5,3.0,1.7000000000000002,226.0,974,0.009000000000000001,4m,1.5,2.0,1.9000000000000001,702,0.2,5,COMPLETE
5,5,0.1590232828042458,2025-06-15 00:34:35.399497,2025-06-15 00:34:39.320425,0 days 00:00:03.920928,370.0,0.007,1m,2.0,1.0,1.4,490.0,604.0,0.006,1m,4.0,2.0,1.9000000000000001,106.0,,,,,,,,974.0,0.008,4m,3.0,4.0,1.8,922.0,32.0,0.006,1m,3.0,3.5,1.5,220.0,304.0,0.007,4m,1.5,1.0,1.8,648.0,804.0,0.008,1m,2.5,3.5,0.6,550.0,,,,,,,,218.0,0.004,2m,1.5,3.0,1.6,72.0,430,0.001,4m,2.5,4.0,0.8,278,0.15000000000000002,8,COMPLETE
6,6,1.7368970557365522,2025-06-15 00:34:39.390431,2025-06-15 00:34:41.198311,0 days 00:00:01.807880,,,,,,,,254.0,0.009000000000000001,2m,2.0,3.5,1.6,890.0,,,,,,,,,,,,,,,,,,,,,,,,,,,,,56.0,0.009000000000000001,3m,2.5,1.5,1.1,276.0,,,,,,,,588.0,0.007,2m,2.5,2.5,0.8,598.0,264,0.008,1m,4.0,1.0,0.6,718,0.45,4,COMPLETE
7,7,-2.1917707268834943,2025-06-15 00:34:41.269317,2025-06-15 00:34:42.777645,0 days 00:00:01.508328,,,,,,,,,,,,,,,,,,,,,,,,,,,,,,,,,,,,,,,,,,,948.0,0.008,2m,4.0,3.0,1.6,760.0,,,,,,,,832.0,0.01,3m,3.5,2.5,1.5,514.0,952,0.004,3m,2.0,2.5,0.8,652,0.1,3,COMPLETE
8,8,-1.7104293814230038,2025-06-15 00:34:42.859166,2025-06-15 00:34:45.957420,0 days 00:00:03.098254,,,,,,,,142.0,0.007,1m,3.0,3.0,1.7000000000000002,862.0,,,,,,,,338.0,0.005,2m,1.5,3.0,1.4,492.0,574.0,0.009000000000000001,4m,2.0,1.5,1.2000000000000002,294.0,370.0,0.006,3m,2.0,3.0,1.2000000000000002,674.0,150.0,0.002,2m,4.0,3.0,1.4,444.0,,,,,,,,172.0,0.001,2m,2.5,4.0,1.8,892.0,186,0.009000000000000001,3m,3.0,3.0,1.2000000000000002,68,0.05,7,COMPLETE
9,9,0.6215778734596903,2025-06-15 00:34:46.050453,2025-06-15 00:34:50.586345,0 days 00:00:04.535892,552.0,0.003,1m,2.0,3.5,0.7,384.0,1012.0,0.004,4m,4.0,1.5,0.5,248.0,432.0,0.007,4m,4.0,1.5,0.9,224.0,410.0,0.006,4m,1.0,3.5,1.7000000000000002,748.0,64.0,0.007,2m,3.0,1.0,1.9000000000000001,316.0,612.0,0.004,2m,1.0,1.5,1.6,82.0,1010.0,0.007,3m,4.0,1.5,0.8,766.0,678.0,0.01,4m,4.0,4.0,2.0,420.0,698.0,0.01,4m,2.5,3.5,0.8,766.0,90,0.004,2m,4.0,1.5,0.9,844,0.45,10,COMPLETE
10,10,-3.268469175570004,2025-06-15 00:34:50.651854,2025-06-15 00:34:51.351000,0 days 00:00:00.699146,,,,,,,,,,,,,,,,,,,,,,,,,,,,,,,,,,,,,,,,,,,,,,,,,,,,,,,,,,,,,,,,640,0.006,2m,3.0,1.0,2.0,966,0.35000000000000003,1,COMPLETE
11,11,-0.8259684491966491,2025-06-15 00:34:51.422513,2025-06-15 00:34:53.083945,0 days 00:00:01.661432,,,,,,,,,,,,,,,,,,,,,,,,,,,,,,,,,,,,,,,,,,,30.0,0.005,3m,3.0,1.0,1.0,32.0,,,,,,,,446.0,0.007,1m,2.5,1.5,1.1,908.0,68,0.007,1m,4.0,1.0,1.7000000000000002,488,0.35000000000000003,3,COMPLETE
12,12,-1.7628118545420208,2025-06-15 00:34:53.149469,2025-06-15 00:34:53.637911,0 days 00:00:00.488442,,,,,,,,,,,,,,,,,,,,,,,,,,,,,,,,,,,,,,,,,,,,,,,,,,,,,,,,,,,,,,,,646,0.01,2m,4.0,1.0,1.6,298,0.35000000000000003,1,COMPLETE
13,13,1.8627873193379119,2025-06-15 00:34:53.677912,2025-06-15 00:34:55.786819,0 days 00:00:02.108907,,,,,,,,334.0,0.001,2m,1.0,4.0,1.4,1020.0,,,,,,,,,,,,,,,,,,,,,,,,,,,,,370.0,0.005,3m,2.0,2.0,0.9,184.0,,,,,,,,454.0,0.008,1m,3.0,2.0,0.5,1020.0,392,0.007,1m,3.5,1.5,0.6,696,0.45,4,COMPLETE
14,14,2.2231480336772935,2025-06-15 00:34:55.847329,2025-06-15 00:34:58.906275,0 days 00:00:03.058946,,,,,,,,448.0,0.001,3m,1.0,4.0,1.2000000000000002,664.0,,,,,,,,50.0,0.01,1m,4.0,1.5,0.5,20.0,886.0,0.001,2m,4.0,2.0,0.5,872.0,,,,,,,,380.0,0.004,3m,1.5,2.5,0.8,156.0,,,,,,,,366.0,0.008,1m,3.0,1.5,0.5,1006.0,476,0.005,2m,3.0,2.0,1.1,398,0.3,6,COMPLETE
15,15,-4.180597536331947,2025-06-15 00:34:58.989280,2025-06-15 00:35:02.502937,0 days 00:00:03.513657,,,,,,,,612.0,0.001,3m,1.0,2.5,1.0,536.0,,,,,,,,18.0,0.01,1m,4.0,1.5,0.5,60.0,966.0,0.001,2m,4.0,2.0,0.7,826.0,1010.0,0.001,1m,4.0,4.0,0.5,1008.0,572.0,0.003,3m,1.0,2.5,0.5,604.0,,,,,,,,310.0,0.009000000000000001,1m,4.0,1.5,2.0,1008.0,804,0.004,2m,3.0,2.5,1.1,392,0.25,7,COMPLETE
16,16,3.912789848456038,2025-06-15 00:35:02.561975,2025-06-15 00:35:05.947183,0 days 00:00:03.385208,,,,,,,,430.0,0.003,3m,2.0,4.0,0.9,666.0,,,,,,,,92.0,0.01,1m,4.0,2.0,0.5,20.0,742.0,0.001,2m,4.0,2.5,0.5,668.0,,,,,,,,374.0,0.004,4m,1.5,4.0,0.8,24.0,,,,,,,,350.0,0.005,1m,3.0,1.0,1.1,752.0,516,0.002,2m,2.5,2.0,1.5,130,0.25,6,COMPLETE
17,17,-2.142499652449664,2025-06-15 00:35:05.994190,2025-06-15 00:35:11.664907,0 days 00:00:05.670717,,,,,,,,778.0,0.003,3m,2.0,2.5,0.5,416.0,,,,,,,,632.0,0.002,1m,3.0,2.5,0.9,268.0,634.0,0.004,1m,1.5,3.0,0.9,634.0,,,,,,,,748.0,0.006,4m,3.0,4.0,1.7000000000000002,650.0,,,,,,,,32.0,0.005,1m,2.0,1.0,1.1,776.0,588,0.001,2m,2.5,3.0,1.6,132,0.25,6,COMPLETE
18,18,2.1599146123308763,2025-06-15 00:35:11.780420,2025-06-15 00:35:13.739809,0 days 00:00:01.959389,,,,,,,,,,,,,,,,,,,,,,,,,,,,,,,,,,,,,,,,,,,,,,,,,,,,,,,,,262.0,0.005,1m,3.0,1.0,1.3,850.0,184,0.002,2m,2.0,2.0,1.8,182,0.3,2,COMPLETE
19,19,-0.6051571824116664,2025-06-15 00:35:13.863325,2025-06-15 00:35:16.934467,0 days 00:00:03.071142,,,,,,,,416.0,0.003,3m,3.0,3.0,0.8,706.0,,,,,,,,,,,,,,,,,,,,,,,,,,,,,220.0,0.001,4m,1.5,4.0,0.7,352.0,,,,,,,,582.0,0.003,1m,4.0,2.0,1.1,682.0,760,0.003,2m,2.0,1.5,1.5,224,0.2,4,COMPLETE
20,20,0.27797779987858734,2025-06-15 00:35:17.023986,2025-06-15 00:35:20.495664,0 days 00:00:03.471678,,,,,,,,768.0,0.007,3m,2.0,3.5,1.0,424.0,,,,,,,,222.0,0.007,2m,2.0,2.5,0.9,666.0,308.0,0.01,2m,3.5,2.5,0.5,654.0,122.0,0.01,1m,3.5,4.0,2.0,62.0,488.0,0.004,4m,2.0,4.0,1.2000000000000002,26.0,,,,,,,,148.0,0.001,1m,2.0,3.5,1.5,410.0,752,0.006,2m,3.5,3.0,2.0,20,0.4,7,COMPLETE
21,21,1.719219512262826,2025-06-15 00:35:20.552183,2025-06-15 00:35:23.409278,0 days 00:00:02.857095,,,,,,,,472.0,0.002,3m,1.5,4.0,1.1,756.0,,,,,,,,20.0,0.01,1m,4.0,1.5,0.5,16.0,764.0,0.001,2m,4.0,2.0,0.5,840.0,,,,,,,,394.0,0.004,3m,1.5,2.5,0.9,128.0,,,,,,,,346.0,0.008,1m,3.0,1.5,0.5,924.0,466,0.005,2m,3.0,2.0,1.4,396,0.3,6,COMPLETE
22,22,-3.678349121395746,2025-06-15 00:35:23.471788,2025-06-15 00:35:26.445627,0 days 00:00:02.973839,,,,,,,,276.0,0.003,3m,1.5,4.0,0.8,686.0,,,,,,,,192.0,0.009000000000000001,1m,3.5,2.0,0.8,194.0,748.0,0.001,2m,4.0,2.0,0.9,750.0,,,,,,,,290.0,0.004,3m,2.0,2.0,0.8,184.0,,,,,,,,374.0,0.009000000000000001,1m,3.0,1.0,0.9,1024.0,492,0.003,2m,2.5,2.5,1.0,416,0.3,6,COMPLETE
23,23,-0.4065010422986479,2025-06-15 00:35:26.543158,2025-06-15 00:35:30.479197,0 days 00:00:03.936039,990.0,0.01,2m,4.0,4.0,2.0,62.0,562.0,0.001,3m,1.0,3.0,1.5,624.0,,,,,,,,662.0,0.008,1m,4.0,1.0,0.7,114.0,1016.0,0.003,2m,3.5,1.0,0.8,972.0,1020.0,0.001,2m,3.0,2.5,1.3,1000.0,482.0,0.003,4m,1.0,3.0,1.0,276.0,,,,,,,,430.0,0.006,1m,3.5,1.5,0.6,790.0,290,0.005,2m,3.5,2.0,1.8,134,0.25,8,COMPLETE
24,24,-0.7843816460478965,2025-06-15 00:35:30.559722,2025-06-15 00:35:33.069359,0 days 00:00:02.509637,,,,,,,,380.0,0.004,3m,2.5,1.0,1.2000000000000002,430.0,,,,,,,,,,,,,,,804.0,0.002,2m,3.0,3.0,0.5,514.0,,,,,,,,636.0,0.006,3m,1.5,2.5,0.7,106.0,,,,,,,,534.0,0.008,1m,3.0,2.0,0.9,946.0,376,0.002,2m,3.0,1.5,1.5,290,0.15000000000000002,5,COMPLETE
25,25,2.4285216452524976,2025-06-15 00:35:33.162692,2025-06-15 00:35:37.297614,0 days 00:00:04.134922,26.0,0.006,3m,1.0,2.5,2.0,982.0,716.0,0.002,4m,1.5,4.0,0.7,820.0,,,,,,,,162.0,0.01,3m,3.5,2.0,1.1,366.0,672.0,0.004,2m,2.5,1.5,1.4,650.0,22.0,0.01,3m,3.0,1.5,1.0,302.0,240.0,0.005,4m,3.5,3.5,0.5,272.0,,,,,,,,98.0,0.006,1m,2.0,1.0,1.2000000000000002,834.0,542,0.007,2m,2.5,2.0,1.1,532,0.35000000000000003,8,COMPLETE
26,26,-0.9271361147599039,2025-06-15 00:35:37.407137,2025-06-15 00:35:41.956650,0 days 00:00:04.549513,34.0,0.006,3m,1.0,2.5,2.0,1006.0,722.0,0.005,4m,2.0,3.5,0.7,836.0,,,,,,,,208.0,0.004,3m,3.0,2.0,1.1,428.0,422.0,0.005,1m,2.0,1.5,1.5,682.0,24.0,0.01,3m,3.0,1.5,1.0,308.0,174.0,0.006,4m,3.5,3.5,0.5,318.0,942.0,0.005,2m,1.0,1.0,1.5,938.0,122.0,0.004,1m,2.0,1.0,1.4,814.0,680,0.007,2m,2.5,2.5,1.4,604,0.4,9,COMPLETE
27,27,2.2354638615387112,2025-06-15 00:35:42.022168,2025-06-15 00:35:46.139872,0 days 00:00:04.117704,72.0,0.009000000000000001,3m,1.0,2.5,1.4,756.0,850.0,0.002,4m,2.5,3.0,0.6,1006.0,,,,,,,,486.0,0.008,3m,3.5,2.0,1.5,636.0,700.0,0.008,4m,2.5,1.5,1.8,436.0,250.0,0.008,3m,2.5,2.0,0.6,298.0,264.0,0.005,4m,3.0,4.0,0.5,654.0,,,,,,,,254.0,0.006,1m,1.5,3.5,1.2000000000000002,692.0,556,0.01,4m,2.0,1.5,1.7000000000000002,550,0.4,8,COMPLETE
28,28,-4.284048971595417,2025-06-15 00:35:46.207877,2025-06-15 00:35:50.819606,0 days 00:00:04.611729,280.0,0.004,3m,3.0,2.0,1.6,1010.0,614.0,0.004,4m,1.5,4.0,0.9,778.0,,,,,,,,302.0,0.006,3m,3.5,3.0,1.1,288.0,502.0,0.004,3m,2.0,3.0,1.3,46.0,794.0,0.003,3m,4.0,1.0,1.4,352.0,874.0,0.007,4m,3.5,3.5,0.7,498.0,18.0,0.01,1m,1.0,4.0,0.5,42.0,102.0,0.004,3m,2.0,2.0,1.0,610.0,868,0.008,3m,1.5,2.0,1.2000000000000002,204,0.35000000000000003,9,COMPLETE
29,29,-5.623533715431879,2025-06-15 00:35:50.904118,2025-06-15 00:35:51.863762,0 days 00:00:00.959644,,,,,,,,,,,,,,,,,,,,,,,,,,,,,,,,,,,,,,,,,,,,,,,,,,,,,,,,,180.0,0.002,4m,2.5,2.5,1.4,860.0,324,0.008,3m,2.5,1.5,1.4,830,0.5,2,COMPLETE
30,30,2.0666324207927538,2025-06-15 00:35:51.916768,2025-06-15 00:35:55.566224,0 days 00:00:03.649456,,,,,,,,712.0,0.002,4m,3.5,3.5,0.7,934.0,,,,,,,,132.0,0.001,3m,2.5,3.0,2.0,990.0,280.0,0.005,2m,1.5,1.0,1.1,588.0,446.0,0.008,3m,3.0,3.0,0.9,808.0,142.0,0.003,4m,3.5,4.0,0.9,246.0,,,,,,,,282.0,0.006,2m,1.0,1.0,1.2000000000000002,716.0,186,0.006,2m,2.0,2.5,1.9000000000000001,502,0.25,7,COMPLETE
31,31,2.1316006501276337,2025-06-15 00:35:55.654253,2025-06-15 00:35:59.669574,0 days 00:00:04.015321,18.0,0.009000000000000001,3m,1.0,3.0,1.0,724.0,862.0,0.002,4m,2.5,3.0,0.6,942.0,,,,,,,,468.0,0.008,3m,3.5,2.0,1.5,622.0,666.0,0.008,4m,2.5,1.5,1.9000000000000001,422.0,202.0,0.009000000000000001,3m,2.5,2.0,0.5,296.0,288.0,0.005,4m,3.0,4.0,0.5,684.0,,,,,,,,248.0,0.006,1m,1.5,3.5,1.2000000000000002,728.0,568,0.01,4m,2.0,1.5,1.7000000000000002,570,0.4,8,COMPLETE
32,32,1.2033700162139749,2025-06-15 00:35:59.755091,2025-06-15 00:36:05.003874,0 days 00:00:05.248783,176.0,0.008,3m,1.0,2.5,1.6,756.0,886.0,0.002,4m,2.5,3.5,0.6,978.0,982.0,0.001,1m,1.0,4.0,2.0,1006.0,578.0,0.009000000000000001,3m,3.5,2.0,1.5,788.0,686.0,0.008,4m,2.5,1.5,1.7000000000000002,530.0,30.0,0.008,3m,2.5,2.0,0.7,198.0,252.0,0.005,4m,3.0,3.5,0.6,566.0,416.0,0.001,1m,4.0,1.0,1.1,1016.0,210.0,0.005,1m,1.0,3.0,1.3,472.0,530,0.01,4m,1.0,2.0,1.6,566,0.4,10,COMPLETE
33,33,-0.8584443729500242,2025-06-15 00:36:05.083904,2025-06-15 00:36:09.223275,0 days 00:00:04.139371,198.0,0.005,3m,1.5,2.0,1.1,818.0,830.0,0.003,4m,2.0,2.0,1.0,850.0,,,,,,,,774.0,0.009000000000000001,3m,3.5,2.5,1.2000000000000002,576.0,562.0,0.007,4m,2.5,2.5,2.0,736.0,240.0,0.008,3m,2.0,1.5,1.0,408.0,328.0,0.006,4m,3.5,4.0,0.5,730.0,,,,,,,,78.0,0.006,1m,1.5,3.5,1.0,654.0,604,0.009000000000000001,4m,2.5,1.5,1.8,458,0.35000000000000003,8,COMPLETE
34,34,-2.5392288923695587,2025-06-15 00:36:09.315781,2025-06-15 00:36:14.015572,0 days 00:00:04.699791,424.0,0.008,4m,2.0,3.0,1.7000000000000002,560.0,694.0,0.004,4m,1.5,4.0,0.6,780.0,,,,,,,,340.0,0.01,3m,3.0,1.5,1.7000000000000002,488.0,856.0,0.01,4m,3.0,1.5,1.4,392.0,142.0,0.01,3m,3.5,2.0,0.7,478.0,94.0,0.005,1m,3.0,3.0,0.7,456.0,418.0,0.006,4m,2.5,2.0,2.0,40.0,296.0,0.003,3m,2.0,3.0,1.4,850.0,706,0.01,4m,1.5,2.0,1.3,360,0.5,9,COMPLETE
35,35,1.2810714277556987,2025-06-15 00:36:14.100261,2025-06-15 00:36:16.778584,0 days 00:00:02.678323,,,,,,,,498.0,0.002,4m,2.5,3.0,0.9,1024.0,,,,,,,,,,,,,,,712.0,0.002,2m,2.0,1.0,1.8,560.0,,,,,,,,454.0,0.004,4m,3.5,3.5,0.6,634.0,,,,,,,,140.0,0.005,1m,1.0,4.0,1.2000000000000002,946.0,370,0.009000000000000001,4m,2.0,1.0,1.9000000000000001,542,0.2,5,COMPLETE
36,36,4.65765686686365,2025-06-15 00:36:16.876095,2025-06-15 00:36:24.862536,0 days 00:00:07.986441,814.0,0.01,2m,1.5,2.0,1.3,924.0,666.0,0.003,2m,3.5,2.5,0.7,506.0,,,,,,,,106.0,0.007,4m,4.0,2.0,0.7,804.0,582.0,0.004,4m,2.5,2.5,1.7000000000000002,482.0,368.0,0.007,4m,3.5,3.0,1.1,170.0,216.0,0.01,4m,2.0,4.0,1.0,828.0,990.0,0.006,3m,3.0,3.0,1.1,662.0,40.0,0.004,1m,1.5,2.5,1.7000000000000002,646.0,440,0.007,4m,2.5,4.0,1.7000000000000002,638,0.3,9,COMPLETE
37,37,4.294247279130498,2025-06-15 00:36:24.974046,2025-06-15 00:36:31.527657,0 days 00:00:06.553611,856.0,0.002,2m,1.5,1.5,0.9,1004.0,96.0,0.006,2m,3.5,2.0,0.9,342.0,16.0,0.01,2m,2.5,3.5,1.9000000000000001,20.0,138.0,0.007,4m,4.0,2.5,0.7,850.0,478.0,0.004,1m,1.5,2.5,1.6,734.0,534.0,0.004,4m,3.5,3.5,1.1,152.0,662.0,0.002,2m,2.0,3.5,1.3,932.0,1018.0,0.006,3m,3.0,3.0,1.1,684.0,38.0,0.004,4m,3.5,2.5,1.8,284.0,438,0.007,1m,2.5,4.0,2.0,746,0.15000000000000002,10,COMPLETE
38,38,-1.064680829323777,2025-06-15 00:36:31.597684,2025-06-15 00:36:36.285174,0 days 00:00:04.687490,892.0,0.001,2m,2.5,1.0,0.9,138.0,26.0,0.006,2m,3.5,2.0,0.9,492.0,42.0,0.01,2m,2.5,3.5,2.0,22.0,74.0,0.007,4m,4.0,2.5,0.7,896.0,296.0,0.002,1m,1.0,2.5,1.6,764.0,560.0,0.004,4m,3.5,3.5,1.2000000000000002,150.0,686.0,0.001,2m,2.0,3.0,1.4,948.0,996.0,0.006,3m,3.0,3.0,1.1,734.0,40.0,0.004,4m,3.5,2.5,1.8,272.0,438,0.008,1m,2.5,4.0,2.0,900,0.15000000000000002,10,COMPLETE
39,39,-0.7371908162298055,2025-06-15 00:36:36.380704,2025-06-15 00:36:40.574222,0 days 00:00:04.193518,770.0,0.003,2m,1.5,1.5,1.2000000000000002,906.0,128.0,0.008,2m,3.5,2.5,1.1,332.0,,,,,,,,280.0,0.005,4m,4.0,2.5,0.7,798.0,460.0,0.005,1m,1.5,3.0,1.7000000000000002,886.0,446.0,0.004,4m,4.0,3.5,1.5,30.0,920.0,0.01,2m,2.0,3.5,1.2000000000000002,866.0,792.0,0.004,3m,3.0,3.0,1.4,688.0,1010.0,0.003,4m,4.0,3.0,2.0,284.0,320,0.008,1m,3.0,3.5,1.9000000000000001,778,0.1,9,COMPLETE
40,40,0.9330320365082854,2025-06-15 00:36:40.669286,2025-06-15 00:36:45.768608,0 days 00:00:05.099322,804.0,0.002,2m,1.5,1.5,0.7,634.0,138.0,0.005,2m,3.5,2.0,1.3,96.0,38.0,0.01,2m,2.5,2.5,1.4,554.0,110.0,0.007,4m,4.0,3.0,0.6,1016.0,366.0,0.003,1m,1.0,3.5,1.6,492.0,874.0,0.005,4m,3.5,3.5,1.2000000000000002,176.0,610.0,0.002,2m,2.5,4.0,1.3,1022.0,1024.0,0.008,3m,3.0,3.0,0.9,644.0,20.0,0.002,4m,3.5,2.5,1.7000000000000002,122.0,254,0.006,1m,3.5,3.5,1.8,636,0.1,10,COMPLETE
41,41,-2.1087007956774135,2025-06-15 00:36:45.874119,2025-06-15 00:36:50.378238,0 days 00:00:04.504119,1018.0,0.005,2m,1.5,2.0,1.8,926.0,532.0,0.006,2m,4.0,2.5,0.7,342.0,,,,,,,,152.0,0.009000000000000001,4m,4.0,2.0,0.9,858.0,598.0,0.004,1m,1.5,2.5,1.4,626.0,476.0,0.002,4m,3.0,3.0,1.0,214.0,198.0,0.01,1m,2.5,3.5,1.1,874.0,734.0,0.003,3m,2.0,2.0,0.8,826.0,116.0,0.004,4m,3.5,2.5,1.9000000000000001,524.0,426,0.007,1m,2.5,4.0,1.9000000000000001,732,0.3,9,COMPLETE
42,42,-5.2985770269770995,2025-06-15 00:36:50.463749,2025-06-15 00:36:55.344925,0 days 00:00:04.881176,622.0,0.006,2m,1.5,2.0,0.8,930.0,656.0,0.005,2m,3.0,1.5,0.9,558.0,412.0,0.005,3m,3.5,3.0,1.4,468.0,240.0,0.007,4m,3.5,1.5,1.0,190.0,516.0,0.004,4m,2.0,4.0,1.4,684.0,728.0,0.005,4m,3.5,3.0,1.0,146.0,426.0,0.009000000000000001,2m,2.5,3.5,1.0,928.0,854.0,0.008,2m,3.5,3.5,1.6,528.0,200.0,0.003,2m,2.5,3.0,1.7000000000000002,624.0,416,0.007,1m,2.5,4.0,1.5,656,0.2,10,COMPLETE
43,43,-2.2976900771967963,2025-06-15 00:36:55.438449,2025-06-15 00:37:00.087987,0 days 00:00:04.649538,768.0,0.01,2m,2.5,3.0,1.3,990.0,194.0,0.007,2m,4.0,2.0,0.8,22.0,,,,,,,,122.0,0.006,4m,4.0,2.0,0.6,710.0,230.0,0.004,3m,2.5,2.0,1.2000000000000002,792.0,352.0,0.007,4m,3.0,2.5,1.1,424.0,830.0,0.008,4m,2.0,3.5,1.5,806.0,524.0,0.007,3m,2.0,2.5,1.2000000000000002,268.0,68.0,0.002,3m,3.5,2.0,1.9000000000000001,160.0,512,0.008,3m,3.0,3.5,2.0,796,0.25,9,COMPLETE
44,44,-3.197348586239094,2025-06-15 00:37:00.170028,2025-06-15 00:37:04.294003,0 days 00:00:04.123975,900.0,0.004,2m,2.0,1.5,1.1,862.0,304.0,0.003,1m,3.5,1.0,2.0,488.0,,,,,,,,408.0,0.009000000000000001,2m,3.5,2.5,0.6,394.0,172.0,0.003,3m,3.5,2.5,1.5,698.0,538.0,0.003,1m,4.0,3.5,1.4,254.0,546.0,0.003,2m,2.0,3.0,1.8,406.0,,,,,,,,84.0,0.005,4m,3.0,2.5,1.6,564.0,236,0.009000000000000001,4m,2.5,3.5,1.7000000000000002,456,0.35000000000000003,8,COMPLETE
45,45,-1.5719255658890776,2025-06-15 00:37:04.388520,2025-06-15 00:37:05.732824,0 days 00:00:01.344304,,,,,,,,,,,,,,,,,,,,,,,,,,,,,,,,,,,,,,,,,,,,,,,,,,,,,,,,,152.0,0.004,1m,2.5,3.0,1.6,378.0,352,0.007,2m,2.5,4.0,0.9,106,0.3,2,COMPLETE
46,46,-4.451218716105705,2025-06-15 00:37:05.815335,2025-06-15 00:37:09.669285,0 days 00:00:03.853950,,,,,,,,76.0,0.008,2m,3.0,2.5,0.7,606.0,,,,,,,,164.0,0.004,4m,2.0,1.0,0.8,318.0,810.0,0.006,2m,3.0,3.0,1.7000000000000002,584.0,372.0,0.009000000000000001,2m,3.5,4.0,0.8,94.0,100.0,0.007,1m,2.5,4.0,1.1,982.0,,,,,,,,726.0,0.007,2m,1.5,1.5,1.8,734.0,118,0.006,1m,3.0,2.5,1.2000000000000002,716,0.15000000000000002,7,COMPLETE
