,number,value,datetime_start,datetime_complete,duration,params_AAPL_OKTA_beta_win,params_AAPL_OKTA_stop_loss,params_AAPL_OKTA_trade_freq,params_AAPL_OKTA_z_entry,params_AAPL_OKTA_z_exit,params_AAPL_OKTA_z_stop_scaler,params_AAPL_OKTA_z_win,params_ADBE_OKTA_beta_win,params_ADBE_OKTA_stop_loss,params_ADBE_OKTA_trade_freq,params_ADBE_OKTA_z_entry,params_ADBE_OKTA_z_exit,params_ADBE_OKTA_z_stop_scaler,params_ADBE_OKTA_z_win,params_ANSS_PEP_beta_win,params_ANSS_PEP_stop_loss,params_ANSS_PEP_trade_freq,params_ANSS_PEP_z_entry,params_ANSS_PEP_z_exit,params_ANSS_PEP_z_stop_scaler,params_ANSS_PEP_z_win,params_COST_INTC_beta_win,params_COST_INTC_stop_loss,params_COST_INTC_trade_freq,params_COST_INTC_z_entry,params_COST_INTC_z_exit,params_COST_INTC_z_stop_scaler,params_COST_INTC_z_win,params_CPRT_OKTA_beta_win,params_CPRT_OKTA_stop_loss,params_CPRT_OKTA_trade_freq,params_CPRT_OKTA_z_entry,params_CPRT_OKTA_z_exit,params_CPRT_OKTA_z_stop_scaler,params_CPRT_OKTA_z_win,params_CTAS_INTC_beta_win,params_CTAS_INTC_stop_loss,params_CTAS_INTC_trade_freq,params_CTAS_INTC_z_entry,params_CTAS_INTC_z_exit,params_CTAS_INTC_z_stop_scaler,params_CTAS_INTC_z_win,params_CTAS_SPLK_beta_win,params_CTAS_SPLK_stop_loss,params_CTAS_SPLK_trade_freq,params_CTAS_SPLK_z_entry,params_CTAS_SPLK_z_exit,params_CTAS_SPLK_z_stop_scaler,params_CTAS_SPLK_z_win,params_FOX_SWKS_beta_win,params_FOX_SWKS_stop_loss,params_FOX_SWKS_trade_freq,params_FOX_SWKS_z_entry,params_FOX_SWKS_z_exit,params_FOX_SWKS_z_stop_scaler,params_FOX_SWKS_z_win,params_ISRG_KHC_beta_win,params_ISRG_KHC_stop_loss,params_ISRG_KHC_trade_freq,params_ISRG_KHC_z_entry,params_ISRG_KHC_z_exit,params_ISRG_KHC_z_stop_scaler,params_ISRG_KHC_z_win,params_ROST_TXN_beta_win,params_ROST_TXN_stop_loss,params_ROST_TXN_trade_freq,params_ROST_TXN_z_entry,params_ROST_TXN_z_exit,params_ROST_TXN_z_stop_scaler,params_ROST_TXN_z_win,params_buffer_capital,params_pairs_to_trade,state
112,112,1.1632271158956409,2025-06-15 00:36:01.766471,2025-06-15 00:36:06.376174,0 days 00:00:04.609703,734.0,0.007,1m,4.0,1.0,1.3,542.0,20.0,0.007,4m,1.0,1.0,0.7,472.0,314.0,0.007,2m,2.0,2.0,0.8,498.0,670,0.01,3m,2.0,1.5,1.7000000000000002,632,1008.0,0.004,3m,4.0,3.0,2.0,646.0,414.0,0.007,2m,1.5,1.5,1.4,290.0,898.0,0.01,4m,4.0,2.0,0.7,158.0,710.0,0.006,4m,1.0,1.0,0.6,50.0,,,,,,,,722.0,0.007,3m,2.5,4.0,0.8,654.0,0.5,9,COMPLETE
113,113,8.628631654786519,2025-06-15 00:36:06.461693,2025-06-15 00:36:10.496646,0 days 00:00:04.034953,592.0,0.009000000000000001,1m,3.5,1.5,1.4,762.0,84.0,0.006,4m,1.0,1.5,0.6,522.0,,,,,,,,578,0.009000000000000001,3m,2.0,1.5,1.6,612,856.0,0.001,3m,3.5,3.5,1.8,556.0,572.0,0.006,2m,2.0,2.0,1.0,442.0,786.0,0.009000000000000001,4m,4.0,1.5,0.8,16.0,746.0,0.005,4m,1.5,2.0,1.3,86.0,,,,,,,,698.0,0.006,3m,2.5,3.5,0.7,594.0,0.5,8,COMPLETE
114,114,4.492040539571143,2025-06-15 00:36:10.576692,2025-06-15 00:36:14.279985,0 days 00:00:03.703293,,,,,,,,80.0,0.008,4m,1.0,1.5,0.6,288.0,,,,,,,,640,0.009000000000000001,3m,2.0,1.5,1.6,568,852.0,0.001,3m,3.5,2.5,1.8,526.0,564.0,0.006,2m,2.0,2.0,0.9,442.0,310.0,0.009000000000000001,4m,4.0,1.5,0.8,16.0,726.0,0.005,4m,1.5,2.0,1.3,40.0,,,,,,,,640.0,0.007,3m,2.5,4.0,0.7,594.0,0.45,7,COMPLETE
115,115,4.953817335774982,2025-06-15 00:36:14.342506,2025-06-15 00:36:20.148713,0 days 00:00:05.806207,626.0,0.009000000000000001,1m,3.0,1.5,1.1,800.0,136.0,0.009000000000000001,4m,1.0,2.0,0.5,368.0,484.0,0.004,1m,2.5,2.5,0.5,798.0,572,0.009000000000000001,3m,2.0,1.5,1.6,604,904.0,0.001,3m,4.0,3.0,1.7000000000000002,464.0,292.0,0.005,2m,1.5,2.0,0.9,226.0,804.0,0.009000000000000001,4m,4.0,1.0,0.8,60.0,662.0,0.005,4m,1.5,1.5,0.5,72.0,,,,,,,,696.0,0.006,3m,2.5,3.5,0.7,550.0,0.5,9,COMPLETE
116,116,5.129213118363859,2025-06-15 00:36:20.242226,2025-06-15 00:36:25.461129,0 days 00:00:05.218903,,,,,,,,,,,,,,,,,,,,,,700,0.01,3m,2.0,1.5,1.5,588,954.0,0.002,3m,3.5,3.5,1.6,684.0,870.0,0.006,2m,2.0,1.0,1.0,360.0,70.0,0.01,4m,4.0,1.5,0.5,92.0,626.0,0.005,4m,1.0,2.0,1.4,80.0,,,,,,,,614.0,0.006,3m,2.5,4.0,0.8,618.0,0.5,6,COMPLETE
117,117,0.7387993853730261,2025-06-15 00:36:25.572653,2025-06-15 00:36:31.282623,0 days 00:00:05.709970,506.0,0.006,1m,3.5,1.0,1.6,652.0,64.0,0.006,4m,1.0,1.5,0.5,422.0,186.0,0.002,3m,1.5,1.5,1.0,178.0,594,0.009000000000000001,3m,2.0,1.0,1.7000000000000002,614,810.0,0.001,3m,4.0,3.0,1.8,534.0,502.0,0.002,2m,2.5,1.5,0.7,100.0,858.0,0.009000000000000001,4m,4.0,1.5,0.7,44.0,698.0,0.006,4m,1.5,1.5,1.4,124.0,,,,,,,,896.0,0.008,3m,3.0,3.5,0.9,668.0,0.45,9,COMPLETE
118,118,4.805494138777431,2025-06-15 00:36:31.354135,2025-06-15 00:36:35.142464,0 days 00:00:03.788329,400.0,0.007,1m,2.5,1.0,1.1,870.0,714.0,0.005,4m,1.5,1.0,0.7,508.0,,,,,,,,662,0.01,3m,2.5,1.5,1.5,654,666.0,0.002,3m,4.0,3.5,1.7000000000000002,772.0,362.0,0.004,2m,2.0,1.5,1.0,402.0,934.0,0.008,4m,4.0,1.5,0.6,116.0,750.0,0.005,4m,1.0,2.0,1.6,476.0,,,,,,,,684.0,0.007,3m,2.5,3.5,0.7,728.0,0.5,8,COMPLETE
119,119,5.53657441602815,2025-06-15 00:36:35.206463,2025-06-15 00:36:37.133373,0 days 00:00:01.926910,,,,,,,,,,,,,,,,,,,,,,750,0.005,3m,2.0,2.0,1.8,548,,,,,,,,,,,,,,,760.0,0.01,4m,3.5,1.0,0.6,140.0,582.0,0.006,4m,1.5,2.5,1.3,382.0,,,,,,,,940.0,0.006,3m,2.5,4.0,1.0,502.0,0.5,4,COMPLETE
120,120,-0.47443012092360287,2025-06-15 00:36:37.187884,2025-06-15 00:36:38.598330,0 days 00:00:01.410446,,,,,,,,,,,,,,,,,,,,,,720,0.009000000000000001,3m,2.0,2.0,0.6,128,,,,,,,,,,,,,,,,,,,,,,554.0,0.005,4m,1.5,1.5,1.2000000000000002,148.0,,,,,,,,550.0,0.005,3m,3.0,3.5,0.9,590.0,0.45,3,COMPLETE
121,121,5.563695527754877,2025-06-15 00:36:38.675844,2025-06-15 00:36:42.294588,0 days 00:00:03.618744,592.0,0.01,1m,3.5,1.5,1.4,480.0,184.0,0.006,4m,1.5,2.0,0.8,628.0,,,,,,,,630,0.008,3m,1.5,1.5,1.7000000000000002,520,778.0,0.003,3m,3.5,2.0,1.9000000000000001,620.0,690.0,0.009000000000000001,2m,2.5,2.5,1.2000000000000002,510.0,682.0,0.008,2m,3.5,2.0,0.8,232.0,784.0,0.004,4m,1.5,2.5,1.9000000000000001,110.0,,,,,,,,790.0,0.008,3m,2.0,3.5,0.6,630.0,0.5,8,COMPLETE
122,122,2.5679469713849317,2025-06-15 00:36:42.372130,2025-06-15 00:36:46.632778,0 days 00:00:04.260648,864.0,0.009000000000000001,1m,4.0,2.0,1.4,742.0,262.0,0.004,1m,1.0,2.5,0.9,540.0,,,,,,,,558,0.009000000000000001,3m,1.5,2.5,1.8,478,862.0,0.004,3m,3.5,4.0,2.0,486.0,592.0,0.01,3m,1.0,2.0,1.3,594.0,788.0,0.008,2m,4.0,2.0,1.0,258.0,820.0,0.005,4m,2.0,1.0,0.7,616.0,,,,,,,,708.0,0.006,3m,2.0,3.5,0.6,564.0,0.2,8,COMPLETE
123,123,-3.975751436104572,2025-06-15 00:36:46.686292,2025-06-15 00:36:50.742292,0 days 00:00:04.056000,752.0,0.008,1m,3.0,1.5,1.5,426.0,168.0,0.007,4m,2.0,1.5,0.6,446.0,,,,,,,,580,0.009000000000000001,4m,1.5,1.0,1.6,584,606.0,0.001,1m,4.0,3.5,1.8,566.0,460.0,0.005,1m,1.5,1.5,1.1,454.0,726.0,0.009000000000000001,3m,3.5,2.5,0.9,222.0,604.0,0.004,4m,1.0,3.0,2.0,786.0,,,,,,,,766.0,0.008,3m,2.5,3.5,0.7,522.0,0.4,8,COMPLETE
124,124,-3.3330960518977486,2025-06-15 00:36:50.795804,2025-06-15 00:36:54.206217,0 days 00:00:03.410413,,,,,,,,76.0,0.005,3m,1.5,1.5,0.8,612.0,,,,,,,,498,0.01,1m,2.5,2.5,1.8,508,916.0,0.003,4m,2.5,4.0,1.5,422.0,542.0,0.003,3m,2.5,2.0,1.5,514.0,838.0,0.01,1m,4.0,1.5,0.8,190.0,634.0,0.007,1m,1.5,2.5,0.5,664.0,,,,,,,,486.0,0.007,3m,2.5,3.5,0.5,644.0,0.25,7,COMPLETE
125,125,6.115285456460751,2025-06-15 00:36:54.282732,2025-06-15 00:36:58.808231,0 days 00:00:04.525499,704.0,0.01,1m,3.5,1.0,1.3,602.0,644.0,0.006,4m,2.0,3.5,0.7,682.0,866.0,0.006,3m,3.5,3.5,1.7000000000000002,660.0,618,0.007,3m,2.0,2.0,1.7000000000000002,546,734.0,0.008,3m,4.0,3.5,1.9000000000000001,1022.0,624.0,0.007,2m,2.0,2.5,1.4,328.0,754.0,0.009000000000000001,2m,3.0,4.0,0.7,168.0,724.0,0.009000000000000001,4m,1.0,2.0,1.5,340.0,,,,,,,,668.0,0.007,3m,1.5,3.0,0.6,686.0,0.5,9,COMPLETE
126,126,2.694536733141026,2025-06-15 00:36:58.881742,2025-06-15 00:37:03.433507,0 days 00:00:04.551765,694.0,0.009000000000000001,1m,3.5,1.0,1.2000000000000002,616.0,860.0,0.008,4m,1.0,3.5,0.7,32.0,802.0,0.006,3m,3.5,3.5,1.7000000000000002,596.0,620,0.007,3m,2.0,2.0,1.6,636,452.0,0.009000000000000001,3m,4.0,3.0,1.9000000000000001,978.0,622.0,0.007,2m,2.0,2.5,1.2000000000000002,328.0,800.0,0.009000000000000001,3m,3.0,4.0,0.7,166.0,518.0,0.009000000000000001,4m,1.0,2.0,1.6,338.0,,,,,,,,414.0,0.007,3m,2.0,3.0,0.8,908.0,0.5,9,COMPLETE
127,127,1.8861190330334079,2025-06-15 00:37:03.487024,2025-06-15 00:37:08.841592,0 days 00:00:05.354568,1022.0,0.01,1m,3.0,1.0,1.3,542.0,656.0,0.006,4m,1.5,2.0,0.5,710.0,878.0,0.006,3m,3.5,3.5,1.8,742.0,610,0.008,3m,2.0,1.5,1.7000000000000002,712,716.0,0.008,3m,4.0,3.5,1.6,1024.0,444.0,0.007,2m,2.0,2.5,0.5,186.0,874.0,0.01,4m,3.0,4.0,1.6,98.0,696.0,0.009000000000000001,4m,1.0,2.0,1.5,374.0,54.0,0.005,1m,2.5,3.0,1.3,522.0,666.0,0.007,3m,1.5,3.0,0.6,692.0,0.5,10,COMPLETE
128,128,1.860452429953825,2025-06-15 00:37:08.918100,2025-06-15 00:37:13.736651,0 days 00:00:04.818551,570.0,0.008,1m,3.5,1.5,0.6,1024.0,622.0,0.007,4m,3.0,4.0,1.8,812.0,506.0,0.008,3m,3.0,3.0,1.4,478.0,710,0.006,3m,2.0,2.0,0.5,544,828.0,0.008,3m,3.5,3.0,1.7000000000000002,872.0,736.0,0.006,2m,1.5,1.0,1.3,270.0,764.0,0.009000000000000001,2m,3.5,4.0,0.6,36.0,748.0,0.009000000000000001,4m,1.0,1.5,1.3,416.0,,,,,,,,586.0,0.006,3m,2.5,4.0,1.1,784.0,0.45,9,COMPLETE
129,129,6.167431877972261,2025-06-15 00:37:13.821175,2025-06-15 00:37:15.056998,0 days 00:00:01.235823,,,,,,,,,,,,,,,,,,,,,,678,0.007,3m,2.0,2.5,1.7000000000000002,256,,,,,,,,,,,,,,,,,,,,,,,,,,,,,,,,,,,,634.0,0.007,3m,2.5,3.5,0.7,672.0,0.5,2,COMPLETE
130,130,6.1209778885158705,2025-06-15 00:37:15.123516,2025-06-15 00:37:16.165941,0 days 00:00:01.042425,,,,,,,,,,,,,,,,,,,,,,652,0.007,3m,2.0,2.5,1.7000000000000002,594,,,,,,,,,,,,,,,,,,,,,,,,,,,,,,,,,,,,626.0,0.007,3m,2.5,3.5,0.7,666.0,0.5,2,COMPLETE
131,131,4.380864849758094,2025-06-15 00:37:16.231940,2025-06-15 00:37:17.416144,0 days 00:00:01.184204,,,,,,,,,,,,,,,,,,,,,,644,0.007,3m,2.0,2.5,1.7000000000000002,682,,,,,,,,,,,,,,,,,,,,,,,,,,,,,,,,,,,,518.0,0.007,3m,2.5,3.5,0.7,670.0,0.5,2,COMPLETE
132,132,4.826885847851435,2025-06-15 00:37:17.473655,2025-06-15 00:37:18.642727,0 days 00:00:01.169072,,,,,,,,,,,,,,,,,,,,,,672,0.007,3m,2.0,2.5,1.7000000000000002,268,,,,,,,,,,,,,,,,,,,,,,,,,,,,,,,,,,,,624.0,0.007,3m,2.5,3.5,0.7,616.0,0.5,2,COMPLETE
133,133,0.12224694340565712,2025-06-15 00:37:18.713232,2025-06-15 00:37:19.385380,0 days 00:00:00.672148,,,,,,,,,,,,,,,,,,,,,,684,0.007,3m,2.0,2.5,1.6,318,,,,,,,,,,,,,,,,,,,,,,,,,,,,,,,,,,,,,,,,,,,0.5,1,COMPLETE
134,134,6.5692085463479515,2025-06-15 00:37:19.450377,2025-06-15 00:37:20.503901,0 days 00:00:01.053524,,,,,,,,,,,,,,,,,,,,,,658,0.008,3m,2.5,2.5,1.8,588,,,,,,,,,,,,,,,,,,,,,,,,,,,,,,,,,,,,606.0,0.007,3m,2.5,3.5,0.6,734.0,0.5,2,COMPLETE
135,135,5.294410304501296,2025-06-15 00:37:20.557412,2025-06-15 00:37:21.761218,0 days 00:00:01.203806,,,,,,,,,,,,,,,,,,,,,,656,0.008,3m,2.5,2.5,1.8,596,,,,,,,,,,,,,,,,,,,,,,,,,,,,,,,,,,,,572.0,0.008,3m,2.5,3.5,0.6,728.0,0.5,2,COMPLETE
136,136,6.684254348263611,2025-06-15 00:37:21.816216,2025-06-15 00:37:23.021048,0 days 00:00:01.204832,,,,,,,,,,,,,,,,,,,,,,704,0.008,3m,2.5,2.5,1.8,624,,,,,,,,,,,,,,,,,,,,,,,,,,,,,,,,,,,,604.0,0.006,3m,2.5,3.5,0.7,828.0,0.45,2,COMPLETE
137,137,6.75528928232205,2025-06-15 00:37:23.100081,2025-06-15 00:37:24.218561,0 days 00:00:01.118480,,,,,,,,,,,,,,,,,,,,,,698,0.008,3m,2.5,2.5,1.8,750,,,,,,,,,,,,,,,,,,,,,,,,,,,,,,,,,,,,644.0,0.006,3m,2.5,3.5,0.7,808.0,0.45,2,COMPLETE
138,138,3.465990075347639,2025-06-15 00:37:24.274072,2025-06-15 00:37:24.957203,0 days 00:00:00.683131,,,,,,,,,,,,,,,,,,,,,,738,0.008,3m,2.5,2.5,1.8,754,,,,,,,,,,,,,,,,,,,,,,,,,,,,,,,,,,,,,,,,,,,0.45,1,COMPLETE
139,139,8.644961430457652,2025-06-15 00:37:25.026208,2025-06-15 00:37:26.220567,0 days 00:00:01.194359,,,,,,,,,,,,,,,,,,,,,,764,0.008,3m,2.5,2.5,1.8,842,,,,,,,,,,,,,,,,,,,,,,,,,,,,,,,,,,,,644.0,0.006,3m,2.5,3.5,0.7,830.0,0.45,2,COMPLETE
140,140,7.081049540230197,2025-06-15 00:37:26.295079,2025-06-15 00:37:27.323313,0 days 00:00:01.028234,,,,,,,,,,,,,,,,,,,,,,698,0.008,3m,2.5,2.5,1.2000000000000002,824,,,,,,,,,,,,,,,,,,,,,,,,,,,,,,,,,,,,556.0,0.006,3m,2.5,3.5,0.8,848.0,0.45,2,COMPLETE
141,141,8.190654422094408,2025-06-15 00:37:27.379818,2025-06-15 00:37:28.645307,0 days 00:00:01.265489,,,,,,,,,,,,,,,,,,,,,,762,0.008,3m,2.5,2.5,1.0,860,,,,,,,,,,,,,,,,,,,,,,,,,,,,,,,,,,,,536.0,0.006,3m,2.5,3.5,0.8,830.0,0.45,2,COMPLETE
142,142,8.857305413441658,2025-06-15 00:37:28.704815,2025-06-15 00:37:29.889590,0 days 00:00:01.184775,,,,,,,,,,,,,,,,,,,,,,754,0.008,3m,2.5,2.5,1.2000000000000002,830,,,,,,,,,,,,,,,,,,,,,,,,,,,,,,,,,,,,600.0,0.006,3m,2.5,3.5,0.8,828.0,0.45,2,COMPLETE
143,143,7.484695813521027,2025-06-15 00:37:29.956591,2025-06-15 00:37:31.094808,0 days 00:00:01.138217,,,,,,,,,,,,,,,,,,,,,,802,0.008,3m,2.5,2.5,1.2000000000000002,838,,,,,,,,,,,,,,,,,,,,,,,,,,,,,,,,,,,,546.0,0.006,3m,2.5,3.5,0.8,832.0,0.45,2,COMPLETE
144,144,7.377891848513156,2025-06-15 00:37:31.159847,2025-06-15 00:37:32.276568,0 days 00:00:01.116721,,,,,,,,,,,,,,,,,,,,,,812,0.008,3m,2.5,2.5,1.2000000000000002,824,,,,,,,,,,,,,,,,,,,,,,,,,,,,,,,,,,,,546.0,0.006,3m,2.5,3.5,0.8,830.0,0.45,2,COMPLETE
145,145,8.1381479455823,2025-06-15 00:37:32.349557,2025-06-15 00:37:33.583175,0 days 00:00:01.233618,,,,,,,,,,,,,,,,,,,,,,802,0.008,3m,2.5,2.5,1.2000000000000002,830,,,,,,,,,,,,,,,,,,,,,,,,,,,,,,,,,,,,528.0,0.006,3m,2.5,3.5,0.8,830.0,0.45,2,COMPLETE
146,146,8.328575242999174,2025-06-15 00:37:33.638686,2025-06-15 00:37:34.851893,0 days 00:00:01.213207,,,,,,,,,,,,,,,,,,,,,,764,0.008,3m,2.5,2.5,1.2000000000000002,828,,,,,,,,,,,,,,,,,,,,,,,,,,,,,,,,,,,,538.0,0.006,3m,2.5,3.5,0.8,888.0,0.45,2,COMPLETE
147,147,3.7972560596880762,2025-06-15 00:37:34.932407,2025-06-15 00:37:36.087630,0 days 00:00:01.155223,,,,,,,,,,,,,,,,,,,,,,818,0.008,3m,2.5,2.5,1.2000000000000002,824,,,,,,,,,,,,,,,,,,,,,,,,,,,,,,,,,,,,546.0,0.006,3m,3.0,3.5,0.8,862.0,0.45,2,COMPLETE
148,148,8.339868709883554,2025-06-15 00:37:36.145144,2025-06-15 00:37:37.229875,0 days 00:00:01.084731,,,,,,,,,,,,,,,,,,,,,,804,0.008,3m,2.5,2.5,1.2000000000000002,874,,,,,,,,,,,,,,,,,,,,,,,,,,,,,,,,,,,,504.0,0.005,3m,2.5,3.5,0.8,886.0,0.45,2,COMPLETE
149,149,2.891502160058053,2025-06-15 00:37:37.295384,2025-06-15 00:37:38.017490,0 days 00:00:00.722106,,,,,,,,,,,,,,,,,,,,,,846,0.008,3m,2.5,2.5,1.2000000000000002,872,,,,,,,,,,,,,,,,,,,,,,,,,,,,,,,,,,,,,,,,,,,0.4,1,COMPLETE
