,number,value,datetime_start,datetime_complete,duration,params_AAPL_KDP_beta_win,params_AAPL_KDP_stop_loss,params_AAPL_KDP_trade_freq,params_AAPL_KDP_z_entry,params_AAPL_KDP_z_exit,params_AAPL_KDP_z_stop_scaler,params_AAPL_KDP_z_win,params_ADSK_PCAR_beta_win,params_ADSK_PCAR_stop_loss,params_ADSK_PCAR_trade_freq,params_ADSK_PCAR_z_entry,params_ADSK_PCAR_z_exit,params_ADSK_PCAR_z_stop_scaler,params_ADSK_PCAR_z_win,params_ANSS_KDP_beta_win,params_ANSS_KDP_stop_loss,params_ANSS_KDP_trade_freq,params_ANSS_KDP_z_entry,params_ANSS_KDP_z_exit,params_ANSS_KDP_z_stop_scaler,params_ANSS_KDP_z_win,params_CSCO_WDAY_beta_win,params_CSCO_WDAY_stop_loss,params_CSCO_WDAY_trade_freq,params_CSCO_WDAY_z_entry,params_CSCO_WDAY_z_exit,params_CSCO_WDAY_z_stop_scaler,params_CSCO_WDAY_z_win,params_EA_NTES_beta_win,params_EA_NTES_stop_loss,params_EA_NTES_trade_freq,params_EA_NTES_z_entry,params_EA_NTES_z_exit,params_EA_NTES_z_stop_scaler,params_EA_NTES_z_win,params_EBAY_KDP_beta_win,params_EBAY_KDP_stop_loss,params_EBAY_KDP_trade_freq,params_EBAY_KDP_z_entry,params_EBAY_KDP_z_exit,params_EBAY_KDP_z_stop_scaler,params_EBAY_KDP_z_win,params_IDXX_ISRG_beta_win,params_IDXX_ISRG_stop_loss,params_IDXX_ISRG_trade_freq,params_IDXX_ISRG_z_entry,params_IDXX_ISRG_z_exit,params_IDXX_ISRG_z_stop_scaler,params_IDXX_ISRG_z_win,params_OKTA_KDP_beta_win,params_OKTA_KDP_stop_loss,params_OKTA_KDP_trade_freq,params_OKTA_KDP_z_entry,params_OKTA_KDP_z_exit,params_OKTA_KDP_z_stop_scaler,params_OKTA_KDP_z_win,params_SWKS_ANSS_beta_win,params_SWKS_ANSS_stop_loss,params_SWKS_ANSS_trade_freq,params_SWKS_ANSS_z_entry,params_SWKS_ANSS_z_exit,params_SWKS_ANSS_z_stop_scaler,params_SWKS_ANSS_z_win,params_ZS_KDP_beta_win,params_ZS_KDP_stop_loss,params_ZS_KDP_trade_freq,params_ZS_KDP_z_entry,params_ZS_KDP_z_exit,params_ZS_KDP_z_stop_scaler,params_ZS_KDP_z_win,params_buffer_capital,params_pairs_to_trade,state
0,0,6.921457099889043,2025-06-15 00:54:55.569411,2025-06-15 00:54:57.096719,0 days 00:00:01.527308,876.0,0.003,3m,1.0,3.0,1.3,394.0,1000.0,0.002,1m,2.5,2.0,0.6,468.0,,,,,,,,,,,,,,,342,0.009000000000000001,3m,3.5,2.0,1.3,502,,,,,,,,,,,,,,,,,,,,,,,,,,,,,,,,,,,,0.5,3,COMPLETE
1,1,4.654014389027888,2025-06-15 00:54:57.155724,2025-06-15 00:54:58.354231,0 days 00:00:01.198507,210.0,0.009000000000000001,1m,3.0,3.0,1.9000000000000001,948.0,984.0,0.006,3m,2.5,3.0,1.0,592.0,,,,,,,,,,,,,,,324,0.009000000000000001,2m,4.0,1.5,1.9000000000000001,320,,,,,,,,,,,,,,,,,,,,,,,,,,,,,,,,,,,,0.3,3,COMPLETE
2,2,-3.5702914458076873,2025-06-15 00:54:58.440327,2025-06-15 00:55:02.396146,0 days 00:00:03.955819,978.0,0.007,3m,1.5,4.0,0.7,698.0,572.0,0.008,4m,1.5,3.5,2.0,386.0,110.0,0.003,4m,1.0,4.0,1.6,146.0,76.0,0.001,3m,2.5,2.5,0.6,388.0,270,0.008,4m,1.0,1.5,0.5,50,670.0,0.006,4m,2.0,2.5,0.8,548.0,652.0,0.001,4m,3.0,1.5,0.5,828.0,,,,,,,,920.0,0.003,3m,2.5,1.0,1.3,360.0,34.0,0.005,2m,3.0,3.5,0.8,230.0,0.2,9,COMPLETE
3,3,3.828370582617165,2025-06-15 00:55:02.472670,2025-06-15 00:55:04.757570,0 days 00:00:02.284900,844.0,0.01,4m,3.5,4.0,1.9000000000000001,582.0,352.0,0.007,2m,1.0,3.5,1.3,856.0,434.0,0.006,3m,2.5,3.5,0.7,974.0,,,,,,,,544,0.009000000000000001,1m,1.5,3.5,1.3,326,,,,,,,,,,,,,,,,,,,,,,,,,,,,,960.0,0.01,4m,2.5,1.5,1.3,260.0,0.05,5,COMPLETE
4,4,8.62334729307611,2025-06-15 00:55:04.828080,2025-06-15 00:55:07.106550,0 days 00:00:02.278470,56.0,0.007,4m,3.5,3.0,1.7000000000000002,226.0,754.0,0.009000000000000001,1m,2.5,3.0,1.1,992.0,886.0,0.003,3m,3.5,2.5,1.1,452.0,,,,,,,,974,0.009000000000000001,4m,1.5,2.0,1.9000000000000001,702,,,,,,,,,,,,,,,,,,,,,,,,,,,,,956.0,0.01,1m,1.5,1.5,1.9000000000000001,592.0,0.2,5,COMPLETE
5,5,2.1292833951313135,2025-06-15 00:55:07.183060,2025-06-15 00:55:10.650256,0 days 00:00:03.467196,218.0,0.004,2m,1.5,3.0,1.6,72.0,804.0,0.008,1m,2.5,3.5,0.6,550.0,32.0,0.006,1m,3.0,3.5,1.5,220.0,,,,,,,,430,0.001,4m,2.5,4.0,0.8,278,304.0,0.007,4m,1.5,1.0,1.8,648.0,370.0,0.007,1m,2.0,1.0,1.4,490.0,,,,,,,,974.0,0.008,4m,3.0,4.0,1.8,922.0,604.0,0.006,1m,4.0,2.0,1.9000000000000001,106.0,0.15000000000000002,8,COMPLETE
6,6,0.14663243455146152,2025-06-15 00:55:10.746277,2025-06-15 00:55:12.626186,0 days 00:00:01.879909,588.0,0.007,2m,2.5,2.5,0.8,598.0,56.0,0.009000000000000001,3m,2.5,1.5,1.1,276.0,,,,,,,,,,,,,,,264,0.008,1m,4.0,1.0,0.6,718,,,,,,,,,,,,,,,,,,,,,,,,,,,,,254.0,0.009000000000000001,2m,2.0,3.5,1.6,890.0,0.45,4,COMPLETE
7,7,0.031174297342351987,2025-06-15 00:55:12.683233,2025-06-15 00:55:14.148911,0 days 00:00:01.465678,832.0,0.01,3m,3.5,2.5,1.5,514.0,948.0,0.008,2m,4.0,3.0,1.6,760.0,,,,,,,,,,,,,,,952,0.004,3m,2.0,2.5,0.8,652,,,,,,,,,,,,,,,,,,,,,,,,,,,,,,,,,,,,0.1,3,COMPLETE
8,8,2.8120418917887253,2025-06-15 00:55:14.229929,2025-06-15 00:55:17.321037,0 days 00:00:03.091108,172.0,0.001,2m,2.5,4.0,1.8,892.0,150.0,0.002,2m,4.0,3.0,1.4,444.0,574.0,0.009000000000000001,4m,2.0,1.5,1.2000000000000002,294.0,,,,,,,,186,0.009000000000000001,3m,3.0,3.0,1.2000000000000002,68,370.0,0.006,3m,2.0,3.0,1.2000000000000002,674.0,,,,,,,,,,,,,,,338.0,0.005,2m,1.5,3.0,1.4,492.0,142.0,0.007,1m,3.0,3.0,1.7000000000000002,862.0,0.05,7,COMPLETE
9,9,0.2513602648682035,2025-06-15 00:55:17.393546,2025-06-15 00:55:21.810631,0 days 00:00:04.417085,698.0,0.01,4m,2.5,3.5,0.8,766.0,1010.0,0.007,3m,4.0,1.5,0.8,766.0,64.0,0.007,2m,3.0,1.0,1.9000000000000001,316.0,678.0,0.01,4m,4.0,4.0,2.0,420.0,90,0.004,2m,4.0,1.5,0.9,844,612.0,0.004,2m,1.0,1.5,1.6,82.0,552.0,0.003,1m,2.0,3.5,0.7,384.0,432.0,0.007,4m,4.0,1.5,0.9,224.0,410.0,0.006,4m,1.0,3.5,1.7000000000000002,748.0,1012.0,0.004,4m,4.0,1.5,0.5,248.0,0.45,10,COMPLETE
10,10,7.067659959252069,2025-06-15 00:55:21.892143,2025-06-15 00:55:22.557758,0 days 00:00:00.665615,,,,,,,,,,,,,,,,,,,,,,,,,,,,,988,0.006,4m,1.0,2.5,2.0,1012,,,,,,,,,,,,,,,,,,,,,,,,,,,,,,,,,,,,0.3,1,COMPLETE
11,11,6.234792906892869,2025-06-15 00:55:22.649271,2025-06-15 00:55:23.282884,0 days 00:00:00.633613,,,,,,,,,,,,,,,,,,,,,,,,,,,,,1020,0.006,4m,1.0,2.5,1.9000000000000001,984,,,,,,,,,,,,,,,,,,,,,,,,,,,,,,,,,,,,0.3,1,COMPLETE
12,12,5.824420159221363,2025-06-15 00:55:23.353888,2025-06-15 00:55:24.025013,0 days 00:00:00.671125,,,,,,,,,,,,,,,,,,,,,,,,,,,,,766,0.006,4m,1.5,3.0,1.7000000000000002,936,,,,,,,,,,,,,,,,,,,,,,,,,,,,,,,,,,,,0.25,1,COMPLETE
13,13,-6.843502525917907,2025-06-15 00:55:24.078528,2025-06-15 00:55:26.865237,0 days 00:00:02.786709,404.0,0.006,4m,4.0,1.0,1.1,160.0,670.0,0.01,1m,1.5,4.0,1.7000000000000002,76.0,998.0,0.001,3m,4.0,2.5,0.8,702.0,,,,,,,,800,0.004,4m,2.0,2.0,1.6,772,,,,,,,,,,,,,,,,,,,,,,48.0,0.01,1m,4.0,1.5,0.5,42.0,698.0,0.001,3m,1.0,2.5,2.0,612.0,0.35000000000000003,6,COMPLETE
14,14,3.5686942564040836,2025-06-15 00:55:26.956769,2025-06-15 00:55:27.608879,0 days 00:00:00.652110,,,,,,,,,,,,,,,,,,,,,,,,,,,,,802,0.007,4m,1.5,2.0,2.0,570,,,,,,,,,,,,,,,,,,,,,,,,,,,,,,,,,,,,0.2,1,COMPLETE
15,15,4.609108686775511,2025-06-15 00:55:27.696893,2025-06-15 00:55:30.010584,0 days 00:00:02.313691,16.0,0.004,1m,4.0,1.5,1.1,278.0,382.0,0.004,4m,3.5,1.0,0.9,1024.0,968.0,0.003,3m,4.0,2.5,1.1,586.0,,,,,,,,638,0.001,4m,1.0,3.0,1.6,1010,,,,,,,,,,,,,,,,,,,,,,,,,,,,,800.0,0.008,1m,1.0,1.0,1.2000000000000002,558.0,0.35000000000000003,5,COMPLETE
16,16,6.394037985676336,2025-06-15 00:55:30.094093,2025-06-15 00:55:33.527811,0 days 00:00:03.433718,420.0,0.008,4m,3.0,2.0,1.6,306.0,742.0,0.004,1m,3.0,2.5,2.0,996.0,718.0,0.003,2m,3.5,2.0,0.5,850.0,,,,,,,,892,0.01,4m,2.0,1.0,1.8,852,1002.0,0.001,1m,4.0,4.0,0.5,1024.0,,,,,,,,,,,,,,,722.0,0.001,3m,4.0,2.0,0.6,118.0,406.0,0.003,3m,1.5,1.0,1.3,686.0,0.2,7,COMPLETE
17,17,1.3593435651622776,2025-06-15 00:55:33.599328,2025-06-15 00:55:35.497158,0 days 00:00:01.897830,48.0,0.001,4m,2.0,2.0,0.5,34.0,430.0,0.005,1m,2.0,2.5,1.5,214.0,,,,,,,,,,,,,,,694,0.005,1m,2.5,2.5,1.5,504,,,,,,,,,,,,,,,,,,,,,,,,,,,,,452.0,0.01,1m,2.0,2.5,1.6,1024.0,0.35000000000000003,4,COMPLETE
18,18,-4.966604580456333,2025-06-15 00:55:35.555161,2025-06-15 00:55:36.562752,0 days 00:00:01.007591,350.0,0.005,1m,3.5,1.0,1.3,198.0,,,,,,,,,,,,,,,,,,,,,,1016,0.002,2m,1.5,3.5,2.0,850,,,,,,,,,,,,,,,,,,,,,,,,,,,,,,,,,,,,0.25,2,COMPLETE
19,19,8.059869196530704,2025-06-15 00:55:36.641264,2025-06-15 00:55:37.852993,0 days 00:00:01.211729,580.0,0.008,4m,3.0,3.5,2.0,384.0,,,,,,,,,,,,,,,,,,,,,,872,0.007,4m,1.0,2.0,1.1,626,,,,,,,,,,,,,,,,,,,,,,,,,,,,,,,,,,,,0.15000000000000002,2,COMPLETE
20,20,1.2446265575586581,2025-06-15 00:55:37.929508,2025-06-15 00:55:40.669979,0 days 00:00:02.740471,568.0,0.008,4m,3.0,3.5,2.0,418.0,572.0,0.01,4m,3.0,4.0,1.1,688.0,802.0,0.001,1m,1.5,3.0,1.0,480.0,,,,,,,,880,0.007,4m,2.5,2.0,1.1,628,,,,,,,,,,,,,,,,,,,,,,30.0,0.01,1m,2.5,2.5,0.9,714.0,808.0,0.008,1m,1.5,4.0,0.9,430.0,0.15000000000000002,6,COMPLETE
21,21,7.090549260842352,2025-06-15 00:55:40.755992,2025-06-15 00:55:41.872037,0 days 00:00:01.116045,642.0,0.006,4m,3.5,3.5,1.7000000000000002,444.0,,,,,,,,,,,,,,,,,,,,,,922,0.007,4m,1.0,2.0,1.0,444,,,,,,,,,,,,,,,,,,,,,,,,,,,,,,,,,,,,0.15000000000000002,2,COMPLETE
22,22,7.32313080188808,2025-06-15 00:55:41.950548,2025-06-15 00:55:43.048217,0 days 00:00:01.097669,684.0,0.006,4m,3.5,3.5,1.7000000000000002,418.0,,,,,,,,,,,,,,,,,,,,,,890,0.007,4m,1.0,1.5,1.0,412,,,,,,,,,,,,,,,,,,,,,,,,,,,,,,,,,,,,0.15000000000000002,2,COMPLETE
23,23,1.791132291026573,2025-06-15 00:55:43.129729,2025-06-15 00:55:44.905031,0 days 00:00:01.775302,746.0,0.008,4m,3.0,3.5,2.0,310.0,838.0,0.001,1m,1.0,2.0,1.8,904.0,,,,,,,,,,,,,,,644,0.01,4m,1.5,1.5,1.4,400,,,,,,,,,,,,,,,,,,,,,,,,,,,,,866.0,0.001,3m,3.0,2.0,1.8,420.0,0.1,4,COMPLETE
24,24,7.777526145162709,2025-06-15 00:55:44.968035,2025-06-15 00:55:46.103281,0 days 00:00:01.135246,502.0,0.007,4m,4.0,3.0,1.5,194.0,,,,,,,,,,,,,,,,,,,,,,864,0.008,4m,1.0,1.0,1.1,208,,,,,,,,,,,,,,,,,,,,,,,,,,,,,,,,,,,,0.1,2,COMPLETE
25,25,6.482513340144401,2025-06-15 00:55:46.205302,2025-06-15 00:55:47.810839,0 days 00:00:01.605537,484.0,0.007,4m,4.0,2.5,1.5,174.0,232.0,0.01,1m,2.0,2.0,0.5,636.0,,,,,,,,,,,,,,,734,0.008,4m,2.0,1.0,1.1,162,,,,,,,,,,,,,,,,,,,,,,,,,,,,,,,,,,,,0.1,3,COMPLETE
26,26,-6.316817071050646,2025-06-15 00:55:47.882352,2025-06-15 00:55:48.987889,0 days 00:00:01.105537,294.0,0.009000000000000001,4m,4.0,3.0,1.8,224.0,,,,,,,,,,,,,,,,,,,,,,834,0.008,2m,1.5,1.0,1.4,706,,,,,,,,,,,,,,,,,,,,,,,,,,,,,,,,,,,,0.05,2,COMPLETE
27,27,2.935297915493162,2025-06-15 00:55:49.039890,2025-06-15 00:55:51.479438,0 days 00:00:02.439548,482.0,0.007,4m,4.0,3.0,1.4,90.0,666.0,0.006,4m,3.5,1.0,0.8,880.0,346.0,0.01,3m,3.0,2.0,1.5,24.0,,,,,,,,598,0.01,1m,1.0,1.5,0.7,584,,,,,,,,,,,,,,,,,,,,,,,,,,,,,608.0,0.003,4m,2.0,1.5,1.5,742.0,0.2,5,COMPLETE
28,28,0.4112659631540317,2025-06-15 00:55:51.559972,2025-06-15 00:55:53.543324,0 days 00:00:01.983352,298.0,0.009000000000000001,4m,3.5,2.5,1.8,322.0,876.0,0.004,2m,2.0,3.0,1.3,326.0,,,,,,,,,,,,,,,466,0.005,3m,1.5,2.0,1.2000000000000002,232,,,,,,,,,,,,,,,,,,,,,,,,,,,,,332.0,0.006,2m,1.5,2.0,1.0,32.0,0.1,4,COMPLETE
29,29,3.9946457968987836,2025-06-15 00:55:53.617852,2025-06-15 00:55:55.120808,0 days 00:00:01.502956,562.0,0.005,4m,3.0,2.0,1.6,122.0,506.0,0.009000000000000001,3m,3.0,4.0,1.2000000000000002,80.0,,,,,,,,,,,,,,,706,0.009000000000000001,3m,3.0,1.0,1.4,160,,,,,,,,,,,,,,,,,,,,,,,,,,,,,,,,,,,,0.25,3,COMPLETE
30,30,-0.8017186376618396,2025-06-15 00:55:55.202822,2025-06-15 00:55:58.606394,0 days 00:00:03.403572,134.0,0.008,1m,2.5,3.0,1.1,216.0,276.0,0.007,1m,1.5,2.5,1.8,188.0,808.0,0.004,3m,2.0,1.0,2.0,492.0,,,,,,,,848,0.008,4m,2.0,2.0,1.0,482,20.0,0.009000000000000001,1m,3.5,3.5,2.0,18.0,,,,,,,,,,,,,,,626.0,0.001,2m,1.5,1.0,2.0,276.0,688.0,0.008,1m,3.5,3.0,2.0,428.0,0.15000000000000002,7,COMPLETE
31,31,6.483012665275184,2025-06-15 00:55:58.662393,2025-06-15 00:55:59.658334,0 days 00:00:00.995941,704.0,0.006,4m,3.5,3.5,1.7000000000000002,424.0,,,,,,,,,,,,,,,,,,,,,,940,0.007,4m,1.0,1.5,1.0,382,,,,,,,,,,,,,,,,,,,,,,,,,,,,,,,,,,,,0.15000000000000002,2,COMPLETE
32,32,8.650480767289926,2025-06-15 00:55:59.743363,2025-06-15 00:56:00.822888,0 days 00:00:01.079525,766.0,0.006,4m,3.5,3.5,1.5,496.0,,,,,,,,,,,,,,,,,,,,,,900,0.007,4m,1.0,1.5,1.1,556,,,,,,,,,,,,,,,,,,,,,,,,,,,,,,,,,,,,0.1,2,COMPLETE
33,33,5.822371145960069,2025-06-15 00:56:00.889394,2025-06-15 00:56:02.428275,0 days 00:00:01.538881,964.0,0.007,4m,4.0,4.0,1.4,542.0,696.0,0.005,1m,3.5,1.5,0.7,746.0,,,,,,,,,,,,,,,946,0.009000000000000001,4m,1.0,1.5,1.3,548,,,,,,,,,,,,,,,,,,,,,,,,,,,,,,,,,,,,0.1,3,COMPLETE
34,34,4.85381155262388,2025-06-15 00:56:02.486785,2025-06-15 00:56:03.416225,0 days 00:00:00.929440,792.0,0.005,3m,3.0,3.5,1.3,368.0,,,,,,,,,,,,,,,,,,,,,,782,0.008,4m,1.5,2.0,1.1,676,,,,,,,,,,,,,,,,,,,,,,,,,,,,,,,,,,,,0.05,2,COMPLETE
35,35,7.781986678496719,2025-06-15 00:56:03.498761,2025-06-15 00:56:04.081547,0 days 00:00:00.582786,,,,,,,,,,,,,,,,,,,,,,,,,,,,,850,0.009000000000000001,4m,1.0,1.0,0.9,782,,,,,,,,,,,,,,,,,,,,,,,,,,,,,,,,,,,,0.2,1,COMPLETE
36,36,-0.39732333383441715,2025-06-15 00:56:04.155053,2025-06-15 00:56:04.798698,0 days 00:00:00.643645,,,,,,,,,,,,,,,,,,,,,,,,,,,,,540,0.01,2m,1.5,1.5,0.5,774,,,,,,,,,,,,,,,,,,,,,,,,,,,,,,,,,,,,0.2,1,COMPLETE
37,37,-3.613001030319943,2025-06-15 00:56:04.896207,2025-06-15 00:56:08.497045,0 days 00:00:03.600838,886.0,0.003,2m,2.0,4.0,1.9000000000000001,670.0,510.0,0.003,4m,2.0,3.5,1.5,956.0,614.0,0.005,1m,3.5,3.0,0.9,696.0,,,,,,,,988,0.009000000000000001,1m,1.0,1.5,0.8,754,950.0,0.01,2m,3.0,2.0,1.3,288.0,48.0,0.01,2m,4.0,4.0,2.0,32.0,,,,,,,,228.0,0.005,1m,3.0,4.0,1.0,972.0,932.0,0.01,1m,2.5,1.0,0.6,762.0,0.2,8,COMPLETE
38,38,-1.0572574877091345,2025-06-15 00:56:08.564045,2025-06-15 00:56:10.160802,0 days 00:00:01.596757,912.0,0.004,3m,1.0,3.0,2.0,500.0,18.0,0.009000000000000001,3m,1.0,2.0,1.0,822.0,,,,,,,,,,,,,,,728,0.009000000000000001,4m,1.5,1.0,0.9,600,,,,,,,,,,,,,,,,,,,,,,,,,,,,,,,,,,,,0.25,3,COMPLETE
39,39,-1.0465789738079143,2025-06-15 00:56:10.263840,2025-06-15 00:56:14.869876,0 days 00:00:04.606036,1024.0,0.009000000000000001,1m,2.0,4.0,1.2000000000000002,826.0,922.0,0.009000000000000001,2m,3.0,3.0,1.2000000000000002,652.0,264.0,0.008,4m,3.5,2.0,1.3,386.0,986.0,0.005,1m,1.0,1.0,1.5,902.0,964,0.005,3m,3.5,2.0,0.7,902,94.0,0.001,3m,3.0,1.0,1.0,996.0,990.0,0.006,3m,1.0,2.5,1.3,996.0,990.0,0.001,2m,1.0,4.0,1.9000000000000001,978.0,826.0,0.007,4m,3.5,2.5,0.9,668.0,554.0,0.007,4m,1.0,1.5,1.1,992.0,0.15000000000000002,10,COMPLETE
40,40,-0.11939470476594082,2025-06-15 00:56:14.964409,2025-06-15 00:56:16.952309,0 days 00:00:01.987900,606.0,0.002,3m,3.0,3.5,1.9000000000000001,612.0,762.0,0.006,1m,1.5,2.5,0.9,508.0,,,,,,,,,,,,,,,398,0.006,4m,1.0,2.5,1.2000000000000002,658,,,,,,,,,,,,,,,,,,,,,,,,,,,,,720.0,0.005,2m,2.5,3.0,1.4,500.0,0.2,4,COMPLETE
41,41,9.492349495605444,2025-06-15 00:56:17.010349,2025-06-15 00:56:17.521443,0 days 00:00:00.511094,,,,,,,,,,,,,,,,,,,,,,,,,,,,,852,0.008,4m,1.0,1.0,0.9,540,,,,,,,,,,,,,,,,,,,,,,,,,,,,,,,,,,,,0.1,1,COMPLETE
42,42,9.698618897551963,2025-06-15 00:56:17.564445,2025-06-15 00:56:18.171048,0 days 00:00:00.606603,,,,,,,,,,,,,,,,,,,,,,,,,,,,,818,0.007,4m,1.0,1.0,0.9,522,,,,,,,,,,,,,,,,,,,,,,,,,,,,,,,,,,,,0.05,1,COMPLETE
43,43,5.109031899551382,2025-06-15 00:56:18.236070,2025-06-15 00:56:18.868663,0 days 00:00:00.632593,,,,,,,,,,,,,,,,,,,,,,,,,,,,,910,0.007,4m,1.0,1.5,0.7,520,,,,,,,,,,,,,,,,,,,,,,,,,,,,,,,,,,,,0.05,1,COMPLETE
44,44,4.059729439918775,2025-06-15 00:56:18.935176,2025-06-15 00:56:19.611307,0 days 00:00:00.676131,,,,,,,,,,,,,,,,,,,,,,,,,,,,,808,0.006,4m,1.5,1.0,0.8,622,,,,,,,,,,,,,,,,,,,,,,,,,,,,,,,,,,,,0.05,1,COMPLETE
45,45,8.189756128732181,2025-06-15 00:56:19.690318,2025-06-15 00:56:20.851048,0 days 00:00:01.160730,768.0,0.008,2m,3.5,3.0,1.8,354.0,,,,,,,,,,,,,,,,,,,,,,760,0.008,4m,1.0,1.5,0.9,342,,,,,,,,,,,,,,,,,,,,,,,,,,,,,,,,,,,,0.1,2,COMPLETE
46,46,-3.629636989355748,2025-06-15 00:56:20.922558,2025-06-15 00:56:25.185314,0 days 00:00:04.262756,770.0,0.009000000000000001,2m,3.5,2.5,1.7000000000000002,256.0,560.0,0.001,3m,3.5,3.5,1.4,936.0,868.0,0.002,2m,2.5,4.0,0.5,702.0,82.0,0.01,2m,4.0,1.0,0.5,68.0,758,0.008,4m,3.0,1.0,0.6,334,756.0,0.003,2m,1.0,4.0,0.5,322.0,1024.0,0.01,3m,4.0,2.5,2.0,22.0,,,,,,,,564.0,0.003,3m,2.0,2.0,1.5,252.0,1024.0,0.009000000000000001,3m,1.5,2.5,1.8,336.0,0.1,9,COMPLETE
47,47,1.9810061818259468,2025-06-15 00:56:25.253363,2025-06-15 00:56:26.687911,0 days 00:00:01.434548,848.0,0.006,2m,2.5,3.0,1.4,348.0,636.0,0.003,1m,2.5,1.5,0.5,430.0,,,,,,,,,,,,,,,1022,0.008,1m,1.0,1.5,0.9,448,,,,,,,,,,,,,,,,,,,,,,,,,,,,,,,,,,,,0.05,3,COMPLETE
48,48,-0.3927573407382561,2025-06-15 00:56:26.739931,2025-06-15 00:56:27.301563,0 days 00:00:00.561632,,,,,,,,,,,,,,,,,,,,,,,,,,,,,588,0.009000000000000001,2m,2.0,1.5,0.8,538,,,,,,,,,,,,,,,,,,,,,,,,,,,,,,,,,,,,0.1,1,COMPLETE
49,49,4.403413980869898,2025-06-15 00:56:27.355565,2025-06-15 00:56:30.368002,0 days 00:00:03.012437,94.0,0.004,2m,3.5,2.0,1.6,692.0,434.0,0.008,2m,2.0,2.5,0.7,154.0,674.0,0.005,3m,4.0,3.0,1.7000000000000002,16.0,,,,,,,,678,0.007,4m,1.5,4.0,0.6,354,,,,,,,,,,,,,,,,,,,,,,204.0,0.003,2m,1.0,3.0,1.1,468.0,208.0,0.002,1m,3.5,4.0,0.8,634.0,0.5,6,COMPLETE
50,50,-2.4033466204559737,2025-06-15 00:56:30.437516,2025-06-15 00:56:31.002104,0 days 00:00:00.564588,,,,,,,,,,,,,,,,,,,,,,,,,,,,,72,0.008,4m,1.0,1.0,0.9,292,,,,,,,,,,,,,,,,,,,,,,,,,,,,,,,,,,,,0.05,1,COMPLETE
51,51,9.743254999531661,2025-06-15 00:56:31.057108,2025-06-15 00:56:32.074007,0 days 00:00:01.016899,632.0,0.008,2m,3.0,2.5,1.9000000000000001,492.0,,,,,,,,,,,,,,,,,,,,,,832,0.006,4m,1.0,2.0,1.2000000000000002,472,,,,,,,,,,,,,,,,,,,,,,,,,,,,,,,,,,,,0.1,2,COMPLETE
52,52,9.268904550526003,2025-06-15 00:56:32.139043,2025-06-15 00:56:33.181244,0 days 00:00:01.042201,804.0,0.008,2m,3.5,2.5,1.8,476.0,,,,,,,,,,,,,,,,,,,,,,820,0.006,4m,1.0,1.5,1.2000000000000002,472,,,,,,,,,,,,,,,,,,,,,,,,,,,,,,,,,,,,0.1,2,COMPLETE
53,53,9.266588129055842,2025-06-15 00:56:33.248267,2025-06-15 00:56:33.888888,0 days 00:00:00.640621,,,,,,,,,,,,,,,,,,,,,,,,,,,,,820,0.006,4m,1.0,2.0,1.2000000000000002,472,,,,,,,,,,,,,,,,,,,,,,,,,,,,,,,,,,,,0.05,1,COMPLETE
54,54,9.693693786563939,2025-06-15 00:56:33.942386,2025-06-15 00:56:34.557007,0 days 00:00:00.614621,,,,,,,,,,,,,,,,,,,,,,,,,,,,,822,0.006,4m,1.0,2.0,1.2000000000000002,456,,,,,,,,,,,,,,,,,,,,,,,,,,,,,,,,,,,,0.05,1,COMPLETE
55,55,9.394262929762872,2025-06-15 00:56:34.624519,2025-06-15 00:56:35.217002,0 days 00:00:00.592483,,,,,,,,,,,,,,,,,,,,,,,,,,,,,812,0.006,4m,1.0,2.5,1.3,466,,,,,,,,,,,,,,,,,,,,,,,,,,,,,,,,,,,,0.05,1,COMPLETE
56,56,-1.9846262296130743,2025-06-15 00:56:35.280004,2025-06-15 00:56:35.795124,0 days 00:00:00.515120,,,,,,,,,,,,,,,,,,,,,,,,,,,,,222,0.005,4m,1.5,3.0,1.5,436,,,,,,,,,,,,,,,,,,,,,,,,,,,,,,,,,,,,0.05,1,COMPLETE
57,57,-4.681194706589076,2025-06-15 00:56:35.849635,2025-06-15 00:56:36.854320,0 days 00:00:01.004685,934.0,0.01,2m,1.5,1.5,0.9,948.0,,,,,,,,,,,,,,,,,,,,,,780,0.004,3m,1.0,2.5,1.3,478,,,,,,,,,,,,,,,,,,,,,,,,,,,,,,,,,,,,0.05,2,COMPLETE
58,58,7.203013653528095,2025-06-15 00:56:36.918834,2025-06-15 00:56:37.508442,0 days 00:00:00.589608,,,,,,,,,,,,,,,,,,,,,,,,,,,,,736,0.006,4m,1.0,2.5,1.3,516,,,,,,,,,,,,,,,,,,,,,,,,,,,,,,,,,,,,0.1,1,COMPLETE
59,59,-100.0,2025-06-15 00:56:37.576442,2025-06-15 00:56:38.218020,0 days 00:00:00.641578,,,,,,,,,,,,,,,,,,,,,,,,,,,,,650,0.005,4m,3.5,3.5,1.5,378,,,,,,,,,,,,,,,,,,,,,,,,,,,,,,,,,,,,0.4,1,COMPLETE
60,60,3.8216041884626746,2025-06-15 00:56:38.286032,2025-06-15 00:56:39.814845,0 days 00:00:01.528813,420.0,0.01,2m,1.0,1.5,0.5,790.0,176.0,0.002,4m,1.0,1.0,1.9000000000000001,42.0,,,,,,,,,,,,,,,814,0.006,4m,1.5,2.5,1.2000000000000002,422,,,,,,,,,,,,,,,,,,,,,,,,,,,,,,,,,,,,0.05,3,COMPLETE
61,61,9.246822834370423,2025-06-15 00:56:39.871846,2025-06-15 00:56:40.385941,0 days 00:00:00.514095,,,,,,,,,,,,,,,,,,,,,,,,,,,,,820,0.006,4m,1.0,2.0,1.2000000000000002,464,,,,,,,,,,,,,,,,,,,,,,,,,,,,,,,,,,,,0.05,1,COMPLETE
62,62,9.950550116911499,2025-06-15 00:56:40.450448,2025-06-15 00:56:41.044059,0 days 00:00:00.593611,,,,,,,,,,,,,,,,,,,,,,,,,,,,,842,0.006,4m,1.0,2.0,1.4,490,,,,,,,,,,,,,,,,,,,,,,,,,,,,,,,,,,,,0.05,1,COMPLETE
63,63,8.431392705562336,2025-06-15 00:56:41.099567,2025-06-15 00:56:42.152473,0 days 00:00:01.052906,666.0,0.003,2m,2.5,2.0,1.0,646.0,,,,,,,,,,,,,,,,,,,,,,864,0.004,4m,1.0,2.0,1.4,492,,,,,,,,,,,,,,,,,,,,,,,,,,,,,,,,,,,,0.1,2,COMPLETE
