,number,value,datetime_start,datetime_complete,duration,params_AEP_FB_beta_win,params_AEP_FB_stop_loss,params_AEP_FB_trade_freq,params_AEP_FB_z_entry,params_AEP_FB_z_exit,params_AEP_FB_z_stop_scaler,params_AEP_FB_z_win,params_ALXN_BIIB_beta_win,params_ALXN_BIIB_stop_loss,params_ALXN_BIIB_trade_freq,params_ALXN_BIIB_z_entry,params_ALXN_BIIB_z_exit,params_ALXN_BIIB_z_stop_scaler,params_ALXN_BIIB_z_win,params_ANSS_DOCU_beta_win,params_ANSS_DOCU_stop_loss,params_ANSS_DOCU_trade_freq,params_ANSS_DOCU_z_entry,params_ANSS_DOCU_z_exit,params_ANSS_DOCU_z_stop_scaler,params_ANSS_DOCU_z_win,params_ASML_AVGO_beta_win,params_ASML_AVGO_stop_loss,params_ASML_AVGO_trade_freq,params_ASML_AVGO_z_entry,params_ASML_AVGO_z_exit,params_ASML_AVGO_z_stop_scaler,params_ASML_AVGO_z_win,params_BKNG_ZM_beta_win,params_BKNG_ZM_stop_loss,params_BKNG_ZM_trade_freq,params_BKNG_ZM_z_entry,params_BKNG_ZM_z_exit,params_BKNG_ZM_z_stop_scaler,params_BKNG_ZM_z_win,params_CTSH_FAST_beta_win,params_CTSH_FAST_stop_loss,params_CTSH_FAST_trade_freq,params_CTSH_FAST_z_entry,params_CTSH_FAST_z_exit,params_CTSH_FAST_z_stop_scaler,params_CTSH_FAST_z_win,params_FAST_TMUS_beta_win,params_FAST_TMUS_stop_loss,params_FAST_TMUS_trade_freq,params_FAST_TMUS_z_entry,params_FAST_TMUS_z_exit,params_FAST_TMUS_z_stop_scaler,params_FAST_TMUS_z_win,params_GOOG_GOOGL_beta_win,params_GOOG_GOOGL_stop_loss,params_GOOG_GOOGL_trade_freq,params_GOOG_GOOGL_z_entry,params_GOOG_GOOGL_z_exit,params_GOOG_GOOGL_z_stop_scaler,params_GOOG_GOOGL_z_win,params_MSFT_PCAR_beta_win,params_MSFT_PCAR_stop_loss,params_MSFT_PCAR_trade_freq,params_MSFT_PCAR_z_entry,params_MSFT_PCAR_z_exit,params_MSFT_PCAR_z_stop_scaler,params_MSFT_PCAR_z_win,params_REGN_ZM_beta_win,params_REGN_ZM_stop_loss,params_REGN_ZM_trade_freq,params_REGN_ZM_z_entry,params_REGN_ZM_z_exit,params_REGN_ZM_z_stop_scaler,params_REGN_ZM_z_win,params_SBUX_ZM_beta_win,params_SBUX_ZM_stop_loss,params_SBUX_ZM_trade_freq,params_SBUX_ZM_z_entry,params_SBUX_ZM_z_exit,params_SBUX_ZM_z_stop_scaler,params_SBUX_ZM_z_win,params_buffer_capital,params_pairs_to_trade,state
47,47,0.8148651604799403,2025-06-15 00:12:36.870857,2025-06-15 00:12:41.714052,0 days 00:00:04.843195,,,,,,,,400,0.006,4m,3.0,4.0,1.0,146,916,0.01,1m,3.0,2.5,0.7,124,788.0,0.001,4m,1.5,2.5,1.7000000000000002,1016.0,24.0,0.002,2m,1.0,3.5,1.5,948.0,390.0,0.007,2m,3.0,4.0,1.5,958.0,,,,,,,,748.0,0.009000000000000001,2m,3.5,4.0,1.0,442.0,364.0,0.009000000000000001,3m,2.5,4.0,1.5,118.0,384.0,0.005,1m,2.5,2.5,1.4,172.0,,,,,,,,0.45,7,COMPLETE
48,48,4.726195453444517,2025-06-15 00:12:41.802698,2025-06-15 00:12:44.214185,0 days 00:00:02.411487,,,,,,,,508,0.01,4m,3.5,2.0,0.5,122,1024,0.004,4m,2.0,4.0,0.5,274,592.0,0.006,3m,2.5,2.0,0.9,220.0,,,,,,,,,,,,,,,,,,,,,,664.0,0.005,4m,2.5,1.5,0.6,638.0,,,,,,,,,,,,,,,,,,,,,,0.35000000000000003,3,COMPLETE
49,49,6.57187410671603,2025-06-15 00:12:44.315211,2025-06-15 00:12:47.551425,0 days 00:00:03.236214,,,,,,,,692,0.007,4m,3.0,3.5,1.3,18,836,0.003,2m,1.5,1.0,1.4,916,142.0,0.004,2m,4.0,3.5,0.8,50.0,,,,,,,,,,,,,,,,,,,,,,134.0,0.006,2m,1.5,3.0,0.8,714.0,,,,,,,,536.0,0.001,1m,2.0,3.0,1.1,610.0,,,,,,,,0.4,4,COMPLETE
50,50,1.9228304204692748,2025-06-15 00:12:47.623741,2025-06-15 00:12:50.781819,0 days 00:00:03.158078,,,,,,,,678,0.003,4m,3.5,3.0,1.3,50,832,0.003,2m,1.0,1.0,1.4,1020,134.0,0.004,2m,4.0,3.5,0.6,66.0,,,,,,,,,,,,,,,,,,,,,,56.0,0.006,2m,1.5,3.0,0.8,760.0,,,,,,,,534.0,0.001,1m,2.0,3.0,1.1,330.0,,,,,,,,0.25,4,COMPLETE
51,51,5.106960143660547,2025-06-15 00:12:50.874474,2025-06-15 00:12:52.942625,0 days 00:00:02.068151,,,,,,,,750,0.007,4m,3.0,4.0,1.2000000000000002,302,934,0.001,2m,1.5,1.0,1.3,726,,,,,,,,,,,,,,,,,,,,,,,,,,,,,132.0,0.005,2m,1.0,3.0,0.9,698.0,,,,,,,,,,,,,,,,,,,,,,0.4,2,COMPLETE
52,52,-1.5573837658248548,2025-06-15 00:12:53.037345,2025-06-15 00:12:54.279547,0 days 00:00:01.242202,,,,,,,,582,0.008,4m,3.0,3.5,1.4,210,56,0.002,2m,1.5,1.0,1.5,914,,,,,,,,,,,,,,,,,,,,,,,,,,,,,,,,,,,,,,,,,,,,,,,,,,,,,,,,,0.45,1,COMPLETE
53,53,3.385946955075571,2025-06-15 00:12:54.354563,2025-06-15 00:13:00.046320,0 days 00:00:05.691757,,,,,,,,698,0.005,4m,2.5,3.5,1.5,20,124,0.003,2m,1.0,1.5,1.4,888,212.0,0.003,2m,3.5,4.0,0.8,284.0,948.0,0.01,1m,1.5,1.5,1.1,408.0,98.0,0.009000000000000001,3m,2.0,3.5,2.0,864.0,856.0,0.003,1m,1.5,3.5,1.0,870.0,134.0,0.01,2m,1.5,2.5,0.7,1002.0,212.0,0.007,4m,3.0,1.0,1.8,102.0,414.0,0.002,1m,2.5,3.5,1.3,940.0,,,,,,,,0.4,8,COMPLETE
54,54,6.5220734726441245,2025-06-15 00:13:00.121248,2025-06-15 00:13:03.421557,0 days 00:00:03.300309,,,,,,,,790,0.006,4m,3.5,3.5,1.1,76,822,0.002,1m,1.5,1.0,1.1,772,354.0,0.005,2m,4.0,3.5,0.7,814.0,,,,,,,,,,,,,,,,,,,,,,238.0,0.008,2m,2.0,3.0,0.8,60.0,,,,,,,,32.0,0.007,2m,1.5,2.5,1.0,790.0,,,,,,,,0.2,4,COMPLETE
55,55,2.383370206779614,2025-06-15 00:13:03.503455,2025-06-15 00:13:06.426354,0 days 00:00:02.922899,,,,,,,,786,0.006,4m,3.5,3.5,1.1,82,732,0.002,1m,1.5,1.0,1.1,802,152.0,0.005,2m,4.0,3.5,0.7,950.0,,,,,,,,,,,,,,,,,,,,,,234.0,0.006,2m,2.0,3.5,0.6,70.0,,,,,,,,152.0,0.007,2m,1.5,2.5,1.0,786.0,,,,,,,,0.2,4,COMPLETE
56,56,3.1818856583102972,2025-06-15 00:13:06.510003,2025-06-15 00:13:10.274509,0 days 00:00:03.764506,,,,,,,,648,0.006,4m,4.0,1.5,0.8,124,882,0.003,1m,1.0,1.0,1.2000000000000002,848,344.0,0.004,2m,3.5,4.0,0.5,802.0,,,,,,,,546.0,0.005,2m,4.0,2.5,1.7000000000000002,782.0,,,,,,,,276.0,0.008,1m,1.5,3.0,0.8,940.0,,,,,,,,294.0,0.007,2m,2.0,3.0,0.8,604.0,,,,,,,,0.2,5,COMPLETE
57,57,1.0372523724526561,2025-06-15 00:13:10.357988,2025-06-15 00:13:13.475179,0 days 00:00:03.117191,,,,,,,,538,0.009000000000000001,1m,3.5,2.0,1.0,54,606,0.001,1m,1.5,1.5,1.0,966,260.0,0.005,2m,4.0,4.0,0.6,870.0,,,,,,,,,,,,,,,,,,,,,,190.0,0.009000000000000001,2m,2.0,3.0,0.7,128.0,,,,,,,,672.0,0.01,2m,1.0,2.5,1.1,498.0,,,,,,,,0.15000000000000002,4,COMPLETE
58,58,1.3569519162261607,2025-06-15 00:13:13.557203,2025-06-15 00:13:18.201630,0 days 00:00:04.644427,,,,,,,,726,0.007,2m,3.5,2.5,0.9,966,972,0.002,1m,2.0,1.0,1.3,768,162.0,0.004,2m,4.0,3.5,0.8,722.0,294.0,0.006,3m,2.0,3.0,0.6,28.0,270.0,0.004,3m,1.0,4.0,0.9,616.0,,,,,,,,334.0,0.007,1m,2.0,3.5,0.5,50.0,,,,,,,,32.0,0.007,2m,1.5,3.0,0.9,962.0,,,,,,,,0.3,6,COMPLETE
59,59,3.9277283928271873,2025-06-15 00:13:18.287174,2025-06-15 00:13:23.439159,0 days 00:00:05.151985,,,,,,,,870,0.01,3m,4.0,3.0,1.3,164,68,0.002,1m,1.5,1.5,1.1,356,54.0,0.003,2m,3.5,4.0,0.7,24.0,194.0,0.002,4m,3.0,2.0,0.9,822.0,996.0,0.002,2m,2.5,2.0,1.8,508.0,,,,,,,,78.0,0.005,2m,2.5,3.5,0.9,18.0,996.0,0.01,1m,4.0,2.5,1.6,318.0,742.0,0.008,1m,1.0,2.5,1.2000000000000002,726.0,,,,,,,,0.25,7,COMPLETE
60,60,3.172215655668844,2025-06-15 00:13:23.554209,2025-06-15 00:13:29.121724,0 days 00:00:05.567515,,,,,,,,610,0.009000000000000001,4m,3.0,1.5,1.2000000000000002,700,824,0.001,3m,1.0,1.0,0.9,518,102.0,0.004,2m,3.5,3.0,1.0,800.0,560.0,0.009000000000000001,3m,1.0,1.0,0.7,574.0,840.0,0.001,1m,3.5,1.0,0.6,970.0,350.0,0.001,2m,3.5,2.5,1.7000000000000002,644.0,384.0,0.004,1m,1.5,3.0,1.1,182.0,112.0,0.008,1m,2.5,1.5,1.3,532.0,532.0,0.001,4m,2.5,3.5,1.0,882.0,,,,,,,,0.15000000000000002,8,COMPLETE
61,61,2.8220141778543764,2025-06-15 00:13:29.223853,2025-06-15 00:13:31.289548,0 days 00:00:02.065695,,,,,,,,824,0.007,4m,3.0,3.5,1.4,1006,888,0.002,4m,2.0,1.0,1.6,676,,,,,,,,,,,,,,,,,,,,,,,,,,,,,458.0,0.009000000000000001,2m,3.0,2.5,1.0,108.0,,,,,,,,,,,,,,,,,,,,,,0.35000000000000003,2,COMPLETE
62,62,3.192159608306151,2025-06-15 00:13:31.394101,2025-06-15 00:13:32.742255,0 days 00:00:01.348154,,,,,,,,672,0.004,4m,3.5,3.5,1.3,616,826,0.004,1m,2.0,1.0,0.8,932,,,,,,,,,,,,,,,,,,,,,,,,,,,,,,,,,,,,,,,,,,,,,,,,,,,,,,,,,0.2,1,COMPLETE
63,63,-1.6461799298564028,2025-06-15 00:13:32.810771,2025-06-15 00:13:35.378175,0 days 00:00:02.567404,,,,,,,,778,0.006,4m,2.5,3.0,1.1,104,132,0.003,4m,1.5,3.5,1.0,870,20.0,0.005,2m,1.0,3.5,0.5,656.0,,,,,,,,,,,,,,,,,,,,,,272.0,0.01,2m,2.5,3.0,0.8,796.0,,,,,,,,,,,,,,,,,,,,,,0.25,3,COMPLETE
64,64,2.6432614097597225,2025-06-15 00:13:35.490140,2025-06-15 00:13:40.482088,0 days 00:00:04.991948,,,,,,,,198,0.008,4m,3.5,4.0,1.6,44,18,0.001,2m,1.0,2.5,1.5,752,712.0,0.002,2m,4.0,4.0,0.7,138.0,444.0,0.003,2m,2.5,2.5,0.6,670.0,730.0,0.003,3m,3.0,3.0,1.2000000000000002,890.0,,,,,,,,134.0,0.008,2m,2.0,2.5,0.9,136.0,294.0,0.006,1m,3.5,2.0,1.9000000000000001,806.0,54.0,0.001,2m,1.5,2.0,1.1,956.0,,,,,,,,0.2,7,COMPLETE
65,65,1.9167127893026417,2025-06-15 00:13:40.573441,2025-06-15 00:13:45.280877,0 days 00:00:04.707436,,,,,,,,932,0.005,4m,3.0,3.5,0.6,254,946,0.007,4m,2.5,1.5,1.7000000000000002,1020,402.0,0.006,4m,1.0,3.5,0.5,906.0,654.0,0.001,1m,2.0,4.0,1.6,228.0,288.0,0.007,2m,2.5,1.5,1.4,618.0,,,,,,,,212.0,0.006,2m,2.5,2.0,0.7,58.0,,,,,,,,306.0,0.003,1m,1.0,3.0,0.9,826.0,,,,,,,,0.3,6,COMPLETE
66,66,6.77321538847473,2025-06-15 00:13:45.374751,2025-06-15 00:13:51.907166,0 days 00:00:06.532415,272.0,0.008,4m,2.5,1.5,1.6,326.0,876,0.01,4m,2.0,1.0,1.9000000000000001,198,982,0.002,1m,2.0,1.0,1.2000000000000002,228,630.0,0.003,2m,3.0,4.0,0.6,836.0,158.0,0.006,2m,2.5,2.5,0.9,774.0,68.0,0.006,3m,2.0,3.0,1.0,986.0,550.0,0.006,4m,2.0,4.0,0.7,16.0,306.0,0.003,1m,3.0,3.0,0.6,880.0,464.0,0.009000000000000001,1m,2.0,3.5,1.9000000000000001,178.0,932.0,0.002,1m,4.0,2.5,1.3,668.0,,,,,,,,0.15000000000000002,9,COMPLETE
67,67,7.394939186040157,2025-06-15 00:13:52.038125,2025-06-15 00:13:59.143937,0 days 00:00:07.105812,298.0,0.008,4m,2.5,1.5,1.6,368.0,130,0.01,4m,2.0,1.0,1.8,202,988,0.003,1m,2.0,1.0,1.2000000000000002,154,622.0,0.003,2m,4.0,4.0,0.6,808.0,94.0,0.006,2m,3.0,2.5,0.5,750.0,82.0,0.006,3m,2.0,3.0,1.0,988.0,552.0,0.006,4m,2.0,4.0,0.7,40.0,20.0,0.002,1m,2.0,3.0,0.6,920.0,478.0,0.009000000000000001,1m,2.0,3.5,1.9000000000000001,136.0,896.0,0.002,1m,4.0,2.5,1.3,630.0,916.0,0.01,3m,4.0,1.0,0.5,54.0,0.1,10,COMPLETE
68,68,5.690957495866794,2025-06-15 00:13:59.252426,2025-06-15 00:14:06.142308,0 days 00:00:06.889882,274.0,0.008,4m,2.5,1.5,1.7000000000000002,320.0,118,0.01,4m,1.5,1.0,1.8,300,738,0.003,1m,2.0,1.0,1.2000000000000002,172,536.0,0.003,2m,4.0,4.0,0.6,832.0,82.0,0.006,2m,3.0,2.5,0.5,762.0,76.0,0.006,3m,2.0,3.0,0.9,1020.0,512.0,0.006,4m,2.0,4.0,0.7,26.0,316.0,0.002,1m,2.0,3.0,0.6,906.0,512.0,0.009000000000000001,1m,2.0,3.5,1.9000000000000001,160.0,1022.0,0.002,1m,4.0,2.5,1.3,698.0,1012.0,0.01,3m,4.0,1.0,0.5,100.0,0.1,10,COMPLETE
69,69,3.712712618849865,2025-06-15 00:14:06.249296,2025-06-15 00:14:13.038398,0 days 00:00:06.789102,252.0,0.008,4m,2.5,1.5,1.6,316.0,134,0.01,4m,1.5,1.0,1.8,288,756,0.004,1m,1.5,1.0,1.2000000000000002,162,630.0,0.003,2m,4.0,4.0,0.6,824.0,160.0,0.006,2m,3.0,2.5,0.6,754.0,76.0,0.006,3m,1.5,3.0,0.9,1002.0,554.0,0.007,4m,2.0,4.0,0.6,44.0,34.0,0.002,1m,2.0,3.0,0.6,892.0,552.0,0.009000000000000001,1m,2.0,3.5,1.9000000000000001,172.0,1020.0,0.002,1m,4.0,2.5,1.3,630.0,1004.0,0.01,3m,4.0,1.0,0.5,50.0,0.1,10,COMPLETE
70,70,-0.3383899180872005,2025-06-15 00:14:13.140923,2025-06-15 00:14:19.283198,0 days 00:00:06.142275,304.0,0.008,4m,2.5,1.5,1.7000000000000002,288.0,104,0.009000000000000001,4m,1.0,1.0,1.7000000000000002,200,682,0.003,1m,2.0,1.0,1.3,220,514.0,0.003,2m,4.0,4.0,0.7,768.0,80.0,0.008,2m,3.5,2.5,0.5,610.0,148.0,0.006,3m,2.0,2.5,0.8,1020.0,570.0,0.006,4m,2.5,4.0,0.9,148.0,300.0,0.002,1m,2.0,3.0,0.5,888.0,628.0,0.009000000000000001,1m,2.0,3.5,1.8,266.0,958.0,0.002,1m,4.0,2.5,1.4,674.0,,,,,,,,0.1,9,COMPLETE
71,71,3.3625492130404426,2025-06-15 00:14:19.372712,2025-06-15 00:14:26.461112,0 days 00:00:07.088400,314.0,0.008,4m,2.0,2.0,1.7000000000000002,280.0,46,0.01,4m,1.5,1.0,1.9000000000000001,230,850,0.003,1m,2.0,1.0,1.1,116,452.0,0.004,2m,4.0,4.0,0.6,840.0,70.0,0.006,2m,3.0,2.5,0.5,800.0,54.0,0.005,3m,2.0,3.0,1.0,968.0,450.0,0.005,4m,2.0,3.5,0.7,234.0,344.0,0.001,1m,2.0,3.0,0.6,958.0,468.0,0.01,1m,1.5,3.5,2.0,74.0,926.0,0.001,1m,4.0,2.5,1.3,596.0,728.0,0.008,3m,3.5,2.0,0.9,314.0,0.05,10,COMPLETE
72,72,2.1128384935787303,2025-06-15 00:14:26.573399,2025-06-15 00:14:32.819471,0 days 00:00:06.246072,204.0,0.008,4m,3.0,1.0,1.5,426.0,160,0.01,4m,2.0,1.0,1.8,150,902,0.002,1m,2.0,1.0,1.2000000000000002,246,550.0,0.003,2m,4.0,4.0,0.5,732.0,144.0,0.005,2m,2.5,3.0,0.7,876.0,28.0,0.005,3m,2.0,2.5,0.8,916.0,776.0,0.006,4m,1.5,4.0,0.7,26.0,404.0,0.003,1m,1.5,3.5,0.7,868.0,588.0,0.009000000000000001,1m,2.0,3.5,1.9000000000000001,146.0,990.0,0.002,1m,3.5,2.5,1.2000000000000002,704.0,,,,,,,,0.1,9,COMPLETE
73,73,2.752001886658535,2025-06-15 00:14:32.924370,2025-06-15 00:14:39.706656,0 days 00:00:06.782286,394.0,0.007,4m,2.0,2.0,1.0,214.0,238,0.01,4m,2.0,1.0,1.7000000000000002,184,802,0.003,1m,2.0,1.0,1.1,196,696.0,0.004,2m,3.5,4.0,0.6,864.0,72.0,0.006,2m,4.0,2.5,0.5,732.0,136.0,0.006,3m,2.5,3.5,1.1,986.0,572.0,0.004,4m,2.5,3.5,0.6,124.0,160.0,0.001,1m,2.5,3.0,0.6,940.0,444.0,0.001,1m,1.5,3.0,2.0,78.0,858.0,0.003,1m,3.5,2.5,1.1,518.0,760.0,0.007,3m,3.0,1.0,0.9,318.0,0.15000000000000002,10,COMPLETE
74,74,5.299044862999602,2025-06-15 00:14:39.801130,2025-06-15 00:14:46.012329,0 days 00:00:06.211199,26.0,0.009000000000000001,4m,3.0,2.0,1.8,446.0,88,0.01,4m,1.5,1.5,1.5,234,42,0.002,1m,2.0,1.5,0.9,48,844.0,0.003,2m,4.0,4.0,0.7,796.0,218.0,0.007,2m,2.5,2.0,0.6,842.0,72.0,0.004,3m,2.0,3.0,1.3,848.0,358.0,0.008,4m,1.0,4.0,1.0,350.0,302.0,0.003,1m,2.0,3.5,0.5,844.0,694.0,0.008,3m,2.0,3.5,1.9000000000000001,182.0,892.0,0.001,1m,4.0,2.0,1.5,784.0,,,,,,,,0.05,9,COMPLETE
75,75,1.8473468256309258,2025-06-15 00:14:46.114033,2025-06-15 00:14:52.544422,0 days 00:00:06.430389,604.0,0.004,4m,2.0,1.0,1.1,148.0,340,0.009000000000000001,1m,2.0,1.5,1.9000000000000001,334,974,0.004,1m,1.5,1.0,1.2000000000000002,144,748.0,0.002,2m,3.0,3.5,0.5,936.0,16.0,0.005,2m,3.0,2.0,0.8,922.0,26.0,0.005,3m,1.5,3.5,1.2000000000000002,920.0,136.0,0.004,4m,2.0,4.0,0.7,112.0,366.0,0.002,1m,2.5,3.0,0.7,976.0,358.0,0.01,1m,1.5,4.0,1.7000000000000002,20.0,918.0,0.002,1m,4.0,2.5,1.3,646.0,,,,,,,,0.15000000000000002,9,COMPLETE
76,76,-1.9042250639623124,2025-06-15 00:14:52.651497,2025-06-15 00:14:59.677877,0 days 00:00:07.026380,164.0,0.007,4m,3.0,1.5,1.8,732.0,296,0.009000000000000001,4m,1.5,1.0,1.2000000000000002,376,388,0.002,1m,2.0,1.5,1.0,296,614.0,0.003,2m,4.0,4.0,0.8,894.0,68.0,0.008,2m,3.5,3.0,0.5,728.0,164.0,0.007,3m,2.5,3.0,0.9,1012.0,458.0,0.006,4m,1.5,3.5,0.9,22.0,18.0,0.002,1m,2.0,3.5,0.8,752.0,734.0,0.009000000000000001,1m,1.0,3.0,1.9000000000000001,92.0,982.0,0.003,1m,3.5,2.0,1.2000000000000002,752.0,788.0,0.01,3m,2.5,2.5,0.9,250.0,0.15000000000000002,10,COMPLETE
77,77,-2.665976613601348,2025-06-15 00:14:59.770950,2025-06-15 00:15:05.593839,0 days 00:00:05.822889,,,,,,,,872,0.01,4m,1.5,1.0,1.4,80,734,0.003,1m,1.5,1.0,1.4,78,500.0,0.004,2m,2.5,4.0,0.6,840.0,224.0,0.005,2m,3.0,2.5,0.7,1008.0,120.0,0.006,3m,2.0,3.5,1.0,806.0,626.0,0.007,4m,2.5,4.0,0.6,210.0,96.0,0.003,1m,1.5,3.0,0.6,1024.0,488.0,0.01,3m,2.0,3.5,2.0,268.0,820.0,0.001,1m,4.0,3.0,1.1,978.0,,,,,,,,0.1,8,COMPLETE
78,78,0.45686554669967766,2025-06-15 00:15:05.674936,2025-06-15 00:15:12.331352,0 days 00:00:06.656416,354.0,0.009000000000000001,4m,2.0,2.0,1.5,362.0,416,0.01,2m,1.0,1.5,1.6,988,856,0.002,1m,2.0,1.0,1.3,188,802.0,0.004,2m,3.5,3.5,0.5,720.0,166.0,0.007,2m,2.5,3.0,0.6,784.0,224.0,0.006,3m,2.5,3.5,1.4,1022.0,760.0,0.005,4m,2.0,3.5,0.5,300.0,236.0,0.004,1m,1.0,2.5,0.8,920.0,402.0,0.01,1m,2.5,4.0,1.8,158.0,704.0,0.006,1m,4.0,2.5,1.2000000000000002,868.0,1022.0,0.004,3m,4.0,1.0,0.5,574.0,0.15000000000000002,10,COMPLETE
79,79,-1.533318905136218,2025-06-15 00:15:12.425174,2025-06-15 00:15:18.586745,0 days 00:00:06.161571,498.0,0.005,1m,3.5,1.5,1.3,168.0,200,0.009000000000000001,4m,2.0,2.0,1.8,890,108,0.005,1m,2.5,1.0,1.2000000000000002,228,562.0,0.005,2m,4.0,4.0,0.6,984.0,64.0,0.006,2m,1.0,2.0,0.9,644.0,70.0,0.005,3m,3.0,3.0,0.7,878.0,508.0,0.008,4m,1.0,3.0,0.9,446.0,304.0,0.002,3m,4.0,3.0,0.7,822.0,328.0,0.008,4m,2.0,1.0,0.5,58.0,768.0,0.002,1m,3.5,2.5,1.3,556.0,,,,,,,,0.1,9,COMPLETE
80,80,-0.204017367354792,2025-06-15 00:15:18.681665,2025-06-15 00:15:24.395675,0 days 00:00:05.714010,,,,,,,,474,0.01,3m,2.0,1.0,1.9000000000000001,818,190,0.003,3m,1.5,1.5,1.0,334,664.0,0.002,2m,3.5,4.0,0.7,770.0,124.0,0.008,2m,1.0,2.5,0.5,710.0,26.0,0.007,4m,2.0,4.0,1.2000000000000002,938.0,296.0,0.006,4m,1.5,4.0,0.7,106.0,476.0,0.005,1m,2.5,3.5,0.5,92.0,18.0,0.009000000000000001,1m,2.5,2.5,1.6,24.0,1022.0,0.001,1m,2.0,2.5,1.0,702.0,,,,,,,,0.05,8,COMPLETE
81,81,4.972765591629366,2025-06-15 00:15:24.487066,2025-06-15 00:15:30.755695,0 days 00:00:06.268629,24.0,0.009000000000000001,4m,3.0,2.0,1.8,516.0,62,0.01,4m,1.5,1.5,1.5,242,40,0.002,1m,2.0,1.0,0.9,50,856.0,0.003,2m,4.0,4.0,0.7,798.0,196.0,0.007,2m,2.5,2.0,0.6,842.0,72.0,0.004,3m,2.0,3.0,1.3,846.0,384.0,0.008,4m,1.0,4.0,1.1,320.0,314.0,0.003,1m,2.0,3.5,0.5,856.0,708.0,0.008,3m,2.0,3.5,1.9000000000000001,184.0,872.0,0.001,1m,4.0,2.0,1.5,790.0,,,,,,,,0.05,9,COMPLETE
82,82,0.12674318371291815,2025-06-15 00:15:30.823041,2025-06-15 00:15:36.912275,0 days 00:00:06.089234,116.0,0.009000000000000001,4m,2.5,2.0,1.9000000000000001,416.0,106,0.01,4m,1.5,1.5,1.5,142,42,0.002,1m,2.0,1.0,0.9,50,924.0,0.003,2m,4.0,4.0,0.6,784.0,220.0,0.006,2m,2.5,2.5,0.5,842.0,116.0,0.004,3m,2.0,2.5,1.3,976.0,422.0,0.01,2m,2.5,4.0,1.2000000000000002,534.0,360.0,0.003,1m,2.0,4.0,0.6,836.0,846.0,0.007,3m,1.5,3.0,1.9000000000000001,212.0,902.0,0.002,1m,4.0,2.0,1.5,622.0,,,,,,,,0.05,9,COMPLETE
83,83,3.735018504319564,2025-06-15 00:15:37.023608,2025-06-15 00:15:43.798862,0 days 00:00:06.775254,266.0,0.007,4m,3.5,1.5,1.6,528.0,18,0.009000000000000001,4m,1.0,2.0,1.4,226,80,0.002,1m,2.0,1.5,0.7,24,842.0,0.003,2m,4.0,4.0,0.7,832.0,16.0,0.007,2m,3.0,2.0,0.6,904.0,66.0,0.004,3m,1.5,3.0,1.1,906.0,524.0,0.009000000000000001,4m,1.0,3.5,1.0,28.0,256.0,0.004,1m,2.0,3.5,0.5,922.0,84.0,0.009000000000000001,3m,2.0,3.5,2.0,162.0,952.0,0.001,1m,4.0,2.5,1.7000000000000002,762.0,426.0,0.008,2m,3.0,2.0,1.3,196.0,0.1,10,COMPLETE
84,84,3.2051816690314707,2025-06-15 00:15:43.919087,2025-06-15 00:15:50.309406,0 days 00:00:06.390319,586.0,0.009000000000000001,4m,3.0,1.0,1.8,336.0,90,0.01,4m,1.5,1.5,1.7000000000000002,190,142,0.001,1m,2.0,1.0,1.1,112,732.0,0.002,2m,4.0,4.0,0.9,882.0,148.0,0.001,2m,4.0,2.5,0.5,772.0,176.0,0.005,3m,2.0,2.5,1.5,980.0,602.0,0.007,1m,1.5,4.0,0.8,688.0,414.0,0.001,1m,2.0,3.0,0.7,704.0,574.0,0.008,3m,1.5,4.0,1.9000000000000001,80.0,816.0,0.002,1m,4.0,2.0,1.1,670.0,,,,,,,,0.2,9,COMPLETE
85,85,4.2894185001192024,2025-06-15 00:15:50.425787,2025-06-15 00:15:57.264347,0 days 00:00:06.838560,82.0,0.01,3m,2.5,2.0,1.6,228.0,142,0.01,4m,2.5,1.0,1.3,304,1012,0.003,1m,1.5,1.5,1.0,156,900.0,0.004,2m,1.0,3.5,0.5,744.0,308.0,0.005,4m,2.5,3.0,0.7,856.0,114.0,0.005,3m,2.5,4.0,1.4,874.0,344.0,0.005,4m,1.0,4.0,0.6,84.0,970.0,0.003,1m,2.5,3.0,0.6,770.0,508.0,0.01,1m,3.5,1.0,1.7000000000000002,250.0,640.0,0.003,4m,1.0,3.0,1.6,836.0,830.0,0.008,1m,3.5,1.5,0.8,746.0,0.05,10,COMPLETE
86,86,0.5413751515089205,2025-06-15 00:15:57.370967,2025-06-15 00:16:03.030794,0 days 00:00:05.659827,,,,,,,,64,0.01,4m,1.0,1.5,1.5,936,16,0.002,1m,2.0,1.0,0.8,100,764.0,0.003,1m,3.5,4.0,0.8,814.0,242.0,0.004,2m,1.0,2.0,0.8,802.0,20.0,0.006,3m,2.5,3.5,1.3,942.0,106.0,0.006,4m,2.0,3.5,1.0,898.0,286.0,0.002,4m,1.5,3.5,1.5,806.0,700.0,0.008,2m,3.0,3.5,1.8,198.0,718.0,0.001,1m,3.5,2.5,1.4,892.0,,,,,,,,0.1,8,COMPLETE
87,87,1.0030478815859876,2025-06-15 00:16:03.141341,2025-06-15 00:16:08.239400,0 days 00:00:05.098059,,,,,,,,814,0.009000000000000001,4m,1.5,2.0,1.2000000000000002,1024,56,0.001,2m,1.0,1.0,0.9,430,448.0,0.002,3m,3.0,3.5,0.7,700.0,104.0,0.007,2m,3.5,2.5,0.6,968.0,76.0,0.004,3m,2.0,3.0,1.0,988.0,,,,,,,,162.0,0.004,1m,2.0,3.0,0.8,866.0,424.0,0.009000000000000001,1m,2.5,1.0,1.6,122.0,878.0,0.002,1m,1.0,2.0,1.0,724.0,,,,,,,,0.2,7,COMPLETE
88,88,-3.84278623245157,2025-06-15 00:16:08.333378,2025-06-15 00:16:11.606710,0 days 00:00:03.273332,,,,,,,,172,0.009000000000000001,4m,2.0,1.5,1.4,270,474,0.003,1m,2.5,1.0,1.3,398,814.0,0.003,2m,1.5,4.0,0.6,918.0,,,,,,,,,,,,,,,,,,,,,,216.0,0.005,3m,2.5,3.5,0.5,188.0,,,,,,,,762.0,0.001,3m,1.5,2.5,1.2000000000000002,998.0,,,,,,,,0.15000000000000002,4,COMPLETE
89,89,-0.025907928510829976,2025-06-15 00:16:11.736820,2025-06-15 00:16:17.797962,0 days 00:00:06.061142,218.0,0.008,2m,2.5,2.5,1.5,490.0,760,0.01,4m,2.0,1.0,1.8,30,106,0.002,1m,2.0,1.5,1.1,138,788.0,0.005,4m,4.0,4.0,0.5,858.0,54.0,0.006,2m,1.5,1.5,0.5,646.0,142.0,0.006,3m,1.5,3.5,1.1,910.0,486.0,0.004,4m,1.0,4.0,0.5,170.0,334.0,0.007,1m,3.0,4.0,0.7,244.0,148.0,0.007,1m,2.0,3.0,2.0,56.0,572.0,0.002,1m,2.5,3.0,1.9000000000000001,772.0,,,,,,,,0.05,9,COMPLETE
90,90,0.5995841613967127,2025-06-15 00:16:17.898390,2025-06-15 00:16:21.826779,0 days 00:00:03.928389,,,,,,,,696,0.01,1m,2.5,2.5,2.0,92,918,0.002,2m,1.5,1.0,1.4,272,678.0,0.004,2m,1.0,3.5,0.7,440.0,,,,,,,,208.0,0.007,1m,2.5,4.0,1.6,948.0,,,,,,,,112.0,0.006,1m,1.5,3.0,0.9,980.0,,,,,,,,482.0,0.003,1m,2.0,2.5,1.4,910.0,,,,,,,,0.15000000000000002,5,COMPLETE
91,91,-3.2585659498659516,2025-06-15 00:16:21.913455,2025-06-15 00:16:27.689848,0 days 00:00:05.776393,,,,,,,,730,0.01,4m,3.5,1.0,2.0,130,992,0.001,4m,2.5,1.0,1.4,464,590.0,0.004,2m,1.5,4.0,0.6,960.0,172.0,0.003,2m,2.5,3.0,0.7,750.0,44.0,0.005,4m,3.0,2.5,1.2000000000000002,1022.0,734.0,0.005,3m,2.0,3.5,0.9,234.0,434.0,0.003,1m,3.0,2.5,0.8,142.0,650.0,0.01,1m,3.5,1.0,2.0,20.0,854.0,0.006,2m,1.5,2.0,1.0,814.0,,,,,,,,0.2,8,COMPLETE
92,92,3.8912823986089706,2025-06-15 00:16:27.785705,2025-06-15 00:16:32.781529,0 days 00:00:04.995824,,,,,,,,794,0.005,4m,3.5,1.0,1.9000000000000001,162,928,0.001,4m,2.5,1.0,1.2000000000000002,180,366.0,0.003,2m,2.0,1.5,0.8,618.0,98.0,0.001,3m,1.5,2.0,0.6,552.0,182.0,0.004,3m,2.0,3.0,1.4,736.0,,,,,,,,58.0,0.004,4m,2.0,2.5,0.6,286.0,770.0,0.004,1m,3.0,4.0,1.8,226.0,800.0,0.004,1m,4.0,3.0,1.1,576.0,,,,,,,,0.25,7,COMPLETE
