,number,value,datetime_start,datetime_complete,duration,params_ADI_AMZN_beta_win,params_ADI_AMZN_stop_loss,params_ADI_AMZN_trade_freq,params_ADI_AMZN_z_entry,params_ADI_AMZN_z_exit,params_ADI_AMZN_z_stop_scaler,params_ADI_AMZN_z_win,params_AMZN_GOOG_beta_win,params_AMZN_GOOG_stop_loss,params_AMZN_GOOG_trade_freq,params_AMZN_GOOG_z_entry,params_AMZN_GOOG_z_exit,params_AMZN_GOOG_z_stop_scaler,params_AMZN_GOOG_z_win,params_ASML_CPRT_beta_win,params_ASML_CPRT_stop_loss,params_ASML_CPRT_trade_freq,params_ASML_CPRT_z_entry,params_ASML_CPRT_z_exit,params_ASML_CPRT_z_stop_scaler,params_ASML_CPRT_z_win,params_ASML_ROST_beta_win,params_ASML_ROST_stop_loss,params_ASML_ROST_trade_freq,params_ASML_ROST_z_entry,params_ASML_ROST_z_exit,params_ASML_ROST_z_stop_scaler,params_ASML_ROST_z_win,params_ATVI_MCHP_beta_win,params_ATVI_MCHP_stop_loss,params_ATVI_MCHP_trade_freq,params_ATVI_MCHP_z_entry,params_ATVI_MCHP_z_exit,params_ATVI_MCHP_z_stop_scaler,params_ATVI_MCHP_z_win,params_BIIB_CMCSA_beta_win,params_BIIB_CMCSA_stop_loss,params_BIIB_CMCSA_trade_freq,params_BIIB_CMCSA_z_entry,params_BIIB_CMCSA_z_exit,params_BIIB_CMCSA_z_stop_scaler,params_BIIB_CMCSA_z_win,params_CPRT_ROST_beta_win,params_CPRT_ROST_stop_loss,params_CPRT_ROST_trade_freq,params_CPRT_ROST_z_entry,params_CPRT_ROST_z_exit,params_CPRT_ROST_z_stop_scaler,params_CPRT_ROST_z_win,params_FISV_INTC_beta_win,params_FISV_INTC_stop_loss,params_FISV_INTC_trade_freq,params_FISV_INTC_z_entry,params_FISV_INTC_z_exit,params_FISV_INTC_z_stop_scaler,params_FISV_INTC_z_win,params_KDP_MRNA_beta_win,params_KDP_MRNA_stop_loss,params_KDP_MRNA_trade_freq,params_KDP_MRNA_z_entry,params_KDP_MRNA_z_exit,params_KDP_MRNA_z_stop_scaler,params_KDP_MRNA_z_win,params_KDP_TXN_beta_win,params_KDP_TXN_stop_loss,params_KDP_TXN_trade_freq,params_KDP_TXN_z_entry,params_KDP_TXN_z_exit,params_KDP_TXN_z_stop_scaler,params_KDP_TXN_z_win,params_buffer_capital,params_pairs_to_trade,state
100,100,5.280964179672564,2025-06-15 00:52:33.133220,2025-06-15 00:52:40.100028,0 days 00:00:06.966808,452.0,0.003,4m,1.5,1.0,1.5,110.0,,,,,,,,712,0.002,1m,3.5,4.0,1.1,756,,,,,,,,688.0,0.006,1m,1.0,2.5,1.4,316.0,636.0,0.001,1m,4.0,1.5,2.0,274.0,96.0,0.001,3m,2.0,2.5,0.9,554.0,334.0,0.003,3m,2.5,1.0,0.5,100.0,440.0,0.003,3m,1.5,3.0,0.7,680.0,584.0,0.008,4m,1.5,4.0,1.8,150.0,0.3,8,COMPLETE
101,101,7.821728118718179,2025-06-15 00:52:40.222570,2025-06-15 00:52:44.221893,0 days 00:00:03.999323,504.0,0.003,4m,2.0,1.5,1.4,68.0,,,,,,,,748,0.002,1m,3.5,3.5,0.6,826,,,,,,,,,,,,,,,556.0,0.002,2m,4.0,4.0,1.8,108.0,144.0,0.002,3m,2.0,3.0,0.7,354.0,442.0,0.003,3m,2.0,1.0,0.6,84.0,420.0,0.003,3m,1.0,3.0,0.7,650.0,976.0,0.006,4m,1.0,4.0,1.6,112.0,0.35000000000000003,7,COMPLETE
102,102,10.106995009085013,2025-06-15 00:52:44.299893,2025-06-15 00:52:47.852432,0 days 00:00:03.552539,420.0,0.004,4m,2.0,1.5,1.5,124.0,,,,,,,,840,0.003,1m,3.0,3.5,0.6,846,,,,,,,,,,,,,,,734.0,0.003,2m,4.0,4.0,1.9000000000000001,38.0,120.0,0.002,3m,1.5,3.0,0.7,494.0,410.0,0.003,3m,2.0,1.0,0.6,52.0,506.0,0.002,3m,1.0,3.0,0.7,666.0,946.0,0.008,4m,1.0,4.0,1.7000000000000002,40.0,0.35000000000000003,7,COMPLETE
103,103,10.77367745873139,2025-06-15 00:52:47.931945,2025-06-15 00:52:51.419172,0 days 00:00:03.487227,386.0,0.004,4m,2.0,2.5,1.4,92.0,,,,,,,,790,0.002,1m,3.5,4.0,0.7,882,,,,,,,,,,,,,,,500.0,0.002,2m,4.0,3.5,1.8,152.0,64.0,0.002,3m,2.0,3.0,0.6,528.0,360.0,0.002,3m,2.0,1.0,0.5,74.0,472.0,0.004,3m,1.0,3.0,0.6,604.0,968.0,0.009000000000000001,4m,1.0,4.0,1.7000000000000002,80.0,0.35000000000000003,7,COMPLETE
104,104,11.870176775426883,2025-06-15 00:52:51.500678,2025-06-15 00:52:54.825909,0 days 00:00:03.325231,390.0,0.005,4m,2.0,2.5,1.3,98.0,,,,,,,,798,0.001,1m,3.5,4.0,0.7,874,,,,,,,,,,,,,,,488.0,0.001,2m,4.0,3.5,1.8,88.0,58.0,0.001,3m,2.0,3.0,0.6,522.0,382.0,0.004,3m,2.0,1.0,0.5,160.0,472.0,0.004,3m,1.0,2.5,0.6,608.0,916.0,0.008,4m,1.0,4.0,1.7000000000000002,86.0,0.35000000000000003,7,COMPLETE
105,105,9.050018592821624,2025-06-15 00:52:54.906910,2025-06-15 00:52:57.849988,0 days 00:00:02.943078,366.0,0.005,4m,2.5,2.5,1.2000000000000002,208.0,,,,,,,,862,0.001,1m,3.5,4.0,0.8,808,,,,,,,,,,,,,,,,,,,,,,62.0,0.001,3m,2.0,3.0,0.6,584.0,396.0,0.004,4m,2.0,1.0,0.5,154.0,516.0,0.004,3m,1.0,2.5,0.5,574.0,914.0,0.007,4m,1.0,4.0,1.8,86.0,0.3,6,COMPLETE
106,106,10.335747586051692,2025-06-15 00:52:57.938521,2025-06-15 00:53:01.269646,0 days 00:00:03.331125,446.0,0.005,4m,2.0,1.0,1.3,164.0,,,,,,,,914,0.001,1m,3.5,4.0,0.7,694,,,,,,,,,,,,,,,456.0,0.001,2m,4.0,3.5,1.9000000000000001,72.0,32.0,0.001,3m,2.0,2.5,0.7,404.0,318.0,0.004,3m,2.0,3.5,0.5,212.0,480.0,0.003,3m,1.0,2.0,0.6,734.0,890.0,0.007,4m,1.0,4.0,1.9000000000000001,36.0,0.35000000000000003,7,COMPLETE
107,107,8.158404536167998,2025-06-15 00:53:01.334162,2025-06-15 00:53:05.256532,0 days 00:00:03.922370,398.0,0.003,4m,2.0,1.5,1.4,588.0,,,,,,,,680,0.001,1m,3.0,4.0,1.5,862,,,,,,,,360.0,0.003,4m,2.0,1.5,0.6,440.0,558.0,0.001,2m,3.5,4.0,2.0,698.0,88.0,0.001,1m,2.0,3.0,0.5,482.0,476.0,0.003,3m,3.0,1.5,0.6,118.0,592.0,0.006,3m,1.0,2.5,0.6,634.0,930.0,0.008,4m,1.0,4.0,1.7000000000000002,124.0,0.35000000000000003,8,COMPLETE
108,108,0.6473788001271402,2025-06-15 00:53:05.331054,2025-06-15 00:53:08.742648,0 days 00:00:03.411594,426.0,0.004,4m,1.0,1.0,1.6,66.0,,,,,,,,814,0.002,1m,3.5,4.0,0.5,772,,,,,,,,,,,,,,,412.0,0.001,2m,4.0,4.0,1.8,18.0,178.0,0.002,4m,2.0,3.5,0.6,446.0,430.0,0.003,3m,2.5,1.0,0.5,178.0,454.0,0.009000000000000001,3m,3.0,2.5,0.5,700.0,862.0,0.008,4m,1.0,4.0,1.6,462.0,0.3,7,COMPLETE
109,109,5.639375983827629,2025-06-15 00:53:08.832169,2025-06-15 00:53:11.858288,0 days 00:00:03.026119,350.0,0.004,4m,2.0,1.5,1.7000000000000002,134.0,,,,,,,,772,0.001,1m,3.5,4.0,1.2000000000000002,904,,,,,,,,,,,,,,,,,,,,,,38.0,0.001,3m,2.0,3.0,0.7,562.0,372.0,0.003,3m,2.0,1.0,0.7,256.0,360.0,0.005,3m,1.0,2.5,0.5,790.0,1002.0,0.008,4m,1.5,4.0,1.4,66.0,0.35000000000000003,6,COMPLETE
110,110,3.9162072849620833,2025-06-15 00:53:11.945807,2025-06-15 00:53:15.775284,0 days 00:00:03.829477,520.0,0.003,4m,2.0,2.5,1.3,110.0,,,,,,,,830,0.002,4m,3.0,3.5,0.7,950,,,,,,,,924.0,0.009000000000000001,1m,3.5,3.5,1.1,940.0,622.0,0.005,3m,3.5,3.5,1.6,214.0,16.0,0.002,3m,2.0,3.0,0.8,524.0,278.0,0.009000000000000001,3m,2.0,1.0,0.6,558.0,550.0,0.003,4m,1.0,3.0,0.6,552.0,814.0,0.01,4m,1.0,4.0,1.7000000000000002,158.0,0.35000000000000003,8,COMPLETE
111,111,9.587172931075639,2025-06-15 00:53:15.861799,2025-06-15 00:53:19.024570,0 days 00:00:03.162771,386.0,0.004,4m,2.0,2.5,1.4,94.0,,,,,,,,798,0.002,1m,3.5,4.0,0.7,886,,,,,,,,,,,,,,,478.0,0.002,2m,4.0,3.5,1.8,118.0,52.0,0.002,3m,2.0,3.0,0.6,534.0,362.0,0.006,3m,2.0,1.0,1.9000000000000001,74.0,472.0,0.004,3m,1.0,3.0,0.6,602.0,978.0,0.009000000000000001,4m,1.0,4.0,1.8,82.0,0.35000000000000003,7,COMPLETE
112,112,4.510777483134482,2025-06-15 00:53:19.108078,2025-06-15 00:53:22.478084,0 days 00:00:03.370006,288.0,0.005,4m,2.0,2.5,1.5,188.0,,,,,,,,716,0.002,1m,3.5,4.0,0.6,876,,,,,,,,,,,,,,,498.0,0.001,2m,4.0,4.0,1.9000000000000001,162.0,68.0,0.002,3m,2.0,3.0,0.5,514.0,346.0,0.002,3m,2.0,1.0,0.5,32.0,434.0,0.004,3m,1.0,3.0,0.6,582.0,958.0,0.009000000000000001,4m,1.0,4.0,1.7000000000000002,52.0,0.35000000000000003,7,COMPLETE
113,113,10.695085047240564,2025-06-15 00:53:22.530090,2025-06-15 00:53:25.846994,0 days 00:00:03.316904,390.0,0.004,4m,2.0,2.5,1.4,82.0,,,,,,,,780,0.001,1m,3.5,4.0,0.7,974,,,,,,,,,,,,,,,584.0,0.002,2m,4.0,3.0,1.8,94.0,106.0,0.002,3m,2.0,3.0,0.6,614.0,302.0,0.002,3m,2.0,1.0,0.5,142.0,498.0,0.005,3m,1.0,3.0,0.7,618.0,904.0,0.009000000000000001,4m,1.0,4.0,1.5,98.0,0.3,7,COMPLETE
114,114,7.648357237557791,2025-06-15 00:53:25.903994,2025-06-15 00:53:29.011209,0 days 00:00:03.107215,454.0,0.003,4m,2.0,2.0,1.5,100.0,,,,,,,,892,0.002,1m,3.5,4.0,0.8,998,,,,,,,,,,,,,,,,,,,,,,68.0,0.002,3m,2.0,3.0,0.7,542.0,392.0,0.002,3m,2.0,1.0,1.1,64.0,396.0,0.004,3m,1.0,3.0,0.5,508.0,930.0,0.008,4m,1.0,4.0,1.6,30.0,0.35000000000000003,6,COMPLETE
115,115,7.840419130727078,2025-06-15 00:53:29.091719,2025-06-15 00:53:32.611336,0 days 00:00:03.519617,464.0,0.004,4m,2.0,1.5,1.6,56.0,,,,,,,,850,0.002,1m,3.5,4.0,0.6,930,,,,,,,,,,,,,,,706.0,0.001,2m,4.0,4.0,1.8,456.0,88.0,0.001,3m,1.5,3.5,0.7,448.0,246.0,0.005,1m,2.0,1.0,0.5,106.0,526.0,0.002,3m,1.0,2.5,0.6,684.0,1000.0,0.009000000000000001,4m,1.0,4.0,1.7000000000000002,74.0,0.35000000000000003,7,COMPLETE
116,116,4.672311850052057,2025-06-15 00:53:32.686361,2025-06-15 00:53:36.309271,0 days 00:00:03.622910,322.0,0.004,4m,2.5,2.0,1.3,152.0,,,,,,,,798,0.003,1m,3.5,3.5,0.6,848,,,,,,,,,,,,,,,666.0,0.003,2m,3.5,4.0,1.1,76.0,58.0,0.002,3m,2.0,3.0,0.6,574.0,326.0,0.002,3m,3.0,1.0,1.3,158.0,464.0,0.003,3m,1.5,3.0,0.8,460.0,1024.0,0.009000000000000001,3m,1.0,2.0,1.8,126.0,0.3,7,COMPLETE
117,117,9.452932328787748,2025-06-15 00:53:36.416795,2025-06-15 00:53:39.957069,0 days 00:00:03.540274,430.0,0.003,4m,1.5,1.0,1.4,38.0,,,,,,,,760,0.001,1m,3.5,4.0,0.7,918,,,,,,,,,,,,,,,358.0,0.002,2m,4.0,2.5,1.7000000000000002,130.0,38.0,0.002,3m,2.0,3.0,0.8,342.0,448.0,0.003,3m,2.5,4.0,0.6,676.0,482.0,0.005,3m,1.0,3.0,0.7,612.0,356.0,0.01,4m,1.0,4.0,1.6,184.0,0.35000000000000003,7,COMPLETE
118,118,6.5917996665513545,2025-06-15 00:53:40.022070,2025-06-15 00:53:44.171698,0 days 00:00:04.149628,410.0,0.005,3m,2.0,2.5,1.5,130.0,,,,,,,,862,0.003,1m,3.5,3.5,0.7,822,,,,,,,,590.0,0.001,4m,2.0,3.0,1.8,576.0,518.0,0.001,1m,4.0,3.5,1.9000000000000001,224.0,142.0,0.001,2m,2.0,3.5,0.6,484.0,354.0,0.002,3m,2.0,1.0,0.5,1020.0,574.0,0.002,3m,1.0,2.5,0.5,652.0,882.0,0.009000000000000001,4m,1.0,3.5,1.7000000000000002,58.0,0.35000000000000003,8,COMPLETE
119,119,4.877933359342005,2025-06-15 00:53:44.249206,2025-06-15 00:53:47.421330,0 days 00:00:03.172124,366.0,0.003,4m,2.0,1.5,1.6,84.0,,,,,,,,826,0.002,1m,3.5,4.0,0.6,892,,,,,,,,,,,,,,,,,,,,,,102.0,0.002,3m,2.5,2.5,0.5,586.0,20.0,0.004,3m,2.0,1.0,0.6,38.0,414.0,0.003,3m,1.0,3.5,0.6,724.0,950.0,0.007,4m,4.0,4.0,1.8,16.0,0.35000000000000003,6,COMPLETE
120,120,6.333379536669796,2025-06-15 00:53:47.481842,2025-06-15 00:53:50.857905,0 days 00:00:03.376063,410.0,0.004,4m,2.0,2.0,1.7000000000000002,68.0,,,,,,,,786,0.003,1m,4.0,3.5,0.8,742,,,,,,,,,,,,,,,764.0,0.001,2m,3.5,3.0,2.0,172.0,364.0,0.002,3m,2.0,3.0,0.7,516.0,482.0,0.002,3m,2.0,1.5,0.5,100.0,440.0,0.003,3m,1.5,3.0,1.0,750.0,914.0,0.008,4m,3.0,2.5,1.6,296.0,0.4,7,COMPLETE
121,121,10.19305314613194,2025-06-15 00:53:50.925905,2025-06-15 00:53:54.434661,0 days 00:00:03.508756,380.0,0.004,4m,2.0,2.5,1.4,82.0,,,,,,,,774,0.001,1m,3.5,4.0,0.7,968,,,,,,,,,,,,,,,576.0,0.002,2m,4.0,3.0,1.8,952.0,106.0,0.002,3m,2.0,3.0,0.6,604.0,298.0,0.002,3m,2.0,1.0,0.5,132.0,498.0,0.005,3m,1.0,3.0,0.7,622.0,898.0,0.009000000000000001,4m,1.0,4.0,1.5,104.0,0.3,7,COMPLETE
122,122,4.835763464600635,2025-06-15 00:53:54.496172,2025-06-15 00:53:57.953022,0 days 00:00:03.456850,494.0,0.004,4m,2.0,2.5,1.4,102.0,,,,,,,,812,0.001,1m,3.0,4.0,0.7,858,,,,,,,,,,,,,,,604.0,0.002,2m,4.0,3.0,1.8,104.0,80.0,0.002,3m,2.0,3.0,0.7,630.0,312.0,0.002,3m,2.0,1.0,0.5,138.0,500.0,0.005,2m,1.0,3.0,0.7,600.0,968.0,0.009000000000000001,4m,1.0,4.0,1.5,88.0,0.3,7,COMPLETE
123,123,2.4815185824218666,2025-06-15 00:53:58.033024,2025-06-15 00:54:01.518416,0 days 00:00:03.485392,396.0,0.006,4m,2.0,2.5,1.3,120.0,,,,,,,,742,0.002,1m,3.5,4.0,0.6,976,,,,,,,,,,,,,,,640.0,0.001,2m,4.0,4.0,1.9000000000000001,38.0,16.0,0.002,3m,1.5,3.0,0.6,666.0,284.0,0.003,3m,2.0,1.0,0.6,168.0,516.0,0.004,3m,3.5,3.0,0.6,568.0,936.0,0.009000000000000001,4m,1.0,4.0,1.5,142.0,0.35000000000000003,7,COMPLETE
124,124,1.099330916725672,2025-06-15 00:54:01.587930,2025-06-15 00:54:04.725869,0 days 00:00:03.137939,438.0,0.004,4m,2.0,2.0,1.5,30.0,,,,,,,,784,0.001,1m,3.5,4.0,0.7,1006,,,,,,,,,,,,,,,,,,,,,,550.0,0.001,3m,2.0,3.0,0.7,544.0,340.0,0.002,3m,1.5,1.0,0.5,204.0,540.0,0.006,3m,1.0,3.0,0.8,634.0,218.0,0.01,4m,1.0,4.0,1.7000000000000002,100.0,0.3,6,COMPLETE
125,125,6.571821529486574,2025-06-15 00:54:04.865943,2025-06-15 00:54:11.203430,0 days 00:00:06.337487,462.0,0.003,2m,2.0,2.5,1.2000000000000002,54.0,,,,,,,,846,0.001,1m,2.5,3.5,0.6,938,,,,,,,,,,,,,,,424.0,0.002,2m,1.0,3.5,1.6,84.0,60.0,0.003,3m,2.0,3.0,1.3,610.0,384.0,0.003,4m,2.0,1.0,0.6,72.0,456.0,0.002,3m,1.0,3.5,0.7,660.0,912.0,0.009000000000000001,1m,3.5,4.0,1.6,54.0,0.35000000000000003,7,COMPLETE
126,126,9.252147548180139,2025-06-15 00:54:11.306944,2025-06-15 00:54:17.370337,0 days 00:00:06.063393,340.0,0.005,4m,2.5,3.0,1.4,166.0,,,,,,,,888,0.002,1m,3.5,3.5,0.5,910,,,,,,,,86.0,0.005,1m,3.0,1.0,0.7,472.0,682.0,0.007,2m,4.0,4.0,1.7000000000000002,126.0,122.0,0.002,3m,2.5,3.0,0.6,564.0,258.0,0.002,3m,2.5,1.0,0.5,384.0,482.0,0.004,3m,1.0,1.5,0.6,702.0,988.0,0.008,4m,1.0,4.0,1.7000000000000002,76.0,0.3,8,COMPLETE
127,127,2.559866257310508,2025-06-15 00:54:17.464862,2025-06-15 00:54:20.956588,0 days 00:00:03.491726,510.0,0.003,4m,1.5,1.0,1.5,192.0,,,,,,,,768,0.001,1m,4.0,4.0,0.7,540,,,,,,,,,,,,,,,592.0,0.001,2m,4.0,4.0,1.8,192.0,36.0,0.002,3m,2.0,3.5,0.8,640.0,362.0,0.002,3m,2.0,2.5,0.6,294.0,528.0,0.002,1m,1.0,3.0,0.5,678.0,878.0,0.009000000000000001,4m,1.0,4.0,1.0,116.0,0.25,7,COMPLETE
128,128,10.245255590555077,2025-06-15 00:54:21.073114,2025-06-15 00:54:24.692368,0 days 00:00:03.619254,392.0,0.004,4m,2.0,1.5,1.4,78.0,,,,,,,,722,0.003,1m,3.5,4.0,0.9,876,,,,,,,,,,,,,,,536.0,0.001,2m,4.0,4.0,1.8,144.0,76.0,0.001,1m,2.5,3.0,0.7,502.0,316.0,0.003,3m,1.5,1.0,0.5,106.0,462.0,0.003,3m,1.0,2.5,0.6,886.0,832.0,0.009000000000000001,4m,1.0,4.0,1.6,154.0,0.35000000000000003,7,COMPLETE
129,129,3.547556561292959,2025-06-15 00:54:24.770429,2025-06-15 00:54:27.778619,0 days 00:00:03.008190,476.0,0.005,4m,2.0,2.0,1.8,142.0,,,,,,,,804,0.002,1m,4.0,3.5,0.8,958,,,,,,,,,,,,,,,,,,,,,,102.0,0.003,3m,2.0,3.0,0.5,606.0,410.0,0.002,3m,2.0,1.0,1.6,148.0,562.0,0.002,3m,1.0,3.0,0.7,820.0,958.0,0.008,4m,1.0,3.5,1.4,734.0,0.4,6,COMPLETE
130,130,1.6819502586059694,2025-06-15 00:54:27.827619,2025-06-15 00:54:31.421990,0 days 00:00:03.594371,436.0,0.004,4m,2.0,2.5,1.6,106.0,,,,,,,,698,0.006,4m,3.5,4.0,0.6,980,,,,,,,,,,,,,,,720.0,0.006,2m,3.5,2.0,1.9000000000000001,88.0,46.0,0.002,4m,2.0,2.5,0.8,672.0,644.0,0.002,3m,2.0,1.0,0.7,62.0,378.0,0.004,3m,4.0,3.0,0.5,540.0,932.0,0.01,4m,1.5,4.0,1.7000000000000002,96.0,0.35000000000000003,7,COMPLETE
131,131,11.004920233179996,2025-06-15 00:54:31.505505,2025-06-15 00:54:35.005314,0 days 00:00:03.499809,494.0,0.003,4m,2.0,2.0,1.5,42.0,,,,,,,,758,0.003,1m,4.0,3.5,0.6,844,,,,,,,,,,,,,,,630.0,0.002,2m,4.0,4.0,1.7000000000000002,156.0,116.0,0.003,3m,2.5,3.0,0.8,622.0,182.0,0.002,3m,1.5,1.0,0.6,90.0,422.0,0.002,3m,1.0,3.0,0.7,662.0,898.0,0.009000000000000001,4m,1.0,4.0,1.6,116.0,0.4,7,COMPLETE
132,132,10.278056325470763,2025-06-15 00:54:35.079827,2025-06-15 00:54:38.520165,0 days 00:00:03.440338,416.0,0.003,4m,2.0,2.0,1.5,32.0,,,,,,,,832,0.003,1m,4.0,3.5,0.6,810,,,,,,,,,,,,,,,626.0,0.003,2m,4.0,4.0,1.7000000000000002,166.0,138.0,0.002,3m,2.5,3.0,0.7,622.0,170.0,0.002,3m,1.5,1.0,0.5,118.0,426.0,0.002,3m,1.0,3.0,0.7,624.0,894.0,0.009000000000000001,4m,1.0,4.0,1.5,130.0,0.4,7,COMPLETE
133,133,8.211416832386305,2025-06-15 00:54:38.628675,2025-06-15 00:54:42.666953,0 days 00:00:04.038278,558.0,0.003,4m,2.0,2.0,1.5,62.0,,,,,,,,752,0.003,1m,4.0,3.5,0.5,828,,,,,,,,360.0,0.007,2m,1.5,2.5,1.4,838.0,668.0,0.002,2m,4.0,4.0,1.8,108.0,64.0,0.003,3m,2.5,3.0,0.8,586.0,338.0,0.002,3m,1.5,1.0,0.6,32.0,404.0,0.001,3m,1.0,3.0,0.8,598.0,916.0,0.009000000000000001,4m,1.0,4.0,1.6,50.0,0.4,8,COMPLETE
134,134,8.942911237877675,2025-06-15 00:54:42.759466,2025-06-15 00:54:46.489370,0 days 00:00:03.729904,490.0,0.003,4m,2.0,2.0,1.4,18.0,,,,,,,,792,0.002,1m,4.0,3.5,0.7,782,,,,,,,,,,,,,,,512.0,0.001,2m,4.0,4.0,1.7000000000000002,50.0,468.0,0.002,3m,2.5,3.0,0.9,574.0,290.0,0.003,3m,2.0,1.0,0.5,190.0,504.0,0.002,3m,1.0,3.0,0.7,332.0,944.0,0.009000000000000001,4m,1.0,4.0,1.6,70.0,0.35000000000000003,7,COMPLETE
135,135,9.074970874086175,2025-06-15 00:54:46.572886,2025-06-15 00:54:50.178036,0 days 00:00:03.605150,360.0,0.004,4m,2.0,1.5,1.6,88.0,,,,,,,,870,0.003,1m,4.0,4.0,0.6,840,,,,,,,,,,,,,,,548.0,0.002,2m,4.0,4.0,1.8,148.0,34.0,0.005,3m,2.0,3.0,0.6,694.0,234.0,0.001,2m,1.5,1.0,0.6,140.0,476.0,0.003,3m,1.0,3.0,0.6,644.0,978.0,0.005,2m,1.0,4.0,1.7000000000000002,30.0,0.35000000000000003,7,COMPLETE
136,136,9.408120672046582,2025-06-15 00:54:50.257527,2025-06-15 00:54:53.150268,0 days 00:00:02.892741,522.0,0.003,4m,2.0,2.0,1.6,48.0,,,,,,,,818,0.002,1m,4.0,3.5,0.7,860,,,,,,,,,,,,,,,,,,,,,,82.0,0.006,3m,2.5,3.0,0.8,116.0,380.0,0.004,3m,2.0,1.0,0.5,96.0,436.0,0.005,3m,1.0,3.5,0.6,578.0,862.0,0.01,4m,1.0,4.0,1.5,168.0,0.35000000000000003,6,COMPLETE
137,137,-100.0,2025-06-15 00:54:53.217298,2025-06-15 00:54:53.937430,0 days 00:00:00.720132,,,,,,,,,,,,,,,738,0.003,1m,3.5,4.0,0.5,898,,,,,,,,,,,,,,,,,,,,,,,,,,,,,,,,,,,,,,,,,,,,,,,,,,0.4,1,COMPLETE
138,138,2.3246704435852608,2025-06-15 00:54:54.021955,2025-06-15 00:54:57.822261,0 days 00:00:03.800306,454.0,0.004,4m,1.5,2.5,1.3,310.0,,,,,,,,772,0.002,1m,3.5,3.5,0.6,928,,,,,,,,,,,,,,,570.0,0.001,4m,4.0,3.5,1.6,190.0,118.0,0.003,3m,2.0,3.0,0.7,550.0,264.0,0.002,1m,2.0,1.5,0.6,168.0,338.0,0.001,4m,1.0,3.0,0.5,662.0,894.0,0.009000000000000001,4m,1.0,4.0,1.9000000000000001,584.0,0.35000000000000003,7,COMPLETE
139,139,7.087771503468317,2025-06-15 00:54:57.897632,2025-06-15 00:55:01.780201,0 days 00:00:03.882569,384.0,0.003,4m,2.5,1.5,1.5,416.0,,,,,,,,848,0.001,3m,3.5,4.0,0.7,792,,,,,,,,,,,,,,,766.0,0.002,2m,4.0,4.0,1.9000000000000001,118.0,212.0,0.002,3m,2.0,3.0,0.9,658.0,402.0,0.003,3m,2.0,1.0,0.7,944.0,498.0,0.002,3m,1.0,2.5,0.7,694.0,956.0,0.006,3m,1.0,4.0,1.8,116.0,0.4,7,COMPLETE
140,140,8.714396399216733,2025-06-15 00:55:01.839200,2025-06-15 00:55:04.900592,0 days 00:00:03.061392,536.0,0.004,1m,2.0,1.0,1.4,128.0,,,,,,,,804,0.003,1m,4.0,3.5,0.6,954,,,,,,,,,,,,,,,,,,,,,,170.0,0.002,3m,2.5,3.5,0.7,464.0,310.0,0.002,3m,2.5,1.0,0.5,224.0,450.0,0.003,3m,1.5,3.0,0.9,612.0,850.0,0.008,4m,1.0,2.5,1.7000000000000002,204.0,0.35000000000000003,6,COMPLETE
141,141,10.716318748866897,2025-06-15 00:55:04.970134,2025-06-15 00:55:08.678331,0 days 00:00:03.708197,488.0,0.002,4m,2.0,2.0,1.5,40.0,,,,,,,,786,0.004,1m,4.0,3.5,0.6,838,,,,,,,,,,,,,,,988.0,0.002,2m,4.0,4.0,1.7000000000000002,170.0,112.0,0.003,3m,4.0,3.0,0.8,714.0,192.0,0.002,3m,1.5,1.0,0.6,86.0,426.0,0.002,3m,1.0,3.0,0.7,676.0,964.0,0.009000000000000001,4m,1.0,3.5,1.6,108.0,0.4,7,COMPLETE
142,142,6.777016890790701,2025-06-15 00:55:08.766850,2025-06-15 00:55:12.511672,0 days 00:00:03.744822,470.0,0.002,4m,2.0,2.0,1.5,74.0,,,,,,,,832,0.004,1m,4.0,3.5,0.7,874,,,,,,,,,,,,,,,650.0,0.001,2m,4.0,4.0,1.7000000000000002,88.0,98.0,0.003,3m,3.0,3.0,0.8,638.0,188.0,0.002,3m,1.5,1.0,0.5,78.0,402.0,0.002,3m,1.0,3.0,0.7,708.0,924.0,0.009000000000000001,4m,1.0,3.0,1.6,94.0,0.4,7,COMPLETE
143,143,6.369552751539476,2025-06-15 00:55:12.597185,2025-06-15 00:55:16.306788,0 days 00:00:03.709603,496.0,0.002,4m,2.0,2.0,1.7000000000000002,50.0,,,,,,,,782,0.003,1m,4.0,3.5,0.6,838,,,,,,,,,,,,,,,700.0,0.002,2m,4.0,4.0,1.8,160.0,48.0,0.003,3m,4.0,3.0,0.7,724.0,124.0,0.001,3m,1.5,1.0,0.6,58.0,178.0,0.001,3m,1.0,3.0,0.6,632.0,1004.0,0.009000000000000001,4m,1.0,4.0,1.6,76.0,0.35000000000000003,7,COMPLETE
144,144,9.703084214816789,2025-06-15 00:55:16.396313,2025-06-15 00:55:20.593881,0 days 00:00:04.197568,434.0,0.003,4m,2.0,2.0,1.5,506.0,,,,,,,,820,0.002,1m,4.0,3.5,0.5,812,,,,,,,,188.0,0.004,4m,2.5,1.0,1.9000000000000001,614.0,616.0,0.001,2m,4.0,4.0,1.7000000000000002,134.0,16.0,0.002,3m,4.0,3.0,0.6,684.0,352.0,0.002,3m,1.5,1.0,0.7,122.0,468.0,0.002,3m,1.0,3.0,0.8,674.0,968.0,0.009000000000000001,4m,1.0,4.0,1.7000000000000002,146.0,0.4,8,COMPLETE
145,145,2.9623615721730316,2025-06-15 00:55:20.686416,2025-06-15 00:55:24.484762,0 days 00:00:03.798346,410.0,0.003,4m,2.0,2.0,1.6,116.0,,,,,,,,758,0.001,1m,3.5,3.5,0.6,890,,,,,,,,,,,,,,,986.0,0.004,2m,2.5,4.0,1.6,606.0,156.0,0.004,3m,3.5,3.0,0.8,620.0,428.0,0.003,3m,1.0,1.0,0.6,92.0,536.0,0.003,2m,1.0,3.0,0.6,652.0,938.0,0.008,4m,1.0,3.5,1.5,50.0,0.35000000000000003,7,COMPLETE
146,146,8.200591778291491,2025-06-15 00:55:24.537764,2025-06-15 00:55:28.237795,0 days 00:00:03.700031,452.0,0.004,3m,2.0,2.5,1.4,92.0,,,,,,,,870,0.003,1m,4.0,4.0,0.6,860,,,,,,,,,,,,,,,990.0,0.002,2m,4.0,3.5,1.9000000000000001,64.0,62.0,0.002,3m,2.0,3.0,0.7,596.0,330.0,0.001,3m,2.0,1.0,0.5,40.0,432.0,0.002,3m,1.0,2.5,0.7,1024.0,908.0,0.009000000000000001,4m,1.0,4.0,1.6,114.0,0.35000000000000003,7,COMPLETE
147,147,1.517357621059945,2025-06-15 00:55:28.299308,2025-06-15 00:55:31.857511,0 days 00:00:03.558203,480.0,0.004,4m,2.0,1.5,1.7000000000000002,962.0,,,,,,,,904,0.002,1m,4.0,4.0,1.7000000000000002,906,,,,,,,,,,,,,,,676.0,0.001,3m,4.0,4.0,1.8,224.0,86.0,0.003,2m,2.0,3.0,0.9,526.0,372.0,0.003,2m,1.5,1.0,0.5,140.0,372.0,0.002,3m,1.0,3.0,0.6,684.0,982.0,0.01,4m,1.0,4.0,1.6,88.0,0.4,7,COMPLETE
148,148,4.723277172375471,2025-06-15 00:55:31.934023,2025-06-15 00:55:35.087603,0 days 00:00:03.153580,312.0,0.01,4m,2.0,2.0,1.5,34.0,,,,,,,,796,0.004,1m,3.5,4.0,0.8,840,,,,,,,,,,,,,,,,,,,,,,126.0,0.001,3m,2.5,3.0,0.7,500.0,282.0,0.002,3m,2.0,1.0,0.6,18.0,514.0,0.003,3m,1.0,3.5,0.5,732.0,876.0,0.009000000000000001,4m,1.0,4.0,1.7000000000000002,36.0,0.35000000000000003,6,COMPLETE
149,149,6.376597311749569,2025-06-15 00:55:35.175609,2025-06-15 00:55:39.317238,0 days 00:00:04.141629,516.0,0.002,2m,2.0,3.0,1.6,154.0,,,,,,,,726,0.006,1m,3.5,3.5,0.7,872,,,,,,,,728.0,0.003,1m,4.0,1.5,1.7000000000000002,736.0,712.0,0.003,2m,4.0,4.0,1.7000000000000002,186.0,36.0,0.002,3m,2.0,2.5,0.6,424.0,252.0,0.004,4m,2.0,1.5,0.8,112.0,486.0,0.001,3m,1.0,3.0,0.8,550.0,946.0,0.008,1m,1.5,4.0,1.8,132.0,0.4,8,COMPLETE
