,number,value,datetime_start,datetime_complete,duration,params_ADP_INTC_beta_win,params_ADP_INTC_stop_loss,params_ADP_INTC_trade_freq,params_ADP_INTC_z_entry,params_ADP_INTC_z_exit,params_ADP_INTC_z_stop_scaler,params_ADP_INTC_z_win,params_AMD_INTC_beta_win,params_AMD_INTC_stop_loss,params_AMD_INTC_trade_freq,params_AMD_INTC_z_entry,params_AMD_INTC_z_exit,params_AMD_INTC_z_stop_scaler,params_AMD_INTC_z_win,params_ANSS_INTC_beta_win,params_ANSS_INTC_stop_loss,params_ANSS_INTC_trade_freq,params_ANSS_INTC_z_entry,params_ANSS_INTC_z_exit,params_ANSS_INTC_z_stop_scaler,params_ANSS_INTC_z_win,params_CDNS_INTC_beta_win,params_CDNS_INTC_stop_loss,params_CDNS_INTC_trade_freq,params_CDNS_INTC_z_entry,params_CDNS_INTC_z_exit,params_CDNS_INTC_z_stop_scaler,params_CDNS_INTC_z_win,params_COST_INTC_beta_win,params_COST_INTC_stop_loss,params_COST_INTC_trade_freq,params_COST_INTC_z_entry,params_COST_INTC_z_exit,params_COST_INTC_z_stop_scaler,params_COST_INTC_z_win,params_CTAS_INTC_beta_win,params_CTAS_INTC_stop_loss,params_CTAS_INTC_trade_freq,params_CTAS_INTC_z_entry,params_CTAS_INTC_z_exit,params_CTAS_INTC_z_stop_scaler,params_CTAS_INTC_z_win,params_EXC_INTC_beta_win,params_EXC_INTC_stop_loss,params_EXC_INTC_trade_freq,params_EXC_INTC_z_entry,params_EXC_INTC_z_exit,params_EXC_INTC_z_stop_scaler,params_EXC_INTC_z_win,params_INTC_INTU_beta_win,params_INTC_INTU_stop_loss,params_INTC_INTU_trade_freq,params_INTC_INTU_z_entry,params_INTC_INTU_z_exit,params_INTC_INTU_z_stop_scaler,params_INTC_INTU_z_win,params_INTC_MSFT_beta_win,params_INTC_MSFT_stop_loss,params_INTC_MSFT_trade_freq,params_INTC_MSFT_z_entry,params_INTC_MSFT_z_exit,params_INTC_MSFT_z_stop_scaler,params_INTC_MSFT_z_win,params_MDLZ_TXN_beta_win,params_MDLZ_TXN_stop_loss,params_MDLZ_TXN_trade_freq,params_MDLZ_TXN_z_entry,params_MDLZ_TXN_z_exit,params_MDLZ_TXN_z_stop_scaler,params_MDLZ_TXN_z_win,params_buffer_capital,params_pairs_to_trade,state
125,125,10.406482717345327,2025-06-15 00:39:08.433771,2025-06-15 00:39:09.538214,0 days 00:00:01.104443,,,,,,,,,,,,,,,,,,,,,,,,,,,,,,,,,,,,,,,,,,,,,,,,,,,,,,,,,846.0,0.004,2m,3.5,1.5,1.4,202.0,402,0.002,2m,1.0,2.0,1.0,290,0.1,2,COMPLETE
126,126,9.913290965670141,2025-06-15 00:39:09.604742,2025-06-15 00:39:10.844518,0 days 00:00:01.239776,,,,,,,,,,,,,,,,,,,,,,,,,,,,,,,,,,,,,,,,,,,,,,,,,,,,,,,,,840.0,0.004,2m,3.5,1.5,1.4,160.0,406,0.002,2m,1.0,2.0,1.0,278,0.1,2,COMPLETE
127,127,0.042228881940426316,2025-06-15 00:39:10.920045,2025-06-15 00:39:12.130763,0 days 00:00:01.210718,,,,,,,,,,,,,,,,,,,,,,,,,,,,,,,,,,,,,,,,,,,,,,,,,,,,,,,,,838.0,0.004,2m,3.5,1.5,1.4,190.0,288,0.001,2m,1.0,2.0,1.0,276,0.1,2,COMPLETE
128,128,7.997462642302778,2025-06-15 00:39:12.214272,2025-06-15 00:39:13.475504,0 days 00:00:01.261232,,,,,,,,,,,,,,,,,,,,,,,,,,,,,,,,,,,,,,,,,,,,,,,,,,,,,,,,,752.0,0.005,2m,4.0,1.0,1.3,126.0,394,0.003,2m,1.0,2.0,1.0,186,0.1,2,COMPLETE
129,129,6.2465128566645145,2025-06-15 00:39:13.538019,2025-06-15 00:39:14.659025,0 days 00:00:01.121006,,,,,,,,,,,,,,,,,,,,,,,,,,,,,,,,,,,,,,,,,,,,,,,,,,,,,,,,,672.0,0.004,2m,3.5,1.5,1.4,256.0,364,0.001,2m,1.0,2.0,0.9,292,0.1,2,COMPLETE
130,130,9.2873876516366,2025-06-15 00:39:14.732561,2025-06-15 00:39:16.007951,0 days 00:00:01.275390,,,,,,,,,,,,,,,,,,,,,,,,,,,,,,,,,,,,,,,,,,,,,,,,,,,,,,,,,856.0,0.004,2m,4.0,1.5,1.1,176.0,418,0.002,2m,1.0,2.0,1.2000000000000002,230,0.1,2,COMPLETE
131,131,8.628156477916974,2025-06-15 00:39:16.065950,2025-06-15 00:39:17.354401,0 days 00:00:01.288451,,,,,,,,,,,,,,,,,,,,,,,,,,,,,,,,,,,,,,,,,,,,,,,,,,,,,,,,,782.0,0.003,2m,3.5,1.5,1.5,306.0,440,0.002,2m,1.0,2.0,1.0,478,0.1,2,COMPLETE
132,132,8.18916594410922,2025-06-15 00:39:17.419912,2025-06-15 00:39:18.120064,0 days 00:00:00.700152,,,,,,,,,,,,,,,,,,,,,,,,,,,,,,,,,,,,,,,,,,,,,,,,,,,,,,,,,,,,,,,,410,0.002,2m,1.0,2.0,1.2000000000000002,312,0.05,1,COMPLETE
133,133,9.154158651200824,2025-06-15 00:39:18.183581,2025-06-15 00:39:18.780182,0 days 00:00:00.596601,,,,,,,,,,,,,,,,,,,,,,,,,,,,,,,,,,,,,,,,,,,,,,,,,,,,,,,,,,,,,,,,488,0.003,2m,1.0,1.5,1.3,278,0.1,1,COMPLETE
134,134,11.014511060860332,2025-06-15 00:39:18.856353,2025-06-15 00:39:20.094033,0 days 00:00:01.237680,,,,,,,,,,,,,,,,,,,,,,,,,,,,,,,,,,,,,,,,,,,,,,,,,,,,,,,,,816.0,0.003,2m,3.5,1.5,1.6,128.0,448,0.002,2m,1.0,2.5,0.9,402,0.05,2,COMPLETE
135,135,6.486594768438316,2025-06-15 00:39:20.164556,2025-06-15 00:39:21.401969,0 days 00:00:01.237413,,,,,,,,,,,,,,,,,,,,,,,,,,,,,,,,,,,,,,,,,,,,,,,,,,,,,,,,,700.0,0.003,2m,3.5,1.5,1.6,72.0,390,0.001,2m,1.0,2.0,1.0,246,0.05,2,COMPLETE
136,136,3.3124707290916944,2025-06-15 00:39:21.473969,2025-06-15 00:39:22.796010,0 days 00:00:01.322041,,,,,,,,,,,,,,,,,,,,,,,,,,,,,,,,,,,,,,,,,,,,,,,,,,,,,,,,,746.0,0.004,2m,3.5,1.0,1.5,130.0,334,0.002,2m,1.0,2.5,0.9,300,0.05,2,COMPLETE
137,137,9.926654579332368,2025-06-15 00:39:22.859009,2025-06-15 00:39:23.452614,0 days 00:00:00.593605,,,,,,,,,,,,,,,,,,,,,,,,,,,,,,,,,,,,,,,,,,,,,,,,,,,,,,,,,,,,,,,,434,0.003,2m,1.0,2.0,0.9,368,0.1,1,COMPLETE
138,138,9.477861942085271,2025-06-15 00:39:23.504126,2025-06-15 00:39:24.641129,0 days 00:00:01.137003,,,,,,,,,,,,,,,,,,,,,,,,,,,,,,,,,,,,,,,,,,,,,,,,,,,,,,,,,824.0,0.003,2m,4.0,1.5,1.6,72.0,430,0.003,2m,1.0,2.0,0.9,370,0.1,2,COMPLETE
139,139,-2.9691428929801726,2025-06-15 00:39:24.707639,2025-06-15 00:39:25.365269,0 days 00:00:00.657630,,,,,,,,,,,,,,,,,,,,,,,,,,,,,,,,,,,,,,,,,,,,,,,,,,,,,,,,,,,,,,,,376,0.003,1m,1.5,2.0,0.9,398,0.1,1,COMPLETE
140,140,8.54802727063325,2025-06-15 00:39:25.431783,2025-06-15 00:39:26.790075,0 days 00:00:01.358292,,,,,,,,,,,,,,,,,,,,,,,,,,,,,,,,,,,,,,,,,,,,,,,,,,,,,,,,,896.0,0.004,2m,3.5,1.0,1.5,204.0,408,0.003,2m,1.0,1.5,0.8,402,0.1,2,COMPLETE
141,141,-3.5767037597482383,2025-06-15 00:39:26.864586,2025-06-15 00:39:27.510361,0 days 00:00:00.645775,,,,,,,,,,,,,,,,,,,,,,,,,,,,,,,,,,,,,,,,,,,,,,,,,,,,,,,,,,,,,,,,1000,0.002,2m,1.0,2.5,1.1,342,0.05,1,COMPLETE
142,142,9.301206903355574,2025-06-15 00:39:27.565363,2025-06-15 00:39:28.149504,0 days 00:00:00.584141,,,,,,,,,,,,,,,,,,,,,,,,,,,,,,,,,,,,,,,,,,,,,,,,,,,,,,,,,,,,,,,,450,0.002,2m,1.0,2.0,1.0,322,0.05,1,COMPLETE
143,143,9.256906097595552,2025-06-15 00:39:28.216549,2025-06-15 00:39:28.877625,0 days 00:00:00.661076,,,,,,,,,,,,,,,,,,,,,,,,,,,,,,,,,,,,,,,,,,,,,,,,,,,,,,,,,,,,,,,,468,0.001,2m,1.0,2.5,0.9,358,0.05,1,COMPLETE
144,144,9.785791927206095,2025-06-15 00:39:28.935144,2025-06-15 00:39:29.627321,0 days 00:00:00.692177,,,,,,,,,,,,,,,,,,,,,,,,,,,,,,,,,,,,,,,,,,,,,,,,,,,,,,,,,,,,,,,,492,0.002,2m,1.0,2.5,1.1,308,0.05,1,COMPLETE
145,145,8.723961556664223,2025-06-15 00:39:29.706353,2025-06-15 00:39:31.015051,0 days 00:00:01.308698,,,,,,,,,,,,,,,,,,,,,,,,,,,,,,,,,,,,,,,,,,,,,,,,,,,,,,,,,806.0,0.005,2m,3.5,1.5,1.4,150.0,430,0.002,2m,1.0,2.0,1.0,266,0.1,2,COMPLETE
146,146,8.571106003339125,2025-06-15 00:39:31.080054,2025-06-15 00:39:31.705414,0 days 00:00:00.625360,,,,,,,,,,,,,,,,,,,,,,,,,,,,,,,,,,,,,,,,,,,,,,,,,,,,,,,,,,,,,,,,476,0.003,2m,1.0,2.0,1.2000000000000002,388,0.05,1,COMPLETE
147,147,-3.278943598222734,2025-06-15 00:39:31.773413,2025-06-15 00:39:32.840786,0 days 00:00:01.067373,,,,,,,,,,,,,,,,,,,,,,,,,,,,,,,,,,,,,,,,,,,,,,,,,,,,,,,,,506.0,0.003,2m,4.0,1.5,1.3,100.0,508,0.002,4m,1.0,2.5,0.8,218,0.1,2,COMPLETE
148,148,-4.624183433563279,2025-06-15 00:39:32.920087,2025-06-15 00:39:33.573684,0 days 00:00:00.653597,,,,,,,,,,,,,,,,,,,,,,,,,,,,,,,,,,,,,,,,,,,,,,,,,,,,,,,,,,,,,,,,406,0.001,3m,1.0,2.5,0.9,966,0.05,1,COMPLETE
149,149,9.941520271138765,2025-06-15 00:39:33.634226,2025-06-15 00:39:34.894977,0 days 00:00:01.260751,,,,,,,,,,,,,,,,,,,,,,,,,,,,,,,,,,,,,,,,,,,,,,,,,,,,,,,,,866.0,0.004,2m,3.5,1.5,1.2000000000000002,308.0,450,0.002,2m,1.0,2.0,1.3,332,0.05,2,COMPLETE
