,number,value,datetime_start,datetime_complete,duration,params_AAPL_INTU_beta_win,params_AAPL_INTU_stop_loss,params_AAPL_INTU_trade_freq,params_AAPL_INTU_z_entry,params_AAPL_INTU_z_exit,params_AAPL_INTU_z_stop_scaler,params_AAPL_INTU_z_win,params_ABNB_GEHCV_beta_win,params_ABNB_GEHCV_stop_loss,params_ABNB_GEHCV_trade_freq,params_ABNB_GEHCV_z_entry,params_ABNB_GEHCV_z_exit,params_ABNB_GEHCV_z_stop_scaler,params_ABNB_GEHCV_z_win,params_ADP_MELI_beta_win,params_ADP_MELI_stop_loss,params_ADP_MELI_trade_freq,params_ADP_MELI_z_entry,params_ADP_MELI_z_exit,params_ADP_MELI_z_stop_scaler,params_ADP_MELI_z_win,params_AMAT_AEP_beta_win,params_AMAT_AEP_stop_loss,params_AMAT_AEP_trade_freq,params_AMAT_AEP_z_entry,params_AMAT_AEP_z_exit,params_AMAT_AEP_z_stop_scaler,params_AMAT_AEP_z_win,params_AMZN_LRCX_beta_win,params_AMZN_LRCX_stop_loss,params_AMZN_LRCX_trade_freq,params_AMZN_LRCX_z_entry,params_AMZN_LRCX_z_exit,params_AMZN_LRCX_z_stop_scaler,params_AMZN_LRCX_z_win,params_CSGP_ILMN_beta_win,params_CSGP_ILMN_stop_loss,params_CSGP_ILMN_trade_freq,params_CSGP_ILMN_z_entry,params_CSGP_ILMN_z_exit,params_CSGP_ILMN_z_stop_scaler,params_CSGP_ILMN_z_win,params_CSX_ILMN_beta_win,params_CSX_ILMN_stop_loss,params_CSX_ILMN_trade_freq,params_CSX_ILMN_z_entry,params_CSX_ILMN_z_exit,params_CSX_ILMN_z_stop_scaler,params_CSX_ILMN_z_win,params_DDOG_ILMN_beta_win,params_DDOG_ILMN_stop_loss,params_DDOG_ILMN_trade_freq,params_DDOG_ILMN_z_entry,params_DDOG_ILMN_z_exit,params_DDOG_ILMN_z_stop_scaler,params_DDOG_ILMN_z_win,params_EXC_GEHCV_beta_win,params_EXC_GEHCV_stop_loss,params_EXC_GEHCV_trade_freq,params_EXC_GEHCV_z_entry,params_EXC_GEHCV_z_exit,params_EXC_GEHCV_z_stop_scaler,params_EXC_GEHCV_z_win,params_GILD_WBA_beta_win,params_GILD_WBA_stop_loss,params_GILD_WBA_trade_freq,params_GILD_WBA_z_entry,params_GILD_WBA_z_exit,params_GILD_WBA_z_stop_scaler,params_GILD_WBA_z_win,params_buffer_capital,params_pairs_to_trade,state
58,58,-5.046425650725705,2025-06-15 01:25:55.340952,2025-06-15 01:25:58.335432,0 days 00:00:02.994480,166.0,0.009000000000000001,1m,1.0,2.0,1.4,914.0,,,,,,,,446.0,0.001,3m,3.5,3.5,1.3,974.0,,,,,,,,780,0.005,3m,2.5,3.0,0.8,260,772.0,0.008,1m,4.0,3.0,1.1,798.0,734.0,0.009000000000000001,4m,2.5,3.5,1.5,502.0,,,,,,,,,,,,,,,542.0,0.008,4m,2.0,2.0,1.5,206.0,0.05,6,COMPLETE
59,59,-0.4538523595320316,2025-06-15 01:25:58.394953,2025-06-15 01:26:02.727209,0 days 00:00:04.332256,282.0,0.002,4m,2.5,1.0,0.7,728.0,,,,,,,,898.0,0.007,1m,2.5,2.0,1.1,26.0,764.0,0.003,2m,4.0,3.0,1.6,336.0,884,0.007,2m,1.5,2.0,1.7000000000000002,42,394.0,0.009000000000000001,3m,3.5,4.0,1.4,720.0,334.0,0.007,3m,1.0,1.5,0.7,346.0,1020.0,0.01,3m,4.0,2.5,1.2000000000000002,62.0,928.0,0.005,2m,1.0,1.0,1.5,1020.0,276.0,0.005,2m,4.0,4.0,1.1,632.0,0.35000000000000003,9,COMPLETE
60,60,4.257932829914172,2025-06-15 01:26:02.795584,2025-06-15 01:26:06.414837,0 days 00:00:03.619253,668.0,0.007,3m,1.5,1.5,1.8,1008.0,,,,,,,,196.0,0.002,3m,1.5,1.0,1.7000000000000002,690.0,390.0,0.008,4m,1.0,3.5,0.5,746.0,18,0.003,4m,3.0,2.0,0.7,306,824.0,0.001,3m,4.0,3.0,0.8,852.0,194.0,0.008,1m,2.0,2.5,1.3,774.0,,,,,,,,,,,,,,,1020.0,0.003,3m,3.0,3.0,0.6,358.0,0.05,7,COMPLETE
61,61,3.5857083567974986,2025-06-15 01:26:06.471216,2025-06-15 01:26:08.042590,0 days 00:00:01.571374,,,,,,,,,,,,,,,,,,,,,,,,,,,,,922,0.006,3m,2.5,2.5,1.1,1020,872.0,0.009000000000000001,3m,4.0,2.0,1.2000000000000002,484.0,86.0,0.005,2m,3.5,1.0,1.0,244.0,,,,,,,,,,,,,,,,,,,,,,0.2,3,COMPLETE
62,62,5.653383663862306,2025-06-15 01:26:08.098535,2025-06-15 01:26:09.835271,0 days 00:00:01.736736,,,,,,,,,,,,,,,554.0,0.006,2m,3.0,2.5,1.3,832.0,,,,,,,,842,0.006,3m,2.5,2.5,1.5,188,894.0,0.01,3m,4.0,1.5,0.9,428.0,842.0,0.004,2m,4.0,3.0,1.7000000000000002,170.0,,,,,,,,,,,,,,,,,,,,,,0.1,4,COMPLETE
63,63,2.804589421286811,2025-06-15 01:26:09.911159,2025-06-15 01:26:12.052845,0 days 00:00:02.141686,,,,,,,,,,,,,,,556.0,0.006,2m,3.0,2.5,1.3,920.0,,,,,,,,844,0.005,3m,2.5,2.5,1.6,148,992.0,0.01,3m,4.0,1.0,0.9,544.0,846.0,0.003,2m,4.0,3.0,1.7000000000000002,64.0,,,,,,,,,,,,,,,,,,,,,,0.1,4,COMPLETE
64,64,1.1246569720877173,2025-06-15 01:26:12.108792,2025-06-15 01:26:14.171191,0 days 00:00:02.062399,,,,,,,,,,,,,,,664.0,0.008,2m,2.5,2.5,1.5,830.0,,,,,,,,568,0.004,3m,3.0,2.5,1.5,202,938.0,0.01,3m,3.5,2.5,0.7,422.0,750.0,0.002,2m,4.0,3.0,0.5,170.0,,,,,,,,,,,,,,,,,,,,,,0.1,4,COMPLETE
65,65,-2.22780314302913,2025-06-15 01:26:14.224012,2025-06-15 01:26:16.839354,0 days 00:00:02.615342,846.0,0.005,2m,3.5,3.5,1.3,76.0,,,,,,,,362.0,0.007,2m,3.0,2.0,1.4,1020.0,,,,,,,,520,0.006,1m,2.5,3.5,1.4,476,522.0,0.002,3m,4.0,2.0,0.9,652.0,968.0,0.006,2m,4.0,3.0,1.6,436.0,,,,,,,,,,,,,,,,,,,,,,0.15000000000000002,5,COMPLETE
66,66,0.09604211349643293,2025-06-15 01:26:16.907346,2025-06-15 01:26:18.075658,0 days 00:00:01.168312,,,,,,,,,,,,,,,,,,,,,,,,,,,,,884,0.007,3m,2.0,2.0,1.5,366,678.0,0.01,2m,4.0,1.5,1.1,980.0,,,,,,,,,,,,,,,,,,,,,,,,,,,,,0.1,2,COMPLETE
67,67,0.8614393613957215,2025-06-15 01:26:18.134284,2025-06-15 01:26:19.787494,0 days 00:00:01.653210,,,,,,,,,,,,,,,1024.0,0.005,1m,3.5,3.0,1.8,306.0,,,,,,,,994,0.006,3m,3.0,3.0,1.0,94,728.0,0.01,3m,3.5,1.0,0.6,606.0,1014.0,0.004,2m,4.0,2.5,2.0,630.0,,,,,,,,,,,,,,,,,,,,,,0.4,4,COMPLETE
68,68,2.0411904115057373,2025-06-15 01:26:19.847888,2025-06-15 01:26:22.974728,0 days 00:00:03.126840,484.0,0.004,1m,1.0,2.0,1.6,380.0,,,,,,,,296.0,0.01,2m,3.0,1.5,1.2000000000000002,912.0,,,,,,,,812,0.005,4m,2.5,2.5,1.4,610,794.0,0.008,3m,4.0,3.5,1.3,310.0,842.0,0.01,4m,3.0,3.5,1.6,258.0,,,,,,,,,,,,,,,494.0,0.001,3m,1.0,1.5,0.8,756.0,0.35000000000000003,6,COMPLETE
69,69,0.2791984636806124,2025-06-15 01:26:23.044209,2025-06-15 01:26:24.620898,0 days 00:00:01.576689,,,,,,,,,,,,,,,,,,,,,,,,,,,,,768,0.008,3m,1.5,3.0,1.7000000000000002,310,950.0,0.009000000000000001,3m,2.5,2.0,1.8,452.0,880.0,0.005,2m,2.5,3.0,1.9000000000000001,196.0,,,,,,,,,,,,,,,,,,,,,,0.05,3,COMPLETE
70,70,1.4692629274760856,2025-06-15 01:26:24.707500,2025-06-15 01:26:25.334304,0 days 00:00:00.626804,,,,,,,,,,,,,,,,,,,,,,,,,,,,,946,0.007,4m,2.0,4.0,0.9,534,,,,,,,,,,,,,,,,,,,,,,,,,,,,,,,,,,,,0.3,1,COMPLETE
71,71,3.968114478753714,2025-06-15 01:26:25.395019,2025-06-15 01:26:26.994688,0 days 00:00:01.599669,,,,,,,,,,,,,,,,,,,,,,,,,,,,,694,0.006,3m,2.5,2.5,1.2000000000000002,238,892.0,0.009000000000000001,3m,4.0,1.5,1.0,392.0,394.0,0.004,2m,3.5,1.0,1.8,144.0,,,,,,,,,,,,,,,,,,,,,,0.25,3,COMPLETE
72,72,4.9098305287294535,2025-06-15 01:26:27.047744,2025-06-15 01:26:28.487583,0 days 00:00:01.439839,,,,,,,,,,,,,,,,,,,,,,,,,,,,,846,0.007,3m,2.5,2.5,1.3,198,856.0,0.009000000000000001,3m,4.0,1.5,1.0,528.0,238.0,0.003,2m,3.5,1.5,1.7000000000000002,106.0,,,,,,,,,,,,,,,,,,,,,,0.1,3,COMPLETE
73,73,3.6694561185686463,2025-06-15 01:26:28.558046,2025-06-15 01:26:29.652197,0 days 00:00:01.094151,,,,,,,,,,,,,,,,,,,,,,,,,,,,,850,0.007,3m,2.5,2.5,1.3,134,828.0,0.009000000000000001,3m,4.0,1.5,1.1,526.0,,,,,,,,,,,,,,,,,,,,,,,,,,,,,0.1,2,COMPLETE
74,74,2.0332935657848865,2025-06-15 01:26:29.721252,2025-06-15 01:26:32.157126,0 days 00:00:02.435874,772.0,0.009000000000000001,4m,2.0,3.0,2.0,808.0,,,,,,,,448.0,0.006,2m,4.0,4.0,1.1,974.0,,,,,,,,908,0.009000000000000001,3m,3.0,2.5,1.4,194,760.0,0.01,3m,3.5,2.5,0.8,564.0,220.0,0.003,2m,3.5,1.5,1.7000000000000002,102.0,,,,,,,,,,,,,,,,,,,,,,0.15000000000000002,5,COMPLETE
75,75,-5.982165721123723,2025-06-15 01:26:32.208625,2025-06-15 01:26:34.445234,0 days 00:00:02.236609,,,,,,,,,,,,,,,962.0,0.008,1m,2.0,3.0,1.6,170.0,,,,,,,,822,0.007,3m,2.5,3.5,1.0,54,846.0,0.008,1m,4.0,1.5,1.2000000000000002,764.0,124.0,0.003,2m,4.0,1.5,1.4,54.0,,,,,,,,,,,,,,,,,,,,,,0.1,4,COMPLETE
76,76,3.3567983797583567,2025-06-15 01:26:34.499748,2025-06-15 01:26:36.205960,0 days 00:00:01.706212,,,,,,,,,,,,,,,,,,,,,,,,,,,,,888,0.008,3m,3.5,3.0,1.1,408,916.0,0.01,3m,3.0,1.0,0.9,470.0,242.0,0.003,2m,3.0,2.0,2.0,304.0,,,,,,,,,,,,,,,,,,,,,,0.05,3,COMPLETE
77,77,-0.7139515720383062,2025-06-15 01:26:36.265199,2025-06-15 01:26:37.232884,0 days 00:00:00.967685,,,,,,,,,,,,,,,,,,,,,,,,,,,,,982,0.006,2m,2.0,2.0,1.3,272,1018.0,0.009000000000000001,4m,4.0,1.5,1.0,672.0,,,,,,,,,,,,,,,,,,,,,,,,,,,,,0.35000000000000003,2,COMPLETE
78,78,-0.7726313122220774,2025-06-15 01:26:37.295958,2025-06-15 01:26:39.139648,0 days 00:00:01.843690,,,,,,,,,,,,,,,642.0,0.004,4m,3.5,3.5,1.3,556.0,,,,,,,,864,0.007,3m,3.0,2.5,0.8,886,806.0,0.007,3m,3.5,2.0,1.1,588.0,304.0,0.004,2m,3.5,1.0,1.8,150.0,,,,,,,,,,,,,,,,,,,,,,0.4,4,COMPLETE
79,79,4.93411029344555,2025-06-15 01:26:39.222978,2025-06-15 01:26:40.902317,0 days 00:00:01.679339,,,,,,,,,,,,,,,,,,,,,,,,,,,,,370,0.005,1m,2.5,2.0,1.5,102,980.0,0.008,3m,4.0,1.0,0.8,526.0,966.0,0.002,2m,4.0,2.5,1.7000000000000002,82.0,,,,,,,,,,,,,,,,,,,,,,0.15000000000000002,3,COMPLETE
80,80,-2.865645123354666,2025-06-15 01:26:40.972297,2025-06-15 01:26:43.610524,0 days 00:00:02.638227,138.0,0.002,3m,1.0,4.0,1.6,258.0,,,,,,,,536.0,0.003,3m,2.5,2.5,0.5,806.0,,,,,,,,392,0.004,1m,2.0,1.5,1.7000000000000002,114,970.0,0.008,3m,1.5,1.0,0.6,620.0,976.0,0.001,3m,4.0,3.5,1.5,706.0,,,,,,,,,,,,,,,,,,,,,,0.2,5,COMPLETE
81,81,7.240414689760507,2025-06-15 01:26:43.678174,2025-06-15 01:26:45.277239,0 days 00:00:01.599065,,,,,,,,,,,,,,,,,,,,,,,,,,,,,930,0.005,1m,2.5,2.0,1.4,82,994.0,0.007,3m,4.0,1.0,0.7,512.0,936.0,0.002,2m,4.0,2.5,1.7000000000000002,52.0,,,,,,,,,,,,,,,,,,,,,,0.15000000000000002,3,COMPLETE
82,82,1.5434672452182554,2025-06-15 01:26:45.332391,2025-06-15 01:26:46.775782,0 days 00:00:01.443391,,,,,,,,,,,,,,,,,,,,,,,,,,,,,242,0.005,1m,2.5,2.0,1.5,62,1004.0,0.007,3m,4.0,1.0,0.7,430.0,934.0,0.002,2m,4.0,2.5,1.6,42.0,,,,,,,,,,,,,,,,,,,,,,0.15000000000000002,3,COMPLETE
83,83,0.7081104366354215,2025-06-15 01:26:46.837988,2025-06-15 01:26:49.000247,0 days 00:00:02.162259,,,,,,,,,,,,,,,722.0,0.007,3m,3.0,1.5,1.0,702.0,,,,,,,,354,0.005,1m,2.5,2.0,1.6,26,960.0,0.008,3m,4.0,1.0,0.8,504.0,782.0,0.002,2m,4.0,2.5,1.9000000000000001,190.0,,,,,,,,,,,,,,,,,,,,,,0.2,4,COMPLETE
84,84,0.5088970646721656,2025-06-15 01:26:49.058413,2025-06-15 01:26:49.950019,0 days 00:00:00.891606,,,,,,,,,,,,,,,,,,,,,,,,,,,,,296,0.005,1m,2.5,1.5,1.5,156,982.0,0.006,3m,4.0,1.0,0.8,558.0,,,,,,,,,,,,,,,,,,,,,,,,,,,,,0.15000000000000002,2,COMPLETE
85,85,0.686805725625482,2025-06-15 01:26:50.012307,2025-06-15 01:26:51.697083,0 days 00:00:01.684776,,,,,,,,,,,,,,,,,,,,,,,,,,,,,456,0.004,1m,3.0,2.0,1.6,976,920.0,0.007,3m,3.5,1.0,0.7,502.0,1024.0,0.001,2m,4.0,2.5,1.8,78.0,,,,,,,,,,,,,,,,,,,,,,0.15000000000000002,3,COMPLETE
86,86,3.4377368441554155,2025-06-15 01:26:51.756023,2025-06-15 01:26:53.512978,0 days 00:00:01.756955,,,,,,,,,,,,,,,,,,,,,,,,,,,,,950,0.006,1m,2.5,2.0,1.4,110,884.0,0.005,2m,4.0,1.0,0.6,378.0,866.0,0.002,2m,4.0,3.0,1.9000000000000001,132.0,,,,,,,,,,,,,,,,,,,,,,0.1,3,COMPLETE
87,87,-4.002583008935974,2025-06-15 01:26:53.567467,2025-06-15 01:26:56.322684,0 days 00:00:02.755217,942.0,0.004,2m,3.0,1.0,1.5,158.0,,,,,,,,414.0,0.004,2m,3.5,4.0,0.6,864.0,,,,,,,,1022,0.004,1m,3.0,1.5,0.9,92,942.0,0.008,3m,4.0,1.0,0.8,414.0,918.0,0.005,1m,4.0,4.0,1.7000000000000002,588.0,,,,,,,,,,,,,,,776.0,0.004,1m,2.0,3.5,1.2000000000000002,162.0,0.45,6,COMPLETE
88,88,-1.7702744701062476,2025-06-15 01:26:56.375473,2025-06-15 01:26:59.961139,0 days 00:00:03.585666,394.0,0.007,1m,2.5,2.5,1.7000000000000002,946.0,,,,,,,,800.0,0.006,3m,2.5,2.0,2.0,648.0,802.0,0.004,3m,2.5,2.0,1.4,862.0,200,0.005,1m,2.5,2.0,1.5,778,906.0,0.008,3m,3.5,1.5,0.7,328.0,982.0,0.002,2m,3.5,3.0,2.0,804.0,,,,,,,,,,,,,,,102.0,0.006,4m,3.5,2.0,1.6,370.0,0.35000000000000003,7,COMPLETE
89,89,-1.435505038059403,2025-06-15 01:27:00.032926,2025-06-15 01:27:02.167836,0 days 00:00:02.134910,,,,,,,,,,,,,,,486.0,0.001,1m,4.0,4.0,1.5,978.0,,,,,,,,932,0.003,4m,3.5,2.0,1.4,80,986.0,0.009000000000000001,1m,4.0,1.0,0.9,454.0,944.0,0.001,2m,4.0,2.5,1.8,16.0,,,,,,,,,,,,,,,,,,,,,,0.4,4,COMPLETE
90,90,2.2506507052629514,2025-06-15 01:27:02.228566,2025-06-15 01:27:02.915303,0 days 00:00:00.686737,,,,,,,,,,,,,,,,,,,,,,,,,,,,,624,0.006,4m,1.0,1.0,1.1,224,,,,,,,,,,,,,,,,,,,,,,,,,,,,,,,,,,,,0.15000000000000002,1,COMPLETE
91,91,1.9098852153531924,2025-06-15 01:27:02.963240,2025-06-15 01:27:04.348105,0 days 00:00:01.384865,,,,,,,,,,,,,,,,,,,,,,,,,,,,,904,0.008,3m,2.5,2.5,1.3,166,856.0,0.009000000000000001,3m,4.0,1.5,1.0,528.0,456.0,0.003,2m,3.5,2.0,1.7000000000000002,96.0,,,,,,,,,,,,,,,,,,,,,,0.1,3,COMPLETE
92,92,3.764335157976699,2025-06-15 01:27:04.401157,2025-06-15 01:27:06.041858,0 days 00:00:01.640701,,,,,,,,,,,,,,,,,,,,,,,,,,,,,798,0.006,3m,2.5,2.5,1.3,132,872.0,0.01,3m,4.0,1.5,1.3,536.0,910.0,0.003,2m,3.5,1.0,1.6,954.0,,,,,,,,,,,,,,,,,,,,,,0.1,3,COMPLETE
93,93,0.962892833555123,2025-06-15 01:27:06.103396,2025-06-15 01:27:07.161630,0 days 00:00:01.058234,,,,,,,,,,,,,,,,,,,,,,,,,,,,,830,0.005,1m,2.5,2.5,0.8,732,1012.0,0.009000000000000001,3m,4.0,1.5,1.2000000000000002,582.0,,,,,,,,,,,,,,,,,,,,,,,,,,,,,0.15000000000000002,2,COMPLETE
94,94,3.7757886231209006,2025-06-15 01:27:07.242953,2025-06-15 01:27:09.335775,0 days 00:00:02.092822,,,,,,,,,,,,,,,204.0,0.009000000000000001,3m,2.0,2.5,0.8,908.0,,,,,,,,758,0.002,3m,2.0,2.5,1.0,252,894.0,0.008,3m,4.0,1.5,1.0,906.0,530.0,0.003,2m,3.0,1.0,1.7000000000000002,202.0,,,,,,,,,,,,,,,,,,,,,,0.05,4,COMPLETE
95,95,4.398648513947762,2025-06-15 01:27:09.406844,2025-06-15 01:27:11.181000,0 days 00:00:01.774156,,,,,,,,,,,,,,,,,,,,,,,,,,,,,874,0.007,4m,2.5,2.5,1.4,188,846.0,0.009000000000000001,3m,4.0,1.0,0.9,710.0,606.0,0.004,2m,3.0,1.5,1.9000000000000001,52.0,,,,,,,,,,,,,,,,,,,,,,0.1,3,COMPLETE
96,96,2.137716996443794,2025-06-15 01:27:11.266135,2025-06-15 01:27:12.691288,0 days 00:00:01.425153,,,,,,,,,,,,,,,,,,,,,,,,,,,,,972,0.006,3m,3.0,3.5,1.6,296,616.0,0.01,3m,4.0,2.0,0.9,476.0,704.0,0.007,2m,4.0,2.0,1.6,114.0,,,,,,,,,,,,,,,,,,,,,,0.3,3,COMPLETE
97,97,0.671595773799003,2025-06-15 01:27:12.761601,2025-06-15 01:27:14.678842,0 days 00:00:01.917241,,,,,,,,,,,,,,,368.0,0.002,4m,3.0,3.0,1.2000000000000002,796.0,,,,,,,,920,0.008,2m,2.0,3.0,1.4,146,932.0,0.007,3m,3.5,2.5,1.0,514.0,808.0,0.004,4m,3.5,1.0,1.8,158.0,,,,,,,,,,,,,,,,,,,,,,0.15000000000000002,4,COMPLETE
98,98,4.824733314606256,2025-06-15 01:27:14.751109,2025-06-15 01:27:15.975944,0 days 00:00:01.224835,,,,,,,,,,,,,,,,,,,,,,,,,,,,,492,0.007,3m,2.5,2.0,1.5,206,964.0,0.009000000000000001,4m,4.0,4.0,1.6,660.0,,,,,,,,,,,,,,,,,,,,,,,,,,,,,0.1,2,COMPLETE
99,99,-2.380928319622661,2025-06-15 01:27:16.028159,2025-06-15 01:27:20.978521,0 days 00:00:04.950362,584.0,0.006,3m,3.5,1.5,1.1,718.0,1012.0,0.001,1m,1.0,4.0,2.0,1006.0,242.0,0.003,3m,3.5,3.5,1.4,734.0,194.0,0.003,1m,2.5,1.0,0.9,360.0,852,0.005,1m,2.5,2.0,1.2000000000000002,222,776.0,0.008,3m,3.5,1.5,0.8,618.0,150.0,0.002,2m,4.0,1.0,1.5,94.0,16.0,0.003,4m,1.0,3.0,1.4,720.0,34.0,0.01,1m,4.0,4.0,0.5,20.0,608.0,0.002,2m,1.5,1.0,2.0,1018.0,0.2,10,COMPLETE
100,100,-5.312564991161665,2025-06-15 01:27:21.053371,2025-06-15 01:27:23.387055,0 days 00:00:02.333684,654.0,0.006,4m,1.5,3.5,0.6,856.0,,,,,,,,590.0,0.005,2m,1.0,1.5,0.9,848.0,,,,,,,,998,0.004,4m,1.5,2.5,0.7,38,822.0,0.01,3m,4.0,3.0,1.1,986.0,376.0,0.006,2m,3.5,1.5,2.0,66.0,,,,,,,,,,,,,,,,,,,,,,0.25,5,COMPLETE
101,101,4.615605770675456,2025-06-15 01:27:23.455920,2025-06-15 01:27:24.652433,0 days 00:00:01.196513,,,,,,,,,,,,,,,,,,,,,,,,,,,,,552,0.007,3m,2.5,2.0,1.5,204,958.0,0.009000000000000001,4m,4.0,4.0,1.1,646.0,,,,,,,,,,,,,,,,,,,,,,,,,,,,,0.1,2,COMPLETE
102,102,0.876840286105994,2025-06-15 01:27:24.733907,2025-06-15 01:27:25.897302,0 days 00:00:01.163395,,,,,,,,,,,,,,,,,,,,,,,,,,,,,466,0.007,3m,2.5,2.0,1.5,178,978.0,0.01,4m,4.0,4.0,1.6,680.0,,,,,,,,,,,,,,,,,,,,,,,,,,,,,0.1,2,COMPLETE
103,103,3.1878289681841854,2025-06-15 01:27:25.955192,2025-06-15 01:27:26.503057,0 days 00:00:00.547865,,,,,,,,,,,,,,,,,,,,,,,,,,,,,502,0.006,3m,2.5,2.0,0.9,342,,,,,,,,,,,,,,,,,,,,,,,,,,,,,,,,,,,,0.05,1,COMPLETE
104,104,-7.112205314025349,2025-06-15 01:27:26.549634,2025-06-15 01:27:27.868353,0 days 00:00:01.318719,,,,,,,,,,,,,,,,,,,,,,,,,,,,,362,0.007,3m,3.0,2.5,1.4,72,916.0,0.009000000000000001,4m,4.0,3.5,1.6,738.0,954.0,0.004,2m,3.5,2.5,1.4,128.0,,,,,,,,,,,,,,,,,,,,,,0.1,3,COMPLETE
105,105,0.6161410683806635,2025-06-15 01:27:27.952924,2025-06-15 01:27:29.128225,0 days 00:00:01.175301,,,,,,,,,,,,,,,,,,,,,,,,,,,,,586,0.008,3m,2.5,2.0,1.3,258,312.0,0.009000000000000001,4m,4.0,3.5,1.7000000000000002,550.0,,,,,,,,,,,,,,,,,,,,,,,,,,,,,0.45,2,COMPLETE
106,106,0.28465907861286743,2025-06-15 01:27:29.178485,2025-06-15 01:27:30.980913,0 days 00:00:01.802428,,,,,,,,,,,,,,,,,,,,,,,,,,,,,834,0.009000000000000001,3m,2.0,1.5,1.6,150,428.0,0.008,4m,4.0,1.5,1.8,572.0,994.0,0.009000000000000001,3m,3.0,3.5,1.7000000000000002,34.0,,,,,,,,,,,,,,,,,,,,,,0.15000000000000002,3,COMPLETE
107,107,-2.388883281148291,2025-06-15 01:27:31.042060,2025-06-15 01:27:32.604148,0 days 00:00:01.562088,,,,,,,,,,,,,,,,,,,,,,,,,,,,,410,0.01,3m,3.0,2.5,1.5,826,1004.0,0.01,3m,3.0,3.0,1.5,794.0,656.0,0.003,2m,4.0,1.0,1.9000000000000001,276.0,,,,,,,,,,,,,,,,,,,,,,0.4,3,COMPLETE
108,108,-4.861664126779762,2025-06-15 01:27:32.654257,2025-06-15 01:27:33.769208,0 days 00:00:01.114951,,,,,,,,,,,,,,,,,,,,,,,,,,,,,524,0.007,3m,2.5,4.0,1.0,98,884.0,0.009000000000000001,2m,4.0,1.0,1.2000000000000002,462.0,,,,,,,,,,,,,,,,,,,,,,,,,,,,,0.1,2,COMPLETE
109,109,-3.2995782900436668,2025-06-15 01:27:33.837217,2025-06-15 01:27:35.818914,0 days 00:00:01.981697,,,,,,,,,,,,,,,312.0,0.001,3m,3.5,4.0,1.0,956.0,,,,,,,,306,0.006,4m,2.5,2.0,1.4,492,940.0,0.008,3m,4.0,2.5,1.7000000000000002,602.0,304.0,0.003,1m,2.5,1.5,2.0,218.0,,,,,,,,,,,,,,,,,,,,,,0.4,4,COMPLETE
110,110,-4.338012580170966,2025-06-15 01:27:35.882456,2025-06-15 01:27:39.388730,0 days 00:00:03.506274,502.0,0.008,1m,2.5,2.5,0.9,438.0,,,,,,,,138.0,0.004,3m,3.0,3.5,1.6,780.0,514.0,0.01,1m,1.5,2.0,1.9000000000000001,160.0,960,0.005,3m,3.0,3.5,1.3,694,800.0,0.01,3m,2.0,2.0,1.5,438.0,410.0,0.002,2m,4.0,3.0,1.9000000000000001,172.0,,,,,,,,,,,,,,,398.0,0.008,3m,3.0,2.5,0.7,130.0,0.35000000000000003,7,COMPLETE
111,111,6.532343012265255,2025-06-15 01:27:39.458351,2025-06-15 01:27:41.107915,0 days 00:00:01.649564,,,,,,,,,,,,,,,,,,,,,,,,,,,,,746,0.006,3m,4.0,2.5,1.2000000000000002,172,868.0,0.009000000000000001,3m,4.0,1.5,0.9,490.0,562.0,0.004,2m,3.5,1.0,1.8,80.0,,,,,,,,,,,,,,,,,,,,,,0.15000000000000002,3,COMPLETE
112,112,5.625830782901259,2025-06-15 01:27:41.184962,2025-06-15 01:27:42.793627,0 days 00:00:01.608665,,,,,,,,,,,,,,,,,,,,,,,,,,,,,718,0.006,3m,4.0,2.5,1.2000000000000002,130,860.0,0.009000000000000001,3m,4.0,1.5,0.9,500.0,456.0,0.005,2m,3.5,1.0,1.8,98.0,,,,,,,,,,,,,,,,,,,,,,0.15000000000000002,3,COMPLETE
113,113,5.527884684328412,2025-06-15 01:27:42.879688,2025-06-15 01:27:44.515929,0 days 00:00:01.636241,,,,,,,,,,,,,,,,,,,,,,,,,,,,,714,0.006,3m,4.0,2.5,1.2000000000000002,128,738.0,0.009000000000000001,3m,4.0,1.5,0.9,492.0,456.0,0.005,2m,3.5,1.0,1.8,84.0,,,,,,,,,,,,,,,,,,,,,,0.15000000000000002,3,COMPLETE
114,114,2.632555090602638,2025-06-15 01:27:44.566141,2025-06-15 01:27:46.301267,0 days 00:00:01.735126,,,,,,,,,,,,,,,950.0,0.002,1m,2.5,4.0,1.1,994.0,,,,,,,,676,0.006,3m,4.0,2.5,1.2000000000000002,124,828.0,0.009000000000000001,3m,4.0,1.5,0.9,492.0,562.0,0.005,2m,3.5,1.0,1.8,68.0,,,,,,,,,,,,,,,,,,,,,,0.15000000000000002,4,COMPLETE
115,115,2.2710566952374927,2025-06-15 01:27:46.353955,2025-06-15 01:27:47.970345,0 days 00:00:01.616390,,,,,,,,,,,,,,,,,,,,,,,,,,,,,786,0.006,3m,4.0,2.5,1.1,166,752.0,0.01,3m,4.0,1.5,0.8,410.0,474.0,0.006,2m,3.5,1.0,1.8,90.0,,,,,,,,,,,,,,,,,,,,,,0.2,3,COMPLETE
116,116,6.2168626098291675,2025-06-15 01:27:48.023848,2025-06-15 01:27:49.758060,0 days 00:00:01.734212,,,,,,,,,,,,,,,,,,,,,,,,,,,,,734,0.005,3m,4.0,2.5,1.2000000000000002,112,686.0,0.008,3m,3.5,1.5,0.9,510.0,444.0,0.005,2m,3.5,1.0,1.9000000000000001,34.0,,,,,,,,,,,,,,,,,,,,,,0.2,3,COMPLETE
117,117,2.457838012915036,2025-06-15 01:27:49.808639,2025-06-15 01:27:51.728518,0 days 00:00:01.919879,,,,,,,,,,,,,,,720.0,0.003,4m,1.5,3.0,1.2000000000000002,886.0,,,,,,,,732,0.006,3m,4.0,2.5,1.2000000000000002,56,710.0,0.009000000000000001,3m,3.5,1.5,0.9,494.0,448.0,0.005,2m,3.5,1.0,1.9000000000000001,40.0,,,,,,,,,,,,,,,,,,,,,,0.2,4,COMPLETE
118,118,5.7693568704982825,2025-06-15 01:27:51.783877,2025-06-15 01:27:53.446949,0 days 00:00:01.663072,,,,,,,,,,,,,,,,,,,,,,,,,,,,,708,0.005,3m,4.0,2.5,1.1,136,676.0,0.004,3m,3.5,1.5,0.9,472.0,498.0,0.005,2m,3.0,1.0,1.8,144.0,,,,,,,,,,,,,,,,,,,,,,0.2,3,COMPLETE
119,119,7.089467200635734,2025-06-15 01:27:53.508992,2025-06-15 01:27:55.008393,0 days 00:00:01.499401,,,,,,,,,,,,,,,,,,,,,,,,,,,,,708,0.005,3m,4.0,2.5,1.1,124,676.0,0.002,3m,3.5,1.5,0.9,470.0,512.0,0.005,2m,3.5,1.0,1.8,156.0,,,,,,,,,,,,,,,,,,,,,,0.2,3,COMPLETE
120,120,1.6999508923955418,2025-06-15 01:27:55.072871,2025-06-15 01:27:56.460748,0 days 00:00:01.387877,,,,,,,,,,,,,,,,,,,,,,,,,,,,,708,0.005,3m,4.0,2.5,1.1,16,598.0,0.003,3m,3.5,2.0,0.9,438.0,492.0,0.005,2m,3.5,1.0,1.9000000000000001,254.0,,,,,,,,,,,,,,,,,,,,,,0.2,3,COMPLETE
121,121,-3.4014790656016824,2025-06-15 01:27:56.513368,2025-06-15 01:27:58.295364,0 days 00:00:01.781996,,,,,,,,,,,,,,,,,,,,,,,,,,,,,666,0.005,3m,4.0,2.5,1.1,124,732.0,0.002,3m,1.0,1.5,0.9,466.0,514.0,0.005,2m,3.5,1.0,1.8,152.0,,,,,,,,,,,,,,,,,,,,,,0.2,3,COMPLETE
122,122,9.190886670055201,2025-06-15 01:27:58.349822,2025-06-15 01:28:00.058898,0 days 00:00:01.709076,,,,,,,,,,,,,,,,,,,,,,,,,,,,,738,0.005,3m,4.0,2.5,1.2000000000000002,140,668.0,0.003,3m,3.5,1.5,0.8,510.0,538.0,0.005,2m,3.5,1.0,1.8,120.0,,,,,,,,,,,,,,,,,,,,,,0.15000000000000002,3,COMPLETE
123,123,10.692884057393865,2025-06-15 01:28:00.110141,2025-06-15 01:28:01.737467,0 days 00:00:01.627326,,,,,,,,,,,,,,,,,,,,,,,,,,,,,752,0.004,3m,4.0,2.5,1.2000000000000002,86,670.0,0.003,3m,3.5,1.5,0.7,512.0,540.0,0.006,2m,3.5,1.0,0.9,122.0,,,,,,,,,,,,,,,,,,,,,,0.25,3,COMPLETE
124,124,7.238937102239466,2025-06-15 01:28:01.797182,2025-06-15 01:28:03.221097,0 days 00:00:01.423915,,,,,,,,,,,,,,,,,,,,,,,,,,,,,764,0.004,3m,4.0,2.5,1.1,84,682.0,0.003,3m,3.5,1.5,0.7,548.0,546.0,0.006,2m,3.0,1.0,0.9,142.0,,,,,,,,,,,,,,,,,,,,,,0.25,3,COMPLETE
