,number,value,datetime_start,datetime_complete,duration,params_AAPL_FAST_beta_win,params_AAPL_FAST_stop_loss,params_AAPL_FAST_trade_freq,params_AAPL_FAST_z_entry,params_AAPL_FAST_z_exit,params_AAPL_FAST_z_stop_scaler,params_AAPL_FAST_z_win,params_ADSK_MELI_beta_win,params_ADSK_MELI_stop_loss,params_ADSK_MELI_trade_freq,params_ADSK_MELI_z_entry,params_ADSK_MELI_z_exit,params_ADSK_MELI_z_stop_scaler,params_ADSK_MELI_z_win,params_AEP_TMUS_beta_win,params_AEP_TMUS_stop_loss,params_AEP_TMUS_trade_freq,params_AEP_TMUS_z_entry,params_AEP_TMUS_z_exit,params_AEP_TMUS_z_stop_scaler,params_AEP_TMUS_z_win,params_AMZN_FAST_beta_win,params_AMZN_FAST_stop_loss,params_AMZN_FAST_trade_freq,params_AMZN_FAST_z_entry,params_AMZN_FAST_z_exit,params_AMZN_FAST_z_stop_scaler,params_AMZN_FAST_z_win,params_CSX_FAST_beta_win,params_CSX_FAST_stop_loss,params_CSX_FAST_trade_freq,params_CSX_FAST_z_entry,params_CSX_FAST_z_exit,params_CSX_FAST_z_stop_scaler,params_CSX_FAST_z_win,params_CTAS_FAST_beta_win,params_CTAS_FAST_stop_loss,params_CTAS_FAST_trade_freq,params_CTAS_FAST_z_entry,params_CTAS_FAST_z_exit,params_CTAS_FAST_z_stop_scaler,params_CTAS_FAST_z_win,params_DDOG_ILMN_beta_win,params_DDOG_ILMN_stop_loss,params_DDOG_ILMN_trade_freq,params_DDOG_ILMN_z_entry,params_DDOG_ILMN_z_exit,params_DDOG_ILMN_z_stop_scaler,params_DDOG_ILMN_z_win,params_DXCM_FAST_beta_win,params_DXCM_FAST_stop_loss,params_DXCM_FAST_trade_freq,params_DXCM_FAST_z_entry,params_DXCM_FAST_z_exit,params_DXCM_FAST_z_stop_scaler,params_DXCM_FAST_z_win,params_QCOM_MELI_beta_win,params_QCOM_MELI_stop_loss,params_QCOM_MELI_trade_freq,params_QCOM_MELI_z_entry,params_QCOM_MELI_z_exit,params_QCOM_MELI_z_stop_scaler,params_QCOM_MELI_z_win,params_ZM_MELI_beta_win,params_ZM_MELI_stop_loss,params_ZM_MELI_trade_freq,params_ZM_MELI_z_entry,params_ZM_MELI_z_exit,params_ZM_MELI_z_stop_scaler,params_ZM_MELI_z_win,params_buffer_capital,params_pairs_to_trade,state
57,57,1.8767706623475606,2025-06-15 01:27:11.536275,2025-06-15 01:27:13.717141,0 days 00:00:02.180866,556.0,0.001,1m,1.5,4.0,0.5,376.0,872,0.007,2m,3.5,2.5,0.5,606,656.0,0.007,2m,3.5,2.0,2.0,1022.0,,,,,,,,,,,,,,,,,,,,,,722.0,0.001,4m,3.0,2.0,1.2000000000000002,624.0,204.0,0.001,2m,4.0,2.5,1.8,900.0,,,,,,,,,,,,,,,0.15000000000000002,5,COMPLETE
58,58,-3.198697432638534,2025-06-15 01:27:13.783235,2025-06-15 01:27:16.322787,0 days 00:00:02.539552,660.0,0.002,1m,1.0,3.5,0.5,590.0,860,0.006,2m,3.5,2.0,0.6,544,752.0,0.006,2m,3.5,1.5,1.8,914.0,,,,,,,,,,,,,,,,,,,,,,864.0,0.001,4m,3.0,2.0,1.1,508.0,72.0,0.001,2m,4.0,3.0,1.9000000000000001,810.0,,,,,,,,,,,,,,,0.2,5,COMPLETE
59,59,5.579970781152667,2025-06-15 01:27:16.378109,2025-06-15 01:27:19.217511,0 days 00:00:02.839402,728.0,0.001,1m,1.5,4.0,0.7,414.0,978,0.007,2m,3.5,2.5,0.5,686,610.0,0.007,2m,3.0,2.0,1.9000000000000001,774.0,,,,,,,,778.0,0.01,4m,4.0,2.5,0.7,452.0,,,,,,,,510.0,0.002,4m,3.0,2.5,1.4,706.0,114.0,0.001,2m,3.5,3.0,1.5,920.0,,,,,,,,,,,,,,,0.2,6,COMPLETE
60,60,2.668922197632165,2025-06-15 01:27:19.278731,2025-06-15 01:27:22.365307,0 days 00:00:03.086576,756.0,0.002,1m,1.5,4.0,0.7,406.0,1018,0.007,2m,4.0,2.0,0.5,682,652.0,0.009000000000000001,2m,3.5,1.5,2.0,778.0,,,,,,,,804.0,0.01,4m,4.0,3.0,0.7,404.0,,,,,,,,516.0,0.002,4m,3.0,3.0,1.4,634.0,114.0,0.001,2m,4.0,2.5,1.5,954.0,,,,,,,,832.0,0.008,4m,2.5,3.5,0.6,400.0,0.2,7,COMPLETE
61,61,6.1322610456222595,2025-06-15 01:27:22.444287,2025-06-15 01:27:25.574389,0 days 00:00:03.130102,618.0,0.001,1m,1.5,3.5,0.5,318.0,946,0.007,2m,3.5,2.5,0.6,576,572.0,0.007,2m,3.0,2.0,1.9000000000000001,918.0,,,,,,,,750.0,0.009000000000000001,4m,3.5,2.5,0.7,570.0,,,,,,,,570.0,0.002,4m,2.5,2.5,1.2000000000000002,838.0,26.0,0.001,2m,3.5,3.0,1.5,884.0,,,,,,,,,,,,,,,0.25,6,COMPLETE
62,62,7.94457461320378,2025-06-15 01:27:25.630876,2025-06-15 01:27:27.817388,0 days 00:00:02.186512,698.0,0.001,1m,1.5,4.0,0.7,320.0,976,0.007,2m,3.5,2.5,0.6,568,620.0,0.007,2m,2.5,2.0,1.9000000000000001,948.0,,,,,,,,,,,,,,,,,,,,,,550.0,0.003,4m,2.5,2.5,1.3,848.0,16.0,0.002,2m,4.0,3.0,1.3,902.0,,,,,,,,,,,,,,,0.15000000000000002,5,COMPLETE
63,63,4.924254414849307,2025-06-15 01:27:27.886662,2025-06-15 01:27:31.040056,0 days 00:00:03.153394,722.0,0.001,1m,1.0,4.0,0.7,324.0,958,0.009000000000000001,2m,3.5,2.5,0.6,512,612.0,0.006,2m,2.5,2.5,1.9000000000000001,808.0,,,,,,,,748.0,0.009000000000000001,4m,3.5,2.5,0.7,560.0,,,,,,,,454.0,0.003,4m,2.5,2.5,1.4,858.0,34.0,0.002,2m,3.5,3.0,1.4,950.0,,,,,,,,,,,,,,,0.15000000000000002,6,COMPLETE
64,64,7.271283804101969,2025-06-15 01:27:31.096780,2025-06-15 01:27:34.472111,0 days 00:00:03.375331,618.0,0.002,1m,1.5,3.5,0.7,206.0,932,0.007,2m,3.0,2.0,0.7,462,512.0,0.005,2m,3.0,2.0,1.7000000000000002,918.0,,,,,,,,846.0,0.007,4m,4.0,2.5,0.6,424.0,,,,,,,,550.0,0.003,4m,2.5,3.0,1.4,956.0,90.0,0.002,2m,3.5,3.5,1.3,900.0,,,,,,,,678.0,0.002,2m,2.5,4.0,1.5,668.0,0.25,7,COMPLETE
65,65,2.7579682435605344,2025-06-15 01:27:34.550330,2025-06-15 01:27:37.845308,0 days 00:00:03.294978,778.0,0.003,1m,1.5,4.0,0.8,184.0,990,0.008,2m,3.0,2.0,0.7,470,730.0,0.004,2m,3.0,1.5,1.7000000000000002,952.0,,,,,,,,876.0,0.007,4m,4.0,2.5,0.6,394.0,,,,,,,,566.0,0.003,4m,2.0,3.0,1.3,904.0,68.0,0.002,2m,3.5,3.5,1.3,882.0,,,,,,,,698.0,0.002,2m,2.5,4.0,1.5,680.0,0.25,7,COMPLETE
66,66,6.851004157743398,2025-06-15 01:27:37.939026,2025-06-15 01:27:41.366038,0 days 00:00:03.427012,700.0,0.002,1m,1.0,3.0,0.9,200.0,924,0.007,2m,3.0,2.0,2.0,440,540.0,0.005,2m,2.5,2.5,1.9000000000000001,934.0,,,,,,,,1022.0,0.007,4m,4.0,3.0,0.8,302.0,,,,,,,,496.0,0.004,4m,2.5,2.5,1.5,932.0,108.0,0.002,2m,4.0,3.5,1.2000000000000002,984.0,,,,,,,,1012.0,0.001,2m,2.0,4.0,1.7000000000000002,510.0,0.1,7,COMPLETE
67,67,1.7397080463966568,2025-06-15 01:27:41.425904,2025-06-15 01:27:44.815211,0 days 00:00:03.389307,718.0,0.002,1m,1.0,3.0,0.9,214.0,924,0.007,2m,3.0,2.0,0.6,390,528.0,0.005,2m,2.5,2.5,1.9000000000000001,932.0,,,,,,,,988.0,0.007,4m,4.0,3.0,0.8,324.0,,,,,,,,496.0,0.004,4m,2.5,2.5,1.5,964.0,16.0,0.002,2m,4.0,3.5,1.2000000000000002,992.0,,,,,,,,1020.0,0.001,2m,2.0,4.0,1.7000000000000002,424.0,0.1,7,COMPLETE
68,68,4.394892810931502,2025-06-15 01:27:44.874629,2025-06-15 01:27:47.155952,0 days 00:00:02.281323,600.0,0.002,1m,1.5,3.5,0.7,304.0,934,0.009000000000000001,2m,3.0,2.5,0.5,402,440.0,0.004,2m,2.5,3.0,1.9000000000000001,948.0,,,,,,,,,,,,,,,,,,,,,,394.0,0.003,4m,2.5,2.5,1.5,928.0,108.0,0.002,2m,4.0,3.5,1.1,922.0,,,,,,,,,,,,,,,0.1,5,COMPLETE
69,69,4.992428338028569,2025-06-15 01:27:47.232664,2025-06-15 01:27:50.303303,0 days 00:00:03.070639,692.0,0.002,1m,1.0,3.0,1.0,214.0,986,0.007,2m,4.0,2.0,2.0,296,608.0,0.004,4m,3.0,2.0,1.7000000000000002,922.0,,,,,,,,884.0,0.005,4m,4.0,2.5,0.6,434.0,,,,,,,,592.0,0.002,4m,2.0,3.5,1.3,826.0,136.0,0.003,2m,4.0,3.0,1.3,984.0,,,,,,,,,,,,,,,0.05,6,COMPLETE
70,70,2.259601360766758,2025-06-15 01:27:50.351092,2025-06-15 01:27:53.659824,0 days 00:00:03.308732,620.0,0.001,1m,1.5,3.5,0.6,158.0,818,0.008,2m,3.0,2.0,1.9000000000000001,432,546.0,0.006,2m,3.0,3.0,1.6,958.0,,,,,,,,728.0,0.007,4m,3.5,3.5,0.5,178.0,,,,,,,,534.0,0.004,1m,2.5,3.0,1.6,952.0,52.0,0.001,2m,3.0,3.5,1.2000000000000002,864.0,,,,,,,,900.0,0.002,2m,1.5,3.5,1.9000000000000001,532.0,0.25,7,COMPLETE
71,71,3.3187228798617032,2025-06-15 01:27:53.720544,2025-06-15 01:27:55.975534,0 days 00:00:02.254990,806.0,0.003,3m,1.0,4.0,0.6,312.0,944,0.008,2m,3.0,2.0,1.5,550,716.0,0.005,2m,2.5,2.5,1.9000000000000001,808.0,,,,,,,,,,,,,,,,,,,,,,476.0,0.005,2m,3.0,2.5,1.4,882.0,82.0,0.003,2m,4.0,2.5,1.5,804.0,,,,,,,,,,,,,,,0.15000000000000002,5,COMPLETE
72,72,4.617933038798467,2025-06-15 01:27:56.030909,2025-06-15 01:27:58.102074,0 days 00:00:02.071165,700.0,0.002,1m,1.5,4.0,0.8,428.0,1024,0.007,2m,3.5,2.5,1.9000000000000001,354,,,,,,,,,,,,,,,,,,,,,,,,,,,,,622.0,0.003,4m,2.5,3.0,1.7000000000000002,828.0,146.0,0.002,4m,3.5,3.0,1.3,924.0,,,,,,,,,,,,,,,0.2,4,COMPLETE
73,73,-0.5189526551587387,2025-06-15 01:27:58.160809,2025-06-15 01:28:01.630623,0 days 00:00:03.469814,806.0,0.006,2m,2.5,3.5,0.9,240.0,976,0.007,3m,3.0,2.5,1.7000000000000002,620,802.0,0.006,2m,3.5,4.0,1.9000000000000001,892.0,,,,,,,,856.0,0.006,4m,4.0,2.5,0.8,534.0,,,,,,,,342.0,0.002,4m,3.0,2.5,1.0,988.0,94.0,0.001,2m,3.5,3.5,1.5,908.0,,,,,,,,892.0,0.001,2m,2.5,4.0,1.4,202.0,0.1,7,COMPLETE
74,74,-0.27137069117762846,2025-06-15 01:28:01.687414,2025-06-15 01:28:05.431778,0 days 00:00:03.744364,630.0,0.007,1m,1.5,3.0,1.0,146.0,830,0.005,4m,2.5,2.0,0.7,498,612.0,0.005,3m,4.0,1.5,1.6,978.0,,,,,,,,1024.0,0.004,4m,3.5,3.0,0.6,336.0,,,,,,,,428.0,0.003,1m,2.0,3.5,1.5,928.0,38.0,0.003,2m,3.0,3.0,1.4,978.0,198.0,0.008,3m,1.0,2.0,1.1,212.0,762.0,0.003,2m,1.5,3.5,1.7000000000000002,610.0,0.25,8,COMPLETE
75,75,1.3088621023152232,2025-06-15 01:28:05.489222,2025-06-15 01:28:08.506757,0 days 00:00:03.017535,580.0,0.001,1m,1.0,3.0,0.7,342.0,752,0.006,2m,3.5,2.5,0.5,586,416.0,0.006,1m,3.0,2.5,1.8,826.0,,,,,,,,936.0,0.01,3m,4.0,3.5,0.8,454.0,,,,,,,,286.0,0.004,4m,3.0,2.5,1.3,844.0,244.0,0.002,2m,4.0,2.5,1.1,802.0,,,,,,,,,,,,,,,0.25,6,COMPLETE
76,76,2.1141585546867483,2025-06-15 01:28:08.568653,2025-06-15 01:28:12.027433,0 days 00:00:03.458780,472.0,0.002,3m,1.5,4.0,0.8,288.0,898,0.007,2m,3.0,2.0,2.0,684,868.0,0.008,2m,2.5,2.0,2.0,738.0,,,,,,,,938.0,0.008,4m,4.0,3.0,0.6,158.0,,,,,,,,996.0,0.002,4m,2.5,3.0,1.4,698.0,16.0,0.001,3m,3.5,3.5,1.2000000000000002,1022.0,,,,,,,,592.0,0.002,2m,2.0,4.0,1.5,726.0,0.15000000000000002,7,COMPLETE
77,77,0.6173720889298016,2025-06-15 01:28:12.099448,2025-06-15 01:28:13.848474,0 days 00:00:01.749026,754.0,0.003,1m,2.0,3.5,0.6,552.0,994,0.006,2m,3.0,3.0,0.6,530,,,,,,,,,,,,,,,,,,,,,,,,,,,,,538.0,0.003,2m,3.0,2.5,1.7000000000000002,566.0,156.0,0.002,4m,4.0,2.5,1.4,972.0,,,,,,,,,,,,,,,0.3,4,COMPLETE
78,78,3.0975077889336293,2025-06-15 01:28:13.911419,2025-06-15 01:28:17.884707,0 days 00:00:03.973288,660.0,0.001,2m,1.0,4.0,0.7,136.0,960,0.008,2m,3.5,1.5,1.5,460,572.0,0.004,4m,3.5,1.5,1.9000000000000001,984.0,,,,,,,,766.0,0.009000000000000001,1m,3.5,2.5,1.0,254.0,,,,,,,,580.0,0.005,3m,2.5,1.5,1.1,802.0,110.0,0.003,2m,4.0,4.0,1.7000000000000002,866.0,490.0,0.009000000000000001,3m,2.0,3.0,0.9,466.0,920.0,0.005,3m,3.0,3.0,1.8,448.0,0.2,8,COMPLETE
79,79,5.526338951701359,2025-06-15 01:28:17.944297,2025-06-15 01:28:20.724655,0 days 00:00:02.780358,348.0,0.002,1m,2.5,3.5,0.8,252.0,690,0.007,2m,2.5,2.0,1.6,746,692.0,0.009000000000000001,3m,2.5,2.5,2.0,898.0,,,,,,,,852.0,0.005,4m,4.0,3.0,0.7,530.0,,,,,,,,640.0,0.002,4m,2.0,3.0,0.9,468.0,56.0,0.001,1m,3.5,2.5,1.3,752.0,,,,,,,,,,,,,,,0.15000000000000002,6,COMPLETE
80,80,-6.226450569027825,2025-06-15 01:28:20.775155,2025-06-15 01:28:23.660301,0 days 00:00:02.885146,322.0,0.002,1m,2.5,3.5,0.8,252.0,694,0.007,2m,1.5,2.0,0.6,642,638.0,0.009000000000000001,3m,2.5,2.5,2.0,904.0,,,,,,,,834.0,0.004,4m,4.0,3.0,0.7,532.0,,,,,,,,478.0,0.002,4m,1.5,3.0,0.9,464.0,62.0,0.001,1m,3.5,2.5,1.3,838.0,,,,,,,,,,,,,,,0.1,6,COMPLETE
81,81,3.234033623364281,2025-06-15 01:28:23.707136,2025-06-15 01:28:26.760118,0 days 00:00:03.052982,400.0,0.001,1m,1.5,3.0,0.9,224.0,784,0.006,2m,2.5,2.0,1.8,746,702.0,0.008,3m,2.5,2.5,1.9000000000000001,916.0,,,,,,,,906.0,0.005,4m,4.0,3.5,0.5,486.0,,,,,,,,654.0,0.002,4m,1.5,2.5,0.9,362.0,122.0,0.002,1m,3.5,2.5,1.2000000000000002,750.0,,,,,,,,,,,,,,,0.15000000000000002,6,COMPLETE
82,82,-0.8913062291640583,2025-06-15 01:28:26.829147,2025-06-15 01:28:29.984327,0 days 00:00:03.155180,354.0,0.003,1m,2.0,3.5,1.1,94.0,918,0.007,2m,2.0,2.5,0.7,708,528.0,0.01,3m,3.0,2.0,1.8,852.0,,,,,,,,682.0,0.003,4m,4.0,3.0,0.8,380.0,,,,,,,,616.0,0.003,4m,2.0,3.0,1.0,484.0,90.0,0.001,1m,3.0,2.0,1.0,916.0,,,,,,,,738.0,0.001,2m,1.0,3.5,1.4,746.0,0.3,7,COMPLETE
83,83,1.2411279762513212,2025-06-15 01:28:30.046827,2025-06-15 01:28:32.735900,0 days 00:00:02.689073,462.0,0.001,1m,1.5,4.0,0.7,352.0,852,0.008,3m,3.0,2.0,1.6,794,614.0,0.009000000000000001,3m,4.0,3.0,2.0,778.0,,,,,,,,,,,,,,,,,,,,,,512.0,0.003,4m,2.0,3.5,1.6,438.0,44.0,0.002,1m,3.5,3.0,1.1,952.0,,,,,,,,,,,,,,,0.25,5,COMPLETE
84,84,5.526872000488722,2025-06-15 01:28:32.794812,2025-06-15 01:28:35.662192,0 days 00:00:02.867380,270.0,0.002,4m,2.5,3.5,0.8,416.0,608,0.004,2m,4.0,1.5,1.8,242,702.0,0.007,2m,2.5,2.0,1.9000000000000001,1000.0,,,,,,,,740.0,0.002,4m,3.5,2.5,0.6,574.0,,,,,,,,384.0,0.004,4m,2.5,2.5,1.3,1024.0,302.0,0.001,1m,4.0,2.5,1.5,866.0,,,,,,,,,,,,,,,0.2,6,COMPLETE
85,85,2.993432034565036,2025-06-15 01:28:35.717293,2025-06-15 01:28:38.122297,0 days 00:00:02.405004,240.0,0.002,4m,2.5,3.5,0.8,398.0,626,0.007,2m,4.0,1.5,1.8,104,694.0,0.007,2m,2.5,2.0,1.9000000000000001,996.0,,,,,,,,,,,,,,,,,,,,,,400.0,0.004,4m,2.5,2.5,1.3,1014.0,314.0,0.001,1m,4.0,2.5,1.5,780.0,,,,,,,,,,,,,,,0.2,5,COMPLETE
86,86,5.506743713676695,2025-06-15 01:28:38.186313,2025-06-15 01:28:41.027006,0 days 00:00:02.840693,310.0,0.002,4m,2.5,3.5,0.6,278.0,550,0.006,2m,4.0,1.0,2.0,274,802.0,0.007,2m,2.0,1.5,1.8,958.0,,,,,,,,740.0,0.001,4m,3.5,2.5,0.6,550.0,,,,,,,,460.0,0.002,4m,2.5,2.5,1.4,962.0,166.0,0.001,1m,4.0,2.5,1.4,868.0,,,,,,,,,,,,,,,0.2,6,COMPLETE
87,87,3.653533898299309,2025-06-15 01:28:41.089965,2025-06-15 01:28:43.878420,0 days 00:00:02.788455,188.0,0.003,4m,2.5,3.5,0.6,276.0,652,0.006,2m,4.0,1.0,2.0,150,846.0,0.007,2m,2.0,2.0,1.7000000000000002,962.0,,,,,,,,738.0,0.002,4m,3.5,2.5,0.6,564.0,,,,,,,,432.0,0.002,4m,2.5,2.5,1.5,904.0,196.0,0.001,1m,4.0,2.5,1.4,862.0,,,,,,,,,,,,,,,0.15000000000000002,6,COMPLETE
88,88,7.660596157080352,2025-06-15 01:28:43.942630,2025-06-15 01:28:46.677066,0 days 00:00:02.734436,278.0,0.002,4m,2.5,3.5,0.6,426.0,550,0.005,2m,4.0,1.0,1.9000000000000001,238,810.0,0.006,2m,2.5,2.5,1.8,1008.0,,,,,,,,830.0,0.002,4m,3.5,2.5,0.7,500.0,,,,,,,,380.0,0.002,4m,2.5,2.5,1.4,956.0,234.0,0.001,1m,4.0,3.0,1.5,890.0,,,,,,,,,,,,,,,0.2,6,COMPLETE
89,89,4.1886741708449895,2025-06-15 01:28:46.752771,2025-06-15 01:28:49.427286,0 days 00:00:02.674515,290.0,0.002,4m,2.5,3.0,0.7,324.0,554,0.004,2m,4.0,1.0,1.8,218,818.0,0.006,2m,2.5,2.5,1.9000000000000001,1012.0,,,,,,,,790.0,0.002,4m,3.5,2.5,0.7,698.0,,,,,,,,364.0,0.005,4m,2.0,2.5,1.4,968.0,244.0,0.001,1m,4.0,3.0,1.5,934.0,,,,,,,,,,,,,,,0.2,6,COMPLETE
90,90,2.8331226125123203,2025-06-15 01:28:49.503468,2025-06-15 01:28:52.556790,0 days 00:00:03.053322,280.0,0.002,4m,2.5,3.5,0.6,430.0,578,0.005,2m,4.0,1.0,1.9000000000000001,238,934.0,0.006,1m,2.0,2.5,1.7000000000000002,972.0,,,,,,,,850.0,0.001,4m,3.5,2.5,0.7,486.0,,,,,,,,456.0,0.002,1m,2.5,2.5,1.5,946.0,170.0,0.001,1m,4.0,3.0,1.4,896.0,,,,,,,,,,,,,,,0.15000000000000002,6,COMPLETE
91,91,11.437244600841819,2025-06-15 01:28:52.625575,2025-06-15 01:28:54.751198,0 days 00:00:02.125623,184.0,0.001,4m,2.5,3.5,0.5,180.0,528,0.004,2m,4.0,1.0,1.9000000000000001,234,748.0,0.007,2m,2.5,2.0,1.8,936.0,,,,,,,,,,,,,,,,,,,,,,560.0,0.002,4m,2.5,2.5,1.4,994.0,228.0,0.001,1m,4.0,2.5,1.5,862.0,,,,,,,,,,,,,,,0.2,5,COMPLETE
92,92,9.36714385246485,2025-06-15 01:28:54.800827,2025-06-15 01:28:57.689472,0 days 00:00:02.888645,240.0,0.001,4m,2.5,3.5,0.6,204.0,446,0.005,2m,4.0,1.0,1.9000000000000001,242,794.0,0.007,2m,2.5,2.0,1.8,1024.0,,,,,,,,972.0,0.002,4m,3.0,2.5,0.6,576.0,,,,,,,,566.0,0.002,4m,2.5,2.5,1.4,1018.0,136.0,0.001,1m,4.0,3.0,1.3,832.0,,,,,,,,,,,,,,,0.2,6,COMPLETE
93,93,10.748986454846046,2025-06-15 01:28:57.760883,2025-06-15 01:29:00.146112,0 days 00:00:02.385229,148.0,0.001,4m,2.5,3.5,0.7,184.0,442,0.004,2m,4.0,1.5,1.9000000000000001,198,750.0,0.008,2m,2.5,2.0,1.9000000000000001,1022.0,,,,,,,,,,,,,,,,,,,,,,562.0,0.002,4m,2.5,2.5,1.3,1022.0,54.0,0.002,1m,3.5,3.0,1.3,826.0,,,,,,,,,,,,,,,0.2,5,COMPLETE
94,94,10.19756114999232,2025-06-15 01:29:00.209205,2025-06-15 01:29:02.819148,0 days 00:00:02.609943,128.0,0.001,4m,2.5,3.5,0.6,186.0,442,0.004,2m,4.0,1.0,1.9000000000000001,186,770.0,0.008,2m,2.5,2.0,1.8,1024.0,,,,,,,,,,,,,,,,,,,,,,568.0,0.003,4m,2.5,2.5,1.3,1022.0,314.0,0.002,1m,4.0,3.0,1.5,828.0,,,,,,,,,,,,,,,0.2,5,COMPLETE
95,95,2.8293835029581023,2025-06-15 01:29:02.874797,2025-06-15 01:29:04.882719,0 days 00:00:02.007922,132.0,0.001,4m,2.0,3.0,0.5,112.0,436,0.004,2m,4.0,1.0,1.9000000000000001,180,764.0,0.008,2m,2.5,2.0,1.8,1022.0,,,,,,,,,,,,,,,,,,,,,,550.0,0.003,3m,2.5,2.5,1.3,990.0,90.0,0.002,1m,4.0,3.0,1.3,822.0,,,,,,,,,,,,,,,0.2,5,COMPLETE
96,96,13.215180955433048,2025-06-15 01:29:04.947702,2025-06-15 01:29:07.075855,0 days 00:00:02.128153,76.0,0.001,4m,2.5,3.5,0.6,32.0,450,0.004,4m,4.0,1.0,1.9000000000000001,36,,,,,,,,,,,,,,,,,,,,,,,,,,,,,580.0,0.001,4m,2.5,2.5,1.4,916.0,248.0,0.002,1m,3.5,3.0,1.6,780.0,,,,,,,,,,,,,,,0.25,4,COMPLETE
97,97,6.446053490985553,2025-06-15 01:29:07.134930,2025-06-15 01:29:09.168008,0 days 00:00:02.033078,52.0,0.001,4m,2.5,3.5,0.5,42.0,460,0.004,4m,4.0,1.0,1.9000000000000001,34,,,,,,,,,,,,,,,,,,,,,,,,,,,,,594.0,0.001,4m,2.5,2.5,1.6,902.0,244.0,0.002,1m,4.0,3.5,1.7000000000000002,788.0,,,,,,,,,,,,,,,0.25,4,COMPLETE
98,98,4.25084966098936,2025-06-15 01:29:09.235621,2025-06-15 01:29:11.264758,0 days 00:00:02.029137,18.0,0.001,4m,2.5,3.5,0.6,60.0,452,0.004,4m,4.0,1.0,1.9000000000000001,70,,,,,,,,,,,,,,,,,,,,,,,,,,,,,606.0,0.001,4m,2.5,2.5,1.6,914.0,386.0,0.003,1m,4.0,3.5,1.7000000000000002,708.0,,,,,,,,,,,,,,,0.25,4,COMPLETE
99,99,5.721646251269179,2025-06-15 01:29:11.336483,2025-06-15 01:29:13.133504,0 days 00:00:01.797021,60.0,0.001,4m,2.5,3.5,0.6,42.0,398,0.003,4m,4.0,1.0,2.0,102,,,,,,,,,,,,,,,,,,,,,,,,,,,,,568.0,0.001,4m,2.5,2.5,1.5,878.0,244.0,0.002,1m,4.0,3.5,1.2000000000000002,772.0,,,,,,,,,,,,,,,0.25,4,COMPLETE
100,100,-1.8821857279538838,2025-06-15 01:29:13.181617,2025-06-15 01:29:14.992102,0 days 00:00:01.810485,154.0,0.001,4m,3.0,3.0,0.5,188.0,484,0.005,4m,4.0,1.0,1.9000000000000001,22,,,,,,,,,,,,,,,,,,,,,,,,,,,,,672.0,0.001,2m,2.5,2.5,1.4,182.0,282.0,0.002,1m,4.0,3.5,1.6,670.0,,,,,,,,,,,,,,,0.2,4,COMPLETE
101,101,9.350156874956856,2025-06-15 01:29:15.057203,2025-06-15 01:29:17.547343,0 days 00:00:02.490140,88.0,0.001,4m,2.5,3.5,0.5,126.0,354,0.004,4m,4.0,1.0,1.7000000000000002,338,928.0,0.008,2m,2.5,2.0,1.5,200.0,,,,,,,,,,,,,,,,,,,,,,580.0,0.001,4m,2.5,2.5,1.6,1000.0,252.0,0.002,1m,3.5,3.0,1.6,798.0,,,,,,,,,,,,,,,0.25,5,COMPLETE
102,102,0.8310006630130494,2025-06-15 01:29:17.606440,2025-06-15 01:29:20.058159,0 days 00:00:02.451719,94.0,0.001,4m,2.5,3.5,0.5,28.0,348,0.004,4m,4.0,1.0,1.7000000000000002,336,952.0,0.008,2m,2.5,2.0,1.5,90.0,,,,,,,,,,,,,,,,,,,,,,596.0,0.001,4m,2.5,2.5,1.7000000000000002,1000.0,252.0,0.002,1m,4.0,3.0,1.6,830.0,,,,,,,,,,,,,,,0.25,5,COMPLETE
103,103,9.365096504655845,2025-06-15 01:29:20.116587,2025-06-15 01:29:21.722324,0 days 00:00:01.605737,74.0,0.001,4m,2.5,3.5,0.6,180.0,420,0.005,4m,4.0,1.0,1.8,190,,,,,,,,,,,,,,,,,,,,,,,,,,,,,,,,,,,,296.0,0.002,1m,4.0,3.0,1.7000000000000002,806.0,,,,,,,,,,,,,,,0.05,3,COMPLETE
104,104,8.347142567520535,2025-06-15 01:29:21.776059,2025-06-15 01:29:23.047977,0 days 00:00:01.271918,180.0,0.001,4m,2.5,3.5,0.6,188.0,410,0.005,4m,4.0,1.0,1.8,196,,,,,,,,,,,,,,,,,,,,,,,,,,,,,,,,,,,,296.0,0.003,1m,4.0,3.0,1.6,846.0,,,,,,,,,,,,,,,0.05,3,COMPLETE
105,105,6.200557897526736,2025-06-15 01:29:23.086148,2025-06-15 01:29:24.432611,0 days 00:00:01.346463,182.0,0.001,4m,2.5,3.5,0.6,118.0,418,0.005,4m,4.0,1.0,1.8,200,,,,,,,,,,,,,,,,,,,,,,,,,,,,,,,,,,,,296.0,0.003,1m,3.5,3.0,1.7000000000000002,848.0,,,,,,,,,,,,,,,0.05,3,COMPLETE
106,106,1.6688167474141278,2025-06-15 01:29:24.496924,2025-06-15 01:29:26.112447,0 days 00:00:01.615523,118.0,0.001,4m,2.5,3.5,0.7,180.0,372,0.005,4m,4.0,1.0,1.8,154,,,,,,,,,,,,,,,,,,,,,,,,,,,,,,,,,,,,336.0,0.003,1m,4.0,3.0,1.6,724.0,,,,,,,,,,,,,,,0.05,3,COMPLETE
107,107,-0.7358134893669793,2025-06-15 01:29:26.200854,2025-06-15 01:29:28.700649,0 days 00:00:02.499795,84.0,0.001,4m,3.0,3.5,0.6,166.0,366,0.005,4m,4.0,1.0,1.9000000000000001,278,930.0,0.008,4m,2.0,2.0,1.3,200.0,,,,,,,,,,,,,,,,,,,,,,532.0,0.007,3m,2.0,2.0,1.9000000000000001,1024.0,374.0,0.002,1m,3.5,3.0,1.6,800.0,,,,,,,,,,,,,,,0.05,5,COMPLETE
108,108,2.5770792614877296,2025-06-15 01:29:28.772679,2025-06-15 01:29:30.301349,0 days 00:00:01.528670,170.0,0.001,4m,2.5,3.5,0.6,76.0,424,0.004,4m,4.0,1.0,1.7000000000000002,122,,,,,,,,,,,,,,,,,,,,,,,,,,,,,,,,,,,,204.0,0.002,1m,3.0,3.0,1.7000000000000002,818.0,,,,,,,,,,,,,,,0.2,3,COMPLETE
109,109,3.5162312652170287,2025-06-15 01:29:30.364193,2025-06-15 01:29:32.717958,0 days 00:00:02.353765,204.0,0.001,4m,3.0,3.5,0.5,130.0,522,0.003,4m,4.0,1.0,1.8,186,884.0,0.008,1m,2.0,2.0,1.5,308.0,,,,,,,,,,,,,,,,,,,,,,646.0,0.009000000000000001,4m,2.0,2.0,1.3,982.0,320.0,0.003,1m,3.5,3.0,1.4,764.0,,,,,,,,,,,,,,,0.3,5,COMPLETE
110,110,5.0845263159155865,2025-06-15 01:29:32.777261,2025-06-15 01:29:34.884342,0 days 00:00:02.107081,132.0,0.001,4m,2.5,3.5,0.7,232.0,510,0.005,4m,4.0,1.0,1.9000000000000001,252,,,,,,,,,,,,,,,,,,,,,,,,,,,,,626.0,0.001,4m,2.5,3.0,1.8,946.0,270.0,0.002,1m,4.0,3.0,1.5,848.0,,,,,,,,,,,,,,,0.05,4,COMPLETE
111,111,5.730697086066262,2025-06-15 01:29:34.946706,2025-06-15 01:29:37.802955,0 days 00:00:02.856249,232.0,0.001,4m,2.0,3.0,0.6,206.0,410,0.004,4m,4.0,1.5,2.0,308,848.0,0.005,2m,2.5,2.5,1.1,236.0,,,,,,,,,,,,,,,,,,,,,,486.0,0.003,4m,2.5,4.0,1.4,930.0,222.0,0.002,1m,4.0,3.0,1.3,898.0,,,,,,,,,,,,,,,0.1,5,COMPLETE
112,112,6.946820589464488,2025-06-15 01:29:37.860362,2025-06-15 01:29:40.537380,0 days 00:00:02.677018,42.0,0.001,4m,2.5,3.5,0.6,162.0,476,0.005,4m,4.0,1.0,2.0,350,,,,,,,,,,,,,,,,,,,,,,,,,,,,,,,,,,,,432.0,0.002,1m,4.0,3.0,1.8,792.0,,,,,,,,,,,,,,,0.1,3,COMPLETE
113,113,7.3389225696618965,2025-06-15 01:29:40.637660,2025-06-15 01:29:43.204339,0 days 00:00:02.566679,50.0,0.001,4m,2.5,3.5,0.7,156.0,480,0.005,4m,4.0,1.0,1.7000000000000002,220,,,,,,,,,,,,,,,,,,,,,,,,,,,,,,,,,,,,414.0,0.009000000000000001,1m,4.0,3.0,1.9000000000000001,790.0,,,,,,,,,,,,,,,0.1,3,COMPLETE
114,114,4.3366139141422435,2025-06-15 01:29:43.299986,2025-06-15 01:29:46.493507,0 days 00:00:03.193521,82.0,0.001,4m,2.5,3.5,0.7,102.0,448,0.004,4m,4.0,1.0,1.7000000000000002,214,,,,,,,,,,,,,,,,,,,,,,,,,,,,,214.0,0.002,2m,2.5,2.0,1.3,976.0,296.0,0.004,1m,4.0,3.0,1.9000000000000001,826.0,,,,,,,,,,,,,,,0.05,4,COMPLETE
