,number,value,datetime_start,datetime_complete,duration,params_ADSK_QCOM_beta_win,params_ADSK_QCOM_stop_loss,params_ADSK_QCOM_trade_freq,params_ADSK_QCOM_z_entry,params_ADSK_QCOM_z_exit,params_ADSK_QCOM_z_stop_scaler,params_ADSK_QCOM_z_win,params_ALGN_CHKP_beta_win,params_ALGN_CHKP_stop_loss,params_ALGN_CHKP_trade_freq,params_ALGN_CHKP_z_entry,params_ALGN_CHKP_z_exit,params_ALGN_CHKP_z_stop_scaler,params_ALGN_CHKP_z_win,params_COST_CHKP_beta_win,params_COST_CHKP_stop_loss,params_COST_CHKP_trade_freq,params_COST_CHKP_z_entry,params_COST_CHKP_z_exit,params_COST_CHKP_z_stop_scaler,params_COST_CHKP_z_win,params_CPRT_CHKP_beta_win,params_CPRT_CHKP_stop_loss,params_CPRT_CHKP_trade_freq,params_CPRT_CHKP_z_entry,params_CPRT_CHKP_z_exit,params_CPRT_CHKP_z_stop_scaler,params_CPRT_CHKP_z_win,params_GOOGL_CHKP_beta_win,params_GOOGL_CHKP_stop_loss,params_GOOGL_CHKP_trade_freq,params_GOOGL_CHKP_z_entry,params_GOOGL_CHKP_z_exit,params_GOOGL_CHKP_z_stop_scaler,params_GOOGL_CHKP_z_win,params_GOOG_CHKP_beta_win,params_GOOG_CHKP_stop_loss,params_GOOG_CHKP_trade_freq,params_GOOG_CHKP_z_entry,params_GOOG_CHKP_z_exit,params_GOOG_CHKP_z_stop_scaler,params_GOOG_CHKP_z_win,params_ISRG_CHKP_beta_win,params_ISRG_CHKP_stop_loss,params_ISRG_CHKP_trade_freq,params_ISRG_CHKP_z_entry,params_ISRG_CHKP_z_exit,params_ISRG_CHKP_z_stop_scaler,params_ISRG_CHKP_z_win,params_LULU_CHKP_beta_win,params_LULU_CHKP_stop_loss,params_LULU_CHKP_trade_freq,params_LULU_CHKP_z_entry,params_LULU_CHKP_z_exit,params_LULU_CHKP_z_stop_scaler,params_LULU_CHKP_z_win,params_MSFT_CHKP_beta_win,params_MSFT_CHKP_stop_loss,params_MSFT_CHKP_trade_freq,params_MSFT_CHKP_z_entry,params_MSFT_CHKP_z_exit,params_MSFT_CHKP_z_stop_scaler,params_MSFT_CHKP_z_win,params_PEP_CHKP_beta_win,params_PEP_CHKP_stop_loss,params_PEP_CHKP_trade_freq,params_PEP_CHKP_z_entry,params_PEP_CHKP_z_exit,params_PEP_CHKP_z_stop_scaler,params_PEP_CHKP_z_win,params_buffer_capital,params_pairs_to_trade,state
0,0,1.234836875933867,2025-06-15 00:22:11.892814,2025-06-15 00:22:13.335471,0 days 00:00:01.442657,,,,,,,,1000.0,0.002,1m,2.5,2.0,0.6,468.0,,,,,,,,342,0.009000000000000001,3m,3.5,2.0,1.3,502,876.0,0.003,3m,1.0,3.0,1.3,394.0,,,,,,,,,,,,,,,,,,,,,,,,,,,,,,,,,,,,0.5,3,COMPLETE
1,1,-10.402762320377267,2025-06-15 00:22:13.419977,2025-06-15 00:22:14.899282,0 days 00:00:01.479305,,,,,,,,984.0,0.006,3m,2.5,3.0,1.0,592.0,,,,,,,,324,0.009000000000000001,2m,4.0,1.5,1.9000000000000001,320,210.0,0.009000000000000001,1m,3.0,3.0,1.9000000000000001,948.0,,,,,,,,,,,,,,,,,,,,,,,,,,,,,,,,,,,,0.3,3,COMPLETE
2,2,5.265370189052964,2025-06-15 00:22:14.981806,2025-06-15 00:22:19.136614,0 days 00:00:04.154808,652.0,0.001,4m,3.0,1.5,0.5,828.0,572.0,0.008,4m,1.5,3.5,2.0,386.0,920.0,0.003,3m,2.5,1.0,1.3,360.0,270,0.008,4m,1.0,1.5,0.5,50,978.0,0.007,3m,1.5,4.0,0.7,698.0,110.0,0.003,4m,1.0,4.0,1.6,146.0,34.0,0.005,2m,3.0,3.5,0.8,230.0,76.0,0.001,3m,2.5,2.5,0.6,388.0,670.0,0.006,4m,2.0,2.5,0.8,548.0,,,,,,,,0.2,9,COMPLETE
3,3,5.623278649753535,2025-06-15 00:22:19.216133,2025-06-15 00:22:21.584859,0 days 00:00:02.368726,,,,,,,,352.0,0.007,2m,1.0,3.5,1.3,856.0,,,,,,,,544,0.009000000000000001,1m,1.5,3.5,1.3,326,844.0,0.01,4m,3.5,4.0,1.9000000000000001,582.0,434.0,0.006,3m,2.5,3.5,0.7,974.0,960.0,0.01,4m,2.5,1.5,1.3,260.0,,,,,,,,,,,,,,,,,,,,,,0.05,5,COMPLETE
4,4,-4.613788306391774,2025-06-15 00:22:21.669368,2025-06-15 00:22:24.100302,0 days 00:00:02.430934,,,,,,,,754.0,0.009000000000000001,1m,2.5,3.0,1.1,992.0,,,,,,,,974,0.009000000000000001,4m,1.5,2.0,1.9000000000000001,702,56.0,0.007,4m,3.5,3.0,1.7000000000000002,226.0,886.0,0.003,3m,3.5,2.5,1.1,452.0,956.0,0.01,1m,1.5,1.5,1.9000000000000001,592.0,,,,,,,,,,,,,,,,,,,,,,0.2,5,COMPLETE
5,5,0.6700806241691476,2025-06-15 00:22:24.160816,2025-06-15 00:22:27.917760,0 days 00:00:03.756944,370.0,0.007,1m,2.0,1.0,1.4,490.0,804.0,0.008,1m,2.5,3.5,0.6,550.0,974.0,0.008,4m,3.0,4.0,1.8,922.0,430,0.001,4m,2.5,4.0,0.8,278,218.0,0.004,2m,1.5,3.0,1.6,72.0,32.0,0.006,1m,3.0,3.5,1.5,220.0,604.0,0.006,1m,4.0,2.0,1.9000000000000001,106.0,,,,,,,,304.0,0.007,4m,1.5,1.0,1.8,648.0,,,,,,,,0.15000000000000002,8,COMPLETE
6,6,0.9587310077210857,2025-06-15 00:22:27.990271,2025-06-15 00:22:29.947288,0 days 00:00:01.957017,,,,,,,,56.0,0.009000000000000001,3m,2.5,1.5,1.1,276.0,,,,,,,,264,0.008,1m,4.0,1.0,0.6,718,588.0,0.007,2m,2.5,2.5,0.8,598.0,,,,,,,,254.0,0.009000000000000001,2m,2.0,3.5,1.6,890.0,,,,,,,,,,,,,,,,,,,,,,0.45,4,COMPLETE
7,7,-0.6856127129614713,2025-06-15 00:22:30.013288,2025-06-15 00:22:31.685665,0 days 00:00:01.672377,,,,,,,,948.0,0.008,2m,4.0,3.0,1.6,760.0,,,,,,,,952,0.004,3m,2.0,2.5,0.8,652,832.0,0.01,3m,3.5,2.5,1.5,514.0,,,,,,,,,,,,,,,,,,,,,,,,,,,,,,,,,,,,0.1,3,COMPLETE
8,8,6.359061802121301,2025-06-15 00:22:31.758179,2025-06-15 00:22:35.231529,0 days 00:00:03.473350,,,,,,,,150.0,0.002,2m,4.0,3.0,1.4,444.0,338.0,0.005,2m,1.5,3.0,1.4,492.0,186,0.009000000000000001,3m,3.0,3.0,1.2000000000000002,68,172.0,0.001,2m,2.5,4.0,1.8,892.0,574.0,0.009000000000000001,4m,2.0,1.5,1.2000000000000002,294.0,142.0,0.007,1m,3.0,3.0,1.7000000000000002,862.0,,,,,,,,370.0,0.006,3m,2.0,3.0,1.2000000000000002,674.0,,,,,,,,0.05,7,COMPLETE
9,9,-0.37127201083683037,2025-06-15 00:22:35.304045,2025-06-15 00:22:39.824884,0 days 00:00:04.520839,552.0,0.003,1m,2.0,3.5,0.7,384.0,1010.0,0.007,3m,4.0,1.5,0.8,766.0,410.0,0.006,4m,1.0,3.5,1.7000000000000002,748.0,90,0.004,2m,4.0,1.5,0.9,844,698.0,0.01,4m,2.5,3.5,0.8,766.0,64.0,0.007,2m,3.0,1.0,1.9000000000000001,316.0,1012.0,0.004,4m,4.0,1.5,0.5,248.0,678.0,0.01,4m,4.0,4.0,2.0,420.0,612.0,0.004,2m,1.0,1.5,1.6,82.0,432.0,0.007,4m,4.0,1.5,0.9,224.0,0.45,10,COMPLETE
10,10,-0.9047707569680714,2025-06-15 00:22:39.898413,2025-06-15 00:22:43.035191,0 days 00:00:03.136778,,,,,,,,18.0,0.001,2m,3.5,4.0,1.6,60.0,98.0,0.001,2m,1.0,2.5,0.5,202.0,660,0.006,3m,3.0,3.0,1.6,52,372.0,0.001,2m,2.0,1.0,1.1,1012.0,694.0,0.01,4m,1.5,1.0,0.9,808.0,424.0,0.007,3m,3.0,3.0,1.3,936.0,,,,,,,,50.0,0.01,3m,4.0,4.0,0.9,1006.0,,,,,,,,0.3,7,COMPLETE
11,11,-0.0983940596509205,2025-06-15 00:22:43.111708,2025-06-15 00:22:45.802720,0 days 00:00:02.691012,,,,,,,,280.0,0.004,2m,1.0,2.5,1.5,1000.0,380.0,0.01,2m,2.0,2.5,0.9,566.0,654,0.01,1m,2.5,3.5,1.3,244,456.0,0.002,4m,4.0,4.0,2.0,862.0,452.0,0.009000000000000001,3m,2.0,2.5,0.5,1022.0,750.0,0.001,4m,2.5,2.5,1.3,530.0,,,,,,,,,,,,,,,,,,,,,,0.05,6,COMPLETE
12,12,3.262979938651689,2025-06-15 00:22:45.881751,2025-06-15 00:22:54.568722,0 days 00:00:08.686971,,,,,,,,,,,,,,,,,,,,,,604,0.006,1m,1.0,3.5,1.1,412,,,,,,,,,,,,,,,,,,,,,,,,,,,,,,,,,,,,,,,,,,,0.05,1,COMPLETE
13,13,0.7936618739479838,2025-06-15 00:22:54.663242,2025-06-15 00:22:57.607291,0 days 00:00:02.944049,,,,,,,,314.0,0.003,2m,1.5,4.0,1.4,786.0,92.0,0.005,1m,4.0,1.5,1.3,16.0,30,0.007,1m,2.0,3.0,1.5,150,630.0,0.005,1m,3.0,1.5,1.8,402.0,414.0,0.008,3m,2.0,2.0,0.7,640.0,36.0,0.008,1m,3.0,1.0,1.6,788.0,,,,,,,,,,,,,,,,,,,,,,0.15000000000000002,6,COMPLETE
14,14,-2.5405289849630845,2025-06-15 00:22:57.683800,2025-06-15 00:23:01.655160,0 days 00:00:03.971360,1002.0,0.01,2m,4.0,4.0,2.0,16.0,268.0,0.005,2m,3.5,2.5,1.8,254.0,664.0,0.005,2m,2.0,3.0,2.0,530.0,826,0.01,3m,3.0,4.0,1.1,152,20.0,0.001,2m,4.0,4.0,1.4,800.0,666.0,0.005,4m,2.5,3.5,1.2000000000000002,24.0,300.0,0.01,4m,1.0,2.5,1.0,364.0,,,,,,,,994.0,0.001,1m,3.0,3.5,1.3,830.0,,,,,,,,0.05,8,COMPLETE
15,15,-3.083823700115799,2025-06-15 00:23:01.752675,2025-06-15 00:23:04.268657,0 days 00:00:02.515982,,,,,,,,432.0,0.005,4m,1.0,3.5,1.3,654.0,,,,,,,,486,0.001,1m,2.0,3.5,1.6,994,342.0,0.008,4m,3.0,3.5,2.0,612.0,320.0,0.001,1m,4.0,1.5,0.9,566.0,728.0,0.003,3m,2.5,3.0,1.6,670.0,,,,,,,,,,,,,,,,,,,,,,0.25,5,COMPLETE
16,16,3.5901819707327394,2025-06-15 00:23:04.350198,2025-06-15 00:23:07.885963,0 days 00:00:03.535765,,,,,,,,158.0,0.001,2m,3.5,2.0,1.2000000000000002,854.0,582.0,0.002,1m,1.5,2.0,1.0,1000.0,174,0.004,3m,3.0,3.0,1.1,420,748.0,0.005,2m,2.0,2.0,1.1,452.0,660.0,0.005,2m,2.0,3.0,0.5,954.0,234.0,0.008,1m,3.5,4.0,1.0,392.0,,,,,,,,290.0,0.009000000000000001,3m,3.0,2.5,0.5,210.0,,,,,,,,0.35000000000000003,7,COMPLETE
17,17,-3.2494867486892005,2025-06-15 00:23:07.957968,2025-06-15 00:23:16.898167,0 days 00:00:08.940199,,,,,,,,,,,,,,,,,,,,,,784,0.007,2m,1.5,2.5,1.4,176,,,,,,,,,,,,,,,,,,,,,,,,,,,,,,,,,,,,,,,,,,,0.1,1,COMPLETE
18,18,-3.3381893878155307,2025-06-15 00:23:16.953174,2025-06-15 00:23:20.293081,0 days 00:00:03.339907,,,,,,,,486.0,0.01,2m,1.5,1.0,0.9,404.0,242.0,0.007,3m,3.0,4.0,1.5,720.0,436,0.008,1m,1.5,2.5,1.7000000000000002,350,1024.0,0.003,4m,3.5,3.5,1.7000000000000002,294.0,292.0,0.01,3m,2.5,4.0,1.5,414.0,828.0,0.007,4m,2.0,2.0,1.5,64.0,,,,,,,,392.0,0.003,3m,2.5,3.0,1.3,344.0,,,,,,,,0.1,7,COMPLETE
19,19,-0.7092270106556327,2025-06-15 00:23:20.373103,2025-06-15 00:23:22.581574,0 days 00:00:02.208471,,,,,,,,170.0,0.003,2m,2.0,3.5,1.8,164.0,,,,,,,,558,0.01,3m,3.5,4.0,1.2000000000000002,524,486.0,0.006,1m,2.0,4.0,0.5,906.0,,,,,,,,528.0,0.009000000000000001,1m,2.0,1.0,2.0,1020.0,,,,,,,,,,,,,,,,,,,,,,0.15000000000000002,4,COMPLETE
20,20,0.10945360844378295,2025-06-15 00:23:22.650580,2025-06-15 00:23:27.237447,0 days 00:00:04.586867,62.0,0.006,3m,1.0,2.5,2.0,1000.0,620.0,0.006,4m,3.0,3.0,1.3,666.0,776.0,0.004,2m,4.0,3.0,0.9,312.0,156,0.005,1m,2.5,3.5,1.0,28,148.0,0.009000000000000001,4m,3.0,3.5,1.8,656.0,990.0,0.008,4m,1.0,2.0,0.9,724.0,402.0,0.006,4m,3.5,2.0,1.1,686.0,1016.0,0.005,1m,1.0,1.0,1.5,960.0,846.0,0.008,2m,1.0,2.0,2.0,750.0,,,,,,,,0.35000000000000003,9,COMPLETE
21,21,4.484594578896043,2025-06-15 00:23:27.314896,2025-06-15 00:23:31.949795,0 days 00:00:04.634899,754.0,0.001,4m,4.0,1.0,0.5,966.0,604.0,0.007,4m,1.5,3.5,2.0,378.0,998.0,0.003,3m,2.5,1.0,1.3,370.0,250,0.008,4m,1.0,1.0,0.5,80,1024.0,0.007,3m,1.0,4.0,0.6,754.0,220.0,0.002,4m,1.5,4.0,1.6,152.0,78.0,0.004,2m,3.0,3.5,0.7,260.0,48.0,0.001,3m,2.5,2.5,0.6,38.0,626.0,0.006,4m,2.0,2.5,0.8,490.0,,,,,,,,0.2,9,COMPLETE
22,22,3.1232087674253997,2025-06-15 00:23:32.009312,2025-06-15 00:23:37.070129,0 days 00:00:05.060817,690.0,0.001,4m,3.0,2.0,1.0,768.0,404.0,0.007,4m,1.0,4.0,2.0,444.0,784.0,0.003,3m,2.0,1.0,1.5,348.0,360,0.007,4m,1.0,3.0,0.7,212,898.0,0.008,3m,1.5,4.0,1.1,698.0,598.0,0.004,4m,1.0,3.5,1.8,92.0,138.0,0.005,2m,3.0,3.5,0.8,206.0,58.0,0.001,3m,2.5,2.5,0.5,440.0,742.0,0.005,4m,2.0,3.0,1.0,514.0,994.0,0.002,2m,1.0,4.0,2.0,1018.0,0.2,10,COMPLETE
23,23,8.10130006803084,2025-06-15 00:23:37.155133,2025-06-15 00:23:41.249217,0 days 00:00:04.094084,302.0,0.004,4m,3.0,2.0,1.3,710.0,588.0,0.01,4m,2.0,3.5,1.7000000000000002,300.0,420.0,0.001,3m,3.0,2.0,1.1,180.0,198,0.009000000000000001,4m,1.5,2.0,0.5,102,914.0,0.006,3m,1.5,3.5,0.8,572.0,156.0,0.003,4m,1.5,4.0,1.4,298.0,186.0,0.002,2m,3.5,3.0,1.4,366.0,,,,,,,,462.0,0.006,1m,2.0,3.0,0.5,622.0,,,,,,,,0.05,8,COMPLETE
24,24,4.041077219124328,2025-06-15 00:23:41.324738,2025-06-15 00:23:45.294072,0 days 00:00:03.969334,216.0,0.004,3m,3.0,3.0,1.3,240.0,362.0,0.01,4m,2.0,3.0,1.7000000000000002,224.0,380.0,0.001,2m,3.5,2.0,0.6,82.0,144,0.009000000000000001,4m,1.5,2.0,1.4,122,776.0,0.004,2m,2.5,3.5,0.9,552.0,528.0,0.006,4m,1.5,3.0,1.3,304.0,178.0,0.001,2m,3.5,3.0,1.4,444.0,,,,,,,,448.0,0.003,1m,2.5,3.5,0.5,898.0,,,,,,,,0.05,8,COMPLETE
25,25,2.450650480081036,2025-06-15 00:23:45.400130,2025-06-15 00:23:48.459274,0 days 00:00:03.059144,,,,,,,,182.0,0.004,2m,2.0,4.0,1.4,898.0,252.0,0.009000000000000001,3m,3.0,3.0,1.1,178.0,44,0.01,4m,2.0,2.5,2.0,246,658.0,0.006,3m,2.5,3.5,1.5,310.0,778.0,0.007,3m,2.0,3.0,1.3,346.0,358.0,0.002,3m,2.5,2.5,1.8,454.0,,,,,,,,,,,,,,,,,,,,,,0.1,6,COMPLETE
26,26,5.023563672366723,2025-06-15 00:23:48.538783,2025-06-15 00:23:52.242095,0 days 00:00:03.703312,,,,,,,,694.0,0.009000000000000001,2m,3.0,2.5,1.5,330.0,526.0,0.007,4m,1.5,2.0,0.7,720.0,758,0.009000000000000001,3m,2.5,3.0,0.9,366,904.0,0.002,2m,2.0,4.0,1.0,510.0,194.0,0.004,4m,3.0,1.5,1.1,532.0,592.0,0.003,1m,3.5,3.0,1.7000000000000002,346.0,,,,,,,,134.0,0.007,1m,1.5,3.5,1.5,682.0,,,,,,,,0.05,7,COMPLETE
27,27,4.473710934247965,2025-06-15 00:23:52.310196,2025-06-15 00:23:56.725500,0 days 00:00:04.415304,,,,,,,,504.0,0.002,4m,2.0,3.5,1.8,86.0,,,,,,,,430,0.007,2m,3.5,2.0,1.2000000000000002,490,358.0,0.004,3m,1.0,3.5,1.3,120.0,420.0,0.001,2m,2.5,3.5,0.7,846.0,158.0,0.007,2m,2.5,4.0,1.2000000000000002,122.0,,,,,,,,,,,,,,,,,,,,,,0.1,5,COMPLETE
28,28,1.6520470198348283,2025-06-15 00:23:56.826017,2025-06-15 00:24:00.284667,0 days 00:00:03.458650,,,,,,,,116.0,0.004,1m,3.0,3.0,1.2000000000000002,504.0,,,,,,,,516,0.002,1m,1.5,3.5,1.8,110,574.0,0.009000000000000001,4m,3.5,2.0,1.9000000000000001,840.0,,,,,,,,896.0,0.009000000000000001,4m,4.0,1.5,1.4,550.0,,,,,,,,,,,,,,,,,,,,,,0.15000000000000002,4,COMPLETE
29,29,3.7140738782525387,2025-06-15 00:24:00.398691,2025-06-15 00:24:05.585060,0 days 00:00:05.186369,354.0,0.008,2m,1.0,2.0,1.6,672.0,232.0,0.006,3m,1.0,3.5,1.4,168.0,246.0,0.004,1m,3.5,3.5,1.5,492.0,354,0.009000000000000001,3m,3.0,2.5,1.4,572,790.0,0.008,1m,1.5,3.0,1.6,940.0,536.0,0.008,1m,1.5,4.0,1.4,436.0,462.0,0.008,1m,3.5,3.0,1.5,768.0,,,,,,,,220.0,0.005,1m,3.5,3.0,1.1,354.0,,,,,,,,0.05,8,COMPLETE
30,30,-0.14431312820113745,2025-06-15 00:24:05.660061,2025-06-15 00:24:06.752492,0 days 00:00:01.092431,,,,,,,,,,,,,,,,,,,,,,94,0.008,4m,2.0,3.0,1.3,292,730.0,0.002,4m,4.0,4.0,1.8,464.0,,,,,,,,,,,,,,,,,,,,,,,,,,,,,,,,,,,,0.1,2,COMPLETE
31,31,3.0423796744532305,2025-06-15 00:24:06.843527,2025-06-15 00:24:11.380657,0 days 00:00:04.537130,530.0,0.003,4m,3.0,1.5,1.0,748.0,582.0,0.008,4m,1.5,3.5,1.9000000000000001,338.0,410.0,0.002,3m,2.5,1.5,1.2000000000000002,230.0,226,0.008,4m,1.0,1.5,0.5,28,914.0,0.005,3m,1.5,4.0,0.7,684.0,130.0,0.003,4m,1.0,4.0,1.7000000000000002,216.0,34.0,0.005,2m,3.0,3.5,0.8,298.0,358.0,0.005,2m,1.5,1.5,1.0,158.0,536.0,0.006,3m,2.0,2.0,0.7,608.0,,,,,,,,0.25,9,COMPLETE
32,32,3.8215452595047874,2025-06-15 00:24:11.457664,2025-06-15 00:24:15.994340,0 days 00:00:04.536676,852.0,0.004,4m,2.5,2.0,1.0,838.0,554.0,0.01,4m,1.5,4.0,1.6,588.0,850.0,0.003,3m,1.5,1.5,1.4,450.0,300,0.01,4m,1.0,1.5,0.6,16,968.0,0.006,3m,1.0,4.0,0.5,736.0,318.0,0.003,4m,1.5,4.0,1.6,220.0,106.0,0.004,2m,3.0,3.5,1.1,172.0,366.0,0.003,3m,3.5,4.0,1.1,770.0,452.0,0.007,4m,1.5,2.5,0.7,446.0,,,,,,,,0.15000000000000002,9,COMPLETE
33,33,3.7704339046541615,2025-06-15 00:24:16.080345,2025-06-15 00:24:20.684667,0 days 00:00:04.604322,360.0,0.002,4m,3.5,1.5,1.6,638.0,664.0,0.008,4m,2.0,3.5,1.9000000000000001,462.0,646.0,0.002,3m,2.5,1.0,1.1,602.0,194,0.009000000000000001,4m,1.5,2.0,0.7,192,960.0,0.007,3m,1.5,3.5,0.7,608.0,126.0,0.004,4m,1.0,3.5,2.0,138.0,204.0,0.002,2m,3.0,3.0,0.5,452.0,682.0,0.009000000000000001,2m,2.0,2.0,1.5,634.0,726.0,0.004,1m,2.0,3.0,0.6,612.0,156.0,0.01,3m,2.5,3.5,0.5,716.0,0.05,10,COMPLETE
34,34,6.738275906995645,2025-06-15 00:24:20.770676,2025-06-15 00:24:24.516342,0 days 00:00:03.745666,116.0,0.005,4m,2.5,2.5,0.8,878.0,476.0,0.009000000000000001,4m,1.5,3.0,1.7000000000000002,322.0,304.0,0.004,3m,3.5,2.5,1.7000000000000002,408.0,316,0.009000000000000001,4m,1.0,1.5,0.6,96,840.0,0.003,3m,2.0,3.0,0.9,572.0,226.0,0.002,4m,2.0,4.0,1.4,284.0,324.0,0.006,2m,2.5,4.0,1.2000000000000002,26.0,,,,,,,,550.0,0.008,4m,2.0,2.0,1.1,762.0,,,,,,,,0.2,8,COMPLETE
35,35,1.395211249310397,2025-06-15 00:24:24.610860,2025-06-15 00:24:28.182322,0 days 00:00:03.571462,,,,,,,,460.0,0.009000000000000001,1m,1.0,3.0,1.5,324.0,304.0,0.006,2m,3.5,2.5,1.7000000000000002,444.0,346,0.009000000000000001,4m,1.5,1.0,0.6,112,816.0,0.003,3m,2.0,3.0,1.2000000000000002,364.0,208.0,0.002,3m,2.5,3.0,1.1,372.0,302.0,0.006,2m,2.5,4.0,1.2000000000000002,20.0,,,,,,,,530.0,0.008,3m,2.5,2.0,1.1,794.0,,,,,,,,0.35000000000000003,7,COMPLETE
36,36,6.700547293243868,2025-06-15 00:24:28.271833,2025-06-15 00:24:31.244133,0 days 00:00:02.972300,,,,,,,,400.0,0.01,4m,1.5,2.5,1.7000000000000002,174.0,166.0,0.004,3m,3.0,3.0,2.0,622.0,396,0.01,2m,1.0,2.0,0.8,318,832.0,0.001,3m,2.0,3.0,0.9,556.0,368.0,0.002,4m,2.0,2.0,1.4,290.0,320.0,0.007,2m,2.0,2.5,1.4,140.0,,,,,,,,,,,,,,,,,,,,,,0.1,6,COMPLETE
37,37,10.118117370856107,2025-06-15 00:24:31.334663,2025-06-15 00:24:35.273061,0 days 00:00:03.938398,26.0,0.005,4m,2.0,3.0,0.8,526.0,398.0,0.01,4m,2.0,2.0,1.7000000000000002,180.0,142.0,0.004,3m,3.0,3.0,2.0,656.0,386,0.01,2m,1.0,2.0,0.7,216,872.0,0.001,3m,2.0,3.0,0.9,460.0,292.0,0.002,4m,2.0,2.0,1.4,268.0,322.0,0.007,2m,1.5,2.5,1.4,34.0,,,,,,,,400.0,0.008,2m,1.5,1.5,1.5,928.0,,,,,,,,0.25,8,COMPLETE
38,38,10.72841974389793,2025-06-15 00:24:35.354050,2025-06-15 00:24:39.320371,0 days 00:00:03.966321,26.0,0.005,4m,2.0,3.0,0.8,544.0,396.0,0.01,4m,2.0,2.0,1.7000000000000002,136.0,26.0,0.004,3m,3.0,3.5,2.0,640.0,404,0.01,2m,1.0,2.0,0.7,230,862.0,0.002,3m,2.0,3.0,0.9,458.0,262.0,0.002,4m,2.0,2.0,1.4,256.0,328.0,0.006,2m,1.5,2.5,1.4,158.0,,,,,,,,484.0,0.01,2m,1.5,1.5,1.5,1022.0,,,,,,,,0.25,8,COMPLETE
39,39,6.968095553970418,2025-06-15 00:24:39.402394,2025-06-15 00:24:43.501844,0 days 00:00:04.099450,48.0,0.005,4m,2.0,3.0,0.8,524.0,762.0,0.01,4m,2.0,2.0,1.7000000000000002,22.0,54.0,0.004,3m,3.5,3.5,1.9000000000000001,848.0,480,0.01,2m,1.0,1.5,0.7,220,878.0,0.002,3m,2.0,2.5,0.9,404.0,258.0,0.001,4m,1.5,2.0,1.4,236.0,476.0,0.006,2m,1.0,2.5,1.1,30.0,,,,,,,,520.0,0.01,2m,1.5,1.5,1.6,1016.0,,,,,,,,0.25,8,COMPLETE
40,40,8.05168108730318,2025-06-15 00:24:43.585850,2025-06-15 00:24:47.836314,0 days 00:00:04.250464,20.0,0.005,4m,2.0,3.0,0.8,524.0,838.0,0.01,4m,2.0,2.0,1.9000000000000001,102.0,22.0,0.001,3m,3.0,3.5,1.9000000000000001,876.0,476,0.01,2m,1.0,2.0,0.7,244,944.0,0.002,3m,1.5,2.5,0.8,198.0,266.0,0.001,4m,1.5,2.0,1.5,18.0,492.0,0.005,2m,1.0,2.0,1.0,88.0,,,,,,,,456.0,0.01,2m,1.5,1.0,1.5,1010.0,,,,,,,,0.3,8,COMPLETE
41,41,3.8091383592938963,2025-06-15 00:24:47.927338,2025-06-15 00:24:52.254377,0 days 00:00:04.327039,20.0,0.005,4m,2.0,3.0,0.8,546.0,858.0,0.01,4m,2.0,2.0,1.9000000000000001,36.0,16.0,0.001,3m,3.0,3.5,1.9000000000000001,816.0,494,0.01,2m,1.0,2.0,0.7,244,940.0,0.002,3m,1.5,2.5,0.8,262.0,284.0,0.001,4m,1.5,2.0,1.5,34.0,512.0,0.005,2m,1.0,2.0,1.0,90.0,,,,,,,,450.0,0.01,2m,1.5,1.0,1.5,978.0,,,,,,,,0.3,8,COMPLETE
42,42,0.02507401893827303,2025-06-15 00:24:52.321891,2025-06-15 00:24:57.020476,0 days 00:00:04.698585,190.0,0.006,4m,1.5,3.0,0.7,476.0,882.0,0.01,4m,2.5,1.5,1.7000000000000002,106.0,26.0,0.002,3m,3.0,3.5,1.9000000000000001,934.0,572,0.01,2m,1.0,1.5,0.9,408,888.0,0.002,3m,1.5,2.5,1.0,202.0,168.0,0.001,4m,1.5,2.0,1.7000000000000002,152.0,386.0,0.006,2m,1.5,2.5,0.9,186.0,960.0,0.008,1m,3.5,3.5,1.9000000000000001,1016.0,372.0,0.01,2m,1.0,1.5,1.7000000000000002,920.0,,,,,,,,0.25,9,COMPLETE
43,43,6.5398948642887325,2025-06-15 00:24:57.100986,2025-06-15 00:25:01.402759,0 days 00:00:04.301773,22.0,0.004,4m,2.0,3.5,1.1,568.0,768.0,0.009000000000000001,4m,2.0,2.0,1.8,130.0,118.0,0.001,3m,3.5,3.5,1.9000000000000001,826.0,452,0.01,2m,1.5,2.0,0.8,212,860.0,0.003,3m,2.0,2.0,0.6,404.0,260.0,0.002,4m,1.5,2.5,1.4,212.0,472.0,0.004,2m,1.5,2.0,1.1,70.0,,,,,,,,492.0,0.009000000000000001,2m,1.5,1.5,1.4,998.0,,,,,,,,0.3,8,COMPLETE
44,44,6.485872023075189,2025-06-15 00:25:01.488763,2025-06-15 00:25:06.005969,0 days 00:00:04.517206,152.0,0.005,4m,1.5,3.0,0.8,370.0,712.0,0.009000000000000001,4m,2.5,1.5,1.9000000000000001,24.0,138.0,0.003,3m,3.0,4.0,2.0,660.0,384,0.01,2m,1.0,2.0,0.5,294,984.0,0.001,3m,1.5,2.5,0.8,156.0,354.0,0.001,4m,2.0,1.5,1.5,98.0,616.0,0.005,2m,1.0,2.5,1.5,146.0,700.0,0.007,4m,1.0,1.0,1.6,234.0,324.0,0.009000000000000001,2m,1.5,1.0,1.7000000000000002,896.0,,,,,,,,0.45,9,COMPLETE
45,45,4.752535561856091,2025-06-15 00:25:06.080968,2025-06-15 00:25:11.120530,0 days 00:00:05.039562,248.0,0.006,4m,1.5,3.5,1.2000000000000002,410.0,942.0,0.01,4m,2.5,2.0,0.5,230.0,186.0,0.003,3m,3.5,3.5,1.8,844.0,634,0.009000000000000001,2m,1.0,1.5,0.7,236,694.0,0.002,3m,1.0,3.0,1.0,28.0,60.0,0.003,4m,1.5,2.5,1.3,496.0,256.0,0.006,2m,1.5,2.0,1.4,28.0,304.0,0.003,1m,3.5,3.5,0.9,770.0,588.0,0.01,2m,1.0,1.5,1.5,932.0,1010.0,0.001,1m,1.0,1.0,1.8,52.0,0.4,10,COMPLETE
