,number,value,datetime_start,datetime_complete,duration,params_ABNB_ROST_beta_win,params_ABNB_ROST_stop_loss,params_ABNB_ROST_trade_freq,params_ABNB_ROST_z_entry,params_ABNB_ROST_z_exit,params_ABNB_ROST_z_stop_scaler,params_ABNB_ROST_z_win,params_ADI_IDXX_beta_win,params_ADI_IDXX_stop_loss,params_ADI_IDXX_trade_freq,params_ADI_IDXX_z_entry,params_ADI_IDXX_z_exit,params_ADI_IDXX_z_stop_scaler,params_ADI_IDXX_z_win,params_ADSK_IDXX_beta_win,params_ADSK_IDXX_stop_loss,params_ADSK_IDXX_trade_freq,params_ADSK_IDXX_z_entry,params_ADSK_IDXX_z_exit,params_ADSK_IDXX_z_stop_scaler,params_ADSK_IDXX_z_win,params_ADSK_PCAR_beta_win,params_ADSK_PCAR_stop_loss,params_ADSK_PCAR_trade_freq,params_ADSK_PCAR_z_entry,params_ADSK_PCAR_z_exit,params_ADSK_PCAR_z_stop_scaler,params_ADSK_PCAR_z_win,params_ALGN_IDXX_beta_win,params_ALGN_IDXX_stop_loss,params_ALGN_IDXX_trade_freq,params_ALGN_IDXX_z_entry,params_ALGN_IDXX_z_exit,params_ALGN_IDXX_z_stop_scaler,params_ALGN_IDXX_z_win,params_DLTR_IDXX_beta_win,params_DLTR_IDXX_stop_loss,params_DLTR_IDXX_trade_freq,params_DLTR_IDXX_z_entry,params_DLTR_IDXX_z_exit,params_DLTR_IDXX_z_stop_scaler,params_DLTR_IDXX_z_win,params_EBAY_SPLK_beta_win,params_EBAY_SPLK_stop_loss,params_EBAY_SPLK_trade_freq,params_EBAY_SPLK_z_entry,params_EBAY_SPLK_z_exit,params_EBAY_SPLK_z_stop_scaler,params_EBAY_SPLK_z_win,params_FISV_IDXX_beta_win,params_FISV_IDXX_stop_loss,params_FISV_IDXX_trade_freq,params_FISV_IDXX_z_entry,params_FISV_IDXX_z_exit,params_FISV_IDXX_z_stop_scaler,params_FISV_IDXX_z_win,params_MDLZ_MSFT_beta_win,params_MDLZ_MSFT_stop_loss,params_MDLZ_MSFT_trade_freq,params_MDLZ_MSFT_z_entry,params_MDLZ_MSFT_z_exit,params_MDLZ_MSFT_z_stop_scaler,params_MDLZ_MSFT_z_win,params_ROST_WDAY_beta_win,params_ROST_WDAY_stop_loss,params_ROST_WDAY_trade_freq,params_ROST_WDAY_z_entry,params_ROST_WDAY_z_exit,params_ROST_WDAY_z_stop_scaler,params_ROST_WDAY_z_win,params_buffer_capital,params_pairs_to_trade,state
0,0,1.7619946427862458,2025-06-15 01:04:11.758418,2025-06-15 01:04:14.059817,0 days 00:00:02.301399,,,,,,,,342,0.009000000000000001,3m,3.5,2.0,1.3,502,,,,,,,,,,,,,,,,,,,,,,,,,,,,,876.0,0.003,3m,1.0,3.0,1.3,394.0,,,,,,,,1000.0,0.002,1m,2.5,2.0,0.6,468.0,,,,,,,,0.5,3,COMPLETE
1,1,-4.080290866798083,2025-06-15 01:04:14.173334,2025-06-15 01:04:16.350694,0 days 00:00:02.177360,,,,,,,,324,0.009000000000000001,2m,4.0,1.5,1.9000000000000001,320,,,,,,,,,,,,,,,,,,,,,,,,,,,,,210.0,0.009000000000000001,1m,3.0,3.0,1.9000000000000001,948.0,,,,,,,,984.0,0.006,3m,2.5,3.0,1.0,592.0,,,,,,,,0.3,3,COMPLETE
2,2,-3.9066494084283168,2025-06-15 01:04:16.463714,2025-06-15 01:04:20.483697,0 days 00:00:04.019983,670.0,0.006,4m,2.0,2.5,0.8,548.0,270,0.008,4m,1.0,1.5,0.5,50,,,,,,,,76.0,0.001,3m,2.5,2.5,0.6,388.0,34.0,0.005,2m,3.0,3.5,0.8,230.0,920.0,0.003,3m,2.5,1.0,1.3,360.0,978.0,0.007,3m,1.5,4.0,0.7,698.0,110.0,0.003,4m,1.0,4.0,1.6,146.0,572.0,0.008,4m,1.5,3.5,2.0,386.0,652.0,0.001,4m,3.0,1.5,0.5,828.0,0.2,9,COMPLETE
3,3,-6.408318336376769,2025-06-15 01:04:20.563193,2025-06-15 01:04:22.632349,0 days 00:00:02.069156,,,,,,,,544,0.009000000000000001,1m,1.5,3.5,1.3,326,,,,,,,,,,,,,,,960.0,0.01,4m,2.5,1.5,1.3,260.0,,,,,,,,844.0,0.01,4m,3.5,4.0,1.9000000000000001,582.0,434.0,0.006,3m,2.5,3.5,0.7,974.0,352.0,0.007,2m,1.0,3.5,1.3,856.0,,,,,,,,0.05,5,COMPLETE
4,4,-2.839587304502852,2025-06-15 01:04:22.716867,2025-06-15 01:04:24.924768,0 days 00:00:02.207901,,,,,,,,974,0.009000000000000001,4m,1.5,2.0,1.9000000000000001,702,,,,,,,,,,,,,,,956.0,0.01,1m,1.5,1.5,1.9000000000000001,592.0,,,,,,,,56.0,0.007,4m,3.5,3.0,1.7000000000000002,226.0,886.0,0.003,3m,3.5,2.5,1.1,452.0,754.0,0.009000000000000001,1m,2.5,3.0,1.1,992.0,,,,,,,,0.2,5,COMPLETE
5,5,0.8666866798170471,2025-06-15 01:04:24.971283,2025-06-15 01:04:28.246662,0 days 00:00:03.275379,304.0,0.007,4m,1.5,1.0,1.8,648.0,430,0.001,4m,2.5,4.0,0.8,278,,,,,,,,,,,,,,,604.0,0.006,1m,4.0,2.0,1.9000000000000001,106.0,974.0,0.008,4m,3.0,4.0,1.8,922.0,218.0,0.004,2m,1.5,3.0,1.6,72.0,32.0,0.006,1m,3.0,3.5,1.5,220.0,804.0,0.008,1m,2.5,3.5,0.6,550.0,370.0,0.007,1m,2.0,1.0,1.4,490.0,0.15000000000000002,8,COMPLETE
6,6,3.4217298029953205,2025-06-15 01:04:28.312898,2025-06-15 01:04:29.947765,0 days 00:00:01.634867,,,,,,,,264,0.008,1m,4.0,1.0,0.6,718,,,,,,,,,,,,,,,254.0,0.009000000000000001,2m,2.0,3.5,1.6,890.0,,,,,,,,588.0,0.007,2m,2.5,2.5,0.8,598.0,,,,,,,,56.0,0.009000000000000001,3m,2.5,1.5,1.1,276.0,,,,,,,,0.45,4,COMPLETE
7,7,-2.457446210852542,2025-06-15 01:04:30.015268,2025-06-15 01:04:31.393118,0 days 00:00:01.377850,,,,,,,,952,0.004,3m,2.0,2.5,0.8,652,,,,,,,,,,,,,,,,,,,,,,,,,,,,,832.0,0.01,3m,3.5,2.5,1.5,514.0,,,,,,,,948.0,0.008,2m,4.0,3.0,1.6,760.0,,,,,,,,0.1,3,COMPLETE
8,8,-3.757132401113108,2025-06-15 01:04:31.468651,2025-06-15 01:04:34.370028,0 days 00:00:02.901377,370.0,0.006,3m,2.0,3.0,1.2000000000000002,674.0,186,0.009000000000000001,3m,3.0,3.0,1.2000000000000002,68,,,,,,,,,,,,,,,142.0,0.007,1m,3.0,3.0,1.7000000000000002,862.0,338.0,0.005,2m,1.5,3.0,1.4,492.0,172.0,0.001,2m,2.5,4.0,1.8,892.0,574.0,0.009000000000000001,4m,2.0,1.5,1.2000000000000002,294.0,150.0,0.002,2m,4.0,3.0,1.4,444.0,,,,,,,,0.05,7,COMPLETE
9,9,2.674360526314786,2025-06-15 01:04:34.451034,2025-06-15 01:04:38.401747,0 days 00:00:03.950713,612.0,0.004,2m,1.0,1.5,1.6,82.0,90,0.004,2m,4.0,1.5,0.9,844,432.0,0.007,4m,4.0,1.5,0.9,224.0,678.0,0.01,4m,4.0,4.0,2.0,420.0,1012.0,0.004,4m,4.0,1.5,0.5,248.0,410.0,0.006,4m,1.0,3.5,1.7000000000000002,748.0,698.0,0.01,4m,2.5,3.5,0.8,766.0,64.0,0.007,2m,3.0,1.0,1.9000000000000001,316.0,1010.0,0.007,3m,4.0,1.5,0.8,766.0,552.0,0.003,1m,2.0,3.5,0.7,384.0,0.45,10,COMPLETE
10,10,-0.5385866960413676,2025-06-15 01:04:38.470261,2025-06-15 01:04:39.003362,0 days 00:00:00.533101,,,,,,,,640,0.006,1m,3.0,1.0,0.5,1014,,,,,,,,,,,,,,,,,,,,,,,,,,,,,,,,,,,,,,,,,,,,,,,,,,,,,,,,,0.35000000000000003,1,COMPLETE
11,11,0.3188904622291232,2025-06-15 01:04:39.067879,2025-06-15 01:04:41.773847,0 days 00:00:02.705968,,,,,,,,68,0.005,2m,4.0,1.0,0.9,936,,,,,,,,,,,,,,,428.0,0.002,2m,1.5,4.0,0.7,992.0,56.0,0.01,4m,1.0,4.0,0.5,940.0,578.0,0.007,2m,2.5,1.5,0.7,750.0,334.0,0.01,2m,4.0,1.0,2.0,768.0,28.0,0.01,3m,3.5,1.0,0.8,92.0,,,,,,,,0.5,6,COMPLETE
12,12,-3.673494831855483,2025-06-15 01:04:41.872877,2025-06-15 01:04:46.480756,0 days 00:00:04.607879,832.0,0.001,2m,4.0,1.0,2.0,28.0,30,0.003,2m,4.0,1.0,1.0,818,422.0,0.007,4m,4.0,1.5,0.9,166.0,934.0,0.01,4m,4.0,4.0,2.0,942.0,388.0,0.003,4m,4.0,2.5,1.3,556.0,538.0,0.001,1m,4.0,2.5,1.9000000000000001,64.0,562.0,0.008,4m,2.0,2.0,1.0,774.0,794.0,0.008,2m,1.5,2.0,1.8,586.0,394.0,0.004,3m,3.5,1.5,0.9,198.0,48.0,0.002,3m,1.0,4.0,0.6,18.0,0.4,10,COMPLETE
13,13,-2.233988327707235,2025-06-15 01:04:46.533756,2025-06-15 01:04:50.924455,0 days 00:00:04.390699,990.0,0.002,2m,1.0,2.0,1.5,60.0,154,0.007,1m,3.5,1.5,0.6,798,900.0,0.003,3m,3.5,1.5,0.5,646.0,662.0,0.01,1m,4.0,4.0,1.9000000000000001,88.0,716.0,0.008,3m,2.0,1.0,0.5,766.0,530.0,0.006,4m,2.0,2.5,0.7,724.0,676.0,0.005,1m,2.5,1.0,1.0,450.0,214.0,0.001,2m,3.0,1.0,0.5,18.0,562.0,0.005,3m,1.5,2.0,0.5,236.0,944.0,0.01,1m,4.0,3.5,1.0,310.0,0.4,10,COMPLETE
14,14,1.6417772513888376,2025-06-15 01:04:50.999973,2025-06-15 01:04:52.924354,0 days 00:00:01.924381,,,,,,,,732,0.006,2m,3.5,2.0,1.1,560,,,,,,,,,,,,,,,246.0,0.004,2m,1.0,3.0,1.5,284.0,,,,,,,,420.0,0.008,2m,2.0,2.0,0.5,634.0,,,,,,,,334.0,0.01,3m,3.0,1.0,1.6,726.0,,,,,,,,0.45,4,COMPLETE
15,15,1.3270738273512588,2025-06-15 01:04:53.007863,2025-06-15 01:04:53.836541,0 days 00:00:00.828678,,,,,,,,176,0.002,1m,3.0,2.5,0.7,846,,,,,,,,,,,,,,,,,,,,,,,,,,,,,,,,,,,,,,,,,,,,,,,,,,,,,,,,,0.3,1,COMPLETE
16,16,-1.899656589285481,2025-06-15 01:04:53.926259,2025-06-15 01:04:57.248272,0 days 00:00:03.322013,74.0,0.01,1m,3.5,4.0,0.5,1006.0,440,0.004,1m,4.0,1.0,1.6,678,,,,,,,,,,,,,,,750.0,0.001,4m,3.0,4.0,1.1,414.0,258.0,0.006,2m,1.0,3.0,1.6,668.0,400.0,0.006,4m,4.0,3.5,1.0,1024.0,620.0,0.007,1m,4.0,2.0,2.0,468.0,720.0,0.006,4m,2.0,2.0,0.8,294.0,,,,,,,,0.4,7,COMPLETE
17,17,2.6507406489891103,2025-06-15 01:04:57.334782,2025-06-15 01:05:01.029415,0 days 00:00:03.694633,582.0,0.003,2m,3.0,2.0,1.3,308.0,20,0.007,2m,2.5,1.5,1.5,484,,,,,,,,,,,,,,,292.0,0.008,3m,3.5,2.5,1.0,60.0,722.0,0.009000000000000001,1m,3.0,1.5,1.1,192.0,716.0,0.009000000000000001,2m,3.0,2.5,0.8,312.0,1002.0,0.004,2m,2.5,3.0,1.5,664.0,146.0,0.004,3m,3.0,1.5,1.1,76.0,550.0,0.004,2m,2.0,3.0,2.0,898.0,0.45,8,COMPLETE
18,18,-0.18383175868559667,2025-06-15 01:05:01.117927,2025-06-15 01:05:03.921943,0 days 00:00:02.804016,,,,,,,,256,0.005,1m,3.5,2.0,0.7,916,,,,,,,,,,,,,,,776.0,0.005,4m,2.0,1.0,1.6,728.0,302.0,0.002,3m,4.0,3.5,2.0,724.0,416.0,0.005,4m,2.0,3.5,0.5,808.0,266.0,0.005,2m,2.0,1.5,0.9,340.0,474.0,0.007,3m,3.5,1.5,1.5,656.0,,,,,,,,0.35000000000000003,6,COMPLETE
19,19,8.77366740863153,2025-06-15 01:05:04.001457,2025-06-15 01:05:05.925287,0 days 00:00:01.923830,,,,,,,,126,0.01,2m,3.0,3.0,1.0,760,,,,,,,,,,,,,,,558.0,0.003,2m,2.5,2.0,0.5,398.0,,,,,,,,690.0,0.003,1m,3.0,2.0,1.2000000000000002,620.0,,,,,,,,182.0,0.009000000000000001,3m,2.0,2.5,1.2000000000000002,922.0,,,,,,,,0.5,4,COMPLETE
20,20,2.5330774923140984,2025-06-15 01:05:06.001800,2025-06-15 01:05:07.027014,0 days 00:00:01.025214,,,,,,,,444,0.01,1m,2.0,3.0,1.5,584,,,,,,,,,,,,,,,,,,,,,,,,,,,,,490.0,0.002,1m,3.0,2.0,1.3,586.0,,,,,,,,,,,,,,,,,,,,,,0.5,2,COMPLETE
21,21,6.235757820126726,2025-06-15 01:05:07.093528,2025-06-15 01:05:09.111406,0 days 00:00:02.017878,,,,,,,,134,0.01,2m,3.5,3.0,1.0,750,,,,,,,,,,,,,,,546.0,0.003,2m,2.5,2.0,0.5,432.0,,,,,,,,694.0,0.003,1m,3.0,2.5,0.9,662.0,,,,,,,,16.0,0.009000000000000001,3m,2.0,2.5,1.2000000000000002,986.0,,,,,,,,0.45,4,COMPLETE
22,22,6.5770367871752535,2025-06-15 01:05:09.187931,2025-06-15 01:05:11.130531,0 days 00:00:01.942600,,,,,,,,164,0.01,2m,3.0,3.0,1.1,740,,,,,,,,,,,,,,,562.0,0.002,2m,2.5,2.0,0.7,428.0,,,,,,,,646.0,0.003,1m,3.0,1.5,1.1,498.0,,,,,,,,40.0,0.009000000000000001,3m,2.0,2.5,1.2000000000000002,990.0,,,,,,,,0.45,4,COMPLETE
23,23,6.081382894225655,2025-06-15 01:05:11.211042,2025-06-15 01:05:13.074073,0 days 00:00:01.863031,,,,,,,,108,0.01,2m,3.0,3.0,1.1,772,,,,,,,,,,,,,,,552.0,0.001,2m,2.5,2.0,0.7,438.0,,,,,,,,714.0,0.003,1m,4.0,1.5,1.2000000000000002,444.0,,,,,,,,216.0,0.009000000000000001,3m,2.0,2.5,1.3,1010.0,,,,,,,,0.5,4,COMPLETE
24,24,-0.35849011764346933,2025-06-15 01:05:13.141073,2025-06-15 01:05:14.185782,0 days 00:00:01.044709,,,,,,,,198,0.01,2m,2.5,3.5,1.0,428,,,,,,,,,,,,,,,,,,,,,,,,,,,,,786.0,0.001,1m,3.0,1.5,1.2000000000000002,320.0,,,,,,,,,,,,,,,,,,,,,,0.35000000000000003,2,COMPLETE
25,25,1.4810189254789166,2025-06-15 01:05:14.254793,2025-06-15 01:05:16.813517,0 days 00:00:02.558724,,,,,,,,342,0.008,2m,3.0,3.5,1.2000000000000002,624,,,,,,,,,,,,,,,624.0,0.003,2m,2.5,2.0,0.5,432.0,,,,,,,,976.0,0.003,1m,3.5,1.0,1.4,502.0,730.0,0.001,1m,1.0,4.0,0.9,996.0,244.0,0.01,4m,2.0,2.5,1.8,904.0,,,,,,,,0.4,5,COMPLETE
26,26,4.275252466233431,2025-06-15 01:05:16.878540,2025-06-15 01:05:18.777065,0 days 00:00:01.898525,,,,,,,,836,0.01,2m,3.5,3.0,1.4,966,,,,,,,,,,,,,,,446.0,0.002,2m,3.0,2.0,0.8,648.0,,,,,,,,624.0,0.004,1m,3.0,2.0,1.1,686.0,,,,,,,,104.0,0.009000000000000001,3m,1.5,2.5,1.2000000000000002,904.0,,,,,,,,0.25,4,COMPLETE
27,27,-0.6435625882344254,2025-06-15 01:05:18.848068,2025-06-15 01:05:20.021795,0 days 00:00:01.173727,,,,,,,,124,0.007,2m,2.0,4.0,1.7000000000000002,768,,,,,,,,,,,,,,,,,,,,,,,,,,,,,506.0,0.002,1m,3.5,1.5,1.1,864.0,,,,,,,,,,,,,,,,,,,,,,0.45,2,COMPLETE
28,28,-7.364455733618993,2025-06-15 01:05:20.108308,2025-06-15 01:05:21.532096,0 days 00:00:01.423788,,,,,,,,512,0.01,2m,3.0,2.5,1.1,726,,,,,,,,,,,,,,,,,,,,,,,,,,,,,794.0,0.004,1m,3.0,2.5,0.9,668.0,,,,,,,,250.0,0.008,3m,1.0,4.0,1.4,1022.0,,,,,,,,0.5,3,COMPLETE
29,29,1.961603265166192,2025-06-15 01:05:21.585613,2025-06-15 01:05:24.588637,0 days 00:00:03.003024,,,,,,,,224,0.008,2m,3.5,3.5,1.3,880,,,,,,,,,,,,,,,476.0,0.003,2m,2.0,2.5,0.7,358.0,20.0,0.004,3m,3.5,1.5,0.9,352.0,918.0,0.002,1m,4.0,1.0,1.4,174.0,450.0,0.01,3m,1.5,3.0,0.5,760.0,40.0,0.01,3m,2.0,2.5,1.2000000000000002,860.0,,,,,,,,0.5,6,COMPLETE
30,30,-1.0469933019312192,2025-06-15 01:05:24.645637,2025-06-15 01:05:26.548111,0 days 00:00:01.902474,,,,,,,,372,0.009000000000000001,3m,2.5,3.0,1.0,552,,,,,,,,,,,,,,,620.0,0.002,2m,2.5,1.5,1.0,498.0,,,,,,,,334.0,0.003,1m,3.0,2.0,1.1,350.0,,,,,,,,190.0,0.009000000000000001,3m,1.5,2.0,1.0,942.0,,,,,,,,0.35000000000000003,4,COMPLETE
31,31,0.1595448434573422,2025-06-15 01:05:26.641622,2025-06-15 01:05:28.619773,0 days 00:00:01.978151,,,,,,,,100,0.01,2m,3.0,3.0,1.1,762,,,,,,,,,,,,,,,558.0,0.001,2m,2.5,2.0,0.7,470.0,,,,,,,,740.0,0.003,1m,4.0,1.5,1.2000000000000002,438.0,,,,,,,,252.0,0.009000000000000001,3m,2.0,2.5,1.3,1002.0,,,,,,,,0.5,4,COMPLETE
32,32,4.271809026040407,2025-06-15 01:05:28.683285,2025-06-15 01:05:30.139754,0 days 00:00:01.456469,,,,,,,,132,0.01,2m,3.5,2.5,0.9,636,,,,,,,,,,,,,,,,,,,,,,,,,,,,,638.0,0.004,1m,4.0,1.5,1.3,412.0,,,,,,,,106.0,0.008,3m,2.0,2.5,1.4,862.0,,,,,,,,0.45,3,COMPLETE
33,33,2.3750393536481162,2025-06-15 01:05:30.192271,2025-06-15 01:05:32.585172,0 days 00:00:02.392901,,,,,,,,302,0.009000000000000001,2m,3.0,3.0,1.2000000000000002,458,,,,,,,,,,,,,,,524.0,0.001,2m,2.5,2.0,0.6,356.0,,,,,,,,898.0,0.002,1m,3.5,2.0,1.2000000000000002,522.0,986.0,0.002,4m,3.5,2.5,1.7000000000000002,830.0,18.0,0.009000000000000001,3m,2.0,3.0,1.2000000000000002,804.0,,,,,,,,0.5,5,COMPLETE
34,34,2.885176275210163,2025-06-15 01:05:32.632172,2025-06-15 01:05:34.081420,0 days 00:00:01.449248,,,,,,,,56,0.008,2m,3.0,3.5,1.4,776,,,,,,,,,,,,,,,,,,,,,,,,,,,,,758.0,0.003,3m,3.0,1.5,1.4,520.0,,,,,,,,182.0,0.01,3m,1.5,2.0,1.5,954.0,,,,,,,,0.4,3,COMPLETE
35,35,0.4087614319555678,2025-06-15 01:05:34.153422,2025-06-15 01:05:36.572845,0 days 00:00:02.419423,,,,,,,,230,0.009000000000000001,4m,2.5,3.0,1.1,880,,,,,,,,,,,,,,,690.0,0.002,2m,2.5,2.0,0.9,352.0,,,,,,,,658.0,0.005,1m,1.0,1.0,0.9,250.0,744.0,0.004,3m,2.0,3.0,1.3,86.0,86.0,0.001,1m,2.0,2.5,1.0,688.0,,,,,,,,0.45,5,COMPLETE
36,36,4.335114909075935,2025-06-15 01:05:36.631848,2025-06-15 01:05:38.558291,0 days 00:00:01.926443,,,,,,,,376,0.009000000000000001,2m,3.5,2.5,0.8,726,,,,,,,,,,,,,,,832.0,0.004,2m,3.0,2.5,0.6,536.0,,,,,,,,836.0,0.001,1m,3.5,2.5,1.1,382.0,,,,,,,,304.0,0.007,2m,3.0,2.0,1.3,956.0,,,,,,,,0.3,4,COMPLETE
37,37,-4.79539013485495,2025-06-15 01:05:38.617800,2025-06-15 01:05:40.164015,0 days 00:00:01.546215,,,,,,,,286,0.01,4m,3.0,3.5,1.0,392,,,,,,,,,,,,,,,,,,,,,,,,,,,,,510.0,0.002,3m,2.5,2.0,0.9,556.0,,,,,,,,446.0,0.008,4m,1.5,3.0,1.1,840.0,,,,,,,,0.5,3,COMPLETE
38,38,-1.1449250862233522,2025-06-15 01:05:40.231523,2025-06-15 01:05:42.640023,0 days 00:00:02.408500,,,,,,,,140,0.008,3m,1.0,4.0,1.3,602,,,,,,,,,,,,,,,376.0,0.003,2m,3.5,1.5,0.6,164.0,,,,,,,,712.0,0.004,1m,2.0,1.5,2.0,636.0,616.0,0.008,1m,1.5,2.0,0.9,882.0,200.0,0.009000000000000001,3m,2.5,2.5,1.6,1022.0,,,,,,,,0.25,5,COMPLETE
39,39,6.329333196052412,2025-06-15 01:05:42.699535,2025-06-15 01:05:43.779280,0 days 00:00:01.079745,,,,,,,,16,0.009000000000000001,2m,2.5,2.5,0.9,130,,,,,,,,,,,,,,,,,,,,,,,,,,,,,1024.0,0.003,1m,3.5,3.0,1.5,708.0,,,,,,,,,,,,,,,,,,,,,,0.45,2,COMPLETE
40,40,8.112772288831591,2025-06-15 01:05:43.859283,2025-06-15 01:05:44.867487,0 days 00:00:01.008204,,,,,,,,60,0.009000000000000001,4m,2.0,2.5,0.8,190,,,,,,,,,,,,,,,,,,,,,,,,,,,,,996.0,0.006,1m,3.5,3.0,1.6,686.0,,,,,,,,,,,,,,,,,,,,,,0.4,2,COMPLETE
41,41,7.51922991862315,2025-06-15 01:05:44.911237,2025-06-15 01:05:45.963201,0 days 00:00:01.051964,,,,,,,,24,0.009000000000000001,4m,2.0,2.5,0.8,162,,,,,,,,,,,,,,,,,,,,,,,,,,,,,1014.0,0.006,1m,3.5,3.0,1.6,738.0,,,,,,,,,,,,,,,,,,,,,,0.45,2,COMPLETE
42,42,2.3838279618038722,2025-06-15 01:05:46.046711,2025-06-15 01:05:47.071287,0 days 00:00:01.024576,,,,,,,,16,0.009000000000000001,4m,1.5,2.5,0.8,162,,,,,,,,,,,,,,,,,,,,,,,,,,,,,1002.0,0.006,1m,3.5,3.0,1.6,708.0,,,,,,,,,,,,,,,,,,,,,,0.4,2,COMPLETE
43,43,4.8056590460847595,2025-06-15 01:05:47.133796,2025-06-15 01:05:47.761007,0 days 00:00:00.627211,,,,,,,,70,0.009000000000000001,4m,2.0,2.0,0.7,214,,,,,,,,,,,,,,,,,,,,,,,,,,,,,,,,,,,,,,,,,,,,,,,,,,,,,,,,,0.45,1,COMPLETE
44,44,2.991344207180289,2025-06-15 01:05:47.831517,2025-06-15 01:05:49.051823,0 days 00:00:01.220306,,,,,,,,72,0.008,4m,2.0,2.5,0.9,16,,,,,,,,,,,,,,,,,,,,,,,,,,,,,1024.0,0.006,1m,3.5,3.0,1.7000000000000002,842.0,,,,,,,,,,,,,,,,,,,,,,0.4,2,COMPLETE
45,45,3.943497996825637,2025-06-15 01:05:49.138362,2025-06-15 01:05:49.735972,0 days 00:00:00.597610,,,,,,,,192,0.007,4m,1.5,2.0,0.6,116,,,,,,,,,,,,,,,,,,,,,,,,,,,,,,,,,,,,,,,,,,,,,,,,,,,,,,,,,0.35000000000000003,1,COMPLETE
46,46,6.148065267144024,2025-06-15 01:05:49.811487,2025-06-15 01:05:50.768396,0 days 00:00:00.956909,,,,,,,,48,0.009000000000000001,4m,2.0,2.5,0.9,304,,,,,,,,,,,,,,,,,,,,,,,,,,,,,950.0,0.005,3m,3.5,3.5,1.5,708.0,,,,,,,,,,,,,,,,,,,,,,0.45,2,COMPLETE
47,47,3.7016332936281553,2025-06-15 01:05:50.835904,2025-06-15 01:05:51.503613,0 days 00:00:00.667709,,,,,,,,612,0.008,4m,1.5,2.0,0.8,210,,,,,,,,,,,,,,,,,,,,,,,,,,,,,,,,,,,,,,,,,,,,,,,,,,,,,,,,,0.2,1,COMPLETE
48,48,0.9609484798847835,2025-06-15 01:05:51.597132,2025-06-15 01:05:53.176555,0 days 00:00:01.579423,,,,,,,,166,0.009000000000000001,4m,2.5,2.5,2.0,254,,,,,,,,,,,,,,,,,,,,,,,,,,,,,876.0,0.006,1m,3.5,3.0,1.7000000000000002,906.0,,,,,,,,644.0,0.006,1m,1.0,4.0,1.9000000000000001,642.0,,,,,,,,0.45,3,COMPLETE
49,49,1.4833702887833409,2025-06-15 01:05:53.250653,2025-06-15 01:05:54.230258,0 days 00:00:00.979605,,,,,,,,1016,0.007,3m,2.5,2.5,0.5,92,,,,,,,,,,,,,,,,,,,,,,,,,,,,,938.0,0.007,1m,3.5,3.0,1.6,746.0,,,,,,,,,,,,,,,,,,,,,,0.4,2,COMPLETE
50,50,3.4176547700777933,2025-06-15 01:05:54.282772,2025-06-15 01:05:55.896689,0 days 00:00:01.613917,,,,,,,,92,0.001,4m,2.0,3.0,0.7,370,,,,,,,,,,,,,,,,,,,,,,,,,,,,,872.0,0.008,1m,2.5,3.5,1.5,800.0,,,,,,,,896.0,0.005,4m,1.0,3.5,1.8,524.0,,,,,,,,0.1,3,COMPLETE
51,51,3.197445418662544,2025-06-15 01:05:55.986211,2025-06-15 01:05:57.136889,0 days 00:00:01.150678,,,,,,,,144,0.01,2m,2.5,3.0,1.0,158,,,,,,,,,,,,,,,,,,,,,,,,,,,,,974.0,0.004,1m,3.0,2.5,1.8,630.0,,,,,,,,,,,,,,,,,,,,,,0.45,2,COMPLETE
52,52,4.374406655030889,2025-06-15 01:05:57.202401,2025-06-15 01:05:59.102305,0 days 00:00:01.899904,,,,,,,,18,0.01,2m,2.5,2.5,0.9,158,,,,,,,,,,,,,,,846.0,0.006,3m,1.5,3.0,0.9,644.0,,,,,,,,1020.0,0.005,1m,3.0,2.5,1.8,580.0,,,,,,,,306.0,0.003,1m,2.5,3.0,0.9,910.0,,,,,,,,0.45,4,COMPLETE
53,53,-4.208388491305286,2025-06-15 01:05:59.202824,2025-06-15 01:05:59.865443,0 days 00:00:00.662619,,,,,,,,104,0.009000000000000001,2m,1.5,3.0,0.8,50,,,,,,,,,,,,,,,,,,,,,,,,,,,,,,,,,,,,,,,,,,,,,,,,,,,,,,,,,0.5,1,COMPLETE
54,54,1.846761947859201,2025-06-15 01:05:59.948456,2025-06-15 01:06:01.511255,0 days 00:00:01.562799,,,,,,,,206,0.01,4m,2.0,2.5,1.0,240,,,,,,,,,,,,,,,,,,,,,,,,,,,,,798.0,0.007,1m,3.0,3.0,1.6,660.0,,,,,,,,118.0,0.007,2m,2.5,3.5,0.7,578.0,,,,,,,,0.4,3,COMPLETE
55,55,-3.5949890270410663,2025-06-15 01:06:01.592375,2025-06-15 01:06:04.826829,0 days 00:00:03.234454,32.0,0.009000000000000001,1m,3.0,4.0,0.9,1002.0,52,0.01,2m,2.5,2.0,0.6,688,,,,,,,,,,,,,,,340.0,0.004,1m,3.5,2.5,1.2000000000000002,318.0,778.0,0.008,1m,2.0,2.0,1.0,18.0,568.0,0.003,1m,3.5,3.0,0.7,708.0,166.0,0.005,4m,3.5,3.5,1.4,586.0,396.0,0.008,2m,3.0,2.0,0.9,802.0,,,,,,,,0.45,7,COMPLETE
56,56,2.013115457764131,2025-06-15 01:06:04.922853,2025-06-15 01:06:07.152892,0 days 00:00:02.230039,,,,,,,,264,0.009000000000000001,2m,4.0,3.0,0.9,120,,,,,,,,,,,,,,,142.0,0.005,2m,2.0,1.0,0.8,168.0,,,,,,,,82.0,0.006,2m,3.0,2.5,1.4,740.0,350.0,0.002,3m,2.5,1.5,0.7,662.0,68.0,0.006,1m,2.5,3.5,1.0,700.0,,,,,,,,0.5,5,COMPLETE
57,57,-1.452586913868441,2025-06-15 01:06:07.237410,2025-06-15 01:06:09.256784,0 days 00:00:02.019374,,,,,,,,168,0.002,3m,3.0,3.5,1.2000000000000002,350,,,,,,,,,,,,,,,634.0,0.003,3m,3.0,1.5,0.5,616.0,,,,,,,,624.0,0.004,4m,2.5,3.5,1.5,600.0,,,,,,,,152.0,0.01,4m,1.5,3.0,1.7000000000000002,486.0,,,,,,,,0.4,4,COMPLETE
58,58,5.911566210510755,2025-06-15 01:06:09.337299,2025-06-15 01:06:10.329433,0 days 00:00:00.992134,,,,,,,,84,0.008,2m,3.5,3.0,0.7,176,,,,,,,,,,,,,,,,,,,,,,,,,,,,,950.0,0.003,1m,4.0,3.0,1.3,494.0,,,,,,,,,,,,,,,,,,,,,,0.45,2,COMPLETE
