,number,value,datetime_start,datetime_complete,duration,params_ABNB_KDP_beta_win,params_ABNB_KDP_stop_loss,params_ABNB_KDP_trade_freq,params_ABNB_KDP_z_entry,params_ABNB_KDP_z_exit,params_ABNB_KDP_z_stop_scaler,params_ABNB_KDP_z_win,params_ADSK_KLAC_beta_win,params_ADSK_KLAC_stop_loss,params_ADSK_KLAC_trade_freq,params_ADSK_KLAC_z_entry,params_ADSK_KLAC_z_exit,params_ADSK_KLAC_z_stop_scaler,params_ADSK_KLAC_z_win,params_CTAS_PAYX_beta_win,params_CTAS_PAYX_stop_loss,params_CTAS_PAYX_trade_freq,params_CTAS_PAYX_z_entry,params_CTAS_PAYX_z_exit,params_CTAS_PAYX_z_stop_scaler,params_CTAS_PAYX_z_win,params_GOOG_GOOGL_beta_win,params_GOOG_GOOGL_stop_loss,params_GOOG_GOOGL_trade_freq,params_GOOG_GOOGL_z_entry,params_GOOG_GOOGL_z_exit,params_GOOG_GOOGL_z_stop_scaler,params_GOOG_GOOGL_z_win,params_ILMN_KDP_beta_win,params_ILMN_KDP_stop_loss,params_ILMN_KDP_trade_freq,params_ILMN_KDP_z_entry,params_ILMN_KDP_z_exit,params_ILMN_KDP_z_stop_scaler,params_ILMN_KDP_z_win,params_NTES_EA_beta_win,params_NTES_EA_stop_loss,params_NTES_EA_trade_freq,params_NTES_EA_z_entry,params_NTES_EA_z_exit,params_NTES_EA_z_stop_scaler,params_NTES_EA_z_win,params_TSLA_DXCM_beta_win,params_TSLA_DXCM_stop_loss,params_TSLA_DXCM_trade_freq,params_TSLA_DXCM_z_entry,params_TSLA_DXCM_z_exit,params_TSLA_DXCM_z_stop_scaler,params_TSLA_DXCM_z_win,params_TSLA_VRSK_beta_win,params_TSLA_VRSK_stop_loss,params_TSLA_VRSK_trade_freq,params_TSLA_VRSK_z_entry,params_TSLA_VRSK_z_exit,params_TSLA_VRSK_z_stop_scaler,params_TSLA_VRSK_z_win,params_WDAY_KDP_beta_win,params_WDAY_KDP_stop_loss,params_WDAY_KDP_trade_freq,params_WDAY_KDP_z_entry,params_WDAY_KDP_z_exit,params_WDAY_KDP_z_stop_scaler,params_WDAY_KDP_z_win,params_ZM_BIIB_beta_win,params_ZM_BIIB_stop_loss,params_ZM_BIIB_trade_freq,params_ZM_BIIB_z_entry,params_ZM_BIIB_z_exit,params_ZM_BIIB_z_stop_scaler,params_ZM_BIIB_z_win,params_buffer_capital,params_pairs_to_trade,state
52,52,2.6105165664996406,2025-06-15 00:55:41.348422,2025-06-15 00:55:42.466620,0 days 00:00:01.118198,,,,,,,,,,,,,,,,,,,,,,482,0.001,2m,3.0,2.5,2.0,226,,,,,,,,,,,,,,,188.0,0.004,2m,2.0,1.0,2.0,56.0,,,,,,,,,,,,,,,,,,,,,,0.25,2,COMPLETE
53,53,0.7345889221758968,2025-06-15 00:55:42.558130,2025-06-15 00:55:43.230756,0 days 00:00:00.672626,,,,,,,,,,,,,,,,,,,,,,368,0.001,2m,3.5,2.5,2.0,240,,,,,,,,,,,,,,,,,,,,,,,,,,,,,,,,,,,,,,,,,,,0.25,1,COMPLETE
54,54,4.54317443532178,2025-06-15 00:55:43.304279,2025-06-15 00:55:44.701054,0 days 00:00:01.396775,,,,,,,,,,,,,,,,,,,,,,484,0.001,2m,2.5,3.0,1.9000000000000001,190,,,,,,,,,,,,,,,200.0,0.004,2m,2.0,1.0,1.9000000000000001,62.0,190.0,0.008,2m,2.5,4.0,0.8,924.0,,,,,,,,,,,,,,,0.25,3,COMPLETE
55,55,-3.9657303081402686,2025-06-15 00:55:44.774064,2025-06-15 00:55:46.937422,0 days 00:00:02.163358,,,,,,,,,,,,,,,,,,,,,,420,0.001,2m,2.0,3.0,1.8,132,,,,,,,,,,,,,,,16.0,0.004,2m,2.0,1.5,1.9000000000000001,248.0,172.0,0.008,2m,2.5,4.0,0.8,912.0,,,,,,,,650.0,0.003,2m,2.5,3.0,0.9,592.0,0.3,4,COMPLETE
56,56,3.7527012736932224,2025-06-15 00:55:47.021930,2025-06-15 00:55:48.691000,0 days 00:00:01.669070,,,,,,,,,,,,,,,,,,,,,,588,0.002,2m,2.5,3.5,1.7000000000000002,640,,,,,,,,,,,,,,,358.0,0.006,2m,2.5,1.0,1.8,132.0,288.0,0.009000000000000001,2m,2.5,4.0,0.7,894.0,,,,,,,,,,,,,,,0.35000000000000003,3,COMPLETE
57,57,-2.839043391517985,2025-06-15 00:55:48.763511,2025-06-15 00:55:50.131346,0 days 00:00:01.367835,,,,,,,,,,,,,,,,,,,,,,658,0.003,3m,2.5,3.5,1.7000000000000002,676,,,,,,,,,,,,,,,376.0,0.006,2m,2.5,1.0,1.8,122.0,288.0,0.009000000000000001,2m,2.0,3.5,0.7,928.0,,,,,,,,,,,,,,,0.35000000000000003,3,COMPLETE
58,58,-7.2724128016238305,2025-06-15 00:55:50.212363,2025-06-15 00:55:52.381137,0 days 00:00:02.168774,,,,,,,,,,,,,,,,,,,,,,712,0.002,2m,2.5,3.0,1.5,746,,,,,,,,,,,,,,,448.0,0.007,2m,3.0,1.0,1.6,214.0,118.0,0.01,2m,2.5,4.0,0.9,854.0,,,,,,,,96.0,0.01,1m,1.5,4.0,1.0,794.0,0.35000000000000003,4,COMPLETE
59,59,2.503964334868956,2025-06-15 00:55:52.472650,2025-06-15 00:55:53.902626,0 days 00:00:01.429976,,,,,,,,,,,,,,,,,,,,,,590,0.002,4m,2.0,3.5,1.6,910,,,,,,,,,,,,,,,136.0,0.007,2m,2.5,1.0,1.9000000000000001,148.0,206.0,0.009000000000000001,2m,2.5,4.0,0.6,850.0,,,,,,,,,,,,,,,0.4,3,COMPLETE
60,60,-1.1436829667580575,2025-06-15 00:55:53.953626,2025-06-15 00:55:55.559356,0 days 00:00:01.605730,,,,,,,,,,,,,,,,,,,,,,536,0.008,2m,2.5,3.0,1.8,630,,,,,,,,,,,,,,,238.0,0.006,2m,2.5,1.0,1.7000000000000002,264.0,342.0,0.008,2m,2.0,1.0,0.8,794.0,,,,,,,,,,,,,,,0.25,3,COMPLETE
61,61,-9.114603538903383,2025-06-15 00:55:55.639869,2025-06-15 00:55:58.640393,0 days 00:00:03.000524,,,,,,,,590.0,0.008,4m,1.0,2.0,0.9,384.0,176.0,0.003,2m,2.0,1.5,1.1,282.0,454,0.001,2m,2.5,4.0,1.9000000000000001,450,,,,,,,,,,,,,,,376.0,0.004,2m,2.0,1.5,2.0,116.0,262.0,0.007,2m,2.5,4.0,0.5,972.0,,,,,,,,914.0,0.005,3m,2.5,3.5,1.7000000000000002,220.0,0.3,6,COMPLETE
62,62,6.238711029766364,2025-06-15 00:55:58.701181,2025-06-15 00:56:00.249278,0 days 00:00:01.548097,,,,,,,,,,,,,,,,,,,,,,416,0.001,2m,3.0,3.5,1.9000000000000001,192,,,,,,,,,,,,,,,334.0,0.003,1m,1.5,1.0,1.9000000000000001,76.0,194.0,0.004,2m,3.0,4.0,0.7,680.0,,,,,,,,,,,,,,,0.35000000000000003,3,COMPLETE
63,63,7.669896230518251,2025-06-15 00:56:00.311793,2025-06-15 00:56:01.933635,0 days 00:00:01.621842,,,,,,,,,,,,,,,,,,,,,,630,0.002,2m,2.5,3.5,1.7000000000000002,182,,,,,,,,,,,,,,,318.0,0.002,3m,1.5,1.0,1.8,64.0,180.0,0.004,2m,3.0,4.0,0.8,670.0,,,,,,,,,,,,,,,0.35000000000000003,3,COMPLETE
64,64,-3.2800010344526593,2025-06-15 00:56:02.003159,2025-06-15 00:56:03.822519,0 days 00:00:01.819360,,,,,,,,,,,,,,,,,,,,,,632,0.003,2m,2.5,3.5,1.7000000000000002,592,,,,,,,,,,,,,,,916.0,0.002,3m,2.0,1.0,1.8,52.0,70.0,0.004,2m,3.0,4.0,1.0,698.0,,,,,,,,246.0,0.004,4m,2.0,1.5,1.4,540.0,0.45,4,COMPLETE
65,65,2.087159195370231,2025-06-15 00:56:03.912031,2025-06-15 00:56:05.070715,0 days 00:00:01.158684,,,,,,,,,,,,,,,,,,,,,,504,0.002,2m,1.5,3.5,1.7000000000000002,72,,,,,,,,,,,,,,,558.0,0.003,3m,3.0,1.0,1.7000000000000002,166.0,,,,,,,,,,,,,,,,,,,,,,0.35000000000000003,2,COMPLETE
66,66,2.6877138979740214,2025-06-15 00:56:05.135234,2025-06-15 00:56:06.732373,0 days 00:00:01.597139,,,,,,,,,,,,,,,,,,,,,,712,0.002,2m,2.5,3.5,1.5,36,,,,,,,,,,,,,,,500.0,0.001,3m,2.0,3.0,1.8,128.0,122.0,0.003,2m,3.5,3.5,0.8,810.0,,,,,,,,,,,,,,,0.35000000000000003,3,COMPLETE
67,67,-7.171704774853104,2025-06-15 00:56:06.807886,2025-06-15 00:56:09.150637,0 days 00:00:02.342751,,,,,,,,802.0,0.001,3m,1.5,1.0,0.5,54.0,,,,,,,,786,0.003,2m,2.5,3.5,1.8,518,,,,,,,,,,,,,,,324.0,0.003,3m,1.0,1.0,0.6,340.0,18.0,0.004,2m,3.0,3.5,1.1,924.0,,,,,,,,378.0,0.008,1m,3.0,3.0,0.5,416.0,0.4,5,COMPLETE
68,68,0.5359824675088574,2025-06-15 00:56:09.229662,2025-06-15 00:56:11.292528,0 days 00:00:02.062866,,,,,,,,,,,,,,,,,,,,,,572,0.004,2m,2.0,3.0,1.8,740,,,,,,,,,,,,,,,430.0,0.002,1m,3.5,1.5,1.6,46.0,376.0,0.003,2m,4.0,4.0,0.7,626.0,,,,,,,,1006.0,0.009000000000000001,2m,1.0,3.5,0.8,1012.0,0.35000000000000003,4,COMPLETE
69,69,1.2174946870309453,2025-06-15 00:56:11.364528,2025-06-15 00:56:12.816789,0 days 00:00:01.452261,,,,,,,,,,,,,,,,,,,,,,402,0.002,2m,2.0,3.5,1.4,168,,,,,,,,,,,,,,,356.0,0.003,4m,4.0,1.0,1.9000000000000001,100.0,328.0,0.002,2m,3.5,1.5,0.9,744.0,,,,,,,,,,,,,,,0.4,3,COMPLETE
70,70,0.16929942560861488,2025-06-15 00:56:12.895303,2025-06-15 00:56:14.081010,0 days 00:00:01.185707,,,,,,,,,,,,,,,,,,,,,,628,0.001,1m,2.5,3.5,1.9000000000000001,318,,,,,,,,,,,,,,,464.0,0.002,3m,2.5,4.0,1.8,206.0,,,,,,,,,,,,,,,,,,,,,,0.35000000000000003,2,COMPLETE
71,71,3.6550688403821083,2025-06-15 00:56:14.168529,2025-06-15 00:56:15.852034,0 days 00:00:01.683505,,,,,,,,,,,,,,,,,,,,,,354,0.001,4m,3.0,3.0,1.9000000000000001,196,,,,,,,,,,,,,,,222.0,0.01,2m,1.5,1.0,1.9000000000000001,68.0,192.0,0.004,2m,2.5,4.0,0.6,560.0,,,,,,,,,,,,,,,0.3,3,COMPLETE
72,72,5.925783924986549,2025-06-15 00:56:15.916544,2025-06-15 00:56:17.343411,0 days 00:00:01.426867,,,,,,,,,,,,,,,,,,,,,,398,0.001,2m,2.5,3.0,1.9000000000000001,134,,,,,,,,,,,,,,,204.0,0.01,2m,1.5,1.0,1.9000000000000001,88.0,162.0,0.004,2m,3.0,4.0,0.7,538.0,,,,,,,,,,,,,,,0.3,3,COMPLETE
73,73,-0.17204412094222057,2025-06-15 00:56:17.408926,2025-06-15 00:56:18.016522,0 days 00:00:00.607596,,,,,,,,,,,,,,,,,,,,,,298,0.001,2m,2.5,3.0,1.6,206,,,,,,,,,,,,,,,,,,,,,,,,,,,,,,,,,,,,,,,,,,,0.3,1,COMPLETE
74,74,0.8685460098288431,2025-06-15 00:56:18.097049,2025-06-15 00:56:19.770347,0 days 00:00:01.673298,,,,,,,,,,,,,,,,,,,,,,320,0.002,2m,2.5,3.0,1.7000000000000002,138,,,,,,,,,,,,,,,174.0,0.01,2m,1.5,1.0,1.9000000000000001,42.0,146.0,0.004,2m,3.0,4.0,0.7,534.0,,,,,,,,,,,,,,,0.35000000000000003,3,COMPLETE
75,75,8.108414574603474,2025-06-15 00:56:19.840859,2025-06-15 00:56:21.043074,0 days 00:00:01.202215,,,,,,,,,,,,,,,,,,,,,,430,0.001,2m,2.5,3.0,1.9000000000000001,246,,,,,,,,,,,,,,,222.0,0.01,1m,1.5,1.0,1.8,84.0,,,,,,,,,,,,,,,,,,,,,,0.3,2,COMPLETE
76,76,-0.789886308451513,2025-06-15 00:56:21.103334,2025-06-15 00:56:22.021666,0 days 00:00:00.918332,,,,,,,,,,,,,,,,,,,,,,406,0.002,2m,2.5,3.5,1.8,166,,,,,,,,,,,,,,,200.0,0.01,1m,1.0,1.0,1.7000000000000002,98.0,,,,,,,,,,,,,,,,,,,,,,0.35000000000000003,2,COMPLETE
77,77,2.729125755763375,2025-06-15 00:56:22.073668,2025-06-15 00:56:23.171313,0 days 00:00:01.097645,,,,,,,,,,,,,,,,,,,,,,676,0.001,2m,2.0,4.0,1.9000000000000001,246,,,,,,,,,,,,,,,154.0,0.009000000000000001,1m,1.5,1.5,1.8,156.0,,,,,,,,,,,,,,,,,,,,,,0.3,2,COMPLETE
78,78,2.0709800403294003,2025-06-15 00:56:23.243335,2025-06-15 00:56:23.917065,0 days 00:00:00.673730,,,,,,,,,,,,,,,,,,,,,,488,0.003,2m,2.0,3.5,1.2000000000000002,16,,,,,,,,,,,,,,,,,,,,,,,,,,,,,,,,,,,,,,,,,,,0.45,1,COMPLETE
79,79,-6.262814079850129,2025-06-15 00:56:23.993577,2025-06-15 00:56:25.197849,0 days 00:00:01.204272,,,,,,,,,,,,,,,,,,,,,,744,0.002,2m,2.5,3.0,1.7000000000000002,356,,,,,,,,,,,,,,,108.0,0.01,1m,1.5,1.0,1.4,132.0,,,,,,,,,,,,,,,,,,,,,,0.35000000000000003,2,COMPLETE
80,80,-0.31118768704054733,2025-06-15 00:56:25.260364,2025-06-15 00:56:26.736931,0 days 00:00:01.476567,,,,,,,,,,,,,,,,,,,,,,432,0.001,2m,2.5,3.5,1.8,302,,,,,,,,,,,,,,,282.0,0.009000000000000001,1m,1.0,1.5,1.8,34.0,90.0,0.005,2m,3.0,3.5,0.8,696.0,,,,,,,,,,,,,,,0.3,3,COMPLETE
81,81,5.686097891577323,2025-06-15 00:56:26.802464,2025-06-15 00:56:28.319572,0 days 00:00:01.517108,,,,,,,,,,,,,,,,,,,,,,378,0.001,2m,2.5,3.0,1.9000000000000001,258,,,,,,,,,,,,,,,212.0,0.01,2m,1.5,1.0,1.9000000000000001,74.0,172.0,0.004,2m,2.5,4.0,0.6,572.0,,,,,,,,,,,,,,,0.3,3,COMPLETE
82,82,-0.46904512076084964,2025-06-15 00:56:28.387576,2025-06-15 00:56:30.132473,0 days 00:00:01.744897,,,,,,,,,,,,,,,,,,,,,,392,0.001,2m,2.5,3.0,1.9000000000000001,244,,,,,,,,,,,,,,,258.0,0.01,2m,1.5,1.0,1.9000000000000001,82.0,160.0,0.003,2m,3.0,4.0,0.7,600.0,,,,,,,,,,,,,,,0.3,3,COMPLETE
83,83,1.9258158991766274,2025-06-15 00:56:30.203975,2025-06-15 00:56:32.084012,0 days 00:00:01.880037,,,,,,,,,,,,,,,,,,,,,,454,0.002,2m,2.5,3.0,2.0,266,,,,,,,,,,,,,,,310.0,0.01,1m,1.5,1.0,2.0,108.0,214.0,0.003,2m,2.5,4.0,0.7,662.0,,,,,,,,98.0,0.008,4m,3.0,1.0,1.6,934.0,0.25,4,COMPLETE
84,84,-0.4571979989452068,2025-06-15 00:56:32.139043,2025-06-15 00:56:33.764361,0 days 00:00:01.625318,,,,,,,,,,,,,,,,,,,,,,270,0.001,2m,2.5,3.5,1.9000000000000001,400,,,,,,,,,,,,,,,160.0,0.009000000000000001,2m,1.5,1.0,1.8,76.0,980.0,0.001,2m,3.0,3.5,0.6,890.0,,,,,,,,,,,,,,,0.4,3,COMPLETE
85,85,-1.5020404373828486,2025-06-15 00:56:33.825873,2025-06-15 00:56:34.940570,0 days 00:00:01.114697,,,,,,,,,,,,,,,,,,,,,,376,0.002,2m,2.5,3.0,1.8,464,,,,,,,,,,,,,,,224.0,0.01,2m,1.0,1.0,1.9000000000000001,186.0,,,,,,,,,,,,,,,,,,,,,,0.3,2,COMPLETE
86,86,-4.548838526440994,2025-06-15 00:56:35.001099,2025-06-15 00:56:39.643302,0 days 00:00:04.642203,984.0,0.003,3m,4.0,2.5,1.0,128.0,486.0,0.003,2m,1.5,1.5,1.0,392.0,492.0,0.002,3m,1.5,2.0,1.3,498.0,514,0.001,3m,2.5,3.5,2.0,118,726.0,0.004,3m,3.5,3.5,0.9,664.0,1022.0,0.001,2m,4.0,1.0,0.5,24.0,208.0,0.004,4m,1.5,1.0,2.0,142.0,140.0,0.005,2m,2.0,4.0,0.5,502.0,824.0,0.001,1m,2.5,3.0,1.4,324.0,936.0,0.01,2m,3.5,1.5,1.9000000000000001,816.0,0.35000000000000003,10,COMPLETE
87,87,0.7887588473911783,2025-06-15 00:56:39.707811,2025-06-15 00:56:43.993007,0 days 00:00:04.285196,198.0,0.003,2m,3.5,3.0,1.5,342.0,1008.0,0.002,3m,2.5,4.0,0.6,114.0,404.0,0.005,3m,1.0,2.5,1.5,22.0,318,0.005,2m,3.0,3.0,1.6,336,306.0,0.008,1m,1.5,1.5,1.7000000000000002,230.0,,,,,,,,408.0,0.003,1m,1.5,1.5,1.7000000000000002,42.0,252.0,0.004,2m,2.5,4.0,0.8,962.0,498.0,0.002,3m,3.5,4.0,0.8,34.0,782.0,0.009000000000000001,4m,2.5,1.0,1.5,492.0,0.25,9,COMPLETE
88,88,0.9156687587260771,2025-06-15 00:56:44.065490,2025-06-15 00:56:45.102193,0 days 00:00:01.036703,,,,,,,,,,,,,,,,,,,,,,430,0.001,2m,2.0,4.0,2.0,174,,,,,,,,,,,,,,,270.0,0.001,2m,2.0,1.0,1.8,18.0,,,,,,,,,,,,,,,,,,,,,,0.3,2,COMPLETE
89,89,-0.02384423978998878,2025-06-15 00:56:45.164193,2025-06-15 00:56:45.825836,0 days 00:00:00.661643,,,,,,,,,,,,,,,,,,,,,,566,0.006,1m,2.5,3.5,0.9,210,,,,,,,,,,,,,,,,,,,,,,,,,,,,,,,,,,,,,,,,,,,0.35000000000000003,1,COMPLETE
90,90,3.416612818997737,2025-06-15 00:56:45.892842,2025-06-15 00:56:47.443590,0 days 00:00:01.550748,,,,,,,,,,,,,,,,,,,,,,348,0.001,2m,2.5,2.5,1.8,152,,,,,,,,,,,,,,,320.0,0.01,3m,1.0,1.0,1.9000000000000001,104.0,98.0,0.004,2m,3.0,4.0,0.9,798.0,,,,,,,,,,,,,,,0.05,3,COMPLETE
91,91,5.268530769361891,2025-06-15 00:56:47.511108,2025-06-15 00:56:49.117489,0 days 00:00:01.606381,,,,,,,,,,,,,,,,,,,,,,356,0.001,2m,3.0,3.0,1.9000000000000001,196,,,,,,,,,,,,,,,216.0,0.01,2m,1.5,1.0,1.9000000000000001,62.0,194.0,0.004,2m,2.5,4.0,0.6,592.0,,,,,,,,,,,,,,,0.3,3,COMPLETE
92,92,0.6366225338905159,2025-06-15 00:56:49.195495,2025-06-15 00:56:50.804485,0 days 00:00:01.608990,,,,,,,,,,,,,,,,,,,,,,416,0.002,2m,3.0,3.0,1.9000000000000001,78,,,,,,,,,,,,,,,260.0,0.01,2m,1.5,1.0,1.9000000000000001,68.0,178.0,0.005,2m,2.5,4.0,0.6,580.0,,,,,,,,,,,,,,,0.3,3,COMPLETE
93,93,-6.997264642237345,2025-06-15 00:56:50.881486,2025-06-15 00:56:53.116469,0 days 00:00:02.234983,,,,,,,,,,,,,,,,,,,,,,248,0.001,2m,4.0,3.0,1.9000000000000001,262,,,,,,,,,,,,,,,118.0,0.009000000000000001,2m,1.5,1.0,2.0,550.0,284.0,0.004,2m,2.5,4.0,0.7,646.0,,,,,,,,252.0,0.006,3m,3.0,1.5,1.3,668.0,0.25,4,COMPLETE
94,94,4.590752275912978,2025-06-15 00:56:53.195474,2025-06-15 00:56:55.459731,0 days 00:00:02.264257,,,,,,,,,,,,,,,,,,,,,,384,0.001,2m,3.0,3.0,2.0,544,,,,,,,,,,,,,,,398.0,0.005,2m,1.5,1.0,0.9,86.0,598.0,0.004,2m,3.0,3.5,0.8,688.0,,,,,,,,,,,,,,,0.3,3,COMPLETE
95,95,-0.9046428826065332,2025-06-15 00:56:55.553246,2025-06-15 00:56:57.539640,0 days 00:00:01.986394,,,,,,,,,,,,,,,,,,,,,,386,0.001,2m,3.0,3.0,2.0,556,,,,,,,,,,,,,,,72.0,0.005,2m,1.5,1.5,0.8,82.0,,,,,,,,,,,,,,,,,,,,,,0.3,2,COMPLETE
96,96,1.9753790013587544,2025-06-15 00:56:57.642154,2025-06-15 00:57:00.451747,0 days 00:00:02.809593,,,,,,,,,,,,,,,,,,,,,,462,0.001,2m,3.5,2.5,2.0,48,,,,,,,,,,,,,,,188.0,0.01,2m,1.5,1.0,0.9,44.0,624.0,0.004,1m,3.0,3.5,0.8,600.0,,,,,,,,,,,,,,,0.25,3,COMPLETE
97,97,3.1013147861367734,2025-06-15 00:57:00.553265,2025-06-15 00:57:03.076732,0 days 00:00:02.523467,,,,,,,,,,,,,,,,,,,,,,326,0.001,2m,3.0,3.0,2.0,132,,,,,,,,,,,,,,,398.0,0.005,2m,1.5,3.0,1.0,170.0,732.0,0.003,2m,3.0,3.5,0.5,696.0,,,,,,,,,,,,,,,0.3,3,COMPLETE
98,98,7.061926316187205,2025-06-15 00:57:03.166243,2025-06-15 00:57:05.320752,0 days 00:00:02.154509,,,,,,,,,,,,,,,,,,,,,,360,0.001,3m,3.0,2.5,1.9000000000000001,216,,,,,,,,,,,,,,,446.0,0.004,1m,1.5,1.0,1.2000000000000002,104.0,808.0,0.005,2m,3.0,4.0,0.6,538.0,,,,,,,,194.0,0.007,3m,3.5,2.5,0.6,570.0,0.3,4,COMPLETE
99,99,-10.523851864685742,2025-06-15 00:57:05.379751,2025-06-15 00:57:07.306615,0 days 00:00:01.926864,,,,,,,,,,,,,,,,,,,,,,290,0.001,3m,3.0,2.5,1.9000000000000001,290,,,,,,,,,,,,,,,292.0,0.004,1m,1.5,1.0,1.2000000000000002,718.0,816.0,0.005,2m,3.0,4.0,0.6,544.0,,,,,,,,194.0,0.007,3m,3.5,2.5,0.5,552.0,0.25,4,COMPLETE
100,100,-1.2494706664328066,2025-06-15 00:57:07.365124,2025-06-15 00:57:10.406577,0 days 00:00:03.041453,,,,,,,,908.0,0.005,4m,2.0,2.5,0.7,236.0,66.0,0.007,1m,1.5,1.5,0.9,154.0,488,0.001,3m,3.0,3.0,1.8,222,,,,,,,,,,,,,,,438.0,0.004,1m,1.5,1.5,1.1,112.0,690.0,0.004,2m,3.0,4.0,0.5,480.0,,,,,,,,68.0,0.008,3m,4.0,2.0,0.6,740.0,0.3,6,COMPLETE
101,101,1.173140640548781,2025-06-15 00:57:10.491092,2025-06-15 00:57:11.941545,0 days 00:00:01.450453,,,,,,,,,,,,,,,,,,,,,,376,0.001,3m,3.5,2.5,1.9000000000000001,534,,,,,,,,,,,,,,,494.0,0.004,1m,1.0,1.0,0.7,60.0,786.0,0.005,2m,3.0,4.0,0.6,620.0,,,,,,,,,,,,,,,0.3,3,COMPLETE
102,102,1.4278933641066098,2025-06-15 00:57:12.006548,2025-06-15 00:57:14.033267,0 days 00:00:02.026719,,,,,,,,,,,,,,,,,,,,,,342,0.001,3m,3.0,2.5,2.0,180,,,,,,,,,,,,,,,476.0,0.003,1m,1.5,1.0,0.9,94.0,610.0,0.005,2m,3.0,4.0,0.8,574.0,,,,,,,,486.0,0.006,3m,3.5,2.5,0.7,588.0,0.3,4,COMPLETE
103,103,1.6452952606060185,2025-06-15 00:57:14.116783,2025-06-15 00:57:15.264975,0 days 00:00:01.148192,,,,,,,,,,,,,,,,,,,,,,442,0.002,2m,3.5,3.0,1.9000000000000001,248,,,,,,,,,,,,,,,534.0,0.005,2m,2.0,1.0,2.0,34.0,,,,,,,,,,,,,,,,,,,,,,0.25,2,COMPLETE
104,104,4.348094310217701,2025-06-15 00:57:15.339491,2025-06-15 00:57:16.804294,0 days 00:00:01.464803,,,,,,,,,,,,,,,,,,,,,,366,0.001,2m,3.0,2.5,1.9000000000000001,202,,,,,,,,,,,,,,,390.0,0.01,2m,1.5,1.0,1.2000000000000002,144.0,894.0,0.004,2m,3.5,4.0,0.7,516.0,,,,,,,,,,,,,,,0.35000000000000003,3,COMPLETE
105,105,2.3899842208516926,2025-06-15 00:57:16.858803,2025-06-15 00:57:18.780593,0 days 00:00:01.921790,,,,,,,,,,,,,,,,,,,,,,414,0.001,2m,3.0,3.0,1.8,204,,,,,,,,,,,,,,,334.0,0.01,1m,1.5,1.0,1.2000000000000002,132.0,868.0,0.004,2m,3.5,4.0,0.7,524.0,,,,,,,,360.0,0.009000000000000001,3m,4.0,2.0,0.9,468.0,0.35000000000000003,4,COMPLETE
106,106,-4.984315922941947,2025-06-15 00:57:18.866126,2025-06-15 00:57:21.463785,0 days 00:00:02.597659,,,,,,,,374.0,0.006,3m,3.0,2.0,0.7,544.0,,,,,,,,366,0.001,2m,3.0,2.5,1.9000000000000001,228,,,,,,,,,,,,,,,242.0,0.01,2m,1.5,2.5,1.3,82.0,922.0,0.004,2m,3.5,4.0,0.6,658.0,,,,,,,,182.0,0.007,3m,3.5,2.5,0.6,888.0,0.35000000000000003,5,COMPLETE
107,107,2.580465226716209,2025-06-15 00:57:21.535293,2025-06-15 00:57:23.089566,0 days 00:00:01.554273,,,,,,,,,,,,,,,,,,,,,,396,0.001,2m,3.0,3.0,1.8,158,,,,,,,,,,,,,,,388.0,0.002,3m,1.5,1.0,1.1,54.0,726.0,0.003,2m,3.5,4.0,0.7,420.0,,,,,,,,,,,,,,,0.4,3,COMPLETE
108,108,-1.1659540034862887,2025-06-15 00:57:23.167078,2025-06-15 00:57:24.800038,0 days 00:00:01.632960,,,,,,,,,,,,,,,,,,,,,,434,0.001,2m,3.0,3.0,1.9000000000000001,578,,,,,,,,,,,,,,,168.0,0.004,2m,1.5,1.0,1.4,154.0,830.0,0.004,2m,2.5,4.0,0.8,500.0,,,,,,,,,,,,,,,0.35000000000000003,3,COMPLETE
109,109,-4.967004450934372,2025-06-15 00:57:24.867548,2025-06-15 00:57:26.442366,0 days 00:00:01.574818,,,,,,,,,,,,,,,,,,,,,,472,0.001,2m,2.5,2.5,1.9000000000000001,504,,,,,,,,,,,,,,,352.0,0.003,4m,2.0,1.0,1.0,110.0,772.0,0.003,2m,3.0,4.0,0.9,354.0,,,,,,,,,,,,,,,0.2,3,COMPLETE
110,110,3.1647518720445693,2025-06-15 00:57:26.520884,2025-06-15 00:57:28.621393,0 days 00:00:02.100509,,,,,,,,,,,,,,,,,,,,,,528,0.002,3m,3.0,3.5,1.8,102,,,,,,,,,,,,,,,414.0,0.005,2m,1.5,1.0,0.5,232.0,526.0,0.005,2m,2.5,3.5,0.7,606.0,,,,,,,,454.0,0.005,3m,4.0,3.0,1.0,626.0,0.3,4,COMPLETE
111,111,4.606229437233106,2025-06-15 00:57:28.695391,2025-06-15 00:57:29.825090,0 days 00:00:01.129699,,,,,,,,,,,,,,,,,,,,,,312,0.002,2m,2.5,2.5,2.0,182,,,,,,,,,,,,,,,432.0,0.01,2m,1.5,1.0,1.2000000000000002,190.0,,,,,,,,,,,,,,,,,,,,,,0.3,2,COMPLETE
112,112,5.011032712707228,2025-06-15 00:57:29.920600,2025-06-15 00:57:31.048301,0 days 00:00:01.127701,,,,,,,,,,,,,,,,,,,,,,310,0.002,2m,2.5,2.5,2.0,182,,,,,,,,,,,,,,,448.0,0.01,2m,1.5,1.0,1.3,188.0,,,,,,,,,,,,,,,,,,,,,,0.3,2,COMPLETE
113,113,1.6757839284328075,2025-06-15 00:57:31.117820,2025-06-15 00:57:32.195024,0 days 00:00:01.077204,,,,,,,,,,,,,,,,,,,,,,314,0.003,2m,2.5,2.5,2.0,188,,,,,,,,,,,,,,,516.0,0.009000000000000001,2m,1.5,1.0,0.7,16.0,,,,,,,,,,,,,,,,,,,,,,0.3,2,COMPLETE
114,114,6.441363046056159,2025-06-15 00:57:32.266041,2025-06-15 00:57:33.389469,0 days 00:00:01.123428,,,,,,,,,,,,,,,,,,,,,,250,0.002,2m,2.5,2.5,2.0,146,,,,,,,,,,,,,,,448.0,0.01,2m,1.5,1.0,1.3,64.0,,,,,,,,,,,,,,,,,,,,,,0.3,2,COMPLETE
115,115,1.0530152012198082,2025-06-15 00:57:33.446983,2025-06-15 00:57:34.489915,0 days 00:00:01.042932,,,,,,,,,,,,,,,,,,,,,,226,0.002,2m,2.5,2.5,2.0,122,,,,,,,,,,,,,,,462.0,0.01,2m,1.5,1.0,1.3,192.0,,,,,,,,,,,,,,,,,,,,,,0.3,2,COMPLETE
116,116,-0.4556057891480733,2025-06-15 00:57:34.562436,2025-06-15 00:57:35.213915,0 days 00:00:00.651479,,,,,,,,,,,,,,,,,,,,,,188,0.002,2m,2.5,2.5,2.0,144,,,,,,,,,,,,,,,,,,,,,,,,,,,,,,,,,,,,,,,,,,,0.3,1,COMPLETE
117,117,3.534080796663374,2025-06-15 00:57:35.296944,2025-06-15 00:57:36.423214,0 days 00:00:01.126270,,,,,,,,,,,,,,,,,,,,,,254,0.002,1m,2.5,2.5,2.0,152,,,,,,,,,,,,,,,428.0,0.009000000000000001,1m,1.5,1.5,1.2000000000000002,80.0,,,,,,,,,,,,,,,,,,,,,,0.3,2,COMPLETE
118,118,4.349843561722779,2025-06-15 00:57:36.487212,2025-06-15 00:57:37.512417,0 days 00:00:01.025205,,,,,,,,,,,,,,,,,,,,,,284,0.003,2m,2.5,2.0,2.0,258,,,,,,,,,,,,,,,436.0,0.01,2m,1.5,1.0,1.4,118.0,,,,,,,,,,,,,,,,,,,,,,0.3,2,COMPLETE
119,119,-0.9335227747343134,2025-06-15 00:57:37.570925,2025-06-15 00:57:38.694262,0 days 00:00:01.123337,,,,,,,,,,,,,,,,,,,,,,274,0.002,2m,2.5,2.5,2.0,222,,,,,,,,,,,,,,,448.0,0.01,3m,1.5,1.0,1.5,98.0,,,,,,,,,,,,,,,,,,,,,,0.3,2,COMPLETE
120,120,4.886885122662327,2025-06-15 00:57:38.756297,2025-06-15 00:57:39.789482,0 days 00:00:01.033185,,,,,,,,,,,,,,,,,,,,,,216,0.002,2m,2.5,2.5,1.9000000000000001,284,,,,,,,,,,,,,,,366.0,0.01,2m,1.5,2.0,1.3,298.0,,,,,,,,,,,,,,,,,,,,,,0.35000000000000003,2,COMPLETE
121,121,3.372419629528347,2025-06-15 00:57:39.883997,2025-06-15 00:57:41.104309,0 days 00:00:01.220312,,,,,,,,,,,,,,,,,,,,,,140,0.002,2m,2.5,2.5,1.9000000000000001,292,,,,,,,,,,,,,,,378.0,0.01,2m,1.5,2.0,1.3,214.0,,,,,,,,,,,,,,,,,,,,,,0.35000000000000003,2,COMPLETE
122,122,-0.6584453153498859,2025-06-15 00:57:41.171372,2025-06-15 00:57:41.763229,0 days 00:00:00.591857,,,,,,,,,,,,,,,,,,,,,,210,0.003,2m,2.5,2.5,2.0,178,,,,,,,,,,,,,,,,,,,,,,,,,,,,,,,,,,,,,,,,,,,0.35000000000000003,1,COMPLETE
