,number,value,datetime_start,datetime_complete,duration,params_ADI_AMZN_beta_win,params_ADI_AMZN_stop_loss,params_ADI_AMZN_trade_freq,params_ADI_AMZN_z_entry,params_ADI_AMZN_z_exit,params_ADI_AMZN_z_stop_scaler,params_ADI_AMZN_z_win,params_AMZN_GOOG_beta_win,params_AMZN_GOOG_stop_loss,params_AMZN_GOOG_trade_freq,params_AMZN_GOOG_z_entry,params_AMZN_GOOG_z_exit,params_AMZN_GOOG_z_stop_scaler,params_AMZN_GOOG_z_win,params_ASML_CPRT_beta_win,params_ASML_CPRT_stop_loss,params_ASML_CPRT_trade_freq,params_ASML_CPRT_z_entry,params_ASML_CPRT_z_exit,params_ASML_CPRT_z_stop_scaler,params_ASML_CPRT_z_win,params_ASML_ROST_beta_win,params_ASML_ROST_stop_loss,params_ASML_ROST_trade_freq,params_ASML_ROST_z_entry,params_ASML_ROST_z_exit,params_ASML_ROST_z_stop_scaler,params_ASML_ROST_z_win,params_ATVI_MCHP_beta_win,params_ATVI_MCHP_stop_loss,params_ATVI_MCHP_trade_freq,params_ATVI_MCHP_z_entry,params_ATVI_MCHP_z_exit,params_ATVI_MCHP_z_stop_scaler,params_ATVI_MCHP_z_win,params_BIIB_CMCSA_beta_win,params_BIIB_CMCSA_stop_loss,params_BIIB_CMCSA_trade_freq,params_BIIB_CMCSA_z_entry,params_BIIB_CMCSA_z_exit,params_BIIB_CMCSA_z_stop_scaler,params_BIIB_CMCSA_z_win,params_CPRT_ROST_beta_win,params_CPRT_ROST_stop_loss,params_CPRT_ROST_trade_freq,params_CPRT_ROST_z_entry,params_CPRT_ROST_z_exit,params_CPRT_ROST_z_stop_scaler,params_CPRT_ROST_z_win,params_FISV_INTC_beta_win,params_FISV_INTC_stop_loss,params_FISV_INTC_trade_freq,params_FISV_INTC_z_entry,params_FISV_INTC_z_exit,params_FISV_INTC_z_stop_scaler,params_FISV_INTC_z_win,params_KDP_MRNA_beta_win,params_KDP_MRNA_stop_loss,params_KDP_MRNA_trade_freq,params_KDP_MRNA_z_entry,params_KDP_MRNA_z_exit,params_KDP_MRNA_z_stop_scaler,params_KDP_MRNA_z_win,params_KDP_TXN_beta_win,params_KDP_TXN_stop_loss,params_KDP_TXN_trade_freq,params_KDP_TXN_z_entry,params_KDP_TXN_z_exit,params_KDP_TXN_z_stop_scaler,params_KDP_TXN_z_win,params_buffer_capital,params_pairs_to_trade,state
48,48,9.301669827831812,2025-06-15 00:49:23.203960,2025-06-15 00:49:26.600110,0 days 00:00:03.396150,490.0,0.002,4m,2.0,2.5,1.5,18.0,,,,,,,,758,0.006,2m,4.0,3.5,0.6,814,,,,,,,,,,,,,,,902.0,0.002,2m,3.5,4.0,1.6,194.0,110.0,0.003,3m,2.5,3.5,0.9,710.0,190.0,0.002,3m,1.5,1.0,0.6,76.0,420.0,0.002,3m,1.5,4.0,0.7,924.0,966.0,0.009000000000000001,4m,1.5,3.5,1.6,96.0,0.4,7,COMPLETE
49,49,13.143739472266713,2025-06-15 00:49:26.687617,2025-06-15 00:49:30.137003,0 days 00:00:03.449386,494.0,0.002,4m,2.0,2.0,1.6,34.0,,,,,,,,768,0.006,2m,4.0,3.5,0.6,894,,,,,,,,,,,,,,,914.0,0.001,2m,3.5,4.0,1.7000000000000002,164.0,104.0,0.003,3m,2.5,3.5,0.8,730.0,176.0,0.001,3m,1.5,1.0,0.6,38.0,510.0,0.003,3m,1.0,3.5,0.7,928.0,952.0,0.009000000000000001,4m,1.0,4.0,1.6,110.0,0.4,7,COMPLETE
50,50,10.015940684360034,2025-06-15 00:49:30.231521,2025-06-15 00:49:33.528747,0 days 00:00:03.297226,476.0,0.001,4m,2.0,2.0,1.6,26.0,,,,,,,,772,0.005,2m,4.0,3.5,0.6,1016,,,,,,,,,,,,,,,908.0,0.001,2m,3.5,4.0,1.7000000000000002,174.0,82.0,0.003,3m,2.5,3.5,0.8,740.0,206.0,0.001,3m,1.5,1.0,0.6,16.0,396.0,0.002,3m,1.0,3.5,0.6,844.0,956.0,0.009000000000000001,4m,1.0,4.0,1.6,84.0,0.4,7,COMPLETE
51,51,5.813834096443261,2025-06-15 00:49:33.581743,2025-06-15 00:49:36.984870,0 days 00:00:03.403127,496.0,0.001,4m,2.0,2.0,1.6,20.0,,,,,,,,754,0.006,2m,4.0,3.5,0.6,882,,,,,,,,,,,,,,,918.0,0.001,2m,3.5,4.0,1.7000000000000002,16.0,110.0,0.003,3m,2.5,3.5,0.8,744.0,188.0,0.001,3m,1.5,1.0,0.6,20.0,418.0,0.002,3m,1.0,3.5,0.6,848.0,978.0,0.009000000000000001,4m,1.0,4.0,1.6,90.0,0.4,7,COMPLETE
52,52,7.366212004255066,2025-06-15 00:49:37.044389,2025-06-15 00:49:40.593684,0 days 00:00:03.549295,568.0,0.002,4m,1.5,2.0,1.6,102.0,,,,,,,,788,0.005,2m,3.5,3.5,0.6,1016,,,,,,,,,,,,,,,880.0,0.002,2m,3.5,4.0,1.5,194.0,126.0,0.003,3m,2.5,3.5,0.9,824.0,154.0,0.001,3m,1.0,1.0,0.6,78.0,528.0,0.001,3m,1.0,4.0,0.7,742.0,948.0,0.008,4m,1.0,4.0,1.6,18.0,0.4,7,COMPLETE
53,53,0.8482893572902334,2025-06-15 00:49:40.665194,2025-06-15 00:49:44.538788,0 days 00:00:03.873594,494.0,0.002,4m,1.5,1.5,1.6,28.0,,,,,,,,700,0.005,2m,3.5,4.0,0.6,1022,,,,,,,,456.0,0.002,4m,4.0,4.0,1.3,876.0,866.0,0.001,2m,3.5,4.0,1.8,190.0,122.0,0.003,3m,2.5,3.5,0.7,820.0,250.0,0.001,3m,1.0,1.0,0.7,96.0,350.0,0.001,3m,1.0,4.0,0.7,736.0,944.0,0.008,4m,1.0,4.0,1.7000000000000002,22.0,0.45,8,COMPLETE
54,54,7.646312653763048,2025-06-15 00:49:44.592793,2025-06-15 00:49:48.013084,0 days 00:00:03.420291,322.0,0.002,4m,1.5,2.0,1.7000000000000002,126.0,,,,,,,,700,0.004,2m,4.0,3.5,0.5,1018,,,,,,,,,,,,,,,814.0,0.002,2m,3.5,3.5,1.6,176.0,136.0,0.004,3m,2.0,3.5,0.9,874.0,76.0,0.001,3m,1.0,1.0,0.6,106.0,636.0,0.001,3m,1.0,4.0,0.7,854.0,874.0,0.008,4m,1.0,4.0,1.5,114.0,0.45,7,COMPLETE
55,55,4.001962816022629,2025-06-15 00:49:48.094089,2025-06-15 00:49:50.914165,0 days 00:00:02.820076,294.0,0.001,4m,2.0,2.5,1.8,144.0,,,,,,,,688,0.004,2m,4.0,4.0,0.5,972,,,,,,,,,,,,,,,,,,,,,,192.0,0.004,3m,2.0,3.5,0.8,912.0,62.0,0.001,3m,1.5,1.0,0.6,106.0,616.0,0.002,3m,1.0,4.0,0.6,1012.0,760.0,0.009000000000000001,4m,1.0,4.0,0.5,216.0,0.5,6,COMPLETE
56,56,5.337584627745886,2025-06-15 00:49:50.988164,2025-06-15 00:49:54.529857,0 days 00:00:03.541693,174.0,0.002,4m,1.0,1.5,1.5,82.0,,,,,,,,656,0.004,2m,4.0,3.5,0.5,966,,,,,,,,,,,,,,,796.0,0.001,2m,3.5,3.5,1.7000000000000002,124.0,70.0,0.005,3m,2.0,4.0,0.6,744.0,94.0,0.002,3m,2.0,1.0,0.7,120.0,270.0,0.002,3m,1.0,1.0,0.8,846.0,880.0,0.008,4m,1.5,4.0,1.5,116.0,0.45,7,COMPLETE
57,57,2.3758490697830297,2025-06-15 00:49:54.581858,2025-06-15 00:49:58.493866,0 days 00:00:03.912008,524.0,0.001,4m,1.5,2.0,1.7000000000000002,16.0,,,,,,,,588,0.006,2m,3.0,3.0,0.5,886,,,,,,,,22.0,0.005,2m,4.0,3.5,2.0,580.0,960.0,0.002,2m,3.0,3.5,1.6,204.0,158.0,0.003,3m,2.0,3.5,0.6,874.0,354.0,0.001,3m,1.0,1.0,0.7,20.0,632.0,0.003,3m,1.5,2.5,0.6,944.0,962.0,0.007,4m,1.0,3.0,1.9000000000000001,72.0,0.45,8,COMPLETE
58,58,0.7382256522471382,2025-06-15 00:49:58.549384,2025-06-15 00:50:03.044717,0 days 00:00:04.495333,336.0,0.002,4m,2.0,2.5,1.9000000000000001,64.0,,,,,,,,736,0.005,2m,3.5,4.0,0.6,798,,,,,,,,,,,,,,,,,,,,,,244.0,0.004,3m,2.5,1.0,0.9,678.0,242.0,0.003,3m,1.5,1.0,0.6,282.0,374.0,0.001,3m,1.0,4.0,0.9,872.0,856.0,0.009000000000000001,4m,1.0,4.0,1.5,142.0,0.35000000000000003,6,COMPLETE
59,59,5.221575170290087,2025-06-15 00:50:03.164230,2025-06-15 00:50:10.108329,0 days 00:00:06.944099,18.0,0.001,4m,1.5,2.5,1.8,242.0,,,,,,,,908,0.006,2m,4.0,3.5,0.7,930,,,,,,,,650.0,0.002,4m,3.0,3.0,1.0,824.0,814.0,0.003,2m,3.5,4.0,1.7000000000000002,66.0,62.0,0.003,4m,1.5,3.5,0.8,970.0,106.0,0.001,3m,1.0,1.5,0.8,68.0,430.0,0.003,3m,1.5,4.0,0.8,778.0,750.0,0.008,4m,1.5,3.5,0.6,196.0,0.4,8,COMPLETE
60,60,11.228258162292136,2025-06-15 00:50:10.237360,2025-06-15 00:50:14.047006,0 days 00:00:03.809646,400.0,0.003,4m,2.0,2.0,1.7000000000000002,136.0,,,,,,,,806,0.003,1m,3.5,3.5,0.6,994,,,,,,,,,,,,,,,714.0,0.001,2m,4.0,4.0,1.8,118.0,102.0,0.002,3m,2.0,3.0,0.7,630.0,338.0,0.002,3m,2.0,1.0,0.5,150.0,500.0,0.001,3m,1.0,3.0,0.6,656.0,926.0,0.009000000000000001,4m,1.0,4.0,1.6,72.0,0.35000000000000003,7,COMPLETE
61,61,11.176720120053824,2025-06-15 00:50:14.114011,2025-06-15 00:50:17.740408,0 days 00:00:03.626397,406.0,0.003,4m,2.0,2.0,1.7000000000000002,136.0,,,,,,,,802,0.003,1m,4.0,3.5,0.6,986,,,,,,,,,,,,,,,656.0,0.001,2m,4.0,4.0,1.8,142.0,16.0,0.002,3m,2.0,3.0,0.7,630.0,318.0,0.002,3m,2.0,1.0,0.5,166.0,480.0,0.001,3m,1.0,3.0,0.6,682.0,944.0,0.009000000000000001,4m,1.0,4.0,1.6,68.0,0.35000000000000003,7,COMPLETE
62,62,13.02455550475927,2025-06-15 00:50:17.819924,2025-06-15 00:50:21.130490,0 days 00:00:03.310566,484.0,0.003,4m,2.0,1.5,1.5,58.0,,,,,,,,786,0.003,1m,4.0,3.5,0.7,868,,,,,,,,,,,,,,,694.0,0.001,2m,4.0,4.0,1.8,130.0,92.0,0.002,3m,2.5,3.0,0.7,628.0,330.0,0.002,3m,2.0,1.0,0.5,158.0,498.0,0.002,3m,1.0,3.0,0.6,566.0,928.0,0.009000000000000001,4m,1.0,4.0,1.7000000000000002,56.0,0.35000000000000003,7,COMPLETE
63,63,13.575195938558124,2025-06-15 00:50:21.230723,2025-06-15 00:50:24.485696,0 days 00:00:03.254973,474.0,0.003,4m,2.0,1.5,1.5,62.0,,,,,,,,814,0.002,1m,4.0,3.5,0.6,850,,,,,,,,,,,,,,,702.0,0.001,2m,4.0,4.0,1.8,130.0,20.0,0.002,3m,2.5,3.0,0.7,614.0,334.0,0.002,3m,2.0,1.0,0.5,144.0,496.0,0.002,3m,1.0,3.0,0.6,684.0,934.0,0.009000000000000001,4m,1.0,4.0,1.7000000000000002,60.0,0.35000000000000003,7,COMPLETE
64,64,9.991101148961738,2025-06-15 00:50:24.582213,2025-06-15 00:50:27.989197,0 days 00:00:03.406984,402.0,0.003,4m,2.0,1.0,1.5,178.0,,,,,,,,774,0.002,1m,3.5,4.0,0.6,868,,,,,,,,,,,,,,,696.0,0.001,2m,4.0,4.0,1.8,134.0,42.0,0.002,3m,2.0,3.0,0.7,626.0,342.0,0.002,2m,2.0,1.0,0.5,154.0,496.0,0.002,3m,1.0,3.0,0.5,694.0,926.0,0.009000000000000001,4m,1.0,4.0,1.8,60.0,0.35000000000000003,7,COMPLETE
65,65,3.0496160410336293,2025-06-15 00:50:28.083282,2025-06-15 00:50:31.111512,0 days 00:00:03.028230,410.0,0.004,4m,2.0,1.0,1.7000000000000002,174.0,,,,,,,,800,0.002,1m,3.5,4.0,0.7,858,,,,,,,,,,,,,,,,,,,,,,28.0,0.002,3m,2.0,3.0,0.5,614.0,338.0,0.003,2m,2.0,1.0,0.5,150.0,520.0,0.001,3m,1.0,3.0,0.5,668.0,806.0,0.009000000000000001,4m,1.0,4.0,1.9000000000000001,46.0,0.35000000000000003,6,COMPLETE
66,66,8.012666124214105,2025-06-15 00:50:31.189019,2025-06-15 00:50:34.912389,0 days 00:00:03.723370,392.0,0.003,4m,2.0,1.5,1.6,58.0,,,,,,,,896,0.002,1m,3.0,4.0,0.6,910,,,,,,,,112.0,0.005,2m,1.0,3.5,1.8,654.0,690.0,0.001,2m,4.0,4.0,1.9000000000000001,22.0,16.0,0.002,3m,2.0,2.5,0.6,636.0,380.0,0.002,2m,2.0,1.0,0.5,260.0,492.0,0.001,3m,1.0,2.5,0.6,562.0,848.0,0.009000000000000001,4m,1.0,4.0,1.8,164.0,0.35000000000000003,8,COMPLETE
67,67,11.623584475489972,2025-06-15 00:50:34.996636,2025-06-15 00:50:37.793267,0 days 00:00:02.796631,474.0,0.004,4m,2.0,1.0,1.5,56.0,,,,,,,,832,0.003,1m,3.5,4.0,0.7,978,,,,,,,,,,,,,,,,,,,,,,68.0,0.002,3m,2.0,3.0,0.7,544.0,300.0,0.003,2m,2.0,1.0,0.5,136.0,502.0,0.002,3m,1.0,3.0,0.5,680.0,926.0,0.01,4m,1.0,4.0,1.7000000000000002,62.0,0.35000000000000003,6,COMPLETE
68,68,8.50610753799955,2025-06-15 00:50:37.884866,2025-06-15 00:50:40.945382,0 days 00:00:03.060516,460.0,0.004,4m,2.0,1.5,1.6,58.0,,,,,,,,964,0.003,1m,3.5,3.5,0.7,990,,,,,,,,,,,,,,,,,,,,,,198.0,0.001,3m,2.5,3.0,0.7,464.0,300.0,0.003,2m,2.5,1.0,0.7,16.0,564.0,0.002,3m,1.5,2.5,1.0,612.0,902.0,0.01,3m,1.0,4.0,1.7000000000000002,58.0,0.35000000000000003,6,COMPLETE
69,69,4.260870277782329,2025-06-15 00:50:41.053897,2025-06-15 00:50:43.401244,0 days 00:00:02.347347,476.0,0.003,4m,2.0,2.0,1.9000000000000001,144.0,,,,,,,,824,0.003,1m,4.0,3.0,0.8,942,,,,,,,,,,,,,,,,,,,,,,74.0,0.002,3m,3.0,2.5,0.5,548.0,,,,,,,,388.0,0.001,3m,1.0,3.0,0.6,486.0,828.0,0.01,4m,1.0,4.0,1.7000000000000002,16.0,0.4,5,COMPLETE
70,70,7.131019872239784,2025-06-15 00:50:43.469735,2025-06-15 00:50:46.373471,0 days 00:00:02.903736,542.0,0.004,4m,2.0,1.5,1.8,80.0,,,,,,,,728,0.003,1m,3.0,3.5,0.7,990,,,,,,,,,,,,,,,,,,,,,,158.0,0.002,4m,2.0,3.0,0.7,566.0,226.0,0.003,3m,2.0,1.5,0.6,312.0,582.0,0.002,3m,1.5,3.0,0.7,708.0,930.0,0.01,4m,1.0,4.0,1.7000000000000002,130.0,0.3,6,COMPLETE
71,71,7.476153755632527,2025-06-15 00:50:46.436986,2025-06-15 00:50:50.191173,0 days 00:00:03.754187,372.0,0.003,4m,2.0,1.0,1.5,190.0,,,,,,,,648,0.002,1m,3.5,4.0,0.5,850,,,,,,,,,,,,,,,610.0,0.001,2m,4.0,4.0,1.8,110.0,46.0,0.002,3m,2.0,3.0,0.6,624.0,400.0,0.002,2m,2.0,1.0,0.5,144.0,500.0,0.002,3m,1.0,3.0,0.5,682.0,930.0,0.009000000000000001,4m,1.0,4.0,1.8,68.0,0.35000000000000003,7,COMPLETE
72,72,8.367288081312298,2025-06-15 00:50:50.260688,2025-06-15 00:50:53.635875,0 days 00:00:03.375187,428.0,0.003,4m,2.0,1.0,1.6,44.0,,,,,,,,788,0.002,1m,4.0,4.0,0.6,866,,,,,,,,,,,,,,,686.0,0.001,2m,4.0,3.5,1.9000000000000001,138.0,86.0,0.001,3m,2.0,3.0,0.8,674.0,326.0,0.002,2m,2.5,1.0,0.5,224.0,322.0,0.001,3m,1.0,3.0,0.5,614.0,984.0,0.009000000000000001,4m,1.0,4.0,1.9000000000000001,48.0,0.35000000000000003,7,COMPLETE
73,73,7.619244000384343,2025-06-15 00:50:53.715882,2025-06-15 00:50:57.711517,0 days 00:00:03.995635,514.0,0.004,4m,2.0,1.0,1.5,146.0,,,,,,,,844,0.001,1m,3.5,4.0,0.6,918,,,,,,,,156.0,0.006,1m,1.5,4.0,1.9000000000000001,20.0,602.0,0.001,2m,4.0,4.0,1.9000000000000001,52.0,54.0,0.003,3m,2.5,2.5,0.7,668.0,476.0,0.001,2m,2.0,1.0,0.5,160.0,508.0,0.002,3m,1.0,3.0,0.6,564.0,872.0,0.009000000000000001,4m,1.0,4.0,1.8,168.0,0.35000000000000003,8,COMPLETE
74,74,4.740264670033206,2025-06-15 00:50:57.797032,2025-06-15 00:51:00.903396,0 days 00:00:03.106364,342.0,0.003,4m,2.0,2.0,1.7000000000000002,240.0,,,,,,,,894,0.003,1m,4.0,3.5,0.7,960,,,,,,,,,,,,,,,,,,,,,,138.0,0.002,3m,2.0,3.0,0.8,602.0,372.0,0.002,2m,2.0,1.0,0.6,54.0,410.0,0.003,3m,1.0,2.0,0.5,696.0,948.0,0.01,4m,1.0,4.0,2.0,134.0,0.4,6,COMPLETE
75,75,5.814063308785396,2025-06-15 00:51:00.985724,2025-06-15 00:51:04.521495,0 days 00:00:03.535771,300.0,0.002,4m,1.5,1.5,1.4,82.0,,,,,,,,780,0.004,1m,3.5,4.0,0.8,990,,,,,,,,,,,,,,,720.0,0.001,2m,4.0,4.0,1.8,242.0,84.0,0.002,3m,1.5,3.0,0.7,758.0,318.0,0.001,3m,2.5,2.0,0.5,130.0,536.0,0.001,3m,1.0,3.0,0.7,646.0,904.0,0.009000000000000001,1m,1.5,4.0,1.6,62.0,0.35000000000000003,7,COMPLETE
76,76,3.699821168641538,2025-06-15 00:51:04.624019,2025-06-15 00:51:08.100635,0 days 00:00:03.476616,404.0,0.002,2m,2.0,2.0,1.4,120.0,,,,,,,,826,0.002,1m,4.0,3.5,0.6,784,,,,,,,,,,,,,,,660.0,0.001,2m,4.0,3.5,1.8,140.0,50.0,0.001,3m,2.5,3.0,0.6,628.0,502.0,0.003,2m,2.0,1.0,0.7,172.0,448.0,0.002,1m,1.5,2.5,0.6,528.0,784.0,0.008,4m,1.0,3.5,1.9000000000000001,222.0,0.3,7,COMPLETE
77,77,1.6326335246211725,2025-06-15 00:51:08.187153,2025-06-15 00:51:11.161934,0 days 00:00:02.974781,452.0,0.003,4m,1.5,1.5,1.3,180.0,,,,,,,,670,0.003,1m,3.5,4.0,0.5,950,,,,,,,,,,,,,,,,,,,,,,178.0,0.002,3m,1.5,1.5,0.7,540.0,218.0,0.001,3m,2.5,1.0,0.6,52.0,606.0,0.002,3m,3.5,2.5,0.8,586.0,1000.0,0.01,4m,1.0,4.0,1.7000000000000002,74.0,0.3,6,COMPLETE
78,78,9.233522124194614,2025-06-15 00:51:11.257485,2025-06-15 00:51:15.179189,0 days 00:00:03.921704,368.0,0.004,4m,2.0,1.0,1.7000000000000002,48.0,,,,,,,,762,0.002,1m,4.0,3.5,0.7,902,,,,,,,,416.0,0.004,2m,2.0,3.5,1.3,990.0,476.0,0.001,3m,4.0,4.0,1.7000000000000002,86.0,250.0,0.003,3m,2.0,2.5,0.8,730.0,424.0,0.004,3m,2.0,1.5,0.7,234.0,488.0,0.001,3m,1.0,3.0,0.5,766.0,854.0,0.009000000000000001,3m,1.5,3.5,1.6,16.0,0.4,8,COMPLETE
79,79,2.8294185416245208,2025-06-15 00:51:15.287705,2025-06-15 00:51:19.099347,0 days 00:00:03.811642,240.0,0.003,4m,2.5,1.0,1.6,272.0,,,,,,,,728,0.003,1m,3.0,3.0,0.8,994,,,,,,,,542.0,0.007,2m,3.5,3.0,1.6,502.0,742.0,0.001,2m,4.0,3.5,1.9000000000000001,242.0,16.0,0.001,3m,2.5,3.0,1.0,496.0,260.0,0.002,3m,2.0,1.0,0.5,112.0,666.0,0.002,3m,1.0,3.5,0.6,722.0,912.0,0.007,4m,1.0,4.0,1.7000000000000002,178.0,0.35000000000000003,8,COMPLETE
80,80,-0.6882234818094269,2025-06-15 00:51:19.170861,2025-06-15 00:51:22.165615,0 days 00:00:02.994754,622.0,0.001,4m,2.0,1.5,1.5,92.0,,,,,,,,984,0.001,1m,3.5,3.5,0.5,720,,,,,,,,,,,,,,,,,,,,,,98.0,0.003,2m,1.5,2.5,0.5,566.0,148.0,0.003,2m,2.0,1.0,0.9,324.0,382.0,0.003,4m,1.5,3.0,0.7,976.0,950.0,0.008,4m,1.5,4.0,1.8,1008.0,0.4,6,COMPLETE
81,81,10.440018581156108,2025-06-15 00:51:22.235627,2025-06-15 00:51:25.687027,0 days 00:00:03.451400,488.0,0.002,4m,2.0,2.0,1.5,40.0,,,,,,,,750,0.004,1m,4.0,3.5,0.6,834,,,,,,,,,,,,,,,926.0,0.002,2m,4.0,4.0,1.7000000000000002,152.0,120.0,0.003,3m,2.5,3.0,0.8,712.0,206.0,0.002,3m,1.5,1.0,0.6,80.0,424.0,0.002,3m,1.0,3.0,0.7,670.0,966.0,0.009000000000000001,4m,1.0,3.5,1.6,114.0,0.4,7,COMPLETE
82,82,4.380607002780898,2025-06-15 00:51:25.764545,2025-06-15 00:51:29.093807,0 days 00:00:03.329262,542.0,0.002,4m,2.0,2.0,1.5,44.0,,,,,,,,930,0.004,1m,4.0,3.5,0.6,874,,,,,,,,,,,,,,,580.0,0.001,2m,4.0,4.0,1.7000000000000002,144.0,132.0,0.002,3m,2.5,3.0,0.7,694.0,294.0,0.002,3m,1.5,1.0,0.6,52.0,564.0,0.002,3m,1.0,3.0,0.5,660.0,992.0,0.009000000000000001,4m,1.0,4.0,1.7000000000000002,128.0,0.35000000000000003,7,COMPLETE
83,83,10.323251616161807,2025-06-15 00:51:29.183913,2025-06-15 00:51:32.519887,0 days 00:00:03.335974,476.0,0.002,4m,2.0,2.0,1.6,158.0,,,,,,,,878,0.003,1m,4.0,3.0,0.7,924,,,,,,,,,,,,,,,934.0,0.002,2m,4.0,4.0,1.9000000000000001,68.0,52.0,0.003,3m,2.0,3.0,0.8,648.0,216.0,0.001,3m,2.0,1.5,0.5,180.0,468.0,0.001,3m,1.0,3.0,0.8,534.0,878.0,0.009000000000000001,4m,1.0,4.0,1.6,68.0,0.4,7,COMPLETE
84,84,5.037269423776433,2025-06-15 00:51:32.613934,2025-06-15 00:51:36.478992,0 days 00:00:03.865058,470.0,0.002,4m,2.0,2.0,1.6,142.0,,,,,,,,882,0.003,1m,4.0,3.0,0.7,830,,,,,,,,,,,,,,,930.0,0.002,2m,4.0,4.0,1.9000000000000001,64.0,72.0,0.003,3m,2.5,3.0,0.8,650.0,220.0,0.001,3m,1.5,1.5,0.6,88.0,444.0,0.001,3m,1.0,2.5,0.8,526.0,892.0,0.01,4m,1.0,3.5,1.6,754.0,0.45,7,COMPLETE
85,85,-0.9742471941432023,2025-06-15 00:51:36.589508,2025-06-15 00:51:43.887944,0 days 00:00:07.298436,508.0,0.002,4m,2.5,2.0,1.7000000000000002,74.0,,,,,,,,846,0.003,1m,4.0,3.0,0.8,930,,,,,,,,1024.0,0.002,1m,2.5,1.0,1.2000000000000002,144.0,840.0,0.003,1m,4.0,4.0,2.0,96.0,156.0,0.003,3m,3.0,3.0,0.6,722.0,142.0,0.001,3m,1.5,1.5,0.5,198.0,472.0,0.001,1m,2.5,3.5,0.7,484.0,656.0,0.008,1m,1.0,4.0,1.5,106.0,0.4,8,COMPLETE
86,86,6.629050936599408,2025-06-15 00:51:44.001456,2025-06-15 00:51:48.276555,0 days 00:00:04.275099,444.0,0.001,2m,1.5,2.0,1.8,110.0,,,,,,,,922,0.004,1m,4.0,3.5,0.7,906,,,,,,,,,,,,,,,792.0,0.002,2m,4.0,4.0,1.7000000000000002,220.0,96.0,0.004,3m,2.5,3.0,0.8,590.0,204.0,0.001,3m,2.0,2.0,0.8,130.0,358.0,0.003,3m,1.0,3.0,0.6,428.0,968.0,0.009000000000000001,4m,1.0,3.5,1.6,150.0,0.4,7,COMPLETE
87,87,6.636673917228451,2025-06-15 00:51:48.373605,2025-06-15 00:51:51.263015,0 days 00:00:02.889410,598.0,0.002,4m,2.5,2.0,1.4,42.0,,,,,,,,816,0.005,1m,4.0,3.5,0.9,972,,,,,,,,,,,,,,,,,,,,,,196.0,0.002,4m,3.0,2.0,1.0,686.0,126.0,0.002,4m,1.5,1.5,0.6,182.0,402.0,0.01,3m,1.0,3.5,0.8,634.0,1022.0,0.009000000000000001,4m,1.5,4.0,1.3,86.0,0.45,6,COMPLETE
88,88,3.1250664452614503,2025-06-15 00:51:51.339020,2025-06-15 00:51:54.726431,0 days 00:00:03.387411,554.0,0.001,4m,2.0,1.5,1.6,16.0,,,,,,,,734,0.004,1m,4.0,3.0,1.3,1024,,,,,,,,,,,,,,,944.0,0.01,2m,3.5,3.5,1.8,48.0,316.0,0.003,3m,2.0,3.0,0.8,604.0,272.0,0.001,3m,2.5,1.0,0.5,456.0,318.0,0.001,3m,1.0,3.0,0.9,596.0,804.0,0.01,4m,1.0,3.5,1.4,940.0,0.4,7,COMPLETE
89,89,7.963530820587389,2025-06-15 00:51:54.795946,2025-06-15 00:51:57.253744,0 days 00:00:02.457798,480.0,0.003,4m,2.0,2.5,1.7000000000000002,92.0,,,,,,,,620,0.003,1m,4.0,3.5,0.6,778,,,,,,,,,,,,,,,,,,,,,,50.0,0.003,3m,2.5,3.0,0.7,652.0,,,,,,,,530.0,0.002,3m,1.5,3.5,0.7,546.0,834.0,0.01,4m,1.5,4.0,1.6,38.0,0.3,5,COMPLETE
90,90,0.8862937885315791,2025-06-15 00:51:57.321743,2025-06-15 00:52:02.357778,0 days 00:00:05.036035,532.0,0.002,4m,2.0,2.0,1.5,162.0,,,,,,,,868,0.004,1m,4.0,3.0,0.5,946,,,,,,,,260.0,0.008,2m,4.0,4.0,0.9,762.0,862.0,0.001,2m,3.0,4.0,1.5,162.0,114.0,0.001,3m,2.5,2.5,0.6,768.0,304.0,0.002,3m,2.0,1.0,0.7,40.0,552.0,0.001,3m,1.0,3.0,0.6,758.0,872.0,0.009000000000000001,4m,1.0,4.0,1.7000000000000002,182.0,0.4,8,COMPLETE
91,91,11.663243539513042,2025-06-15 00:52:02.442289,2025-06-15 00:52:05.955342,0 days 00:00:03.513053,426.0,0.003,4m,2.0,1.0,1.5,122.0,,,,,,,,772,0.002,1m,3.5,4.0,0.6,840,,,,,,,,,,,,,,,642.0,0.001,2m,4.0,4.0,1.8,102.0,36.0,0.002,3m,2.0,3.0,0.7,632.0,344.0,0.002,3m,2.0,1.0,0.5,88.0,502.0,0.002,3m,1.0,3.0,0.5,706.0,932.0,0.009000000000000001,4m,1.0,4.0,1.8,58.0,0.35000000000000003,7,COMPLETE
92,92,10.851063690101808,2025-06-15 00:52:06.036860,2025-06-15 00:52:09.352572,0 days 00:00:03.315712,430.0,0.004,4m,2.0,2.0,1.6,134.0,,,,,,,,850,0.002,1m,3.5,3.5,0.6,846,,,,,,,,,,,,,,,646.0,0.001,2m,4.0,4.0,1.9000000000000001,96.0,16.0,0.002,3m,2.0,3.0,0.8,552.0,378.0,0.003,3m,2.0,1.0,0.6,86.0,436.0,0.003,3m,1.0,3.0,0.6,622.0,932.0,0.008,4m,1.0,4.0,1.6,116.0,0.35000000000000003,7,COMPLETE
93,93,11.70047862017237,2025-06-15 00:52:09.446091,2025-06-15 00:52:12.850442,0 days 00:00:03.404351,430.0,0.004,4m,2.0,1.5,1.4,214.0,,,,,,,,846,0.002,1m,3.5,4.0,0.7,846,,,,,,,,,,,,,,,650.0,0.002,2m,4.0,4.0,1.9000000000000001,84.0,18.0,0.002,3m,2.0,3.0,0.7,466.0,372.0,0.003,3m,2.0,1.0,0.5,90.0,456.0,0.003,3m,1.0,3.0,0.7,622.0,928.0,0.008,4m,1.0,4.0,1.5,112.0,0.35000000000000003,7,COMPLETE
94,94,11.397290843074346,2025-06-15 00:52:12.924960,2025-06-15 00:52:15.761244,0 days 00:00:02.836284,428.0,0.004,4m,1.5,1.5,1.4,120.0,,,,,,,,810,0.001,1m,3.5,4.0,0.6,814,,,,,,,,,,,,,,,,,,,,,,28.0,0.002,3m,2.0,3.0,0.7,472.0,396.0,0.003,3m,2.5,1.0,0.6,90.0,438.0,0.003,3m,1.0,2.5,0.7,626.0,920.0,0.007,4m,1.0,2.5,1.7000000000000002,118.0,0.35000000000000003,6,COMPLETE
95,95,4.540684142697486,2025-06-15 00:52:15.835759,2025-06-15 00:52:18.650392,0 days 00:00:02.814633,420.0,0.004,4m,1.5,1.5,1.4,202.0,,,,,,,,838,0.001,1m,3.5,4.0,0.5,798,,,,,,,,,,,,,,,,,,,,,,20.0,0.002,3m,2.0,3.0,0.6,466.0,416.0,0.004,3m,2.5,1.0,0.5,120.0,516.0,0.003,4m,1.0,2.5,0.5,618.0,922.0,0.006,3m,1.5,2.5,1.7000000000000002,136.0,0.3,6,COMPLETE
96,96,10.130677364958299,2025-06-15 00:52:19.352243,2025-06-15 00:52:22.135414,0 days 00:00:02.783171,386.0,0.004,4m,1.5,1.5,1.2000000000000002,738.0,,,,,,,,810,0.001,1m,3.0,4.0,0.7,728,,,,,,,,,,,,,,,,,,,,,,40.0,0.001,2m,2.0,2.5,0.7,430.0,384.0,0.004,3m,2.0,1.0,0.5,88.0,590.0,0.004,3m,1.5,2.0,0.6,588.0,938.0,0.007,4m,1.0,2.5,1.5,38.0,0.35000000000000003,6,COMPLETE
97,97,2.6782621568789065,2025-06-15 00:52:22.222931,2025-06-15 00:52:25.323592,0 days 00:00:03.100661,434.0,0.004,4m,2.5,1.5,1.3,132.0,,,,,,,,798,0.002,1m,3.5,4.0,0.8,844,,,,,,,,,,,,,,,,,,,,,,74.0,0.002,3m,1.5,3.0,0.5,516.0,360.0,0.003,1m,2.5,1.0,0.7,236.0,450.0,0.003,3m,2.0,2.5,1.2000000000000002,716.0,996.0,0.008,4m,1.0,2.5,1.8,244.0,0.35000000000000003,6,COMPLETE
98,98,6.848094885240522,2025-06-15 00:52:25.389594,2025-06-15 00:52:28.958374,0 days 00:00:03.568780,352.0,0.004,4m,1.0,1.0,1.4,234.0,,,,,,,,994,0.002,1m,3.5,4.0,0.6,892,,,,,,,,,,,,,,,648.0,0.009000000000000001,3m,4.0,3.5,2.0,100.0,34.0,0.002,3m,2.0,3.0,0.6,446.0,554.0,0.003,3m,2.0,1.0,0.6,132.0,488.0,0.004,3m,1.0,3.0,0.6,638.0,900.0,0.007,4m,1.0,2.0,1.7000000000000002,204.0,0.35000000000000003,7,COMPLETE
99,99,4.160695347202024,2025-06-15 00:52:29.071859,2025-06-15 00:52:33.022705,0 days 00:00:03.950846,322.0,0.005,2m,1.5,1.5,1.3,266.0,,,,,,,,950,0.001,4m,3.5,4.0,0.5,798,,,,,,,,,,,,,,,,,,,,,,18.0,0.002,3m,2.0,3.0,0.7,384.0,,,,,,,,548.0,0.003,1m,1.0,2.5,0.5,502.0,852.0,0.008,1m,1.0,2.5,1.5,102.0,0.25,5,COMPLETE
