,number,value,datetime_start,datetime_complete,duration,params_AMD_INTC_beta_win,params_AMD_INTC_stop_loss,params_AMD_INTC_trade_freq,params_AMD_INTC_z_entry,params_AMD_INTC_z_exit,params_AMD_INTC_z_stop_scaler,params_AMD_INTC_z_win,params_ATVI_EXC_beta_win,params_ATVI_EXC_stop_loss,params_ATVI_EXC_trade_freq,params_ATVI_EXC_z_entry,params_ATVI_EXC_z_exit,params_ATVI_EXC_z_stop_scaler,params_ATVI_EXC_z_win,params_CHTR_INTC_beta_win,params_CHTR_INTC_stop_loss,params_CHTR_INTC_trade_freq,params_CHTR_INTC_z_entry,params_CHTR_INTC_z_exit,params_CHTR_INTC_z_stop_scaler,params_CHTR_INTC_z_win,params_COST_INTC_beta_win,params_COST_INTC_stop_loss,params_COST_INTC_trade_freq,params_COST_INTC_z_entry,params_COST_INTC_z_exit,params_COST_INTC_z_stop_scaler,params_COST_INTC_z_win,params_CSX_INTC_beta_win,params_CSX_INTC_stop_loss,params_CSX_INTC_trade_freq,params_CSX_INTC_z_entry,params_CSX_INTC_z_exit,params_CSX_INTC_z_stop_scaler,params_CSX_INTC_z_win,params_DXCM_ORLY_beta_win,params_DXCM_ORLY_stop_loss,params_DXCM_ORLY_trade_freq,params_DXCM_ORLY_z_entry,params_DXCM_ORLY_z_exit,params_DXCM_ORLY_z_stop_scaler,params_DXCM_ORLY_z_win,params_FAST_INTC_beta_win,params_FAST_INTC_stop_loss,params_FAST_INTC_trade_freq,params_FAST_INTC_z_entry,params_FAST_INTC_z_exit,params_FAST_INTC_z_stop_scaler,params_FAST_INTC_z_win,params_GFS_INTC_beta_win,params_GFS_INTC_stop_loss,params_GFS_INTC_trade_freq,params_GFS_INTC_z_entry,params_GFS_INTC_z_exit,params_GFS_INTC_z_stop_scaler,params_GFS_INTC_z_win,params_INTC_PAYX_beta_win,params_INTC_PAYX_stop_loss,params_INTC_PAYX_trade_freq,params_INTC_PAYX_z_entry,params_INTC_PAYX_z_exit,params_INTC_PAYX_z_stop_scaler,params_INTC_PAYX_z_win,params_INTC_VRSK_beta_win,params_INTC_VRSK_stop_loss,params_INTC_VRSK_trade_freq,params_INTC_VRSK_z_entry,params_INTC_VRSK_z_exit,params_INTC_VRSK_z_stop_scaler,params_INTC_VRSK_z_win,params_buffer_capital,params_pairs_to_trade,state
0,0,2.475883473788432,2025-06-15 01:11:28.993896,2025-06-15 01:11:30.304080,0 days 00:00:01.310184,,,,,,,,,,,,,,,876.0,0.003,3m,1.0,3.0,1.3,394.0,,,,,,,,,,,,,,,,,,,,,,342,0.009000000000000001,3m,3.5,2.0,1.3,502,,,,,,,,,,,,,,,1000.0,0.002,1m,2.5,2.0,0.6,468.0,0.5,3,COMPLETE
1,1,-1.2822389757162753,2025-06-15 01:11:30.371699,2025-06-15 01:11:31.748974,0 days 00:00:01.377275,,,,,,,,,,,,,,,210.0,0.009000000000000001,1m,3.0,3.0,1.9000000000000001,948.0,,,,,,,,,,,,,,,,,,,,,,324,0.009000000000000001,2m,4.0,1.5,1.9000000000000001,320,,,,,,,,,,,,,,,984.0,0.006,3m,2.5,3.0,1.0,592.0,0.3,3,COMPLETE
2,2,1.5833600087006736,2025-06-15 01:11:31.810321,2025-06-15 01:11:35.219383,0 days 00:00:03.409062,110.0,0.003,4m,1.0,4.0,1.6,146.0,34.0,0.005,2m,3.0,3.5,0.8,230.0,978.0,0.007,3m,1.5,4.0,0.7,698.0,670.0,0.006,4m,2.0,2.5,0.8,548.0,920.0,0.003,3m,2.5,1.0,1.3,360.0,,,,,,,,270,0.008,4m,1.0,1.5,0.5,50,76.0,0.001,3m,2.5,2.5,0.6,388.0,652.0,0.001,4m,3.0,1.5,0.5,828.0,572.0,0.008,4m,1.5,3.5,2.0,386.0,0.2,9,COMPLETE
3,3,4.2004827759631995,2025-06-15 01:11:35.285449,2025-06-15 01:11:37.394912,0 days 00:00:02.109463,434.0,0.006,3m,2.5,3.5,0.7,974.0,960.0,0.01,4m,2.5,1.5,1.3,260.0,844.0,0.01,4m,3.5,4.0,1.9000000000000001,582.0,,,,,,,,,,,,,,,,,,,,,,544,0.009000000000000001,1m,1.5,3.5,1.3,326,,,,,,,,,,,,,,,352.0,0.007,2m,1.0,3.5,1.3,856.0,0.05,5,COMPLETE
4,4,-2.7662953087615807,2025-06-15 01:11:37.454056,2025-06-15 01:11:39.406434,0 days 00:00:01.952378,886.0,0.003,3m,3.5,2.5,1.1,452.0,956.0,0.01,1m,1.5,1.5,1.9000000000000001,592.0,56.0,0.007,4m,3.5,3.0,1.7000000000000002,226.0,,,,,,,,,,,,,,,,,,,,,,974,0.009000000000000001,4m,1.5,2.0,1.9000000000000001,702,,,,,,,,,,,,,,,754.0,0.009000000000000001,1m,2.5,3.0,1.1,992.0,0.2,5,COMPLETE
5,5,-1.2560569145471403,2025-06-15 01:11:39.475210,2025-06-15 01:11:42.701919,0 days 00:00:03.226709,32.0,0.006,1m,3.0,3.5,1.5,220.0,604.0,0.006,1m,4.0,2.0,1.9000000000000001,106.0,218.0,0.004,2m,1.5,3.0,1.6,72.0,304.0,0.007,4m,1.5,1.0,1.8,648.0,974.0,0.008,4m,3.0,4.0,1.8,922.0,,,,,,,,430,0.001,4m,2.5,4.0,0.8,278,,,,,,,,370.0,0.007,1m,2.0,1.0,1.4,490.0,804.0,0.008,1m,2.5,3.5,0.6,550.0,0.15000000000000002,8,COMPLETE
6,6,-0.9520173487761138,2025-06-15 01:11:42.731675,2025-06-15 01:11:44.413052,0 days 00:00:01.681377,,,,,,,,254.0,0.009000000000000001,2m,2.0,3.5,1.6,890.0,588.0,0.007,2m,2.5,2.5,0.8,598.0,,,,,,,,,,,,,,,,,,,,,,264,0.008,1m,4.0,1.0,0.6,718,,,,,,,,,,,,,,,56.0,0.009000000000000001,3m,2.5,1.5,1.1,276.0,0.45,4,COMPLETE
7,7,1.9987591368862148,2025-06-15 01:11:44.483525,2025-06-15 01:11:45.716557,0 days 00:00:01.233032,,,,,,,,,,,,,,,832.0,0.01,3m,3.5,2.5,1.5,514.0,,,,,,,,,,,,,,,,,,,,,,952,0.004,3m,2.0,2.5,0.8,652,,,,,,,,,,,,,,,948.0,0.008,2m,4.0,3.0,1.6,760.0,0.1,3,COMPLETE
8,8,1.625667041896211,2025-06-15 01:11:45.788760,2025-06-15 01:11:48.563843,0 days 00:00:02.775083,574.0,0.009000000000000001,4m,2.0,1.5,1.2000000000000002,294.0,142.0,0.007,1m,3.0,3.0,1.7000000000000002,862.0,172.0,0.001,2m,2.5,4.0,1.8,892.0,370.0,0.006,3m,2.0,3.0,1.2000000000000002,674.0,338.0,0.005,2m,1.5,3.0,1.4,492.0,,,,,,,,186,0.009000000000000001,3m,3.0,3.0,1.2000000000000002,68,,,,,,,,,,,,,,,150.0,0.002,2m,4.0,3.0,1.4,444.0,0.05,7,COMPLETE
9,9,0.44711596423405375,2025-06-15 01:11:48.626678,2025-06-15 01:11:52.506094,0 days 00:00:03.879416,64.0,0.007,2m,3.0,1.0,1.9000000000000001,316.0,1012.0,0.004,4m,4.0,1.5,0.5,248.0,698.0,0.01,4m,2.5,3.5,0.8,766.0,612.0,0.004,2m,1.0,1.5,1.6,82.0,410.0,0.006,4m,1.0,3.5,1.7000000000000002,748.0,432.0,0.007,4m,4.0,1.5,0.9,224.0,90,0.004,2m,4.0,1.5,0.9,844,678.0,0.01,4m,4.0,4.0,2.0,420.0,552.0,0.003,1m,2.0,3.5,0.7,384.0,1010.0,0.007,3m,4.0,1.5,0.8,766.0,0.45,10,COMPLETE
10,10,1.170080123373252,2025-06-15 01:11:52.578055,2025-06-15 01:11:53.174767,0 days 00:00:00.596712,,,,,,,,,,,,,,,,,,,,,,,,,,,,,,,,,,,,,,,,,,,660,0.006,1m,1.0,4.0,1.5,968,,,,,,,,,,,,,,,,,,,,,,0.35000000000000003,1,COMPLETE
11,11,-1.7471169232341681,2025-06-15 01:11:53.239524,2025-06-15 01:11:55.824933,0 days 00:00:02.585409,534.0,0.01,3m,2.0,3.0,0.5,918.0,684.0,0.002,3m,1.0,1.0,1.2000000000000002,520.0,964.0,0.003,3m,1.0,1.0,1.1,358.0,,,,,,,,48.0,0.01,1m,4.0,1.5,0.5,76.0,,,,,,,,636,0.01,3m,3.0,3.0,1.4,424,,,,,,,,,,,,,,,336.0,0.003,1m,1.5,2.0,0.5,32.0,0.5,6,COMPLETE
12,12,1.340382631254473,2025-06-15 01:11:55.899922,2025-06-15 01:11:56.509987,0 days 00:00:00.610065,,,,,,,,,,,,,,,,,,,,,,,,,,,,,,,,,,,,,,,,,,,526,0.006,1m,3.0,3.0,1.2000000000000002,514,,,,,,,,,,,,,,,,,,,,,,0.35000000000000003,1,COMPLETE
13,13,4.064320574454865,2025-06-15 01:11:56.571414,2025-06-15 01:11:57.881312,0 days 00:00:01.309898,,,,,,,,,,,,,,,746.0,0.003,4m,4.0,1.5,1.2000000000000002,440.0,,,,,,,,,,,,,,,,,,,,,,754,0.007,1m,2.0,3.5,1.5,236,,,,,,,,,,,,,,,386.0,0.004,2m,1.0,4.0,1.5,972.0,0.25,3,COMPLETE
14,14,3.073863966095555,2025-06-15 01:11:57.950166,2025-06-15 01:12:00.201611,0 days 00:00:02.251445,364.0,0.004,3m,4.0,2.5,0.5,956.0,784.0,0.008,4m,2.5,2.5,1.2000000000000002,476.0,498.0,0.001,4m,4.0,1.5,1.2000000000000002,488.0,,,,,,,,,,,,,,,,,,,,,,796,0.007,1m,2.0,3.5,1.6,208,,,,,,,,,,,,,,,396.0,0.004,2m,1.0,4.0,1.6,1018.0,0.05,5,COMPLETE
15,15,4.856324682680322,2025-06-15 01:12:00.258921,2025-06-15 01:12:01.277979,0 days 00:00:01.019058,,,,,,,,,,,,,,,762.0,0.005,4m,4.0,1.5,1.0,260.0,,,,,,,,,,,,,,,,,,,,,,788,0.004,1m,1.5,3.5,1.7000000000000002,222,,,,,,,,,,,,,,,,,,,,,,0.25,2,COMPLETE
16,16,3.753415785040801,2025-06-15 01:12:01.344574,2025-06-15 01:12:01.867176,0 days 00:00:00.522602,,,,,,,,,,,,,,,,,,,,,,,,,,,,,,,,,,,,,,,,,,,542,0.003,1m,1.5,3.5,1.7000000000000002,382,,,,,,,,,,,,,,,,,,,,,,0.15000000000000002,1,COMPLETE
17,17,4.219014935699078,2025-06-15 01:12:01.926720,2025-06-15 01:12:04.929151,0 days 00:00:03.002431,866.0,0.001,2m,1.0,4.0,0.9,712.0,392.0,0.001,4m,3.0,1.0,0.9,382.0,480.0,0.005,4m,3.5,2.0,0.5,238.0,954.0,0.001,1m,3.5,4.0,0.5,1018.0,676.0,0.001,2m,4.0,2.0,0.6,20.0,,,,,,,,818,0.002,1m,1.5,4.0,1.0,160,,,,,,,,,,,,,,,548.0,0.01,4m,1.5,1.0,1.9000000000000001,754.0,0.3,7,COMPLETE
18,18,5.987424245331245,2025-06-15 01:12:04.991734,2025-06-15 01:12:08.114700,0 days 00:00:03.122966,1022.0,0.001,2m,1.0,4.0,0.9,702.0,396.0,0.001,3m,3.5,1.0,0.8,686.0,430.0,0.006,1m,4.0,2.0,0.5,194.0,974.0,0.001,1m,4.0,4.0,0.5,968.0,698.0,0.001,2m,4.0,2.0,0.5,32.0,,,,,,,,854,0.001,1m,1.0,4.0,1.0,158,,,,,,,,,,,,,,,590.0,0.01,4m,2.0,1.0,2.0,700.0,0.3,7,COMPLETE
19,19,1.8052045683595148,2025-06-15 01:12:08.182272,2025-06-15 01:12:11.123728,0 days 00:00:02.941456,1006.0,0.001,2m,1.5,2.0,0.9,686.0,430.0,0.003,3m,3.5,4.0,0.5,694.0,394.0,0.006,1m,4.0,1.0,1.0,134.0,980.0,0.01,1m,4.0,4.0,1.0,1016.0,640.0,0.001,2m,3.0,2.5,0.9,264.0,,,,,,,,884,0.001,2m,1.0,4.0,1.8,134,,,,,,,,,,,,,,,714.0,0.01,4m,3.5,1.0,1.8,172.0,0.35000000000000003,7,COMPLETE
20,20,5.1563218905596555,2025-06-15 01:12:11.192096,2025-06-15 01:12:15.095942,0 days 00:00:03.903846,746.0,0.004,1m,1.5,3.0,1.5,674.0,316.0,0.001,3m,3.5,2.5,0.8,992.0,370.0,0.005,1m,2.0,2.0,0.5,18.0,122.0,0.001,1m,3.0,3.0,0.5,208.0,758.0,0.004,1m,2.0,2.0,0.9,662.0,,,,,,,,670,0.004,1m,1.0,2.5,1.1,20,978.0,0.005,1m,1.0,1.0,1.5,1000.0,1008.0,0.01,3m,1.0,4.0,2.0,66.0,210.0,0.005,4m,3.0,2.0,1.8,650.0,0.4,9,COMPLETE
21,21,3.075633800437665,2025-06-15 01:12:15.154584,2025-06-15 01:12:19.513950,0 days 00:00:04.359366,718.0,0.003,1m,1.5,3.0,1.5,702.0,286.0,0.001,3m,3.5,2.5,0.8,1016.0,364.0,0.005,1m,2.0,2.0,0.5,28.0,116.0,0.001,1m,3.0,3.0,0.5,194.0,764.0,0.004,1m,2.0,2.5,0.9,688.0,882.0,0.001,1m,1.0,4.0,2.0,964.0,694,0.004,1m,1.0,2.5,1.1,32,1024.0,0.006,1m,1.0,1.0,1.5,1002.0,988.0,0.01,3m,1.0,4.0,2.0,16.0,202.0,0.005,4m,3.0,2.0,1.8,652.0,0.4,10,COMPLETE
22,22,-0.5941959543910078,2025-06-15 01:12:19.580456,2025-06-15 01:12:23.412697,0 days 00:00:03.832241,746.0,0.001,1m,1.0,3.5,2.0,520.0,452.0,0.003,3m,3.5,2.0,1.0,738.0,622.0,0.006,1m,3.0,2.0,0.7,222.0,30.0,0.003,1m,4.0,3.5,0.8,268.0,810.0,0.003,1m,3.0,1.5,0.9,642.0,,,,,,,,894,0.003,1m,1.0,3.0,1.1,158,940.0,0.004,1m,1.0,1.0,1.2000000000000002,1018.0,998.0,0.01,3m,4.0,2.5,2.0,22.0,626.0,0.001,4m,2.0,1.5,2.0,662.0,0.25,9,COMPLETE
23,23,6.828663594262536,2025-06-15 01:12:23.489559,2025-06-15 01:12:26.856188,0 days 00:00:03.366629,1020.0,0.004,1m,1.5,3.0,1.7000000000000002,812.0,276.0,0.001,3m,4.0,3.0,0.7,990.0,362.0,0.004,1m,2.0,1.5,0.5,114.0,768.0,0.002,1m,3.0,2.0,0.5,404.0,540.0,0.002,3m,2.0,2.0,0.7,988.0,,,,,,,,844,0.005,1m,1.5,2.5,2.0,100,,,,,,,,156.0,0.006,2m,1.0,3.0,1.4,1018.0,256.0,0.005,4m,3.0,2.5,1.8,884.0,0.3,8,COMPLETE
24,24,7.6225550528101005,2025-06-15 01:12:26.945693,2025-06-15 01:12:30.452117,0 days 00:00:03.506424,1022.0,0.004,1m,1.5,3.0,1.7000000000000002,812.0,278.0,0.001,3m,4.0,3.0,0.7,984.0,340.0,0.004,1m,2.0,2.0,0.5,88.0,780.0,0.001,1m,3.0,2.0,0.5,352.0,506.0,0.002,3m,2.0,2.0,0.7,970.0,,,,,,,,996,0.005,1m,2.0,2.5,2.0,120,,,,,,,,184.0,0.006,2m,1.0,3.0,1.4,956.0,244.0,0.005,4m,3.0,2.5,1.7000000000000002,858.0,0.35000000000000003,8,COMPLETE
25,25,5.158748131896666,2025-06-15 01:12:30.523237,2025-06-15 01:12:34.054786,0 days 00:00:03.531549,968.0,0.005,1m,2.0,2.0,1.8,836.0,186.0,0.002,3m,4.0,3.0,0.6,838.0,280.0,0.004,1m,2.0,1.5,0.7,142.0,792.0,0.003,1m,3.0,2.0,0.8,384.0,504.0,0.001,3m,2.0,2.0,0.6,1024.0,,,,,,,,988,0.005,1m,2.5,2.0,2.0,128,,,,,,,,24.0,0.006,2m,1.0,2.5,1.3,1020.0,444.0,0.006,4m,3.0,2.5,1.7000000000000002,874.0,0.3,8,COMPLETE
26,26,3.750603098042232,2025-06-15 01:12:34.127506,2025-06-15 01:12:37.510483,0 days 00:00:03.382977,1018.0,0.002,2m,1.5,4.0,1.7000000000000002,808.0,512.0,0.002,3m,4.0,3.0,0.7,730.0,434.0,0.004,1m,1.5,2.0,0.6,314.0,824.0,0.002,1m,3.5,2.0,0.7,416.0,530.0,0.002,3m,1.5,1.5,0.5,890.0,,,,,,,,892,0.005,1m,2.0,2.5,2.0,422,,,,,,,,94.0,0.004,2m,2.0,3.0,1.5,948.0,252.0,0.004,4m,3.5,2.5,2.0,886.0,0.4,8,COMPLETE
27,27,3.8629358151100464,2025-06-15 01:12:37.557071,2025-06-15 01:12:40.561326,0 days 00:00:03.004255,868.0,0.008,1m,1.0,3.0,1.2000000000000002,800.0,106.0,0.003,3m,4.0,3.5,1.0,920.0,282.0,0.002,1m,2.0,1.0,0.9,122.0,814.0,0.003,2m,3.5,2.0,0.5,792.0,284.0,0.002,3m,2.5,2.0,0.7,1024.0,,,,,,,,996,0.002,2m,2.0,2.0,1.8,130,,,,,,,,,,,,,,,104.0,0.005,4m,2.0,2.5,1.6,806.0,0.35000000000000003,7,COMPLETE
28,28,-1.9340033680555577,2025-06-15 01:12:40.641742,2025-06-15 01:12:43.373679,0 days 00:00:02.731937,882.0,0.005,1m,2.0,3.5,1.4,532.0,358.0,0.001,3m,3.5,3.0,0.6,656.0,312.0,0.008,1m,3.0,2.5,0.6,158.0,,,,,,,,574.0,0.002,3m,3.5,3.0,1.1,840.0,,,,,,,,848,0.002,4m,1.5,2.5,0.7,602,,,,,,,,,,,,,,,254.0,0.006,4m,3.5,1.0,1.9000000000000001,696.0,0.2,6,COMPLETE
29,29,4.2436081303748,2025-06-15 01:12:43.483207,2025-06-15 01:12:50.043054,0 days 00:00:06.559847,1024.0,0.004,2m,1.5,2.0,1.0,592.0,218.0,0.004,3m,4.0,4.0,1.0,832.0,92.0,0.002,1m,1.5,1.5,0.6,310.0,1000.0,0.001,3m,2.5,1.5,1.1,420.0,442.0,0.003,2m,1.5,1.0,0.7,228.0,,,,,,,,724,0.003,3m,2.5,3.0,2.0,324,,,,,,,,270.0,0.007,2m,1.5,3.0,1.0,768.0,476.0,0.003,4m,2.0,1.5,1.7000000000000002,926.0,0.3,8,COMPLETE
30,30,4.272286303298055,2025-06-15 01:12:50.155124,2025-06-15 01:12:53.503518,0 days 00:00:03.348394,658.0,0.002,1m,1.0,2.5,1.8,868.0,576.0,0.002,2m,3.0,2.0,1.4,1020.0,570.0,0.006,1m,2.0,2.5,1.4,70.0,,,,,,,,222.0,0.007,3m,2.0,2.5,1.1,496.0,,,,,,,,936,0.005,1m,2.5,2.0,1.4,92,,,,,,,,,,,,,,,20.0,0.007,4m,3.0,2.5,1.5,836.0,0.45,6,COMPLETE
31,31,-2.295373705033117,2025-06-15 01:12:53.555869,2025-06-15 01:12:57.014946,0 days 00:00:03.459077,940.0,0.005,1m,2.0,2.0,1.8,802.0,192.0,0.002,3m,4.0,3.0,0.6,818.0,300.0,0.004,1m,2.0,1.5,0.7,138.0,788.0,0.003,1m,3.0,2.0,0.7,398.0,484.0,0.001,3m,2.0,2.0,0.7,1024.0,,,,,,,,1022,0.005,1m,2.5,2.0,2.0,198,,,,,,,,68.0,0.006,2m,1.0,2.5,1.2000000000000002,1024.0,468.0,0.006,4m,3.0,2.5,1.8,888.0,0.3,8,COMPLETE
32,32,0.43707180724919636,2025-06-15 01:12:57.082288,2025-06-15 01:13:01.006034,0 days 00:00:03.923746,946.0,0.005,1m,2.5,2.5,2.0,830.0,322.0,0.001,3m,4.0,3.0,0.7,918.0,128.0,0.004,1m,2.5,1.5,0.5,162.0,708.0,0.002,1m,2.5,2.5,0.7,336.0,612.0,0.001,3m,2.5,2.0,0.5,942.0,,,,,,,,1020,0.006,1m,2.0,2.5,1.9000000000000001,106,30.0,0.01,2m,4.0,4.0,0.5,122.0,214.0,0.005,2m,1.0,2.0,1.5,786.0,304.0,0.004,4m,3.0,2.5,1.7000000000000002,934.0,0.3,9,COMPLETE
33,33,2.8541874800970697,2025-06-15 01:13:01.084614,2025-06-15 01:13:04.480507,0 days 00:00:03.395893,940.0,0.007,1m,1.5,1.5,1.7000000000000002,772.0,126.0,0.002,3m,3.5,3.5,0.6,774.0,440.0,0.003,1m,1.0,2.0,0.8,398.0,870.0,0.004,1m,3.0,1.5,0.9,522.0,522.0,0.002,3m,2.0,1.5,0.7,792.0,,,,,,,,912,0.007,1m,3.5,1.0,1.8,266,,,,,,,,28.0,0.007,2m,1.5,3.0,1.2000000000000002,1010.0,656.0,0.005,4m,3.5,2.0,1.9000000000000001,800.0,0.25,8,COMPLETE
34,34,6.359792826980479,2025-06-15 01:13:04.562735,2025-06-15 01:13:07.353478,0 days 00:00:02.790743,850.0,0.004,4m,2.0,2.0,1.3,904.0,218.0,0.001,3m,4.0,2.5,0.7,958.0,248.0,0.004,1m,2.0,1.0,0.6,82.0,592.0,0.002,1m,3.5,2.0,1.4,320.0,394.0,0.001,3m,2.5,2.0,0.8,948.0,,,,,,,,600,0.005,1m,1.5,1.5,2.0,86,,,,,,,,,,,,,,,492.0,0.003,4m,3.0,2.0,1.7000000000000002,726.0,0.35000000000000003,7,COMPLETE
35,35,5.612249955499102,2025-06-15 01:13:07.430820,2025-06-15 01:13:10.235178,0 days 00:00:02.804358,792.0,0.002,4m,1.5,3.0,1.3,1012.0,18.0,0.001,3m,3.5,2.5,0.9,946.0,208.0,0.002,1m,2.5,1.0,0.6,84.0,452.0,0.002,1m,4.0,2.5,1.5,278.0,388.0,0.003,2m,2.5,2.5,0.8,900.0,,,,,,,,442,0.006,2m,1.5,1.5,1.7000000000000002,70,,,,,,,,,,,,,,,520.0,0.003,4m,2.0,2.0,1.5,706.0,0.35000000000000003,7,COMPLETE
36,36,3.684419291513621,2025-06-15 01:13:10.308564,2025-06-15 01:13:12.951678,0 days 00:00:02.643114,824.0,0.004,4m,2.0,1.5,0.8,910.0,262.0,0.003,3m,4.0,2.5,0.7,952.0,348.0,0.008,1m,1.5,1.0,0.5,200.0,,,,,,,,204.0,0.002,3m,3.5,1.5,1.1,782.0,,,,,,,,422,0.008,4m,1.5,1.5,1.9000000000000001,368,,,,,,,,,,,,,,,842.0,0.002,3m,2.5,2.0,1.3,580.0,0.4,6,COMPLETE
37,37,4.300839659815604,2025-06-15 01:13:13.026434,2025-06-15 01:13:16.734154,0 days 00:00:03.707720,926.0,0.003,4m,2.5,3.5,1.3,634.0,434.0,0.004,3m,3.5,2.0,1.1,574.0,236.0,0.003,3m,2.0,2.0,0.9,276.0,600.0,0.002,1m,3.5,2.0,1.4,862.0,714.0,0.004,4m,1.5,2.0,0.8,586.0,,,,,,,,580,0.003,1m,1.0,1.0,1.8,280,372.0,0.001,4m,2.5,2.5,1.0,18.0,412.0,0.008,4m,3.0,3.5,1.7000000000000002,642.0,618.0,0.001,4m,3.5,3.0,2.0,614.0,0.35000000000000003,9,COMPLETE
38,38,-1.1653591904055358,2025-06-15 01:13:16.795448,2025-06-15 01:13:18.476794,0 days 00:00:01.681346,,,,,,,,364.0,0.001,2m,3.0,3.5,0.9,804.0,420.0,0.006,1m,1.5,1.0,0.6,28.0,,,,,,,,,,,,,,,,,,,,,,838,0.005,4m,1.5,1.5,1.9000000000000001,182,,,,,,,,,,,,,,,136.0,0.003,1m,2.5,1.5,1.9000000000000001,464.0,0.2,4,COMPLETE
39,39,6.140565711509302,2025-06-15 01:13:18.538824,2025-06-15 01:13:21.467833,0 days 00:00:02.929009,236.0,0.004,2m,1.0,4.0,0.7,750.0,112.0,0.005,3m,4.0,4.0,0.8,942.0,510.0,0.005,2m,3.0,1.5,0.8,194.0,520.0,0.001,1m,3.5,1.5,2.0,134.0,844.0,0.001,3m,3.0,2.5,2.0,954.0,,,,,,,,612,0.001,1m,2.0,2.0,0.9,40,,,,,,,,,,,,,,,286.0,0.007,4m,3.0,3.0,1.7000000000000002,718.0,0.4,7,COMPLETE
40,40,7.4553622205994206,2025-06-15 01:13:21.547787,2025-06-15 01:13:26.004701,0 days 00:00:04.456914,266.0,0.003,4m,1.0,3.0,1.6,890.0,72.0,0.005,1m,4.0,4.0,0.5,966.0,22.0,0.005,2m,3.0,1.5,0.9,84.0,510.0,0.004,4m,3.5,1.0,1.9000000000000001,16.0,896.0,0.002,3m,3.0,3.0,2.0,964.0,16.0,0.01,2m,2.5,3.5,0.5,866.0,364,0.008,3m,2.0,2.0,0.6,20,456.0,0.007,3m,3.0,3.0,1.9000000000000001,694.0,220.0,0.003,2m,2.5,2.0,1.7000000000000002,300.0,254.0,0.007,3m,3.0,3.0,1.4,526.0,0.5,10,COMPLETE
41,41,7.382274451802363,2025-06-15 01:13:26.078593,2025-06-15 01:13:30.400873,0 days 00:00:04.322280,184.0,0.003,4m,1.0,3.0,1.6,908.0,66.0,0.005,1m,4.0,4.0,0.5,964.0,68.0,0.005,2m,3.0,1.5,0.9,90.0,502.0,0.004,4m,3.5,1.0,2.0,24.0,882.0,0.002,3m,3.0,3.0,1.9000000000000001,950.0,88.0,0.01,2m,2.5,3.5,0.6,902.0,376,0.01,3m,2.0,2.0,0.5,34,398.0,0.007,3m,3.0,3.0,2.0,684.0,220.0,0.002,2m,4.0,2.0,1.7000000000000002,248.0,318.0,0.007,3m,3.0,3.0,1.4,498.0,0.5,10,COMPLETE
42,42,5.108453614276898,2025-06-15 01:13:30.490712,2025-06-15 01:13:34.830856,0 days 00:00:04.340144,200.0,0.003,4m,1.0,3.0,1.6,906.0,64.0,0.007,1m,4.0,4.0,0.5,1024.0,98.0,0.004,2m,3.0,1.5,0.9,84.0,490.0,0.004,4m,3.5,1.0,2.0,20.0,1024.0,0.002,3m,3.5,3.0,2.0,866.0,86.0,0.01,2m,2.5,3.5,0.5,902.0,344,0.01,3m,2.0,2.0,0.5,72,498.0,0.007,3m,3.0,3.0,2.0,692.0,202.0,0.002,2m,4.0,2.0,1.7000000000000002,268.0,174.0,0.008,3m,3.0,3.5,1.2000000000000002,304.0,0.5,10,COMPLETE
43,43,2.3744010042474044,2025-06-15 01:13:34.898269,2025-06-15 01:13:39.129438,0 days 00:00:04.231169,208.0,0.003,4m,1.5,2.5,1.6,1000.0,50.0,0.005,1m,4.0,4.0,0.5,870.0,18.0,0.004,2m,3.0,1.0,1.0,72.0,548.0,0.005,4m,3.0,1.0,1.8,30.0,892.0,0.003,3m,3.0,3.5,1.8,958.0,16.0,0.01,2m,2.5,3.0,0.5,696.0,302,0.01,3m,2.0,1.5,0.5,16,290.0,0.008,3m,3.0,3.0,1.7000000000000002,722.0,274.0,0.004,2m,3.0,2.0,1.7000000000000002,246.0,256.0,0.007,3m,3.5,3.0,1.4,396.0,0.5,10,COMPLETE
44,44,4.63430472465532,2025-06-15 01:13:39.206881,2025-06-15 01:13:43.115446,0 days 00:00:03.908565,364.0,0.002,4m,1.0,3.0,1.6,72.0,168.0,0.006,1m,2.0,3.5,0.7,960.0,158.0,0.005,2m,2.5,1.5,0.7,106.0,418.0,0.005,4m,3.5,1.0,1.7000000000000002,132.0,932.0,0.003,3m,2.5,3.0,1.5,836.0,,,,,,,,202,0.009000000000000001,3m,2.5,2.5,0.6,84,712.0,0.008,3m,3.0,3.0,1.8,644.0,166.0,0.001,2m,2.5,1.5,1.6,210.0,360.0,0.006,3m,2.5,3.5,1.4,514.0,0.45,9,COMPLETE
45,45,3.3028657793135427,2025-06-15 01:13:43.187009,2025-06-15 01:13:47.397752,0 days 00:00:04.210743,142.0,0.004,4m,1.5,3.5,1.4,934.0,226.0,0.006,1m,4.0,3.5,0.6,64.0,60.0,0.003,2m,3.0,1.0,0.8,628.0,706.0,0.004,4m,2.5,1.5,1.9000000000000001,476.0,870.0,0.002,3m,2.5,3.5,1.9000000000000001,962.0,260.0,0.007,2m,2.0,2.5,1.1,624.0,366,0.008,3m,2.0,2.0,0.7,104,278.0,0.004,3m,2.0,2.0,1.7000000000000002,804.0,352.0,0.003,2m,3.5,2.5,1.8,372.0,424.0,0.008,3m,2.5,3.0,1.2000000000000002,540.0,0.45,10,COMPLETE
46,46,-1.2276717142068336,2025-06-15 01:13:47.469091,2025-06-15 01:13:51.712175,0 days 00:00:04.243084,310.0,0.006,4m,1.0,2.5,1.7000000000000002,868.0,72.0,0.005,1m,3.5,4.0,0.5,888.0,34.0,0.007,2m,2.5,1.5,2.0,22.0,322.0,0.002,4m,3.0,1.5,1.3,304.0,336.0,0.003,3m,3.0,3.0,1.6,970.0,228.0,0.01,3m,3.5,4.0,0.8,998.0,460,0.007,3m,1.5,2.0,0.6,852,560.0,0.008,2m,3.5,3.5,2.0,530.0,150.0,0.005,2m,1.5,1.5,1.0,882.0,320.0,0.009000000000000001,3m,3.0,2.5,0.9,342.0,0.5,10,COMPLETE
