,number,value,datetime_start,datetime_complete,duration,params_ADSK_QCOM_beta_win,params_ADSK_QCOM_stop_loss,params_ADSK_QCOM_trade_freq,params_ADSK_QCOM_z_entry,params_ADSK_QCOM_z_exit,params_ADSK_QCOM_z_stop_scaler,params_ADSK_QCOM_z_win,params_ALGN_CHKP_beta_win,params_ALGN_CHKP_stop_loss,params_ALGN_CHKP_trade_freq,params_ALGN_CHKP_z_entry,params_ALGN_CHKP_z_exit,params_ALGN_CHKP_z_stop_scaler,params_ALGN_CHKP_z_win,params_COST_CHKP_beta_win,params_COST_CHKP_stop_loss,params_COST_CHKP_trade_freq,params_COST_CHKP_z_entry,params_COST_CHKP_z_exit,params_COST_CHKP_z_stop_scaler,params_COST_CHKP_z_win,params_CPRT_CHKP_beta_win,params_CPRT_CHKP_stop_loss,params_CPRT_CHKP_trade_freq,params_CPRT_CHKP_z_entry,params_CPRT_CHKP_z_exit,params_CPRT_CHKP_z_stop_scaler,params_CPRT_CHKP_z_win,params_GOOGL_CHKP_beta_win,params_GOOGL_CHKP_stop_loss,params_GOOGL_CHKP_trade_freq,params_GOOGL_CHKP_z_entry,params_GOOGL_CHKP_z_exit,params_GOOGL_CHKP_z_stop_scaler,params_GOOGL_CHKP_z_win,params_GOOG_CHKP_beta_win,params_GOOG_CHKP_stop_loss,params_GOOG_CHKP_trade_freq,params_GOOG_CHKP_z_entry,params_GOOG_CHKP_z_exit,params_GOOG_CHKP_z_stop_scaler,params_GOOG_CHKP_z_win,params_ISRG_CHKP_beta_win,params_ISRG_CHKP_stop_loss,params_ISRG_CHKP_trade_freq,params_ISRG_CHKP_z_entry,params_ISRG_CHKP_z_exit,params_ISRG_CHKP_z_stop_scaler,params_ISRG_CHKP_z_win,params_LULU_CHKP_beta_win,params_LULU_CHKP_stop_loss,params_LULU_CHKP_trade_freq,params_LULU_CHKP_z_entry,params_LULU_CHKP_z_exit,params_LULU_CHKP_z_stop_scaler,params_LULU_CHKP_z_win,params_MSFT_CHKP_beta_win,params_MSFT_CHKP_stop_loss,params_MSFT_CHKP_trade_freq,params_MSFT_CHKP_z_entry,params_MSFT_CHKP_z_exit,params_MSFT_CHKP_z_stop_scaler,params_MSFT_CHKP_z_win,params_PEP_CHKP_beta_win,params_PEP_CHKP_stop_loss,params_PEP_CHKP_trade_freq,params_PEP_CHKP_z_entry,params_PEP_CHKP_z_exit,params_PEP_CHKP_z_stop_scaler,params_PEP_CHKP_z_win,params_buffer_capital,params_pairs_to_trade,state
46,46,-1.0034403790391957,2025-06-15 00:25:11.211035,2025-06-15 00:25:15.438233,0 days 00:00:04.227198,106.0,0.004,4m,2.5,2.5,0.9,626.0,824.0,0.008,4m,2.0,2.0,1.6,136.0,48.0,0.004,3m,2.5,4.0,1.8,900.0,494,0.009000000000000001,2m,1.5,2.0,0.8,144,782.0,0.001,3m,2.0,2.0,0.6,474.0,146.0,0.002,1m,1.0,2.0,1.7000000000000002,244.0,558.0,0.003,2m,1.0,2.5,1.3,234.0,,,,,,,,426.0,0.009000000000000001,2m,1.5,1.0,1.8,1012.0,,,,,,,,0.25,8,COMPLETE
47,47,5.2394250084031375,2025-06-15 00:25:15.480231,2025-06-15 00:25:19.245181,0 days 00:00:03.764950,,,,,,,,536.0,0.01,3m,2.5,1.5,2.0,200.0,66.0,0.002,3m,3.0,3.0,1.8,1010.0,302,0.01,2m,1.0,1.5,0.6,178,934.0,0.004,3m,2.5,2.5,0.9,344.0,466.0,0.003,4m,2.0,1.5,1.2000000000000002,374.0,662.0,0.007,2m,1.5,1.5,1.3,292.0,,,,,,,,498.0,0.01,2m,1.5,1.5,1.4,846.0,,,,,,,,0.3,7,COMPLETE
48,48,1.6359516637455744,2025-06-15 00:25:19.317704,2025-06-15 00:25:23.178422,0 days 00:00:03.860718,,,,,,,,644.0,0.009000000000000001,4m,2.0,2.5,1.7000000000000002,78.0,190.0,0.005,4m,2.5,3.5,2.0,682.0,404,0.008,2m,1.5,2.5,1.0,384,872.0,0.002,3m,1.5,3.0,1.2000000000000002,426.0,18.0,0.001,2m,1.5,2.5,1.6,82.0,450.0,0.008,2m,1.0,2.5,0.9,100.0,,,,,,,,678.0,0.009000000000000001,2m,1.0,1.0,1.6,930.0,,,,,,,,0.4,7,COMPLETE
49,49,4.1293983569206905,2025-06-15 00:25:23.265935,2025-06-15 00:25:27.457988,0 days 00:00:04.192053,30.0,0.005,4m,2.0,3.0,0.6,554.0,768.0,0.009000000000000001,1m,2.0,1.0,1.6,274.0,88.0,0.006,3m,4.0,4.0,1.6,762.0,590,0.01,2m,1.0,1.0,0.9,278,992.0,0.001,1m,2.0,2.5,0.8,500.0,362.0,0.002,4m,2.0,2.0,1.4,180.0,362.0,0.006,3m,1.5,2.5,1.2000000000000002,170.0,,,,,,,,216.0,0.008,2m,2.0,1.5,1.4,868.0,,,,,,,,0.2,8,COMPLETE
50,50,-0.22287959774089966,2025-06-15 00:25:27.560502,2025-06-15 00:25:32.128254,0 days 00:00:04.567752,270.0,0.007,4m,2.5,3.5,0.7,686.0,930.0,0.01,4m,2.5,2.0,1.8,48.0,24.0,0.001,3m,3.0,3.5,1.9000000000000001,880.0,462,0.009000000000000001,2m,2.0,2.0,0.5,68,740.0,0.003,3m,2.5,3.0,0.7,214.0,84.0,0.001,4m,1.5,2.5,1.5,252.0,260.0,0.002,2m,1.0,2.0,1.7000000000000002,58.0,876.0,0.007,4m,4.0,3.0,1.3,572.0,338.0,0.01,2m,1.5,1.0,1.9000000000000001,1024.0,,,,,,,,0.25,9,COMPLETE
51,51,1.1283124588986222,2025-06-15 00:25:32.221762,2025-06-15 00:25:36.273861,0 days 00:00:04.052099,132.0,0.005,4m,2.5,2.5,0.8,458.0,350.0,0.009000000000000001,4m,1.5,2.0,1.7000000000000002,298.0,470.0,0.004,3m,3.5,2.5,1.7000000000000002,796.0,302,0.009000000000000001,2m,1.0,1.5,0.6,102,850.0,0.003,3m,2.0,2.5,0.9,560.0,250.0,0.002,4m,2.0,2.0,1.4,306.0,326.0,0.006,2m,1.5,1.5,1.2000000000000002,22.0,,,,,,,,556.0,0.008,4m,2.0,2.0,1.6,740.0,,,,,,,,0.2,8,COMPLETE
52,52,1.5245853300397683,2025-06-15 00:25:36.354380,2025-06-15 00:25:40.438961,0 days 00:00:04.084581,106.0,0.005,4m,2.0,2.5,0.9,572.0,456.0,0.01,4m,2.0,2.5,1.6,120.0,306.0,0.005,3m,3.5,2.5,1.9000000000000001,262.0,266,0.01,2m,1.0,1.5,0.7,156,816.0,0.002,3m,2.5,3.0,1.0,652.0,232.0,0.003,4m,2.0,1.5,1.3,268.0,414.0,0.007,2m,1.0,2.0,1.1,112.0,,,,,,,,496.0,0.009000000000000001,4m,1.5,2.0,1.7000000000000002,944.0,,,,,,,,0.25,8,COMPLETE
53,53,1.8741008333764595,2025-06-15 00:25:40.530477,2025-06-15 00:25:44.130997,0 days 00:00:03.600520,,,,,,,,734.0,0.01,4m,1.5,1.5,1.8,236.0,120.0,0.004,3m,3.5,3.0,1.8,598.0,702,0.009000000000000001,2m,1.0,1.5,0.6,850,926.0,0.004,3m,2.0,2.5,0.9,370.0,170.0,0.002,4m,2.5,2.0,1.2000000000000002,362.0,224.0,0.005,2m,2.0,3.0,1.3,60.0,,,,,,,,406.0,0.007,2m,2.0,1.5,1.2000000000000002,764.0,,,,,,,,0.35000000000000003,7,COMPLETE
54,54,0.9627386499551056,2025-06-15 00:25:44.200004,2025-06-15 00:25:47.431290,0 days 00:00:03.231286,,,,,,,,324.0,0.009000000000000001,4m,2.0,2.5,1.5,194.0,206.0,0.003,4m,3.0,2.0,2.0,130.0,532,0.003,4m,1.5,2.0,0.7,266,864.0,0.003,3m,2.0,3.0,0.7,438.0,98.0,0.001,4m,2.0,1.5,1.5,190.0,498.0,0.007,2m,1.0,2.5,1.5,208.0,,,,,,,,,,,,,,,,,,,,,,0.3,6,COMPLETE
55,55,6.332107523327058,2025-06-15 00:25:47.517811,2025-06-15 00:25:52.134713,0 days 00:00:04.616902,108.0,0.004,4m,1.5,3.0,0.9,728.0,408.0,0.01,3m,1.5,2.0,1.9000000000000001,390.0,450.0,0.005,1m,4.0,3.0,1.7000000000000002,950.0,382,0.005,2m,1.0,2.5,0.5,338,1000.0,0.001,3m,1.5,2.0,1.1,512.0,294.0,0.002,1m,4.0,1.0,1.0,470.0,348.0,0.006,2m,1.5,3.0,1.0,18.0,504.0,0.003,2m,3.0,1.5,1.8,840.0,592.0,0.008,2m,1.5,2.0,1.5,974.0,,,,,,,,0.25,9,COMPLETE
56,56,0.02512770957496714,2025-06-15 00:25:52.213227,2025-06-15 00:25:56.279213,0 days 00:00:04.065986,70.0,0.006,4m,2.5,3.0,1.4,284.0,510.0,0.008,4m,2.5,2.0,1.7000000000000002,16.0,76.0,0.002,3m,3.0,2.5,1.9000000000000001,560.0,230,0.008,2m,1.5,1.0,0.6,208,698.0,0.002,3m,1.0,3.0,0.8,632.0,396.0,0.004,4m,2.5,2.0,1.4,420.0,294.0,0.004,3m,2.0,4.0,1.4,122.0,,,,,,,,550.0,0.01,1m,2.0,1.5,1.6,1024.0,,,,,,,,0.3,8,COMPLETE
57,57,4.878484114989323,2025-06-15 00:25:56.370745,2025-06-15 00:25:59.909459,0 days 00:00:03.538714,,,,,,,,806.0,0.009000000000000001,4m,2.0,1.5,1.6,80.0,142.0,0.007,3m,3.5,3.5,2.0,688.0,316,0.01,4m,1.0,1.5,0.8,458,946.0,0.005,3m,1.5,2.5,1.0,584.0,238.0,0.001,2m,1.0,2.5,1.3,332.0,428.0,0.008,2m,1.5,2.0,1.6,76.0,,,,,,,,660.0,0.007,2m,1.0,1.5,1.3,828.0,,,,,,,,0.2,7,COMPLETE
58,58,6.63784903363163,2025-06-15 00:26:00.001973,2025-06-15 00:26:04.835809,0 days 00:00:04.833836,22.0,0.003,1m,2.0,2.5,0.6,864.0,884.0,0.01,4m,1.5,2.5,0.7,146.0,318.0,0.005,3m,3.0,2.0,1.7000000000000002,424.0,412,0.008,2m,1.5,2.0,1.0,88,800.0,0.001,1m,2.5,3.5,0.9,330.0,188.0,0.003,4m,3.5,2.0,1.6,624.0,548.0,0.006,2m,4.0,2.5,1.1,154.0,210.0,0.01,4m,1.5,3.0,0.8,264.0,282.0,0.009000000000000001,4m,2.5,1.0,1.8,694.0,20.0,0.005,1m,4.0,2.5,1.4,530.0,0.15000000000000002,10,COMPLETE
59,59,4.034534129997799,2025-06-15 00:26:04.942853,2025-06-15 00:26:08.913508,0 days 00:00:03.970655,184.0,0.005,2m,2.5,2.5,0.8,924.0,258.0,0.009000000000000001,4m,2.5,2.0,1.0,272.0,78.0,0.004,3m,4.0,3.0,1.2000000000000002,780.0,472,0.009000000000000001,4m,1.0,2.5,0.8,164,606.0,0.003,3m,2.0,1.5,0.7,282.0,476.0,0.002,4m,2.0,3.5,1.5,16.0,272.0,0.007,2m,1.0,2.5,0.9,328.0,,,,,,,,476.0,0.01,2m,1.5,2.0,1.4,574.0,,,,,,,,0.2,8,COMPLETE
60,60,3.222913699085519,2025-06-15 00:26:09.011028,2025-06-15 00:26:11.883833,0 days 00:00:02.872805,,,,,,,,372.0,0.01,1m,1.5,3.0,1.8,104.0,366.0,0.003,1m,3.5,4.0,1.6,48.0,332,0.01,2m,1.5,1.5,0.5,60,292.0,0.002,3m,2.0,2.5,1.1,480.0,308.0,0.002,4m,1.5,1.5,1.2000000000000002,128.0,200.0,0.005,4m,2.0,3.0,1.3,228.0,,,,,,,,,,,,,,,,,,,,,,0.35000000000000003,6,COMPLETE
61,61,8.784601444093393,2025-06-15 00:26:11.986349,2025-06-15 00:26:14.457272,0 days 00:00:02.470923,,,,,,,,404.0,0.01,4m,1.5,2.5,1.7000000000000002,184.0,,,,,,,,388,0.01,2m,1.0,2.0,0.8,338,838.0,0.001,3m,2.0,3.0,0.8,556.0,356.0,0.002,4m,2.0,2.0,1.4,298.0,388.0,0.007,2m,2.0,2.5,1.4,130.0,,,,,,,,,,,,,,,,,,,,,,0.25,5,COMPLETE
62,62,0.9405697384392508,2025-06-15 00:26:14.534791,2025-06-15 00:26:16.685930,0 days 00:00:02.151139,,,,,,,,472.0,0.01,4m,1.5,2.5,1.7000000000000002,204.0,,,,,,,,126,0.01,2m,1.0,2.0,0.7,134,884.0,0.001,3m,2.0,3.0,0.8,544.0,,,,,,,,388.0,0.008,2m,2.0,2.5,1.4,402.0,,,,,,,,,,,,,,,,,,,,,,0.25,4,COMPLETE
63,63,2.030155994089785,2025-06-15 00:26:16.778449,2025-06-15 00:26:19.343388,0 days 00:00:02.564939,,,,,,,,426.0,0.01,4m,2.0,3.0,1.5,66.0,,,,,,,,530,0.009000000000000001,2m,1.0,2.0,0.6,184,840.0,0.006,3m,1.5,3.5,0.6,424.0,350.0,0.001,4m,2.0,2.0,1.4,398.0,478.0,0.006,2m,1.5,2.0,1.5,48.0,,,,,,,,,,,,,,,,,,,,,,0.3,5,COMPLETE
64,64,0.07305153412942489,2025-06-15 00:26:19.427420,2025-06-15 00:26:22.892234,0 days 00:00:03.464814,,,,,,,,326.0,0.009000000000000001,4m,2.0,2.5,2.0,174.0,270.0,0.006,3m,2.5,2.5,0.9,538.0,442,0.01,2m,1.0,2.5,0.8,320,760.0,0.001,3m,2.5,3.0,0.9,530.0,266.0,0.002,4m,2.0,2.5,1.3,266.0,434.0,0.001,2m,2.5,3.0,1.2000000000000002,104.0,,,,,,,,394.0,0.006,1m,1.0,1.5,0.9,968.0,,,,,,,,0.5,7,COMPLETE
65,65,6.43042466265097,2025-06-15 00:26:22.994760,2025-06-15 00:26:27.358010,0 days 00:00:04.363250,276.0,0.007,4m,3.5,2.0,0.5,604.0,564.0,0.009000000000000001,4m,1.5,2.0,1.8,362.0,548.0,0.001,4m,2.0,3.0,1.6,872.0,204,0.009000000000000001,4m,1.0,2.0,0.7,222,908.0,0.002,2m,2.0,3.0,0.8,698.0,216.0,0.001,4m,1.5,2.0,1.1,332.0,580.0,0.007,2m,2.0,3.5,1.6,192.0,512.0,0.004,2m,2.0,2.0,1.2000000000000002,666.0,362.0,0.001,2m,3.0,1.0,1.3,876.0,,,,,,,,0.25,9,COMPLETE
66,66,1.8157380532189513,2025-06-15 00:26:27.457865,2025-06-15 00:26:31.297087,0 days 00:00:03.839222,108.0,0.004,3m,2.0,3.0,1.1,446.0,300.0,0.008,4m,1.0,1.5,1.6,304.0,216.0,0.009000000000000001,3m,3.0,3.5,1.0,388.0,368,0.01,2m,1.0,1.5,0.6,604,552.0,0.001,3m,1.5,2.5,1.0,594.0,342.0,0.005,3m,2.5,4.0,1.5,182.0,356.0,0.003,1m,1.5,2.5,1.3,84.0,,,,,,,,620.0,0.008,4m,2.0,4.0,1.7000000000000002,800.0,,,,,,,,0.2,8,COMPLETE
67,67,1.1902521314694796,2025-06-15 00:26:31.371604,2025-06-15 00:26:33.745712,0 days 00:00:02.374108,,,,,,,,378.0,0.01,3m,2.0,2.0,1.9000000000000001,254.0,,,,,,,,420,0.006,1m,1.5,1.0,0.9,256,716.0,0.002,3m,2.5,3.5,0.8,482.0,388.0,0.003,4m,2.5,2.0,1.6,294.0,92.0,0.009000000000000001,3m,2.5,1.5,1.4,260.0,,,,,,,,,,,,,,,,,,,,,,0.3,5,COMPLETE
68,68,3.3143208599160174,2025-06-15 00:26:33.804714,2025-06-15 00:26:37.612133,0 days 00:00:03.807419,,,,,,,,446.0,0.009000000000000001,4m,2.0,2.5,1.7000000000000002,158.0,158.0,0.004,2m,3.5,1.5,1.8,314.0,896,0.007,3m,1.0,2.0,0.5,376,1020.0,0.003,1m,2.0,3.0,0.9,376.0,278.0,0.003,4m,1.5,2.5,1.3,64.0,650.0,0.007,2m,2.5,2.5,1.5,144.0,,,,,,,,564.0,0.009000000000000001,1m,2.0,2.5,1.6,120.0,,,,,,,,0.25,7,COMPLETE
69,69,3.7713159636012987,2025-06-15 00:26:37.673417,2025-06-15 00:26:44.702643,0 days 00:00:07.029226,422.0,0.006,4m,1.5,3.5,0.6,508.0,980.0,0.01,4m,1.5,3.0,1.5,216.0,426.0,0.002,3m,3.0,2.0,1.4,730.0,278,0.01,4m,4.0,1.5,0.6,302,652.0,0.001,3m,1.0,2.5,0.7,250.0,160.0,0.002,1m,3.0,1.5,1.4,246.0,288.0,0.008,2m,1.0,1.0,1.1,618.0,,,,,,,,1022.0,0.005,2m,1.5,2.0,1.1,956.0,,,,,,,,0.2,8,COMPLETE
70,70,2.6497267679358885,2025-06-15 00:26:44.816163,2025-06-15 00:26:49.597127,0 days 00:00:04.780964,,,,,,,,602.0,0.01,4m,2.5,1.5,1.4,100.0,104.0,0.003,3m,4.0,3.0,2.0,144.0,350,0.009000000000000001,2m,2.0,2.5,0.7,126,438.0,0.002,4m,1.5,3.5,0.6,630.0,324.0,0.001,2m,2.0,4.0,1.8,394.0,400.0,0.006,4m,2.0,4.0,1.2000000000000002,50.0,,,,,,,,,,,,,,,,,,,,,,0.25,6,COMPLETE
71,71,6.907556445492702,2025-06-15 00:26:49.709643,2025-06-15 00:26:52.364446,0 days 00:00:02.654803,,,,,,,,398.0,0.01,4m,1.5,2.5,1.7000000000000002,418.0,,,,,,,,394,0.01,2m,1.0,2.0,0.8,342,830.0,0.001,3m,2.0,3.0,0.9,564.0,424.0,0.002,4m,2.0,2.0,1.4,282.0,332.0,0.007,2m,2.0,2.5,1.4,132.0,,,,,,,,,,,,,,,,,,,,,,0.1,5,COMPLETE
72,72,2.9792316454397154,2025-06-15 00:26:52.440406,2025-06-15 00:26:55.016947,0 days 00:00:02.576541,,,,,,,,492.0,0.01,4m,1.5,2.5,1.7000000000000002,416.0,,,,,,,,494,0.01,2m,1.0,2.0,0.9,268,824.0,0.001,3m,2.0,3.0,1.0,570.0,428.0,0.002,4m,2.0,2.0,1.5,322.0,316.0,0.007,2m,2.0,3.0,1.3,112.0,,,,,,,,,,,,,,,,,,,,,,0.1,5,COMPLETE
73,73,5.284156526251862,2025-06-15 00:26:55.110459,2025-06-15 00:26:57.194530,0 days 00:00:02.084071,,,,,,,,532.0,0.01,4m,1.0,2.0,1.8,516.0,,,,,,,,422,0.01,2m,1.0,2.0,0.8,448,878.0,0.001,3m,2.0,3.0,0.8,518.0,,,,,,,,238.0,0.005,2m,2.5,2.0,1.4,48.0,,,,,,,,,,,,,,,,,,,,,,0.15000000000000002,4,COMPLETE
74,74,2.5417376891184076,2025-06-15 00:26:57.275058,2025-06-15 00:26:58.915601,0 days 00:00:01.640543,,,,,,,,390.0,0.009000000000000001,4m,1.5,3.0,1.6,420.0,,,,,,,,556,0.009000000000000001,2m,1.5,2.0,1.0,358,962.0,0.002,3m,1.5,3.0,0.9,454.0,,,,,,,,,,,,,,,,,,,,,,,,,,,,,,,,,,,,0.05,3,COMPLETE
75,75,-3.938991692403994,2025-06-15 00:26:59.004120,2025-06-15 00:27:01.515505,0 days 00:00:02.511385,,,,,,,,224.0,0.007,4m,2.0,2.5,1.9000000000000001,336.0,,,,,,,,380,0.01,4m,1.0,2.5,0.7,196,774.0,0.007,3m,2.0,3.5,1.1,406.0,226.0,0.001,4m,2.5,2.0,1.4,284.0,378.0,0.007,2m,1.5,2.5,1.5,134.0,,,,,,,,,,,,,,,,,,,,,,0.3,5,COMPLETE
76,76,5.098060655319195,2025-06-15 00:27:01.572042,2025-06-15 00:27:05.896972,0 days 00:00:04.324930,76.0,0.005,1m,2.0,2.5,0.7,518.0,430.0,0.01,4m,1.5,2.0,1.8,360.0,52.0,0.001,1m,2.5,3.5,1.9000000000000001,974.0,334,0.009000000000000001,2m,1.0,1.5,0.8,232,912.0,0.002,2m,2.0,2.5,0.7,620.0,316.0,0.003,4m,1.5,2.0,1.2000000000000002,116.0,340.0,0.008,2m,1.0,2.5,1.0,84.0,800.0,0.007,1m,3.0,1.5,1.7000000000000002,60.0,266.0,0.002,4m,2.5,1.5,1.5,648.0,,,,,,,,0.2,9,COMPLETE
77,77,-1.8436455864833745,2025-06-15 00:27:05.999997,2025-06-15 00:27:08.540810,0 days 00:00:02.540813,,,,,,,,346.0,0.01,1m,2.0,2.5,1.7000000000000002,486.0,,,,,,,,1014,0.01,2m,1.5,2.0,0.6,46,798.0,0.001,3m,3.0,3.0,0.8,664.0,478.0,0.002,4m,2.0,1.5,1.3,216.0,488.0,0.006,2m,2.5,3.0,0.6,208.0,,,,,,,,,,,,,,,,,,,,,,0.25,5,COMPLETE
78,78,1.3057582834906458,2025-06-15 00:27:08.626814,2025-06-15 00:27:11.479987,0 days 00:00:02.853173,,,,,,,,478.0,0.009000000000000001,4m,1.0,2.0,1.6,300.0,,,,,,,,458,0.01,1m,1.0,2.5,0.7,310,840.0,0.006,3m,2.0,2.0,0.5,160.0,,,,,,,,446.0,0.006,2m,2.0,2.0,1.4,298.0,,,,,,,,,,,,,,,,,,,,,,0.15000000000000002,4,COMPLETE
79,79,7.264227703629279,2025-06-15 00:27:11.594502,2025-06-15 00:27:17.139555,0 days 00:00:05.545053,,,,,,,,682.0,0.008,4m,2.0,3.5,1.3,42.0,492.0,0.005,3m,3.5,4.0,1.1,630.0,242,0.009000000000000001,3m,1.0,1.5,0.5,400,896.0,0.001,3m,2.5,3.5,0.9,724.0,194.0,0.001,4m,2.0,2.5,1.5,168.0,140.0,0.005,1m,1.5,2.5,1.2000000000000002,176.0,,,,,,,,,,,,,,,,,,,,,,0.1,6,COMPLETE
80,80,-1.9732039433181825,2025-06-15 00:27:17.263577,2025-06-15 00:27:21.189339,0 days 00:00:03.925762,,,,,,,,714.0,0.008,2m,2.0,4.0,1.1,58.0,624.0,0.005,3m,2.5,4.0,1.1,642.0,58,0.009000000000000001,3m,1.5,2.0,0.5,398,942.0,0.001,3m,3.0,3.5,1.0,752.0,124.0,0.001,4m,1.0,3.0,1.5,168.0,66.0,0.004,1m,1.5,2.5,1.0,172.0,,,,,,,,,,,,,,,,,,,,,,0.1,6,COMPLETE
81,81,7.511040523739784,2025-06-15 00:27:21.296546,2025-06-15 00:27:25.270540,0 days 00:00:03.973994,166.0,0.003,4m,2.5,3.5,1.4,340.0,832.0,0.009000000000000001,4m,2.0,3.5,1.5,556.0,498.0,0.004,3m,3.5,4.0,0.9,586.0,276,0.009000000000000001,3m,1.0,1.5,0.5,336,896.0,0.001,3m,2.5,3.5,0.9,538.0,188.0,0.001,4m,2.0,2.5,1.4,236.0,198.0,0.005,1m,1.5,2.5,1.2000000000000002,264.0,,,,,,,,888.0,0.007,3m,1.0,2.5,1.0,864.0,,,,,,,,0.05,8,COMPLETE
82,82,6.702061206295278,2025-06-15 00:27:25.355054,2025-06-15 00:27:29.645086,0 days 00:00:04.290032,156.0,0.003,4m,3.5,4.0,1.5,344.0,828.0,0.005,4m,2.0,3.5,1.3,554.0,494.0,0.006,3m,3.5,4.0,0.8,498.0,238,0.008,3m,1.0,1.5,0.5,432,892.0,0.001,3m,2.5,3.5,0.9,790.0,268.0,0.001,4m,2.0,2.5,1.4,232.0,126.0,0.005,1m,1.5,2.5,1.6,272.0,,,,,,,,832.0,0.007,3m,1.0,3.0,0.9,900.0,,,,,,,,0.05,8,COMPLETE
83,83,5.071012438861206,2025-06-15 00:27:29.729088,2025-06-15 00:27:33.298638,0 days 00:00:03.569550,,,,,,,,642.0,0.009000000000000001,4m,2.0,3.5,1.2000000000000002,646.0,568.0,0.004,3m,3.0,4.0,1.0,588.0,274,0.01,3m,1.0,2.0,0.5,342,978.0,0.001,3m,3.0,3.5,1.0,716.0,186.0,0.001,4m,1.5,2.5,1.6,202.0,182.0,0.004,1m,1.5,2.5,1.3,232.0,,,,,,,,804.0,0.006,3m,1.0,3.5,1.2000000000000002,250.0,,,,,,,,0.05,7,COMPLETE
84,84,1.672139761047123,2025-06-15 00:27:33.372762,2025-06-15 00:27:37.450118,0 days 00:00:04.077356,438.0,0.003,2m,2.0,3.5,1.3,156.0,684.0,0.01,4m,2.5,3.5,1.4,558.0,700.0,0.005,2m,3.5,4.0,0.8,684.0,154,0.009000000000000001,3m,1.0,1.5,0.9,518,866.0,0.001,3m,2.5,3.5,0.9,500.0,64.0,0.001,3m,2.0,2.5,1.5,156.0,158.0,0.005,1m,1.0,2.5,1.1,396.0,,,,,,,,428.0,0.005,3m,4.0,2.5,0.5,392.0,,,,,,,,0.1,8,COMPLETE
85,85,3.8893197062313467,2025-06-15 00:27:37.546624,2025-06-15 00:27:40.861502,0 days 00:00:03.314878,,,,,,,,782.0,0.01,4m,2.0,4.0,1.5,120.0,940.0,0.004,3m,3.0,3.5,1.1,510.0,196,0.008,3m,1.0,1.0,0.6,482,922.0,0.002,4m,2.5,3.5,0.8,534.0,388.0,0.001,4m,2.0,3.0,1.3,62.0,122.0,0.005,1m,1.5,2.5,1.2000000000000002,162.0,,,,,,,,,,,,,,,,,,,,,,0.05,6,COMPLETE
86,86,3.2847337243503563,2025-06-15 00:27:40.948527,2025-06-15 00:27:45.547313,0 days 00:00:04.598786,312.0,0.002,1m,3.0,3.5,1.8,286.0,906.0,0.009000000000000001,3m,2.0,3.5,1.3,28.0,604.0,0.007,3m,4.0,4.0,1.3,466.0,212,0.01,3m,1.0,1.5,0.7,292,892.0,0.001,3m,2.5,4.0,1.2000000000000002,854.0,198.0,0.002,4m,1.5,2.0,1.6,256.0,204.0,0.007,1m,1.0,2.5,1.4,320.0,198.0,0.006,4m,1.5,3.5,1.3,870.0,952.0,0.007,3m,1.0,2.5,0.6,978.0,,,,,,,,0.05,9,COMPLETE
87,87,-2.338232434705742,2025-06-15 00:27:45.596403,2025-06-15 00:27:47.275311,0 days 00:00:01.678908,,,,,,,,660.0,0.01,4m,2.5,3.5,1.6,702.0,,,,,,,,514,0.01,3m,1.0,2.0,0.8,328,960.0,0.002,3m,2.5,2.5,0.8,458.0,,,,,,,,,,,,,,,,,,,,,,,,,,,,,,,,,,,,0.1,3,COMPLETE
88,88,1.8249259146091839,2025-06-15 00:27:47.352266,2025-06-15 00:27:49.532305,0 days 00:00:02.180039,,,,,,,,738.0,0.01,4m,2.0,2.0,1.8,616.0,,,,,,,,176,0.009000000000000001,3m,1.5,1.5,0.6,390,856.0,0.006,3m,1.5,3.5,0.7,596.0,,,,,,,,158.0,0.004,1m,1.5,3.0,1.3,498.0,,,,,,,,,,,,,,,,,,,,,,0.1,4,COMPLETE
89,89,1.3715741307823794,2025-06-15 00:27:49.627832,2025-06-15 00:27:53.371052,0 days 00:00:03.743220,,,,,,,,844.0,0.009000000000000001,4m,2.0,2.5,1.5,52.0,514.0,0.003,3m,3.5,3.5,1.2000000000000002,556.0,116,0.001,2m,1.5,2.0,0.5,356,102.0,0.001,1m,2.5,2.5,0.9,488.0,256.0,0.009000000000000001,4m,1.5,2.5,1.4,312.0,62.0,0.003,1m,2.0,2.0,1.5,196.0,,,,,,,,44.0,0.006,1m,1.5,3.5,0.8,848.0,,,,,,,,0.15000000000000002,7,COMPLETE
90,90,0.17983509233931555,2025-06-15 00:27:53.450574,2025-06-15 00:27:57.818038,0 days 00:00:04.367464,212.0,0.002,3m,2.0,4.0,1.2000000000000002,418.0,794.0,0.01,4m,2.5,3.5,1.7000000000000002,184.0,696.0,0.008,4m,3.0,4.0,1.0,644.0,286,0.01,2m,1.0,2.0,0.6,286,808.0,0.005,3m,2.0,3.0,1.3,668.0,1022.0,0.002,4m,2.0,2.0,1.5,352.0,518.0,0.009000000000000001,3m,4.0,3.0,0.9,370.0,,,,,,,,662.0,0.004,2m,1.0,1.0,1.0,714.0,,,,,,,,0.05,8,COMPLETE
91,91,4.987206524986812,2025-06-15 00:27:57.906557,2025-06-15 00:28:02.131453,0 days 00:00:04.224896,58.0,0.004,4m,2.5,3.0,1.4,904.0,420.0,0.006,4m,1.5,3.0,1.7000000000000002,142.0,362.0,0.004,3m,1.0,3.5,0.8,714.0,248,0.009000000000000001,4m,1.0,1.5,0.5,246,832.0,0.002,3m,2.0,3.0,0.9,562.0,150.0,0.002,4m,2.0,4.0,1.4,276.0,222.0,0.006,2m,3.0,2.5,1.2000000000000002,42.0,,,,,,,,902.0,0.008,3m,2.0,2.5,1.2000000000000002,822.0,,,,,,,,0.3,8,COMPLETE
92,92,0.8072349327572184,2025-06-15 00:28:02.207963,2025-06-15 00:28:06.448209,0 days 00:00:04.240246,84.0,0.005,4m,2.5,3.0,0.9,792.0,752.0,0.008,4m,1.5,3.0,1.6,238.0,424.0,0.005,3m,3.5,3.0,0.5,630.0,404,0.009000000000000001,3m,1.0,1.5,0.6,168,762.0,0.003,3m,2.0,3.0,1.0,76.0,292.0,0.002,4m,2.0,2.0,1.3,232.0,276.0,0.006,2m,1.5,3.5,1.1,128.0,,,,,,,,462.0,0.007,1m,1.5,2.0,1.3,908.0,,,,,,,,0.25,8,COMPLETE
93,93,7.075167212620745,2025-06-15 00:28:06.533723,2025-06-15 00:28:11.240782,0 days 00:00:04.707059,152.0,0.004,4m,3.0,2.0,0.7,674.0,876.0,0.009000000000000001,4m,2.0,3.5,1.8,436.0,478.0,0.004,3m,3.5,2.0,0.6,246.0,312,0.01,4m,1.0,1.5,0.7,90,926.0,0.002,3m,2.0,3.5,0.8,578.0,214.0,0.001,4m,1.5,2.5,1.4,198.0,310.0,0.005,2m,1.0,2.0,1.2000000000000002,88.0,598.0,0.009000000000000001,3m,2.0,2.0,0.7,306.0,734.0,0.01,4m,1.5,3.0,1.0,780.0,,,,,,,,0.25,9,COMPLETE
94,94,4.486018402898172,2025-06-15 00:28:11.328295,2025-06-15 00:28:16.175086,0 days 00:00:04.846791,160.0,0.004,4m,3.0,2.0,1.4,688.0,896.0,0.009000000000000001,4m,2.0,3.5,1.9000000000000001,484.0,496.0,0.005,3m,3.5,2.0,0.7,238.0,364,0.01,2m,1.0,1.5,0.7,210,922.0,0.002,3m,1.5,3.5,0.8,642.0,210.0,0.001,4m,1.5,2.5,1.4,194.0,242.0,0.005,2m,1.0,2.0,1.3,84.0,448.0,0.009000000000000001,3m,2.0,2.0,0.8,304.0,906.0,0.01,2m,1.5,3.0,0.8,986.0,,,,,,,,0.25,9,COMPLETE
95,95,0.5665506124827496,2025-06-15 00:28:16.251092,2025-06-15 00:28:21.504002,0 days 00:00:05.252910,16.0,0.004,4m,3.0,2.0,0.7,488.0,864.0,0.01,4m,2.0,4.0,1.8,84.0,548.0,0.003,3m,3.5,1.5,0.6,176.0,318,0.01,4m,1.0,1.0,0.8,1018,994.0,0.001,3m,2.0,3.5,0.7,442.0,332.0,0.001,4m,1.5,3.0,1.5,126.0,376.0,0.005,4m,1.0,2.0,1.1,106.0,626.0,0.009000000000000001,3m,1.0,3.0,0.7,516.0,742.0,0.01,2m,1.5,3.0,1.0,944.0,650.0,0.01,3m,2.5,2.5,1.3,1002.0,0.3,10,COMPLETE
96,96,4.800958884540091,2025-06-15 00:28:21.581072,2025-06-15 00:28:26.416265,0 days 00:00:04.835193,220.0,0.01,4m,3.0,1.5,1.1,594.0,918.0,0.009000000000000001,2m,2.0,3.5,1.9000000000000001,448.0,468.0,0.004,3m,3.0,1.5,0.9,746.0,258,0.01,2m,1.0,2.0,0.7,266,942.0,0.002,2m,1.5,3.5,1.1,542.0,580.0,0.001,4m,1.5,2.5,1.3,150.0,16.0,0.002,2m,1.0,2.5,1.2000000000000002,152.0,800.0,0.008,3m,3.0,1.0,0.5,166.0,518.0,0.01,3m,1.5,3.0,0.6,536.0,,,,,,,,0.35000000000000003,9,COMPLETE
