,number,value,datetime_start,datetime_complete,duration,params_ABNB_INTU_beta_win,params_ABNB_INTU_stop_loss,params_ABNB_INTU_trade_freq,params_ABNB_INTU_z_entry,params_ABNB_INTU_z_exit,params_ABNB_INTU_z_stop_scaler,params_ABNB_INTU_z_win,params_ADBE_ASML_beta_win,params_ADBE_ASML_stop_loss,params_ADBE_ASML_trade_freq,params_ADBE_ASML_z_entry,params_ADBE_ASML_z_exit,params_ADBE_ASML_z_stop_scaler,params_ADBE_ASML_z_win,params_ADBE_NFLX_beta_win,params_ADBE_NFLX_stop_loss,params_ADBE_NFLX_trade_freq,params_ADBE_NFLX_z_entry,params_ADBE_NFLX_z_exit,params_ADBE_NFLX_z_stop_scaler,params_ADBE_NFLX_z_win,params_ADP_INTU_beta_win,params_ADP_INTU_stop_loss,params_ADP_INTU_trade_freq,params_ADP_INTU_z_entry,params_ADP_INTU_z_exit,params_ADP_INTU_z_stop_scaler,params_ADP_INTU_z_win,params_ALGN_INTU_beta_win,params_ALGN_INTU_stop_loss,params_ALGN_INTU_trade_freq,params_ALGN_INTU_z_entry,params_ALGN_INTU_z_exit,params_ALGN_INTU_z_stop_scaler,params_ALGN_INTU_z_win,params_AMGN_INTU_beta_win,params_AMGN_INTU_stop_loss,params_AMGN_INTU_trade_freq,params_AMGN_INTU_z_entry,params_AMGN_INTU_z_exit,params_AMGN_INTU_z_stop_scaler,params_AMGN_INTU_z_win,params_CTAS_GILD_beta_win,params_CTAS_GILD_stop_loss,params_CTAS_GILD_trade_freq,params_CTAS_GILD_z_entry,params_CTAS_GILD_z_exit,params_CTAS_GILD_z_stop_scaler,params_CTAS_GILD_z_win,params_CTAS_TEAM_beta_win,params_CTAS_TEAM_stop_loss,params_CTAS_TEAM_trade_freq,params_CTAS_TEAM_z_entry,params_CTAS_TEAM_z_exit,params_CTAS_TEAM_z_stop_scaler,params_CTAS_TEAM_z_win,params_EA_INTU_beta_win,params_EA_INTU_stop_loss,params_EA_INTU_trade_freq,params_EA_INTU_z_entry,params_EA_INTU_z_exit,params_EA_INTU_z_stop_scaler,params_EA_INTU_z_win,params_FTNT_INTU_beta_win,params_FTNT_INTU_stop_loss,params_FTNT_INTU_trade_freq,params_FTNT_INTU_z_entry,params_FTNT_INTU_z_exit,params_FTNT_INTU_z_stop_scaler,params_FTNT_INTU_z_win,params_buffer_capital,params_pairs_to_trade,state
97,97,-1.6252907205551188,2025-06-15 01:20:32.904647,2025-06-15 01:20:36.542628,0 days 00:00:03.637981,914.0,0.01,1m,2.5,2.0,1.7000000000000002,316.0,500.0,0.002,2m,2.5,1.0,0.5,180.0,94.0,0.002,4m,4.0,2.0,1.3,966.0,622.0,0.002,4m,1.5,2.5,1.4,124.0,148.0,0.008,1m,1.0,2.0,0.8,654.0,928.0,0.006,1m,1.5,2.0,0.6,720.0,996,0.009000000000000001,4m,3.0,3.0,1.1,814,200.0,0.003,2m,1.0,3.5,1.7000000000000002,416.0,,,,,,,,,,,,,,,0.25,8,COMPLETE
98,98,2.65032607127958,2025-06-15 01:20:36.614665,2025-06-15 01:20:40.673972,0 days 00:00:04.059307,18.0,0.009000000000000001,1m,2.0,2.0,1.6,406.0,600.0,0.002,2m,2.0,1.5,0.9,80.0,68.0,0.001,4m,3.5,2.0,1.4,890.0,700.0,0.001,4m,1.5,3.5,1.3,102.0,164.0,0.008,1m,1.5,2.0,0.8,474.0,640.0,0.007,1m,1.0,1.5,0.9,916.0,940,0.008,4m,3.5,1.5,1.0,728,402.0,0.001,2m,1.0,3.5,1.5,810.0,,,,,,,,480.0,0.002,4m,3.5,3.5,0.7,460.0,0.25,9,COMPLETE
99,99,2.4082111852017554,2025-06-15 01:20:40.752582,2025-06-15 01:20:44.824544,0 days 00:00:04.071962,986.0,0.008,1m,2.0,2.0,1.9000000000000001,992.0,728.0,0.006,2m,3.0,2.0,0.7,290.0,42.0,0.002,4m,4.0,1.5,1.5,940.0,604.0,0.002,4m,3.5,4.0,1.9000000000000001,70.0,16.0,0.007,1m,1.0,2.0,0.6,518.0,742.0,0.006,1m,1.0,2.0,0.6,806.0,970,0.002,4m,1.0,2.5,1.2000000000000002,712,566.0,0.002,2m,1.0,1.5,1.8,616.0,,,,,,,,,,,,,,,0.25,8,COMPLETE
100,100,4.0395473227219805,2025-06-15 01:20:44.902586,2025-06-15 01:20:48.747962,0 days 00:00:03.845376,866.0,0.009000000000000001,1m,1.5,2.0,1.9000000000000001,680.0,520.0,0.003,2m,2.5,1.5,1.0,252.0,100.0,0.009000000000000001,4m,4.0,2.0,1.1,858.0,648.0,0.002,4m,2.0,4.0,1.7000000000000002,142.0,106.0,0.01,1m,2.0,3.0,0.7,692.0,702.0,0.005,1m,1.0,2.0,0.6,850.0,860,0.007,4m,3.0,3.0,1.1,750,136.0,0.001,2m,2.0,4.0,1.8,990.0,,,,,,,,,,,,,,,0.3,8,COMPLETE
101,101,5.282843035560087,2025-06-15 01:20:48.816870,2025-06-15 01:20:52.267886,0 days 00:00:03.451016,932.0,0.008,1m,1.5,3.5,1.8,464.0,,,,,,,,116.0,0.001,3m,4.0,2.0,0.8,824.0,768.0,0.003,3m,1.0,4.0,1.0,254.0,204.0,0.009000000000000001,1m,1.0,2.5,1.0,646.0,626.0,0.004,1m,1.5,2.0,0.7,870.0,956,0.009000000000000001,4m,3.0,3.0,1.5,800,248.0,0.002,3m,1.5,3.5,1.9000000000000001,466.0,,,,,,,,,,,,,,,0.25,7,COMPLETE
102,102,3.54285993860054,2025-06-15 01:20:52.361712,2025-06-15 01:20:55.802622,0 days 00:00:03.440910,968.0,0.009000000000000001,3m,2.0,3.5,0.8,374.0,,,,,,,,224.0,0.008,3m,4.0,1.5,1.2000000000000002,770.0,548.0,0.003,4m,2.5,4.0,1.1,930.0,76.0,0.007,1m,1.0,2.0,2.0,526.0,650.0,0.006,1m,1.0,2.0,0.8,930.0,694,0.009000000000000001,4m,3.0,3.5,0.6,774,368.0,0.002,3m,1.0,3.0,1.7000000000000002,502.0,,,,,,,,,,,,,,,0.3,7,COMPLETE
103,103,4.924889413043247,2025-06-15 01:20:55.884327,2025-06-15 01:21:00.309616,0 days 00:00:04.425289,948.0,0.01,1m,2.0,2.0,1.0,486.0,432.0,0.007,2m,2.0,2.5,1.1,60.0,150.0,0.002,3m,4.0,2.0,1.3,802.0,574.0,0.004,4m,2.5,4.0,1.2000000000000002,84.0,128.0,0.01,1m,3.5,2.5,0.9,756.0,362.0,0.003,4m,1.5,1.0,0.7,612.0,728,0.006,4m,3.0,3.0,0.8,832,300.0,0.003,2m,1.5,3.5,2.0,410.0,,,,,,,,600.0,0.002,3m,2.0,2.0,0.9,300.0,0.25,9,COMPLETE
104,104,1.363584775717226,2025-06-15 01:21:00.384312,2025-06-15 01:21:03.769923,0 days 00:00:03.385611,912.0,0.007,1m,2.5,2.0,1.4,434.0,,,,,,,,178.0,0.002,4m,4.0,2.0,1.0,848.0,806.0,0.001,3m,1.5,4.0,1.3,22.0,92.0,0.008,1m,1.5,2.0,0.8,794.0,610.0,0.01,1m,2.0,2.0,0.5,898.0,656,0.009000000000000001,1m,2.5,3.5,0.7,684,790.0,0.002,3m,3.5,4.0,1.9000000000000001,658.0,,,,,,,,,,,,,,,0.2,7,COMPLETE
105,105,1.0203513034369254,2025-06-15 01:21:03.834867,2025-06-15 01:21:07.803762,0 days 00:00:03.968895,378.0,0.006,1m,1.5,1.5,0.9,410.0,262.0,0.005,2m,3.0,1.0,0.5,164.0,654.0,0.001,3m,4.0,1.0,0.9,994.0,686.0,0.002,4m,3.0,4.0,1.8,206.0,174.0,0.008,1m,3.5,1.5,1.9000000000000001,600.0,566.0,0.005,1m,1.5,2.0,0.6,756.0,890,0.005,4m,3.5,2.5,0.9,878,832.0,0.001,3m,1.0,3.5,1.8,368.0,,,,,,,,,,,,,,,0.35000000000000003,8,COMPLETE
106,106,0.15376168421065106,2025-06-15 01:21:07.874276,2025-06-15 01:21:11.533490,0 days 00:00:03.659214,1002.0,0.008,1m,2.0,3.5,0.6,788.0,,,,,,,,512.0,0.002,3m,4.0,1.5,1.9000000000000001,928.0,278.0,0.003,2m,3.5,3.5,1.2000000000000002,52.0,250.0,0.009000000000000001,1m,3.0,3.0,0.6,888.0,302.0,0.005,1m,3.0,2.0,0.7,828.0,794,0.008,4m,3.0,1.0,1.3,848,222.0,0.002,4m,3.0,1.0,2.0,478.0,,,,,,,,,,,,,,,0.25,7,COMPLETE
107,107,5.579062062364561,2025-06-15 01:21:11.603865,2025-06-15 01:21:14.735165,0 days 00:00:03.131300,836.0,0.007,1m,1.5,2.5,0.8,382.0,,,,,,,,482.0,0.001,4m,4.0,2.0,0.7,902.0,618.0,0.003,1m,2.0,4.0,1.1,416.0,,,,,,,,670.0,0.004,1m,2.0,1.5,0.8,678.0,838,0.008,4m,3.0,2.0,0.7,616,922.0,0.001,3m,2.0,4.0,1.6,532.0,,,,,,,,,,,,,,,0.2,6,COMPLETE
108,108,-7.845182606863982,2025-06-15 01:21:14.808677,2025-06-15 01:21:18.967729,0 days 00:00:04.159052,880.0,0.009000000000000001,4m,1.5,2.5,1.0,356.0,352.0,0.002,4m,2.5,4.0,2.0,328.0,402.0,0.002,3m,3.5,2.0,1.6,882.0,658.0,0.004,2m,2.5,2.5,0.7,830.0,42.0,0.01,3m,1.0,2.5,0.7,966.0,586.0,0.004,2m,1.5,4.0,1.0,782.0,578,0.009000000000000001,4m,2.5,3.0,0.6,800,344.0,0.003,2m,4.0,1.5,0.8,756.0,,,,,,,,,,,,,,,0.3,8,COMPLETE
109,109,7.080388102363255,2025-06-15 01:21:19.024641,2025-06-15 01:21:22.159563,0 days 00:00:03.134922,974.0,0.007,1m,2.0,3.0,0.7,320.0,,,,,,,,812.0,0.001,3m,3.0,1.5,2.0,760.0,504.0,0.002,4m,3.5,3.0,1.7000000000000002,170.0,,,,,,,,714.0,0.003,1m,1.0,2.5,0.5,928.0,816,0.003,1m,3.5,3.5,0.8,442,264.0,0.002,3m,3.5,3.0,1.9000000000000001,576.0,,,,,,,,,,,,,,,0.25,6,COMPLETE
110,110,2.6987804847482253,2025-06-15 01:21:22.242041,2025-06-15 01:21:26.049470,0 days 00:00:03.807429,774.0,0.007,1m,2.0,3.5,0.7,256.0,,,,,,,,768.0,0.001,3m,3.0,1.5,2.0,752.0,518.0,0.002,4m,3.5,3.0,1.7000000000000002,306.0,292.0,0.007,2m,1.5,2.0,1.9000000000000001,568.0,766.0,0.002,1m,1.0,2.5,0.5,580.0,818,0.003,1m,3.5,3.5,1.0,446,1006.0,0.004,3m,3.0,3.5,1.9000000000000001,708.0,,,,,,,,,,,,,,,0.25,7,COMPLETE
111,111,4.993819040594584,2025-06-15 01:21:26.125904,2025-06-15 01:21:29.300449,0 days 00:00:03.174545,970.0,0.008,1m,2.0,3.0,0.6,172.0,,,,,,,,878.0,0.001,3m,3.0,1.5,2.0,782.0,148.0,0.001,4m,4.0,3.0,1.8,168.0,,,,,,,,716.0,0.003,1m,1.0,2.5,0.5,876.0,728,0.002,1m,4.0,3.5,0.8,464,266.0,0.002,3m,3.5,3.0,2.0,576.0,,,,,,,,,,,,,,,0.25,6,COMPLETE
112,112,7.305507050274712,2025-06-15 01:21:29.381082,2025-06-15 01:21:32.357168,0 days 00:00:02.976086,1024.0,0.007,1m,2.0,3.0,0.8,322.0,,,,,,,,814.0,0.001,3m,3.5,1.5,1.9000000000000001,820.0,588.0,0.003,4m,3.5,3.5,1.6,128.0,,,,,,,,656.0,0.004,1m,1.0,2.5,0.6,922.0,762,0.003,1m,3.5,3.5,0.7,414,182.0,0.002,3m,3.5,3.0,1.9000000000000001,434.0,,,,,,,,,,,,,,,0.25,6,COMPLETE
113,113,2.7492182987819116,2025-06-15 01:21:32.424999,2025-06-15 01:21:36.046636,0 days 00:00:03.621637,1002.0,0.006,1m,2.0,3.0,0.7,208.0,,,,,,,,790.0,0.001,3m,3.0,1.5,2.0,814.0,586.0,0.002,4m,3.5,3.5,1.7000000000000002,114.0,212.0,0.009000000000000001,1m,3.5,4.0,2.0,826.0,656.0,0.003,1m,1.0,2.5,0.6,846.0,772,0.004,1m,3.5,3.5,0.8,434,290.0,0.002,3m,3.5,3.0,1.9000000000000001,604.0,,,,,,,,,,,,,,,0.25,7,COMPLETE
114,114,3.877813418460839,2025-06-15 01:21:36.105692,2025-06-15 01:21:39.146338,0 days 00:00:03.040646,934.0,0.007,1m,2.0,3.5,0.8,322.0,,,,,,,,860.0,0.001,3m,3.0,1.5,1.9000000000000001,832.0,552.0,0.003,4m,3.5,3.5,1.6,136.0,,,,,,,,690.0,0.008,1m,1.0,2.0,0.6,928.0,870,0.003,1m,3.5,3.5,0.7,502,84.0,0.001,3m,3.5,3.5,0.5,538.0,,,,,,,,,,,,,,,0.25,6,COMPLETE
115,115,7.275673761497357,2025-06-15 01:21:39.221102,2025-06-15 01:21:42.757479,0 days 00:00:03.536377,1018.0,0.007,1m,2.0,4.0,0.7,332.0,,,,,,,,734.0,0.001,3m,3.5,1.0,1.8,872.0,634.0,0.003,4m,3.5,2.5,1.5,196.0,116.0,0.006,4m,2.0,2.5,1.1,648.0,720.0,0.003,1m,1.0,2.5,0.5,902.0,700,0.003,1m,3.5,3.5,1.4,352,188.0,0.002,3m,3.5,1.0,1.8,328.0,,,,,,,,,,,,,,,0.3,7,COMPLETE
116,116,4.576143147469139,2025-06-15 01:21:42.821273,2025-06-15 01:21:45.396775,0 days 00:00:02.575502,1020.0,0.007,1m,1.5,4.0,0.7,312.0,,,,,,,,810.0,0.001,3m,3.5,1.0,1.8,878.0,414.0,0.003,4m,4.0,2.5,1.5,222.0,,,,,,,,740.0,0.003,1m,1.0,2.5,0.5,880.0,704,0.003,1m,3.5,3.5,1.4,338,,,,,,,,,,,,,,,,,,,,,,0.3,5,COMPLETE
117,117,2.5985775150201422,2025-06-15 01:21:45.476564,2025-06-15 01:21:49.721945,0 days 00:00:04.245381,982.0,0.006,1m,2.0,4.0,0.8,276.0,578.0,0.01,2m,1.5,3.5,1.4,22.0,720.0,0.002,3m,4.0,1.0,1.9000000000000001,968.0,728.0,0.003,4m,3.5,2.0,1.7000000000000002,192.0,88.0,0.008,4m,2.0,2.0,1.3,52.0,408.0,0.003,4m,1.0,2.5,0.5,812.0,690,0.003,1m,3.5,3.0,1.6,390,180.0,0.002,3m,3.5,1.0,1.8,332.0,,,,,,,,710.0,0.001,3m,3.0,3.0,0.5,38.0,0.3,9,COMPLETE
118,118,3.0937420050045996,2025-06-15 01:21:49.785276,2025-06-15 01:21:54.003740,0 days 00:00:04.218464,998.0,0.007,1m,2.5,4.0,0.6,336.0,16.0,0.008,3m,4.0,2.5,1.9000000000000001,226.0,804.0,0.001,3m,3.5,1.0,2.0,916.0,626.0,0.003,4m,3.5,2.5,1.6,240.0,950.0,0.009000000000000001,4m,2.5,1.5,1.2000000000000002,704.0,726.0,0.002,1m,1.0,3.0,0.5,998.0,636,0.002,1m,4.0,3.0,1.7000000000000002,334,140.0,0.003,3m,4.0,1.0,2.0,370.0,,,,,,,,,,,,,,,0.35000000000000003,8,COMPLETE
119,119,6.148257594104744,2025-06-15 01:21:54.076204,2025-06-15 01:21:56.793953,0 days 00:00:02.717749,1022.0,0.007,1m,1.5,3.0,0.8,296.0,,,,,,,,756.0,0.002,4m,4.0,2.0,1.9000000000000001,866.0,532.0,0.003,4m,3.5,2.5,1.5,162.0,,,,,,,,830.0,0.003,1m,1.0,2.0,0.6,926.0,998,0.004,1m,3.5,3.5,1.4,362,208.0,0.002,3m,3.5,1.0,1.9000000000000001,500.0,,,,,,,,,,,,,,,0.2,6,COMPLETE
120,120,-0.639562880671578,2025-06-15 01:21:56.871880,2025-06-15 01:22:00.071464,0 days 00:00:03.199584,1024.0,0.007,3m,2.0,3.0,0.7,286.0,,,,,,,,820.0,0.002,4m,2.5,2.0,1.9000000000000001,872.0,530.0,0.003,4m,3.5,2.5,1.5,156.0,,,,,,,,840.0,0.003,1m,1.0,2.0,0.6,908.0,1004,0.004,1m,3.5,3.5,1.6,280,192.0,0.002,3m,3.5,1.0,1.8,496.0,,,,,,,,,,,,,,,0.25,6,COMPLETE
121,121,8.223026505965564,2025-06-15 01:22:00.154083,2025-06-15 01:22:03.156710,0 days 00:00:03.002627,984.0,0.007,1m,1.5,3.0,0.8,268.0,,,,,,,,744.0,0.001,4m,4.0,2.0,1.8,846.0,494.0,0.003,4m,3.5,2.5,1.5,174.0,,,,,,,,956.0,0.003,1m,1.0,2.0,0.6,928.0,666,0.004,1m,3.5,3.5,1.8,394,220.0,0.002,3m,3.5,1.0,1.9000000000000001,428.0,,,,,,,,,,,,,,,0.2,6,COMPLETE
122,122,8.556241840929017,2025-06-15 01:22:03.230848,2025-06-15 01:22:06.050608,0 days 00:00:02.819760,980.0,0.007,1m,1.5,3.0,0.8,260.0,,,,,,,,736.0,0.001,4m,4.0,2.0,1.9000000000000001,850.0,498.0,0.003,4m,3.5,2.5,1.5,170.0,,,,,,,,988.0,0.003,1m,1.0,2.0,0.6,932.0,960,0.004,1m,3.5,3.5,1.4,382,230.0,0.002,3m,3.5,1.0,1.9000000000000001,426.0,,,,,,,,,,,,,,,0.2,6,COMPLETE
123,123,6.333376443327771,2025-06-15 01:22:06.154609,2025-06-15 01:22:11.243006,0 days 00:00:05.088397,974.0,0.007,1m,1.5,3.0,0.8,268.0,,,,,,,,734.0,0.001,4m,4.0,2.0,1.8,896.0,496.0,0.003,4m,3.5,2.5,1.5,172.0,,,,,,,,1020.0,0.003,1m,1.0,2.0,0.6,924.0,664,0.004,1m,3.5,3.5,1.4,388,226.0,0.002,3m,3.5,1.0,1.9000000000000001,434.0,,,,,,,,,,,,,,,0.2,6,COMPLETE
124,124,7.534087186015779,2025-06-15 01:22:11.350237,2025-06-15 01:22:15.581316,0 days 00:00:04.231079,970.0,0.007,1m,1.5,3.0,0.7,246.0,,,,,,,,682.0,0.001,4m,4.0,2.0,1.8,896.0,510.0,0.003,4m,3.5,2.5,1.5,178.0,,,,,,,,1008.0,0.003,1m,1.0,2.0,0.6,940.0,972,0.004,1m,3.5,3.5,1.4,370,,,,,,,,,,,,,,,,,,,,,,0.2,5,COMPLETE
125,125,7.181487001178147,2025-06-15 01:22:15.664047,2025-06-15 01:22:18.001954,0 days 00:00:02.337907,954.0,0.007,1m,1.5,3.0,0.7,194.0,,,,,,,,750.0,0.001,4m,4.0,2.0,1.8,844.0,496.0,0.004,4m,3.5,2.5,1.5,266.0,,,,,,,,1000.0,0.002,1m,1.0,2.0,0.5,934.0,982,0.004,1m,3.5,3.5,1.4,368,,,,,,,,,,,,,,,,,,,,,,0.2,5,COMPLETE
126,126,5.410766680213462,2025-06-15 01:22:18.049428,2025-06-15 01:22:20.610796,0 days 00:00:02.561368,954.0,0.007,1m,1.5,3.0,0.5,206.0,,,,,,,,732.0,0.001,4m,4.0,2.0,1.8,848.0,450.0,0.004,4m,3.5,2.0,1.4,276.0,,,,,,,,1016.0,0.001,1m,1.0,2.0,0.5,952.0,928,0.004,1m,3.5,3.5,1.4,388,,,,,,,,,,,,,,,,,,,,,,0.2,5,COMPLETE
127,127,5.111638823424859,2025-06-15 01:22:20.696582,2025-06-15 01:22:23.277317,0 days 00:00:02.580735,970.0,0.007,1m,1.5,3.0,0.7,128.0,,,,,,,,680.0,0.001,4m,4.0,2.0,1.8,956.0,498.0,0.004,4m,3.5,2.5,1.4,182.0,,,,,,,,974.0,0.002,1m,1.0,2.0,0.5,980.0,954,0.004,1m,3.5,3.5,1.5,364,,,,,,,,,,,,,,,,,,,,,,0.2,5,COMPLETE
128,128,6.094077951485553,2025-06-15 01:22:23.367991,2025-06-15 01:22:25.854748,0 days 00:00:02.486757,978.0,0.007,1m,2.0,3.0,0.6,242.0,,,,,,,,700.0,0.001,4m,4.0,2.0,1.8,890.0,428.0,0.003,4m,3.5,2.5,1.6,230.0,,,,,,,,950.0,0.002,1m,1.0,2.0,0.5,964.0,1022,0.005,1m,3.5,3.5,1.5,304,,,,,,,,,,,,,,,,,,,,,,0.2,5,COMPLETE
129,129,4.780352192169333,2025-06-15 01:22:25.910250,2025-06-15 01:22:28.475234,0 days 00:00:02.564984,942.0,0.007,1m,1.5,3.0,0.7,160.0,,,,,,,,750.0,0.001,4m,3.5,2.0,1.7000000000000002,936.0,494.0,0.004,4m,4.0,2.5,1.5,200.0,,,,,,,,1018.0,0.002,1m,1.0,2.0,0.6,944.0,974,0.003,1m,3.5,3.5,1.3,372,,,,,,,,,,,,,,,,,,,,,,0.2,5,COMPLETE
130,130,5.4306851029439915,2025-06-15 01:22:28.525777,2025-06-15 01:22:31.087797,0 days 00:00:02.562020,1000.0,0.006,1m,2.0,3.0,0.7,228.0,,,,,,,,638.0,0.001,4m,4.0,1.5,1.7000000000000002,830.0,466.0,0.007,4m,3.5,2.5,1.5,260.0,,,,,,,,896.0,0.003,1m,1.0,2.0,0.5,1020.0,1024,0.003,1m,3.5,3.5,1.4,412,,,,,,,,,,,,,,,,,,,,,,0.2,5,COMPLETE
131,131,8.852312871282962,2025-06-15 01:22:31.172892,2025-06-15 01:22:34.053424,0 days 00:00:02.880532,982.0,0.007,1m,1.5,3.0,0.8,274.0,,,,,,,,762.0,0.001,4m,4.0,2.0,1.9000000000000001,872.0,514.0,0.003,4m,3.5,2.5,1.4,172.0,,,,,,,,978.0,0.003,1m,1.0,2.0,0.6,920.0,992,0.004,1m,3.5,3.5,1.4,360,226.0,0.003,3m,3.5,1.0,1.7000000000000002,434.0,,,,,,,,,,,,,,,0.2,6,COMPLETE
132,132,8.535867428890606,2025-06-15 01:22:34.121187,2025-06-15 01:22:37.086660,0 days 00:00:02.965473,954.0,0.007,1m,1.5,3.0,0.8,262.0,,,,,,,,784.0,0.001,4m,4.0,2.0,1.8,904.0,352.0,0.003,4m,3.5,2.5,1.5,172.0,,,,,,,,998.0,0.003,1m,1.0,2.0,0.6,920.0,988,0.005,1m,3.5,3.5,1.5,304,232.0,0.003,3m,3.5,1.0,1.7000000000000002,430.0,,,,,,,,,,,,,,,0.2,6,COMPLETE
133,133,3.9263225473055408,2025-06-15 01:22:37.139414,2025-06-15 01:22:40.128704,0 days 00:00:02.989290,948.0,0.007,1m,1.5,3.0,0.6,182.0,,,,,,,,780.0,0.001,4m,4.0,2.0,1.9000000000000001,916.0,378.0,0.003,4m,3.5,2.5,1.4,216.0,,,,,,,,986.0,0.003,1m,1.0,2.0,0.5,992.0,984,0.004,1m,3.5,3.5,1.5,242,724.0,0.004,3m,3.5,1.0,1.7000000000000002,392.0,,,,,,,,,,,,,,,0.2,6,COMPLETE
134,134,7.392285288715608,2025-06-15 01:22:40.174098,2025-06-15 01:22:42.054007,0 days 00:00:01.879909,910.0,0.007,1m,1.5,3.0,0.7,230.0,,,,,,,,792.0,0.001,4m,4.0,2.0,1.9000000000000001,850.0,408.0,0.003,4m,3.5,2.5,1.4,298.0,,,,,,,,,,,,,,,926,0.005,1m,3.5,3.5,1.5,306,,,,,,,,,,,,,,,,,,,,,,0.2,4,COMPLETE
135,135,8.204114673837996,2025-06-15 01:22:42.123705,2025-06-15 01:22:44.138887,0 days 00:00:02.015182,898.0,0.007,1m,1.5,3.0,0.7,262.0,,,,,,,,790.0,0.001,4m,3.0,2.0,1.9000000000000001,848.0,408.0,0.003,4m,3.5,2.5,1.4,300.0,,,,,,,,,,,,,,,908,0.005,1m,3.5,3.5,1.5,318,,,,,,,,,,,,,,,,,,,,,,0.2,4,COMPLETE
136,136,7.185174736993041,2025-06-15 01:22:44.211502,2025-06-15 01:22:46.309227,0 days 00:00:02.097725,886.0,0.007,1m,1.5,3.0,0.7,262.0,,,,,,,,760.0,0.001,4m,3.0,2.0,1.9000000000000001,846.0,338.0,0.003,4m,3.5,2.5,1.4,338.0,,,,,,,,,,,,,,,904,0.004,1m,4.0,3.5,1.5,292,,,,,,,,,,,,,,,,,,,,,,0.2,4,COMPLETE
137,137,8.311945666121524,2025-06-15 01:22:46.381143,2025-06-15 01:22:48.051252,0 days 00:00:01.670109,898.0,0.007,1m,1.5,3.0,0.6,226.0,,,,,,,,792.0,0.001,4m,2.5,2.0,1.9000000000000001,848.0,,,,,,,,,,,,,,,,,,,,,,906,0.005,1m,4.0,3.5,1.5,294,,,,,,,,,,,,,,,,,,,,,,0.15000000000000002,3,COMPLETE
138,138,7.054969960149682,2025-06-15 01:22:48.123737,2025-06-15 01:22:49.489274,0 days 00:00:01.365537,888.0,0.006,1m,1.5,3.0,0.5,198.0,,,,,,,,790.0,0.001,4m,2.5,2.0,1.9000000000000001,852.0,,,,,,,,,,,,,,,,,,,,,,922,0.005,1m,4.0,3.5,1.5,308,,,,,,,,,,,,,,,,,,,,,,0.2,3,COMPLETE
139,139,6.872765792614877,2025-06-15 01:22:49.581710,2025-06-15 01:22:51.904769,0 days 00:00:02.323059,886.0,0.007,1m,1.5,3.0,0.6,228.0,,,,,,,,676.0,0.001,4m,2.5,2.0,1.8,838.0,364.0,0.006,4m,3.5,2.5,1.4,300.0,,,,,,,,,,,,,,,912,0.005,1m,4.0,3.5,1.5,280,,,,,,,,,,,,,,,,,,,,,,0.15000000000000002,4,COMPLETE
140,140,7.360655522989593,2025-06-15 01:22:51.960024,2025-06-15 01:22:53.617817,0 days 00:00:01.657793,912.0,0.007,1m,1.5,3.0,0.7,144.0,,,,,,,,846.0,0.001,4m,2.5,2.0,1.9000000000000001,820.0,,,,,,,,,,,,,,,,,,,,,,884,0.005,1m,4.0,3.5,1.4,216,,,,,,,,,,,,,,,,,,,,,,0.15000000000000002,3,COMPLETE
141,141,5.421464636622212,2025-06-15 01:22:53.690637,2025-06-15 01:22:55.242475,0 days 00:00:01.551838,898.0,0.007,1m,1.5,3.0,0.7,40.0,,,,,,,,836.0,0.001,4m,2.5,2.0,1.9000000000000001,814.0,,,,,,,,,,,,,,,,,,,,,,898,0.005,1m,4.0,3.5,1.4,200,,,,,,,,,,,,,,,,,,,,,,0.15000000000000002,3,COMPLETE
142,142,2.9482310442877737,2025-06-15 01:22:55.316482,2025-06-15 01:22:56.382971,0 days 00:00:01.066489,,,,,,,,,,,,,,,908.0,0.001,4m,2.5,2.0,1.8,866.0,,,,,,,,,,,,,,,,,,,,,,938,0.005,1m,4.0,3.5,1.4,238,,,,,,,,,,,,,,,,,,,,,,0.15000000000000002,2,COMPLETE
143,143,7.311902772677779,2025-06-15 01:22:56.451420,2025-06-15 01:22:58.640524,0 days 00:00:02.189104,912.0,0.007,1m,1.5,3.0,0.7,132.0,,,,,,,,858.0,0.001,4m,2.0,2.0,1.9000000000000001,850.0,326.0,0.004,4m,4.0,2.5,1.4,266.0,,,,,,,,,,,,,,,892,0.005,1m,4.0,3.5,1.6,352,,,,,,,,,,,,,,,,,,,,,,0.15000000000000002,4,COMPLETE
144,144,5.518682711368246,2025-06-15 01:22:58.713390,2025-06-15 01:23:00.904296,0 days 00:00:02.190906,916.0,0.007,1m,1.5,3.0,0.6,106.0,,,,,,,,862.0,0.001,4m,2.5,2.0,1.9000000000000001,822.0,332.0,0.003,4m,4.0,2.0,1.4,328.0,,,,,,,,,,,,,,,874,0.005,1m,4.0,3.5,1.6,342,,,,,,,,,,,,,,,,,,,,,,0.15000000000000002,4,COMPLETE
145,145,-7.787061260505881,2025-06-15 01:23:00.983434,2025-06-15 01:23:03.296916,0 days 00:00:02.313482,908.0,0.006,4m,1.5,3.0,0.8,106.0,,,,,,,,770.0,0.001,4m,2.0,2.0,1.9000000000000001,864.0,284.0,0.003,4m,4.0,2.0,1.4,296.0,,,,,,,,,,,,,,,892,0.005,1m,4.0,3.5,1.5,316,,,,,,,,,,,,,,,,,,,,,,0.1,4,COMPLETE
146,146,2.4746217658896277,2025-06-15 01:23:03.365519,2025-06-15 01:23:04.399111,0 days 00:00:01.033592,,,,,,,,,,,,,,,856.0,0.001,4m,2.0,2.0,1.9000000000000001,918.0,,,,,,,,,,,,,,,,,,,,,,934,0.005,1m,4.0,3.5,1.6,292,,,,,,,,,,,,,,,,,,,,,,0.15000000000000002,2,COMPLETE
147,147,2.3420522923149716,2025-06-15 01:23:04.439258,2025-06-15 01:23:05.969078,0 days 00:00:01.529820,850.0,0.007,1m,1.5,3.0,0.7,266.0,,,,,,,,708.0,0.001,4m,2.0,2.0,2.0,102.0,,,,,,,,,,,,,,,,,,,,,,906,0.005,1m,4.0,3.5,1.5,264,,,,,,,,,,,,,,,,,,,,,,0.15000000000000002,3,COMPLETE
148,148,6.713324222659992,2025-06-15 01:23:06.041251,2025-06-15 01:23:08.625260,0 days 00:00:02.584009,868.0,0.007,1m,1.5,3.0,0.8,242.0,,,,,,,,790.0,0.007,4m,3.0,2.0,1.8,904.0,408.0,0.003,1m,4.0,2.5,1.4,346.0,,,,,,,,,,,,,,,942,0.006,1m,4.0,3.5,1.3,350,,,,,,,,,,,,,,,,,,,,,,0.15000000000000002,4,COMPLETE
149,149,5.741030166554922,2025-06-15 01:23:08.686328,2025-06-15 01:23:11.523645,0 days 00:00:02.837317,926.0,0.007,1m,1.5,3.0,0.7,156.0,,,,,,,,830.0,0.01,4m,2.5,2.5,1.7000000000000002,798.0,,,,,,,,,,,,,,,,,,,,,,862,0.004,1m,4.0,3.5,1.5,324,,,,,,,,,,,,,,,,,,,,,,0.2,3,COMPLETE
