,number,value,datetime_start,datetime_complete,duration,params_ADSK_BIIB_beta_win,params_ADSK_BIIB_stop_loss,params_ADSK_BIIB_trade_freq,params_ADSK_BIIB_z_entry,params_ADSK_BIIB_z_exit,params_ADSK_BIIB_z_stop_scaler,params_ADSK_BIIB_z_win,params_ADSK_ZM_beta_win,params_ADSK_ZM_stop_loss,params_ADSK_ZM_trade_freq,params_ADSK_ZM_z_entry,params_ADSK_ZM_z_exit,params_ADSK_ZM_z_stop_scaler,params_ADSK_ZM_z_win,params_ASML_CPRT_beta_win,params_ASML_CPRT_stop_loss,params_ASML_CPRT_trade_freq,params_ASML_CPRT_z_entry,params_ASML_CPRT_z_exit,params_ASML_CPRT_z_stop_scaler,params_ASML_CPRT_z_win,params_ASML_EBAY_beta_win,params_ASML_EBAY_stop_loss,params_ASML_EBAY_trade_freq,params_ASML_EBAY_z_entry,params_ASML_EBAY_z_exit,params_ASML_EBAY_z_stop_scaler,params_ASML_EBAY_z_win,params_BIIB_ZM_beta_win,params_BIIB_ZM_stop_loss,params_BIIB_ZM_trade_freq,params_BIIB_ZM_z_entry,params_BIIB_ZM_z_exit,params_BIIB_ZM_z_stop_scaler,params_BIIB_ZM_z_win,params_DLTR_EA_beta_win,params_DLTR_EA_stop_loss,params_DLTR_EA_trade_freq,params_DLTR_EA_z_entry,params_DLTR_EA_z_exit,params_DLTR_EA_z_stop_scaler,params_DLTR_EA_z_win,params_FAST_TXN_beta_win,params_FAST_TXN_stop_loss,params_FAST_TXN_trade_freq,params_FAST_TXN_z_entry,params_FAST_TXN_z_exit,params_FAST_TXN_z_stop_scaler,params_FAST_TXN_z_win,params_KLAC_PYPL_beta_win,params_KLAC_PYPL_stop_loss,params_KLAC_PYPL_trade_freq,params_KLAC_PYPL_z_entry,params_KLAC_PYPL_z_exit,params_KLAC_PYPL_z_stop_scaler,params_KLAC_PYPL_z_win,params_LRCX_NXPI_beta_win,params_LRCX_NXPI_stop_loss,params_LRCX_NXPI_trade_freq,params_LRCX_NXPI_z_entry,params_LRCX_NXPI_z_exit,params_LRCX_NXPI_z_stop_scaler,params_LRCX_NXPI_z_win,params_MRNA_TXN_beta_win,params_MRNA_TXN_stop_loss,params_MRNA_TXN_trade_freq,params_MRNA_TXN_z_entry,params_MRNA_TXN_z_exit,params_MRNA_TXN_z_stop_scaler,params_MRNA_TXN_z_win,params_buffer_capital,params_pairs_to_trade,state
0,0,3.263723655929052,2025-06-15 00:50:50.613776,2025-06-15 00:50:51.914076,0 days 00:00:01.300300,1000.0,0.002,1m,2.5,2.0,0.6,468.0,,,,,,,,342,0.009000000000000001,3m,3.5,2.0,1.3,502,,,,,,,,,,,,,,,,,,,,,,,,,,,,,,,,,,,,876.0,0.003,3m,1.0,3.0,1.3,394.0,,,,,,,,0.5,3,COMPLETE
1,1,-6.697889894332584,2025-06-15 00:50:51.986601,2025-06-15 00:50:53.472848,0 days 00:00:01.486247,984.0,0.006,3m,2.5,3.0,1.0,592.0,,,,,,,,324,0.009000000000000001,2m,4.0,1.5,1.9000000000000001,320,,,,,,,,,,,,,,,,,,,,,,,,,,,,,,,,,,,,210.0,0.009000000000000001,1m,3.0,3.0,1.9000000000000001,948.0,,,,,,,,0.3,3,COMPLETE
2,2,0.3740562713692645,2025-06-15 00:50:53.544366,2025-06-15 00:50:57.565993,0 days 00:00:04.021627,572.0,0.008,4m,1.5,3.5,2.0,386.0,34.0,0.005,2m,3.0,3.5,0.8,230.0,270,0.008,4m,1.0,1.5,0.5,50,920.0,0.003,3m,2.5,1.0,1.3,360.0,110.0,0.003,4m,1.0,4.0,1.6,146.0,652.0,0.001,4m,3.0,1.5,0.5,828.0,76.0,0.001,3m,2.5,2.5,0.6,388.0,,,,,,,,978.0,0.007,3m,1.5,4.0,0.7,698.0,670.0,0.006,4m,2.0,2.5,0.8,548.0,0.2,9,COMPLETE
3,3,-0.3951086344547689,2025-06-15 00:50:57.654522,2025-06-15 00:50:59.951997,0 days 00:00:02.297475,352.0,0.007,2m,1.0,3.5,1.3,856.0,960.0,0.01,4m,2.5,1.5,1.3,260.0,544,0.009000000000000001,1m,1.5,3.5,1.3,326,,,,,,,,434.0,0.006,3m,2.5,3.5,0.7,974.0,,,,,,,,,,,,,,,,,,,,,,844.0,0.01,4m,3.5,4.0,1.9000000000000001,582.0,,,,,,,,0.05,5,COMPLETE
4,4,-2.465572279943243,2025-06-15 00:51:00.037510,2025-06-15 00:51:02.207987,0 days 00:00:02.170477,754.0,0.009000000000000001,1m,2.5,3.0,1.1,992.0,956.0,0.01,1m,1.5,1.5,1.9000000000000001,592.0,974,0.009000000000000001,4m,1.5,2.0,1.9000000000000001,702,,,,,,,,886.0,0.003,3m,3.5,2.5,1.1,452.0,,,,,,,,,,,,,,,,,,,,,,56.0,0.007,4m,3.5,3.0,1.7000000000000002,226.0,,,,,,,,0.2,5,COMPLETE
5,5,1.121816928956833,2025-06-15 00:51:02.274501,2025-06-15 00:51:05.810244,0 days 00:00:03.535743,804.0,0.008,1m,2.5,3.5,0.6,550.0,604.0,0.006,1m,4.0,2.0,1.9000000000000001,106.0,430,0.001,4m,2.5,4.0,0.8,278,974.0,0.008,4m,3.0,4.0,1.8,922.0,32.0,0.006,1m,3.0,3.5,1.5,220.0,370.0,0.007,1m,2.0,1.0,1.4,490.0,,,,,,,,,,,,,,,218.0,0.004,2m,1.5,3.0,1.6,72.0,304.0,0.007,4m,1.5,1.0,1.8,648.0,0.15000000000000002,8,COMPLETE
6,6,2.1738927373221792,2025-06-15 00:51:05.892278,2025-06-15 00:51:07.775532,0 days 00:00:01.883254,56.0,0.009000000000000001,3m,2.5,1.5,1.1,276.0,254.0,0.009000000000000001,2m,2.0,3.5,1.6,890.0,264,0.008,1m,4.0,1.0,0.6,718,,,,,,,,,,,,,,,,,,,,,,,,,,,,,,,,,,,,588.0,0.007,2m,2.5,2.5,0.8,598.0,,,,,,,,0.45,4,COMPLETE
7,7,1.0312615065446118,2025-06-15 00:51:07.872584,2025-06-15 00:51:09.235466,0 days 00:00:01.362882,948.0,0.008,2m,4.0,3.0,1.6,760.0,,,,,,,,952,0.004,3m,2.0,2.5,0.8,652,,,,,,,,,,,,,,,,,,,,,,,,,,,,,,,,,,,,832.0,0.01,3m,3.5,2.5,1.5,514.0,,,,,,,,0.1,3,COMPLETE
8,8,2.285043027275876,2025-06-15 00:51:09.303470,2025-06-15 00:51:12.293303,0 days 00:00:02.989833,150.0,0.002,2m,4.0,3.0,1.4,444.0,142.0,0.007,1m,3.0,3.0,1.7000000000000002,862.0,186,0.009000000000000001,3m,3.0,3.0,1.2000000000000002,68,338.0,0.005,2m,1.5,3.0,1.4,492.0,574.0,0.009000000000000001,4m,2.0,1.5,1.2000000000000002,294.0,,,,,,,,,,,,,,,,,,,,,,172.0,0.001,2m,2.5,4.0,1.8,892.0,370.0,0.006,3m,2.0,3.0,1.2000000000000002,674.0,0.05,7,COMPLETE
9,9,6.665380336486274,2025-06-15 00:51:12.353329,2025-06-15 00:51:16.537243,0 days 00:00:04.183914,1010.0,0.007,3m,4.0,1.5,0.8,766.0,1012.0,0.004,4m,4.0,1.5,0.5,248.0,90,0.004,2m,4.0,1.5,0.9,844,410.0,0.006,4m,1.0,3.5,1.7000000000000002,748.0,64.0,0.007,2m,3.0,1.0,1.9000000000000001,316.0,552.0,0.003,1m,2.0,3.5,0.7,384.0,678.0,0.01,4m,4.0,4.0,2.0,420.0,432.0,0.007,4m,4.0,1.5,0.9,224.0,698.0,0.01,4m,2.5,3.5,0.8,766.0,612.0,0.004,2m,1.0,1.5,1.6,82.0,0.45,10,COMPLETE
10,10,4.262743189067964,2025-06-15 00:51:16.633767,2025-06-15 00:51:21.427173,0 days 00:00:04.793406,550.0,0.004,3m,3.5,1.0,0.7,60.0,642.0,0.003,3m,4.0,1.0,0.5,468.0,26,0.004,2m,3.0,1.0,1.1,1016,98.0,0.01,4m,1.0,4.0,0.7,918.0,348.0,0.01,2m,4.0,1.0,2.0,808.0,998.0,0.002,2m,1.0,4.0,0.6,58.0,910.0,0.01,4m,4.0,4.0,2.0,884.0,430.0,0.007,4m,4.0,1.5,0.9,172.0,526.0,0.005,4m,2.0,1.0,1.0,802.0,852.0,0.001,2m,4.0,1.0,2.0,64.0,0.35000000000000003,10,COMPLETE
11,11,2.6579355154552973,2025-06-15 00:51:21.533688,2025-06-15 00:51:26.145473,0 days 00:00:04.611785,466.0,0.004,3m,3.5,1.0,0.8,26.0,698.0,0.001,3m,4.0,1.0,0.5,504.0,56,0.004,2m,3.0,1.0,1.0,1008,18.0,0.01,4m,1.0,4.0,0.5,926.0,294.0,0.01,2m,4.0,1.0,2.0,856.0,954.0,0.002,2m,1.0,4.0,0.5,54.0,948.0,0.01,4m,4.0,4.0,2.0,1002.0,438.0,0.007,4m,4.0,1.5,0.8,192.0,514.0,0.005,4m,2.0,1.0,1.0,796.0,974.0,0.001,2m,4.0,1.0,2.0,42.0,0.35000000000000003,10,COMPLETE
12,12,-6.265071750534231,2025-06-15 00:51:26.214471,2025-06-15 00:51:30.841290,0 days 00:00:04.626819,664.0,0.004,3m,3.5,1.0,0.5,42.0,398.0,0.003,4m,4.0,1.0,0.5,476.0,44,0.005,2m,3.5,1.0,1.6,1022,286.0,0.007,4m,1.0,3.0,0.5,740.0,266.0,0.009000000000000001,2m,4.0,1.5,2.0,690.0,1024.0,0.004,1m,1.0,4.0,0.9,28.0,852.0,0.01,4m,4.0,4.0,2.0,748.0,422.0,0.007,4m,4.0,1.5,1.0,198.0,572.0,0.002,4m,2.0,1.0,0.5,1014.0,732.0,0.001,2m,4.0,1.5,1.6,80.0,0.4,10,COMPLETE
13,13,-100.0,2025-06-15 00:51:30.946332,2025-06-15 00:51:31.565946,0 days 00:00:00.619614,,,,,,,,,,,,,,,618,0.002,2m,3.0,1.5,1.0,866,,,,,,,,,,,,,,,,,,,,,,,,,,,,,,,,,,,,,,,,,,,,,,,,,,0.4,1,COMPLETE
14,14,-1.5822179400218874,2025-06-15 00:51:31.665463,2025-06-15 00:51:35.264667,0 days 00:00:03.599204,308.0,0.004,3m,3.5,2.0,0.8,716.0,804.0,0.003,3m,3.5,2.0,0.9,358.0,734,0.006,2m,3.5,2.0,1.5,866,32.0,0.001,1m,2.0,4.0,2.0,696.0,632.0,0.007,2m,3.0,1.0,1.7000000000000002,560.0,,,,,,,,,,,,,,,,,,,,,,430.0,0.006,4m,2.0,1.5,1.1,820.0,920.0,0.003,2m,3.0,2.0,1.4,266.0,0.5,7,COMPLETE
15,15,-1.6746991610613768,2025-06-15 00:51:35.361214,2025-06-15 00:51:42.660233,0 days 00:00:07.299019,810.0,0.005,4m,4.0,1.5,0.9,254.0,460.0,0.004,4m,1.0,2.5,0.9,22.0,112,0.003,2m,2.5,2.5,1.0,870,602.0,0.01,4m,4.0,3.0,0.9,136.0,234.0,0.008,2m,2.0,2.0,2.0,714.0,42.0,0.004,2m,2.0,3.0,1.9000000000000001,408.0,,,,,,,,,,,,,,,702.0,0.008,1m,3.0,2.0,0.8,748.0,26.0,0.003,1m,1.0,1.5,2.0,1008.0,0.3,8,COMPLETE
16,16,-0.6310292652415427,2025-06-15 00:51:42.783747,2025-06-15 00:51:48.807667,0 days 00:00:06.023920,486.0,0.006,3m,3.0,1.5,0.7,1002.0,798.0,0.001,3m,3.5,1.0,0.7,646.0,172,0.006,2m,4.0,1.5,0.8,554,354.0,0.005,4m,1.0,2.0,1.6,1020.0,404.0,0.001,2m,3.5,1.0,1.7000000000000002,380.0,658.0,0.003,3m,4.0,3.0,1.0,302.0,584.0,0.008,4m,4.0,4.0,1.6,222.0,782.0,0.008,2m,1.5,2.0,1.0,158.0,366.0,0.005,4m,4.0,3.5,1.2000000000000002,440.0,656.0,0.009000000000000001,2m,3.0,4.0,1.5,288.0,0.4,10,COMPLETE
17,17,-0.2511310857502499,2025-06-15 00:51:48.882700,2025-06-15 00:51:52.551540,0 days 00:00:03.668840,268.0,0.01,3m,3.0,2.0,1.6,184.0,986.0,0.003,4m,3.5,1.5,1.2000000000000002,720.0,30,0.003,2m,3.5,1.0,1.6,926,620.0,0.008,3m,2.0,3.5,0.9,728.0,744.0,0.01,1m,3.5,2.0,0.9,24.0,392.0,0.01,1m,1.5,3.5,0.8,826.0,,,,,,,,,,,,,,,706.0,0.004,4m,1.0,2.0,0.5,660.0,814.0,0.003,2m,3.0,1.0,1.1,274.0,0.25,8,COMPLETE
18,18,-2.054602173972593,2025-06-15 00:51:52.645550,2025-06-15 00:51:56.947678,0 days 00:00:04.302128,668.0,0.001,3m,3.0,1.0,0.5,682.0,594.0,0.007,3m,3.0,2.0,1.1,348.0,458,0.005,1m,2.0,2.5,1.1,808,194.0,0.003,1m,1.5,2.0,1.0,806.0,140.0,0.004,2m,2.5,1.5,1.4,632.0,800.0,0.006,2m,3.0,2.5,1.3,230.0,668.0,0.006,2m,3.0,1.0,1.4,596.0,,,,,,,,676.0,0.008,4m,1.5,1.5,1.0,874.0,536.0,0.004,1m,1.0,2.0,1.7000000000000002,22.0,0.35000000000000003,9,COMPLETE
19,19,2.264869499332986,2025-06-15 00:51:57.023189,2025-06-15 00:51:59.833090,0 days 00:00:02.809901,908.0,0.005,4m,3.5,1.5,0.9,860.0,838.0,0.002,4m,2.5,4.0,0.6,406.0,736,0.007,2m,3.0,1.5,0.7,776,756.0,0.007,2m,3.5,3.5,1.6,498.0,406.0,0.008,2m,4.0,2.5,1.8,824.0,,,,,,,,,,,,,,,,,,,,,,366.0,0.006,1m,3.0,3.5,1.4,1022.0,,,,,,,,0.45,6,COMPLETE
20,20,0.691558390468654,2025-06-15 00:52:01.179919,2025-06-15 00:52:05.487262,0 days 00:00:04.307343,386.0,0.003,3m,4.0,2.5,1.2000000000000002,620.0,346.0,0.005,3m,4.0,2.5,1.0,180.0,174,0.001,2m,4.0,2.0,1.4,572,436.0,0.009000000000000001,4m,1.5,3.5,1.1,610.0,32.0,0.005,2m,1.0,2.0,1.8,1014.0,82.0,0.001,3m,2.0,4.0,0.7,562.0,1022.0,0.007,1m,3.0,3.0,2.0,60.0,,,,,,,,464.0,0.003,4m,2.5,2.0,0.7,330.0,486.0,0.001,3m,3.5,1.5,1.8,186.0,0.35000000000000003,9,COMPLETE
21,21,-100.0,2025-06-15 00:52:05.593780,2025-06-15 00:52:06.200890,0 days 00:00:00.607110,,,,,,,,,,,,,,,360,0.004,3m,3.5,2.0,1.2000000000000002,460,,,,,,,,,,,,,,,,,,,,,,,,,,,,,,,,,,,,,,,,,,,,,,,,,,0.5,1,COMPLETE
22,22,3.8645204627777656,2025-06-15 00:52:06.258401,2025-06-15 00:52:07.215430,0 days 00:00:00.957029,,,,,,,,,,,,,,,130,0.01,3m,3.5,2.0,1.3,448,,,,,,,,,,,,,,,,,,,,,,,,,,,,,,,,,,,,856.0,0.004,3m,1.0,3.5,1.3,390.0,,,,,,,,0.45,2,COMPLETE
23,23,2.158742952618132,2025-06-15 00:52:07.299439,2025-06-15 00:52:08.394791,0 days 00:00:01.095352,,,,,,,,,,,,,,,150,0.003,3m,3.0,3.0,0.9,938,,,,,,,,,,,,,,,,,,,,,,,,,,,,,,,,,,,,1018.0,0.004,3m,1.0,3.5,0.9,294.0,,,,,,,,0.45,2,COMPLETE
24,24,-2.391998697006348,2025-06-15 00:52:08.458308,2025-06-15 00:52:11.282629,0 days 00:00:02.824321,616.0,0.007,3m,2.0,1.0,0.7,146.0,708.0,0.004,2m,3.5,1.5,1.4,764.0,242,0.01,3m,4.0,1.0,1.1,420,178.0,0.006,4m,2.0,2.5,0.8,864.0,226.0,0.007,3m,3.0,1.0,0.5,484.0,,,,,,,,,,,,,,,,,,,,,,774.0,0.003,3m,2.0,3.5,1.2000000000000002,184.0,,,,,,,,0.4,6,COMPLETE
25,25,1.7362129910558175,2025-06-15 00:52:11.362142,2025-06-15 00:52:13.302047,0 days 00:00:01.939905,174.0,0.003,1m,3.5,4.0,1.4,344.0,544.0,0.002,3m,2.0,1.0,0.7,1002.0,104,0.007,3m,3.5,1.5,1.4,214,,,,,,,,,,,,,,,,,,,,,,,,,,,,,,,,,,,,622.0,0.005,3m,1.5,3.5,1.1,450.0,,,,,,,,0.45,4,COMPLETE
26,26,-2.925741683210721,2025-06-15 00:52:13.383559,2025-06-15 00:52:16.539924,0 days 00:00:03.156365,872.0,0.007,2m,3.0,2.5,2.0,870.0,888.0,0.006,4m,3.0,2.5,0.5,578.0,86,0.005,1m,2.5,1.5,1.7000000000000002,624,514.0,0.003,4m,2.5,4.0,0.7,1014.0,1008.0,0.008,1m,2.0,1.5,1.4,384.0,,,,,,,,,,,,,,,,,,,,,,922.0,0.001,4m,2.0,1.5,1.3,674.0,844.0,0.004,2m,2.0,2.5,0.6,422.0,0.35000000000000003,7,COMPLETE
27,27,8.407323239405622,2025-06-15 00:52:16.616445,2025-06-15 00:52:20.676146,0 days 00:00:04.059701,732.0,0.005,4m,4.0,2.0,1.0,810.0,696.0,0.004,4m,4.0,1.5,0.7,304.0,28,0.004,4m,3.5,3.0,1.1,428,150.0,0.001,3m,1.0,1.0,1.5,278.0,706.0,0.01,4m,3.5,2.5,1.9000000000000001,848.0,302.0,0.004,4m,1.0,3.0,1.1,644.0,368.0,0.003,4m,1.0,3.0,0.9,1022.0,,,,,,,,798.0,0.006,3m,2.5,2.5,0.9,574.0,566.0,0.01,2m,2.5,3.5,2.0,854.0,0.3,9,COMPLETE
28,28,10.816186409118913,2025-06-15 00:52:20.755661,2025-06-15 00:52:25.499116,0 days 00:00:04.743455,722.0,0.005,4m,4.0,2.0,1.0,776.0,702.0,0.004,4m,4.0,1.5,0.7,282.0,24,0.002,4m,4.0,3.0,1.1,946,166.0,0.002,3m,1.0,1.0,1.5,232.0,682.0,0.01,4m,3.5,3.0,1.9000000000000001,850.0,286.0,0.004,4m,1.0,3.0,1.1,634.0,336.0,0.003,4m,1.0,3.0,0.8,994.0,52.0,0.003,4m,3.5,4.0,1.8,694.0,764.0,0.009000000000000001,1m,2.5,2.5,0.6,572.0,546.0,0.009000000000000001,2m,1.5,3.5,2.0,918.0,0.25,10,COMPLETE
29,29,9.535511146920756,2025-06-15 00:52:25.588276,2025-06-15 00:52:30.099085,0 days 00:00:04.510809,746.0,0.006,4m,4.0,2.0,1.0,790.0,738.0,0.004,4m,3.5,2.0,0.7,288.0,368,0.002,4m,4.0,3.0,0.9,190,208.0,0.001,3m,1.5,1.0,1.5,214.0,666.0,0.009000000000000001,4m,3.5,3.0,1.9000000000000001,922.0,280.0,0.005,4m,1.5,2.5,1.1,640.0,306.0,0.003,4m,1.0,3.0,0.8,1000.0,,,,,,,,766.0,0.009000000000000001,1m,3.0,2.5,0.6,576.0,526.0,0.01,2m,1.5,3.5,1.8,974.0,0.25,9,COMPLETE
30,30,5.100449544937329,2025-06-15 00:52:30.212118,2025-06-15 00:52:38.228213,0 days 00:00:08.016095,726.0,0.005,4m,4.0,2.0,1.0,928.0,724.0,0.005,4m,3.5,2.0,0.8,322.0,374,0.002,4m,4.0,3.0,0.6,220,214.0,0.001,3m,1.5,1.0,1.4,178.0,732.0,0.009000000000000001,4m,3.5,3.0,1.8,918.0,216.0,0.005,4m,1.5,2.5,1.1,648.0,282.0,0.003,4m,1.0,3.0,0.8,1006.0,,,,,,,,772.0,0.009000000000000001,1m,3.0,2.5,0.6,552.0,406.0,0.01,2m,1.5,3.5,1.9000000000000001,972.0,0.25,9,COMPLETE
31,31,4.043062157656497,2025-06-15 00:52:38.336727,2025-06-15 00:52:43.923818,0 days 00:00:05.587091,834.0,0.006,4m,4.0,2.0,1.0,790.0,740.0,0.004,4m,4.0,1.5,0.7,174.0,224,0.002,4m,4.0,3.5,0.9,142,140.0,0.002,3m,1.0,1.5,1.6,288.0,702.0,0.01,4m,3.0,3.0,1.9000000000000001,768.0,314.0,0.005,4m,1.5,3.0,1.5,682.0,342.0,0.003,4m,1.0,3.0,0.9,1016.0,,,,,,,,778.0,0.009000000000000001,1m,2.5,2.5,0.6,622.0,548.0,0.009000000000000001,2m,1.5,3.5,1.7000000000000002,856.0,0.2,9,COMPLETE
32,32,2.531103859921508,2025-06-15 00:52:44.025336,2025-06-15 00:52:48.836646,0 days 00:00:04.811310,736.0,0.006,4m,4.0,2.5,1.2000000000000002,666.0,880.0,0.004,4m,4.0,2.0,0.7,272.0,286,0.003,4m,4.0,3.5,0.9,354,270.0,0.002,3m,1.5,1.5,1.8,56.0,856.0,0.009000000000000001,4m,3.5,3.0,1.6,904.0,522.0,0.004,4m,1.0,2.0,1.1,688.0,346.0,0.003,4m,1.5,2.5,1.0,462.0,106.0,0.002,1m,3.0,4.0,1.9000000000000001,818.0,642.0,0.01,1m,2.5,2.5,0.8,528.0,612.0,0.01,2m,1.0,3.5,1.8,848.0,0.25,10,COMPLETE
33,33,8.64982957168626,2025-06-15 00:52:48.898646,2025-06-15 00:52:52.835468,0 days 00:00:03.936822,662.0,0.005,4m,4.0,1.5,0.9,766.0,526.0,0.004,4m,3.5,1.5,0.9,112.0,326,0.002,4m,4.0,3.0,1.1,392,388.0,0.001,3m,1.0,1.0,1.5,320.0,524.0,0.007,4m,3.0,2.5,1.8,926.0,250.0,0.007,4m,1.5,3.0,1.2000000000000002,564.0,,,,,,,,,,,,,,,924.0,0.008,1m,3.0,2.0,0.6,722.0,458.0,0.008,2m,1.5,4.0,2.0,858.0,0.3,8,COMPLETE
34,34,6.411867494235656,2025-06-15 00:52:52.934981,2025-06-15 00:52:56.655109,0 days 00:00:03.720128,648.0,0.005,4m,3.5,2.0,1.1,922.0,508.0,0.002,4m,3.5,1.5,1.0,96.0,492,0.001,4m,4.0,3.0,1.2000000000000002,358,256.0,0.001,3m,1.0,1.0,1.4,320.0,524.0,0.009000000000000001,4m,3.5,2.5,1.8,930.0,216.0,0.007,4m,1.5,3.0,1.2000000000000002,608.0,,,,,,,,,,,,,,,934.0,0.008,1m,3.0,2.0,0.6,496.0,234.0,0.008,2m,2.5,4.0,2.0,862.0,0.3,8,COMPLETE
35,35,5.760409139077143,2025-06-15 00:52:56.752612,2025-06-15 00:53:00.474490,0 days 00:00:03.721878,712.0,0.003,4m,4.0,2.5,0.9,804.0,660.0,0.005,4m,3.5,2.0,0.9,128.0,576,0.002,4m,3.5,3.5,1.1,524,120.0,0.002,3m,1.5,1.5,1.2000000000000002,228.0,634.0,0.008,4m,3.5,3.0,1.6,1004.0,222.0,0.008,4m,1.0,2.5,1.5,988.0,,,,,,,,,,,,,,,920.0,0.009000000000000001,1m,3.0,3.0,0.5,708.0,446.0,0.009000000000000001,2m,1.5,3.0,1.9000000000000001,776.0,0.2,8,COMPLETE
36,36,-0.2469257270422025,2025-06-15 00:53:00.583011,2025-06-15 00:53:04.783863,0 days 00:00:04.200852,582.0,0.005,4m,3.5,2.0,1.0,630.0,568.0,0.006,4m,3.0,2.5,0.8,22.0,400,0.002,4m,3.5,4.0,1.4,238,94.0,0.001,3m,1.0,1.0,1.5,414.0,826.0,0.01,4m,2.5,2.5,1.9000000000000001,748.0,312.0,0.006,4m,1.5,2.0,1.2000000000000002,752.0,182.0,0.004,2m,1.5,2.0,0.6,798.0,,,,,,,,1022.0,0.008,1m,3.5,2.0,0.7,636.0,522.0,0.008,3m,2.5,4.0,1.9000000000000001,944.0,0.15000000000000002,9,COMPLETE
37,37,0.8137324831558349,2025-06-15 00:53:04.900380,2025-06-15 00:53:08.281537,0 days 00:00:03.381157,784.0,0.006,4m,2.0,1.5,1.3,728.0,442.0,0.005,2m,3.0,1.5,1.0,198.0,336,0.001,4m,1.0,3.0,1.0,406,342.0,0.004,3m,2.0,1.5,1.3,60.0,514.0,0.009000000000000001,4m,3.0,3.5,1.7000000000000002,896.0,,,,,,,,,,,,,,,,,,,,,,824.0,0.007,1m,4.0,3.0,0.6,458.0,226.0,0.01,1m,2.0,3.5,2.0,730.0,0.3,7,COMPLETE
38,38,8.11943782162123,2025-06-15 00:53:08.370062,2025-06-15 00:53:12.682065,0 days 00:00:04.312003,880.0,0.004,4m,1.0,2.0,1.1,500.0,760.0,0.003,4m,3.5,2.0,0.6,390.0,296,0.003,4m,4.0,2.5,2.0,120,458.0,0.002,3m,1.5,1.0,1.5,238.0,672.0,0.01,4m,4.0,3.0,1.9000000000000001,840.0,134.0,0.008,4m,1.0,3.5,1.0,498.0,446.0,0.001,3m,1.5,3.0,1.1,834.0,,,,,,,,908.0,0.009000000000000001,1m,3.0,2.5,0.7,366.0,312.0,0.008,4m,1.5,3.0,1.8,920.0,0.25,9,COMPLETE
39,39,4.3440773537473065,2025-06-15 00:53:12.755578,2025-06-15 00:53:16.622945,0 days 00:00:03.867367,684.0,0.006,4m,4.0,2.5,0.9,936.0,16.0,0.004,4m,2.5,1.5,0.8,286.0,232,0.001,4m,3.5,3.0,1.3,296,232.0,0.001,3m,1.0,1.5,1.8,394.0,786.0,0.008,4m,3.5,4.0,1.5,656.0,432.0,0.005,4m,2.5,3.0,1.3,788.0,,,,,,,,,,,,,,,750.0,0.007,1m,3.5,2.5,0.9,572.0,716.0,0.009000000000000001,2m,2.0,4.0,1.7000000000000002,810.0,0.15000000000000002,8,COMPLETE
40,40,3.55591652001038,2025-06-15 00:53:16.705971,2025-06-15 00:53:20.870294,0 days 00:00:04.164323,604.0,0.005,4m,1.5,1.5,1.0,550.0,654.0,0.007,4m,4.0,1.5,1.2000000000000002,224.0,656,0.002,4m,4.0,3.5,0.7,18,86.0,0.002,3m,1.5,2.0,1.2000000000000002,124.0,568.0,0.007,4m,2.5,2.5,1.7000000000000002,616.0,264.0,0.007,4m,1.5,2.5,1.7000000000000002,554.0,452.0,0.004,1m,1.0,3.5,0.8,648.0,,,,,,,,972.0,0.008,3m,2.5,2.0,0.9,704.0,452.0,0.01,2m,1.5,3.5,1.9000000000000001,1018.0,0.3,9,COMPLETE
41,41,9.235115150317643,2025-06-15 00:53:20.950803,2025-06-15 00:53:25.131856,0 days 00:00:04.181053,882.0,0.004,4m,1.0,2.0,1.1,422.0,782.0,0.003,4m,3.5,2.0,0.6,398.0,320,0.003,4m,4.0,2.5,2.0,146,478.0,0.002,3m,1.5,1.0,1.5,244.0,656.0,0.01,4m,4.0,3.0,1.9000000000000001,848.0,156.0,0.009000000000000001,4m,1.0,3.5,1.0,472.0,452.0,0.001,3m,1.5,3.0,1.1,898.0,,,,,,,,896.0,0.009000000000000001,1m,3.0,2.5,0.7,378.0,328.0,0.008,4m,1.5,3.0,1.8,920.0,0.25,9,COMPLETE
42,42,1.6471821955332064,2025-06-15 00:53:25.212881,2025-06-15 00:53:30.015411,0 days 00:00:04.802530,942.0,0.003,4m,1.5,2.0,1.2000000000000002,428.0,888.0,0.002,4m,3.5,2.0,0.6,300.0,440,0.003,4m,4.0,3.0,1.2000000000000002,140,668.0,0.003,3m,1.0,1.0,1.5,334.0,478.0,0.01,4m,4.0,3.5,1.8,950.0,154.0,0.01,4m,1.0,3.5,1.0,448.0,232.0,0.002,3m,1.5,3.5,1.2000000000000002,902.0,26.0,0.003,3m,2.5,4.0,1.8,740.0,870.0,0.009000000000000001,1m,3.0,2.5,0.5,594.0,348.0,0.007,4m,1.5,3.0,1.9000000000000001,926.0,0.2,10,COMPLETE
43,43,5.551650901944429,2025-06-15 00:53:30.108676,2025-06-15 00:53:34.618756,0 days 00:00:04.510080,764.0,0.004,4m,2.0,2.0,1.1,820.0,804.0,0.003,1m,4.0,1.5,0.7,460.0,506,0.002,4m,4.0,2.5,1.1,180,542.0,0.001,3m,2.0,1.0,1.7000000000000002,232.0,606.0,0.009000000000000001,4m,3.5,3.0,1.9000000000000001,870.0,172.0,0.009000000000000001,4m,1.0,3.0,1.1,608.0,436.0,0.002,3m,1.0,2.0,0.8,902.0,,,,,,,,834.0,0.01,2m,3.5,3.0,0.7,240.0,534.0,0.009000000000000001,4m,2.5,3.5,1.4,912.0,0.25,9,COMPLETE
44,44,-0.1938777141204616,2025-06-15 00:53:34.698468,2025-06-15 00:53:38.792409,0 days 00:00:04.093941,840.0,0.005,4m,1.0,1.5,1.3,560.0,652.0,0.005,4m,3.0,2.0,0.6,388.0,316,0.004,4m,3.5,2.5,1.8,274,408.0,0.004,3m,1.5,1.0,1.4,436.0,672.0,0.006,4m,3.0,2.5,2.0,972.0,334.0,0.004,4m,1.5,3.5,0.9,708.0,,,,,,,,,,,,,,,956.0,0.009000000000000001,1m,3.0,3.0,0.6,466.0,626.0,0.007,4m,2.0,3.0,1.0,762.0,0.2,8,COMPLETE
