,number,value,datetime_start,datetime_complete,duration,params_ADI_AMZN_beta_win,params_ADI_AMZN_stop_loss,params_ADI_AMZN_trade_freq,params_ADI_AMZN_z_entry,params_ADI_AMZN_z_exit,params_ADI_AMZN_z_stop_scaler,params_ADI_AMZN_z_win,params_AMZN_GOOG_beta_win,params_AMZN_GOOG_stop_loss,params_AMZN_GOOG_trade_freq,params_AMZN_GOOG_z_entry,params_AMZN_GOOG_z_exit,params_AMZN_GOOG_z_stop_scaler,params_AMZN_GOOG_z_win,params_ASML_CPRT_beta_win,params_ASML_CPRT_stop_loss,params_ASML_CPRT_trade_freq,params_ASML_CPRT_z_entry,params_ASML_CPRT_z_exit,params_ASML_CPRT_z_stop_scaler,params_ASML_CPRT_z_win,params_ASML_ROST_beta_win,params_ASML_ROST_stop_loss,params_ASML_ROST_trade_freq,params_ASML_ROST_z_entry,params_ASML_ROST_z_exit,params_ASML_ROST_z_stop_scaler,params_ASML_ROST_z_win,params_ATVI_MCHP_beta_win,params_ATVI_MCHP_stop_loss,params_ATVI_MCHP_trade_freq,params_ATVI_MCHP_z_entry,params_ATVI_MCHP_z_exit,params_ATVI_MCHP_z_stop_scaler,params_ATVI_MCHP_z_win,params_BIIB_CMCSA_beta_win,params_BIIB_CMCSA_stop_loss,params_BIIB_CMCSA_trade_freq,params_BIIB_CMCSA_z_entry,params_BIIB_CMCSA_z_exit,params_BIIB_CMCSA_z_stop_scaler,params_BIIB_CMCSA_z_win,params_CPRT_ROST_beta_win,params_CPRT_ROST_stop_loss,params_CPRT_ROST_trade_freq,params_CPRT_ROST_z_entry,params_CPRT_ROST_z_exit,params_CPRT_ROST_z_stop_scaler,params_CPRT_ROST_z_win,params_FISV_INTC_beta_win,params_FISV_INTC_stop_loss,params_FISV_INTC_trade_freq,params_FISV_INTC_z_entry,params_FISV_INTC_z_exit,params_FISV_INTC_z_stop_scaler,params_FISV_INTC_z_win,params_KDP_MRNA_beta_win,params_KDP_MRNA_stop_loss,params_KDP_MRNA_trade_freq,params_KDP_MRNA_z_entry,params_KDP_MRNA_z_exit,params_KDP_MRNA_z_stop_scaler,params_KDP_MRNA_z_win,params_KDP_TXN_beta_win,params_KDP_TXN_stop_loss,params_KDP_TXN_trade_freq,params_KDP_TXN_z_entry,params_KDP_TXN_z_exit,params_KDP_TXN_z_stop_scaler,params_KDP_TXN_z_win,params_buffer_capital,params_pairs_to_trade,state
0,0,-1.8158364968776963,2025-06-15 00:46:49.206028,2025-06-15 00:46:50.692888,0 days 00:00:01.486860,1000.0,0.002,1m,2.5,2.0,0.6,468.0,,,,,,,,342,0.009000000000000001,3m,3.5,2.0,1.3,502,,,,,,,,,,,,,,,,,,,,,,876.0,0.003,3m,1.0,3.0,1.3,394.0,,,,,,,,,,,,,,,,,,,,,,0.5,3,COMPLETE
1,1,4.869043277967366,2025-06-15 00:46:50.781934,2025-06-15 00:46:52.367564,0 days 00:00:01.585630,984.0,0.006,3m,2.5,3.0,1.0,592.0,,,,,,,,324,0.009000000000000001,2m,4.0,1.5,1.9000000000000001,320,,,,,,,,,,,,,,,,,,,,,,210.0,0.009000000000000001,1m,3.0,3.0,1.9000000000000001,948.0,,,,,,,,,,,,,,,,,,,,,,0.3,3,COMPLETE
2,2,7.950679932601449,2025-06-15 00:46:52.428563,2025-06-15 00:46:56.292649,0 days 00:00:03.864086,572.0,0.008,4m,1.5,3.5,2.0,386.0,,,,,,,,270,0.008,4m,1.0,1.5,0.5,50,76.0,0.001,3m,2.5,2.5,0.6,388.0,652.0,0.001,4m,3.0,1.5,0.5,828.0,670.0,0.006,4m,2.0,2.5,0.8,548.0,978.0,0.007,3m,1.5,4.0,0.7,698.0,920.0,0.003,3m,2.5,1.0,1.3,360.0,110.0,0.003,4m,1.0,4.0,1.6,146.0,34.0,0.005,2m,3.0,3.5,0.8,230.0,0.2,9,COMPLETE
3,3,2.441125392638424,2025-06-15 00:46:56.361172,2025-06-15 00:46:58.729058,0 days 00:00:02.367886,352.0,0.007,2m,1.0,3.5,1.3,856.0,,,,,,,,544,0.009000000000000001,1m,1.5,3.5,1.3,326,,,,,,,,,,,,,,,,,,,,,,844.0,0.01,4m,3.5,4.0,1.9000000000000001,582.0,,,,,,,,434.0,0.006,3m,2.5,3.5,0.7,974.0,960.0,0.01,4m,2.5,1.5,1.3,260.0,0.05,5,COMPLETE
4,4,0.3043773438206746,2025-06-15 00:46:58.808083,2025-06-15 00:47:00.912406,0 days 00:00:02.104323,754.0,0.009000000000000001,1m,2.5,3.0,1.1,992.0,,,,,,,,974,0.009000000000000001,4m,1.5,2.0,1.9000000000000001,702,,,,,,,,,,,,,,,,,,,,,,56.0,0.007,4m,3.5,3.0,1.7000000000000002,226.0,,,,,,,,886.0,0.003,3m,3.5,2.5,1.1,452.0,956.0,0.01,1m,1.5,1.5,1.9000000000000001,592.0,0.2,5,COMPLETE
5,5,4.201920563124165,2025-06-15 00:47:00.987923,2025-06-15 00:47:04.625707,0 days 00:00:03.637784,804.0,0.008,1m,2.5,3.5,0.6,550.0,,,,,,,,430,0.001,4m,2.5,4.0,0.8,278,,,,,,,,370.0,0.007,1m,2.0,1.0,1.4,490.0,304.0,0.007,4m,1.5,1.0,1.8,648.0,218.0,0.004,2m,1.5,3.0,1.6,72.0,974.0,0.008,4m,3.0,4.0,1.8,922.0,32.0,0.006,1m,3.0,3.5,1.5,220.0,604.0,0.006,1m,4.0,2.0,1.9000000000000001,106.0,0.15000000000000002,8,COMPLETE
6,6,3.344636387041508,2025-06-15 00:47:04.705222,2025-06-15 00:47:06.389910,0 days 00:00:01.684688,56.0,0.009000000000000001,3m,2.5,1.5,1.1,276.0,,,,,,,,264,0.008,1m,4.0,1.0,0.6,718,,,,,,,,,,,,,,,,,,,,,,588.0,0.007,2m,2.5,2.5,0.8,598.0,,,,,,,,,,,,,,,254.0,0.009000000000000001,2m,2.0,3.5,1.6,890.0,0.45,4,COMPLETE
7,7,3.851218551204393,2025-06-15 00:47:06.470419,2025-06-15 00:47:07.863202,0 days 00:00:01.392783,948.0,0.008,2m,4.0,3.0,1.6,760.0,,,,,,,,952,0.004,3m,2.0,2.5,0.8,652,,,,,,,,,,,,,,,,,,,,,,832.0,0.01,3m,3.5,2.5,1.5,514.0,,,,,,,,,,,,,,,,,,,,,,0.1,3,COMPLETE
8,8,0.6040757714528197,2025-06-15 00:47:07.956709,2025-06-15 00:47:10.998194,0 days 00:00:03.041485,150.0,0.002,2m,4.0,3.0,1.4,444.0,,,,,,,,186,0.009000000000000001,3m,3.0,3.0,1.2000000000000002,68,,,,,,,,,,,,,,,370.0,0.006,3m,2.0,3.0,1.2000000000000002,674.0,172.0,0.001,2m,2.5,4.0,1.8,892.0,338.0,0.005,2m,1.5,3.0,1.4,492.0,574.0,0.009000000000000001,4m,2.0,1.5,1.2000000000000002,294.0,142.0,0.007,1m,3.0,3.0,1.7000000000000002,862.0,0.05,7,COMPLETE
9,9,-3.820115530869094,2025-06-15 00:47:11.068713,2025-06-15 00:47:15.421524,0 days 00:00:04.352811,1010.0,0.007,3m,4.0,1.5,0.8,766.0,432.0,0.007,4m,4.0,1.5,0.9,224.0,90,0.004,2m,4.0,1.5,0.9,844,678.0,0.01,4m,4.0,4.0,2.0,420.0,552.0,0.003,1m,2.0,3.5,0.7,384.0,612.0,0.004,2m,1.0,1.5,1.6,82.0,698.0,0.01,4m,2.5,3.5,0.8,766.0,410.0,0.006,4m,1.0,3.5,1.7000000000000002,748.0,64.0,0.007,2m,3.0,1.0,1.9000000000000001,316.0,1012.0,0.004,4m,4.0,1.5,0.5,248.0,0.45,10,COMPLETE
10,10,-3.0117990259544345,2025-06-15 00:47:15.498585,2025-06-15 00:47:20.092219,0 days 00:00:04.593634,542.0,0.004,4m,1.0,4.0,2.0,56.0,990.0,0.001,1m,1.0,4.0,2.0,1012.0,640,0.006,4m,1.0,1.0,0.5,52,142.0,0.001,3m,1.5,1.5,0.5,52.0,1008.0,0.001,4m,4.0,1.5,0.5,1022.0,852.0,0.01,4m,4.0,4.0,0.5,1006.0,990.0,0.006,3m,1.5,1.0,0.5,746.0,982.0,0.001,3m,4.0,1.0,0.7,148.0,340.0,0.001,4m,1.0,4.0,2.0,24.0,454.0,0.003,3m,3.0,4.0,0.6,498.0,0.3,10,COMPLETE
11,11,-100.0,2025-06-15 00:47:20.177259,2025-06-15 00:47:20.794383,0 days 00:00:00.617124,,,,,,,,,,,,,,,706,0.007,2m,3.0,1.5,2.0,272,,,,,,,,,,,,,,,,,,,,,,,,,,,,,,,,,,,,,,,,,,,,,,,,,,0.3,1,COMPLETE
12,12,-2.691325896197324,2025-06-15 00:47:20.869900,2025-06-15 00:47:21.459538,0 days 00:00:00.589638,,,,,,,,,,,,,,,38,0.01,2m,1.0,2.0,1.7000000000000002,182,,,,,,,,,,,,,,,,,,,,,,,,,,,,,,,,,,,,,,,,,,,,,,,,,,0.25,1,COMPLETE
13,13,3.0323136246017124,2025-06-15 00:47:21.546049,2025-06-15 00:47:24.795728,0 days 00:00:03.249679,524.0,0.005,4m,1.5,2.5,2.0,276.0,,,,,,,,384,0.007,4m,2.0,1.5,1.6,432,,,,,,,,,,,,,,,970.0,0.001,1m,3.0,2.5,0.7,248.0,380.0,0.008,1m,2.0,1.5,1.0,964.0,702.0,0.001,1m,2.5,1.0,0.9,244.0,230.0,0.003,4m,1.0,2.5,1.6,746.0,34.0,0.001,2m,1.0,3.0,0.9,48.0,0.4,7,COMPLETE
14,14,3.9467204612533555,2025-06-15 00:47:24.869253,2025-06-15 00:47:28.653275,0 days 00:00:03.784022,726.0,0.006,3m,1.5,4.0,1.7000000000000002,620.0,,,,,,,,174,0.005,2m,3.0,2.5,1.6,138,,,,,,,,768.0,0.01,4m,3.5,2.5,1.8,922.0,50.0,0.009000000000000001,4m,3.0,2.5,1.0,408.0,424.0,0.008,1m,4.0,2.0,2.0,1004.0,16.0,0.004,3m,2.5,2.0,1.2000000000000002,448.0,784.0,0.003,2m,1.5,4.0,0.5,72.0,404.0,0.004,2m,3.0,4.0,1.0,496.0,0.35000000000000003,8,COMPLETE
15,15,-3.02170100273008,2025-06-15 00:47:28.740784,2025-06-15 00:47:30.366817,0 days 00:00:01.626033,268.0,0.01,4m,2.0,2.5,0.9,286.0,,,,,,,,526,0.007,4m,3.5,1.0,1.1,400,,,,,,,,,,,,,,,,,,,,,,302.0,0.005,1m,3.0,3.5,1.2000000000000002,780.0,,,,,,,,,,,,,,,,,,,,,,0.2,3,COMPLETE
16,16,-1.6291897874156704,2025-06-15 00:47:30.471350,2025-06-15 00:47:33.181620,0 days 00:00:02.710270,606.0,0.004,3m,3.5,3.5,1.7000000000000002,70.0,,,,,,,,284,0.01,2m,2.5,1.5,1.8,24,,,,,,,,,,,,,,,,,,,,,,572.0,0.008,1m,1.0,3.5,0.5,844.0,676.0,0.01,3m,3.5,2.0,1.2000000000000002,326.0,586.0,0.001,1m,4.0,3.0,1.5,650.0,722.0,0.007,3m,3.5,2.5,0.9,292.0,0.25,6,COMPLETE
17,17,1.309307859746129,2025-06-15 00:47:33.273143,2025-06-15 00:47:37.747978,0 days 00:00:04.474835,370.0,0.006,4m,3.0,2.0,0.9,378.0,,,,,,,,758,0.008,1m,2.0,3.0,1.5,960,32.0,0.001,3m,3.0,3.0,0.6,880.0,46.0,0.004,2m,1.0,2.0,1.0,70.0,656.0,0.003,3m,2.5,3.5,0.9,928.0,66.0,0.009000000000000001,3m,2.0,4.0,1.4,374.0,726.0,0.003,2m,2.0,2.0,0.5,46.0,230.0,0.01,4m,2.0,2.0,0.9,488.0,306.0,0.001,2m,2.0,3.0,1.3,674.0,0.35000000000000003,9,COMPLETE
18,18,-1.0924250704643994,2025-06-15 00:47:37.812006,2025-06-15 00:47:38.756994,0 days 00:00:00.944988,,,,,,,,,,,,,,,174,0.002,2m,3.5,2.0,1.0,172,,,,,,,,,,,,,,,,,,,,,,708.0,0.006,3m,3.0,2.0,1.1,652.0,,,,,,,,,,,,,,,,,,,,,,0.15000000000000002,2,COMPLETE
19,19,-0.5195998788300847,2025-06-15 00:47:38.833018,2025-06-15 00:47:41.017992,0 days 00:00:02.184974,866.0,0.004,4m,2.0,3.5,1.5,678.0,,,,,,,,438,0.006,4m,1.5,1.0,0.7,586,,,,,,,,,,,,,,,,,,,,,,1018.0,0.009000000000000001,1m,2.0,3.5,0.7,894.0,,,,,,,,,,,,,,,24.0,0.003,2m,2.5,3.5,0.7,358.0,0.2,4,COMPLETE
20,20,2.1376614013230952,2025-06-15 00:47:41.093503,2025-06-15 00:47:43.745099,0 days 00:00:02.651596,644.0,0.007,3m,1.5,1.0,1.1,174.0,,,,,,,,270,0.008,4m,4.0,3.0,1.4,370,,,,,,,,,,,,,,,,,,,,,,478.0,0.005,3m,1.5,2.5,1.0,706.0,162.0,0.007,1m,3.0,1.0,2.0,738.0,694.0,0.004,4m,1.5,3.0,1.8,998.0,700.0,0.008,3m,3.5,1.0,1.1,1008.0,0.35000000000000003,6,COMPLETE
21,21,4.590662366687448,2025-06-15 00:47:43.858128,2025-06-15 00:47:47.682738,0 days 00:00:03.824610,824.0,0.008,1m,3.0,3.5,0.5,560.0,,,,,,,,438,0.001,4m,2.5,4.0,0.5,278,,,,,,,,290.0,0.008,1m,2.5,1.0,1.5,570.0,348.0,0.007,4m,1.5,1.0,2.0,652.0,290.0,0.003,2m,1.5,3.0,1.6,92.0,1010.0,0.009000000000000001,4m,3.0,4.0,1.7000000000000002,988.0,22.0,0.005,1m,3.0,3.5,1.5,206.0,630.0,0.006,1m,4.0,2.0,2.0,40.0,0.15000000000000002,8,COMPLETE
22,22,3.5078484047183216,2025-06-15 00:47:47.760739,2025-06-15 00:47:52.242662,0 days 00:00:04.481923,896.0,0.01,1m,3.0,3.0,0.5,554.0,,,,,,,,476,0.003,4m,2.5,4.0,0.6,230,968.0,0.005,1m,2.0,2.0,1.2000000000000002,376.0,302.0,0.008,3m,3.0,1.0,1.5,764.0,420.0,0.007,4m,1.5,1.5,1.5,528.0,278.0,0.002,2m,1.0,3.0,2.0,20.0,1024.0,0.01,4m,3.0,4.0,1.6,998.0,168.0,0.005,1m,3.0,4.0,1.4,170.0,562.0,0.005,1m,3.5,2.5,1.5,138.0,0.15000000000000002,9,COMPLETE
23,23,-3.6544786750983955,2025-06-15 00:47:52.336385,2025-06-15 00:47:56.171906,0 days 00:00:03.835521,830.0,0.008,1m,3.0,4.0,0.8,404.0,,,,,,,,620,0.001,4m,1.0,3.5,0.5,504,,,,,,,,620.0,0.007,4m,2.5,1.5,2.0,692.0,184.0,0.008,4m,2.0,2.0,2.0,774.0,166.0,0.003,2m,3.0,2.0,1.7000000000000002,418.0,842.0,0.003,3m,2.0,3.0,1.4,668.0,382.0,0.008,1m,4.0,3.5,1.7000000000000002,370.0,822.0,0.006,1m,4.0,2.0,2.0,44.0,0.1,8,COMPLETE
24,24,0.263440401688042,2025-06-15 00:47:56.260420,2025-06-15 00:48:00.551955,0 days 00:00:04.291535,700.0,0.005,3m,3.5,3.5,1.8,650.0,,,,,,,,330,0.003,4m,2.5,3.5,0.7,120,388.0,0.005,2m,3.0,3.0,1.1,810.0,208.0,0.001,1m,3.0,4.0,1.1,686.0,760.0,0.005,1m,1.0,1.0,1.3,438.0,322.0,0.007,2m,1.5,3.5,1.5,200.0,852.0,0.008,4m,4.0,2.5,2.0,362.0,102.0,0.004,1m,2.5,3.0,1.3,138.0,346.0,0.005,4m,3.5,2.0,0.8,204.0,0.25,9,COMPLETE
25,25,1.4917875419419264,2025-06-15 00:48:00.663474,2025-06-15 00:48:03.901734,0 days 00:00:03.238260,462.0,0.009000000000000001,4m,2.0,3.0,1.2000000000000002,536.0,,,,,,,,216,0.005,2m,3.5,2.5,1.0,234,,,,,,,,,,,,,,,530.0,0.006,2m,2.0,2.0,2.0,798.0,158.0,0.004,1m,2.0,2.5,1.7000000000000002,266.0,570.0,0.003,3m,2.0,1.5,1.0,620.0,18.0,0.002,3m,3.5,3.5,1.1,632.0,232.0,0.007,1m,3.0,3.5,1.1,392.0,0.2,7,COMPLETE
26,26,4.666376187975583,2025-06-15 00:48:03.991250,2025-06-15 00:48:08.776994,0 days 00:00:04.785744,904.0,0.007,1m,3.5,4.0,0.7,354.0,26.0,0.01,2m,2.5,3.5,0.5,22.0,378,0.01,3m,1.5,1.5,0.5,326,414.0,0.003,3m,1.0,1.0,1.9000000000000001,118.0,770.0,0.01,3m,2.5,2.0,1.6,352.0,242.0,0.004,4m,1.5,3.0,0.8,566.0,408.0,0.001,2m,1.5,4.0,1.9000000000000001,536.0,824.0,0.005,4m,3.5,3.0,1.5,876.0,1002.0,0.005,2m,2.0,4.0,1.7000000000000002,256.0,816.0,0.003,2m,2.0,1.0,1.4,158.0,0.1,10,COMPLETE
27,27,5.761800002015147,2025-06-15 00:48:08.852012,2025-06-15 00:48:13.465109,0 days 00:00:04.613097,920.0,0.006,3m,3.5,4.0,0.9,358.0,16.0,0.01,2m,2.5,3.5,0.5,100.0,96,0.01,3m,1.5,1.5,0.7,434,408.0,0.003,3m,1.0,1.0,1.8,44.0,802.0,0.01,3m,1.5,2.5,0.8,226.0,20.0,0.002,4m,2.5,3.0,0.5,292.0,502.0,0.001,1m,3.0,4.0,1.9000000000000001,506.0,836.0,0.005,1m,3.5,3.0,1.4,848.0,970.0,0.007,2m,1.5,4.0,1.7000000000000002,376.0,484.0,0.002,2m,2.0,1.0,1.4,400.0,0.1,10,COMPLETE
28,28,2.906282428426631,2025-06-15 00:48:13.591129,2025-06-15 00:48:21.547430,0 days 00:00:07.956301,1024.0,0.006,3m,2.0,4.0,1.0,214.0,,,,,,,,108,0.01,3m,1.0,2.0,0.7,464,244.0,0.003,3m,2.5,2.5,1.5,254.0,948.0,0.004,3m,1.5,3.0,0.8,90.0,20.0,0.001,4m,3.0,3.0,0.5,264.0,714.0,0.009000000000000001,1m,3.0,4.0,1.9000000000000001,472.0,564.0,0.002,1m,3.5,2.5,1.0,824.0,1012.0,0.007,2m,1.5,2.0,2.0,398.0,480.0,0.002,2m,1.5,4.0,1.2000000000000002,420.0,0.3,9,COMPLETE
29,29,0.38499068734036956,2025-06-15 00:48:21.667951,2025-06-15 00:48:25.072129,0 days 00:00:03.404178,612.0,0.003,3m,1.5,2.5,1.3,160.0,,,,,,,,54,0.008,3m,1.5,2.0,1.2000000000000002,586,,,,,,,,,,,,,,,,,,,,,,606.0,0.006,1m,4.0,3.5,0.7,654.0,,,,,,,,,,,,,,,146.0,0.002,2m,1.0,2.5,1.7000000000000002,684.0,0.5,4,COMPLETE
30,30,-4.5062539199530285,2025-06-15 00:48:25.176643,2025-06-15 00:48:26.378322,0 days 00:00:01.201679,,,,,,,,,,,,,,,126,0.009000000000000001,3m,2.0,1.5,0.9,556,,,,,,,,,,,,,,,,,,,,,,940.0,0.008,1m,3.5,4.0,1.3,846.0,,,,,,,,,,,,,,,,,,,,,,0.05,2,COMPLETE
31,31,3.910916961558254,2025-06-15 00:48:26.445832,2025-06-15 00:48:31.277020,0 days 00:00:04.831188,926.0,0.007,3m,3.5,4.0,0.7,364.0,32.0,0.01,2m,2.5,3.5,0.5,38.0,350,0.01,3m,1.5,1.5,0.6,342,540.0,0.003,3m,1.0,1.0,2.0,24.0,756.0,0.01,3m,1.0,2.5,0.5,272.0,184.0,0.003,4m,2.5,3.0,0.8,506.0,500.0,0.001,1m,3.0,4.0,1.9000000000000001,528.0,846.0,0.005,1m,3.5,3.0,1.4,854.0,1000.0,0.007,2m,2.0,4.0,1.7000000000000002,294.0,784.0,0.003,2m,2.0,1.0,1.5,186.0,0.1,10,COMPLETE
32,32,1.887103826261552,2025-06-15 00:48:31.361040,2025-06-15 00:48:36.130313,0 days 00:00:04.769273,932.0,0.005,3m,3.5,4.0,0.9,318.0,44.0,0.01,2m,2.5,3.0,0.5,46.0,314,0.009000000000000001,3m,1.0,1.0,0.5,458,358.0,0.003,3m,1.0,1.0,1.6,182.0,784.0,0.01,3m,3.0,2.0,0.8,252.0,184.0,0.003,4m,2.0,3.5,0.7,298.0,426.0,0.002,3m,1.0,4.0,1.8,366.0,796.0,0.006,1m,4.0,3.5,1.5,602.0,800.0,0.004,2m,1.0,4.0,1.7000000000000002,570.0,844.0,0.004,2m,1.5,1.0,1.4,324.0,0.1,10,COMPLETE
33,33,2.895641826007623,2025-06-15 00:48:36.225824,2025-06-15 00:48:40.942606,0 days 00:00:04.716782,766.0,0.006,1m,3.5,3.5,0.7,492.0,334.0,0.007,2m,3.0,2.5,1.1,414.0,236,0.009000000000000001,3m,1.5,1.5,0.8,312,604.0,0.002,3m,1.5,1.5,1.6,662.0,660.0,0.009000000000000001,3m,2.0,2.0,1.7000000000000002,254.0,110.0,0.002,4m,2.5,3.5,1.1,108.0,378.0,0.002,3m,2.5,3.5,2.0,572.0,868.0,0.004,2m,3.5,3.5,1.3,854.0,906.0,0.008,2m,1.5,4.0,1.8,136.0,888.0,0.002,2m,2.5,1.0,1.4,432.0,0.05,10,COMPLETE
34,34,-1.250621604411154,2025-06-15 00:48:41.030118,2025-06-15 00:48:45.194461,0 days 00:00:04.164343,946.0,0.007,4m,3.0,4.0,0.7,450.0,,,,,,,,372,0.01,1m,1.5,2.0,2.0,378,340.0,0.007,3m,1.0,1.0,0.9,222.0,894.0,0.006,2m,3.5,3.0,1.0,402.0,534.0,0.005,3m,3.5,2.5,0.6,376.0,660.0,0.001,4m,2.5,4.0,1.8,422.0,636.0,0.004,1m,2.5,3.0,1.1,406.0,908.0,0.005,2m,2.0,3.0,1.6,260.0,676.0,0.003,2m,2.0,1.5,1.2000000000000002,162.0,0.15000000000000002,9,COMPLETE
35,35,3.752711715044924,2025-06-15 00:48:45.280469,2025-06-15 00:48:47.679101,0 days 00:00:02.398632,878.0,0.006,1m,4.0,3.5,1.0,376.0,,,,,,,,20,0.01,3m,1.0,1.0,0.6,96,,,,,,,,,,,,,,,,,,,,,,800.0,0.004,4m,3.5,4.0,1.9000000000000001,650.0,,,,,,,,694.0,0.002,2m,1.0,3.5,1.3,382.0,120.0,0.004,2m,2.5,1.0,1.7000000000000002,602.0,0.1,5,COMPLETE
36,36,0.08726404386647087,2025-06-15 00:48:47.760611,2025-06-15 00:48:52.414898,0 days 00:00:04.654287,980.0,0.001,2m,1.0,3.0,0.8,468.0,22.0,0.01,3m,1.5,4.0,0.7,662.0,148,0.008,3m,1.5,1.5,1.4,680,762.0,0.004,4m,2.0,4.0,1.8,536.0,482.0,0.009000000000000001,4m,1.5,1.5,0.6,178.0,260.0,0.004,1m,1.5,3.0,0.9,566.0,512.0,0.002,1m,2.0,3.0,1.6,298.0,906.0,0.005,3m,3.0,2.5,1.5,520.0,826.0,0.006,4m,1.5,4.0,1.9000000000000001,102.0,548.0,0.001,2m,1.5,1.5,1.1,336.0,0.25,10,COMPLETE
37,37,3.7441784045163433,2025-06-15 00:48:52.505412,2025-06-15 00:48:56.322289,0 days 00:00:03.816877,374.0,0.007,3m,3.0,3.5,1.2000000000000002,332.0,,,,,,,,228,0.009000000000000001,1m,2.0,2.0,0.7,214,,,,,,,,842.0,0.003,3m,3.5,2.0,1.2000000000000002,410.0,758.0,0.004,4m,2.0,2.0,0.7,176.0,88.0,0.007,2m,3.0,3.5,1.7000000000000002,496.0,766.0,0.007,4m,3.5,1.5,1.8,274.0,684.0,0.008,2m,2.5,3.5,1.8,26.0,418.0,0.005,4m,2.5,1.5,1.3,244.0,0.2,8,COMPLETE
38,38,4.683566865019282,2025-06-15 00:48:56.410810,2025-06-15 00:48:58.890061,0 days 00:00:02.479251,678.0,0.005,1m,2.5,4.0,1.0,204.0,,,,,,,,398,0.009000000000000001,3m,1.5,2.5,0.9,742,,,,,,,,,,,,,,,,,,,,,,228.0,0.001,3m,1.0,3.0,1.4,582.0,,,,,,,,464.0,0.004,2m,1.0,4.0,1.4,808.0,920.0,0.002,2m,2.0,3.0,1.4,266.0,0.05,5,COMPLETE
39,39,0.11935810920044064,2025-06-15 00:48:58.964571,2025-06-15 00:49:01.413815,0 days 00:00:02.449244,654.0,0.003,2m,2.5,3.0,1.0,222.0,,,,,,,,564,0.008,3m,1.0,2.5,0.9,762,,,,,,,,,,,,,,,,,,,,,,230.0,0.01,3m,1.0,3.0,1.4,594.0,,,,,,,,296.0,0.002,4m,1.0,3.0,1.4,818.0,916.0,0.002,3m,2.0,3.0,1.6,554.0,0.05,5,COMPLETE
40,40,6.810929655385575,2025-06-15 00:49:01.511360,2025-06-15 00:49:04.394184,0 days 00:00:02.882824,416.0,0.005,1m,2.5,3.5,1.4,998.0,,,,,,,,860,0.007,2m,2.0,3.0,0.8,828,,,,,,,,,,,,,,,,,,,,,,766.0,0.004,3m,1.0,3.0,1.1,710.0,458.0,0.002,3m,1.5,1.5,0.8,210.0,476.0,0.004,3m,1.0,3.5,0.8,930.0,1016.0,0.01,4m,2.5,3.5,1.8,274.0,0.05,6,COMPLETE
41,41,2.50703681334917,2025-06-15 00:49:04.482701,2025-06-15 00:49:07.495971,0 days 00:00:03.013270,446.0,0.005,1m,2.5,3.5,1.4,1002.0,,,,,,,,930,0.007,2m,2.0,3.0,0.8,816,,,,,,,,,,,,,,,,,,,,,,776.0,0.004,3m,1.0,3.0,0.9,698.0,442.0,0.002,3m,1.0,1.5,0.8,154.0,464.0,0.004,3m,1.0,3.5,0.9,912.0,900.0,0.009000000000000001,4m,2.5,3.5,1.8,268.0,0.05,6,COMPLETE
42,42,0.34986561472979205,2025-06-15 00:49:07.596993,2025-06-15 00:49:09.061444,0 days 00:00:01.464451,432.0,0.005,1m,2.5,3.5,1.1,920.0,,,,,,,,870,0.009000000000000001,2m,1.5,2.5,1.0,932,,,,,,,,,,,,,,,,,,,,,,910.0,0.003,3m,1.0,2.5,1.2000000000000002,838.0,,,,,,,,,,,,,,,,,,,,,,0.05,3,COMPLETE
43,43,1.1736016707600672,2025-06-15 00:49:09.155956,2025-06-15 00:49:11.311911,0 days 00:00:02.155955,246.0,0.004,1m,2.0,4.0,1.9000000000000001,858.0,,,,,,,,484,0.006,2m,2.0,3.0,1.1,896,,,,,,,,,,,,,,,,,,,,,,856.0,0.001,3m,1.0,3.0,0.6,934.0,,,,,,,,,,,,,,,992.0,0.01,4m,3.0,3.5,1.8,436.0,0.1,4,COMPLETE
44,44,-1.9674136826118904,2025-06-15 00:49:11.405932,2025-06-15 00:49:12.581644,0 days 00:00:01.175712,,,,,,,,,,,,,,,1024,0.008,2m,2.0,2.5,0.8,754,,,,,,,,,,,,,,,,,,,,,,916.0,0.005,3m,3.5,2.5,1.1,1024.0,,,,,,,,,,,,,,,,,,,,,,0.05,2,COMPLETE
45,45,9.030102157156497,2025-06-15 00:49:12.646161,2025-06-15 00:49:16.044903,0 days 00:00:03.398742,578.0,0.003,1m,2.5,3.0,1.3,112.0,,,,,,,,824,0.007,2m,4.0,3.5,0.9,630,,,,,,,,,,,,,,,984.0,0.002,2m,3.5,4.0,1.4,324.0,102.0,0.002,3m,2.5,3.5,0.9,788.0,272.0,0.002,3m,1.5,1.5,0.5,208.0,452.0,0.003,3m,1.0,4.0,0.6,796.0,978.0,0.008,4m,2.0,3.0,1.5,92.0,0.3,7,COMPLETE
46,46,5.350081165349363,2025-06-15 00:49:16.105415,2025-06-15 00:49:19.534256,0 days 00:00:03.428841,570.0,0.003,3m,2.5,3.0,1.4,120.0,,,,,,,,856,0.007,2m,4.0,3.5,1.8,654,,,,,,,,,,,,,,,1022.0,0.002,2m,4.0,4.0,1.4,352.0,22.0,0.002,3m,2.5,3.5,1.0,796.0,286.0,0.002,3m,1.5,1.5,0.5,192.0,564.0,0.003,3m,1.5,3.5,0.5,918.0,1016.0,0.01,4m,1.5,3.5,1.5,94.0,0.3,7,COMPLETE
47,47,7.13906962561807,2025-06-15 00:49:19.637765,2025-06-15 00:49:23.139437,0 days 00:00:03.501672,576.0,0.003,4m,2.5,3.0,1.5,98.0,,,,,,,,808,0.007,2m,4.0,3.5,0.7,632,,,,,,,,,,,,,,,1014.0,0.002,2m,4.0,4.0,1.4,342.0,36.0,0.002,3m,2.5,3.5,0.9,790.0,178.0,0.002,3m,1.5,1.5,0.5,186.0,538.0,0.003,3m,1.5,3.5,0.5,908.0,1022.0,0.01,4m,1.5,3.5,1.6,102.0,0.4,7,COMPLETE
