,number,value,datetime_start,datetime_complete,duration,params_ADSK_DOCU_beta_win,params_ADSK_DOCU_stop_loss,params_ADSK_DOCU_trade_freq,params_ADSK_DOCU_z_entry,params_ADSK_DOCU_z_exit,params_ADSK_DOCU_z_stop_scaler,params_ADSK_DOCU_z_win,params_ALGN_DOCU_beta_win,params_ALGN_DOCU_stop_loss,params_ALGN_DOCU_trade_freq,params_ALGN_DOCU_z_entry,params_ALGN_DOCU_z_exit,params_ALGN_DOCU_z_stop_scaler,params_ALGN_DOCU_z_win,params_AMAT_DOCU_beta_win,params_AMAT_DOCU_stop_loss,params_AMAT_DOCU_trade_freq,params_AMAT_DOCU_z_entry,params_AMAT_DOCU_z_exit,params_AMAT_DOCU_z_stop_scaler,params_AMAT_DOCU_z_win,params_ANSS_DOCU_beta_win,params_ANSS_DOCU_stop_loss,params_ANSS_DOCU_trade_freq,params_ANSS_DOCU_z_entry,params_ANSS_DOCU_z_exit,params_ANSS_DOCU_z_stop_scaler,params_ANSS_DOCU_z_win,params_ASML_DOCU_beta_win,params_ASML_DOCU_stop_loss,params_ASML_DOCU_trade_freq,params_ASML_DOCU_z_entry,params_ASML_DOCU_z_exit,params_ASML_DOCU_z_stop_scaler,params_ASML_DOCU_z_win,params_BIIB_DOCU_beta_win,params_BIIB_DOCU_stop_loss,params_BIIB_DOCU_trade_freq,params_BIIB_DOCU_z_entry,params_BIIB_DOCU_z_exit,params_BIIB_DOCU_z_stop_scaler,params_BIIB_DOCU_z_win,params_CPRT_DOCU_beta_win,params_CPRT_DOCU_stop_loss,params_CPRT_DOCU_trade_freq,params_CPRT_DOCU_z_entry,params_CPRT_DOCU_z_exit,params_CPRT_DOCU_z_stop_scaler,params_CPRT_DOCU_z_win,params_EBAY_DOCU_beta_win,params_EBAY_DOCU_stop_loss,params_EBAY_DOCU_trade_freq,params_EBAY_DOCU_z_entry,params_EBAY_DOCU_z_exit,params_EBAY_DOCU_z_stop_scaler,params_EBAY_DOCU_z_win,params_MTCH_DOCU_beta_win,params_MTCH_DOCU_stop_loss,params_MTCH_DOCU_trade_freq,params_MTCH_DOCU_z_entry,params_MTCH_DOCU_z_exit,params_MTCH_DOCU_z_stop_scaler,params_MTCH_DOCU_z_win,params_SBUX_DOCU_beta_win,params_SBUX_DOCU_stop_loss,params_SBUX_DOCU_trade_freq,params_SBUX_DOCU_z_entry,params_SBUX_DOCU_z_exit,params_SBUX_DOCU_z_stop_scaler,params_SBUX_DOCU_z_win,params_buffer_capital,params_pairs_to_trade,state
56,56,2.619581357703855,2025-06-15 00:54:47.118982,2025-06-15 00:54:50.779850,0 days 00:00:03.660868,270,0.005,4m,2.0,2.5,0.6,370,132.0,0.007,3m,4.0,3.5,1.7000000000000002,478.0,620.0,0.009000000000000001,2m,1.0,2.5,1.8,452.0,542.0,0.006,1m,4.0,3.0,2.0,432.0,742.0,0.006,3m,2.5,3.5,1.2000000000000002,424.0,,,,,,,,,,,,,,,,,,,,,,390.0,0.001,2m,1.5,3.5,1.5,556.0,704.0,0.008,1m,1.5,2.5,1.0,752.0,0.2,7,COMPLETE
57,57,-1.6965564138468696,2025-06-15 00:54:50.863361,2025-06-15 00:54:52.104531,0 days 00:00:01.241170,208,0.001,4m,4.0,3.5,0.5,604,,,,,,,,,,,,,,,,,,,,,,,,,,,,,,,,,,,,,,,,,,,,,,,,,,144.0,0.006,2m,2.5,3.0,1.9000000000000001,622.0,,,,,,,,0.15000000000000002,2,COMPLETE
58,58,3.247001439356142,2025-06-15 00:54:52.178040,2025-06-15 00:54:57.059212,0 days 00:00:04.881172,54,0.004,1m,1.0,2.0,1.6,544,260.0,0.003,4m,2.5,4.0,1.4,252.0,232.0,0.005,3m,2.5,1.5,1.7000000000000002,760.0,454.0,0.01,4m,3.0,1.0,1.3,224.0,582.0,0.002,4m,4.0,2.5,1.8,564.0,752.0,0.003,4m,3.5,3.0,0.5,862.0,992.0,0.007,1m,3.5,3.5,1.5,654.0,,,,,,,,842.0,0.005,1m,2.0,4.0,1.7000000000000002,16.0,476.0,0.009000000000000001,1m,1.0,3.0,0.8,250.0,0.05,9,COMPLETE
59,59,1.8590522702794285,2025-06-15 00:54:57.117721,2025-06-15 00:55:01.472143,0 days 00:00:04.354422,400,0.003,4m,1.5,1.5,0.7,66,568.0,0.008,1m,3.5,3.5,1.2000000000000002,70.0,464.0,0.003,4m,1.5,2.5,0.7,256.0,312.0,0.009000000000000001,1m,2.5,2.5,1.5,264.0,918.0,0.009000000000000001,2m,3.5,3.5,1.3,654.0,448.0,0.005,3m,2.5,1.5,1.1,324.0,,,,,,,,,,,,,,,546.0,0.003,3m,1.5,2.0,1.8,504.0,762.0,0.01,1m,2.5,3.5,0.7,346.0,0.25,8,COMPLETE
60,60,1.7247653496665736,2025-06-15 00:55:01.571653,2025-06-15 00:55:04.179971,0 days 00:00:02.608318,470,0.007,2m,1.0,1.0,1.8,178,108.0,0.005,4m,2.0,4.0,1.6,200.0,,,,,,,,840.0,0.004,4m,3.5,1.5,0.9,576.0,,,,,,,,,,,,,,,,,,,,,,,,,,,,,470.0,0.007,2m,3.5,2.5,1.5,782.0,812.0,0.007,3m,3.5,3.0,1.1,546.0,0.1,5,COMPLETE
61,61,3.2812557243600144,2025-06-15 00:55:04.266487,2025-06-15 00:55:09.562483,0 days 00:00:05.295996,560,0.001,4m,2.5,4.0,1.0,22,34.0,0.006,1m,3.0,3.5,1.4,226.0,250.0,0.007,4m,1.5,1.0,1.8,546.0,572.0,0.006,1m,4.0,2.0,1.9000000000000001,110.0,1008.0,0.009000000000000001,4m,3.0,4.0,1.8,896.0,244.0,0.008,1m,2.0,1.0,1.5,516.0,488.0,0.01,4m,2.0,2.0,0.8,312.0,60.0,0.005,3m,1.0,2.5,1.4,498.0,206.0,0.004,2m,1.0,3.0,1.6,128.0,816.0,0.008,1m,2.5,3.5,0.6,524.0,0.15000000000000002,10,COMPLETE
62,62,4.510710381872448,2025-06-15 00:55:09.635990,2025-06-15 00:55:14.039382,0 days 00:00:04.403392,352,0.002,4m,2.5,4.0,0.8,402,160.0,0.007,1m,3.0,3.0,1.5,338.0,70.0,0.007,4m,2.0,1.5,1.8,638.0,672.0,0.007,1m,4.0,2.0,1.8,196.0,802.0,0.008,4m,3.0,3.5,1.6,874.0,482.0,0.007,3m,1.5,1.5,1.5,440.0,,,,,,,,,,,,,,,254.0,0.002,2m,1.5,3.5,1.9000000000000001,104.0,954.0,0.009000000000000001,1m,3.0,3.5,0.6,412.0,0.15000000000000002,8,COMPLETE
63,63,6.206312787550936,2025-06-15 00:55:14.140911,2025-06-15 00:55:19.012344,0 days 00:00:04.871433,434,0.006,4m,2.5,4.0,1.1,280,74.0,0.006,1m,2.5,3.5,1.6,162.0,336.0,0.006,4m,1.5,1.0,1.5,914.0,910.0,0.005,1m,3.5,2.0,1.6,22.0,918.0,0.01,4m,2.5,3.0,1.8,994.0,644.0,0.008,4m,2.5,1.0,2.0,230.0,242.0,0.003,3m,3.0,2.0,1.5,596.0,,,,,,,,410.0,0.004,2m,2.0,3.0,1.3,194.0,828.0,0.008,1m,2.5,4.0,0.5,610.0,0.1,9,COMPLETE
64,64,6.588412159547979,2025-06-15 00:55:19.119860,2025-06-15 00:55:24.095533,0 days 00:00:04.975673,494,0.006,4m,2.0,3.5,1.2000000000000002,270,374.0,0.009000000000000001,3m,2.5,4.0,1.8,874.0,440.0,0.006,4m,2.0,2.0,1.5,928.0,910.0,0.005,1m,3.5,1.5,1.7000000000000002,36.0,924.0,0.01,4m,2.5,3.0,1.6,1004.0,672.0,0.009000000000000001,4m,3.0,1.5,1.9000000000000001,200.0,228.0,0.003,3m,3.0,2.0,1.5,630.0,,,,,,,,414.0,0.004,2m,2.0,2.5,1.2000000000000002,214.0,720.0,0.008,1m,2.5,4.0,0.5,816.0,0.1,9,COMPLETE
65,65,6.712486829844818,2025-06-15 00:55:24.171534,2025-06-15 00:55:28.799401,0 days 00:00:04.627867,478,0.006,4m,2.5,3.5,1.1,268,194.0,0.009000000000000001,3m,2.5,4.0,1.8,826.0,418.0,0.006,4m,2.0,2.0,1.5,914.0,920.0,0.005,1m,3.5,1.5,1.6,16.0,898.0,0.01,4m,2.5,3.0,1.6,1022.0,666.0,0.009000000000000001,4m,3.0,1.5,2.0,202.0,200.0,0.003,3m,3.0,2.0,1.5,626.0,,,,,,,,412.0,0.004,2m,2.0,2.5,1.2000000000000002,192.0,706.0,0.008,1m,2.5,4.0,0.5,828.0,0.1,9,COMPLETE
66,66,4.870175174747671,2025-06-15 00:55:28.878913,2025-06-15 00:55:33.611328,0 days 00:00:04.732415,478,0.006,4m,2.5,3.5,1.1,268,88.0,0.009000000000000001,3m,2.5,4.0,1.8,892.0,402.0,0.006,4m,2.0,2.0,1.5,942.0,914.0,0.005,1m,3.5,1.5,1.6,16.0,918.0,0.01,4m,2.5,3.0,1.6,1024.0,648.0,0.009000000000000001,4m,3.0,1.5,2.0,156.0,214.0,0.003,3m,3.0,2.0,1.5,626.0,,,,,,,,404.0,0.004,2m,2.0,2.5,1.2000000000000002,182.0,608.0,0.008,1m,2.5,4.0,0.5,818.0,0.1,9,COMPLETE
67,67,5.315766464767703,2025-06-15 00:55:33.698366,2025-06-15 00:55:38.501103,0 days 00:00:04.802737,624,0.005,4m,3.0,4.0,1.3,226,208.0,0.009000000000000001,3m,2.5,4.0,1.9000000000000001,852.0,516.0,0.005,4m,2.0,2.0,1.4,922.0,956.0,0.005,1m,3.0,1.5,1.7000000000000002,68.0,850.0,0.01,4m,2.5,3.0,1.7000000000000002,1024.0,672.0,0.009000000000000001,4m,3.5,1.5,1.9000000000000001,240.0,220.0,0.003,3m,3.0,2.0,1.6,600.0,,,,,,,,488.0,0.003,2m,2.0,2.0,1.1,266.0,724.0,0.008,1m,2.5,4.0,0.7,914.0,0.1,9,COMPLETE
68,68,4.084556850488919,2025-06-15 00:55:38.594627,2025-06-15 00:55:43.752858,0 days 00:00:05.158231,666,0.006,4m,2.0,3.5,1.2000000000000002,188,374.0,0.008,3m,2.5,3.5,1.9000000000000001,910.0,308.0,0.006,4m,1.5,1.5,1.6,908.0,986.0,0.004,1m,3.5,1.5,1.8,54.0,924.0,0.009000000000000001,4m,2.0,3.0,1.9000000000000001,944.0,828.0,0.008,4m,2.5,2.0,1.8,152.0,16.0,0.002,3m,2.5,2.5,1.4,768.0,570.0,0.01,4m,2.5,2.5,1.3,516.0,322.0,0.004,2m,2.0,2.5,1.3,192.0,830.0,0.009000000000000001,1m,3.0,4.0,0.5,800.0,0.1,10,COMPLETE
69,69,4.14236583093832,2025-06-15 00:55:43.843370,2025-06-15 00:55:48.663486,0 days 00:00:04.820116,422,0.005,3m,2.5,4.0,1.2000000000000002,100,482.0,0.009000000000000001,3m,2.0,4.0,1.6,1010.0,436.0,0.006,4m,2.0,2.5,1.3,786.0,1024.0,0.005,1m,3.0,2.0,1.6,168.0,960.0,0.01,4m,2.5,2.5,1.5,934.0,596.0,0.01,4m,3.0,1.0,1.9000000000000001,34.0,168.0,0.004,3m,3.5,1.5,1.8,512.0,,,,,,,,398.0,0.005,2m,2.5,3.0,1.0,280.0,664.0,0.007,1m,2.5,4.0,0.6,724.0,0.2,9,COMPLETE
70,70,-0.12480574049398338,2025-06-15 00:55:48.737511,2025-06-15 00:55:52.923728,0 days 00:00:04.186217,502,0.006,4m,3.0,3.5,1.5,328,186.0,0.01,3m,2.5,3.5,1.7000000000000002,744.0,554.0,0.007,4m,1.5,2.0,1.6,904.0,916.0,0.006,1m,3.5,1.5,1.5,108.0,776.0,0.009000000000000001,4m,2.5,2.5,1.8,812.0,754.0,0.009000000000000001,4m,2.5,1.5,2.0,248.0,,,,,,,,,,,,,,,550.0,0.004,2m,1.5,2.5,1.2000000000000002,212.0,708.0,0.007,1m,2.0,4.0,0.7,622.0,0.1,8,COMPLETE
71,71,1.5719833941643897,2025-06-15 00:55:52.999244,2025-06-15 00:55:57.804827,0 days 00:00:04.805583,546,0.007,4m,2.5,4.0,1.1,502,72.0,0.007,3m,2.5,4.0,1.8,928.0,358.0,0.005,4m,2.5,1.5,1.5,768.0,754.0,0.006,1m,4.0,2.0,1.7000000000000002,292.0,850.0,0.01,4m,2.0,3.0,1.5,1022.0,604.0,0.008,4m,3.5,1.0,1.8,368.0,336.0,0.002,3m,3.0,2.0,1.3,760.0,,,,,,,,442.0,0.003,2m,2.0,2.0,1.3,80.0,536.0,0.008,1m,2.5,4.0,0.5,1016.0,0.15000000000000002,9,COMPLETE
72,72,5.357345033979844,2025-06-15 00:55:57.887337,2025-06-15 00:56:02.066158,0 days 00:00:04.178821,354,0.006,4m,2.0,3.0,1.0,296,300.0,0.006,3m,2.0,3.5,2.0,660.0,260.0,0.007,4m,2.0,1.0,1.7000000000000002,972.0,856.0,0.004,1m,3.5,1.0,1.9000000000000001,64.0,974.0,0.008,4m,2.5,3.5,1.9000000000000001,762.0,830.0,0.009000000000000001,4m,3.0,2.0,1.9000000000000001,200.0,,,,,,,,,,,,,,,360.0,0.005,2m,2.5,1.5,1.4,338.0,862.0,0.009000000000000001,1m,3.0,3.5,0.8,946.0,0.15000000000000002,8,COMPLETE
73,73,5.704580842635011,2025-06-15 00:56:02.132678,2025-06-15 00:56:07.193211,0 days 00:00:05.060533,434,0.005,4m,2.5,3.5,1.3,458,66.0,0.009000000000000001,1m,3.5,4.0,1.6,822.0,638.0,0.004,4m,1.0,2.0,1.4,874.0,938.0,0.005,1m,3.0,1.5,1.4,24.0,704.0,0.009000000000000001,4m,3.0,3.5,1.7000000000000002,910.0,488.0,0.01,4m,2.5,1.5,1.6,104.0,118.0,0.004,3m,2.5,2.5,1.8,528.0,408.0,0.005,1m,2.0,3.0,0.6,804.0,472.0,0.002,2m,1.5,3.0,1.1,286.0,924.0,0.006,1m,2.0,3.5,0.5,834.0,0.15000000000000002,10,COMPLETE
74,74,2.002913292090026,2025-06-15 00:56:07.278725,2025-06-15 00:56:11.925117,0 days 00:00:04.646392,580,0.006,4m,2.0,3.5,1.1,394,256.0,0.008,3m,3.0,3.5,1.6,138.0,346.0,0.006,3m,1.5,1.5,1.2000000000000002,724.0,818.0,0.003,1m,4.0,2.0,1.8,104.0,1014.0,0.008,4m,1.5,3.0,1.3,974.0,700.0,0.008,4m,3.0,1.0,1.8,322.0,246.0,0.006,2m,3.5,1.5,1.6,718.0,,,,,,,,652.0,0.003,4m,2.0,3.0,1.0,164.0,778.0,0.01,2m,2.5,4.0,0.9,570.0,0.1,9,COMPLETE
75,75,1.5662965622468676,2025-06-15 00:56:12.020631,2025-06-15 00:56:16.412650,0 days 00:00:04.392019,496,0.004,4m,1.0,4.0,0.9,142,16.0,0.01,1m,1.0,4.0,1.9000000000000001,82.0,494.0,0.008,4m,2.0,2.5,1.7000000000000002,960.0,718.0,0.007,1m,3.0,2.5,1.6,184.0,950.0,0.01,1m,2.0,2.5,1.6,710.0,622.0,0.006,2m,3.5,2.0,2.0,92.0,,,,,,,,,,,,,,,414.0,0.006,3m,1.5,3.5,0.8,718.0,998.0,0.009000000000000001,1m,3.0,4.0,0.6,782.0,0.15000000000000002,8,COMPLETE
76,76,4.947768915801404,2025-06-15 00:56:16.496162,2025-06-15 00:56:21.644121,0 days 00:00:05.147959,316,0.007,1m,2.5,3.0,1.2000000000000002,344,148.0,0.004,2m,2.0,3.5,1.7000000000000002,294.0,194.0,0.006,2m,2.5,1.0,1.5,800.0,884.0,0.004,2m,4.0,1.0,2.0,246.0,862.0,0.007,3m,3.0,3.0,1.7000000000000002,958.0,400.0,0.007,4m,3.0,1.0,1.9000000000000001,406.0,780.0,0.002,3m,2.0,3.0,1.4,530.0,714.0,0.007,2m,3.5,1.5,1.6,278.0,292.0,0.001,2m,2.0,2.0,1.2000000000000002,224.0,632.0,0.007,4m,2.0,3.5,0.7,872.0,0.05,10,COMPLETE
77,77,4.518026442962602,2025-06-15 00:56:21.722207,2025-06-15 00:56:25.435924,0 days 00:00:03.713717,372,0.005,4m,2.0,3.0,1.7000000000000002,262,190.0,0.007,3m,3.0,4.0,1.8,20.0,398.0,0.007,4m,1.0,1.5,1.9000000000000001,1024.0,788.0,0.006,1m,3.5,1.5,1.7000000000000002,354.0,812.0,0.009000000000000001,4m,2.5,3.5,2.0,830.0,,,,,,,,,,,,,,,,,,,,,,518.0,0.008,1m,2.5,2.5,0.9,114.0,696.0,0.008,1m,2.5,4.0,0.9,464.0,0.1,7,COMPLETE
78,78,6.928096113028333,2025-06-15 00:56:25.506213,2025-06-15 00:56:30.231484,0 days 00:00:04.725271,534,0.006,4m,1.0,3.5,1.4,626,80.0,0.005,1m,1.5,3.0,1.5,722.0,768.0,0.004,4m,2.0,3.0,1.1,18.0,994.0,0.005,2m,3.0,2.5,1.9000000000000001,98.0,456.0,0.004,2m,2.0,3.0,1.4,886.0,520.0,0.002,3m,2.5,1.5,1.6,246.0,562.0,0.001,3m,2.5,2.5,2.0,880.0,,,,,,,,616.0,0.004,4m,2.0,2.5,1.5,46.0,572.0,0.006,4m,1.5,3.5,0.5,636.0,0.2,9,COMPLETE
79,79,4.2935029407085,2025-06-15 00:56:30.327003,2025-06-15 00:56:34.962569,0 days 00:00:04.635566,592,0.006,2m,3.0,3.5,1.4,618,80.0,0.005,1m,1.5,3.0,1.5,542.0,808.0,0.004,4m,2.0,3.0,1.1,150.0,978.0,0.005,2m,3.0,2.5,1.9000000000000001,124.0,430.0,0.004,2m,2.0,3.0,1.4,880.0,538.0,0.002,3m,2.5,1.5,1.2000000000000002,250.0,524.0,0.001,3m,2.5,2.5,2.0,918.0,,,,,,,,332.0,0.004,4m,2.0,2.5,1.5,40.0,576.0,0.006,4m,1.5,3.5,0.5,724.0,0.2,9,COMPLETE
80,80,5.97369601128495,2025-06-15 00:56:35.049101,2025-06-15 00:56:39.172179,0 days 00:00:04.123078,450,0.004,4m,1.0,4.0,1.5,694,44.0,0.006,1m,1.0,3.0,1.7000000000000002,722.0,920.0,0.005,4m,2.0,3.5,1.6,40.0,994.0,0.005,2m,3.5,2.0,1.9000000000000001,88.0,418.0,0.004,2m,2.5,3.0,1.5,974.0,536.0,0.002,3m,2.5,1.5,1.6,306.0,,,,,,,,,,,,,,,962.0,0.004,4m,2.0,2.5,1.3,82.0,508.0,0.008,4m,1.5,3.0,0.6,642.0,0.4,8,COMPLETE
81,81,4.352553195632592,2025-06-15 00:56:39.265232,2025-06-15 00:56:43.914000,0 days 00:00:04.648768,524,0.006,4m,1.0,3.5,1.3,558,108.0,0.004,1m,1.0,2.5,1.6,848.0,708.0,0.006,4m,1.5,3.0,1.0,290.0,902.0,0.004,2m,3.0,2.5,1.8,52.0,338.0,0.002,2m,2.0,2.5,1.3,910.0,814.0,0.001,3m,3.0,1.5,1.8,212.0,548.0,0.002,3m,2.5,2.5,1.9000000000000001,850.0,,,,,,,,452.0,0.005,4m,1.5,2.5,1.4,122.0,736.0,0.007,4m,1.0,3.5,0.5,686.0,0.2,9,COMPLETE
82,82,2.337836060036103,2025-06-15 00:56:43.990005,2025-06-15 00:56:48.542847,0 days 00:00:04.552842,410,0.007,4m,1.0,3.5,1.4,520,228.0,0.005,4m,1.5,3.5,1.4,610.0,720.0,0.003,1m,2.5,3.5,1.3,494.0,948.0,0.006,2m,3.5,2.0,1.5,162.0,462.0,0.003,2m,3.0,2.0,1.4,314.0,714.0,0.002,3m,2.0,1.0,1.6,360.0,96.0,0.004,3m,3.0,2.0,1.7000000000000002,686.0,,,,,,,,1018.0,0.003,4m,2.5,3.0,1.2000000000000002,20.0,408.0,0.005,4m,2.0,4.0,0.7,612.0,0.15000000000000002,9,COMPLETE
83,83,1.153763140825982,2025-06-15 00:56:48.642380,2025-06-15 00:56:54.143472,0 days 00:00:05.501092,534,0.006,4m,1.0,3.0,1.6,482,172.0,0.003,1m,2.5,3.5,1.5,782.0,874.0,0.007,4m,2.0,2.5,0.8,590.0,90.0,0.005,3m,2.5,3.5,1.6,16.0,354.0,0.005,3m,1.5,3.0,1.1,236.0,434.0,0.001,4m,2.5,2.0,1.4,988.0,308.0,0.001,3m,3.0,2.5,2.0,400.0,284.0,0.003,1m,1.5,4.0,1.0,18.0,374.0,0.004,4m,2.0,2.0,1.5,194.0,844.0,0.009000000000000001,4m,1.5,3.5,0.5,526.0,0.2,10,COMPLETE
84,84,4.638709960608053,2025-06-15 00:56:54.222496,2025-06-15 00:57:02.560624,0 days 00:00:08.338128,462,0.005,4m,1.5,4.0,1.5,596,374.0,0.009000000000000001,4m,2.0,3.0,0.5,716.0,578.0,0.005,2m,1.5,3.0,1.1,692.0,836.0,0.003,2m,3.0,3.0,1.7000000000000002,76.0,740.0,0.01,1m,2.5,3.5,1.8,858.0,580.0,0.009000000000000001,4m,2.5,1.5,2.0,104.0,594.0,0.003,2m,2.0,2.0,1.1,554.0,,,,,,,,882.0,0.005,3m,1.5,1.0,1.1,676.0,550.0,0.008,3m,2.0,4.0,0.6,584.0,0.1,9,COMPLETE
85,85,2.9601894946623886,2025-06-15 00:57:02.678143,2025-06-15 00:57:06.932535,0 days 00:00:04.254392,684,0.007,4m,1.0,3.5,1.1,432,466.0,0.002,1m,1.5,4.0,1.9000000000000001,182.0,766.0,0.004,3m,2.0,2.0,0.6,870.0,870.0,0.004,2m,4.0,4.0,1.9000000000000001,220.0,1022.0,0.003,3m,2.0,2.0,1.6,432.0,312.0,0.003,3m,3.0,1.0,0.6,274.0,,,,,,,,,,,,,,,726.0,0.007,2m,3.0,1.5,0.5,244.0,786.0,0.007,2m,4.0,3.0,1.6,734.0,0.15000000000000002,8,COMPLETE
86,86,8.727831212920588,2025-06-15 00:57:07.012053,2025-06-15 00:57:12.011061,0 days 00:00:04.999008,258,0.003,3m,2.5,3.0,1.2000000000000002,646,258.0,0.001,2m,1.0,2.5,1.3,960.0,652.0,0.002,4m,1.0,2.5,0.9,978.0,212.0,0.006,4m,3.5,2.5,2.0,126.0,960.0,0.005,2m,2.5,1.0,1.2000000000000002,996.0,654.0,0.007,2m,3.5,2.5,1.9000000000000001,440.0,432.0,0.002,3m,3.5,3.0,1.4,302.0,724.0,0.008,2m,3.0,2.0,0.9,726.0,618.0,0.003,4m,2.5,3.0,1.4,96.0,680.0,0.006,4m,2.5,4.0,0.6,664.0,0.1,10,COMPLETE
87,87,7.055006624770817,2025-06-15 00:57:12.109572,2025-06-15 00:57:17.172121,0 days 00:00:05.062549,608,0.003,3m,2.5,4.0,1.2000000000000002,682,264.0,0.001,2m,1.0,2.5,1.3,958.0,614.0,0.002,4m,1.0,2.5,0.9,980.0,230.0,0.006,4m,3.5,2.5,2.0,132.0,940.0,0.005,2m,2.5,1.0,1.1,980.0,662.0,0.007,2m,4.0,1.5,1.9000000000000001,558.0,390.0,0.002,3m,3.5,3.0,1.4,260.0,730.0,0.008,2m,3.0,2.0,0.8,742.0,614.0,0.003,4m,2.5,3.0,1.4,88.0,686.0,0.006,4m,2.5,4.0,0.6,666.0,0.05,10,COMPLETE
88,88,7.473674835580226,2025-06-15 00:57:17.262823,2025-06-15 00:57:22.469943,0 days 00:00:05.207120,750,0.002,3m,2.5,4.0,1.2000000000000002,734,282.0,0.001,2m,1.0,2.5,1.2000000000000002,954.0,670.0,0.002,4m,1.0,2.5,0.9,988.0,208.0,0.006,4m,3.5,2.5,2.0,124.0,954.0,0.005,2m,2.5,1.0,1.1,1008.0,640.0,0.007,2m,4.0,3.0,1.9000000000000001,608.0,422.0,0.002,3m,3.5,3.0,1.4,244.0,738.0,0.008,2m,3.0,2.0,0.9,794.0,630.0,0.003,4m,2.5,3.0,1.4,58.0,676.0,0.006,4m,2.5,4.0,0.6,688.0,0.05,10,COMPLETE
89,89,7.898219081294955,2025-06-15 00:57:22.566454,2025-06-15 00:57:27.807238,0 days 00:00:05.240784,792,0.002,3m,2.5,4.0,1.2000000000000002,722,290.0,0.001,2m,1.0,2.5,1.2000000000000002,946.0,664.0,0.002,4m,1.0,2.5,0.9,984.0,204.0,0.006,4m,3.5,2.5,2.0,136.0,964.0,0.005,2m,2.5,1.0,1.1,932.0,696.0,0.007,2m,4.0,3.0,1.9000000000000001,556.0,422.0,0.002,3m,3.5,3.0,1.3,230.0,768.0,0.008,2m,3.0,2.0,0.9,774.0,614.0,0.002,4m,2.5,3.0,1.4,64.0,678.0,0.005,4m,2.5,4.0,0.6,664.0,0.05,10,COMPLETE
90,90,6.526715691146399,2025-06-15 00:57:27.896751,2025-06-15 00:57:33.098678,0 days 00:00:05.201927,818,0.002,3m,2.5,4.0,1.4,756,286.0,0.001,2m,1.0,2.5,1.1,966.0,658.0,0.002,4m,1.0,2.5,0.9,988.0,182.0,0.007,4m,3.5,2.5,2.0,144.0,974.0,0.005,2m,2.5,1.0,1.0,944.0,782.0,0.007,2m,4.0,3.0,1.7000000000000002,574.0,452.0,0.002,3m,4.0,3.0,1.3,216.0,742.0,0.008,2m,3.0,2.0,0.9,768.0,624.0,0.002,4m,2.5,3.0,1.4,58.0,650.0,0.005,4m,2.5,4.0,0.6,672.0,0.05,10,COMPLETE
91,91,7.364252415188763,2025-06-15 00:57:33.191192,2025-06-15 00:57:38.290561,0 days 00:00:05.099369,740,0.003,3m,2.5,4.0,1.2000000000000002,676,336.0,0.001,2m,1.0,2.0,1.1,964.0,670.0,0.002,4m,1.0,2.5,0.9,980.0,244.0,0.006,4m,3.5,3.0,2.0,124.0,946.0,0.006,2m,2.5,1.0,1.1,994.0,668.0,0.006,2m,4.0,3.0,1.9000000000000001,560.0,402.0,0.002,3m,3.5,3.0,1.4,198.0,760.0,0.008,2m,3.0,2.0,0.8,698.0,676.0,0.002,4m,2.5,2.5,1.4,94.0,688.0,0.004,4m,2.5,4.0,0.6,710.0,0.05,10,COMPLETE
92,92,6.749826973939832,2025-06-15 00:57:38.360708,2025-06-15 00:57:43.646134,0 days 00:00:05.285426,762,0.003,3m,2.5,4.0,1.2000000000000002,688,314.0,0.001,2m,1.0,2.0,1.1,950.0,662.0,0.002,4m,1.0,2.5,0.9,990.0,238.0,0.006,4m,3.5,2.5,2.0,192.0,960.0,0.006,2m,2.5,1.0,1.1,928.0,686.0,0.006,2m,4.0,3.0,1.8,580.0,416.0,0.002,4m,3.5,3.5,1.4,232.0,736.0,0.008,2m,3.0,2.0,0.8,694.0,682.0,0.002,4m,2.5,3.0,1.4,94.0,598.0,0.004,4m,2.5,4.0,0.7,704.0,0.05,10,COMPLETE
93,93,6.358044235604413,2025-06-15 00:57:43.720141,2025-06-15 00:57:49.020349,0 days 00:00:05.300208,776,0.003,3m,2.5,4.0,1.3,676,334.0,0.001,2m,1.0,2.0,1.1,954.0,670.0,0.002,4m,1.0,2.5,0.9,998.0,268.0,0.006,4m,3.5,3.0,2.0,200.0,960.0,0.006,2m,2.5,1.0,1.1,918.0,696.0,0.006,2m,4.0,3.0,1.8,590.0,408.0,0.001,4m,3.5,3.5,1.3,222.0,738.0,0.008,2m,3.0,2.0,0.8,676.0,664.0,0.002,4m,2.5,3.0,1.4,96.0,600.0,0.004,4m,2.5,4.0,0.7,698.0,0.05,10,COMPLETE
94,94,8.471102288573862,2025-06-15 00:57:49.123375,2025-06-15 00:57:54.546291,0 days 00:00:05.422916,736,0.002,3m,2.5,4.0,1.2000000000000002,738,274.0,0.002,2m,1.0,2.0,1.2000000000000002,994.0,598.0,0.002,4m,1.0,2.5,0.8,974.0,206.0,0.006,4m,3.5,2.5,2.0,238.0,986.0,0.005,2m,2.5,1.0,1.0,952.0,620.0,0.006,2m,4.0,3.5,0.9,554.0,414.0,0.002,4m,4.0,3.5,1.4,222.0,772.0,0.008,2m,3.0,2.0,0.8,664.0,620.0,0.002,4m,2.5,3.0,1.6,66.0,630.0,0.003,4m,3.0,4.0,0.8,654.0,0.05,10,COMPLETE
95,95,7.4240339572465395,2025-06-15 00:57:54.640812,2025-06-15 00:58:00.006724,0 days 00:00:05.365912,738,0.002,3m,2.5,4.0,1.2000000000000002,724,282.0,0.002,2m,1.0,2.0,1.2000000000000002,1018.0,592.0,0.002,4m,1.0,2.5,0.8,1020.0,210.0,0.006,4m,3.5,2.5,2.0,264.0,992.0,0.005,2m,2.5,1.0,1.0,970.0,624.0,0.005,2m,4.0,3.5,0.8,570.0,392.0,0.002,4m,4.0,3.5,1.4,220.0,768.0,0.008,2m,3.0,2.0,0.8,676.0,606.0,0.002,4m,2.5,3.0,1.6,62.0,678.0,0.003,4m,3.0,4.0,0.6,648.0,0.05,10,COMPLETE
96,96,7.058168300979781,2025-06-15 00:58:00.087240,2025-06-15 00:58:05.573848,0 days 00:00:05.486608,862,0.002,3m,2.5,4.0,1.3,736,270.0,0.002,2m,1.0,2.0,1.2000000000000002,1004.0,598.0,0.001,4m,1.0,2.5,0.7,1018.0,204.0,0.007,4m,3.5,2.5,2.0,262.0,998.0,0.005,2m,2.5,1.0,1.0,954.0,608.0,0.005,2m,4.0,3.5,0.8,470.0,366.0,0.001,4m,4.0,3.0,1.4,174.0,852.0,0.008,2m,3.0,2.0,0.7,656.0,612.0,0.001,4m,2.5,3.0,1.6,50.0,674.0,0.003,4m,3.0,4.0,0.6,652.0,0.05,10,COMPLETE
97,97,6.7095645453919355,2025-06-15 00:58:05.690369,2025-06-15 00:58:10.844818,0 days 00:00:05.154449,880,0.002,3m,2.5,4.0,1.3,812,264.0,0.002,2m,1.0,1.5,1.2000000000000002,1022.0,588.0,0.001,4m,1.0,2.5,0.8,1024.0,122.0,0.007,4m,3.5,2.5,2.0,272.0,988.0,0.005,2m,2.5,1.0,1.0,978.0,616.0,0.005,2m,4.0,3.5,0.8,494.0,368.0,0.002,4m,4.0,3.0,1.4,152.0,824.0,0.008,2m,3.0,2.0,0.7,662.0,566.0,0.001,4m,2.5,3.0,1.7000000000000002,66.0,676.0,0.003,4m,3.0,4.0,0.6,652.0,0.05,10,COMPLETE
98,98,6.96063969089661,2025-06-15 00:58:10.932336,2025-06-15 00:58:16.018526,0 days 00:00:05.086190,832,0.002,3m,2.5,4.0,1.2000000000000002,720,242.0,0.002,2m,1.0,2.5,1.3,992.0,616.0,0.002,4m,1.0,2.5,0.7,964.0,196.0,0.007,4m,3.5,3.0,2.0,308.0,994.0,0.005,2m,2.5,1.0,0.9,968.0,588.0,0.005,2m,4.0,3.5,0.8,658.0,466.0,0.001,4m,4.0,3.0,1.2000000000000002,280.0,830.0,0.008,2m,3.0,2.0,1.0,650.0,604.0,0.001,4m,2.5,3.5,1.6,148.0,638.0,0.002,4m,3.5,4.0,0.8,758.0,0.05,10,COMPLETE
99,99,3.4554757148611146,2025-06-15 00:58:16.090812,2025-06-15 00:58:21.389970,0 days 00:00:05.299158,734,0.001,3m,3.0,4.0,1.2000000000000002,736,350.0,0.001,2m,1.0,2.0,1.2000000000000002,930.0,586.0,0.001,1m,1.0,2.5,0.8,958.0,288.0,0.006,4m,4.0,2.5,1.9000000000000001,230.0,882.0,0.005,2m,2.5,1.5,0.9,988.0,636.0,0.007,2m,4.0,3.5,0.9,534.0,374.0,0.002,4m,4.0,3.5,1.4,174.0,648.0,0.009000000000000001,2m,3.0,2.0,0.7,802.0,704.0,0.001,4m,3.0,3.0,1.7000000000000002,34.0,678.0,0.003,4m,3.0,4.0,0.6,590.0,0.05,10,COMPLETE
