,number,value,datetime_start,datetime_complete,duration,params_ADSK_QCOM_beta_win,params_ADSK_QCOM_stop_loss,params_ADSK_QCOM_trade_freq,params_ADSK_QCOM_z_entry,params_ADSK_QCOM_z_exit,params_ADSK_QCOM_z_stop_scaler,params_ADSK_QCOM_z_win,params_ALGN_CHKP_beta_win,params_ALGN_CHKP_stop_loss,params_ALGN_CHKP_trade_freq,params_ALGN_CHKP_z_entry,params_ALGN_CHKP_z_exit,params_ALGN_CHKP_z_stop_scaler,params_ALGN_CHKP_z_win,params_COST_CHKP_beta_win,params_COST_CHKP_stop_loss,params_COST_CHKP_trade_freq,params_COST_CHKP_z_entry,params_COST_CHKP_z_exit,params_COST_CHKP_z_stop_scaler,params_COST_CHKP_z_win,params_CPRT_CHKP_beta_win,params_CPRT_CHKP_stop_loss,params_CPRT_CHKP_trade_freq,params_CPRT_CHKP_z_entry,params_CPRT_CHKP_z_exit,params_CPRT_CHKP_z_stop_scaler,params_CPRT_CHKP_z_win,params_GOOGL_CHKP_beta_win,params_GOOGL_CHKP_stop_loss,params_GOOGL_CHKP_trade_freq,params_GOOGL_CHKP_z_entry,params_GOOGL_CHKP_z_exit,params_GOOGL_CHKP_z_stop_scaler,params_GOOGL_CHKP_z_win,params_GOOG_CHKP_beta_win,params_GOOG_CHKP_stop_loss,params_GOOG_CHKP_trade_freq,params_GOOG_CHKP_z_entry,params_GOOG_CHKP_z_exit,params_GOOG_CHKP_z_stop_scaler,params_GOOG_CHKP_z_win,params_ISRG_CHKP_beta_win,params_ISRG_CHKP_stop_loss,params_ISRG_CHKP_trade_freq,params_ISRG_CHKP_z_entry,params_ISRG_CHKP_z_exit,params_ISRG_CHKP_z_stop_scaler,params_ISRG_CHKP_z_win,params_LULU_CHKP_beta_win,params_LULU_CHKP_stop_loss,params_LULU_CHKP_trade_freq,params_LULU_CHKP_z_entry,params_LULU_CHKP_z_exit,params_LULU_CHKP_z_stop_scaler,params_LULU_CHKP_z_win,params_MSFT_CHKP_beta_win,params_MSFT_CHKP_stop_loss,params_MSFT_CHKP_trade_freq,params_MSFT_CHKP_z_entry,params_MSFT_CHKP_z_exit,params_MSFT_CHKP_z_stop_scaler,params_MSFT_CHKP_z_win,params_PEP_CHKP_beta_win,params_PEP_CHKP_stop_loss,params_PEP_CHKP_trade_freq,params_PEP_CHKP_z_entry,params_PEP_CHKP_z_exit,params_PEP_CHKP_z_stop_scaler,params_PEP_CHKP_z_win,params_buffer_capital,params_pairs_to_trade,state
97,97,-0.23751668861881017,2025-06-15 00:28:26.514316,2025-06-15 00:28:29.471957,0 days 00:00:02.957641,,,,,,,,864.0,0.003,1m,2.0,2.0,1.7000000000000002,104.0,,,,,,,,476,0.01,2m,1.0,1.5,1.5,136,898.0,0.001,3m,2.0,3.5,0.8,592.0,246.0,0.007,1m,1.5,2.0,1.5,220.0,418.0,0.005,1m,1.0,2.0,1.0,180.0,,,,,,,,,,,,,,,,,,,,,,0.25,5,COMPLETE
98,98,3.2469600657316904,2025-06-15 00:28:29.551979,2025-06-15 00:28:33.787761,0 days 00:00:04.235782,68.0,0.003,4m,3.5,2.0,0.6,642.0,814.0,0.01,4m,2.0,1.0,1.8,530.0,16.0,0.006,3m,4.0,2.0,0.6,850.0,432,0.002,1m,1.0,2.0,1.1,420,864.0,0.007,3m,2.5,1.0,0.7,340.0,106.0,0.001,4m,1.0,2.5,1.7000000000000002,262.0,308.0,0.01,2m,1.5,1.5,1.4,224.0,,,,,,,,424.0,0.009000000000000001,4m,1.0,3.5,1.5,878.0,,,,,,,,0.05,8,COMPLETE
99,99,-2.208826942175598,2025-06-15 00:28:33.882274,2025-06-15 00:28:38.601684,0 days 00:00:04.719410,160.0,0.007,3m,1.5,3.5,1.5,720.0,616.0,0.01,4m,2.5,3.5,2.0,600.0,52.0,0.002,3m,2.5,3.5,1.1,906.0,392,0.005,3m,2.5,2.0,0.9,186,1010.0,0.002,3m,3.0,4.0,0.9,388.0,858.0,0.003,2m,2.5,2.0,1.4,98.0,184.0,0.004,2m,1.5,2.5,1.3,64.0,592.0,0.006,3m,2.0,2.0,1.0,342.0,802.0,0.01,2m,1.5,3.0,0.7,1024.0,,,,,,,,0.25,9,COMPLETE
100,100,-0.04398909803231862,2025-06-15 00:28:38.693196,2025-06-15 00:28:42.442351,0 days 00:00:03.749155,,,,,,,,966.0,0.008,4m,2.0,2.0,1.8,162.0,452.0,0.004,2m,3.0,4.0,0.5,580.0,300,0.009000000000000001,4m,1.5,1.5,0.7,372,978.0,0.001,3m,2.0,3.0,0.6,826.0,186.0,0.002,4m,2.0,2.0,1.6,838.0,332.0,0.006,2m,1.0,2.5,1.2000000000000002,130.0,,,,,,,,700.0,0.009000000000000001,1m,1.5,3.5,1.5,794.0,,,,,,,,0.2,7,COMPLETE
101,101,2.0663449699634984,2025-06-15 00:28:42.548866,2025-06-15 00:28:46.759094,0 days 00:00:04.210228,128.0,0.005,4m,2.5,2.5,0.8,528.0,456.0,0.007,4m,1.5,3.5,1.7000000000000002,432.0,270.0,0.004,3m,3.5,2.5,1.9000000000000001,404.0,338,0.009000000000000001,4m,1.0,1.5,0.6,112,850.0,0.003,3m,2.0,2.5,0.9,612.0,290.0,0.002,4m,2.0,3.5,1.4,294.0,272.0,0.007,2m,2.0,2.5,1.1,94.0,,,,,,,,358.0,0.008,4m,3.5,2.5,1.0,760.0,,,,,,,,0.25,8,COMPLETE
102,102,3.503492774694729,2025-06-15 00:28:46.848603,2025-06-15 00:28:51.091608,0 days 00:00:04.243005,46.0,0.006,4m,2.0,3.0,1.0,808.0,584.0,0.009000000000000001,4m,1.5,3.0,1.7000000000000002,396.0,342.0,0.003,3m,3.5,2.5,2.0,314.0,378,0.01,4m,1.0,1.5,0.6,82,878.0,0.002,3m,2.0,3.0,1.0,580.0,240.0,0.001,4m,2.0,2.5,1.4,344.0,370.0,0.006,2m,3.5,2.0,1.2000000000000002,28.0,,,,,,,,506.0,0.009000000000000001,4m,2.0,1.5,0.9,658.0,,,,,,,,0.2,8,COMPLETE
103,103,-0.4438605742269992,2025-06-15 00:28:51.189128,2025-06-15 00:28:55.450609,0 days 00:00:04.261481,72.0,0.004,4m,2.5,2.0,1.3,74.0,1014.0,0.009000000000000001,4m,1.5,3.5,1.6,366.0,506.0,0.004,3m,3.5,2.0,0.7,276.0,316,0.009000000000000001,4m,1.0,1.0,0.5,44,822.0,0.004,3m,2.0,3.0,0.8,516.0,144.0,0.002,4m,2.0,4.0,1.5,244.0,294.0,0.007,2m,1.5,2.5,1.4,16.0,,,,,,,,600.0,0.008,4m,2.5,2.0,1.4,622.0,,,,,,,,0.3,8,COMPLETE
104,104,6.140881982712888,2025-06-15 00:28:55.531126,2025-06-15 00:29:00.350123,0 days 00:00:04.818997,940.0,0.005,4m,2.0,1.5,0.8,1000.0,392.0,0.01,4m,2.0,2.0,1.9000000000000001,34.0,130.0,0.005,3m,3.5,3.0,1.2000000000000002,346.0,220,0.01,4m,1.0,1.5,0.7,98,910.0,0.001,3m,1.5,3.5,0.9,968.0,176.0,0.004,4m,1.5,2.0,1.2000000000000002,180.0,338.0,0.006,2m,2.5,2.5,1.3,70.0,812.0,0.008,3m,1.5,1.5,1.2000000000000002,144.0,762.0,0.007,4m,2.0,1.5,1.1,926.0,,,,,,,,0.25,9,COMPLETE
105,105,3.50605260449605,2025-06-15 00:29:00.422641,2025-06-15 00:29:04.412986,0 days 00:00:03.990345,,,,,,,,296.0,0.009000000000000001,4m,1.5,4.0,1.7000000000000002,256.0,536.0,0.001,3m,3.0,3.5,1.8,74.0,438,0.01,2m,1.0,2.0,0.8,726,946.0,0.002,3m,2.0,2.5,0.8,548.0,216.0,0.001,3m,2.0,2.0,1.3,316.0,458.0,0.001,2m,1.0,2.0,2.0,44.0,,,,,,,,466.0,0.01,2m,1.5,1.0,1.1,738.0,,,,,,,,0.1,7,COMPLETE
106,106,0.678151874612898,2025-06-15 00:29:04.495011,2025-06-15 00:29:08.696321,0 days 00:00:04.201310,560.0,0.006,4m,3.0,1.0,0.7,638.0,528.0,0.01,3m,3.0,3.0,1.8,466.0,390.0,0.005,1m,4.0,2.0,2.0,204.0,354,0.008,2m,3.5,1.5,0.5,228,798.0,0.003,3m,3.5,3.0,0.9,470.0,300.0,0.001,4m,2.5,2.5,1.4,278.0,540.0,0.005,2m,2.0,3.0,1.5,116.0,,,,,,,,892.0,0.009000000000000001,2m,2.0,1.5,1.6,492.0,,,,,,,,0.2,8,COMPLETE
107,107,1.2449891734388012,2025-06-15 00:29:08.777832,2025-06-15 00:29:11.436859,0 days 00:00:02.659027,,,,,,,,346.0,0.008,4m,2.0,2.5,1.6,316.0,,,,,,,,500,0.009000000000000001,4m,1.0,2.5,0.6,142,930.0,0.001,4m,2.5,2.0,1.0,430.0,262.0,0.003,4m,1.5,1.5,1.3,378.0,402.0,0.005,2m,3.5,4.0,1.1,152.0,,,,,,,,,,,,,,,,,,,,,,0.3,5,COMPLETE
108,108,4.576006963501474,2025-06-15 00:29:11.531377,2025-06-15 00:29:16.631821,0 days 00:00:05.100444,182.0,0.003,2m,2.5,2.5,0.9,438.0,506.0,0.01,4m,2.0,3.5,1.8,74.0,40.0,0.004,3m,3.5,2.5,1.9000000000000001,668.0,454,0.01,2m,1.0,1.5,0.8,332,876.0,0.002,3m,2.0,3.0,0.9,500.0,496.0,0.002,4m,2.0,3.5,1.5,936.0,316.0,0.007,3m,1.5,2.5,1.2000000000000002,94.0,192.0,0.01,2m,2.5,2.5,1.4,554.0,310.0,0.006,4m,1.0,2.5,1.9000000000000001,994.0,630.0,0.005,4m,2.0,3.0,0.5,340.0,0.25,10,COMPLETE
109,109,3.6231232690636515,2025-06-15 00:29:16.725336,2025-06-15 00:29:21.459680,0 days 00:00:04.734344,126.0,0.004,4m,2.0,3.0,0.8,376.0,366.0,0.009000000000000001,4m,4.0,1.5,1.5,124.0,80.0,0.002,3m,3.0,4.0,1.3,620.0,278,0.009000000000000001,2m,1.5,2.0,0.7,76,960.0,0.002,1m,1.0,3.5,0.8,568.0,228.0,0.001,4m,1.0,2.0,1.4,204.0,252.0,0.006,1m,1.0,2.5,1.0,1020.0,428.0,0.004,1m,3.0,3.0,0.8,458.0,642.0,0.01,2m,1.5,2.0,1.2000000000000002,580.0,,,,,,,,0.15000000000000002,9,COMPLETE
110,110,3.123291588904171,2025-06-15 00:29:21.580197,2025-06-15 00:29:25.248036,0 days 00:00:03.667839,,,,,,,,840.0,0.01,4m,1.5,2.5,1.7000000000000002,46.0,400.0,0.003,3m,3.5,3.5,1.8,534.0,298,0.01,4m,1.0,4.0,0.6,198,844.0,0.001,3m,1.5,2.5,1.1,412.0,372.0,0.006,4m,2.0,3.0,1.5,238.0,222.0,0.006,2m,3.0,2.0,1.3,40.0,,,,,,,,524.0,0.009000000000000001,1m,1.5,2.5,1.8,878.0,,,,,,,,0.3,7,COMPLETE
111,111,6.6816624929253585,2025-06-15 00:29:25.368550,2025-06-15 00:29:29.589441,0 days 00:00:04.220891,236.0,0.003,4m,4.0,4.0,1.6,360.0,776.0,0.005,4m,2.0,3.5,1.2000000000000002,572.0,484.0,0.006,3m,3.5,4.0,0.9,508.0,248,0.008,3m,1.0,1.5,0.5,442,902.0,0.001,3m,2.5,3.5,0.9,728.0,268.0,0.001,4m,2.0,2.5,1.4,228.0,160.0,0.005,1m,1.5,2.5,1.8,280.0,,,,,,,,874.0,0.007,3m,1.0,3.0,0.9,906.0,,,,,,,,0.05,8,COMPLETE
112,112,6.441406411667864,2025-06-15 00:29:29.668444,2025-06-15 00:29:33.903618,0 days 00:00:04.235174,150.0,0.002,4m,3.5,4.0,1.5,278.0,820.0,0.005,4m,2.0,3.5,1.3,492.0,592.0,0.006,3m,3.5,4.0,1.0,480.0,230,0.008,3m,1.0,1.5,0.5,432,896.0,0.001,3m,2.5,3.5,0.9,786.0,280.0,0.001,4m,2.0,2.5,1.4,298.0,112.0,0.005,1m,1.5,2.5,1.6,254.0,,,,,,,,816.0,0.006,3m,1.0,3.0,1.0,954.0,,,,,,,,0.05,8,COMPLETE
113,113,3.1401791932351166,2025-06-15 00:29:33.986142,2025-06-15 00:29:38.135038,0 days 00:00:04.148896,314.0,0.005,4m,3.5,4.0,1.5,336.0,794.0,0.01,4m,2.0,3.5,1.4,548.0,446.0,0.006,3m,3.5,4.0,0.8,432.0,406,0.009000000000000001,3m,1.0,1.5,0.5,552,890.0,0.001,3m,2.5,3.5,1.0,786.0,408.0,0.002,4m,2.0,2.5,1.3,272.0,122.0,0.005,1m,1.5,2.5,1.7000000000000002,208.0,,,,,,,,958.0,0.007,3m,1.0,3.0,1.1,786.0,,,,,,,,0.05,8,COMPLETE
114,114,1.4249412578789162,2025-06-15 00:29:38.226550,2025-06-15 00:29:42.270706,0 days 00:00:04.044156,46.0,0.003,4m,4.0,3.0,1.7000000000000002,554.0,446.0,0.005,4m,2.0,2.0,1.1,206.0,98.0,0.005,3m,3.0,4.0,2.0,808.0,328,0.01,3m,1.0,1.5,0.6,400,786.0,0.001,3m,2.0,3.5,0.9,526.0,342.0,0.001,4m,1.5,2.0,1.4,172.0,352.0,0.004,1m,2.0,3.0,1.6,72.0,,,,,,,,574.0,0.008,3m,1.0,1.5,1.0,838.0,,,,,,,,0.1,8,COMPLETE
115,115,-2.5006320181449193,2025-06-15 00:29:42.355221,2025-06-15 00:29:46.342081,0 days 00:00:03.986860,94.0,0.005,4m,3.0,3.5,0.7,334.0,828.0,0.004,4m,2.0,3.5,1.3,516.0,560.0,0.004,4m,3.0,3.5,0.9,614.0,178,0.008,3m,1.0,1.0,0.7,484,822.0,0.002,3m,2.5,3.0,0.7,888.0,314.0,0.002,4m,2.0,2.5,1.5,44.0,84.0,0.005,1m,1.5,2.5,1.4,364.0,,,,,,,,850.0,0.007,3m,2.0,3.0,0.9,710.0,,,,,,,,0.05,8,COMPLETE
116,116,5.17044480843527,2025-06-15 00:29:46.416514,2025-06-15 00:29:51.037429,0 days 00:00:04.620915,138.0,0.004,4m,2.5,3.5,1.3,198.0,732.0,0.009000000000000001,1m,1.5,3.5,1.7000000000000002,344.0,480.0,0.007,3m,4.0,4.0,0.8,126.0,360,0.006,2m,1.0,2.0,0.5,466,856.0,0.006,3m,2.0,4.0,0.8,680.0,166.0,0.001,4m,1.5,2.5,1.4,718.0,502.0,0.007,2m,1.5,2.5,1.2000000000000002,326.0,576.0,0.002,3m,2.0,2.0,1.0,678.0,392.0,0.005,2m,1.5,1.0,0.7,902.0,,,,,,,,0.1,9,COMPLETE
117,117,3.4687434986547774,2025-06-15 00:29:51.110944,2025-06-15 00:29:54.637639,0 days 00:00:03.526695,,,,,,,,408.0,0.005,4m,2.0,2.0,1.4,16.0,432.0,0.004,3m,3.5,2.5,0.7,704.0,248,0.009000000000000001,3m,1.0,1.5,0.6,306,724.0,0.003,2m,3.0,1.5,1.0,812.0,122.0,0.002,1m,2.0,2.0,1.3,334.0,140.0,0.006,4m,1.0,3.5,1.5,282.0,,,,,,,,838.0,0.01,4m,3.0,3.0,1.4,990.0,,,,,,,,0.05,7,COMPLETE
118,118,4.8125464176630395,2025-06-15 00:29:54.737151,2025-06-15 00:29:57.545097,0 days 00:00:02.807946,,,,,,,,554.0,0.01,2m,2.5,3.0,1.6,152.0,,,,,,,,394,0.007,2m,3.0,2.0,2.0,164,922.0,0.001,3m,2.0,3.5,0.8,610.0,202.0,0.001,2m,2.5,1.0,1.5,248.0,1022.0,0.007,2m,2.5,2.5,1.2000000000000002,776.0,,,,,,,,,,,,,,,,,,,,,,0.25,5,COMPLETE
119,119,-1.1859369213758648,2025-06-15 00:29:57.635607,2025-06-15 00:29:58.778323,0 days 00:00:01.142716,,,,,,,,,,,,,,,,,,,,,,316,0.01,4m,1.0,2.0,1.8,350,956.0,0.002,3m,2.5,3.0,0.8,638.0,,,,,,,,,,,,,,,,,,,,,,,,,,,,,,,,,,,,0.1,2,COMPLETE
120,120,0.1499021873719282,2025-06-15 00:29:58.858843,2025-06-15 00:30:03.037968,0 days 00:00:04.179125,18.0,0.003,4m,3.5,3.0,1.0,480.0,848.0,0.006,4m,2.0,2.0,1.3,90.0,528.0,0.005,3m,3.0,3.5,1.4,566.0,234,0.009000000000000001,1m,1.5,1.5,0.6,26,260.0,0.001,3m,1.5,2.5,0.9,314.0,250.0,0.003,4m,2.0,4.0,1.6,204.0,194.0,0.004,2m,2.0,2.0,1.8,270.0,,,,,,,,938.0,0.007,2m,1.0,2.0,1.5,934.0,,,,,,,,0.25,8,COMPLETE
121,121,8.903830559184946,2025-06-15 00:30:03.127488,2025-06-15 00:30:06.836598,0 days 00:00:03.709110,,,,,,,,390.0,0.01,4m,1.5,2.5,1.7000000000000002,176.0,160.0,0.004,3m,3.0,3.0,2.0,602.0,422,0.01,2m,1.0,2.0,0.8,318,834.0,0.001,3m,2.0,3.0,0.9,552.0,378.0,0.002,4m,2.0,2.0,1.4,278.0,318.0,0.008,2m,2.0,2.5,1.4,424.0,,,,,,,,552.0,0.008,3m,1.5,1.5,1.7000000000000002,858.0,,,,,,,,0.1,7,COMPLETE
122,122,5.4569973114611185,2025-06-15 00:30:06.925125,2025-06-15 00:30:09.896736,0 days 00:00:02.971611,,,,,,,,434.0,0.01,4m,1.5,2.5,1.7000000000000002,186.0,156.0,0.004,3m,3.0,3.0,1.9000000000000001,600.0,468,0.01,2m,1.0,2.0,0.8,278,872.0,0.001,3m,2.0,3.0,0.9,572.0,366.0,0.002,4m,2.0,2.0,1.4,308.0,288.0,0.008,2m,2.0,2.5,1.3,462.0,,,,,,,,,,,,,,,,,,,,,,0.15000000000000002,6,COMPLETE
123,123,6.120684074254828,2025-06-15 00:30:09.974777,2025-06-15 00:30:13.511367,0 days 00:00:03.536590,,,,,,,,382.0,0.01,4m,1.0,2.5,1.8,134.0,186.0,0.003,3m,3.5,3.5,2.0,656.0,420,0.01,2m,1.0,2.0,0.7,320,842.0,0.001,3m,2.0,3.0,1.0,534.0,230.0,0.002,4m,3.5,2.0,1.4,230.0,394.0,0.009000000000000001,2m,2.0,2.5,1.4,480.0,,,,,,,,474.0,0.008,3m,1.5,1.5,1.6,854.0,,,,,,,,0.05,7,COMPLETE
124,124,4.114253747372809,2025-06-15 00:30:13.570363,2025-06-15 00:30:17.480231,0 days 00:00:03.909868,,,,,,,,882.0,0.01,4m,1.5,2.5,1.7000000000000002,280.0,58.0,0.001,3m,3.5,3.0,0.6,776.0,444,0.01,2m,1.0,2.0,0.8,254,752.0,0.01,3m,2.0,3.5,0.8,494.0,304.0,0.001,4m,2.0,2.0,1.3,262.0,328.0,0.008,2m,1.5,2.5,1.4,582.0,,,,,,,,,,,,,,,,,,,,,,0.1,6,COMPLETE
125,125,5.646788829829453,2025-06-15 00:30:17.589750,2025-06-15 00:30:24.627595,0 days 00:00:07.037845,202.0,0.005,4m,1.5,2.5,0.5,596.0,414.0,0.01,4m,1.5,3.5,1.6,112.0,116.0,0.004,3m,3.0,2.0,1.9000000000000001,542.0,368,0.01,2m,1.0,2.0,0.7,374,812.0,0.001,3m,2.5,3.0,0.9,550.0,438.0,0.002,4m,3.0,2.0,0.6,286.0,432.0,0.005,2m,2.0,2.5,1.5,172.0,,,,,,,,544.0,0.009000000000000001,3m,1.5,1.5,1.7000000000000002,892.0,,,,,,,,0.1,8,COMPLETE
126,126,4.76553709051235,2025-06-15 00:30:24.760109,2025-06-15 00:30:29.170331,0 days 00:00:04.410222,,,,,,,,476.0,0.009000000000000001,4m,2.0,2.5,1.8,68.0,288.0,0.01,3m,2.5,3.0,2.0,498.0,508,0.01,2m,1.0,1.5,0.9,340,912.0,0.002,3m,2.0,2.5,0.8,464.0,274.0,0.003,4m,2.5,2.5,1.5,162.0,216.0,0.008,1m,1.0,2.5,1.6,434.0,,,,,,,,434.0,0.008,3m,2.5,1.5,1.7000000000000002,962.0,,,,,,,,0.2,7,COMPLETE
127,127,2.214831067923532,2025-06-15 00:30:29.261815,2025-06-15 00:30:33.426186,0 days 00:00:04.164371,632.0,0.006,4m,2.0,2.0,1.4,676.0,686.0,0.01,4m,1.5,2.0,1.7000000000000002,536.0,210.0,0.005,1m,3.0,4.0,1.0,576.0,344,0.009000000000000001,3m,1.0,2.5,0.5,420,888.0,0.001,4m,1.5,3.0,0.7,762.0,336.0,0.001,4m,1.5,3.0,1.4,108.0,358.0,0.006,2m,1.5,2.0,1.3,426.0,,,,,,,,498.0,0.01,3m,1.5,2.5,1.6,802.0,,,,,,,,0.05,8,COMPLETE
128,128,6.732410963049667,2025-06-15 00:30:33.514225,2025-06-15 00:30:37.742067,0 days 00:00:04.227842,96.0,0.004,1m,2.0,4.0,0.8,534.0,710.0,0.009000000000000001,4m,2.0,3.0,1.9000000000000001,232.0,32.0,0.003,2m,3.5,2.0,2.0,472.0,292,0.01,2m,1.0,2.0,0.7,390,400.0,0.009000000000000001,3m,2.0,3.5,0.9,516.0,80.0,0.001,4m,2.0,2.0,1.5,360.0,266.0,0.005,2m,2.5,3.0,1.1,244.0,,,,,,,,626.0,0.008,2m,2.0,1.0,1.8,816.0,,,,,,,,0.05,8,COMPLETE
129,129,1.7906135291107201,2025-06-15 00:30:37.825584,2025-06-15 00:30:40.852379,0 days 00:00:03.026795,,,,,,,,710.0,0.009000000000000001,3m,3.5,3.0,1.9000000000000001,216.0,98.0,0.003,2m,2.5,2.0,2.0,936.0,288,0.01,2m,2.0,2.0,0.8,222,486.0,0.01,3m,2.0,3.0,1.4,514.0,78.0,0.002,4m,1.5,2.0,1.6,454.0,258.0,0.006,2m,2.5,3.0,1.1,238.0,,,,,,,,,,,,,,,,,,,,,,0.3,6,COMPLETE
130,130,0.31772554890819915,2025-06-15 00:30:40.929893,2025-06-15 00:30:44.472808,0 days 00:00:03.542915,,,,,,,,322.0,0.008,4m,1.5,2.5,2.0,234.0,38.0,0.004,2m,3.5,2.0,1.9000000000000001,470.0,268,0.01,2m,1.0,2.0,0.7,240,364.0,0.008,3m,2.0,3.5,1.0,592.0,22.0,0.001,3m,2.0,1.5,1.5,350.0,280.0,0.003,2m,2.5,1.5,1.1,138.0,,,,,,,,632.0,0.008,2m,2.0,1.0,1.8,776.0,,,,,,,,0.25,7,COMPLETE
131,131,4.580575432316497,2025-06-15 00:30:44.573320,2025-06-15 00:30:48.705477,0 days 00:00:04.132157,104.0,0.004,1m,2.0,4.0,0.8,528.0,766.0,0.009000000000000001,4m,2.0,3.5,1.9000000000000001,266.0,20.0,0.004,2m,2.0,2.0,2.0,458.0,200,0.01,2m,1.0,2.0,0.7,390,338.0,0.008,3m,2.0,3.5,0.9,478.0,40.0,0.001,4m,2.0,2.0,1.5,316.0,300.0,0.005,2m,2.5,2.5,1.2000000000000002,346.0,,,,,,,,782.0,0.008,2m,2.0,1.0,1.9000000000000001,856.0,,,,,,,,0.05,8,COMPLETE
132,132,5.0905938025940385,2025-06-15 00:30:48.780988,2025-06-15 00:30:53.446420,0 days 00:00:04.665432,58.0,0.004,1m,2.0,4.0,0.9,576.0,662.0,0.01,4m,2.0,3.0,1.8,286.0,72.0,0.001,2m,3.5,2.5,1.9000000000000001,392.0,138,0.01,2m,1.0,2.0,0.6,364,460.0,0.009000000000000001,3m,2.0,3.5,0.9,552.0,148.0,0.001,4m,2.0,2.0,1.4,218.0,166.0,0.005,2m,2.5,3.0,0.9,304.0,752.0,0.006,4m,1.0,1.5,0.7,84.0,704.0,0.007,2m,1.5,4.0,1.7000000000000002,820.0,,,,,,,,0.1,9,COMPLETE
133,133,4.351271310749323,2025-06-15 00:30:53.543464,2025-06-15 00:30:57.848304,0 days 00:00:04.304840,166.0,0.005,1m,2.0,4.0,0.9,414.0,366.0,0.01,4m,2.0,3.5,1.2000000000000002,176.0,496.0,0.003,3m,3.5,2.0,1.8,550.0,480,0.004,2m,1.0,1.5,0.8,314,416.0,0.001,3m,2.5,3.5,0.9,574.0,216.0,0.002,4m,2.0,2.0,1.5,254.0,238.0,0.005,2m,2.0,3.5,1.1,202.0,,,,,,,,588.0,0.009000000000000001,2m,2.0,1.0,1.8,1010.0,,,,,,,,0.05,8,COMPLETE
134,134,4.113495366478017,2025-06-15 00:30:57.950827,2025-06-15 00:31:02.201643,0 days 00:00:04.250816,86.0,0.004,1m,2.5,3.0,0.7,764.0,798.0,0.009000000000000001,4m,2.0,2.0,1.7000000000000002,576.0,180.0,0.002,3m,3.5,3.5,2.0,520.0,384,0.009000000000000001,4m,1.0,1.5,0.5,296,932.0,0.009000000000000001,3m,2.0,3.5,0.8,518.0,194.0,0.001,4m,2.0,2.5,1.4,282.0,322.0,0.004,2m,1.5,2.5,1.4,250.0,,,,,,,,536.0,0.008,1m,2.5,1.5,0.9,726.0,,,,,,,,0.05,8,COMPLETE
135,135,6.4237981847451975,2025-06-15 00:31:02.286159,2025-06-15 00:31:06.732082,0 days 00:00:04.445923,40.0,0.006,4m,2.0,3.5,0.6,506.0,748.0,0.01,4m,2.0,2.5,1.0,900.0,222.0,0.004,3m,3.0,1.0,1.1,844.0,422,0.01,2m,1.0,2.0,0.7,406,862.0,0.004,3m,1.5,4.0,0.9,606.0,248.0,0.002,4m,1.5,2.0,0.8,372.0,132.0,0.005,1m,1.5,2.5,1.0,112.0,,,,,,,,484.0,0.007,2m,2.0,1.0,2.0,912.0,,,,,,,,0.05,8,COMPLETE
136,136,-5.223368450872904,2025-06-15 00:31:06.822600,2025-06-15 00:31:09.388695,0 days 00:00:02.566095,,,,,,,,638.0,0.009000000000000001,4m,2.0,3.5,1.1,624.0,,,,,,,,542,0.01,3m,1.0,2.0,0.6,268,536.0,0.002,3m,2.0,3.0,1.0,500.0,92.0,0.001,4m,2.0,2.5,1.3,196.0,270.0,0.006,3m,1.0,3.0,1.2000000000000002,184.0,,,,,,,,,,,,,,,,,,,,,,0.25,5,COMPLETE
137,137,1.9824604655104543,2025-06-15 00:31:09.462209,2025-06-15 00:31:13.212115,0 days 00:00:03.749906,,,,,,,,708.0,0.01,4m,2.0,3.0,1.9000000000000001,244.0,330.0,0.005,2m,3.5,1.5,1.5,184.0,328,0.009000000000000001,2m,1.0,1.5,0.9,122,834.0,0.001,1m,2.5,3.5,0.8,446.0,174.0,0.002,4m,2.0,2.0,1.6,328.0,98.0,0.007,2m,3.0,3.5,1.3,942.0,,,,,,,,568.0,0.006,3m,1.5,2.0,1.6,682.0,,,,,,,,0.1,7,COMPLETE
138,138,2.256937379404065,2025-06-15 00:31:13.298628,2025-06-15 00:31:18.064081,0 days 00:00:04.765453,266.0,0.003,4m,1.5,2.5,0.8,460.0,934.0,0.001,4m,2.5,4.0,1.6,162.0,60.0,0.004,4m,4.0,2.5,1.9000000000000001,974.0,166,0.009000000000000001,4m,1.0,2.0,0.8,354,208.0,0.001,3m,2.0,2.5,1.7000000000000002,16.0,406.0,0.001,4m,1.5,2.0,1.4,236.0,308.0,0.008,2m,2.0,2.5,1.4,58.0,280.0,0.008,3m,2.5,2.5,0.5,228.0,440.0,0.01,4m,1.5,1.5,1.4,822.0,,,,,,,,0.05,9,COMPLETE
139,139,7.45617211207323,2025-06-15 00:31:18.165617,2025-06-15 00:31:22.488058,0 days 00:00:04.322441,122.0,0.005,2m,3.0,3.5,1.2000000000000002,618.0,340.0,0.01,4m,1.5,2.0,1.8,198.0,144.0,0.005,3m,3.5,3.5,2.0,358.0,268,0.01,2m,1.5,1.5,0.7,382,980.0,0.002,3m,2.0,3.0,0.9,626.0,374.0,0.005,4m,2.0,4.0,1.2000000000000002,302.0,374.0,0.006,4m,2.5,4.0,1.5,222.0,,,,,,,,408.0,0.009000000000000001,2m,1.0,1.0,1.0,878.0,,,,,,,,0.25,8,COMPLETE
140,140,-0.6189786459530723,2025-06-15 00:31:22.569571,2025-06-15 00:31:26.906319,0 days 00:00:04.336748,112.0,0.005,2m,3.0,3.0,1.0,650.0,270.0,0.01,4m,1.5,2.0,1.8,192.0,112.0,0.005,3m,3.0,3.5,2.0,296.0,266,0.01,2m,1.5,2.5,0.7,56,996.0,0.002,3m,2.0,3.0,0.7,174.0,366.0,0.007,1m,2.0,4.0,1.1,564.0,568.0,0.006,4m,2.5,4.0,1.5,222.0,,,,,,,,408.0,0.009000000000000001,2m,1.5,1.0,1.1,870.0,,,,,,,,0.25,8,COMPLETE
141,141,1.90718549196317,2025-06-15 00:31:26.989366,2025-06-15 00:31:31.341253,0 days 00:00:04.351887,182.0,0.005,2m,3.0,3.5,1.2000000000000002,606.0,328.0,0.01,4m,1.5,2.0,1.7000000000000002,210.0,36.0,0.005,3m,3.5,3.5,2.0,348.0,242,0.01,2m,1.0,1.5,0.7,374,974.0,0.003,3m,2.0,3.0,0.9,708.0,384.0,0.003,4m,2.0,4.0,1.2000000000000002,290.0,370.0,0.005,4m,2.5,2.5,1.5,162.0,,,,,,,,454.0,0.01,2m,1.0,1.0,1.0,16.0,,,,,,,,0.25,8,COMPLETE
142,142,7.260357686686676,2025-06-15 00:31:31.432776,2025-06-15 00:31:35.714176,0 days 00:00:04.281400,48.0,0.005,2m,2.5,4.0,1.5,558.0,348.0,0.007,4m,1.5,2.0,2.0,382.0,142.0,0.006,3m,3.5,4.0,1.9000000000000001,424.0,292,0.01,2m,2.0,1.5,0.6,338,884.0,0.002,3m,2.0,3.0,0.8,650.0,324.0,0.005,4m,2.0,4.0,1.2000000000000002,270.0,344.0,0.006,4m,2.5,4.0,1.5,382.0,,,,,,,,382.0,0.009000000000000001,2m,1.0,1.0,1.5,970.0,,,,,,,,0.25,8,COMPLETE
143,143,8.268533544941617,2025-06-15 00:31:35.804688,2025-06-15 00:31:39.968299,0 days 00:00:04.163611,50.0,0.005,2m,2.5,3.0,0.7,542.0,344.0,0.007,4m,1.5,2.0,2.0,386.0,138.0,0.004,3m,3.5,3.5,1.9000000000000001,432.0,292,0.01,2m,2.0,1.5,0.7,334,942.0,0.002,3m,2.0,3.0,0.8,650.0,430.0,0.005,4m,2.0,4.0,1.2000000000000002,264.0,344.0,0.006,4m,2.5,4.0,1.5,382.0,,,,,,,,386.0,0.009000000000000001,2m,1.0,1.0,1.5,1004.0,,,,,,,,0.25,8,COMPLETE
144,144,6.753418751707239,2025-06-15 00:31:40.069340,2025-06-15 00:31:44.215777,0 days 00:00:04.146437,52.0,0.005,2m,2.5,3.0,0.7,572.0,340.0,0.007,4m,1.5,2.0,2.0,396.0,146.0,0.004,3m,3.5,3.5,1.9000000000000001,400.0,302,0.01,2m,2.5,1.5,0.6,290,932.0,0.002,3m,2.0,3.0,0.8,654.0,450.0,0.005,4m,2.0,4.0,1.1,260.0,390.0,0.006,4m,2.5,4.0,1.5,412.0,,,,,,,,372.0,0.009000000000000001,2m,1.0,1.0,1.5,970.0,,,,,,,,0.25,8,COMPLETE
145,145,-2.8907138340244414,2025-06-15 00:31:44.310289,2025-06-15 00:31:48.503618,0 days 00:00:04.193329,44.0,0.005,2m,2.5,3.0,0.7,710.0,308.0,0.007,4m,1.5,2.0,2.0,400.0,156.0,0.004,3m,3.5,3.5,1.8,426.0,214,0.01,2m,2.0,1.5,0.6,284,952.0,0.002,3m,2.0,3.0,0.7,656.0,450.0,0.005,4m,2.5,4.0,1.0,264.0,406.0,0.006,4m,2.5,4.0,1.5,412.0,,,,,,,,378.0,0.009000000000000001,2m,1.0,1.0,1.5,1008.0,,,,,,,,0.25,8,COMPLETE
