,number,value,datetime_start,datetime_complete,duration,params_AAPL_CTAS_beta_win,params_AAPL_CTAS_stop_loss,params_AAPL_CTAS_trade_freq,params_AAPL_CTAS_z_entry,params_AAPL_CTAS_z_exit,params_AAPL_CTAS_z_stop_scaler,params_AAPL_CTAS_z_win,params_AAPL_META_beta_win,params_AAPL_META_stop_loss,params_AAPL_META_trade_freq,params_AAPL_META_z_entry,params_AAPL_META_z_exit,params_AAPL_META_z_stop_scaler,params_AAPL_META_z_win,params_ABNB_ADI_beta_win,params_ABNB_ADI_stop_loss,params_ABNB_ADI_trade_freq,params_ABNB_ADI_z_entry,params_ABNB_ADI_z_exit,params_ABNB_ADI_z_stop_scaler,params_ABNB_ADI_z_win,params_ADBE_DXCM_beta_win,params_ADBE_DXCM_stop_loss,params_ADBE_DXCM_trade_freq,params_ADBE_DXCM_z_entry,params_ADBE_DXCM_z_exit,params_ADBE_DXCM_z_stop_scaler,params_ADBE_DXCM_z_win,params_ADBE_WDAY_beta_win,params_ADBE_WDAY_stop_loss,params_ADBE_WDAY_trade_freq,params_ADBE_WDAY_z_entry,params_ADBE_WDAY_z_exit,params_ADBE_WDAY_z_stop_scaler,params_ADBE_WDAY_z_win,params_ADSK_MELI_beta_win,params_ADSK_MELI_stop_loss,params_ADSK_MELI_trade_freq,params_ADSK_MELI_z_entry,params_ADSK_MELI_z_exit,params_ADSK_MELI_z_stop_scaler,params_ADSK_MELI_z_win,params_AEP_TMUS_beta_win,params_AEP_TMUS_stop_loss,params_AEP_TMUS_trade_freq,params_AEP_TMUS_z_entry,params_AEP_TMUS_z_exit,params_AEP_TMUS_z_stop_scaler,params_AEP_TMUS_z_win,params_AMZN_CTAS_beta_win,params_AMZN_CTAS_stop_loss,params_AMZN_CTAS_trade_freq,params_AMZN_CTAS_z_entry,params_AMZN_CTAS_z_exit,params_AMZN_CTAS_z_stop_scaler,params_AMZN_CTAS_z_win,params_AMZN_DXCM_beta_win,params_AMZN_DXCM_stop_loss,params_AMZN_DXCM_trade_freq,params_AMZN_DXCM_z_entry,params_AMZN_DXCM_z_exit,params_AMZN_DXCM_z_stop_scaler,params_AMZN_DXCM_z_win,params_COST_DXCM_beta_win,params_COST_DXCM_stop_loss,params_COST_DXCM_trade_freq,params_COST_DXCM_z_entry,params_COST_DXCM_z_exit,params_COST_DXCM_z_stop_scaler,params_COST_DXCM_z_win,params_CSCO_ADI_beta_win,params_CSCO_ADI_stop_loss,params_CSCO_ADI_trade_freq,params_CSCO_ADI_z_entry,params_CSCO_ADI_z_exit,params_CSCO_ADI_z_stop_scaler,params_CSCO_ADI_z_win,params_CSGP_DXCM_beta_win,params_CSGP_DXCM_stop_loss,params_CSGP_DXCM_trade_freq,params_CSGP_DXCM_z_entry,params_CSGP_DXCM_z_exit,params_CSGP_DXCM_z_stop_scaler,params_CSGP_DXCM_z_win,params_CSX_DXCM_beta_win,params_CSX_DXCM_stop_loss,params_CSX_DXCM_trade_freq,params_CSX_DXCM_z_entry,params_CSX_DXCM_z_exit,params_CSX_DXCM_z_stop_scaler,params_CSX_DXCM_z_win,params_DXCM_FAST_beta_win,params_DXCM_FAST_stop_loss,params_DXCM_FAST_trade_freq,params_DXCM_FAST_z_entry,params_DXCM_FAST_z_exit,params_DXCM_FAST_z_stop_scaler,params_DXCM_FAST_z_win,params_DXCM_HON_beta_win,params_DXCM_HON_stop_loss,params_DXCM_HON_trade_freq,params_DXCM_HON_z_entry,params_DXCM_HON_z_exit,params_DXCM_HON_z_stop_scaler,params_DXCM_HON_z_win,params_GOOGL_MU_beta_win,params_GOOGL_MU_stop_loss,params_GOOGL_MU_trade_freq,params_GOOGL_MU_z_entry,params_GOOGL_MU_z_exit,params_GOOGL_MU_z_stop_scaler,params_GOOGL_MU_z_win,params_GOOG_MU_beta_win,params_GOOG_MU_stop_loss,params_GOOG_MU_trade_freq,params_GOOG_MU_z_entry,params_GOOG_MU_z_exit,params_GOOG_MU_z_stop_scaler,params_GOOG_MU_z_win,params_NFLX_DXCM_beta_win,params_NFLX_DXCM_stop_loss,params_NFLX_DXCM_trade_freq,params_NFLX_DXCM_z_entry,params_NFLX_DXCM_z_exit,params_NFLX_DXCM_z_stop_scaler,params_NFLX_DXCM_z_win,params_SIRI_ADI_beta_win,params_SIRI_ADI_stop_loss,params_SIRI_ADI_trade_freq,params_SIRI_ADI_z_entry,params_SIRI_ADI_z_exit,params_SIRI_ADI_z_stop_scaler,params_SIRI_ADI_z_win,params_TTD_CTAS_beta_win,params_TTD_CTAS_stop_loss,params_TTD_CTAS_trade_freq,params_TTD_CTAS_z_entry,params_TTD_CTAS_z_exit,params_TTD_CTAS_z_stop_scaler,params_TTD_CTAS_z_win,params_buffer_capital,params_pairs_to_trade,state
144,144,0.009874610138271142,2025-06-21 19:35:43.094040,2025-06-21 19:35:44.545746,0 days 00:00:01.451706,,,,,,,,6032.0,0.015,5m,1.4,0.0,0.5,232.0,,,,,,,,,,,,,,,,,,,,,,,,,,,,,,,,,,,,,,,,,,,,,,,,,,,,,,,,,,,,,,,,,,,,,,,4176,0.015,5m,2.0,0.4,0.5,400,,,,,,,,,,,,,,,,,,,,,,,,,,,,,1592.0,0.01,3m,2.8,0.6000000000000001,2.0,504.0,,,,,,,,,,,,,,,0.5,3,COMPLETE
145,145,0.4651767498868918,2025-06-21 19:35:44.604260,2025-06-21 19:35:45.584406,0 days 00:00:00.980146,,,,,,,,,,,,,,,,,,,,,,,,,,,,,,,,,,,,,,,,,,,,,,,,,,,,,,,,,,,,,,,,,,,,,,,,,,,,,,,,,,,,,7664,0.015,5m,1.8,0.4,0.5,384,,,,,,,,,,,,,,,,,,,,,,,,,,,,,2304.0,0.01,3m,2.8,0.6000000000000001,2.0,464.0,,,,,,,,,,,,,,,0.5,2,COMPLETE
146,146,1.367286123211065,2025-06-21 19:35:45.658916,2025-06-21 19:35:47.630143,0 days 00:00:01.971227,,,,,,,,6376.0,0.015,4m,1.4,0.0,0.5,200.0,,,,,,,,,,,,,,,,,,,,,,,,,,,,,,,,,,,,,,,,,,,,,,,,,,,,,,,,,,,,,,,,3640.0,0.015,5m,3.0,0.0,0.5,720.0,8008,0.015,5m,1.8,0.4,0.5,424,,,,,,,,,,,,,,,,,,,,,,,,,,,,,1400.0,0.01,3m,3.0,0.6000000000000001,2.0,512.0,,,,,,,,,,,,,,,0.5,4,COMPLETE
147,147,1.44414100079619,2025-06-21 19:35:47.689152,2025-06-21 19:35:49.194363,0 days 00:00:01.505211,,,,,,,,6392.0,0.015,4m,1.4,0.0,0.5,192.0,,,,,,,,,,,,,,,,,,,,,,,,,,,,,,,,,,,,,,,,,,,,,,,,,,,,,,,,,,,,,,,,,,,,,,,8032,0.015,5m,1.8,0.4,0.5,416,,,,,,,,,,,,,,,,,,,,,,,,,,,,,1120.0,0.01,3m,3.0,0.6000000000000001,2.0,536.0,,,,,,,,,,,,,,,0.5,3,COMPLETE
148,148,0.8762669251863597,2025-06-21 19:35:49.266822,2025-06-21 19:35:51.384676,0 days 00:00:02.117854,,,,,,,,6352.0,0.015,4m,1.4,0.0,0.5,192.0,,,,,,,,,,,,,,,,,,,,,,,,,,,,,,,,,,,,,,,,,,,,,,,,,,,,,,,,,,,,,,,,4224.0,0.015,5m,3.0,0.0,0.5,800.0,8048,0.015,5m,1.8,0.4,0.5,416,,,,,,,,,,,,,,,,,,,,,,,,,,,,,1168.0,0.01,3m,3.0,0.6000000000000001,2.0,536.0,,,,,,,,,,,,,,,0.5,4,COMPLETE
149,149,0.17275458432855942,2025-06-21 19:35:51.443187,2025-06-21 19:35:52.576919,0 days 00:00:01.133732,,,,,,,,,,,,,,,,,,,,,,,,,,,,,,,,,,,,,,,,,,,,,,,,,,,,,,,,,,,,,,,,,,,,,,,,,,,,,,,,,,,,,8160,0.015,5m,1.8,0.4,0.5,424,,,,,,,,,,,,,,,,,,,,,,,,,,,,,1424.0,0.01,3m,3.0,0.6000000000000001,2.0,504.0,,,,,,,,,,,,,,,0.5,2,COMPLETE
