,number,value,datetime_start,datetime_complete,duration,params_ABNB_EBAY_beta_win,params_ABNB_EBAY_stop_loss,params_ABNB_EBAY_trade_freq,params_ABNB_EBAY_z_entry,params_ABNB_EBAY_z_exit,params_ABNB_EBAY_z_stop_scaler,params_ABNB_EBAY_z_win,params_ADSK_PCAR_beta_win,params_ADSK_PCAR_stop_loss,params_ADSK_PCAR_trade_freq,params_ADSK_PCAR_z_entry,params_ADSK_PCAR_z_exit,params_ADSK_PCAR_z_stop_scaler,params_ADSK_PCAR_z_win,params_ALGN_IDXX_beta_win,params_ALGN_IDXX_stop_loss,params_ALGN_IDXX_trade_freq,params_ALGN_IDXX_z_entry,params_ALGN_IDXX_z_exit,params_ALGN_IDXX_z_stop_scaler,params_ALGN_IDXX_z_win,params_ALGN_ISRG_beta_win,params_ALGN_ISRG_stop_loss,params_ALGN_ISRG_trade_freq,params_ALGN_ISRG_z_entry,params_ALGN_ISRG_z_exit,params_ALGN_ISRG_z_stop_scaler,params_ALGN_ISRG_z_win,params_AMD_LRCX_beta_win,params_AMD_LRCX_stop_loss,params_AMD_LRCX_trade_freq,params_AMD_LRCX_z_entry,params_AMD_LRCX_z_exit,params_AMD_LRCX_z_stop_scaler,params_AMD_LRCX_z_win,params_BIDU_ZM_beta_win,params_BIDU_ZM_stop_loss,params_BIDU_ZM_trade_freq,params_BIDU_ZM_z_entry,params_BIDU_ZM_z_exit,params_BIDU_ZM_z_stop_scaler,params_BIDU_ZM_z_win,params_CSCO_WDAY_beta_win,params_CSCO_WDAY_stop_loss,params_CSCO_WDAY_trade_freq,params_CSCO_WDAY_z_entry,params_CSCO_WDAY_z_exit,params_CSCO_WDAY_z_stop_scaler,params_CSCO_WDAY_z_win,params_DDOG_GOOGL_beta_win,params_DDOG_GOOGL_stop_loss,params_DDOG_GOOGL_trade_freq,params_DDOG_GOOGL_z_entry,params_DDOG_GOOGL_z_exit,params_DDOG_GOOGL_z_stop_scaler,params_DDOG_GOOGL_z_win,params_DDOG_GOOG_beta_win,params_DDOG_GOOG_stop_loss,params_DDOG_GOOG_trade_freq,params_DDOG_GOOG_z_entry,params_DDOG_GOOG_z_exit,params_DDOG_GOOG_z_stop_scaler,params_DDOG_GOOG_z_win,params_DDOG_ZS_beta_win,params_DDOG_ZS_stop_loss,params_DDOG_ZS_trade_freq,params_DDOG_ZS_z_entry,params_DDOG_ZS_z_exit,params_DDOG_ZS_z_stop_scaler,params_DDOG_ZS_z_win,params_EBAY_ISRG_beta_win,params_EBAY_ISRG_stop_loss,params_EBAY_ISRG_trade_freq,params_EBAY_ISRG_z_entry,params_EBAY_ISRG_z_exit,params_EBAY_ISRG_z_stop_scaler,params_EBAY_ISRG_z_win,params_EBAY_SPLK_beta_win,params_EBAY_SPLK_stop_loss,params_EBAY_SPLK_trade_freq,params_EBAY_SPLK_z_entry,params_EBAY_SPLK_z_exit,params_EBAY_SPLK_z_stop_scaler,params_EBAY_SPLK_z_win,params_EBAY_SWKS_beta_win,params_EBAY_SWKS_stop_loss,params_EBAY_SWKS_trade_freq,params_EBAY_SWKS_z_entry,params_EBAY_SWKS_z_exit,params_EBAY_SWKS_z_stop_scaler,params_EBAY_SWKS_z_win,params_EBAY_WDAY_beta_win,params_EBAY_WDAY_stop_loss,params_EBAY_WDAY_trade_freq,params_EBAY_WDAY_z_entry,params_EBAY_WDAY_z_exit,params_EBAY_WDAY_z_stop_scaler,params_EBAY_WDAY_z_win,params_GOOG_GOOGL_beta_win,params_GOOG_GOOGL_stop_loss,params_GOOG_GOOGL_trade_freq,params_GOOG_GOOGL_z_entry,params_GOOG_GOOGL_z_exit,params_GOOG_GOOGL_z_stop_scaler,params_GOOG_GOOGL_z_win,params_ISRG_SWKS_beta_win,params_ISRG_SWKS_stop_loss,params_ISRG_SWKS_trade_freq,params_ISRG_SWKS_z_entry,params_ISRG_SWKS_z_exit,params_ISRG_SWKS_z_stop_scaler,params_ISRG_SWKS_z_win,params_MELI_MSFT_beta_win,params_MELI_MSFT_stop_loss,params_MELI_MSFT_trade_freq,params_MELI_MSFT_z_entry,params_MELI_MSFT_z_exit,params_MELI_MSFT_z_stop_scaler,params_MELI_MSFT_z_win,params_MNST_WBA_beta_win,params_MNST_WBA_stop_loss,params_MNST_WBA_trade_freq,params_MNST_WBA_z_entry,params_MNST_WBA_z_exit,params_MNST_WBA_z_stop_scaler,params_MNST_WBA_z_win,params_MSFT_PYPL_beta_win,params_MSFT_PYPL_stop_loss,params_MSFT_PYPL_trade_freq,params_MSFT_PYPL_z_entry,params_MSFT_PYPL_z_exit,params_MSFT_PYPL_z_stop_scaler,params_MSFT_PYPL_z_win,params_TSLA_VRSK_beta_win,params_TSLA_VRSK_stop_loss,params_TSLA_VRSK_trade_freq,params_TSLA_VRSK_z_entry,params_TSLA_VRSK_z_exit,params_TSLA_VRSK_z_stop_scaler,params_TSLA_VRSK_z_win,params_buffer_capital,params_pairs_to_trade,state
136,136,1.448307711762219,2025-06-21 19:24:44.641774,2025-06-21 19:24:47.774664,0 days 00:00:03.132890,4680.0,0.015,5m,1.0,0.4,2.0,712.0,,,,,,,,,,,,,,,3752.0,0.01,3m,1.8,0.6000000000000001,1.0,368.0,6744.0,0.01,5m,2.2,0.0,0.5,368.0,,,,,,,,6696.0,0.015,3m,1.0,1.0,0.5,960.0,,,,,,,,,,,,,,,4368.0,0.01,5m,2.2,0.0,2.0,144.0,,,,,,,,1776.0,0.015,3m,2.4000000000000004,1.0,0.5,872.0,,,,,,,,,,,,,,,1816.0,0.01,4m,2.6,0.2,1.0,552.0,,,,,,,,,,,,,,,6304,0.01,5m,1.0,0.2,1.5,792,,,,,,,,,,,,,,,0.15000000000000002,8,COMPLETE
137,137,1.094922794781186,2025-06-21 19:24:47.860609,2025-06-21 19:24:51.118144,0 days 00:00:03.257535,7720.0,0.015,5m,1.0,0.4,2.0,696.0,,,,,,,,,,,,,,,3440.0,0.01,3m,1.8,0.8,1.0,456.0,,,,,,,,,,,,,,,6624.0,0.015,5m,1.0,1.0,0.5,984.0,,,,,,,,,,,,,,,3464.0,0.01,5m,1.2,0.0,2.0,176.0,,,,,,,,1040.0,0.015,3m,2.2,1.0,0.5,928.0,,,,,,,,,,,,,,,1952.0,0.01,4m,2.4000000000000004,0.2,1.0,520.0,,,,,,,,,,,,,,,6616,0.01,5m,1.0,0.2,1.5,752,,,,,,,,,,,,,,,0.2,7,COMPLETE
138,138,1.430825505756335,2025-06-21 19:24:51.214067,2025-06-21 19:24:54.286780,0 days 00:00:03.072713,3040.0,0.015,5m,1.0,0.4,2.0,784.0,,,,,,,,,,,,,,,2880.0,0.01,3m,2.0,0.6000000000000001,1.0,544.0,,,,,,,,,,,,,,,6848.0,0.015,3m,1.0,1.0,0.5,1024.0,,,,,,,,,,,,,,,4528.0,0.01,5m,1.2,0.0,2.0,120.0,,,,,,,,2336.0,0.015,3m,2.6,1.0,0.5,888.0,,,,,,,,,,,,,,,1472.0,0.01,4m,2.6,0.2,1.0,984.0,,,,,,,,,,,,,,,6840,0.01,5m,1.2,0.2,1.5,856,,,,,,,,,,,,,,,0.25,7,COMPLETE
139,139,0.9324426549472336,2025-06-21 19:24:54.378995,2025-06-21 19:24:57.013924,0 days 00:00:02.634929,3672.0,0.015,5m,1.2,0.4,2.0,632.0,,,,,,,,,,,,,,,3848.0,0.01,3m,1.6,0.6000000000000001,1.0,416.0,,,,,,,,,,,,,,,6296.0,0.015,2m,1.0,1.0,0.5,960.0,,,,,,,,,,,,,,,4952.0,0.01,5m,1.4,0.0,2.0,88.0,,,,,,,,,,,,,,,,,,,,,,,,,,,,,2232.0,0.01,4m,2.4000000000000004,0.0,1.0,480.0,,,,,,,,,,,,,,,6448,0.01,5m,1.0,0.2,1.5,712,,,,,,,,,,,,,,,0.2,6,COMPLETE
140,140,0.9234169841633546,2025-06-21 19:24:57.096235,2025-06-21 19:24:59.820508,0 days 00:00:02.724273,4416.0,0.015,5m,1.0,0.6000000000000001,2.0,720.0,,,,,,,,,,,,,,,3040.0,0.01,3m,1.8,0.6000000000000001,1.0,352.0,,,,,,,,,,,,,,,6248.0,0.015,3m,1.0,1.0,0.5,992.0,,,,,,,,,,,,,,,4208.0,0.01,5m,1.0,0.2,2.0,136.0,,,,,,,,,,,,,,,,,,,,,,,,,,,,,1680.0,0.01,4m,2.4000000000000004,0.2,1.0,440.0,,,,,,,,,,,,,,,7368,0.015,5m,1.0,0.2,1.5,832,,,,,,,,,,,,,,,0.2,6,COMPLETE
141,141,1.4060086330324038,2025-06-21 19:24:59.913732,2025-06-21 19:25:03.245169,0 days 00:00:03.331437,4224.0,0.015,5m,1.0,0.4,2.0,832.0,,,,,,,,,,,,,,,3600.0,0.01,3m,2.0,0.6000000000000001,1.0,440.0,,,,,,,,,,,,,,,5736.0,0.015,3m,1.0,1.0,1.5,880.0,,,,,,,,,,,,,,,4096.0,0.01,5m,1.2,0.0,2.0,656.0,,,,,,,,2032.0,0.015,3m,2.4000000000000004,1.0,0.5,800.0,,,,,,,,,,,,,,,1232.0,0.01,4m,2.6,0.0,1.0,456.0,,,,,,,,,,,,,,,5888,0.01,5m,2.2,0.0,1.5,280,,,,,,,,,,,,,,,0.2,7,COMPLETE
142,142,1.8099149964920296,2025-06-21 19:25:03.342176,2025-06-21 19:25:06.121857,0 days 00:00:02.779681,3944.0,0.015,5m,1.0,0.4,2.0,744.0,,,,,,,,,,,,,,,3336.0,0.01,3m,1.8,0.6000000000000001,1.5,480.0,,,,,,,,,,,,,,,6480.0,0.015,3m,1.0,1.0,0.5,856.0,,,,,,,,,,,,,,,3240.0,0.01,5m,1.2,0.0,2.0,408.0,,,,,,,,1456.0,0.015,3m,2.4000000000000004,1.0,0.5,848.0,,,,,,,,,,,,,,,1968.0,0.01,4m,2.8,0.2,1.0,408.0,,,,,,,,,,,,,,,6720,0.01,5m,1.0,0.2,1.5,776,,,,,,,,,,,,,,,0.25,7,COMPLETE
143,143,2.657980803830626,2025-06-21 19:25:06.202395,2025-06-21 19:25:09.890773,0 days 00:00:03.688378,4544.0,0.015,5m,1.2,0.4,2.0,776.0,,,,,,,,,,,,,,,3192.0,0.01,1m,2.0,0.4,1.0,520.0,4400.0,0.02,1m,2.0,0.8,1.5,608.0,,,,,,,,6544.0,0.015,3m,1.0,1.0,0.5,928.0,,,,,,,,,,,,,,,3968.0,0.01,5m,1.2,0.0,2.0,112.0,,,,,,,,2576.0,0.015,3m,2.4000000000000004,1.0,0.5,824.0,,,,,,,,,,,,,,,1432.0,0.02,4m,2.2,0.0,1.0,400.0,,,,,,,,,,,,,,,6104,0.01,5m,1.0,0.2,1.5,800,,,,,,,,,,,,,,,0.2,8,COMPLETE
144,144,1.6325916800096028,2025-06-21 19:25:09.979954,2025-06-21 19:25:13.448397,0 days 00:00:03.468443,5168.0,0.015,5m,1.2,0.4,2.0,768.0,,,,,,,,,,,,,,,3128.0,0.01,1m,2.0,0.6000000000000001,1.0,536.0,4464.0,0.02,1m,2.0,0.8,1.0,608.0,,,,,,,,6168.0,0.015,3m,1.0,1.0,0.5,928.0,,,,,,,,,,,,,,,4024.0,0.01,5m,1.2,0.0,2.0,112.0,,,,,,,,2512.0,0.015,3m,2.4000000000000004,1.0,0.5,824.0,,,,,,,,,,,,,,,1024.0,0.02,4m,2.2,0.0,1.0,392.0,,,,,,,,,,,,,,,6280,0.01,5m,1.0,0.2,1.5,808,,,,,,,,,,,,,,,0.2,8,COMPLETE
145,145,0.6565901338587775,2025-06-21 19:25:13.519309,2025-06-21 19:25:17.710236,0 days 00:00:04.190927,4672.0,0.015,5m,1.2,0.2,2.0,800.0,,,,,,,,1512.0,0.02,2m,2.8,0.0,0.5,112.0,2432.0,0.01,1m,2.0,0.4,1.0,520.0,4112.0,0.02,1m,1.8,1.0,2.0,728.0,,,,,,,,6792.0,0.015,3m,1.0,1.0,0.5,944.0,,,,,,,,,,,,,,,3792.0,0.01,5m,1.0,0.8,2.0,144.0,,,,,,,,1600.0,0.015,3m,2.6,1.0,0.5,904.0,,,,,,,,,,,,,,,1424.0,0.01,4m,2.2,0.0,1.0,344.0,,,,,,,,,,,,,,,6920,0.01,5m,1.2,0.2,1.5,800,,,,,,,,,,,,,,,0.15000000000000002,9,COMPLETE
146,146,1.4965716210236941,2025-06-21 19:25:17.804951,2025-06-21 19:25:21.379318,0 days 00:00:03.574367,5008.0,0.015,5m,1.4,0.2,2.0,752.0,,,,,,,,,,,,,,,3488.0,0.01,1m,1.8,0.6000000000000001,1.0,560.0,4832.0,0.02,1m,2.0,0.8,1.5,648.0,,,,,,,,7248.0,0.015,3m,1.0,1.0,0.5,976.0,,,,,,,,,,,,,,,3576.0,0.01,5m,1.4,0.0,2.0,64.0,,,,,,,,1832.0,0.015,3m,2.2,1.0,0.5,760.0,,,,,,,,,,,,,,,6968.0,0.02,4m,2.0,0.0,1.0,496.0,,,,,,,,,,,,,,,6544,0.01,5m,1.0,0.2,1.5,736,,,,,,,,,,,,,,,0.25,8,COMPLETE
147,147,2.0229836166262,2025-06-21 19:25:21.505905,2025-06-21 19:25:24.277960,0 days 00:00:02.772055,4120.0,0.015,5m,1.0,0.6000000000000001,2.0,728.0,,,,,,,,,,,,,,,4256.0,0.01,1m,2.2,0.4,1.0,680.0,,,,,,,,,,,,,,,6544.0,0.015,4m,1.0,1.0,0.5,896.0,,,,,,,,,,,,,,,4464.0,0.01,4m,1.2,0.0,2.0,88.0,,,,,,,,,,,,,,,,,,,,,,,,,,,,,1696.0,0.02,4m,2.4000000000000004,0.0,1.0,832.0,,,,,,,,,,,,,,,6064,0.01,5m,1.0,0.2,1.5,832,,,,,,,,,,,,,,,0.2,6,COMPLETE
148,148,0.240112204837981,2025-06-21 19:25:24.359084,2025-06-21 19:25:27.759313,0 days 00:00:03.400229,4496.0,0.015,5m,1.0,0.4,2.0,784.0,,,,,,,,,,,,,,,2968.0,0.01,2m,1.8,0.6000000000000001,1.5,904.0,5192.0,0.02,5m,2.2,0.8,1.0,544.0,,,,,,,,7912.0,0.015,3m,1.0,0.8,0.5,960.0,,,,,,,,,,,,,,,3352.0,0.01,5m,1.0,0.0,2.0,168.0,,,,,,,,1280.0,0.015,3m,2.0,1.0,0.5,792.0,,,,,,,,,,,,,,,1192.0,0.01,4m,1.8,0.2,1.0,424.0,,,,,,,,,,,,,,,6368,0.01,5m,1.0,0.2,1.5,768,,,,,,,,,,,,,,,0.2,8,COMPLETE
149,149,0.9020023505910943,2025-06-21 19:25:27.844352,2025-06-21 19:25:31.009530,0 days 00:00:03.165178,4600.0,0.015,3m,1.2,0.4,2.0,688.0,,,,,,,,,,,,,,,3696.0,0.01,3m,2.8,0.4,1.0,384.0,,,,,,,,,,,,,,,6392.0,0.015,3m,2.4000000000000004,1.0,0.5,1008.0,,,,,,,,,,,,,,,3880.0,0.01,5m,1.4,0.0,2.0,120.0,,,,,,,,2104.0,0.015,3m,2.4000000000000004,1.0,0.5,968.0,,,,,,,,,,,,,,,1840.0,0.01,3m,2.2,0.0,1.0,360.0,,,,,,,,,,,,,,,7160,0.01,5m,1.2,0.0,1.5,792,,,,,,,,,,,,,,,0.2,7,COMPLETE
