,number,value,datetime_start,datetime_complete,duration,params_ABNB_EBAY_beta_win,params_ABNB_EBAY_stop_loss,params_ABNB_EBAY_trade_freq,params_ABNB_EBAY_z_entry,params_ABNB_EBAY_z_exit,params_ABNB_EBAY_z_stop_scaler,params_ABNB_EBAY_z_win,params_ADSK_PCAR_beta_win,params_ADSK_PCAR_stop_loss,params_ADSK_PCAR_trade_freq,params_ADSK_PCAR_z_entry,params_ADSK_PCAR_z_exit,params_ADSK_PCAR_z_stop_scaler,params_ADSK_PCAR_z_win,params_ALGN_IDXX_beta_win,params_ALGN_IDXX_stop_loss,params_ALGN_IDXX_trade_freq,params_ALGN_IDXX_z_entry,params_ALGN_IDXX_z_exit,params_ALGN_IDXX_z_stop_scaler,params_ALGN_IDXX_z_win,params_ALGN_ISRG_beta_win,params_ALGN_ISRG_stop_loss,params_ALGN_ISRG_trade_freq,params_ALGN_ISRG_z_entry,params_ALGN_ISRG_z_exit,params_ALGN_ISRG_z_stop_scaler,params_ALGN_ISRG_z_win,params_AMD_LRCX_beta_win,params_AMD_LRCX_stop_loss,params_AMD_LRCX_trade_freq,params_AMD_LRCX_z_entry,params_AMD_LRCX_z_exit,params_AMD_LRCX_z_stop_scaler,params_AMD_LRCX_z_win,params_BIDU_ZM_beta_win,params_BIDU_ZM_stop_loss,params_BIDU_ZM_trade_freq,params_BIDU_ZM_z_entry,params_BIDU_ZM_z_exit,params_BIDU_ZM_z_stop_scaler,params_BIDU_ZM_z_win,params_CSCO_WDAY_beta_win,params_CSCO_WDAY_stop_loss,params_CSCO_WDAY_trade_freq,params_CSCO_WDAY_z_entry,params_CSCO_WDAY_z_exit,params_CSCO_WDAY_z_stop_scaler,params_CSCO_WDAY_z_win,params_DDOG_GOOGL_beta_win,params_DDOG_GOOGL_stop_loss,params_DDOG_GOOGL_trade_freq,params_DDOG_GOOGL_z_entry,params_DDOG_GOOGL_z_exit,params_DDOG_GOOGL_z_stop_scaler,params_DDOG_GOOGL_z_win,params_DDOG_GOOG_beta_win,params_DDOG_GOOG_stop_loss,params_DDOG_GOOG_trade_freq,params_DDOG_GOOG_z_entry,params_DDOG_GOOG_z_exit,params_DDOG_GOOG_z_stop_scaler,params_DDOG_GOOG_z_win,params_DDOG_ZS_beta_win,params_DDOG_ZS_stop_loss,params_DDOG_ZS_trade_freq,params_DDOG_ZS_z_entry,params_DDOG_ZS_z_exit,params_DDOG_ZS_z_stop_scaler,params_DDOG_ZS_z_win,params_EBAY_ISRG_beta_win,params_EBAY_ISRG_stop_loss,params_EBAY_ISRG_trade_freq,params_EBAY_ISRG_z_entry,params_EBAY_ISRG_z_exit,params_EBAY_ISRG_z_stop_scaler,params_EBAY_ISRG_z_win,params_EBAY_SPLK_beta_win,params_EBAY_SPLK_stop_loss,params_EBAY_SPLK_trade_freq,params_EBAY_SPLK_z_entry,params_EBAY_SPLK_z_exit,params_EBAY_SPLK_z_stop_scaler,params_EBAY_SPLK_z_win,params_EBAY_SWKS_beta_win,params_EBAY_SWKS_stop_loss,params_EBAY_SWKS_trade_freq,params_EBAY_SWKS_z_entry,params_EBAY_SWKS_z_exit,params_EBAY_SWKS_z_stop_scaler,params_EBAY_SWKS_z_win,params_EBAY_WDAY_beta_win,params_EBAY_WDAY_stop_loss,params_EBAY_WDAY_trade_freq,params_EBAY_WDAY_z_entry,params_EBAY_WDAY_z_exit,params_EBAY_WDAY_z_stop_scaler,params_EBAY_WDAY_z_win,params_GOOG_GOOGL_beta_win,params_GOOG_GOOGL_stop_loss,params_GOOG_GOOGL_trade_freq,params_GOOG_GOOGL_z_entry,params_GOOG_GOOGL_z_exit,params_GOOG_GOOGL_z_stop_scaler,params_GOOG_GOOGL_z_win,params_ISRG_SWKS_beta_win,params_ISRG_SWKS_stop_loss,params_ISRG_SWKS_trade_freq,params_ISRG_SWKS_z_entry,params_ISRG_SWKS_z_exit,params_ISRG_SWKS_z_stop_scaler,params_ISRG_SWKS_z_win,params_MELI_MSFT_beta_win,params_MELI_MSFT_stop_loss,params_MELI_MSFT_trade_freq,params_MELI_MSFT_z_entry,params_MELI_MSFT_z_exit,params_MELI_MSFT_z_stop_scaler,params_MELI_MSFT_z_win,params_MNST_WBA_beta_win,params_MNST_WBA_stop_loss,params_MNST_WBA_trade_freq,params_MNST_WBA_z_entry,params_MNST_WBA_z_exit,params_MNST_WBA_z_stop_scaler,params_MNST_WBA_z_win,params_MSFT_PYPL_beta_win,params_MSFT_PYPL_stop_loss,params_MSFT_PYPL_trade_freq,params_MSFT_PYPL_z_entry,params_MSFT_PYPL_z_exit,params_MSFT_PYPL_z_stop_scaler,params_MSFT_PYPL_z_win,params_TSLA_VRSK_beta_win,params_TSLA_VRSK_stop_loss,params_TSLA_VRSK_trade_freq,params_TSLA_VRSK_z_entry,params_TSLA_VRSK_z_exit,params_TSLA_VRSK_z_stop_scaler,params_TSLA_VRSK_z_win,params_buffer_capital,params_pairs_to_trade,state
25,25,1.3913590499923991,2025-06-21 19:18:11.837010,2025-06-21 19:18:16.526835,0 days 00:00:04.689825,4384.0,0.015,1m,2.2,0.4,1.5,200.0,,,,,,,,7224.0,0.015,3m,1.6,1.0,2.0,496.0,5992.0,0.015,5m,1.4,0.4,2.0,488.0,5344.0,0.015,1m,1.0,0.6000000000000001,2.0,312.0,3136.0,0.01,5m,1.0,0.4,1.0,680.0,5096.0,0.02,3m,1.6,1.0,1.0,744.0,,,,,,,,,,,,,,,7648.0,0.015,4m,1.2,0.0,1.0,424.0,,,,,,,,3288.0,0.01,2m,2.4000000000000004,0.6000000000000001,1.5,664.0,6792.0,0.015,3m,2.8,1.0,2.0,448.0,,,,,,,,3448.0,0.015,5m,1.8,0.2,1.5,408.0,,,,,,,,5320.0,0.015,1m,1.6,0.8,1.0,672.0,5800,0.01,5m,2.4000000000000004,0.6000000000000001,1.0,264,,,,,,,,,,,,,,,0.25,12,COMPLETE
26,26,2.4285883129138996,2025-06-21 19:18:16.603629,2025-06-21 19:18:21.117437,0 days 00:00:04.513808,4312.0,0.02,1m,2.2,0.4,2.0,168.0,,,,,,,,7168.0,0.015,3m,1.6,1.0,2.0,472.0,5696.0,0.015,5m,1.4,0.4,2.0,480.0,3664.0,0.015,1m,1.0,0.6000000000000001,1.5,296.0,2600.0,0.01,5m,1.0,0.2,1.0,704.0,5256.0,0.015,3m,1.2,1.0,1.0,904.0,,,,,,,,,,,,,,,8136.0,0.015,2m,1.2,0.0,1.5,440.0,,,,,,,,3648.0,0.015,2m,2.4000000000000004,0.8,1.5,648.0,7104.0,0.015,3m,2.8,1.0,2.0,392.0,,,,,,,,3360.0,0.015,5m,1.0,0.4,1.5,416.0,,,,,,,,5128.0,0.015,1m,1.4,0.8,1.0,688.0,5760,0.01,5m,2.8,1.0,1.5,272,,,,,,,,,,,,,,,0.2,12,COMPLETE
27,27,0.8352332462695815,2025-06-21 19:18:21.169728,2025-06-21 19:18:26.402630,0 days 00:00:05.232902,3000.0,0.02,1m,1.8,0.0,2.0,128.0,7576.0,0.01,5m,2.0,0.4,1.0,1016.0,5616.0,0.02,3m,2.2,0.6000000000000001,2.0,248.0,1840.0,0.015,3m,2.6,0.2,2.0,488.0,3848.0,0.015,1m,1.0,0.8,1.5,64.0,2216.0,0.01,5m,1.8,0.2,0.5,832.0,6488.0,0.015,3m,1.2,1.0,1.0,920.0,4824.0,0.01,5m,2.0,0.4,1.0,624.0,,,,,,,,5216.0,0.01,2m,1.2,0.0,1.5,288.0,,,,,,,,2016.0,0.02,2m,2.8,0.8,1.0,928.0,8016.0,0.02,3m,2.8,0.8,2.0,376.0,,,,,,,,3024.0,0.01,5m,1.0,0.4,2.0,552.0,6584.0,0.01,3m,1.8,0.8,1.5,816.0,6408.0,0.015,1m,1.2,0.8,1.0,672.0,7448,0.01,5m,2.8,1.0,2.0,208,,,,,,,,,,,,,,,0.2,15,COMPLETE
28,28,3.927756298996141,2025-06-21 19:18:26.480634,2025-06-21 19:18:30.924162,0 days 00:00:04.443528,3904.0,0.02,1m,2.2,0.2,2.0,64.0,,,,,,,,6864.0,0.015,3m,1.2,0.4,1.5,664.0,4848.0,0.015,5m,2.0,0.2,1.5,304.0,3392.0,0.01,1m,1.8,0.6000000000000001,1.0,184.0,2432.0,0.015,5m,1.2,0.2,1.0,584.0,6024.0,0.015,3m,1.2,0.6000000000000001,1.0,864.0,,,,,,,,,,,,,,,4088.0,0.01,2m,1.6,0.0,2.0,144.0,,,,,,,,3832.0,0.015,2m,2.8,1.0,2.0,768.0,7024.0,0.015,3m,2.0,0.8,1.5,112.0,,,,,,,,3936.0,0.015,5m,1.4,0.6000000000000001,1.5,640.0,,,,,,,,4224.0,0.01,3m,1.4,1.0,1.5,344.0,5368,0.01,5m,2.8,1.0,1.5,472,,,,,,,,,,,,,,,0.2,12,COMPLETE
29,29,2.2833141920005375,2025-06-21 19:18:31.005524,2025-06-21 19:18:33.464372,0 days 00:00:02.458848,2680.0,0.02,1m,2.2,0.2,2.0,64.0,,,,,,,,,,,,,,,5192.0,0.015,4m,1.4,0.4,2.0,272.0,,,,,,,,,,,,,,,7384.0,0.015,3m,1.2,0.2,1.0,872.0,,,,,,,,,,,,,,,2016.0,0.01,2m,1.6,0.0,2.0,144.0,,,,,,,,,,,,,,,,,,,,,,,,,,,,,5064.0,0.01,5m,1.0,0.6000000000000001,1.5,624.0,,,,,,,,,,,,,,,6648,0.01,5m,2.8,1.0,1.5,480,,,,,,,,,,,,,,,0.05,6,COMPLETE
30,30,-0.5777247187487389,2025-06-21 19:18:33.531605,2025-06-21 19:18:35.217887,0 days 00:00:01.686282,3928.0,0.02,1m,1.0,0.2,2.0,160.0,,,,,,,,,,,,,,,,,,,,,,,,,,,,,,,,,,,,6056.0,0.015,3m,1.0,0.6000000000000001,2.0,1008.0,,,,,,,,,,,,,,,,,,,,,,,,,,,,,,,,,,,,,,,,,,,,,,,,,,4016.0,0.015,5m,1.4,0.4,1.5,664.0,,,,,,,,,,,,,,,5584,0.01,5m,3.0,1.0,2.0,312,,,,,,,,,,,,,,,0.2,4,COMPLETE
31,31,2.0838824145903354,2025-06-21 19:18:35.283240,2025-06-21 19:18:37.517858,0 days 00:00:02.234618,2416.0,0.02,1m,2.4000000000000004,0.2,2.0,64.0,,,,,,,,,,,,,,,5224.0,0.015,4m,1.4,0.4,2.0,264.0,,,,,,,,,,,,,,,7464.0,0.015,3m,1.2,0.2,1.0,872.0,,,,,,,,,,,,,,,1968.0,0.01,2m,1.6,0.0,2.0,144.0,,,,,,,,,,,,,,,,,,,,,,,,,,,,,4912.0,0.01,5m,1.0,0.6000000000000001,1.5,608.0,,,,,,,,,,,,,,,6536,0.01,5m,2.8,1.0,1.5,448,,,,,,,,,,,,,,,0.05,6,COMPLETE
32,32,-0.6666903471976899,2025-06-21 19:18:37.571371,2025-06-21 19:18:40.073200,0 days 00:00:02.501829,2648.0,0.02,1m,2.2,0.0,2.0,72.0,,,,,,,,,,,,,,,4544.0,0.015,4m,1.4,0.4,2.0,168.0,,,,,,,,,,,,,,,7168.0,0.01,3m,1.2,0.2,1.0,936.0,,,,,,,,,,,,,,,2272.0,0.01,2m,1.6,0.0,2.0,152.0,,,,,,,,,,,,,,,,,,,,,,,,,,,,,3608.0,0.01,5m,1.2,0.6000000000000001,1.5,760.0,,,,,,,,,,,,,,,6040,0.01,5m,2.8,1.0,1.5,496,,,,,,,,,,,,,,,0.1,6,COMPLETE
33,33,0.5976301134651633,2025-06-21 19:18:40.140778,2025-06-21 19:18:42.885552,0 days 00:00:02.744774,3472.0,0.02,1m,2.2,0.4,2.0,160.0,,,,,,,,,,,,,,,5992.0,0.015,4m,1.8,0.2,1.5,312.0,,,,,,,,,,,,,,,7968.0,0.015,3m,1.0,0.4,0.5,848.0,,,,,,,,,,,,,,,3184.0,0.01,2m,1.8,0.0,2.0,272.0,,,,,,,,4488.0,0.015,2m,2.4000000000000004,1.0,2.0,632.0,,,,,,,,,,,,,,,7384.0,0.01,5m,1.0,0.6000000000000001,1.0,488.0,,,,,,,,,,,,,,,7096,0.01,5m,2.6,1.0,1.5,360,,,,,,,,,,,,,,,0.05,7,COMPLETE
34,34,-100.0,2025-06-21 19:18:42.970224,2025-06-21 19:18:51.663491,0 days 00:00:08.693267,,,,,,,,,,,,,,,,,,,,,,,,,,,,,,,,,,,,,,,,,,,,,,,,,,,,,,,,,,,,,,,,,,,,,,,,,,,,,,,,,,,,,,,,,,,,,,,,,,,,,,,,,,,,,,,,,,,,,,,,5256,0.01,5m,3.0,1.0,2.0,496,,,,,,,,,,,,,,,0.15000000000000002,1,COMPLETE
35,35,0.25531353900485415,2025-06-21 19:18:51.721016,2025-06-21 19:18:55.199921,0 days 00:00:03.478905,1064.0,0.02,1m,1.8,0.0,2.0,64.0,,,,,,,,7032.0,0.015,3m,1.2,1.0,1.5,656.0,5256.0,0.015,2m,1.2,0.0,2.0,144.0,3336.0,0.01,1m,1.4,0.8,1.0,208.0,,,,,,,,6744.0,0.01,3m,1.4,0.2,1.0,400.0,,,,,,,,,,,,,,,4264.0,0.01,2m,1.2,0.0,2.0,80.0,,,,,,,,1048.0,0.015,2m,2.8,1.0,2.0,472.0,,,,,,,,,,,,,,,8032.0,0.01,5m,1.4,0.6000000000000001,2.0,856.0,,,,,,,,,,,,,,,6064,0.01,5m,1.8,0.8,1.5,368,,,,,,,,,,,,,,,0.1,9,COMPLETE
36,36,-0.3682001920312732,2025-06-21 19:18:55.263530,2025-06-21 19:18:56.726742,0 days 00:00:01.463212,3984.0,0.02,5m,2.4000000000000004,0.2,2.0,224.0,,,,,,,,,,,,,,,,,,,,,,,,,,,,,,,,,,,,6264.0,0.015,3m,1.6,0.6000000000000001,1.0,960.0,,,,,,,,,,,,,,,,,,,,,,,,,,,,,,,,,,,,,,,,,,,,,,,,,,4704.0,0.01,5m,1.4,0.4,1.5,664.0,,,,,,,,,,,,,,,4800,0.01,5m,1.6,1.0,1.5,240,,,,,,,,,,,,,,,0.15000000000000002,4,COMPLETE
37,37,0.94895410750211,2025-06-21 19:18:56.798350,2025-06-21 19:19:01.143871,0 days 00:00:04.345521,1952.0,0.02,1m,2.8,0.2,1.5,144.0,,,,,,,,8136.0,0.015,1m,1.2,0.8,1.5,552.0,6648.0,0.02,4m,1.8,0.6000000000000001,2.0,320.0,2912.0,0.01,1m,1.8,0.6000000000000001,0.5,160.0,2200.0,0.015,5m,1.2,0.2,1.0,600.0,5288.0,0.015,1m,1.6,0.4,1.5,824.0,,,,,,,,,,,,,,,1064.0,0.01,2m,1.8,0.2,2.0,168.0,,,,,,,,3872.0,0.015,4m,2.4000000000000004,0.8,2.0,808.0,5552.0,0.015,3m,1.8,0.8,1.5,168.0,,,,,,,,6072.0,0.015,5m,1.2,0.6000000000000001,1.0,712.0,,,,,,,,6032.0,0.01,3m,1.8,0.8,1.5,280.0,8152,0.015,5m,2.8,0.8,2.0,568,,,,,,,,,,,,,,,0.1,12,COMPLETE
38,38,-0.9700020439957024,2025-06-21 19:19:01.223096,2025-06-21 19:19:04.703773,0 days 00:00:03.480677,2824.0,0.02,3m,1.4,0.4,2.0,112.0,,,,,,,,6448.0,0.02,2m,1.8,0.6000000000000001,1.0,352.0,4752.0,0.015,5m,1.2,0.4,1.5,488.0,1024.0,0.01,1m,1.4,0.6000000000000001,1.0,344.0,2320.0,0.02,2m,1.2,0.0,0.5,864.0,7176.0,0.015,3m,1.2,0.6000000000000001,0.5,912.0,,,,,,,,,,,,,,,2328.0,0.01,2m,1.0,1.0,2.0,264.0,,,,,,,,5064.0,0.02,1m,2.8,1.0,2.0,944.0,,,,,,,,,,,,,,,2368.0,0.015,3m,1.0,0.4,2.0,784.0,,,,,,,,,,,,,,,6896,0.01,4m,2.0,1.0,1.5,136,,,,,,,,,,,,,,,0.2,10,COMPLETE
39,39,-0.07165993272750407,2025-06-21 19:19:04.770642,2025-06-21 19:19:07.291648,0 days 00:00:02.521006,3456.0,0.02,1m,2.0,0.0,1.5,352.0,,,,,,,,,,,,,,,5592.0,0.015,1m,1.6,0.6000000000000001,2.0,616.0,,,,,,,,,,,,,,,5744.0,0.015,4m,1.4,0.0,1.5,504.0,,,,,,,,,,,,,,,5680.0,0.01,2m,1.4,0.8,2.0,184.0,,,,,,,,2392.0,0.015,3m,2.2,0.0,1.5,736.0,,,,,,,,,,,,,,,5320.0,0.01,5m,1.6,0.2,1.5,960.0,,,,,,,,,,,,,,,6768,0.01,2m,1.4,0.8,1.5,488,,,,,,,,,,,,,,,0.05,7,COMPLETE
40,40,-0.7035613927639042,2025-06-21 19:19:07.345377,2025-06-21 19:19:08.427739,0 days 00:00:01.082362,,,,,,,,,,,,,,,,,,,,,,,,,,,,,,,,,,,,,,,,,,,4824.0,0.01,3m,1.4,0.2,0.5,136.0,,,,,,,,,,,,,,,,,,,,,,,,,,,,,,,,,,,,,,,,,,,,,,,,,,3136.0,0.01,5m,1.4,0.4,1.0,608.0,,,,,,,,,,,,,,,7248,0.015,1m,2.4000000000000004,1.0,2.0,392,,,,,,,,,,,,,,,0.25,3,COMPLETE
41,41,-0.789879679121627,2025-06-21 19:19:08.500216,2025-06-21 19:19:10.953121,0 days 00:00:02.452905,2256.0,0.02,1m,2.4000000000000004,0.2,2.0,64.0,,,,,,,,,,,,,,,5232.0,0.015,4m,1.4,0.4,2.0,312.0,,,,,,,,,,,,,,,7456.0,0.015,3m,1.2,0.2,1.0,904.0,,,,,,,,,,,,,,,1672.0,0.01,2m,1.6,0.0,2.0,152.0,,,,,,,,,,,,,,,,,,,,,,,,,,,,,4712.0,0.01,5m,1.0,0.6000000000000001,1.5,640.0,,,,,,,,,,,,,,,6608,0.01,5m,2.8,1.0,1.5,448,,,,,,,,,,,,,,,0.05,6,COMPLETE
42,42,3.3283262950875554,2025-06-21 19:19:11.032002,2025-06-21 19:19:12.935633,0 days 00:00:01.903631,2376.0,0.02,1m,2.2,0.2,2.0,112.0,,,,,,,,,,,,,,,,,,,,,,,,,,,,,,,,,,,,7088.0,0.015,3m,1.0,0.0,1.0,800.0,,,,,,,,,,,,,,,2072.0,0.01,2m,1.6,0.0,2.0,104.0,,,,,,,,,,,,,,,,,,,,,,,,,,,,,5064.0,0.01,5m,1.0,0.6000000000000001,1.5,600.0,,,,,,,,,,,,,,,6336,0.01,5m,2.8,1.0,1.5,544,,,,,,,,,,,,,,,0.05,5,COMPLETE
43,43,0.9176093741920306,2025-06-21 19:19:12.982471,2025-06-21 19:19:14.729931,0 days 00:00:01.747460,1520.0,0.02,1m,2.2,0.4,2.0,224.0,,,,,,,,,,,,,,,,,,,,,,,,,,,,,,,,,,,,5616.0,0.015,3m,1.0,0.0,1.0,816.0,,,,,,,,,,,,,,,3032.0,0.01,2m,2.0,0.0,2.0,64.0,,,,,,,,,,,,,,,,,,,,,,,,,,,,,4424.0,0.01,5m,1.2,0.6000000000000001,1.5,440.0,,,,,,,,,,,,,,,7648,0.01,5m,3.0,0.8,1.5,544,,,,,,,,,,,,,,,0.15000000000000002,5,COMPLETE
44,44,-0.5131198646196078,2025-06-21 19:19:14.818971,2025-06-21 19:19:18.817327,0 days 00:00:03.998356,3160.0,0.02,5m,2.6,0.2,2.0,120.0,,,,,,,,7152.0,0.015,4m,1.2,0.4,1.5,712.0,6552.0,0.02,5m,2.8,0.2,1.5,448.0,1976.0,0.01,1m,1.2,1.0,1.0,360.0,,,,,,,,6816.0,0.015,4m,1.0,0.0,1.0,752.0,,,,,,,,,,,,,,,3640.0,0.01,2m,1.2,0.0,2.0,1024.0,,,,,,,,3600.0,0.015,2m,2.6,0.8,1.0,520.0,,,,,,,,,,,,,,,3944.0,0.01,5m,1.2,0.6000000000000001,1.5,536.0,,,,,,,,,,,,,,,6144,0.01,5m,2.6,1.0,1.5,304,,,,,,,,,,,,,,,0.1,9,COMPLETE
45,45,0.3693901609448791,2025-06-21 19:19:18.902252,2025-06-21 19:19:20.809015,0 days 00:00:01.906763,4248.0,0.015,1m,2.0,0.4,2.0,176.0,,,,,,,,,,,,,,,,,,,,,,,,,,,,,,,,,,,,6032.0,0.015,3m,1.2,0.0,1.5,960.0,,,,,,,,,,,,,,,2264.0,0.01,3m,2.0,0.2,1.5,240.0,,,,,,,,,,,,,,,,,,,,,,,,,,,,,6320.0,0.01,1m,1.0,0.8,2.0,832.0,,,,,,,,,,,,,,,5648,0.01,5m,1.2,1.0,1.5,576,,,,,,,,,,,,,,,0.5,5,COMPLETE
46,46,-0.5005951068571909,2025-06-21 19:19:20.878331,2025-06-21 19:19:23.600111,0 days 00:00:02.721780,4816.0,0.02,1m,2.8,0.2,2.0,848.0,,,,,,,,,,,,,,,4256.0,0.015,5m,1.8,0.2,2.0,160.0,,,,,,,,,,,,,,,6272.0,0.015,1m,1.4,0.4,1.0,984.0,,,,,,,,,,,,,,,1368.0,0.015,1m,1.6,0.0,2.0,320.0,,,,,,,,1608.0,0.02,2m,1.8,1.0,2.0,968.0,,,,,,,,,,,,,,,5168.0,0.015,4m,1.2,0.4,1.0,344.0,,,,,,,,,,,,,,,5120,0.015,5m,2.8,0.8,1.0,640,,,,,,,,,,,,,,,0.1,7,COMPLETE
47,47,-0.18382968045726145,2025-06-21 19:19:23.687111,2025-06-21 19:19:25.013856,0 days 00:00:01.326745,,,,,,,,,,,,,,,,,,,,,,,,,,,,,,,,,,,,,,,,,,,7648.0,0.015,3m,1.0,0.0,0.5,664.0,,,,,,,,,,,,,,,,,,,,,,,,,,,,,,,,,,,,,,,,,,,,,,,,,,2536.0,0.015,5m,2.2,0.4,1.5,528.0,,,,,,,,,,,,,,,6272,0.01,4m,2.0,1.0,1.5,512,,,,,,,,,,,,,,,0.25,3,COMPLETE
48,48,-0.5834271669903484,2025-06-21 19:19:25.067856,2025-06-21 19:19:32.672074,0 days 00:00:07.604218,1568.0,0.02,1m,2.4000000000000004,0.0,1.5,256.0,,,,,,,,1064.0,0.015,3m,1.6,0.2,2.0,520.0,6344.0,0.015,2m,2.4000000000000004,0.6000000000000001,1.5,944.0,4032.0,0.01,4m,2.0,0.8,0.5,152.0,4072.0,0.015,1m,1.0,0.2,1.0,440.0,7024.0,0.015,3m,1.2,1.0,1.5,776.0,7840.0,0.02,4m,1.0,0.6000000000000001,1.5,336.0,,,,,,,,1992.0,0.01,2m,1.4,0.8,1.5,560.0,,,,,,,,2520.0,0.015,2m,2.4000000000000004,0.2,2.0,856.0,6944.0,0.015,3m,2.0,1.0,1.0,104.0,,,,,,,,7712.0,0.01,3m,1.6,0.6000000000000001,1.5,240.0,3328.0,0.02,2m,1.0,0.0,0.5,64.0,4408.0,0.01,3m,1.4,0.4,1.0,784.0,5840,0.015,2m,3.0,0.0,1.5,400,,,,,,,,,,,,,,,0.15000000000000002,14,COMPLETE
49,49,0.23108270264226297,2025-06-21 19:19:32.813201,2025-06-21 19:19:42.087510,0 days 00:00:09.274309,3664.0,0.015,5m,2.2,0.4,2.0,112.0,,,,,,,,5840.0,0.02,3m,2.0,1.0,1.0,192.0,7464.0,0.02,1m,1.0,0.0,2.0,568.0,3176.0,0.015,5m,1.6,0.4,1.0,384.0,1704.0,0.015,3m,1.4,0.4,0.5,632.0,5432.0,0.015,4m,1.0,0.6000000000000001,1.0,560.0,,,,,,,,,,,,,,,5120.0,0.01,5m,1.0,0.0,1.5,720.0,,,,,,,,5072.0,0.015,3m,2.8,0.4,0.5,1016.0,3848.0,0.02,3m,1.4,0.8,1.5,256.0,,,,,,,,4224.0,0.015,5m,1.8,0.8,1.0,704.0,,,,,,,,2680.0,0.01,5m,2.0,1.0,1.5,336.0,4856,0.02,5m,2.6,0.8,0.5,320,,,,,,,,,,,,,,,0.05,12,COMPLETE
50,50,1.0005925671373395,2025-06-21 19:19:42.190848,2025-06-21 19:19:46.407030,0 days 00:00:04.216182,2424.0,0.02,3m,1.8,0.2,1.5,664.0,,,,,,,,7640.0,0.015,3m,1.0,0.8,1.5,864.0,7096.0,0.01,5m,2.8,0.2,1.5,64.0,1800.0,0.015,1m,1.2,0.6000000000000001,1.5,240.0,2832.0,0.02,4m,1.6,0.2,1.0,872.0,4384.0,0.015,3m,1.2,0.2,0.5,392.0,,,,,,,,,,,,,,,2608.0,0.015,2m,1.8,0.2,2.0,104.0,,,,,,,,3432.0,0.02,4m,2.0,1.0,1.5,768.0,,,,,,,,,,,,,,,6768.0,0.01,5m,1.0,0.2,2.0,576.0,,,,,,,,,,,,,,,5376,0.01,1m,3.0,0.2,1.0,280,,,,,,,,,,,,,,,0.2,10,COMPLETE
51,51,0.659840112420723,2025-06-21 19:19:46.490052,2025-06-21 19:19:48.503433,0 days 00:00:02.013381,2264.0,0.02,1m,2.4000000000000004,0.2,2.0,96.0,,,,,,,,,,,,,,,,,,,,,,,,,,,,,,,,,,,,7680.0,0.015,3m,1.2,0.2,1.0,872.0,,,,,,,,,,,,,,,1776.0,0.01,2m,1.6,0.0,2.0,128.0,,,,,,,,,,,,,,,,,,,,,,,,,,,,,5024.0,0.01,5m,1.0,0.6000000000000001,1.5,624.0,,,,,,,,,,,,,,,6568,0.01,5m,2.8,1.0,1.5,448,,,,,,,,,,,,,,,0.05,5,COMPLETE
52,52,2.1017922567396052,2025-06-21 19:19:48.554866,2025-06-21 19:19:51.152390,0 days 00:00:02.597524,2680.0,0.02,1m,2.4000000000000004,0.2,2.0,88.0,,,,,,,,,,,,,,,4904.0,0.015,4m,1.6,0.4,2.0,224.0,,,,,,,,,,,,,,,7464.0,0.015,3m,1.4,0.2,1.0,888.0,,,,,,,,,,,,,,,2000.0,0.01,2m,1.6,0.0,2.0,192.0,,,,,,,,4360.0,0.015,1m,2.6,0.8,1.5,688.0,,,,,,,,,,,,,,,4544.0,0.01,5m,1.0,0.6000000000000001,1.5,608.0,,,,,,,,,,,,,,,6248,0.01,5m,2.8,1.0,1.5,472,,,,,,,,,,,,,,,0.05,7,COMPLETE
53,53,0.22651553275798622,2025-06-21 19:19:51.245550,2025-06-21 19:19:53.952314,0 days 00:00:02.706764,2824.0,0.02,1m,2.0,0.2,2.0,160.0,,,,,,,,,,,,,,,4744.0,0.015,4m,1.6,0.4,2.0,200.0,,,,,,,,,,,,,,,6544.0,0.015,3m,1.0,0.4,1.0,824.0,,,,,,,,,,,,,,,3032.0,0.01,2m,1.4,0.0,2.0,208.0,,,,,,,,4232.0,0.015,1m,2.6,0.8,1.5,696.0,,,,,,,,,,,,,,,5672.0,0.01,5m,1.2,0.6000000000000001,1.5,456.0,,,,,,,,,,,,,,,6272,0.01,5m,2.6,1.0,1.5,536,,,,,,,,,,,,,,,0.05,7,COMPLETE
54,54,0.414013449714898,2025-06-21 19:19:53.999185,2025-06-21 19:19:57.177609,0 days 00:00:03.178424,3088.0,0.02,1m,2.2,0.0,2.0,104.0,,,,,,,,6712.0,0.015,1m,1.4,0.6000000000000001,0.5,400.0,3880.0,0.015,4m,2.0,0.4,2.0,256.0,2456.0,0.01,1m,1.6,0.6000000000000001,0.5,136.0,,,,,,,,8048.0,0.015,5m,1.4,0.0,1.0,280.0,,,,,,,,,,,,,,,1400.0,0.01,1m,1.6,0.2,2.0,432.0,,,,,,,,4768.0,0.015,1m,2.6,0.6000000000000001,1.5,640.0,,,,,,,,,,,,,,,3664.0,0.01,5m,1.4,0.4,1.5,576.0,,,,,,,,,,,,,,,4520,0.01,5m,2.4000000000000004,1.0,1.5,584,,,,,,,,,,,,,,,0.1,9,COMPLETE
55,55,0.7291165455065707,2025-06-21 19:19:57.259512,2025-06-21 19:20:01.357791,0 days 00:00:04.098279,4192.0,0.02,1m,3.0,0.2,2.0,216.0,,,,,,,,3576.0,0.015,2m,2.0,0.0,2.0,560.0,5584.0,0.015,3m,1.2,0.6000000000000001,2.0,120.0,3528.0,0.015,4m,1.0,0.8,1.0,280.0,3992.0,0.015,5m,1.2,0.0,1.0,368.0,6984.0,0.015,3m,1.6,1.0,1.0,896.0,,,,,,,,,,,,,,,4312.0,0.015,2m,1.2,0.0,1.5,320.0,,,,,,,,6568.0,0.015,1m,3.0,1.0,1.5,584.0,5640.0,0.015,3m,2.2,1.0,1.5,392.0,,,,,,,,4512.0,0.01,1m,1.2,0.8,1.5,752.0,,,,,,,,,,,,,,,5808,0.01,5m,2.8,0.8,1.5,472,,,,,,,,,,,,,,,0.15000000000000002,11,COMPLETE
56,56,-1.2658724482794166,2025-06-21 19:20:01.488495,2025-06-21 19:20:04.595626,0 days 00:00:03.107131,,,,,,,,,,,,,,,,,,,,,,,,,,,,,,,,,,,,,,,,,,,4920.0,0.015,2m,1.0,0.2,1.0,448.0,,,,,,,,,,,,,,,,,,,,,,,,,,,,,,,,,,,,,,,,,,,,,,,,,,2896.0,0.01,4m,1.0,0.6000000000000001,1.5,504.0,,,,,,,,,,,,,,,7784,0.01,5m,2.6,1.0,1.5,664,,,,,,,,,,,,,,,0.1,3,COMPLETE
57,57,1.0592557861742318,2025-06-21 19:20:04.730588,2025-06-21 19:20:12.204951,0 days 00:00:07.474363,4640.0,0.015,4m,2.2,0.4,2.0,328.0,,,,,,,,,,,,,,,3104.0,0.015,4m,1.6,0.6000000000000001,1.5,328.0,4304.0,0.01,5m,2.0,1.0,1.5,184.0,,,,,,,,5824.0,0.01,1m,1.4,0.8,1.5,64.0,,,,,,,,,,,,,,,4768.0,0.01,3m,1.8,0.0,1.5,184.0,,,,,,,,4192.0,0.02,5m,2.8,0.8,1.0,864.0,,,,,,,,,,,,,,,4128.0,0.015,5m,1.2,0.4,1.5,360.0,,,,,,,,,,,,,,,4968,0.01,5m,3.0,1.0,1.5,400,,,,,,,,,,,,,,,0.4,8,COMPLETE
58,58,1.3313299366165696,2025-06-21 19:20:12.376146,2025-06-21 19:20:19.925781,0 days 00:00:07.549635,5368.0,0.02,1m,2.6,0.2,2.0,264.0,,,,,,,,4400.0,0.02,4m,1.2,0.4,1.5,696.0,4488.0,0.015,5m,2.0,0.2,2.0,280.0,4976.0,0.015,1m,1.2,0.8,1.0,576.0,5352.0,0.01,5m,1.6,0.4,1.5,784.0,7408.0,0.015,5m,1.2,0.0,1.0,992.0,,,,,,,,,,,,,,,2896.0,0.01,5m,1.4,0.2,2.0,104.0,,,,,,,,3512.0,0.015,1m,2.2,0.0,1.5,712.0,7192.0,0.02,3m,1.8,0.6000000000000001,1.0,184.0,,,,,,,,3312.0,0.02,5m,2.0,0.8,1.0,688.0,3104.0,0.01,4m,3.0,0.4,1.0,240.0,7656.0,0.015,3m,1.4,0.6000000000000001,0.5,592.0,5400,0.015,4m,2.4000000000000004,0.8,1.0,536,,,,,,,,,,,,,,,0.3,13,COMPLETE
59,59,-3.356907105787224,2025-06-21 19:20:20.042930,2025-06-21 19:20:26.323485,0 days 00:00:06.280555,5784.0,0.02,2m,2.8,0.4,1.5,560.0,5928.0,0.015,3m,2.0,0.6000000000000001,1.5,104.0,7608.0,0.015,5m,2.6,0.2,1.0,752.0,4848.0,0.02,1m,1.4,0.2,2.0,208.0,2496.0,0.01,1m,1.4,0.4,1.5,112.0,2696.0,0.015,5m,1.0,0.2,0.5,528.0,7776.0,0.015,3m,1.0,0.6000000000000001,1.5,936.0,2912.0,0.015,3m,2.8,0.8,2.0,768.0,,,,,,,,2488.0,0.015,2m,2.0,0.0,2.0,248.0,1088.0,0.015,3m,1.0,0.4,2.0,72.0,4736.0,0.02,2m,2.4000000000000004,1.0,2.0,352.0,4624.0,0.015,4m,2.2,0.8,2.0,512.0,,,,,,,,3824.0,0.01,3m,2.2,0.6000000000000001,1.5,944.0,2232.0,0.015,2m,2.6,0.2,2.0,544.0,4496.0,0.01,1m,2.4000000000000004,0.8,1.0,992.0,7120,0.01,1m,1.6,1.0,1.5,344,,,,,,,,,,,,,,,0.05,16,COMPLETE
60,60,-3.672237269291215,2025-06-21 19:20:26.422363,2025-06-21 19:20:33.407024,0 days 00:00:06.984661,3328.0,0.02,1m,2.4000000000000004,0.0,2.0,1016.0,2096.0,0.01,4m,2.6,1.0,1.5,648.0,5984.0,0.01,1m,2.2,0.8,2.0,456.0,3792.0,0.015,4m,1.6,0.4,1.5,352.0,2960.0,0.01,2m,2.0,0.6000000000000001,0.5,496.0,1608.0,0.02,2m,1.8,0.4,1.0,920.0,4320.0,0.015,3m,1.2,0.4,1.0,616.0,6048.0,0.01,1m,1.6,0.2,1.0,336.0,1168.0,0.02,1m,3.0,1.0,2.0,1000.0,2088.0,0.01,2m,1.4,0.2,1.5,376.0,5336.0,0.015,2m,2.0,0.6000000000000001,1.0,672.0,1520.0,0.015,1m,3.0,0.6000000000000001,1.5,544.0,5904.0,0.015,2m,2.6,1.0,1.5,336.0,,,,,,,,5448.0,0.015,5m,1.0,0.4,1.5,448.0,4240.0,0.01,5m,1.6,0.2,1.0,528.0,2312.0,0.015,1m,1.6,1.0,1.5,224.0,6736,0.01,2m,1.8,0.8,1.5,424,6472.0,0.02,4m,1.2,0.0,0.5,72.0,,,,,,,,0.2,18,COMPLETE
