,number,value,datetime_start,datetime_complete,duration,params_AAPL_DASH_beta_win,params_AAPL_DASH_stop_loss,params_AAPL_DASH_trade_freq,params_AAPL_DASH_z_entry,params_AAPL_DASH_z_exit,params_AAPL_DASH_z_stop_scaler,params_AAPL_DASH_z_win,params_ADBE_FANG_beta_win,params_ADBE_FANG_stop_loss,params_ADBE_FANG_trade_freq,params_ADBE_FANG_z_entry,params_ADBE_FANG_z_exit,params_ADBE_FANG_z_stop_scaler,params_ADBE_FANG_z_win,params_AVGO_MAR_beta_win,params_AVGO_MAR_stop_loss,params_AVGO_MAR_trade_freq,params_AVGO_MAR_z_entry,params_AVGO_MAR_z_exit,params_AVGO_MAR_z_stop_scaler,params_AVGO_MAR_z_win,params_CDW_KLAC_beta_win,params_CDW_KLAC_stop_loss,params_CDW_KLAC_trade_freq,params_CDW_KLAC_z_entry,params_CDW_KLAC_z_exit,params_CDW_KLAC_z_stop_scaler,params_CDW_KLAC_z_win,params_CDW_LRCX_beta_win,params_CDW_LRCX_stop_loss,params_CDW_LRCX_trade_freq,params_CDW_LRCX_z_entry,params_CDW_LRCX_z_exit,params_CDW_LRCX_z_stop_scaler,params_CDW_LRCX_z_win,params_CRWD_ISRG_beta_win,params_CRWD_ISRG_stop_loss,params_CRWD_ISRG_trade_freq,params_CRWD_ISRG_z_entry,params_CRWD_ISRG_z_exit,params_CRWD_ISRG_z_stop_scaler,params_CRWD_ISRG_z_win,params_CRWD_MAR_beta_win,params_CRWD_MAR_stop_loss,params_CRWD_MAR_trade_freq,params_CRWD_MAR_z_entry,params_CRWD_MAR_z_exit,params_CRWD_MAR_z_stop_scaler,params_CRWD_MAR_z_win,params_CSX_ROST_beta_win,params_CSX_ROST_stop_loss,params_CSX_ROST_trade_freq,params_CSX_ROST_z_entry,params_CSX_ROST_z_exit,params_CSX_ROST_z_stop_scaler,params_CSX_ROST_z_win,params_DASH_PCAR_beta_win,params_DASH_PCAR_stop_loss,params_DASH_PCAR_trade_freq,params_DASH_PCAR_z_entry,params_DASH_PCAR_z_exit,params_DASH_PCAR_z_stop_scaler,params_DASH_PCAR_z_win,params_DXCM_PYPL_beta_win,params_DXCM_PYPL_stop_loss,params_DXCM_PYPL_trade_freq,params_DXCM_PYPL_z_entry,params_DXCM_PYPL_z_exit,params_DXCM_PYPL_z_stop_scaler,params_DXCM_PYPL_z_win,params_EA_ON_beta_win,params_EA_ON_stop_loss,params_EA_ON_trade_freq,params_EA_ON_z_entry,params_EA_ON_z_exit,params_EA_ON_z_stop_scaler,params_EA_ON_z_win,params_GEHC_ODFL_beta_win,params_GEHC_ODFL_stop_loss,params_GEHC_ODFL_trade_freq,params_GEHC_ODFL_z_entry,params_GEHC_ODFL_z_exit,params_GEHC_ODFL_z_stop_scaler,params_GEHC_ODFL_z_win,params_HON_ON_beta_win,params_HON_ON_stop_loss,params_HON_ON_trade_freq,params_HON_ON_z_entry,params_HON_ON_z_exit,params_HON_ON_z_stop_scaler,params_HON_ON_z_win,params_IDXX_ON_beta_win,params_IDXX_ON_stop_loss,params_IDXX_ON_trade_freq,params_IDXX_ON_z_entry,params_IDXX_ON_z_exit,params_IDXX_ON_z_stop_scaler,params_IDXX_ON_z_win,params_INTC_ON_beta_win,params_INTC_ON_stop_loss,params_INTC_ON_trade_freq,params_INTC_ON_z_entry,params_INTC_ON_z_exit,params_INTC_ON_z_stop_scaler,params_INTC_ON_z_win,params_ISRG_MAR_beta_win,params_ISRG_MAR_stop_loss,params_ISRG_MAR_trade_freq,params_ISRG_MAR_z_entry,params_ISRG_MAR_z_exit,params_ISRG_MAR_z_stop_scaler,params_ISRG_MAR_z_win,params_NVDA_WBD_beta_win,params_NVDA_WBD_stop_loss,params_NVDA_WBD_trade_freq,params_NVDA_WBD_z_entry,params_NVDA_WBD_z_exit,params_NVDA_WBD_z_stop_scaler,params_NVDA_WBD_z_win,params_ON_WDAY_beta_win,params_ON_WDAY_stop_loss,params_ON_WDAY_trade_freq,params_ON_WDAY_z_entry,params_ON_WDAY_z_exit,params_ON_WDAY_z_stop_scaler,params_ON_WDAY_z_win,params_ORLY_WBD_beta_win,params_ORLY_WBD_stop_loss,params_ORLY_WBD_trade_freq,params_ORLY_WBD_z_entry,params_ORLY_WBD_z_exit,params_ORLY_WBD_z_stop_scaler,params_ORLY_WBD_z_win,params_SBUX_TMUS_beta_win,params_SBUX_TMUS_stop_loss,params_SBUX_TMUS_trade_freq,params_SBUX_TMUS_z_entry,params_SBUX_TMUS_z_exit,params_SBUX_TMUS_z_stop_scaler,params_SBUX_TMUS_z_win,params_buffer_capital,params_pairs_to_trade,state
60,60,-2.1033722980669447,2025-06-21 19:41:01.147573,2025-06-21 19:41:06.240724,0 days 00:00:05.093151,,,,,,,,,,,,,,,,,,,,,,6008.0,0.01,2m,2.0,0.6000000000000001,1.5,248.0,,,,,,,,,,,,,,,,,,,,,,6760.0,0.01,5m,2.2,0.8,1.5,640.0,7448.0,0.015,3m,1.4,0.4,2.0,424.0,2680.0,0.015,5m,3.0,0.0,2.0,936.0,5080.0,0.02,4m,3.0,0.2,2.0,256.0,,,,,,,,1056.0,0.015,5m,1.0,0.2,1.5,408.0,6216,0.01,5m,1.8,0.0,2.0,952,3472.0,0.02,3m,3.0,0.2,2.0,968.0,7560.0,0.02,5m,1.0,0.6000000000000001,1.5,144.0,,,,,,,,,,,,,,,2352.0,0.02,1m,2.6,0.4,1.0,136.0,7104.0,0.015,2m,2.0,0.8,1.5,720.0,0.15000000000000002,11,COMPLETE
61,61,2.015984684915525,2025-06-21 19:41:06.324233,2025-06-21 19:41:10.238538,0 days 00:00:03.914305,,,,,,,,,,,,,,,,,,,,,,,,,,,,,,,,,,,,,,,,,,,,,,,,,,7880.0,0.01,3m,1.4,0.4,1.5,216.0,7800.0,0.01,3m,1.2,0.2,1.5,544.0,2688.0,0.01,5m,3.0,0.0,2.0,968.0,2152.0,0.02,2m,3.0,0.2,2.0,192.0,,,,,,,,2080.0,0.015,5m,1.2,0.0,2.0,112.0,7808,0.01,5m,1.4,0.0,2.0,984,1272.0,0.02,3m,3.0,0.2,1.5,704.0,5824.0,0.02,5m,1.6,0.8,0.5,128.0,,,,,,,,,,,,,,,,,,,,,,,,,,,,,0.2,8,COMPLETE
62,62,1.4536895417543776,2025-06-21 19:41:10.315996,2025-06-21 19:41:14.537263,0 days 00:00:04.221267,,,,,,,,,,,,,,,,,,,,,,,,,,,,,,,,,,,,,,,,,,,,,,,,,,8136.0,0.01,3m,1.2,0.4,1.5,216.0,8168.0,0.01,3m,1.2,0.2,1.5,480.0,3080.0,0.01,5m,3.0,0.0,2.0,992.0,2128.0,0.02,2m,3.0,0.0,2.0,176.0,,,,,,,,2344.0,0.015,5m,1.2,0.0,2.0,96.0,7872,0.01,5m,1.4,0.0,2.0,984,1264.0,0.02,3m,2.8,0.4,1.5,704.0,5360.0,0.02,5m,1.6,0.8,0.5,72.0,,,,,,,,,,,,,,,3144.0,0.015,3m,2.2,0.8,1.0,968.0,,,,,,,,0.2,9,COMPLETE
63,63,-1.5680745643710499,2025-06-21 19:41:14.607412,2025-06-21 19:41:19.684007,0 days 00:00:05.076595,,,,,,,,,,,,,,,,,,,,,,6256.0,0.015,4m,3.0,0.6000000000000001,2.0,128.0,,,,,,,,,,,,,,,,,,,,,,8104.0,0.01,3m,1.0,0.4,1.5,144.0,7960.0,0.01,3m,1.0,0.2,1.5,480.0,3152.0,0.01,5m,3.0,0.0,2.0,1000.0,2072.0,0.02,2m,3.0,0.0,2.0,176.0,,,,,,,,2280.0,0.015,5m,1.2,0.0,2.0,88.0,7872,0.01,5m,1.4,0.0,2.0,1016,1320.0,0.02,3m,3.0,0.4,1.5,584.0,4656.0,0.02,5m,1.6,0.8,0.5,64.0,,,,,,,,,,,,,,,3096.0,0.015,3m,1.4,0.8,1.0,968.0,,,,,,,,0.3,10,COMPLETE
64,64,-0.9302490766925433,2025-06-21 19:41:19.756559,2025-06-21 19:41:23.546832,0 days 00:00:03.790273,,,,,,,,,,,,,,,,,,,,,,,,,,,,,,,,,,,,,,,,,,,,,,,,,,7824.0,0.01,3m,1.2,0.2,1.5,272.0,8184.0,0.01,3m,1.4,0.2,1.5,576.0,3816.0,0.01,5m,3.0,0.2,2.0,872.0,1304.0,0.02,2m,2.6,0.0,2.0,224.0,,,,,,,,1616.0,0.015,5m,1.4,0.0,2.0,120.0,6744,0.01,5m,1.6,0.0,2.0,984,1680.0,0.02,3m,2.8,0.4,1.5,696.0,5488.0,0.02,5m,2.0,0.8,0.5,200.0,,,,,,,,,,,,,,,,,,,,,,,,,,,,,0.25,8,COMPLETE
65,65,-1.9425044555899724,2025-06-21 19:41:23.619686,2025-06-21 19:41:27.090133,0 days 00:00:03.470447,,,,,,,,,,,,,,,,,,,,,,,,,,,,,,,,,,,,,,,,,,,,,,,,,,7360.0,0.01,3m,1.4,0.4,1.5,216.0,7120.0,0.01,3m,1.2,0.4,1.5,184.0,2976.0,0.01,5m,2.8,0.0,2.0,976.0,3728.0,0.02,2m,2.8,0.2,2.0,128.0,,,,,,,,2064.0,0.015,1m,1.2,0.0,2.0,216.0,8160,0.01,5m,1.4,0.0,2.0,912,1248.0,0.02,3m,2.6,0.2,1.0,624.0,,,,,,,,,,,,,,,,,,,,,,,,,,,,,,,,,,,,0.2,7,COMPLETE
66,66,-0.6181661915158227,2025-06-21 19:41:27.164926,2025-06-21 19:41:29.661446,0 days 00:00:02.496520,,,,,,,,,,,,,,,,,,,,,,,,,,,,,,,,,,,,,,,,,,,,,,,,,,7432.0,0.01,3m,1.2,0.2,1.5,80.0,7608.0,0.01,3m,1.0,0.2,1.5,456.0,1944.0,0.01,5m,2.8,0.0,2.0,928.0,,,,,,,,,,,,,,,,,,,,,,7312,0.01,5m,1.2,0.0,2.0,928,2008.0,0.02,3m,3.0,0.0,1.5,512.0,,,,,,,,,,,,,,,,,,,,,,,,,,,,,,,,,,,,0.2,5,COMPLETE
67,67,-0.07962829314917293,2025-06-21 19:41:29.742686,2025-06-21 19:41:33.789049,0 days 00:00:04.046363,,,,,,,,,,,,,,,,,,,,,,,,,,,,,,,,,,,,,,,,,,,,,,,,,,2336.0,0.01,3m,1.2,0.4,1.5,256.0,7312.0,0.01,3m,1.2,0.2,1.5,288.0,3464.0,0.01,4m,3.0,0.2,2.0,952.0,2264.0,0.02,2m,2.8,0.0,2.0,288.0,,,,,,,,1376.0,0.015,5m,1.0,0.0,2.0,104.0,7728,0.01,5m,1.4,0.0,1.5,984,1080.0,0.02,3m,2.8,0.4,1.5,880.0,8176.0,0.02,5m,1.8,1.0,0.5,120.0,,,,,,,,,,,,,,,1408.0,0.015,2m,1.8,0.6000000000000001,2.0,232.0,,,,,,,,0.25,9,COMPLETE
68,68,1.1840821173424323,2025-06-21 19:41:33.872553,2025-06-21 19:41:38.915073,0 days 00:00:05.042520,,,,,,,,,,,,,,,,,,,,,,7256.0,0.01,5m,2.6,1.0,2.0,416.0,,,,,,,,,,,,,,,,,,,,,,7728.0,0.01,3m,1.4,0.4,2.0,144.0,7912.0,0.01,1m,1.6,0.2,1.5,344.0,2568.0,0.01,5m,2.6,0.2,2.0,832.0,2824.0,0.02,3m,3.0,0.2,1.5,376.0,,,,,,,,2688.0,0.02,5m,1.2,0.2,2.0,304.0,7624,0.01,5m,1.2,0.2,2.0,848,1720.0,0.015,3m,2.6,0.0,1.5,760.0,4752.0,0.02,5m,1.6,0.8,0.5,64.0,,,,,,,,,,,,,,,3048.0,0.015,4m,1.8,0.8,1.5,680.0,,,,,,,,0.2,10,COMPLETE
69,69,-2.2008525867763313,2025-06-21 19:41:38.989600,2025-06-21 19:41:44.991743,0 days 00:00:06.002143,,,,,,,,,,,,,,,,,,,,,,7296.0,0.01,5m,2.6,1.0,2.0,408.0,2264.0,0.015,4m,1.0,0.8,0.5,184.0,,,,,,,,,,,,,,,7728.0,0.01,3m,1.4,0.4,2.0,144.0,8184.0,0.015,1m,1.0,0.4,1.0,696.0,2608.0,0.01,1m,2.6,0.4,2.0,904.0,3080.0,0.02,3m,3.0,0.0,1.5,368.0,,,,,,,,2680.0,0.02,3m,1.2,0.2,2.0,304.0,7880,0.01,5m,1.0,0.2,2.0,1024,2336.0,0.015,2m,2.2,0.2,2.0,768.0,4704.0,0.02,5m,1.6,0.8,0.5,104.0,,,,,,,,,,,,,,,3792.0,0.015,4m,1.8,0.8,1.5,720.0,3976.0,0.02,2m,1.4,1.0,1.0,568.0,0.2,12,COMPLETE
70,70,-1.347261865566554,2025-06-21 19:41:45.072733,2025-06-21 19:41:49.725747,0 days 00:00:04.653014,,,,,,,,,,,,,,,,,,,,,,6624.0,0.01,5m,2.8,1.0,2.0,576.0,,,,,,,,,,,,,,,,,,,,,,7984.0,0.01,3m,1.4,0.2,2.0,128.0,1584.0,0.01,1m,1.2,0.2,1.5,416.0,2760.0,0.01,5m,3.0,0.2,2.0,840.0,2656.0,0.015,3m,3.0,0.2,1.5,496.0,,,,,,,,3304.0,0.02,5m,1.0,0.0,2.0,288.0,7600,0.01,1m,1.2,0.0,2.0,896,1752.0,0.01,1m,2.6,0.0,1.0,704.0,4104.0,0.02,3m,1.8,1.0,0.5,64.0,,,,,,,,,,,,,,,3160.0,0.015,4m,1.6,0.8,1.5,800.0,,,,,,,,0.2,10,COMPLETE
71,71,-0.027529254785745638,2025-06-21 19:41:49.800877,2025-06-21 19:41:54.960435,0 days 00:00:05.159558,,,,,,,,,,,,,,,,,,,,,,7704.0,0.01,5m,2.4000000000000004,0.8,1.5,504.0,,,,,,,,,,,,,,,,,,,,,,7264.0,0.01,3m,1.0,0.4,2.0,200.0,7896.0,0.01,1m,1.6,0.2,1.5,368.0,2488.0,0.01,5m,2.8,0.2,2.0,888.0,1944.0,0.02,3m,2.8,0.2,2.0,240.0,,,,,,,,2240.0,0.02,5m,1.2,0.0,2.0,232.0,6912,0.01,5m,1.6,0.2,2.0,824,1432.0,0.015,3m,3.0,0.0,1.5,728.0,5264.0,0.02,5m,1.4,0.8,0.5,248.0,,,,,,,,,,,,,,,1896.0,0.015,4m,1.4,0.6000000000000001,2.0,664.0,1072.0,0.01,5m,2.2,0.2,2.0,984.0,0.25,11,COMPLETE
72,72,-1.0518653253241663,2025-06-21 19:41:55.041069,2025-06-21 19:41:59.122027,0 days 00:00:04.080958,,,,,,,,,,,,,,,,,,,,,,,,,,,,,,,,,,,,,,,,,,,,,,,,,,8168.0,0.01,3m,1.2,0.6000000000000001,2.0,328.0,7432.0,0.01,3m,1.6,0.2,1.5,328.0,3024.0,0.01,5m,2.6,0.2,2.0,984.0,1304.0,0.02,2m,3.0,0.2,2.0,192.0,,,,,,,,1768.0,0.02,5m,1.4,0.2,2.0,184.0,8016,0.01,5m,1.0,0.2,2.0,856,1704.0,0.015,3m,2.8,0.0,1.5,664.0,4336.0,0.02,5m,1.6,0.8,0.5,184.0,,,,,,,,,,,,,,,,,,,,,,,,,,,,,0.3,8,COMPLETE
73,73,-0.36015764867116634,2025-06-21 19:41:59.183611,2025-06-21 19:42:02.254961,0 days 00:00:03.071350,,,,,,,,,,,,,,,,,,,,,,,,,,,,,,,,,,,,,,,,,,,,,,,,,,7088.0,0.01,3m,1.6,0.4,1.5,184.0,7864.0,0.01,1m,1.4,0.2,1.5,496.0,1976.0,0.01,5m,3.0,0.0,2.0,792.0,1784.0,0.02,2m,2.8,0.4,2.0,104.0,,,,,,,,,,,,,,,7528,0.01,5m,1.4,0.2,2.0,936,2064.0,0.015,3m,2.8,0.0,1.5,920.0,,,,,,,,,,,,,,,,,,,,,,,,,,,,,,,,,,,,0.2,6,COMPLETE
74,74,-1.2609926123972302,2025-06-21 19:42:02.337381,2025-06-21 19:42:06.730349,0 days 00:00:04.392968,,,,,,,,,,,,,,,,,,,,,,,,,,,,,,,,,,,,,,,,,,,,,,,,,,7744.0,0.01,5m,1.4,0.4,1.5,272.0,7600.0,0.01,3m,1.6,0.2,1.5,352.0,2304.0,0.01,5m,2.8,0.0,2.0,1000.0,2152.0,0.02,3m,2.6,0.2,1.5,360.0,,,,,,,,2936.0,0.015,5m,1.4,0.0,2.0,96.0,7184,0.01,5m,1.2,0.0,2.0,776,1184.0,0.015,3m,2.4000000000000004,0.0,1.5,992.0,4976.0,0.02,5m,1.4,0.8,0.5,128.0,,,,,,,,,,,,,,,4808.0,0.015,4m,2.0,1.0,1.5,944.0,,,,,,,,0.15000000000000002,9,COMPLETE
75,75,1.2066698295751332,2025-06-21 19:42:06.804404,2025-06-21 19:42:10.296826,0 days 00:00:03.492422,,,,,,,,,,,,,,,,,,,,,,,,,,,,,,,,,,,,,,,,,,,,,,,,,,6552.0,0.01,4m,1.6,0.6000000000000001,2.0,240.0,6696.0,0.01,3m,1.8,0.2,1.5,400.0,3344.0,0.01,5m,2.8,0.2,2.0,928.0,4280.0,0.02,2m,3.0,0.4,2.0,168.0,,,,,,,,2488.0,0.02,1m,1.2,0.2,2.0,208.0,7296,0.01,5m,1.4,0.2,2.0,720,2768.0,0.02,3m,3.0,0.2,1.5,856.0,,,,,,,,,,,,,,,,,,,,,,,,,,,,,,,,,,,,0.25,7,COMPLETE
76,76,-1.637170546970552,2025-06-21 19:42:10.375355,2025-06-21 19:42:13.613730,0 days 00:00:03.238375,,,,,,,,,,,,,,,,,,,,,,,,,,,,,,,,,,,,,,,,,,,,,,,,,,1136.0,0.01,4m,1.6,0.6000000000000001,2.0,240.0,6576.0,0.01,3m,1.8,0.4,1.5,464.0,3184.0,0.01,5m,2.6,0.4,2.0,864.0,2848.0,0.02,4m,3.0,0.4,2.0,168.0,,,,,,,,2464.0,0.02,1m,1.2,0.2,2.0,280.0,7752,0.01,2m,1.6,0.2,2.0,696,2808.0,0.02,3m,2.6,0.2,1.5,856.0,,,,,,,,,,,,,,,,,,,,,,,,,,,,,,,,,,,,0.2,7,COMPLETE
77,77,0.40764791405948153,2025-06-21 19:42:13.708034,2025-06-21 19:42:20.021138,0 days 00:00:06.313104,,,,,,,,,,,,,,,,,,,,,,5824.0,0.01,5m,3.0,1.0,2.0,448.0,5616.0,0.01,4m,1.2,0.6000000000000001,1.0,392.0,6232.0,0.015,5m,2.6,0.8,1.0,720.0,,,,,,,,6600.0,0.01,4m,1.6,0.4,2.0,360.0,8032.0,0.01,2m,1.8,0.2,1.5,408.0,3672.0,0.01,5m,3.0,0.2,2.0,936.0,3392.0,0.02,2m,3.0,0.4,1.5,288.0,,,,,,,,2488.0,0.02,1m,1.0,0.2,2.0,224.0,7992,0.01,3m,1.2,0.2,2.0,800,2616.0,0.015,3m,2.8,0.4,1.5,752.0,3856.0,0.015,5m,2.0,1.0,0.5,96.0,,,,,,,,,,,,,,,4016.0,0.015,3m,2.2,0.4,1.0,568.0,1864.0,0.02,1m,2.6,0.4,0.5,368.0,0.15000000000000002,13,COMPLETE
78,78,-0.7451574498949023,2025-06-21 19:42:20.110853,2025-06-21 19:42:22.477846,0 days 00:00:02.366993,,,,,,,,,,,,,,,,,,,,,,,,,,,,,,,,,,,,,,,,,,,,,,,,,,,,,,,,,7192.0,0.01,1m,1.4,0.0,2.0,608.0,3456.0,0.01,4m,2.8,0.2,2.0,912.0,,,,,,,,,,,,,,,,,,,,,,6800,0.01,5m,1.4,0.0,2.0,960,2440.0,0.02,4m,3.0,0.2,2.0,824.0,,,,,,,,,,,,,,,,,,,,,,,,,,,,,,,,,,,,0.25,4,COMPLETE
79,79,0.8941181390208943,2025-06-21 19:42:22.558466,2025-06-21 19:42:25.438521,0 days 00:00:02.880055,,,,,,,,,,,,,,,,,,,,,,,,,,,,,,,,,,,,,,,,,,,,,,,,,,7208.0,0.01,4m,1.4,0.6000000000000001,2.0,96.0,7008.0,0.01,3m,1.4,0.2,1.5,520.0,4064.0,0.01,1m,2.4000000000000004,0.2,2.0,824.0,4144.0,0.015,3m,3.0,0.4,1.0,128.0,,,,,,,,,,,,,,,8184,0.01,5m,1.2,0.2,2.0,888,2224.0,0.02,3m,2.6,0.2,1.5,792.0,,,,,,,,,,,,,,,,,,,,,,,,,,,,,,,,,,,,0.15000000000000002,6,COMPLETE
80,80,-0.9102343777379188,2025-06-21 19:42:25.518438,2025-06-21 19:42:29.926939,0 days 00:00:04.408501,,,,,,,,,,,,,,,,,,,,,,,,,,,,,,,,,,,,,,,,,,,,,,,,,,7544.0,0.01,1m,1.2,0.2,2.0,304.0,6776.0,0.01,5m,1.2,0.2,1.5,144.0,2688.0,0.01,5m,3.0,0.4,2.0,944.0,4352.0,0.015,5m,3.0,0.4,2.0,424.0,,,,,,,,2248.0,0.02,1m,1.6,0.0,2.0,336.0,6336,0.01,5m,1.4,0.0,1.5,712,2880.0,0.02,2m,2.8,0.2,1.0,896.0,3120.0,0.015,2m,2.2,0.8,0.5,224.0,,,,,,,,,,,,,,,2984.0,0.015,1m,1.0,0.8,1.5,800.0,,,,,,,,0.2,9,COMPLETE
81,81,-1.0942962070017568,2025-06-21 19:42:30.014298,2025-06-21 19:42:33.336906,0 days 00:00:03.322608,,,,,,,,,,,,,,,,,,,,,,,,,,,,,,,,,,,,,,,,,,,,,,,,,,6832.0,0.01,4m,2.0,0.6000000000000001,1.5,176.0,7776.0,0.01,3m,1.6,0.2,1.5,304.0,2424.0,0.01,5m,2.8,0.0,2.0,1024.0,6496.0,0.02,2m,2.8,0.2,2.0,200.0,,,,,,,,1928.0,0.02,2m,1.2,0.2,2.0,152.0,7304,0.01,5m,1.4,0.2,2.0,840,1560.0,0.02,3m,3.0,0.0,1.5,936.0,,,,,,,,,,,,,,,,,,,,,,,,,,,,,,,,,,,,0.25,7,COMPLETE
82,82,1.6878229479792213,2025-06-21 19:42:33.410473,2025-06-21 19:42:37.323251,0 days 00:00:03.912778,,,,,,,,,,,,,,,,,,,,,,,,,,,,,,,,,,,,,,,,,,,,,,,,,,6952.0,0.01,3m,2.0,0.6000000000000001,2.0,688.0,7448.0,0.01,3m,1.8,0.2,1.5,384.0,1736.0,0.01,5m,2.8,0.2,2.0,976.0,4808.0,0.02,2m,2.8,0.2,2.0,160.0,,,,,,,,2768.0,0.015,4m,1.0,0.4,2.0,816.0,7544,0.01,5m,1.2,0.2,2.0,864,1824.0,0.02,3m,3.0,0.0,1.5,848.0,5296.0,0.02,5m,1.8,0.8,1.0,272.0,,,,,,,,,,,,,,,,,,,,,,,,,,,,,0.3,8,COMPLETE
83,83,1.9580432586622525,2025-06-21 19:42:37.392395,2025-06-21 19:42:41.128986,0 days 00:00:03.736591,,,,,,,,,,,,,,,,,,,,,,,,,,,,,,,,,,,,,,,,,,,,,,,,,,6392.0,0.01,3m,1.8,0.6000000000000001,2.0,712.0,7376.0,0.01,3m,1.8,0.2,1.5,376.0,2824.0,0.01,5m,3.0,0.2,2.0,960.0,4912.0,0.02,2m,2.8,0.2,2.0,96.0,,,,,,,,2784.0,0.015,4m,1.0,0.2,2.0,832.0,7672,0.01,5m,1.2,0.2,2.0,864,1856.0,0.02,3m,3.0,0.0,1.5,840.0,5304.0,0.02,5m,1.8,0.8,0.5,152.0,,,,,,,,,,,,,,,,,,,,,,,,,,,,,0.35000000000000003,8,COMPLETE
84,84,-0.01255547236735372,2025-06-21 19:42:41.216903,2025-06-21 19:42:45.063729,0 days 00:00:03.846826,,,,,,,,,,,,,,,,,,,,,,,,,,,,,,,,,,,,,,,,,,,,,,,,,,5984.0,0.01,3m,1.8,0.6000000000000001,2.0,688.0,7464.0,0.01,3m,2.0,0.2,1.5,384.0,1712.0,0.01,5m,3.0,0.2,2.0,1000.0,4904.0,0.02,2m,2.8,0.0,2.0,96.0,,,,,,,,3104.0,0.015,4m,1.0,0.0,2.0,712.0,7136,0.01,5m,1.0,0.2,2.0,984,1896.0,0.02,3m,3.0,0.2,1.5,840.0,6768.0,0.02,5m,1.8,0.6000000000000001,0.5,176.0,,,,,,,,,,,,,,,,,,,,,,,,,,,,,0.35000000000000003,8,COMPLETE
85,85,0.5511833195642813,2025-06-21 19:42:45.128805,2025-06-21 19:42:48.463334,0 days 00:00:03.334529,,,,,,,,,,,,,,,,,,,,,,,,,,,,,,,,,,,,,,,,,,,,,,,,,,6328.0,0.01,4m,1.8,0.6000000000000001,2.0,704.0,7288.0,0.01,3m,2.0,0.2,1.5,440.0,2816.0,0.01,5m,1.0,0.2,2.0,960.0,4600.0,0.02,2m,2.6,0.4,2.0,168.0,,,,,,,,4064.0,0.015,4m,2.4000000000000004,0.4,2.0,856.0,7936,0.01,5m,1.2,0.0,2.0,928,3712.0,0.02,3m,3.0,0.0,1.5,400.0,,,,,,,,,,,,,,,,,,,,,,,,,,,,,,,,,,,,0.35000000000000003,7,COMPLETE
86,86,-0.042444416124531655,2025-06-21 19:42:48.532156,2025-06-21 19:42:51.221449,0 days 00:00:02.689293,,,,,,,,,,,,,,,,,,,,,,,,,,,,,,,,,,,,,,,,,,,,,,,,,,6408.0,0.01,3m,2.0,0.6000000000000001,2.0,736.0,7560.0,0.01,3m,1.8,0.4,1.5,568.0,3312.0,0.01,5m,3.0,0.2,2.0,920.0,,,,,,,,,,,,,,,,,,,,,,7784,0.01,5m,1.0,0.2,2.0,752,2176.0,0.02,1m,2.8,0.6000000000000001,1.5,912.0,,,,,,,,,,,,,,,,,,,,,,,,,,,,,,,,,,,,0.4,5,COMPLETE
87,87,0.6847380545675384,2025-06-21 19:42:51.288887,2025-06-21 19:42:55.710706,0 days 00:00:04.421819,,,,,,,,,,,,,,,,,,,,,,,,,,,,,,,,,,,,,,,,,,,,,,,,,,6112.0,0.01,1m,1.8,0.6000000000000001,2.0,840.0,8040.0,0.01,3m,3.0,0.0,1.5,464.0,4936.0,0.01,5m,2.8,0.6000000000000001,2.0,880.0,5560.0,0.02,2m,2.6,0.2,2.0,136.0,,,,,,,,2840.0,0.015,4m,1.0,0.0,1.5,784.0,7512,0.01,2m,1.6,0.2,2.0,864,3208.0,0.02,3m,3.0,0.4,1.5,872.0,5344.0,0.01,5m,2.0,0.8,1.0,240.0,,,,,,,,,,,,,,,3528.0,0.01,2m,2.4000000000000004,0.0,1.0,400.0,,,,,,,,0.3,9,COMPLETE
88,88,0.17524398417363563,2025-06-21 19:42:55.808866,2025-06-21 19:42:58.637833,0 days 00:00:02.828967,,,,,,,,,,,,,,,,,,,,,,,,,,,,,,,,,,,,,,,,,,,,,,,,,,5816.0,0.01,5m,2.0,0.8,2.0,648.0,7072.0,0.01,3m,1.8,0.2,1.5,408.0,3016.0,0.01,5m,3.0,0.4,1.5,1008.0,5792.0,0.02,2m,2.0,0.4,2.0,80.0,,,,,,,,,,,,,,,8040,0.01,1m,1.8,0.0,2.0,808,1896.0,0.02,4m,2.8,0.2,0.5,816.0,,,,,,,,,,,,,,,,,,,,,,,,,,,,,,,,,,,,0.35000000000000003,6,COMPLETE
89,89,-0.9688935422444335,2025-06-21 19:42:58.697306,2025-06-21 19:43:02.994753,0 days 00:00:04.297447,,,,,,,,,,,,,,,,,,,,,,,,,,,,,,,,,,,,,,,,,,,,,,,,,,6984.0,0.01,3m,1.6,0.6000000000000001,2.0,664.0,4192.0,0.01,5m,1.0,0.2,1.5,512.0,1968.0,0.01,5m,2.8,0.2,2.0,984.0,4560.0,0.02,2m,2.8,0.2,2.0,112.0,,,,,,,,3352.0,0.015,4m,1.0,0.2,2.0,832.0,7352,0.01,3m,1.2,0.4,2.0,904,1264.0,0.02,3m,3.0,0.0,1.5,848.0,5112.0,0.02,3m,2.2,1.0,0.5,144.0,,,,,,,,,,,,,,,4344.0,0.02,3m,2.4000000000000004,0.6000000000000001,1.0,1024.0,,,,,,,,0.5,9,COMPLETE
90,90,0.7429505820197659,2025-06-21 19:43:03.076927,2025-06-21 19:43:06.306000,0 days 00:00:03.229073,,,,,,,,,,,,,,,,,,,,,,,,,,,,,,,,,,,,,,,,,,,,,,,,,,6656.0,0.01,3m,2.0,0.6000000000000001,2.0,752.0,7648.0,0.01,3m,2.2,0.6000000000000001,1.5,224.0,1256.0,0.01,5m,3.0,0.2,2.0,960.0,5216.0,0.02,2m,2.8,0.0,2.0,152.0,,,,,,,,2360.0,0.015,4m,2.4000000000000004,0.2,2.0,640.0,6488,0.01,5m,1.6,1.0,2.0,872,4872.0,0.02,3m,2.8,0.2,1.5,552.0,,,,,,,,,,,,,,,,,,,,,,,,,,,,,,,,,,,,0.45,7,COMPLETE
91,91,0.9218123372412588,2025-06-21 19:43:06.382457,2025-06-21 19:43:10.241311,0 days 00:00:03.858854,,,,,,,,,,,,,,,,,,,,,,,,,,,,,,,,,,,,,,,,,,,,,,,,,,8016.0,0.01,3m,1.8,0.4,2.0,624.0,8008.0,0.01,3m,1.8,0.2,1.5,376.0,2608.0,0.01,5m,2.6,0.2,2.0,840.0,4952.0,0.02,2m,2.4000000000000004,0.2,2.0,184.0,,,,,,,,2664.0,0.02,4m,1.2,0.2,2.0,840.0,7672,0.01,5m,1.2,0.2,2.0,944,1696.0,0.02,3m,3.0,0.0,1.5,792.0,4520.0,0.02,5m,1.6,0.8,0.5,64.0,,,,,,,,,,,,,,,,,,,,,,,,,,,,,0.3,8,COMPLETE
92,92,-0.7836407195991449,2025-06-21 19:43:10.337027,2025-06-21 19:43:14.962758,0 days 00:00:04.625731,,,,,,,,,,,,,,,,,,,,,,6440.0,0.015,1m,2.0,0.8,2.0,616.0,,,,,,,,,,,,,,,,,,,,,,6472.0,0.01,3m,1.6,0.4,2.0,112.0,7848.0,0.01,5m,1.6,0.2,1.5,288.0,2872.0,0.01,5m,2.8,0.2,2.0,896.0,5408.0,0.02,2m,3.0,0.2,2.0,584.0,,,,,,,,2112.0,0.015,4m,1.0,0.4,2.0,904.0,7576,0.01,5m,1.4,0.2,2.0,816,2720.0,0.02,3m,2.8,1.0,1.5,768.0,4800.0,0.02,5m,1.8,0.8,0.5,104.0,,,,,,,,,,,,,,,1280.0,0.015,4m,2.0,1.0,1.5,864.0,,,,,,,,0.2,10,COMPLETE
93,93,0.10256468220497801,2025-06-21 19:43:15.049547,2025-06-21 19:43:20.259927,0 days 00:00:05.210380,,,,,,,,,,,,,,,,,,,,,,6872.0,0.015,5m,2.2,1.0,2.0,392.0,,,,,,,,,,,,,,,,,,,,,,7408.0,0.01,3m,1.4,0.6000000000000001,2.0,704.0,7384.0,0.01,2m,1.8,0.2,1.5,344.0,3080.0,0.01,5m,2.4000000000000004,0.2,2.0,768.0,4056.0,0.02,5m,3.0,0.2,2.0,136.0,,,,,,,,3040.0,0.02,1m,1.2,0.2,2.0,496.0,7088,0.01,5m,1.0,0.2,2.0,768,2440.0,0.02,3m,2.8,0.0,1.5,720.0,5384.0,0.02,5m,1.8,0.8,0.5,128.0,,,,,,,,,,,,,,,2600.0,0.015,4m,1.8,0.8,2.0,712.0,4648.0,0.015,3m,1.8,0.0,1.5,560.0,0.4,11,COMPLETE
94,94,-3.4438218354025714,2025-06-21 19:43:20.322440,2025-06-21 19:43:25.568708,0 days 00:00:05.246268,,,,,,,,,,,,,,,,,,,,,,7736.0,0.02,4m,2.6,0.6000000000000001,1.5,120.0,,,,,,,,,,,,,,,,,,,,,,7152.0,0.01,3m,1.8,0.4,2.0,232.0,8088.0,0.01,1m,1.2,0.2,1.5,264.0,2480.0,0.01,5m,3.0,0.4,2.0,920.0,4816.0,0.02,3m,3.0,0.4,2.0,88.0,,,,,,,,2544.0,0.015,4m,1.0,0.4,2.0,392.0,7800,0.01,5m,1.2,0.2,2.0,864,1392.0,0.02,3m,2.6,0.0,1.5,872.0,5960.0,0.02,2m,1.6,0.8,0.5,160.0,,,,,,,,,,,,,,,1976.0,0.01,3m,1.2,0.2,1.5,968.0,,,,,,,,0.15000000000000002,10,COMPLETE
95,95,-0.9340880680833658,2025-06-21 19:43:25.676726,2025-06-21 19:43:30.428907,0 days 00:00:04.752181,,,,,,,,,,,,,,,,,,,,,,4104.0,0.01,1m,2.8,1.0,1.5,480.0,,,,,,,,,,,,,,,,,,,,,,6728.0,0.01,3m,2.2,0.6000000000000001,2.0,168.0,7704.0,0.01,3m,2.0,0.2,1.5,400.0,2152.0,0.01,5m,2.6,0.2,2.0,1024.0,1224.0,0.02,2m,2.8,0.2,2.0,208.0,,,,,,,,1704.0,0.015,4m,1.2,0.2,2.0,200.0,8008,0.01,5m,1.4,0.4,2.0,888,2104.0,0.02,3m,3.0,0.0,1.5,776.0,4408.0,0.02,4m,2.0,0.8,0.5,96.0,,,,,,,,,,,,,,,5096.0,0.015,3m,1.6,1.0,1.0,640.0,,,,,,,,0.25,10,COMPLETE
96,96,-0.8928828353810709,2025-06-21 19:43:30.506420,2025-06-21 19:43:34.358467,0 days 00:00:03.852047,,,,,,,,,,,,,,,,,,,,,,,,,,,,,,,,,,,,,,,,,,,,,,,,,,7680.0,0.01,4m,1.6,0.6000000000000001,1.5,776.0,4904.0,0.01,3m,1.8,0.0,1.0,312.0,3360.0,0.01,4m,2.8,0.0,2.0,952.0,2328.0,0.02,4m,3.0,0.2,2.0,248.0,,,,,,,,1384.0,0.02,3m,1.2,0.0,2.0,248.0,7608,0.01,4m,1.2,0.2,2.0,1000,1600.0,0.02,3m,2.8,0.2,1.5,688.0,6288.0,0.02,5m,1.6,0.8,1.0,64.0,,,,,,,,,,,,,,,,,,,,,,,,,,,,,0.2,8,COMPLETE
