,number,value,datetime_start,datetime_complete,duration,params_ABNB_EBAY_beta_win,params_ABNB_EBAY_stop_loss,params_ABNB_EBAY_trade_freq,params_ABNB_EBAY_z_entry,params_ABNB_EBAY_z_exit,params_ABNB_EBAY_z_stop_scaler,params_ABNB_EBAY_z_win,params_ADSK_PCAR_beta_win,params_ADSK_PCAR_stop_loss,params_ADSK_PCAR_trade_freq,params_ADSK_PCAR_z_entry,params_ADSK_PCAR_z_exit,params_ADSK_PCAR_z_stop_scaler,params_ADSK_PCAR_z_win,params_ALGN_IDXX_beta_win,params_ALGN_IDXX_stop_loss,params_ALGN_IDXX_trade_freq,params_ALGN_IDXX_z_entry,params_ALGN_IDXX_z_exit,params_ALGN_IDXX_z_stop_scaler,params_ALGN_IDXX_z_win,params_ALGN_ISRG_beta_win,params_ALGN_ISRG_stop_loss,params_ALGN_ISRG_trade_freq,params_ALGN_ISRG_z_entry,params_ALGN_ISRG_z_exit,params_ALGN_ISRG_z_stop_scaler,params_ALGN_ISRG_z_win,params_AMD_LRCX_beta_win,params_AMD_LRCX_stop_loss,params_AMD_LRCX_trade_freq,params_AMD_LRCX_z_entry,params_AMD_LRCX_z_exit,params_AMD_LRCX_z_stop_scaler,params_AMD_LRCX_z_win,params_BIDU_ZM_beta_win,params_BIDU_ZM_stop_loss,params_BIDU_ZM_trade_freq,params_BIDU_ZM_z_entry,params_BIDU_ZM_z_exit,params_BIDU_ZM_z_stop_scaler,params_BIDU_ZM_z_win,params_CSCO_WDAY_beta_win,params_CSCO_WDAY_stop_loss,params_CSCO_WDAY_trade_freq,params_CSCO_WDAY_z_entry,params_CSCO_WDAY_z_exit,params_CSCO_WDAY_z_stop_scaler,params_CSCO_WDAY_z_win,params_DDOG_GOOGL_beta_win,params_DDOG_GOOGL_stop_loss,params_DDOG_GOOGL_trade_freq,params_DDOG_GOOGL_z_entry,params_DDOG_GOOGL_z_exit,params_DDOG_GOOGL_z_stop_scaler,params_DDOG_GOOGL_z_win,params_DDOG_GOOG_beta_win,params_DDOG_GOOG_stop_loss,params_DDOG_GOOG_trade_freq,params_DDOG_GOOG_z_entry,params_DDOG_GOOG_z_exit,params_DDOG_GOOG_z_stop_scaler,params_DDOG_GOOG_z_win,params_DDOG_ZS_beta_win,params_DDOG_ZS_stop_loss,params_DDOG_ZS_trade_freq,params_DDOG_ZS_z_entry,params_DDOG_ZS_z_exit,params_DDOG_ZS_z_stop_scaler,params_DDOG_ZS_z_win,params_EBAY_ISRG_beta_win,params_EBAY_ISRG_stop_loss,params_EBAY_ISRG_trade_freq,params_EBAY_ISRG_z_entry,params_EBAY_ISRG_z_exit,params_EBAY_ISRG_z_stop_scaler,params_EBAY_ISRG_z_win,params_EBAY_SPLK_beta_win,params_EBAY_SPLK_stop_loss,params_EBAY_SPLK_trade_freq,params_EBAY_SPLK_z_entry,params_EBAY_SPLK_z_exit,params_EBAY_SPLK_z_stop_scaler,params_EBAY_SPLK_z_win,params_EBAY_SWKS_beta_win,params_EBAY_SWKS_stop_loss,params_EBAY_SWKS_trade_freq,params_EBAY_SWKS_z_entry,params_EBAY_SWKS_z_exit,params_EBAY_SWKS_z_stop_scaler,params_EBAY_SWKS_z_win,params_EBAY_WDAY_beta_win,params_EBAY_WDAY_stop_loss,params_EBAY_WDAY_trade_freq,params_EBAY_WDAY_z_entry,params_EBAY_WDAY_z_exit,params_EBAY_WDAY_z_stop_scaler,params_EBAY_WDAY_z_win,params_GOOG_GOOGL_beta_win,params_GOOG_GOOGL_stop_loss,params_GOOG_GOOGL_trade_freq,params_GOOG_GOOGL_z_entry,params_GOOG_GOOGL_z_exit,params_GOOG_GOOGL_z_stop_scaler,params_GOOG_GOOGL_z_win,params_ISRG_SWKS_beta_win,params_ISRG_SWKS_stop_loss,params_ISRG_SWKS_trade_freq,params_ISRG_SWKS_z_entry,params_ISRG_SWKS_z_exit,params_ISRG_SWKS_z_stop_scaler,params_ISRG_SWKS_z_win,params_MELI_MSFT_beta_win,params_MELI_MSFT_stop_loss,params_MELI_MSFT_trade_freq,params_MELI_MSFT_z_entry,params_MELI_MSFT_z_exit,params_MELI_MSFT_z_stop_scaler,params_MELI_MSFT_z_win,params_MNST_WBA_beta_win,params_MNST_WBA_stop_loss,params_MNST_WBA_trade_freq,params_MNST_WBA_z_entry,params_MNST_WBA_z_exit,params_MNST_WBA_z_stop_scaler,params_MNST_WBA_z_win,params_MSFT_PYPL_beta_win,params_MSFT_PYPL_stop_loss,params_MSFT_PYPL_trade_freq,params_MSFT_PYPL_z_entry,params_MSFT_PYPL_z_exit,params_MSFT_PYPL_z_stop_scaler,params_MSFT_PYPL_z_win,params_TSLA_VRSK_beta_win,params_TSLA_VRSK_stop_loss,params_TSLA_VRSK_trade_freq,params_TSLA_VRSK_z_entry,params_TSLA_VRSK_z_exit,params_TSLA_VRSK_z_stop_scaler,params_TSLA_VRSK_z_win,params_buffer_capital,params_pairs_to_trade,state
61,61,1.2616905495907837,2025-06-21 19:20:33.507388,2025-06-21 19:20:36.081153,0 days 00:00:02.573765,2504.0,0.02,1m,2.4000000000000004,0.2,2.0,88.0,,,,,,,,,,,,,,,5192.0,0.015,4m,1.4,0.4,2.0,232.0,,,,,,,,,,,,,,,7368.0,0.015,3m,1.4,0.2,1.0,864.0,,,,,,,,,,,,,,,1912.0,0.01,2m,1.6,0.0,2.0,128.0,,,,,,,,,,,,,,,,,,,,,,,,,,,,,4864.0,0.01,5m,1.0,0.6000000000000001,1.5,592.0,,,,,,,,,,,,,,,6448,0.01,5m,2.8,1.0,1.5,472,,,,,,,,,,,,,,,0.05,6,COMPLETE
62,62,-0.7426183570084606,2025-06-21 19:20:36.166670,2025-06-21 19:20:38.150153,0 days 00:00:01.983483,2120.0,0.02,1m,2.4000000000000004,0.2,2.0,72.0,,,,,,,,,,,,,,,,,,,,,,,,,,,,,,,,,,,,6472.0,0.015,3m,1.2,0.2,1.0,336.0,,,,,,,,,,,,,,,1472.0,0.01,2m,1.6,0.0,2.0,152.0,,,,,,,,,,,,,,,,,,,,,,,,,,,,,5952.0,0.01,5m,1.0,0.6000000000000001,1.5,656.0,,,,,,,,,,,,,,,5664,0.01,5m,2.8,1.0,1.5,432,,,,,,,,,,,,,,,0.05,5,COMPLETE
63,63,0.1413673341398431,2025-06-21 19:20:38.227353,2025-06-21 19:20:40.882713,0 days 00:00:02.655360,1752.0,0.02,1m,2.0,0.2,2.0,184.0,,,,,,,,,,,,,,,5488.0,0.015,4m,1.2,0.4,2.0,272.0,,,,,,,,,,,,,,,8184.0,0.015,3m,1.0,0.2,1.0,808.0,,,,,,,,,,,,,,,3424.0,0.01,2m,1.8,0.0,2.0,208.0,,,,,,,,,,,,,,,,,,,,,,,,,,,,,5032.0,0.01,5m,2.4000000000000004,0.6000000000000001,1.5,616.0,,,,,,,,,,,,,,,6032,0.01,5m,2.6,1.0,1.5,160,,,,,,,,,,,,,,,0.1,6,COMPLETE
64,64,0.32601448263880506,2025-06-21 19:20:40.974755,2025-06-21 19:20:42.883873,0 days 00:00:01.909118,7872.0,0.02,2m,2.6,0.2,2.0,136.0,,,,,,,,,,,,,,,,,,,,,,,,,,,,,,,,,,,,5216.0,0.015,5m,1.2,1.0,1.0,712.0,,,,,,,,,,,,,,,,,,,,,,,,,,,,,,,,,,,,,,,,,,,,,,,,,,4392.0,0.01,5m,1.2,0.6000000000000001,1.5,544.0,,,,,,,,,,,,,,,6456,0.01,5m,3.0,1.0,1.5,368,,,,,,,,,,,,,,,0.05,4,COMPLETE
65,65,0.2382570022357434,2025-06-21 19:20:42.990846,2025-06-21 19:20:45.905028,0 days 00:00:02.914182,2800.0,0.015,3m,2.2,0.6000000000000001,2.0,64.0,,,,,,,,,,,,,,,4160.0,0.015,4m,1.4,0.4,2.0,112.0,,,,,,,,,,,,,,,5536.0,0.015,3m,1.6,0.4,1.0,888.0,,,,,,,,,,,,,,,6040.0,0.01,2m,1.6,0.0,2.0,88.0,,,,,,,,5576.0,0.015,2m,2.8,0.8,1.0,984.0,,,,,,,,,,,,,,,4736.0,0.01,5m,1.0,0.6000000000000001,1.5,640.0,,,,,,,,,,,,,,,7416,0.01,5m,2.8,1.0,1.5,520,,,,,,,,,,,,,,,0.1,7,COMPLETE
66,66,-1.0177458147256817,2025-06-21 19:20:45.996745,2025-06-21 19:20:49.241381,0 days 00:00:03.244636,3768.0,0.02,1m,2.0,0.2,2.0,456.0,,,,,,,,,,,,,,,6112.0,0.015,4m,1.0,0.2,2.0,432.0,1592.0,0.015,1m,1.6,0.8,1.0,280.0,,,,,,,,6672.0,0.015,2m,1.0,0.2,1.0,752.0,,,,,,,,,,,,,,,2128.0,0.01,1m,1.4,0.0,2.0,136.0,,,,,,,,2416.0,0.02,3m,2.6,1.0,1.5,784.0,,,,,,,,,,,,,,,5480.0,0.01,5m,1.4,0.8,1.5,1016.0,,,,,,,,,,,,,,,6896,0.01,5m,1.2,0.8,2.0,560,,,,,,,,,,,,,,,0.25,8,COMPLETE
67,67,-3.3305387875086594,2025-06-21 19:20:49.328440,2025-06-21 19:20:53.605780,0 days 00:00:04.277340,1240.0,0.02,4m,2.2,0.4,2.0,144.0,,,,,,,,2320.0,0.02,3m,1.6,0.8,1.5,320.0,4984.0,0.015,5m,2.2,0.4,2.0,200.0,5536.0,0.015,5m,1.8,0.2,1.5,64.0,4096.0,0.015,1m,1.2,0.0,1.5,664.0,6176.0,0.015,3m,1.2,0.8,1.0,176.0,,,,,,,,,,,,,,,2456.0,0.015,2m,1.2,0.2,2.0,184.0,,,,,,,,2960.0,0.015,2m,1.8,0.4,2.0,624.0,2224.0,0.02,1m,1.4,0.6000000000000001,2.0,160.0,,,,,,,,7112.0,0.015,4m,1.0,0.4,1.0,728.0,,,,,,,,,,,,,,,5040,0.02,5m,2.6,1.0,1.5,600,,,,,,,,,,,,,,,0.05,11,COMPLETE
68,68,-0.2573537913574749,2025-06-21 19:20:53.690154,2025-06-21 19:20:55.682852,0 days 00:00:01.992698,2568.0,0.015,1m,2.4000000000000004,0.0,2.0,184.0,,,,,,,,,,,,,,,,,,,,,,,,,,,,,,,,,,,,6944.0,0.02,3m,1.4,1.0,1.5,840.0,,,,,,,,,,,,,,,2840.0,0.01,3m,1.8,0.0,1.5,328.0,,,,,,,,,,,,,,,,,,,,,,,,,,,,,3640.0,0.015,1m,1.2,0.4,1.5,576.0,,,,,,,,,,,,,,,4528,0.01,5m,2.8,1.0,1.0,456,,,,,,,,,,,,,,,0.15000000000000002,5,COMPLETE
69,69,-0.24122253130294388,2025-06-21 19:20:55.770552,2025-06-21 19:20:56.781589,0 days 00:00:01.011037,,,,,,,,,,,,,,,,,,,,,,,,,,,,,,,,,,,,,,,,,,,,,,,,,,,,,,,,,,,,,,,,,,,,,,,,,,,,,,,,,,,,,,,,,,,,,,,,,,,6288.0,0.02,5m,1.0,0.8,2.0,512.0,,,,,,,,,,,,,,,6208,0.015,5m,3.0,1.0,1.5,248,,,,,,,,,,,,,,,0.45,2,COMPLETE
70,70,-0.20312371489061612,2025-06-21 19:20:56.863989,2025-06-21 19:21:01.348650,0 days 00:00:04.484661,5144.0,0.02,2m,2.6,0.2,2.0,104.0,,,,,,,,4784.0,0.015,5m,2.8,1.0,1.0,592.0,4360.0,0.015,2m,1.8,0.6000000000000001,2.0,536.0,6544.0,0.01,2m,1.4,1.0,1.0,224.0,1672.0,0.01,4m,1.4,0.8,0.5,552.0,7824.0,0.015,5m,1.0,0.0,1.0,784.0,,,,,,,,,,,,,,,4080.0,0.01,2m,2.2,0.4,1.0,240.0,,,,,,,,4160.0,0.015,4m,3.0,0.0,1.0,824.0,7296.0,0.015,3m,2.0,0.8,1.0,504.0,,,,,,,,1976.0,0.01,5m,3.0,0.6000000000000001,1.0,792.0,,,,,,,,5688.0,0.015,3m,1.2,0.6000000000000001,1.0,584.0,5272,0.01,5m,2.2,0.8,2.0,80,,,,,,,,,,,,,,,0.5,12,COMPLETE
71,71,0.5073624974853027,2025-06-21 19:21:01.424382,2025-06-21 19:21:06.701098,0 days 00:00:05.276716,6216.0,0.01,2m,2.0,0.8,1.0,296.0,,,,,,,,5464.0,0.01,3m,1.6,0.4,2.0,944.0,2904.0,0.015,5m,2.2,0.2,1.0,392.0,4568.0,0.02,3m,2.4000000000000004,0.4,2.0,688.0,5616.0,0.01,5m,2.2,0.6000000000000001,1.5,200.0,2088.0,0.02,5m,1.8,0.8,1.0,720.0,,,,,,,,,,,,,,,3720.0,0.02,4m,1.4,0.0,1.5,416.0,,,,,,,,3376.0,0.01,2m,3.0,0.6000000000000001,1.5,744.0,7472.0,0.01,5m,2.8,0.4,2.0,656.0,,,,,,,,1336.0,0.015,2m,2.8,1.0,1.5,112.0,6832.0,0.015,1m,2.4000000000000004,0.8,1.5,864.0,4040.0,0.02,2m,1.0,1.0,2.0,432.0,3264,0.01,3m,2.6,0.6000000000000001,1.5,728,,,,,,,,,,,,,,,0.3,13,COMPLETE
72,72,0.6042844908535413,2025-06-21 19:21:06.799441,2025-06-21 19:21:12.649416,0 days 00:00:05.849975,6584.0,0.01,2m,1.8,0.6000000000000001,0.5,208.0,,,,,,,,5288.0,0.01,3m,1.8,0.4,2.0,896.0,1648.0,0.015,5m,2.6,0.0,2.0,368.0,6656.0,0.02,3m,2.6,0.4,2.0,904.0,6936.0,0.01,5m,2.4000000000000004,0.8,2.0,416.0,1024.0,0.02,5m,2.0,0.8,1.0,944.0,3192.0,0.02,5m,2.4000000000000004,0.8,1.5,816.0,,,,,,,,8192.0,0.015,4m,1.6,0.2,1.5,496.0,,,,,,,,3096.0,0.01,2m,3.0,0.6000000000000001,1.5,896.0,6408.0,0.01,5m,3.0,0.2,2.0,880.0,,,,,,,,5728.0,0.015,2m,2.6,0.8,1.5,256.0,5840.0,0.015,1m,2.2,1.0,2.0,656.0,4920.0,0.02,2m,1.2,1.0,2.0,424.0,3904,0.01,3m,2.8,0.4,1.5,680,,,,,,,,,,,,,,,0.4,14,COMPLETE
73,73,0.5672968077609335,2025-06-21 19:21:12.740697,2025-06-21 19:21:15.113974,0 days 00:00:02.373277,5344.0,0.01,2m,2.2,0.8,1.0,144.0,,,,,,,,,,,,,,,5032.0,0.015,5m,2.4000000000000004,0.2,1.0,440.0,,,,,,,,,,,,,,,3128.0,0.02,5m,1.8,1.0,1.0,856.0,,,,,,,,,,,,,,,7256.0,0.01,4m,1.4,0.0,0.5,296.0,,,,,,,,,,,,,,,,,,,,,,,,,,,,,1656.0,0.015,2m,2.6,1.0,1.5,888.0,,,,,,,,,,,,,,,4144,0.01,3m,2.8,1.0,1.5,824,,,,,,,,,,,,,,,0.35000000000000003,6,COMPLETE
74,74,1.3326780542105492,2025-06-21 19:21:15.198133,2025-06-21 19:21:23.419958,0 days 00:00:08.221825,6824.0,0.02,2m,2.0,1.0,1.5,96.0,5656.0,0.02,5m,1.4,0.0,1.0,408.0,6880.0,0.01,3m,1.4,0.6000000000000001,2.0,1000.0,5488.0,0.015,5m,1.6,0.2,1.5,280.0,7560.0,0.02,3m,2.4000000000000004,0.6000000000000001,1.5,1024.0,3608.0,0.01,5m,2.0,0.2,1.5,504.0,7168.0,0.02,5m,1.2,0.6000000000000001,2.0,688.0,6120.0,0.015,3m,1.2,0.2,0.5,296.0,,,,,,,,4808.0,0.02,4m,1.2,0.0,1.5,448.0,,,,,,,,3720.0,0.01,2m,2.8,0.8,1.5,688.0,8152.0,0.01,5m,2.6,0.4,1.5,712.0,,,,,,,,2728.0,0.015,2m,2.4000000000000004,0.4,1.5,128.0,8192.0,0.02,4m,1.8,0.6000000000000001,1.5,904.0,2736.0,0.01,5m,1.6,0.8,1.5,544.0,5872,0.01,3m,3.0,0.6000000000000001,1.5,496,,,,,,,,,,,,,,,0.3,15,COMPLETE
75,75,-0.27849697102215504,2025-06-21 19:21:23.579487,2025-06-21 19:21:35.084512,0 days 00:00:11.505025,2048.0,0.02,1m,2.2,0.4,2.0,248.0,6344.0,0.015,2m,1.0,0.4,2.0,848.0,6232.0,0.015,5m,1.6,0.0,1.5,200.0,3544.0,0.015,3m,1.4,0.4,2.0,424.0,5704.0,0.02,3m,3.0,0.4,2.0,664.0,7424.0,0.01,5m,3.0,0.6000000000000001,2.0,712.0,7584.0,0.02,4m,2.2,0.8,1.0,888.0,4000.0,0.015,1m,3.0,0.2,1.5,832.0,,,,,,,,3936.0,0.01,5m,1.6,0.2,1.0,384.0,,,,,,,,2752.0,0.01,5m,2.6,0.6000000000000001,1.5,144.0,5040.0,0.015,3m,2.4000000000000004,0.6000000000000001,2.0,584.0,,,,,,,,4568.0,0.015,5m,2.6,0.6000000000000001,1.5,680.0,7128.0,0.015,3m,1.0,0.8,1.0,1024.0,3936.0,0.02,4m,1.2,1.0,2.0,376.0,5504,0.01,4m,2.6,0.6000000000000001,1.5,392,,,,,,,,,,,,,,,0.35000000000000003,15,COMPLETE
76,76,0.5557538327788372,2025-06-21 19:21:35.191632,2025-06-21 19:21:40.484575,0 days 00:00:05.292943,3544.0,0.01,5m,2.4000000000000004,0.2,1.0,176.0,,,,,,,,3208.0,0.01,3m,1.0,0.4,2.0,432.0,2296.0,0.015,5m,2.8,0.2,0.5,352.0,4200.0,0.015,4m,2.2,0.2,1.5,760.0,4352.0,0.01,3m,2.6,0.4,1.5,592.0,7344.0,0.015,3m,1.6,0.8,1.0,800.0,,,,,,,,,,,,,,,3344.0,0.01,2m,1.4,0.0,2.0,352.0,,,,,,,,4032.0,0.02,2m,3.0,0.4,1.5,744.0,6784.0,0.01,5m,2.8,1.0,2.0,832.0,,,,,,,,4048.0,0.01,2m,2.8,0.8,1.5,600.0,4208.0,0.02,1m,2.8,1.0,2.0,424.0,1936.0,0.015,1m,1.4,0.8,1.5,752.0,3528,0.01,5m,2.8,0.8,1.5,336,,,,,,,,,,,,,,,0.1,13,COMPLETE
77,77,1.3019781440971574,2025-06-21 19:21:40.572581,2025-06-21 19:21:44.424032,0 days 00:00:03.851451,5576.0,0.02,1m,2.0,0.2,2.0,128.0,,,,,,,,7448.0,0.015,3m,2.2,0.2,2.0,888.0,2752.0,0.015,5m,2.2,0.4,1.0,704.0,3624.0,0.02,3m,2.8,0.6000000000000001,2.0,896.0,6416.0,0.01,5m,1.4,0.0,1.0,392.0,5032.0,0.015,1m,2.0,1.0,1.0,1016.0,,,,,,,,,,,,,,,4432.0,0.01,4m,1.8,0.0,1.5,552.0,,,,,,,,3152.0,0.015,2m,2.8,0.8,1.5,512.0,,,,,,,,,,,,,,,5216.0,0.01,3m,1.8,0.2,1.5,416.0,,,,,,,,,,,,,,,2800,0.01,2m,1.4,0.2,1.5,424,,,,,,,,,,,,,,,0.05,10,COMPLETE
78,78,-0.027982830404455677,2025-06-21 19:21:44.535594,2025-06-21 19:21:47.543585,0 days 00:00:03.007991,4024.0,0.02,1m,1.8,0.6000000000000001,2.0,64.0,,,,,,,,,,,,,,,5792.0,0.02,4m,1.8,0.0,2.0,240.0,,,,,,,,,,,,,,,5904.0,0.02,3m,1.2,0.4,1.0,832.0,,,,,,,,,,,,,,,1536.0,0.02,2m,2.8,0.2,2.0,216.0,,,,,,,,2208.0,0.015,2m,1.0,0.2,1.0,608.0,,,,,,,,,,,,,,,4856.0,0.015,5m,2.4000000000000004,0.4,1.5,472.0,,,,,,,,,,,,,,,2280,0.01,1m,3.0,1.0,1.5,912,,,,,,,,,,,,,,,0.4,7,COMPLETE
79,79,2.7526943005044484,2025-06-21 19:21:47.629105,2025-06-21 19:21:50.784711,0 days 00:00:03.155606,4880.0,0.015,2m,2.2,0.2,2.0,752.0,,,,,,,,,,,,,,,3992.0,0.01,5m,2.0,0.4,1.5,400.0,5136.0,0.015,1m,2.6,0.0,1.5,400.0,,,,,,,,7856.0,0.015,3m,1.4,1.0,0.5,928.0,,,,,,,,,,,,,,,3664.0,0.01,2m,1.2,0.0,2.0,80.0,,,,,,,,2752.0,0.02,1m,2.6,0.8,2.0,840.0,,,,,,,,,,,,,,,2072.0,0.01,5m,1.2,0.6000000000000001,1.0,168.0,,,,,,,,,,,,,,,6624,0.01,5m,1.0,0.4,1.5,768,,,,,,,,,,,,,,,0.2,8,COMPLETE
80,80,-2.459529198081757,2025-06-21 19:21:50.868042,2025-06-21 19:21:54.418017,0 days 00:00:03.549975,2976.0,0.015,2m,2.2,0.0,2.0,936.0,,,,,,,,8080.0,0.02,2m,2.4000000000000004,0.8,0.5,488.0,4040.0,0.01,4m,2.0,0.4,1.5,768.0,4688.0,0.015,1m,2.6,0.0,1.5,384.0,,,,,,,,7952.0,0.015,3m,1.4,1.0,0.5,912.0,,,,,,,,,,,,,,,1248.0,0.01,2m,1.0,0.0,2.0,64.0,,,,,,,,1728.0,0.02,1m,2.2,0.8,2.0,840.0,,,,,,,,,,,,,,,2080.0,0.01,5m,1.2,0.6000000000000001,1.0,144.0,,,,,,,,,,,,,,,6728,0.02,5m,1.2,0.4,1.5,1024,,,,,,,,,,,,,,,0.2,9,COMPLETE
81,81,1.5133735930684769,2025-06-21 19:21:54.508027,2025-06-21 19:21:57.812596,0 days 00:00:03.304569,4800.0,0.015,2m,2.2,0.2,2.0,816.0,,,,,,,,,,,,,,,3128.0,0.01,5m,2.0,0.4,1.5,536.0,6376.0,0.015,1m,2.4000000000000004,0.0,1.5,496.0,,,,,,,,7200.0,0.015,3m,1.4,1.0,0.5,984.0,,,,,,,,,,,,,,,3600.0,0.01,2m,1.2,0.0,2.0,104.0,,,,,,,,2664.0,0.02,1m,2.6,0.8,2.0,776.0,,,,,,,,,,,,,,,1920.0,0.01,5m,1.0,0.6000000000000001,1.0,192.0,,,,,,,,,,,,,,,6336,0.01,5m,1.0,0.4,1.5,768,,,,,,,,,,,,,,,0.25,8,COMPLETE
82,82,1.3905514153038943,2025-06-21 19:21:57.897109,2025-06-21 19:22:00.850531,0 days 00:00:02.953422,4408.0,0.015,2m,2.2,0.2,2.0,808.0,,,,,,,,,,,,,,,3760.0,0.01,5m,2.4000000000000004,0.4,1.0,392.0,,,,,,,,,,,,,,,7528.0,0.015,3m,1.4,1.0,0.5,936.0,,,,,,,,,,,,,,,4160.0,0.01,2m,1.4,0.0,2.0,168.0,,,,,,,,2984.0,0.02,1m,2.8,0.6000000000000001,2.0,656.0,,,,,,,,,,,,,,,1544.0,0.01,5m,1.2,0.6000000000000001,1.0,160.0,,,,,,,,,,,,,,,6560,0.01,5m,2.0,0.4,1.5,840,,,,,,,,,,,,,,,0.2,7,COMPLETE
83,83,-1.8561346810125476,2025-06-21 19:22:00.932050,2025-06-21 19:22:03.103640,0 days 00:00:02.171590,2368.0,0.015,2m,2.0,0.2,2.0,752.0,,,,,,,,,,,,,,,4456.0,0.01,5m,2.0,0.2,1.5,472.0,,,,,,,,,,,,,,,3680.0,0.015,3m,1.6,1.0,1.5,864.0,,,,,,,,,,,,,,,1800.0,0.01,2m,1.0,0.0,2.0,144.0,,,,,,,,,,,,,,,,,,,,,,,,,,,,,2544.0,0.01,5m,1.0,0.6000000000000001,0.5,560.0,,,,,,,,,,,,,,,5984,0.01,5m,2.8,0.2,1.5,720,,,,,,,,,,,,,,,0.15000000000000002,6,COMPLETE
84,84,0.6590093487977459,2025-06-21 19:22:03.202310,2025-06-21 19:22:08.239470,0 days 00:00:05.037160,6008.0,0.015,1m,2.4000000000000004,0.4,2.0,624.0,,,,,,,,6296.0,0.01,4m,1.4,0.4,1.5,768.0,5360.0,0.02,5m,1.6,0.4,2.0,288.0,4936.0,0.015,1m,2.6,0.2,1.5,408.0,2920.0,0.015,4m,2.4000000000000004,0.6000000000000001,1.5,784.0,7856.0,0.015,3m,1.2,0.2,0.5,768.0,,,,,,,,,,,,,,,3936.0,0.01,4m,1.2,0.0,2.0,80.0,,,,,,,,3752.0,0.02,1m,2.4000000000000004,0.8,2.0,904.0,6016.0,0.015,4m,2.4000000000000004,0.0,1.5,288.0,,,,,,,,1072.0,0.01,5m,1.0,0.6000000000000001,1.0,88.0,,,,,,,,7088.0,0.015,3m,1.0,1.0,1.0,224.0,6928,0.01,3m,1.0,0.6000000000000001,1.5,752,,,,,,,,,,,,,,,0.2,12,COMPLETE
85,85,0.5348527425915192,2025-06-21 19:22:08.334224,2025-06-21 19:22:10.134192,0 days 00:00:01.799968,4536.0,0.02,3m,2.4000000000000004,0.2,1.5,88.0,,,,,,,,,,,,,,,,,,,,,,,,,,,,,,,,,,,,4720.0,0.015,5m,1.0,0.6000000000000001,1.0,960.0,,,,,,,,,,,,,,,,,,,,,,,,,,,,,,,,,,,,,,,,,,,,,,,,,,2272.0,0.01,5m,1.4,0.4,1.5,80.0,,,,,,,,,,,,,,,7080,0.01,5m,2.6,1.0,1.5,696,,,,,,,,,,,,,,,0.25,4,COMPLETE
86,86,-1.0820438329025042,2025-06-21 19:22:10.216753,2025-06-21 19:22:12.638034,0 days 00:00:02.421281,5120.0,0.02,4m,2.2,1.0,2.0,160.0,,,,,,,,,,,,,,,,,,,,,,,,,,,,,,,,,,,,4488.0,0.015,3m,1.2,1.0,1.5,888.0,,,,,,,,,,,,,,,3216.0,0.01,2m,1.6,0.0,1.5,856.0,,,,,,,,,,,,,,,,,,,,,,,,,,,,,3176.0,0.01,1m,1.2,0.6000000000000001,1.5,64.0,,,,,,,,,,,,,,,5672,0.01,5m,2.8,0.4,1.5,632,,,,,,,,,,,,,,,0.45,5,COMPLETE
87,87,-0.8986505683322067,2025-06-21 19:22:12.724669,2025-06-21 19:22:16.529365,0 days 00:00:03.804696,4944.0,0.01,1m,3.0,0.2,2.0,368.0,,,,,,,,4736.0,0.015,3m,1.8,0.2,2.0,632.0,3424.0,0.015,5m,2.2,0.2,2.0,512.0,5880.0,0.015,1m,2.2,0.0,2.0,312.0,,,,,,,,6832.0,0.015,2m,2.6,0.8,1.0,920.0,,,,,,,,,,,,,,,2696.0,0.015,2m,1.4,0.6000000000000001,2.0,112.0,,,,,,,,4360.0,0.02,2m,2.6,0.6000000000000001,1.5,808.0,,,,,,,,,,,,,,,4272.0,0.015,4m,1.0,0.4,1.0,640.0,,,,,,,,,,,,,,,4744,0.015,5m,2.4000000000000004,1.0,1.5,472,,,,,,,,,,,,,,,0.05,9,COMPLETE
88,88,0.7822034931591301,2025-06-21 19:22:16.600042,2025-06-21 19:22:21.209233,0 days 00:00:04.609191,3328.0,0.015,2m,1.6,0.4,0.5,288.0,,,,,,,,4160.0,0.01,5m,1.2,0.6000000000000001,1.5,696.0,5792.0,0.015,1m,1.2,0.6000000000000001,1.5,416.0,5408.0,0.015,3m,2.8,0.4,1.5,632.0,5552.0,0.01,5m,1.0,1.0,1.0,488.0,2744.0,0.015,3m,1.0,0.2,1.0,840.0,,,,,,,,,,,,,,,7848.0,0.01,1m,1.2,0.0,2.0,288.0,,,,,,,,2168.0,0.015,5m,2.8,1.0,2.0,944.0,7544.0,0.01,2m,2.6,0.2,1.5,456.0,,,,,,,,3832.0,0.01,5m,1.2,0.8,1.5,216.0,,,,,,,,,,,,,,,7384,0.01,5m,3.0,1.0,1.5,512,,,,,,,,,,,,,,,0.35000000000000003,11,COMPLETE
89,89,1.1018747874278858,2025-06-21 19:22:21.286092,2025-06-21 19:22:24.883321,0 days 00:00:03.597229,1800.0,0.02,1m,2.2,0.2,1.0,120.0,,,,,,,,,,,,,,,4912.0,0.015,2m,1.4,0.4,2.0,600.0,6224.0,0.02,1m,2.4000000000000004,0.2,1.0,464.0,,,,,,,,6336.0,0.015,4m,1.4,0.0,2.0,632.0,,,,,,,,,,,,,,,3600.0,0.01,2m,1.6,0.2,1.5,184.0,,,,,,,,3296.0,0.01,2m,1.2,0.8,1.5,880.0,,,,,,,,,,,,,,,1400.0,0.01,5m,1.0,0.2,2.0,280.0,,,,,,,,,,,,,,,4280,0.01,5m,1.6,0.8,2.0,560,,,,,,,,,,,,,,,0.15000000000000002,8,COMPLETE
90,90,0.34866394154075275,2025-06-21 19:22:24.960467,2025-06-21 19:22:27.966476,0 days 00:00:03.006009,2672.0,0.02,5m,2.0,0.0,2.0,240.0,,,,,,,,,,,,,,,4584.0,0.015,5m,3.0,1.0,0.5,832.0,,,,,,,,,,,,,,,7248.0,0.015,3m,2.2,1.0,0.5,800.0,,,,,,,,,,,,,,,2232.0,0.015,3m,1.4,0.0,1.5,520.0,,,,,,,,1896.0,0.015,1m,3.0,0.2,2.0,720.0,,,,,,,,,,,,,,,6576.0,0.02,2m,1.4,0.6000000000000001,1.5,328.0,,,,,,,,,,,,,,,6160,0.01,4m,2.8,0.4,1.5,216,,,,,,,,,,,,,,,0.1,7,COMPLETE
91,91,1.3100714875328365,2025-06-21 19:22:28.052994,2025-06-21 19:22:31.594817,0 days 00:00:03.541823,4704.0,0.015,2m,2.2,0.2,2.0,856.0,,,,,,,,,,,,,,,2864.0,0.01,5m,2.0,0.4,1.5,520.0,6392.0,0.015,1m,2.4000000000000004,0.0,1.5,560.0,,,,,,,,6992.0,0.015,3m,1.4,1.0,0.5,976.0,,,,,,,,,,,,,,,3520.0,0.01,2m,1.2,0.0,2.0,96.0,,,,,,,,2520.0,0.02,1m,2.6,0.8,2.0,768.0,,,,,,,,,,,,,,,1720.0,0.01,5m,1.0,0.6000000000000001,1.0,192.0,,,,,,,,,,,,,,,6384,0.01,5m,1.0,0.4,1.5,864,,,,,,,,,,,,,,,0.25,8,COMPLETE
92,92,3.4319451070516234,2025-06-21 19:22:31.678106,2025-06-21 19:22:34.255519,0 days 00:00:02.577413,4216.0,0.015,2m,2.4000000000000004,0.2,2.0,784.0,,,,,,,,,,,,,,,3232.0,0.01,5m,2.0,0.4,1.5,464.0,,,,,,,,,,,,,,,7680.0,0.015,3m,1.2,1.0,0.5,928.0,,,,,,,,,,,,,,,3872.0,0.01,2m,1.0,0.0,2.0,120.0,,,,,,,,,,,,,,,,,,,,,,,,,,,,,1888.0,0.01,5m,1.0,0.6000000000000001,1.0,232.0,,,,,,,,,,,,,,,6240,0.01,5m,1.0,0.4,1.5,768,,,,,,,,,,,,,,,0.25,6,COMPLETE
93,93,2.1845352977132144,2025-06-21 19:22:34.326625,2025-06-21 19:22:37.031340,0 days 00:00:02.704715,4176.0,0.015,2m,2.6,0.2,2.0,736.0,,,,,,,,,,,,,,,3248.0,0.01,5m,2.2,0.4,1.5,464.0,,,,,,,,,,,,,,,7648.0,0.015,3m,1.2,1.0,0.5,880.0,,,,,,,,,,,,,,,3776.0,0.01,2m,1.0,0.0,2.0,128.0,,,,,,,,,,,,,,,,,,,,,,,,,,,,,1192.0,0.01,5m,1.0,0.6000000000000001,1.0,368.0,,,,,,,,,,,,,,,6704,0.01,5m,1.2,0.4,1.5,792,,,,,,,,,,,,,,,0.2,6,COMPLETE
94,94,3.0608717747261274,2025-06-21 19:22:37.110386,2025-06-21 19:22:39.917494,0 days 00:00:02.807108,4128.0,0.015,2m,2.6,0.2,2.0,728.0,,,,,,,,,,,,,,,3352.0,0.01,5m,1.8,0.4,1.5,472.0,,,,,,,,,,,,,,,7688.0,0.015,3m,1.2,1.0,0.5,952.0,,,,,,,,,,,,,,,3816.0,0.01,2m,1.0,0.0,2.0,128.0,,,,,,,,,,,,,,,,,,,,,,,,,,,,,1232.0,0.01,5m,1.0,0.6000000000000001,1.0,392.0,,,,,,,,,,,,,,,6632,0.01,5m,1.0,0.4,1.5,784,,,,,,,,,,,,,,,0.2,6,COMPLETE
95,95,0.6652901422950666,2025-06-21 19:22:40.004016,2025-06-21 19:22:42.812968,0 days 00:00:02.808952,4176.0,0.015,2m,2.6,0.2,2.0,712.0,,,,,,,,,,,,,,,3184.0,0.01,5m,1.8,0.4,1.5,464.0,,,,,,,,,,,,,,,7744.0,0.015,3m,1.2,1.0,0.5,1008.0,,,,,,,,,,,,,,,4288.0,0.01,2m,1.0,0.0,2.0,120.0,,,,,,,,,,,,,,,,,,,,,,,,,,,,,1248.0,0.01,5m,1.0,0.6000000000000001,1.0,352.0,,,,,,,,,,,,,,,6704,0.01,5m,1.2,0.2,1.5,784,,,,,,,,,,,,,,,0.2,6,COMPLETE
96,96,1.7747477659409594,2025-06-21 19:22:42.904517,2025-06-21 19:22:45.194824,0 days 00:00:02.290307,4064.0,0.015,2m,2.8,0.2,2.0,760.0,,,,,,,,,,,,,,,,,,,,,,,,,,,,,,,,,,,,8176.0,0.015,3m,1.2,1.0,0.5,952.0,,,,,,,,,,,,,,,5320.0,0.01,2m,1.0,0.0,2.0,168.0,,,,,,,,,,,,,,,,,,,,,,,,,,,,,1680.0,0.01,5m,1.2,0.6000000000000001,1.0,240.0,,,,,,,,,,,,,,,5912,0.01,5m,1.0,0.4,1.5,744,,,,,,,,,,,,,,,0.2,5,COMPLETE
