,number,value,datetime_start,datetime_complete,duration,params_AAPL_VRSK_beta_win,params_AAPL_VRSK_stop_loss,params_AAPL_VRSK_trade_freq,params_AAPL_VRSK_z_entry,params_AAPL_VRSK_z_exit,params_AAPL_VRSK_z_stop_scaler,params_AAPL_VRSK_z_win,params_ADI_BKNG_beta_win,params_ADI_BKNG_stop_loss,params_ADI_BKNG_trade_freq,params_ADI_BKNG_z_entry,params_ADI_BKNG_z_exit,params_ADI_BKNG_z_stop_scaler,params_ADI_BKNG_z_win,params_AVGO_COST_beta_win,params_AVGO_COST_stop_loss,params_AVGO_COST_trade_freq,params_AVGO_COST_z_entry,params_AVGO_COST_z_exit,params_AVGO_COST_z_stop_scaler,params_AVGO_COST_z_win,params_CDW_PCAR_beta_win,params_CDW_PCAR_stop_loss,params_CDW_PCAR_trade_freq,params_CDW_PCAR_z_entry,params_CDW_PCAR_z_exit,params_CDW_PCAR_z_stop_scaler,params_CDW_PCAR_z_win,params_COST_KLAC_beta_win,params_COST_KLAC_stop_loss,params_COST_KLAC_trade_freq,params_COST_KLAC_z_entry,params_COST_KLAC_z_exit,params_COST_KLAC_z_stop_scaler,params_COST_KLAC_z_win,params_DDOG_INTU_beta_win,params_DDOG_INTU_stop_loss,params_DDOG_INTU_trade_freq,params_DDOG_INTU_z_entry,params_DDOG_INTU_z_exit,params_DDOG_INTU_z_stop_scaler,params_DDOG_INTU_z_win,params_DDOG_ROP_beta_win,params_DDOG_ROP_stop_loss,params_DDOG_ROP_trade_freq,params_DDOG_ROP_z_entry,params_DDOG_ROP_z_exit,params_DDOG_ROP_z_stop_scaler,params_DDOG_ROP_z_win,params_KLAC_NFLX_beta_win,params_KLAC_NFLX_stop_loss,params_KLAC_NFLX_trade_freq,params_KLAC_NFLX_z_entry,params_KLAC_NFLX_z_exit,params_KLAC_NFLX_z_stop_scaler,params_KLAC_NFLX_z_win,params_MAR_MRVL_beta_win,params_MAR_MRVL_stop_loss,params_MAR_MRVL_trade_freq,params_MAR_MRVL_z_entry,params_MAR_MRVL_z_exit,params_MAR_MRVL_z_stop_scaler,params_MAR_MRVL_z_win,params_ROP_ROST_beta_win,params_ROP_ROST_stop_loss,params_ROP_ROST_trade_freq,params_ROP_ROST_z_entry,params_ROP_ROST_z_exit,params_ROP_ROST_z_stop_scaler,params_ROP_ROST_z_win,params_buffer_capital,params_pairs_to_trade,state
122,122,1.6645005234868673,2025-06-16 00:57:52.864677,2025-06-16 00:58:00.771099,0 days 00:00:07.906422,120.0,0.025,9m,0.7,1.0,2.0,760.0,976.0,0.025,10m,0.7,1.5,1.7000000000000002,864.0,344.0,0.025,10m,1.4,0.5,1.3,376.0,616.0,0.05,3m,0.5,1.3,1.3,520.0,560.0,0.05,7m,1.2000000000000002,1.4,1.7000000000000002,520.0,944.0,0.05,3m,0.7,0.5,1.5,432.0,512.0,0.05,4m,1.0,0.9,1.6,216.0,464.0,0.05,7m,0.7,1.5,1.9000000000000001,904.0,560.0,0.05,9m,1.3,0.8,1.8000000000000003,664.0,992,0.025,9m,1.5,0.6,1.1,16,0.5,10,COMPLETE
123,123,2.2612450467878458,2025-06-16 00:58:00.944114,2025-06-16 00:58:15.139214,0 days 00:00:14.195100,200.0,0.025,9m,0.8,0.8,2.0,720.0,968.0,0.025,10m,0.8,1.4,1.5,688.0,456.0,0.025,4m,1.2000000000000002,0.5,1.1,464.0,512.0,0.05,10m,0.5,1.4,1.2000000000000002,496.0,392.0,0.05,7m,1.3,0.9,1.2000000000000002,128.0,856.0,0.05,3m,0.6,0.5,1.5,488.0,424.0,0.05,8m,1.5,0.7,1.5,424.0,280.0,0.05,8m,1.2000000000000002,0.8,1.9000000000000001,856.0,608.0,0.05,9m,1.3,0.8,1.7000000000000002,808.0,800,0.025,9m,1.5,0.7,1.2000000000000002,104,0.5,10,COMPLETE
124,124,3.8345755829345625,2025-06-16 00:58:15.281682,2025-06-16 00:58:35.084122,0 days 00:00:19.802440,232.0,0.025,7m,0.7,0.9,2.0,808.0,1008.0,0.025,10m,0.6,1.5,1.9000000000000001,776.0,568.0,0.025,4m,1.3,0.5,1.2000000000000002,352.0,680.0,0.05,10m,0.5,1.2000000000000002,1.3,288.0,784.0,0.05,7m,0.5,0.6,1.6,248.0,968.0,0.05,3m,0.7,0.5,1.4000000000000001,536.0,632.0,0.05,10m,1.4,0.6,1.6,288.0,1000.0,0.025,4m,0.9,1.0,1.9000000000000001,800.0,576.0,0.05,9m,1.0,0.8,1.7000000000000002,704.0,1000,0.025,9m,1.4,0.6,1.1,64,0.5,10,COMPLETE
125,125,-3.0784511833291304,2025-06-16 00:58:35.212493,2025-06-16 00:58:42.735644,0 days 00:00:07.523151,96.0,0.025,9m,0.7,1.0,2.0,776.0,928.0,0.025,10m,0.7,1.5,1.6,800.0,400.0,0.025,6m,1.1,0.6,1.3,496.0,560.0,0.05,10m,0.5,1.3,1.2000000000000002,1024.0,,,,,,,,832.0,0.05,10m,0.8,0.5,1.5,568.0,600.0,0.05,7m,0.9,1.0,1.5,1024.0,800.0,0.05,1m,0.7,1.2000000000000002,1.8000000000000003,992.0,624.0,0.05,9m,1.4,0.9,1.8000000000000003,768.0,896,0.025,10m,1.5,0.7,1.2000000000000002,88,0.5,9,COMPLETE
126,126,3.9856248681545927,2025-06-16 00:58:42.827399,2025-06-16 00:58:50.674116,0 days 00:00:07.846717,144.0,0.025,8m,0.8,0.6,2.0,864.0,1024.0,0.025,10m,0.8,1.4,1.7000000000000002,736.0,440.0,0.025,4m,1.3,1.1,1.2000000000000002,312.0,872.0,0.05,10m,0.6,1.4,1.3,520.0,840.0,0.05,4m,1.2000000000000002,1.1,1.4000000000000001,280.0,904.0,0.05,3m,0.5,0.6,1.6,608.0,488.0,0.05,5m,1.2000000000000002,1.3,1.5,536.0,992.0,0.05,5m,1.2000000000000002,0.9,1.9000000000000001,912.0,544.0,0.05,3m,1.2000000000000002,1.0,1.7000000000000002,648.0,864,0.025,9m,1.4,0.8,1.3,136,0.45,10,COMPLETE
127,127,1.9529585018506872,2025-06-16 00:58:50.777103,2025-06-16 00:58:58.713646,0 days 00:00:07.936543,136.0,0.025,8m,0.8,0.6,1.9000000000000001,872.0,992.0,0.025,10m,0.8,1.3,1.7000000000000002,640.0,1024.0,0.05,3m,1.3,1.1,1.2000000000000002,304.0,912.0,0.05,2m,0.7,1.4,1.4000000000000001,520.0,960.0,0.025,4m,1.0,1.1,1.4000000000000001,272.0,904.0,0.05,3m,0.5,0.7,1.6,600.0,472.0,0.05,5m,1.2000000000000002,1.3,1.7000000000000002,616.0,368.0,0.05,10m,1.2000000000000002,0.9,1.9000000000000001,968.0,536.0,0.05,3m,1.4,1.0,1.6,648.0,784,0.025,8m,1.4,0.8,1.3,136,0.45,10,COMPLETE
128,128,2.9334530736700675,2025-06-16 00:58:58.796027,2025-06-16 00:59:06.560935,0 days 00:00:07.764908,176.0,0.025,8m,0.9,0.6,2.0,952.0,568.0,0.025,6m,0.8,1.4,1.8000000000000003,744.0,504.0,0.025,4m,1.5,1.2000000000000002,1.2000000000000002,432.0,864.0,0.05,10m,0.6,1.4,1.2000000000000002,408.0,856.0,0.05,4m,1.1,1.1,1.4000000000000001,424.0,872.0,0.05,3m,0.5,0.6,1.8000000000000003,480.0,560.0,0.05,5m,1.2000000000000002,1.2000000000000002,1.6,560.0,904.0,0.05,5m,1.1,0.9,1.9000000000000001,888.0,496.0,0.05,3m,1.3,1.0,1.8000000000000003,672.0,872,0.025,9m,1.4,0.7,1.3,40,0.45,10,COMPLETE
129,129,0.3836693453607779,2025-06-16 00:59:06.637084,2025-06-16 00:59:13.848232,0 days 00:00:07.211148,120.0,0.025,8m,0.8,0.8,1.7000000000000002,856.0,272.0,0.025,7m,0.8,1.4,1.7000000000000002,680.0,472.0,0.025,1m,1.3,1.0,1.1,232.0,1016.0,0.05,7m,1.2000000000000002,1.5,1.3,552.0,,,,,,,,976.0,0.05,3m,0.5,0.6,1.6,448.0,528.0,0.05,5m,1.3,1.5,1.5,496.0,936.0,0.05,7m,1.2000000000000002,0.9,2.0,920.0,648.0,0.05,3m,1.0,0.9,1.7000000000000002,600.0,848,0.025,2m,1.5,0.5,1.3,72,0.45,9,COMPLETE
130,130,4.617033082367531,2025-06-16 00:59:13.916211,2025-06-16 00:59:22.281644,0 days 00:00:08.365433,80.0,0.05,9m,0.9,0.5,2.0,928.0,952.0,0.025,10m,0.9,1.0,1.7000000000000002,832.0,432.0,0.025,4m,1.4,0.7,1.2000000000000002,416.0,888.0,0.05,10m,0.6,1.4,1.2000000000000002,632.0,688.0,0.05,10m,1.2000000000000002,1.2000000000000002,1.8000000000000003,1024.0,1000.0,0.05,3m,0.6,0.6,1.7000000000000002,512.0,456.0,0.05,6m,1.5,1.3,1.4000000000000001,56.0,984.0,0.05,5m,1.3,1.0,1.2000000000000002,848.0,592.0,0.05,9m,1.3,1.1,1.8000000000000003,696.0,744,0.025,9m,1.4,0.6,1.2000000000000002,120,0.45,10,COMPLETE
131,131,4.376787977904943,2025-06-16 00:59:22.387592,2025-06-16 00:59:30.639521,0 days 00:00:08.251929,88.0,0.05,9m,0.9,0.5,2.0,928.0,960.0,0.025,10m,0.9,1.0,1.7000000000000002,832.0,432.0,0.025,4m,1.4,0.7,1.2000000000000002,416.0,880.0,0.05,10m,0.7,1.4,1.2000000000000002,704.0,688.0,0.05,10m,1.2000000000000002,1.2000000000000002,1.8000000000000003,984.0,1008.0,0.05,3m,0.6,0.6,1.7000000000000002,512.0,448.0,0.05,6m,1.5,1.3,1.4000000000000001,616.0,984.0,0.05,5m,1.3,1.0,1.7000000000000002,848.0,592.0,0.05,9m,1.3,1.1,1.8000000000000003,688.0,808,0.025,9m,1.4,0.6,1.2000000000000002,128,0.45,10,COMPLETE
132,132,3.871417342149725,2025-06-16 00:59:30.720054,2025-06-16 00:59:38.833130,0 days 00:00:08.113076,80.0,0.05,9m,0.9,0.5,2.0,912.0,952.0,0.025,10m,0.9,1.0,1.7000000000000002,872.0,456.0,0.025,4m,1.4,0.7,1.2000000000000002,416.0,888.0,0.05,10m,0.7,1.4,1.2000000000000002,768.0,680.0,0.05,10m,1.2000000000000002,1.2000000000000002,1.8000000000000003,1008.0,1000.0,0.05,3m,0.6,0.6,1.7000000000000002,520.0,448.0,0.05,6m,1.5,1.3,1.4000000000000001,552.0,968.0,0.05,5m,1.4,1.0,1.3,864.0,600.0,0.05,3m,1.2000000000000002,1.1,1.8000000000000003,720.0,808,0.025,9m,1.3,0.6,1.2000000000000002,944,0.45,10,COMPLETE
133,133,3.6587232237323133,2025-06-16 00:59:38.908145,2025-06-16 00:59:47.231572,0 days 00:00:08.323427,104.0,0.05,9m,0.9,0.5,2.0,888.0,912.0,0.025,10m,1.0,1.0,1.7000000000000002,904.0,440.0,0.025,4m,1.4,1.1,1.1,440.0,824.0,0.05,10m,0.6,1.4,1.2000000000000002,688.0,608.0,0.05,10m,1.2000000000000002,1.2000000000000002,1.9000000000000001,896.0,952.0,0.05,3m,0.5,0.7,1.7000000000000002,544.0,408.0,0.05,6m,1.5,1.3,1.3,584.0,992.0,0.05,5m,1.3,1.0,1.2000000000000002,952.0,656.0,0.05,9m,1.4,1.1,1.8000000000000003,632.0,744,0.025,9m,1.4,0.6,1.2000000000000002,120,0.4,10,COMPLETE
134,134,1.7857352036942846,2025-06-16 00:59:47.339819,2025-06-16 00:59:55.608785,0 days 00:00:08.268966,32.0,0.05,9m,1.0,0.5,2.0,928.0,456.0,0.025,10m,1.0,0.9,1.6,832.0,488.0,0.025,4m,1.4,0.8,1.2000000000000002,456.0,888.0,0.05,10m,0.7,1.5,1.2000000000000002,704.0,504.0,0.05,10m,1.3,1.3,1.8000000000000003,1024.0,1024.0,0.05,3m,0.6,0.6,1.8000000000000003,496.0,480.0,0.05,6m,1.4,1.4,1.4000000000000001,152.0,896.0,0.05,5m,1.3,1.0,1.5,808.0,584.0,0.05,9m,0.9,1.2000000000000002,1.8000000000000003,680.0,840,0.025,9m,1.4,0.6,1.2000000000000002,96,0.45,10,COMPLETE
135,135,2.8991776030898158,2025-06-16 00:59:55.704670,2025-06-16 01:00:03.851545,0 days 00:00:08.146875,48.0,0.05,9m,0.9,0.5,1.6,968.0,968.0,0.025,10m,0.9,1.1,1.8000000000000003,720.0,432.0,0.025,4m,1.5,0.7,1.2000000000000002,520.0,976.0,0.05,9m,0.6,1.4,1.2000000000000002,640.0,824.0,0.05,10m,1.2000000000000002,1.1,1.9000000000000001,976.0,1008.0,0.05,3m,0.6,0.6,1.7000000000000002,568.0,368.0,0.05,6m,1.5,1.3,1.4000000000000001,640.0,936.0,0.05,2m,1.4,1.1,1.4000000000000001,896.0,88.0,0.05,9m,1.3,1.0,1.8000000000000003,656.0,784,0.025,9m,1.4,0.6,1.3,56,0.45,10,COMPLETE
136,136,1.8017326218479583,2025-06-16 01:00:03.919336,2025-06-16 01:00:12.067174,0 days 00:00:08.147838,72.0,0.05,9m,1.0,0.5,2.0,824.0,1000.0,0.025,10m,0.9,1.0,1.7000000000000002,848.0,512.0,0.025,4m,1.4,1.0,1.2000000000000002,400.0,936.0,0.05,10m,0.6,1.4,1.1,616.0,696.0,0.05,5m,1.2000000000000002,1.2000000000000002,1.7000000000000002,968.0,984.0,0.05,7m,0.6,0.7,1.7000000000000002,520.0,456.0,0.05,6m,1.3,1.3,1.3,528.0,976.0,0.05,3m,1.3,1.0,1.7000000000000002,840.0,624.0,0.05,9m,1.4,1.1,1.8000000000000003,744.0,864,0.025,9m,1.3,0.6,1.2000000000000002,16,0.4,10,COMPLETE
137,137,-20.34033072386031,2025-06-16 01:00:12.163127,2025-06-16 01:00:19.436520,0 days 00:00:07.273393,152.0,0.05,6m,0.9,0.6,1.9000000000000001,1008.0,216.0,0.025,9m,0.8,1.0,1.6,752.0,416.0,0.025,8m,1.3,0.8,1.3,424.0,488.0,0.05,1m,0.5,1.0,1.2000000000000002,648.0,,,,,,,,928.0,0.05,3m,0.5,0.6,1.6,624.0,432.0,0.05,4m,1.4,1.2000000000000002,1.5,528.0,952.0,0.05,5m,1.3,0.9,1.6,920.0,272.0,0.05,9m,1.3,1.1,1.8000000000000003,704.0,944,0.025,5m,1.4,0.5,1.2000000000000002,112,0.45,9,COMPLETE
138,138,-2.096522436550389,2025-06-16 01:00:19.520373,2025-06-16 01:00:27.723088,0 days 00:00:08.202715,16.0,0.05,2m,0.9,0.5,2.0,872.0,944.0,0.025,10m,1.4,1.1,1.8000000000000003,704.0,592.0,0.025,4m,1.4,0.7,1.2000000000000002,376.0,888.0,0.05,10m,0.7,1.5,1.3,584.0,416.0,0.05,1m,0.9,1.3,1.8000000000000003,224.0,960.0,0.05,6m,0.6,0.6,1.8000000000000003,592.0,512.0,0.05,1m,1.5,1.4,1.4000000000000001,680.0,1000.0,0.05,9m,1.0,1.0,1.8000000000000003,792.0,512.0,0.05,9m,1.3,1.1,1.7000000000000002,792.0,816,0.025,9m,0.5,0.6,1.2000000000000002,88,0.45,10,COMPLETE
139,139,0.6318704941302402,2025-06-16 01:00:27.809285,2025-06-16 01:00:35.742079,0 days 00:00:07.932794,128.0,0.05,9m,0.8,0.6,2.0,744.0,864.0,0.025,10m,0.8,0.9,1.7000000000000002,784.0,376.0,0.025,4m,1.3,0.6,1.3,320.0,808.0,0.05,10m,0.6,1.4,1.2000000000000002,432.0,224.0,0.05,8m,1.3,1.4,1.7000000000000002,816.0,896.0,0.05,3m,0.6,0.6,1.7000000000000002,472.0,488.0,0.05,4m,1.4,1.2000000000000002,1.5,32.0,888.0,0.05,5m,1.1,1.1,1.8000000000000003,760.0,568.0,0.025,5m,1.2000000000000002,1.2000000000000002,1.7000000000000002,512.0,712,0.025,9m,1.5,0.7,1.3,144,0.5,10,COMPLETE
140,140,3.2531549336957712,2025-06-16 01:00:35.832656,2025-06-16 01:00:42.908603,0 days 00:00:07.075947,88.0,0.05,8m,0.8,0.6,1.9000000000000001,848.0,344.0,0.025,4m,0.9,1.2000000000000002,1.7000000000000002,824.0,304.0,0.025,9m,1.4,1.2000000000000002,1.8000000000000003,552.0,856.0,0.05,5m,0.5,1.5,1.1,720.0,,,,,,,,992.0,0.05,3m,0.7,0.5,1.6,504.0,584.0,0.05,6m,1.5,1.1,1.4000000000000001,616.0,920.0,0.05,5m,0.8,0.9,1.7000000000000002,872.0,464.0,0.05,9m,1.1,1.0,1.9000000000000001,760.0,896,0.025,9m,1.5,1.1,1.1,40,0.45,9,COMPLETE
141,141,2.6767310622846336,2025-06-16 01:00:43.004650,2025-06-16 01:00:50.645331,0 days 00:00:07.640681,168.0,0.025,1m,0.7,0.6,2.0,936.0,976.0,0.025,10m,0.7,1.5,1.7000000000000002,800.0,400.0,0.025,4m,1.3,0.5,1.2000000000000002,288.0,592.0,0.05,10m,0.5,1.3,1.3,456.0,872.0,0.05,4m,1.1,1.2000000000000002,1.6,296.0,920.0,0.05,3m,0.7,0.5,1.6,576.0,544.0,0.05,7m,1.1,0.5,1.5,640.0,1024.0,0.05,5m,1.2000000000000002,0.9,1.9000000000000001,832.0,552.0,0.05,9m,1.3,0.8,1.7000000000000002,688.0,760,0.025,9m,1.5,0.8,1.2000000000000002,208,0.5,10,COMPLETE
142,142,4.416376249987347,2025-06-16 01:00:50.711604,2025-06-16 01:00:58.261362,0 days 00:00:07.549758,208.0,0.025,9m,1.0,0.8,2.0,960.0,1008.0,0.025,10m,0.7,1.0,1.7000000000000002,768.0,472.0,0.025,4m,1.2000000000000002,0.5,1.2000000000000002,392.0,736.0,0.05,10m,0.5,1.1,1.2000000000000002,360.0,776.0,0.05,3m,1.0,1.1,1.5,360.0,936.0,0.05,3m,0.7,0.5,1.6,544.0,528.0,0.05,7m,1.5,1.4,1.2000000000000002,720.0,968.0,0.05,5m,1.2000000000000002,1.0,1.9000000000000001,944.0,528.0,0.05,9m,1.3,0.7,1.7000000000000002,728.0,776,0.025,9m,1.5,0.7,1.2000000000000002,128,0.5,10,COMPLETE
143,143,5.550399858212804,2025-06-16 01:00:58.323660,2025-06-16 01:01:05.650234,0 days 00:00:07.326574,208.0,0.025,9m,1.0,0.9,2.0,912.0,1024.0,0.025,10m,0.8,1.0,1.7000000000000002,768.0,472.0,0.025,4m,1.1,0.5,1.1,464.0,928.0,0.05,10m,0.5,1.1,1.2000000000000002,360.0,768.0,0.05,3m,1.0,1.1,1.5,368.0,936.0,0.05,3m,0.7,0.6,1.6,552.0,520.0,0.05,9m,1.5,1.4,1.6,64.0,960.0,0.05,5m,1.2000000000000002,1.0,1.9000000000000001,960.0,528.0,0.05,9m,1.3,0.7,1.8000000000000003,728.0,800,0.025,9m,1.5,1.3,1.2000000000000002,64,0.5,10,COMPLETE
144,144,4.691918595876399,2025-06-16 01:01:05.718740,2025-06-16 01:01:12.978675,0 days 00:00:07.259935,200.0,0.025,9m,1.0,0.9,2.0,976.0,1008.0,0.025,10m,0.7,1.0,1.6,856.0,480.0,0.025,4m,1.0,0.5,1.1,488.0,736.0,0.05,10m,0.5,1.1,1.2000000000000002,368.0,736.0,0.05,3m,1.0,1.2000000000000002,1.5,360.0,944.0,0.05,3m,0.7,0.5,1.5,520.0,520.0,0.05,9m,1.5,1.4,1.1,104.0,952.0,0.05,5m,1.2000000000000002,1.0,1.9000000000000001,960.0,592.0,0.05,9m,1.3,0.7,1.8000000000000003,720.0,800,0.025,4m,1.5,0.7,1.2000000000000002,64,0.5,10,COMPLETE
145,145,-3.810272416745165,2025-06-16 01:01:13.064604,2025-06-16 01:01:20.464729,0 days 00:00:07.400125,208.0,0.025,9m,1.0,0.9,2.0,984.0,1008.0,0.025,10m,0.7,1.0,1.8000000000000003,856.0,536.0,0.025,4m,1.0,0.5,1.1,520.0,728.0,0.05,10m,0.5,1.1,1.2000000000000002,368.0,768.0,0.05,3m,1.0,1.2000000000000002,1.5,352.0,944.0,0.05,1m,0.7,0.5,1.7000000000000002,512.0,528.0,0.05,9m,1.5,1.4,1.1,80.0,832.0,0.05,5m,1.1,1.0,1.9000000000000001,1008.0,592.0,0.05,9m,1.3,0.7,1.8000000000000003,728.0,808,0.025,4m,1.5,1.2000000000000002,1.2000000000000002,72,0.5,10,COMPLETE
146,146,-2.1298084510452604,2025-06-16 01:01:20.529486,2025-06-16 01:01:27.821432,0 days 00:00:07.291946,232.0,0.025,9m,1.0,0.9,2.0,968.0,952.0,0.025,1m,0.8,1.0,1.6,952.0,488.0,0.025,4m,1.0,0.5,1.1,488.0,752.0,0.05,10m,0.5,1.1,1.2000000000000002,744.0,736.0,0.05,3m,1.0,1.1,1.5,416.0,984.0,0.05,3m,0.7,0.7,1.6,440.0,568.0,0.05,9m,1.5,1.4,1.2000000000000002,80.0,952.0,0.05,6m,1.3,1.0,2.0,952.0,528.0,0.05,9m,1.3,0.7,1.8000000000000003,720.0,784,0.025,4m,1.5,0.7,1.1,104,0.5,10,COMPLETE
147,147,0.6241573289760856,2025-06-16 01:01:27.881461,2025-06-16 01:01:35.235098,0 days 00:00:07.353637,272.0,0.05,9m,1.0,0.9,2.0,1000.0,1008.0,0.025,3m,0.6,0.9,1.7000000000000002,880.0,472.0,0.025,2m,1.0,0.6,1.1,464.0,648.0,0.05,10m,0.5,1.1,1.2000000000000002,320.0,728.0,0.05,3m,0.9,1.2000000000000002,1.5,384.0,968.0,0.05,8m,0.7,0.5,1.6,544.0,520.0,0.05,9m,1.5,1.5,1.1,40.0,912.0,0.05,7m,1.2000000000000002,1.0,1.2000000000000002,952.0,616.0,0.05,9m,1.3,0.7,1.9000000000000001,832.0,744,0.025,4m,1.5,1.5,1.2000000000000002,64,0.5,10,COMPLETE
148,148,4.1029069237552855,2025-06-16 01:01:35.302163,2025-06-16 01:01:41.785986,0 days 00:00:06.483823,216.0,0.025,9m,1.0,0.9,2.0,896.0,896.0,0.025,10m,0.7,1.0,1.5,912.0,552.0,0.025,10m,0.9,0.5,1.1,448.0,672.0,0.05,10m,0.5,1.0,1.2000000000000002,344.0,,,,,,,,1008.0,0.05,3m,0.8,0.6,1.9000000000000001,488.0,504.0,0.05,9m,1.5,1.4,1.2000000000000002,16.0,960.0,0.05,5m,1.2000000000000002,1.0,1.8000000000000003,984.0,672.0,0.05,9m,0.6,0.6,1.8000000000000003,776.0,776,0.025,4m,1.5,1.3,1.2000000000000002,32,0.5,9,COMPLETE
149,149,3.241340343454951,2025-06-16 01:01:41.882548,2025-06-16 01:01:48.942108,0 days 00:00:07.059560,312.0,0.025,9m,1.1,1.0,1.9000000000000001,952.0,928.0,0.025,5m,0.9,1.0,1.4000000000000001,776.0,528.0,0.025,4m,1.1,0.8,1.1,504.0,936.0,0.05,10m,0.5,1.1,1.2000000000000002,384.0,688.0,0.05,3m,1.0,1.3,1.6,536.0,96.0,0.05,3m,0.7,0.6,1.5,472.0,600.0,0.05,9m,1.5,1.4,1.1,88.0,864.0,0.05,2m,1.1,1.0,1.9000000000000001,968.0,576.0,0.05,9m,1.4,0.7,1.8000000000000003,704.0,728,0.025,1m,1.5,0.7,1.9000000000000001,160,0.5,10,COMPLETE
