,number,value,datetime_start,datetime_complete,duration,params_ABNB_NXPI_beta_win,params_ABNB_NXPI_stop_loss,params_ABNB_NXPI_trade_freq,params_ABNB_NXPI_z_entry,params_ABNB_NXPI_z_exit,params_ABNB_NXPI_z_stop_scaler,params_ABNB_NXPI_z_win,params_CTSH_MAR_beta_win,params_CTSH_MAR_stop_loss,params_CTSH_MAR_trade_freq,params_CTSH_MAR_z_entry,params_CTSH_MAR_z_exit,params_CTSH_MAR_z_stop_scaler,params_CTSH_MAR_z_win,params_DASH_KLAC_beta_win,params_DASH_KLAC_stop_loss,params_DASH_KLAC_trade_freq,params_DASH_KLAC_z_entry,params_DASH_KLAC_z_exit,params_DASH_KLAC_z_stop_scaler,params_DASH_KLAC_z_win,params_DASH_LRCX_beta_win,params_DASH_LRCX_stop_loss,params_DASH_LRCX_trade_freq,params_DASH_LRCX_z_entry,params_DASH_LRCX_z_exit,params_DASH_LRCX_z_stop_scaler,params_DASH_LRCX_z_win,params_DXCM_HON_beta_win,params_DXCM_HON_stop_loss,params_DXCM_HON_trade_freq,params_DXCM_HON_z_entry,params_DXCM_HON_z_exit,params_DXCM_HON_z_stop_scaler,params_DXCM_HON_z_win,params_GOOGL_VRSK_beta_win,params_GOOGL_VRSK_stop_loss,params_GOOGL_VRSK_trade_freq,params_GOOGL_VRSK_z_entry,params_GOOGL_VRSK_z_exit,params_GOOGL_VRSK_z_stop_scaler,params_GOOGL_VRSK_z_win,params_GOOG_VRSK_beta_win,params_GOOG_VRSK_stop_loss,params_GOOG_VRSK_trade_freq,params_GOOG_VRSK_z_entry,params_GOOG_VRSK_z_exit,params_GOOG_VRSK_z_stop_scaler,params_GOOG_VRSK_z_win,params_LRCX_NFLX_beta_win,params_LRCX_NFLX_stop_loss,params_LRCX_NFLX_trade_freq,params_LRCX_NFLX_z_entry,params_LRCX_NFLX_z_exit,params_LRCX_NFLX_z_stop_scaler,params_LRCX_NFLX_z_win,params_MU_CTAS_beta_win,params_MU_CTAS_stop_loss,params_MU_CTAS_trade_freq,params_MU_CTAS_z_entry,params_MU_CTAS_z_exit,params_MU_CTAS_z_stop_scaler,params_MU_CTAS_z_win,params_PYPL_GFS_beta_win,params_PYPL_GFS_stop_loss,params_PYPL_GFS_trade_freq,params_PYPL_GFS_z_entry,params_PYPL_GFS_z_exit,params_PYPL_GFS_z_stop_scaler,params_PYPL_GFS_z_win,params_buffer_capital,params_pairs_to_trade,state
146,146,3.6263733933758964,2025-06-16 00:49:53.127904,2025-06-16 00:49:58.153273,0 days 00:00:05.025369,,,,,,,,584.0,0.025,4m,1.4,0.7,1.4000000000000001,224.0,16,0.025,3m,0.8,0.9,2.0,744,616.0,0.05,6m,0.8,1.3,1.6,472.0,360.0,0.025,8m,1.1,1.3,1.3,592.0,80.0,0.05,2m,1.4,0.7,1.5,648.0,,,,,,,,,,,,,,,,,,,,,,800.0,0.05,2m,0.6,1.0,1.2000000000000002,400.0,0.1,6,COMPLETE
147,147,0.41646576277055625,2025-06-16 00:49:58.212794,2025-06-16 00:50:03.512974,0 days 00:00:05.300180,,,,,,,,640.0,0.025,4m,1.1,0.7,1.4000000000000001,224.0,16,0.025,3m,1.0,0.9,1.9000000000000001,760,608.0,0.05,6m,0.8,1.3,1.6,472.0,760.0,0.025,8m,1.2000000000000002,1.3,1.3,600.0,72.0,0.05,2m,1.3,0.7,1.6,640.0,,,,,,,,,,,,,,,,,,,,,,800.0,0.05,10m,0.6,1.1,1.2000000000000002,424.0,0.1,6,COMPLETE
148,148,2.6509434012699655,2025-06-16 00:50:03.571757,2025-06-16 00:50:08.789472,0 days 00:00:05.217715,,,,,,,,616.0,0.025,4m,1.2000000000000002,0.7,1.5,376.0,40,0.025,3m,0.8,0.9,2.0,720,640.0,0.05,6m,0.9,1.0,1.6,456.0,328.0,0.025,8m,1.0,1.3,1.3,576.0,32.0,0.05,2m,1.4,0.8,1.5,864.0,,,,,,,,,,,,,,,,,,,,,,760.0,0.025,2m,0.6,1.2000000000000002,1.2000000000000002,384.0,0.1,6,COMPLETE
149,149,2.238724738984132,2025-06-16 00:50:08.861865,2025-06-16 00:50:13.773896,0 days 00:00:04.912031,,,,,,,,616.0,0.025,4m,1.2000000000000002,0.7,1.5,376.0,32,0.025,3m,0.8,0.9,2.0,736,648.0,0.05,6m,0.9,1.0,1.6,504.0,328.0,0.025,8m,1.1,1.3,1.3,568.0,40.0,0.05,2m,1.4,0.8,1.5,760.0,,,,,,,,,,,,,,,,,,,,,,768.0,0.025,2m,0.6,1.2000000000000002,1.2000000000000002,384.0,0.1,6,COMPLETE
