,number,value,datetime_start,datetime_complete,duration,params_AEP_BIIB_beta_win,params_AEP_BIIB_stop_loss,params_AEP_BIIB_trade_freq,params_AEP_BIIB_z_entry,params_AEP_BIIB_z_exit,params_AEP_BIIB_z_stop_scaler,params_AEP_BIIB_z_win,params_AMGN_BIIB_beta_win,params_AMGN_BIIB_stop_loss,params_AMGN_BIIB_trade_freq,params_AMGN_BIIB_z_entry,params_AMGN_BIIB_z_exit,params_AMGN_BIIB_z_stop_scaler,params_AMGN_BIIB_z_win,params_CHTR_MTCH_beta_win,params_CHTR_MTCH_stop_loss,params_CHTR_MTCH_trade_freq,params_CHTR_MTCH_z_entry,params_CHTR_MTCH_z_exit,params_CHTR_MTCH_z_stop_scaler,params_CHTR_MTCH_z_win,params_COST_PANW_beta_win,params_COST_PANW_stop_loss,params_COST_PANW_trade_freq,params_COST_PANW_z_entry,params_COST_PANW_z_exit,params_COST_PANW_z_stop_scaler,params_COST_PANW_z_win,params_EBAY_MTCH_beta_win,params_EBAY_MTCH_stop_loss,params_EBAY_MTCH_trade_freq,params_EBAY_MTCH_z_entry,params_EBAY_MTCH_z_exit,params_EBAY_MTCH_z_stop_scaler,params_EBAY_MTCH_z_win,params_EBAY_SWKS_beta_win,params_EBAY_SWKS_stop_loss,params_EBAY_SWKS_trade_freq,params_EBAY_SWKS_z_entry,params_EBAY_SWKS_z_exit,params_EBAY_SWKS_z_stop_scaler,params_EBAY_SWKS_z_win,params_GOOG_GOOGL_beta_win,params_GOOG_GOOGL_stop_loss,params_GOOG_GOOGL_trade_freq,params_GOOG_GOOGL_z_entry,params_GOOG_GOOGL_z_exit,params_GOOG_GOOGL_z_stop_scaler,params_GOOG_GOOGL_z_win,params_IDXX_ISRG_beta_win,params_IDXX_ISRG_stop_loss,params_IDXX_ISRG_trade_freq,params_IDXX_ISRG_z_entry,params_IDXX_ISRG_z_exit,params_IDXX_ISRG_z_stop_scaler,params_IDXX_ISRG_z_win,params_LRCX_NXPI_beta_win,params_LRCX_NXPI_stop_loss,params_LRCX_NXPI_trade_freq,params_LRCX_NXPI_z_entry,params_LRCX_NXPI_z_exit,params_LRCX_NXPI_z_stop_scaler,params_LRCX_NXPI_z_win,params_OKTA_SWKS_beta_win,params_OKTA_SWKS_stop_loss,params_OKTA_SWKS_trade_freq,params_OKTA_SWKS_z_entry,params_OKTA_SWKS_z_exit,params_OKTA_SWKS_z_stop_scaler,params_OKTA_SWKS_z_win,params_buffer_capital,params_pairs_to_trade,state
84,84,3.941788490039788,2025-06-15 23:36:16.937468,2025-06-15 23:36:23.270853,0 days 00:00:06.333385,712.0,0.05,1m,1.5,0.8,1.8000000000000003,376.0,672.0,0.05,7m,0.9,1.2000000000000002,1.4000000000000001,640.0,640.0,0.05,5m,1.1,0.5,1.9000000000000001,696.0,,,,,,,,,,,,,,,,,,,,,,744,0.025,4m,0.7,1.0,1.1,896,,,,,,,,152.0,0.05,10m,0.7,1.1,1.2000000000000002,488.0,632.0,0.025,2m,0.7,1.1,1.8000000000000003,232.0,0.35000000000000003,6,COMPLETE
85,85,3.177727926187368,2025-06-15 23:36:23.369110,2025-06-15 23:36:29.466228,0 days 00:00:06.097118,832.0,0.05,1m,1.5,0.8,1.9000000000000001,384.0,800.0,0.05,7m,0.9,1.2000000000000002,1.4000000000000001,568.0,640.0,0.05,5m,1.0,0.6,1.9000000000000001,688.0,,,,,,,,,,,,,,,,,,,,,,736,0.025,4m,0.7,1.1,1.1,888,,,,,,,,80.0,0.05,10m,0.7,1.1,1.2000000000000002,488.0,608.0,0.025,2m,0.7,1.1,1.9000000000000001,248.0,0.35000000000000003,6,COMPLETE
86,86,3.5421066430821893,2025-06-15 23:36:29.559148,2025-06-15 23:36:34.557606,0 days 00:00:04.998458,704.0,0.05,1m,1.5,0.9,1.8000000000000003,424.0,664.0,0.05,7m,0.9,1.2000000000000002,1.4000000000000001,624.0,600.0,0.05,5m,1.1,0.5,1.9000000000000001,736.0,,,,,,,,,,,,,,,,,,,,,,832,0.025,4m,0.6,1.0,1.1,920,,,,,,,,,,,,,,,688.0,0.025,2m,0.6,1.1,1.8000000000000003,208.0,0.4,5,COMPLETE
87,87,-1.9094612589413387,2025-06-15 23:36:34.667488,2025-06-15 23:36:38.844541,0 days 00:00:04.177053,768.0,0.05,1m,1.5,0.8,1.8000000000000003,448.0,592.0,0.05,7m,0.8,1.3,1.4000000000000001,472.0,672.0,0.05,5m,1.2000000000000002,0.6,1.9000000000000001,624.0,,,,,,,,,,,,,,,,,,,,,,696,0.025,4m,0.6,1.0,1.1,936,,,,,,,,,,,,,,,,,,,,,,0.3,4,COMPLETE
88,88,2.8398508619591976,2025-06-15 23:36:38.923786,2025-06-15 23:36:45.409324,0 days 00:00:06.485538,808.0,0.05,1m,1.5,0.9,1.9000000000000001,376.0,768.0,0.05,7m,0.9,1.2000000000000002,1.4000000000000001,712.0,528.0,0.05,5m,1.1,0.5,1.9000000000000001,824.0,,,,,,,,,,,,,,,,,,,,,,888,0.025,4m,0.7,1.0,1.1,888,,,,,,,,96.0,0.05,10m,0.6,1.1,1.2000000000000002,432.0,584.0,0.025,2m,0.7,1.1,1.8000000000000003,312.0,0.35000000000000003,6,COMPLETE
89,89,-9.537687650543182,2025-06-15 23:36:45.511699,2025-06-15 23:36:49.788189,0 days 00:00:04.276490,752.0,0.025,1m,1.4,0.8,1.1,352.0,688.0,0.05,7m,0.9,1.2000000000000002,1.4000000000000001,576.0,600.0,0.05,5m,1.0,0.5,2.0,600.0,,,,,,,,,,,,,,,,,,,,,,752,0.025,4m,0.7,0.9,1.1,912,,,,,,,,,,,,,,,,,,,,,,0.45,4,COMPLETE
90,90,3.6669707440595136,2025-06-15 23:36:49.929051,2025-06-15 23:36:57.004147,0 days 00:00:07.075096,872.0,0.05,1m,1.5,0.7,1.8000000000000003,296.0,800.0,0.05,7m,0.8,1.4,1.3,664.0,488.0,0.05,7m,1.3,0.6,1.9000000000000001,720.0,,,,,,,,,,,,,,,,,,,,,,792,0.025,4m,0.6,1.2000000000000002,1.1,832,,,,,,,,160.0,0.05,10m,0.7,1.1,1.8000000000000003,608.0,760.0,0.025,2m,0.7,1.2000000000000002,2.0,224.0,0.3,6,COMPLETE
91,91,3.827466082083943,2025-06-15 23:36:57.114954,2025-06-15 23:37:04.275292,0 days 00:00:07.160338,712.0,0.05,1m,1.5,0.7,1.8000000000000003,312.0,808.0,0.05,7m,0.8,1.4,1.3,744.0,480.0,0.05,7m,1.3,0.6,1.9000000000000001,720.0,,,,,,,,,,,,,,,,,,,,,,800,0.025,4m,0.6,1.2000000000000002,1.1,824,,,,,,,,152.0,0.05,10m,0.7,1.1,1.8000000000000003,600.0,768.0,0.025,2m,0.7,1.2000000000000002,2.0,224.0,0.3,6,COMPLETE
92,92,2.832354627827927,2025-06-15 23:37:04.366606,2025-06-15 23:37:10.350278,0 days 00:00:05.983672,712.0,0.05,1m,1.5,0.7,1.8000000000000003,400.0,696.0,0.05,7m,0.8,1.4,1.4000000000000001,808.0,544.0,0.05,7m,1.1,0.5,1.9000000000000001,672.0,,,,,,,,,,,,,,,,,,,,,,872,0.025,4m,0.5,1.2000000000000002,1.1,952,,,,,,,,,,,,,,,928.0,0.025,2m,0.6,1.1,2.0,272.0,0.35000000000000003,5,COMPLETE
93,93,3.6627024747353722,2025-06-15 23:37:10.452707,2025-06-15 23:37:17.548805,0 days 00:00:07.096098,664.0,0.05,1m,1.5,0.8,1.8000000000000003,232.0,872.0,0.05,7m,1.0,1.5,1.3,736.0,576.0,0.05,7m,1.2000000000000002,0.5,1.8000000000000003,752.0,,,,,,,,,,,,,,,,,,,,,,768,0.025,4m,0.7,1.1,1.1,856,,,,,,,,192.0,0.05,10m,0.8,1.1,1.8000000000000003,512.0,616.0,0.025,2m,0.7,1.2000000000000002,1.7000000000000002,224.0,0.3,6,COMPLETE
94,94,4.237891026010112,2025-06-15 23:37:17.653736,2025-06-15 23:37:24.398723,0 days 00:00:06.744987,696.0,0.05,1m,1.4,0.9,1.7000000000000002,320.0,648.0,0.05,7m,0.8,1.1,1.4000000000000001,496.0,624.0,0.05,5m,1.3,0.6,1.7000000000000002,704.0,,,,,,,,,,,,,,,,,,,,,,952,0.025,3m,0.7,1.3,1.1,808,,,,,,,,256.0,0.05,10m,0.7,1.1,1.2000000000000002,568.0,664.0,0.025,2m,0.7,1.0,1.9000000000000001,136.0,0.3,6,COMPLETE
95,95,3.666960613514413,2025-06-15 23:37:24.507966,2025-06-15 23:37:30.619169,0 days 00:00:06.111203,744.0,0.05,1m,1.4,0.9,1.9000000000000001,320.0,832.0,0.05,7m,0.9,1.1,1.3,504.0,664.0,0.05,5m,1.3,0.6,1.7000000000000002,792.0,,,,,,,,,,,,,,,,,,,,,,1008,0.025,3m,0.6,1.3,1.2000000000000002,784,,,,,,,,,,,,,,,736.0,0.025,2m,0.8,1.1,1.9000000000000001,136.0,0.35000000000000003,5,COMPLETE
96,96,4.137487531713456,2025-06-15 23:37:30.720822,2025-06-15 23:37:37.880134,0 days 00:00:07.159312,784.0,0.05,9m,1.4,0.9,1.7000000000000002,352.0,608.0,0.05,3m,0.8,1.1,1.4000000000000001,424.0,624.0,0.05,2m,1.3,0.6,1.7000000000000002,496.0,,,,,,,,,,,,,,,,,,,,,,944,0.025,3m,0.8,1.3,1.9000000000000001,816,,,,,,,,264.0,0.05,10m,0.6,1.0,2.0,584.0,664.0,0.025,2m,0.6,0.9,1.9000000000000001,80.0,0.3,6,COMPLETE
97,97,3.482675006446949,2025-06-15 23:37:37.974539,2025-06-15 23:37:45.382426,0 days 00:00:07.407887,776.0,0.05,9m,1.4,0.9,2.0,352.0,576.0,0.05,3m,0.8,1.4,1.5,464.0,712.0,0.05,2m,1.3,0.6,1.7000000000000002,640.0,,,,,,,,,,,,,,,,,,,,,,944,0.025,3m,0.7,1.4,1.9000000000000001,808,,,,,,,,248.0,0.05,10m,0.6,1.0,2.0,632.0,656.0,0.025,2m,0.6,0.9,1.9000000000000001,128.0,0.3,6,COMPLETE
98,98,0.615562914434044,2025-06-15 23:37:45.480097,2025-06-15 23:37:52.639110,0 days 00:00:07.159013,600.0,0.05,9m,1.4,1.0,1.9000000000000001,272.0,640.0,0.05,3m,1.0,1.1,1.3,544.0,608.0,0.05,2m,1.3,0.6,1.7000000000000002,496.0,,,,,,,,,,,,,,,,,,,,,,928,0.025,3m,0.6,1.3,1.9000000000000001,880,,,,,,,,128.0,0.05,10m,0.7,1.5,1.9000000000000001,584.0,808.0,0.025,5m,0.5,1.2000000000000002,2.0,64.0,0.4,6,COMPLETE
99,99,-1.1906185150868045,2025-06-15 23:37:52.741037,2025-06-15 23:37:59.921716,0 days 00:00:07.180679,808.0,0.05,9m,1.4,0.9,1.8000000000000003,320.0,600.0,0.05,4m,0.9,0.5,1.4000000000000001,416.0,640.0,0.05,2m,1.2000000000000002,0.6,2.0,512.0,,,,,,,,,,,,,,,,,,,,,,952,0.025,3m,0.8,1.4,1.2000000000000002,648,,,,,,,,64.0,0.05,10m,0.6,1.2000000000000002,1.2000000000000002,520.0,680.0,0.025,4m,0.6,0.9,1.9000000000000001,1008.0,0.25,6,COMPLETE
100,100,-0.6131868004821471,2025-06-15 23:38:00.009165,2025-06-15 23:38:06.615668,0 days 00:00:06.606503,720.0,0.05,10m,1.4,0.9,1.2000000000000002,272.0,536.0,0.05,3m,0.8,1.1,1.2000000000000002,512.0,512.0,0.05,3m,1.4,0.6,1.6,584.0,,,,,,,,,,,,,,,,,,,,,,712,0.025,3m,0.7,1.3,1.2000000000000002,752,,,,,,,,216.0,0.05,10m,0.7,1.0,1.9000000000000001,488.0,728.0,0.025,8m,0.7,1.1,1.9000000000000001,80.0,0.25,6,COMPLETE
101,101,2.3980471436176742,2025-06-15 23:38:06.718231,2025-06-15 23:38:11.118503,0 days 00:00:04.400272,696.0,0.05,1m,1.5,0.8,1.7000000000000002,440.0,760.0,0.05,7m,0.8,1.1,1.4000000000000001,480.0,624.0,0.05,1m,1.3,0.5,1.8000000000000003,712.0,,,,,,,,,,,,,,,,,,,,,,816,0.025,3m,0.8,1.2000000000000002,1.1,848,,,,,,,,,,,,,,,,,,,,,,0.3,4,COMPLETE
102,102,3.410435110538969,2025-06-15 23:38:11.201854,2025-06-15 23:38:16.590261,0 days 00:00:05.388407,616.0,0.05,1m,1.5,0.7,1.7000000000000002,416.0,648.0,0.05,7m,0.9,1.1,1.5,432.0,464.0,0.05,7m,1.4,0.5,1.8000000000000003,480.0,,,,,,,,,,,,,,,,,,,,,,864,0.025,7m,0.8,1.3,1.1,824,,,,,,,,,,,,,,,568.0,0.025,2m,0.8,1.0,1.8000000000000003,168.0,0.3,5,COMPLETE
103,103,3.690002608139455,2025-06-15 23:38:16.676251,2025-06-15 23:38:24.540881,0 days 00:00:07.864630,648.0,0.05,1m,1.5,0.8,1.7000000000000002,536.0,672.0,0.05,7m,0.8,1.1,1.4000000000000001,648.0,584.0,0.05,4m,1.2000000000000002,0.5,1.7000000000000002,640.0,,,,,,,,408.0,0.05,7m,0.9,0.7,1.4000000000000001,200.0,,,,,,,,1008,0.025,3m,0.5,1.4,1.1,784,,,,,,,,272.0,0.05,10m,0.6,1.1,1.7000000000000002,440.0,528.0,0.025,2m,0.7,1.0,1.8000000000000003,144.0,0.35000000000000003,7,COMPLETE
104,104,4.000903423818311,2025-06-15 23:38:24.628873,2025-06-15 23:38:31.018096,0 days 00:00:06.389223,576.0,0.05,9m,1.5,0.7,1.8000000000000003,368.0,608.0,0.05,3m,0.8,1.1,1.4000000000000001,608.0,624.0,0.05,2m,1.3,0.5,1.9000000000000001,792.0,,,,,,,,,,,,,,,,,,,,,,624,0.025,2m,0.9,1.0,1.8000000000000003,872,,,,,,,,,,,,,,,784.0,0.025,2m,0.7,0.9,2.0,352.0,0.3,5,COMPLETE
105,105,3.85980610316072,2025-06-15 23:38:31.094821,2025-06-15 23:38:47.265396,0 days 00:00:16.170575,584.0,0.05,9m,1.4,0.7,1.8000000000000003,368.0,600.0,0.05,3m,0.9,1.1,1.3,552.0,488.0,0.05,2m,1.3,0.5,1.9000000000000001,880.0,,,,,,,,,,,,,,,,,,,,,,640,0.025,2m,0.9,1.0,2.0,872,,,,,,,,112.0,0.05,10m,0.7,0.9,1.1,576.0,840.0,0.025,2m,0.7,0.8,2.0,352.0,0.3,6,COMPLETE
106,106,3.3981362058500277,2025-06-15 23:38:47.431594,2025-06-15 23:39:00.986152,0 days 00:00:13.554558,568.0,0.05,9m,1.3,0.7,1.8000000000000003,368.0,592.0,0.05,3m,1.0,1.5,1.5,616.0,688.0,0.05,2m,1.3,0.6,1.9000000000000001,896.0,,,,,,,,,,,,,,,,,,,,,,624,0.025,2m,0.9,1.0,2.0,872,,,,,,,,,,,,,,,848.0,0.025,2m,0.6,0.8,2.0,328.0,0.25,5,COMPLETE
107,107,3.9764247426429464,2025-06-15 23:39:01.137313,2025-06-15 23:39:09.017037,0 days 00:00:07.879724,528.0,0.05,9m,1.5,0.7,1.8000000000000003,328.0,616.0,0.025,3m,0.9,1.2000000000000002,1.3,592.0,408.0,0.05,2m,1.5,0.6,2.0,888.0,,,,,,,,,,,,,,,,,,,,,,552,0.025,2m,0.9,1.0,1.8000000000000003,840,,,,,,,,120.0,0.05,10m,0.8,0.9,1.1,624.0,792.0,0.025,2m,0.7,0.8,2.0,368.0,0.35000000000000003,6,COMPLETE
108,108,-7.265559497761356,2025-06-15 23:39:09.106766,2025-06-15 23:39:17.336668,0 days 00:00:08.229902,528.0,0.05,9m,1.3,0.7,1.8000000000000003,344.0,608.0,0.025,3m,0.9,1.3,1.4000000000000001,584.0,352.0,0.05,2m,1.5,0.5,2.0,928.0,,,,,,,,504.0,0.05,10m,1.0,0.8,1.6,72.0,,,,,,,,568,0.025,2m,0.9,1.0,1.9000000000000001,736,,,,,,,,32.0,0.05,10m,0.8,0.9,1.1,632.0,944.0,0.025,1m,0.7,0.8,2.0,352.0,0.35000000000000003,7,COMPLETE
109,109,2.011410167460223,2025-06-15 23:39:17.443393,2025-06-15 23:39:24.379288,0 days 00:00:06.935895,552.0,0.05,9m,1.4,0.7,1.9000000000000001,448.0,544.0,0.05,3m,1.0,1.2000000000000002,1.2000000000000002,552.0,440.0,0.05,2m,1.5,0.6,2.0,1008.0,,,,,,,,,,,,,,,,,,,,,,504,0.025,2m,1.0,1.0,1.8000000000000003,768,,,,,,,,104.0,0.05,2m,0.8,0.9,1.1,576.0,808.0,0.025,7m,0.6,0.8,2.0,408.0,0.4,6,COMPLETE
110,110,4.027075845438458,2025-06-15 23:39:24.484259,2025-06-15 23:39:30.028168,0 days 00:00:05.543909,512.0,0.05,9m,1.5,1.0,1.8000000000000003,248.0,568.0,0.025,3m,0.9,1.2000000000000002,1.3,624.0,408.0,0.05,2m,1.5,0.7,2.0,888.0,,,,,,,,,,,,,,,,,,,,,,592,0.05,2m,1.0,1.0,2.0,800,,,,,,,,,,,,,,,784.0,0.025,2m,0.7,0.9,2.0,352.0,0.35000000000000003,5,COMPLETE
111,111,1.4166115519067237,2025-06-15 23:39:30.110640,2025-06-15 23:39:35.854148,0 days 00:00:05.743508,512.0,0.05,9m,1.5,1.0,1.8000000000000003,144.0,512.0,0.025,3m,0.9,1.2000000000000002,1.3,624.0,400.0,0.05,2m,1.5,0.7,2.0,856.0,,,,,,,,,,,,,,,,,,,,,,544,0.05,2m,1.0,1.0,2.0,800,,,,,,,,,,,,,,,840.0,0.025,2m,0.7,0.9,2.0,360.0,0.35000000000000003,5,COMPLETE
112,112,3.0280919667406785,2025-06-15 23:39:35.953710,2025-06-15 23:39:41.621127,0 days 00:00:05.667417,568.0,0.05,9m,1.5,0.7,1.8000000000000003,248.0,568.0,0.025,3m,0.9,1.2000000000000002,1.3,552.0,416.0,0.05,2m,1.4,0.7,2.0,888.0,,,,,,,,,,,,,,,,,,,,,,640,0.05,2m,0.9,1.0,2.0,848,,,,,,,,,,,,,,,896.0,0.025,2m,0.6,0.7,2.0,376.0,0.35000000000000003,5,COMPLETE
113,113,4.1443611081112,2025-06-15 23:39:41.707910,2025-06-15 23:39:48.520467,0 days 00:00:06.812557,584.0,0.05,9m,1.5,0.6,1.8000000000000003,368.0,616.0,0.025,3m,0.9,1.1,1.4000000000000001,600.0,384.0,0.05,2m,1.5,0.5,2.0,792.0,,,,,,,,,,,,,,,,,,,,,,584,0.05,2m,1.0,1.0,1.8000000000000003,864,,,,,,,,128.0,0.05,3m,0.6,0.9,1.1,648.0,728.0,0.025,2m,0.7,0.8,1.9000000000000001,392.0,0.4,6,COMPLETE
114,114,5.489273300053707,2025-06-15 23:39:48.621746,2025-06-15 23:39:55.738011,0 days 00:00:07.116265,608.0,0.05,9m,1.5,0.6,1.9000000000000001,408.0,1024.0,0.025,3m,1.0,1.3,1.4000000000000001,600.0,384.0,0.05,2m,1.5,0.6,2.0,776.0,,,,,,,,,,,,,,,,,,,,,,592,0.05,2m,1.0,0.9,1.8000000000000003,704,,,,,,,,192.0,0.05,3m,0.6,0.9,1.1,384.0,784.0,0.025,2m,0.7,0.8,1.9000000000000001,440.0,0.45,6,COMPLETE
115,115,2.549354205364007,2025-06-15 23:39:55.816005,2025-06-15 23:40:02.532944,0 days 00:00:06.716939,784.0,0.05,9m,1.5,0.6,1.9000000000000001,288.0,624.0,0.025,3m,1.1,1.3,1.4000000000000001,600.0,360.0,0.05,2m,1.5,0.6,2.0,800.0,,,,,,,,,,,,,,,,,,,,,,592,0.05,2m,1.0,1.1,1.8000000000000003,896,,,,,,,,192.0,0.05,3m,0.5,0.8,1.1,704.0,776.0,0.025,10m,0.6,0.9,1.9000000000000001,400.0,0.45,6,COMPLETE
116,116,-1.4703784982617991,2025-06-15 23:40:02.649928,2025-06-15 23:40:06.411145,0 days 00:00:03.761217,592.0,0.05,9m,1.5,0.6,1.9000000000000001,336.0,640.0,0.025,3m,1.0,1.2000000000000002,1.4000000000000001,640.0,,,,,,,,,,,,,,,,,,,,,,,,,,,,,552,0.05,2m,1.0,0.9,1.8000000000000003,688,,,,,,,,,,,,,,,,,,,,,,0.4,3,COMPLETE
117,117,-0.6289717619479547,2025-06-15 23:40:06.484679,2025-06-15 23:40:09.080883,0 days 00:00:02.596204,,,,,,,,528.0,0.025,3m,0.9,1.3,1.5,584.0,,,,,,,,,,,,,,,,,,,,,,,,,,,,,600,0.05,2m,1.1,1.1,1.9000000000000001,840,,,,,,,,,,,,,,,,,,,,,,0.45,2,COMPLETE
118,118,2.470920856931696,2025-06-15 23:40:09.188809,2025-06-15 23:40:15.330009,0 days 00:00:06.141200,616.0,0.05,9m,1.5,1.0,2.0,224.0,928.0,0.025,3m,1.1,1.2000000000000002,1.4000000000000001,680.0,248.0,0.05,2m,1.5,0.6,2.0,760.0,,,,,,,,,,,,,,,,,,,,,,520,0.05,2m,1.0,1.0,1.7000000000000002,808,,,,,,,,,,,,,,,712.0,0.025,2m,0.7,0.8,1.9000000000000001,392.0,0.4,5,COMPLETE
119,119,-1.492704431147613,2025-06-15 23:40:15.415659,2025-06-15 23:40:22.813293,0 days 00:00:07.397634,656.0,0.05,9m,1.5,0.6,1.9000000000000001,400.0,488.0,0.025,3m,0.9,1.1,1.4000000000000001,592.0,336.0,0.05,2m,1.5,0.5,2.0,776.0,,,,,,,,,,,,,,,,,,,,,,576,0.05,2m,1.1,0.9,1.8000000000000003,704,,,,,,,,240.0,0.05,3m,0.6,0.9,1.1,392.0,784.0,0.025,2m,1.5,0.9,1.9000000000000001,432.0,0.5,6,COMPLETE
120,120,3.431702366974545,2025-06-15 23:40:22.911745,2025-06-15 23:40:29.289963,0 days 00:00:06.378218,528.0,0.05,9m,1.5,0.6,1.8000000000000003,312.0,576.0,0.025,5m,1.0,1.3,1.4000000000000001,616.0,296.0,0.05,2m,1.5,0.5,2.0,824.0,,,,,,,,,,,,,,,,,,,,,,696,0.05,2m,1.0,1.5,1.7000000000000002,864,,,,,,,,,,,,,,,744.0,0.025,2m,0.7,0.7,1.9000000000000001,448.0,0.45,5,COMPLETE
121,121,3.807933181512201,2025-06-15 23:40:29.393618,2025-06-15 23:40:36.999507,0 days 00:00:07.605889,256.0,0.05,8m,1.5,0.8,1.8000000000000003,416.0,680.0,0.025,3m,0.8,1.1,1.5,648.0,384.0,0.05,2m,1.4,0.7,2.0,936.0,,,,,,,,,,,,,,,,,,,,,,616,0.05,9m,0.9,0.9,1.8000000000000003,768,,,,,,,,264.0,0.05,3m,0.6,0.9,1.2000000000000002,616.0,640.0,0.025,2m,0.7,0.8,1.9000000000000001,496.0,0.35000000000000003,6,COMPLETE
122,122,4.715443392927478,2025-06-15 23:40:37.088330,2025-06-15 23:40:46.031190,0 days 00:00:08.942860,608.0,0.05,2m,1.4,0.6,1.9000000000000001,360.0,656.0,0.025,8m,0.9,1.1,1.4000000000000001,528.0,400.0,0.05,2m,1.5,0.7,1.6,856.0,,,,,,,,336.0,0.05,8m,0.9,1.5,1.7000000000000002,240.0,,,,,,,,984,0.05,2m,1.1,1.0,1.9000000000000001,904,,,,,,,,136.0,0.05,3m,0.6,0.9,1.1,376.0,664.0,0.025,2m,0.6,0.9,1.9000000000000001,312.0,0.4,7,COMPLETE
123,123,0.42538331555236886,2025-06-15 23:40:46.118144,2025-06-15 23:40:55.091377,0 days 00:00:08.973233,760.0,0.05,9m,1.4,0.6,1.9000000000000001,384.0,656.0,0.025,1m,0.9,1.1,1.4000000000000001,496.0,408.0,0.05,2m,1.5,0.6,2.0,856.0,,,,,,,,1008.0,0.05,8m,1.0,1.5,1.8000000000000003,616.0,,,,,,,,984,0.05,2m,0.9,1.0,1.9000000000000001,904,,,,,,,,128.0,0.05,3m,0.6,1.0,1.1,664.0,704.0,0.025,2m,0.5,0.9,1.9000000000000001,328.0,0.4,7,COMPLETE
124,124,3.7041100142143635,2025-06-15 23:40:55.170322,2025-06-15 23:41:02.701231,0 days 00:00:07.530909,472.0,0.05,2m,1.4,0.6,1.9000000000000001,344.0,616.0,0.025,9m,0.9,1.0,1.4000000000000001,536.0,432.0,0.05,2m,1.5,0.5,1.9000000000000001,808.0,,,,,,,,,,,,,,,,,,,,,,960,0.05,2m,1.1,1.0,1.8000000000000003,944,,,,,,,,1016.0,0.05,3m,0.5,1.0,1.1,448.0,672.0,0.025,2m,0.6,0.9,2.0,384.0,0.4,6,COMPLETE
125,125,-0.010756236515826445,2025-06-15 23:41:02.784142,2025-06-15 23:41:11.479635,0 days 00:00:08.695493,864.0,0.05,2m,1.5,0.9,2.0,280.0,728.0,0.025,3m,1.0,1.2000000000000002,1.5,576.0,312.0,0.05,9m,1.5,0.6,2.0,920.0,,,,,,,,336.0,0.05,8m,1.1,1.5,1.7000000000000002,264.0,,,,,,,,496,0.05,5m,0.7,1.1,1.9000000000000001,888,,,,,,,,216.0,0.05,3m,0.6,0.9,1.2000000000000002,464.0,720.0,0.025,4m,0.6,0.8,1.9000000000000001,464.0,0.45,7,COMPLETE
126,126,1.865502054587708,2025-06-15 23:41:11.557391,2025-06-15 23:41:19.217617,0 days 00:00:07.660226,824.0,0.05,2m,1.4,0.6,1.9000000000000001,472.0,624.0,0.025,3m,0.8,1.1,1.4000000000000001,608.0,648.0,0.05,2m,1.4,0.6,1.5,856.0,,,,,,,,,,,,,,,,,,,,,,1024,0.05,10m,1.0,1.0,1.8000000000000003,920,,,,,,,,72.0,0.05,3m,0.6,0.9,1.1,520.0,792.0,0.025,8m,0.8,0.8,1.9000000000000001,304.0,0.4,6,COMPLETE
127,127,-3.635269808981471,2025-06-15 23:41:19.318754,2025-06-15 23:41:27.301435,0 days 00:00:07.982681,736.0,0.05,5m,1.5,1.0,1.8000000000000003,248.0,552.0,0.025,8m,0.9,1.2000000000000002,1.4000000000000001,696.0,616.0,0.05,6m,1.5,0.7,1.9000000000000001,776.0,,,,,,,,,,,,,,,,,,,,,,920,0.05,2m,0.9,0.9,1.7000000000000002,840,,,,,,,,184.0,0.05,6m,0.5,1.2000000000000002,1.2000000000000002,648.0,664.0,0.025,5m,0.7,0.9,2.0,112.0,0.35000000000000003,6,COMPLETE
128,128,-26.37975350956376,2025-06-15 23:41:27.379145,2025-06-15 23:41:33.989570,0 days 00:00:06.610425,416.0,0.05,9m,1.5,0.9,1.9000000000000001,432.0,584.0,0.025,3m,0.8,1.1,1.3,624.0,376.0,0.05,3m,1.5,0.5,2.0,976.0,,,,,,,,,,,,,,,,,,,,,,976,0.05,1m,0.7,1.0,1.9000000000000001,16,,,,,,,,,,,,,,,640.0,0.025,2m,0.7,1.1,1.8000000000000003,264.0,0.35000000000000003,5,COMPLETE
129,129,3.2268774476443216,2025-06-15 23:41:34.084984,2025-06-15 23:41:42.692060,0 days 00:00:08.607076,608.0,0.025,2m,1.4,0.5,1.8000000000000003,336.0,1000.0,0.025,6m,1.0,1.1,1.4000000000000001,1008.0,672.0,0.025,2m,1.4,0.5,1.6,736.0,,,,,,,,296.0,0.05,8m,0.8,1.4,1.5,224.0,,,,,,,,520,0.05,2m,1.0,0.8,1.7000000000000002,864,,,,,,,,128.0,0.05,4m,0.6,1.3,1.1,696.0,744.0,0.025,2m,0.6,0.9,1.9000000000000001,352.0,0.3,7,COMPLETE
130,130,-25.73411917289362,2025-06-15 23:41:42.781600,2025-06-15 23:41:50.723181,0 days 00:00:07.941581,544.0,0.05,9m,1.5,0.8,1.8000000000000003,456.0,656.0,0.025,3m,0.9,1.0,1.3,488.0,448.0,0.05,2m,1.4,0.6,1.9000000000000001,872.0,,,,,,,,424.0,0.05,1m,0.9,1.4,1.7000000000000002,408.0,,,,,,,,568,0.05,2m,0.8,1.1,1.9000000000000001,904,,,,,,,,304.0,0.05,1m,0.6,0.8,1.1,504.0,816.0,0.025,1m,0.8,0.8,1.7000000000000002,424.0,0.3,7,COMPLETE
131,131,3.534975110802724,2025-06-15 23:41:50.815700,2025-06-15 23:41:56.456111,0 days 00:00:05.640411,576.0,0.05,7m,1.5,0.7,1.5,376.0,680.0,0.025,8m,0.7,1.1,1.2000000000000002,168.0,392.0,0.05,4m,1.5,0.7,1.6,840.0,,,,,,,,,,,,,,,,,,,,,,280,0.05,3m,1.1,0.9,1.8000000000000003,792,,,,,,,,144.0,0.05,7m,0.7,0.9,1.2000000000000002,392.0,624.0,0.025,2m,0.7,0.7,2.0,184.0,0.5,6,COMPLETE
132,132,3.45528222799065,2025-06-15 23:41:56.507111,2025-06-15 23:42:01.888727,0 days 00:00:05.381616,632.0,0.05,7m,1.3,0.7,1.8000000000000003,368.0,744.0,0.025,8m,1.2000000000000002,1.1,1.4000000000000001,112.0,360.0,0.05,4m,1.5,0.7,1.6,816.0,,,,,,,,,,,,,,,,,,,,,,304,0.05,3m,0.7,0.9,2.0,816,,,,,,,,216.0,0.05,3m,0.8,1.0,1.1,320.0,672.0,0.025,2m,0.7,0.8,1.8000000000000003,144.0,0.35000000000000003,6,COMPLETE
133,133,2.238642351711015,2025-06-15 23:42:01.946237,2025-06-15 23:42:08.368596,0 days 00:00:06.422359,656.0,0.05,10m,1.5,0.6,1.9000000000000001,400.0,1016.0,0.025,8m,0.8,1.2000000000000002,1.4000000000000001,560.0,336.0,0.05,2m,1.4,0.5,1.6,912.0,,,,,,,,240.0,0.05,6m,0.8,0.7,1.6,312.0,,,,,,,,464,0.05,7m,1.0,0.9,1.8000000000000003,752,,,,,,,,192.0,0.05,10m,0.7,0.9,1.2000000000000002,368.0,696.0,0.025,9m,0.8,0.9,1.9000000000000001,336.0,0.25,7,COMPLETE
