,number,value,datetime_start,datetime_complete,duration,params_AMAT_TXN_beta_win,params_AMAT_TXN_stop_loss,params_AMAT_TXN_trade_freq,params_AMAT_TXN_z_entry,params_AMAT_TXN_z_exit,params_AMAT_TXN_z_stop_scaler,params_AMAT_TXN_z_win,params_AMZN_SIRI_beta_win,params_AMZN_SIRI_stop_loss,params_AMZN_SIRI_trade_freq,params_AMZN_SIRI_z_entry,params_AMZN_SIRI_z_exit,params_AMZN_SIRI_z_stop_scaler,params_AMZN_SIRI_z_win,params_BKNG_ZM_beta_win,params_BKNG_ZM_stop_loss,params_BKNG_ZM_trade_freq,params_BKNG_ZM_z_entry,params_BKNG_ZM_z_exit,params_BKNG_ZM_z_stop_scaler,params_BKNG_ZM_z_win,params_COST_PCAR_beta_win,params_COST_PCAR_stop_loss,params_COST_PCAR_trade_freq,params_COST_PCAR_z_entry,params_COST_PCAR_z_exit,params_COST_PCAR_z_stop_scaler,params_COST_PCAR_z_win,params_CSCO_TXN_beta_win,params_CSCO_TXN_stop_loss,params_CSCO_TXN_trade_freq,params_CSCO_TXN_z_entry,params_CSCO_TXN_z_exit,params_CSCO_TXN_z_stop_scaler,params_CSCO_TXN_z_win,params_CTAS_PCAR_beta_win,params_CTAS_PCAR_stop_loss,params_CTAS_PCAR_trade_freq,params_CTAS_PCAR_z_entry,params_CTAS_PCAR_z_exit,params_CTAS_PCAR_z_stop_scaler,params_CTAS_PCAR_z_win,params_JD_SIRI_beta_win,params_JD_SIRI_stop_loss,params_JD_SIRI_trade_freq,params_JD_SIRI_z_entry,params_JD_SIRI_z_exit,params_JD_SIRI_z_stop_scaler,params_JD_SIRI_z_win,params_LULU_PCAR_beta_win,params_LULU_PCAR_stop_loss,params_LULU_PCAR_trade_freq,params_LULU_PCAR_z_entry,params_LULU_PCAR_z_exit,params_LULU_PCAR_z_stop_scaler,params_LULU_PCAR_z_win,params_MDLZ_SIRI_beta_win,params_MDLZ_SIRI_stop_loss,params_MDLZ_SIRI_trade_freq,params_MDLZ_SIRI_z_entry,params_MDLZ_SIRI_z_exit,params_MDLZ_SIRI_z_stop_scaler,params_MDLZ_SIRI_z_win,params_SGEN_SIRI_beta_win,params_SGEN_SIRI_stop_loss,params_SGEN_SIRI_trade_freq,params_SGEN_SIRI_z_entry,params_SGEN_SIRI_z_exit,params_SGEN_SIRI_z_stop_scaler,params_SGEN_SIRI_z_win,params_buffer_capital,params_pairs_to_trade,state
52,52,1.2180343245587948,2025-06-15 23:06:46.182056,2025-06-15 23:06:48.334768,0 days 00:00:02.152712,,,,,,,,,,,,,,,,,,,,,,432.0,0.05,3m,1.0,1.2000000000000002,1.1,896.0,,,,,,,,,,,,,,,,,,,,,,936,0.025,2m,1.5,0.6,1.6,128,,,,,,,,,,,,,,,0.4,2,COMPLETE
53,53,2.6745444676761543,2025-06-15 23:06:48.396956,2025-06-15 23:06:51.421565,0 days 00:00:03.024609,,,,,,,,,,,,,,,,,,,,,,592.0,0.05,3m,0.8,1.0,1.1,1008.0,,,,,,,,,,,,,,,,,,,,,,1000,0.025,2m,1.5,1.0,1.7000000000000002,64,816.0,0.05,6m,0.9,1.5,1.5,984.0,,,,,,,,0.5,3,COMPLETE
54,54,1.397659852616377,2025-06-15 23:06:51.499087,2025-06-15 23:06:55.472708,0 days 00:00:03.973621,,,,,,,,,,,,,,,104.0,0.05,5m,0.5,0.9,1.9000000000000001,368.0,328.0,0.05,8m,0.9,1.3,1.2000000000000002,944.0,,,,,,,,,,,,,,,,,,,,,,896,0.025,2m,1.4,0.8,1.6,152,800.0,0.05,6m,0.6,1.3,1.6,904.0,,,,,,,,0.45,4,COMPLETE
55,55,0.09312976629466721,2025-06-15 23:06:55.536219,2025-06-15 23:06:56.716510,0 days 00:00:01.180291,,,,,,,,,,,,,,,,,,,,,,,,,,,,,,,,,,,,,,,,,,,,,,,,,,800,0.025,10m,1.5,0.7,1.7000000000000002,56,,,,,,,,,,,,,,,0.4,1,COMPLETE
56,56,1.297600928614771,2025-06-15 23:06:56.766782,2025-06-15 23:06:59.622028,0 days 00:00:02.855246,,,,,,,,,,,,,,,,,,,,,,232.0,0.05,3m,0.8,1.2000000000000002,2.0,976.0,,,,,,,,,,,,,,,,,,,,,,952,0.025,4m,1.3,0.9,1.6,16,720.0,0.05,6m,0.8,1.4,1.5,936.0,,,,,,,,0.45,3,COMPLETE
57,57,-1.5974962604331882,2025-06-15 23:06:59.688317,2025-06-15 23:07:03.470230,0 days 00:00:03.781913,,,,,,,,,,,,,,,912.0,0.05,10m,0.7,0.7,1.8000000000000003,272.0,112.0,0.05,2m,1.0,1.1,1.1,808.0,,,,,,,,,,,,,,,,,,,,,,848,0.025,2m,1.5,1.0,1.8000000000000003,240,936.0,0.05,10m,0.7,1.5,1.4000000000000001,1000.0,,,,,,,,0.5,4,COMPLETE
58,58,-0.5695261320323145,2025-06-15 23:07:03.540445,2025-06-15 23:07:05.719542,0 days 00:00:02.179097,,,,,,,,,,,,,,,,,,,,,,392.0,0.05,10m,0.7,1.4,1.1,704.0,,,,,,,,,,,,,,,,,,,,,,984,0.025,1m,1.4,0.6,1.7000000000000002,104,,,,,,,,,,,,,,,0.45,2,COMPLETE
59,59,1.0385570589774322,2025-06-15 23:07:05.791829,2025-06-15 23:07:10.505927,0 days 00:00:04.714098,,,,,,,,,,,,,,,1024.0,0.05,6m,1.4,1.0,1.1,144.0,512.0,0.05,3m,0.9,1.0,1.9000000000000001,584.0,168.0,0.025,6m,1.4,0.5,1.2000000000000002,848.0,,,,,,,,,,,,,,,936,0.025,9m,1.4,0.8,1.6,1016,872.0,0.05,6m,0.7,1.3,1.5,840.0,,,,,,,,0.4,5,COMPLETE
60,60,2.627788228006754,2025-06-15 23:07:10.621629,2025-06-15 23:07:13.759844,0 days 00:00:03.138215,,,,,,,,,,,,,,,,,,,,,,1024.0,0.05,6m,0.7,0.9,1.2000000000000002,872.0,,,,,,,,,,,,,,,,,,,,,,904,0.025,2m,1.3,0.9,1.5,160,1016.0,0.05,6m,0.9,1.4,1.6,760.0,,,,,,,,0.5,3,COMPLETE
61,61,1.415141994404329,2025-06-15 23:07:13.832368,2025-06-15 23:07:16.706823,0 days 00:00:02.874455,,,,,,,,,,,,,,,,,,,,,,592.0,0.05,3m,0.8,1.0,1.1,1024.0,,,,,,,,,,,,,,,,,,,,,,1024,0.025,2m,1.5,1.0,1.7000000000000002,56,800.0,0.05,6m,0.9,1.5,1.5,976.0,,,,,,,,0.5,3,COMPLETE
62,62,1.357436409504153,2025-06-15 23:07:16.764520,2025-06-15 23:07:19.761155,0 days 00:00:02.996635,,,,,,,,,,,,,,,,,,,,,,288.0,0.05,3m,0.8,1.1,1.1,992.0,,,,,,,,,,,,,,,,,,,,,,984,0.025,2m,1.5,1.0,1.7000000000000002,120,752.0,0.05,6m,0.8,1.5,1.5,888.0,,,,,,,,0.45,3,COMPLETE
63,63,3.4466069017350023,2025-06-15 23:07:19.842004,2025-06-15 23:07:24.049818,0 days 00:00:04.207814,,,,,,,,,,,,,,,848.0,0.05,9m,0.7,1.2000000000000002,2.0,432.0,568.0,0.05,3m,0.9,0.9,1.1,912.0,,,,,,,,,,,,,,,,,,,,,,992,0.025,2m,1.5,1.1,1.9000000000000001,72,824.0,0.05,6m,0.9,1.5,1.4000000000000001,944.0,,,,,,,,0.5,4,COMPLETE
64,64,-0.49800684660763955,2025-06-15 23:07:24.114680,2025-06-15 23:07:28.059092,0 days 00:00:03.944412,,,,,,,,,,,,,,,816.0,0.05,9m,0.7,1.2000000000000002,2.0,456.0,464.0,0.05,1m,1.0,0.9,1.2000000000000002,912.0,,,,,,,,,,,,,,,,,,,,,,864,0.025,6m,1.5,1.1,1.9000000000000001,88,72.0,0.05,7m,0.8,1.4,1.4000000000000001,928.0,,,,,,,,0.45,4,COMPLETE
65,65,3.580403366384497,2025-06-15 23:07:28.150468,2025-06-15 23:07:32.052788,0 days 00:00:03.902320,,,,,,,,,,,,,,,936.0,0.05,9m,0.8,1.4,1.9000000000000001,296.0,560.0,0.05,9m,0.9,1.4,1.3,960.0,,,,,,,,,,,,,,,,,,,,,,952,0.025,2m,1.5,1.1,2.0,48,872.0,0.05,6m,0.7,1.3,1.4000000000000001,816.0,,,,,,,,0.35000000000000003,4,COMPLETE
66,66,0.6643615724430103,2025-06-15 23:07:32.110300,2025-06-15 23:07:36.849689,0 days 00:00:04.739389,,,,,,,,,,,,,,,944.0,0.05,9m,0.9,1.4,1.9000000000000001,304.0,552.0,0.05,9m,0.9,1.4,1.3,960.0,376.0,0.025,9m,1.4,0.7,1.3,976.0,,,,,,,,,,,,,,,768,0.025,8m,1.4,1.1,2.0,128,888.0,0.05,3m,0.9,1.3,1.7000000000000002,952.0,,,,,,,,0.35000000000000003,5,COMPLETE
67,67,3.1888595170401004,2025-06-15 23:07:36.907197,2025-06-15 23:07:40.731638,0 days 00:00:03.824441,,,,,,,,,,,,,,,824.0,0.05,9m,0.8,1.5,2.0,216.0,496.0,0.05,9m,1.1,1.4,1.3,920.0,,,,,,,,,,,,,,,,,,,,,,960,0.025,2m,1.4,0.7,2.0,40,840.0,0.05,6m,0.7,1.2000000000000002,1.4000000000000001,832.0,,,,,,,,0.4,4,COMPLETE
68,68,2.4477375748823866,2025-06-15 23:07:40.837471,2025-06-15 23:07:45.050306,0 days 00:00:04.212835,,,,,,,,,,,,,,,872.0,0.05,9m,0.8,1.5,2.0,216.0,616.0,0.05,9m,1.1,1.5,1.3,736.0,,,,,,,,,,,,,,,,,,,,,,952,0.025,2m,1.3,0.7,2.0,48,960.0,0.05,8m,0.7,1.2000000000000002,1.4000000000000001,824.0,,,,,,,,0.4,4,COMPLETE
69,69,4.798505921459007,2025-06-15 23:07:45.116717,2025-06-15 23:07:50.041351,0 days 00:00:04.924634,,,,,,,,,,,,,,,968.0,0.05,9m,0.6,1.4,1.9000000000000001,152.0,488.0,0.05,9m,1.0,1.4,1.4000000000000001,880.0,32.0,0.025,3m,1.3,0.6,1.2000000000000002,776.0,,,,,,,,,,,,,,,880,0.025,5m,1.4,0.6,1.9000000000000001,224,848.0,0.05,10m,0.7,1.2000000000000002,1.4000000000000001,776.0,,,,,,,,0.3,5,COMPLETE
70,70,3.9544736562200353,2025-06-15 23:07:50.130131,2025-06-15 23:07:55.205759,0 days 00:00:05.075628,,,,,,,,,,,,,,,960.0,0.05,9m,0.6,1.4,1.9000000000000001,104.0,488.0,0.05,9m,1.0,1.4,1.4000000000000001,800.0,40.0,0.025,3m,1.3,0.6,1.2000000000000002,808.0,,,,,,,,,,,,,,,880,0.025,5m,1.2000000000000002,0.6,1.9000000000000001,224,856.0,0.05,10m,0.7,1.0,1.3,768.0,,,,,,,,0.3,5,COMPLETE
71,71,3.8030410316358134,2025-06-15 23:07:55.293775,2025-06-15 23:08:00.263343,0 days 00:00:04.969568,,,,,,,,,,,,,,,968.0,0.05,9m,0.6,1.4,1.9000000000000001,152.0,496.0,0.05,9m,1.0,1.4,1.4000000000000001,800.0,16.0,0.025,3m,1.3,0.6,1.2000000000000002,784.0,,,,,,,,,,,,,,,832,0.025,5m,1.2000000000000002,0.6,1.9000000000000001,208,864.0,0.05,10m,0.7,1.1,1.3,752.0,,,,,,,,0.35000000000000003,5,COMPLETE
72,72,1.616814565895037,2025-06-15 23:08:00.352802,2025-06-15 23:08:05.091886,0 days 00:00:04.739084,,,,,,,,,,,,,,,960.0,0.05,9m,0.6,1.4,1.9000000000000001,136.0,568.0,0.05,9m,1.0,1.5,1.4000000000000001,792.0,16.0,0.025,3m,1.3,0.6,1.2000000000000002,792.0,,,,,,,,,,,,,,,768,0.025,5m,1.2000000000000002,0.5,1.9000000000000001,224,896.0,0.05,10m,0.6,1.1,1.3,712.0,,,,,,,,0.3,5,COMPLETE
73,73,0.696573384758558,2025-06-15 23:08:05.159332,2025-06-15 23:08:09.933403,0 days 00:00:04.774071,,,,,,,,,,,,,,,1000.0,0.05,9m,0.6,1.2000000000000002,1.8000000000000003,80.0,512.0,0.05,9m,1.0,1.4,1.5,848.0,120.0,0.025,3m,1.3,0.6,1.2000000000000002,680.0,,,,,,,,,,,,,,,824,0.025,5m,1.0,0.6,1.9000000000000001,320,864.0,0.05,10m,0.7,1.0,1.3,768.0,,,,,,,,0.3,5,COMPLETE
74,74,1.2933394016224677,2025-06-15 23:08:10.021832,2025-06-15 23:08:15.582759,0 days 00:00:05.560927,,,,,,,,,,,,,,,912.0,0.05,9m,0.5,1.4,1.9000000000000001,184.0,632.0,0.05,9m,1.0,1.5,1.4000000000000001,880.0,208.0,0.025,3m,1.2000000000000002,0.8,1.3,856.0,,,,,,,,200.0,0.025,2m,1.4,0.5,1.1,648.0,880,0.025,5m,1.1,0.6,1.9000000000000001,176,768.0,0.05,10m,0.7,1.0,1.4000000000000001,792.0,,,,,,,,0.3,6,COMPLETE
75,75,1.2332258657822697,2025-06-15 23:08:15.632895,2025-06-15 23:08:20.770893,0 days 00:00:05.137998,,,,,,,,,,,,,,,992.0,0.05,9m,0.6,1.3,1.8000000000000003,280.0,488.0,0.05,9m,1.1,1.4,1.3,728.0,64.0,0.025,3m,1.5,0.6,1.1,976.0,,,,,,,,,,,,,,,920,0.025,5m,1.2000000000000002,0.5,2.0,248,920.0,0.05,10m,0.6,1.1,1.4000000000000001,680.0,,,,,,,,0.35000000000000003,5,COMPLETE
76,76,0.37427400827971297,2025-06-15 23:08:20.839427,2025-06-15 23:08:26.411745,0 days 00:00:05.572318,,,,,,,,,,,,,,,896.0,0.05,9m,0.7,1.5,1.9000000000000001,344.0,552.0,0.05,7m,1.0,1.5,1.5,864.0,96.0,0.025,3m,1.1,0.8,1.2000000000000002,824.0,,,,,,,,,,,,,,,832,0.025,5m,1.4,0.6,1.9000000000000001,152,976.0,0.05,10m,0.9,1.2000000000000002,1.3,656.0,,,,,,,,0.3,5,COMPLETE
77,77,-3.0782049843925487,2025-06-15 23:08:26.484745,2025-06-15 23:08:32.706078,0 days 00:00:06.221333,,,,,,,,,,,,,,,1024.0,0.05,9m,0.7,1.4,2.0,256.0,688.0,0.05,9m,0.8,1.3,1.4000000000000001,824.0,200.0,0.025,3m,1.4,0.5,1.5,904.0,,,,,,,,624.0,0.025,6m,0.7,0.7,1.3,960.0,728,0.025,5m,1.3,0.6,2.0,280,704.0,0.05,10m,0.7,1.1,1.4000000000000001,752.0,,,,,,,,0.25,6,COMPLETE
78,78,-1.136798356815596,2025-06-15 23:08:32.788002,2025-06-15 23:08:37.275140,0 days 00:00:04.487138,,,,,,,,,,,,,,,776.0,0.05,9m,0.5,1.2000000000000002,1.7000000000000002,176.0,472.0,0.05,9m,1.1,1.4,1.4000000000000001,888.0,,,,,,,,,,,,,,,,,,,,,,680,0.025,5m,1.4,0.5,1.8000000000000003,384,936.0,0.05,9m,0.8,0.9,1.3,736.0,,,,,,,,0.3,4,COMPLETE
79,79,-45.5808535730029,2025-06-15 23:08:37.362414,2025-06-15 23:08:42.676927,0 days 00:00:05.314513,,,,,,,,,,,,,,,944.0,0.05,9m,0.6,1.4,1.9000000000000001,424.0,840.0,0.05,9m,0.7,1.4,1.4000000000000001,792.0,264.0,0.025,3m,1.3,0.6,1.3,704.0,,,,,,,,,,,,,,,880,0.025,4m,1.3,0.6,1.9000000000000001,208,856.0,0.05,1m,0.6,1.0,1.2000000000000002,872.0,,,,,,,,0.35000000000000003,5,COMPLETE
80,80,-0.120932648865097,2025-06-15 23:08:42.754443,2025-06-15 23:08:47.250020,0 days 00:00:04.495577,,,,,,,,,,,,,,,872.0,0.05,7m,0.9,1.3,1.8000000000000003,72.0,376.0,0.05,8m,0.9,0.9,1.3,936.0,,,,,,,,,,,,,,,,,,,,,,920,0.025,5m,1.4,0.7,1.8000000000000003,184,768.0,0.05,5m,1.0,1.1,1.4000000000000001,792.0,,,,,,,,0.35000000000000003,4,COMPLETE
81,81,0.5543640234158078,2025-06-15 23:08:47.340983,2025-06-15 23:08:51.913093,0 days 00:00:04.572110,,,,,,,,,,,,,,,840.0,0.05,9m,0.8,1.5,2.0,224.0,504.0,0.05,9m,1.1,1.4,1.3,928.0,,,,,,,,,,,,,,,,,,,,,,960,0.025,1m,1.0,0.7,2.0,104,848.0,0.05,10m,0.7,1.2000000000000002,1.4000000000000001,848.0,,,,,,,,0.4,4,COMPLETE
82,82,-0.7547640389997913,2025-06-15 23:08:51.983686,2025-06-15 23:08:57.394420,0 days 00:00:05.410734,,,,,,,,,,,,,,,816.0,0.05,9m,0.7,1.5,2.0,144.0,456.0,0.05,9m,1.0,1.3,1.3,912.0,376.0,0.025,7m,1.1,0.8,1.4000000000000001,576.0,,,,,,,,,,,,,,,792,0.025,10m,1.4,0.6,2.0,136,904.0,0.05,10m,0.7,1.1,1.4000000000000001,816.0,,,,,,,,0.35000000000000003,5,COMPLETE
83,83,-4.480605996127793,2025-06-15 23:08:57.469907,2025-06-15 23:09:07.665957,0 days 00:00:10.196050,72.0,0.025,1m,0.5,1.1,1.6,976.0,936.0,0.05,3m,0.5,1.5,1.1,32.0,920.0,0.05,9m,0.8,1.5,1.9000000000000001,96.0,592.0,0.05,9m,0.9,1.5,1.3,968.0,312.0,0.025,4m,1.0,0.7,1.1,912.0,656.0,0.05,2m,1.2000000000000002,1.5,1.7000000000000002,800.0,336.0,0.025,4m,0.8,0.8,1.3,600.0,856,0.025,5m,1.4,0.7,1.9000000000000001,40,792.0,0.05,7m,0.5,1.2000000000000002,1.3,864.0,1024.0,0.05,8m,0.5,1.5,2.0,32.0,0.4,10,COMPLETE
84,84,0.7348503260295313,2025-06-15 23:09:07.742448,2025-06-15 23:09:11.788867,0 days 00:00:04.046419,,,,,,,,,,,,,,,680.0,0.05,4m,0.6,1.3,2.0,184.0,544.0,0.05,9m,1.1,1.4,1.4000000000000001,904.0,,,,,,,,,,,,,,,,,,,,,,920,0.025,3m,1.2000000000000002,0.5,2.0,160,736.0,0.05,6m,0.8,1.2000000000000002,1.3,920.0,,,,,,,,0.3,4,COMPLETE
85,85,1.172924543957267,2025-06-15 23:09:11.870756,2025-06-15 23:09:16.343212,0 days 00:00:04.472456,,,,,,,,,,,,,,,976.0,0.05,9m,0.9,1.4,1.9000000000000001,248.0,528.0,0.05,2m,1.2000000000000002,1.3,1.2000000000000002,856.0,,,,,,,,,,,,,,,,,,,,,,880,0.025,6m,1.5,0.6,2.0,88,848.0,0.05,8m,0.6,1.3,1.4000000000000001,808.0,,,,,,,,0.35000000000000003,4,COMPLETE
86,86,-0.3628005461925098,2025-06-15 23:09:16.445337,2025-06-15 23:09:22.892776,0 days 00:00:06.447439,,,,,,,,,,,,,,,880.0,0.05,2m,0.7,1.5,2.0,312.0,480.0,0.05,10m,0.8,1.2000000000000002,1.3,976.0,168.0,0.025,3m,1.5,0.9,1.2000000000000002,1016.0,,,,,,,,176.0,0.025,3m,1.3,0.9,1.4000000000000001,864.0,816,0.025,9m,1.3,0.8,1.9000000000000001,40,992.0,0.05,3m,0.7,1.5,1.2000000000000002,728.0,,,,,,,,0.4,6,COMPLETE
87,87,-0.8853585763009921,2025-06-15 23:09:22.989502,2025-06-15 23:09:28.644818,0 days 00:00:05.655316,,,,,,,,,,,,,,,720.0,0.05,9m,0.8,1.3,1.7000000000000002,48.0,400.0,0.05,1m,1.0,0.9,1.5,936.0,64.0,0.025,3m,1.3,0.5,1.4000000000000001,504.0,,,,,,,,,,,,,,,776,0.025,8m,1.4,0.7,1.8000000000000003,504,632.0,0.05,4m,0.8,1.4,1.5,776.0,,,,,,,,0.5,5,COMPLETE
88,88,0.6342325486527466,2025-06-15 23:09:28.750473,2025-06-15 23:09:33.067021,0 days 00:00:04.316548,,,,,,,,,,,,,,,768.0,0.05,9m,0.5,1.4,1.9000000000000001,344.0,344.0,0.05,4m,0.9,1.4,1.2000000000000002,760.0,,,,,,,,,,,,,,,,,,,,,,936,0.025,2m,1.5,1.2000000000000002,1.9000000000000001,760,552.0,0.05,9m,0.7,1.3,1.4000000000000001,896.0,,,,,,,,0.25,4,COMPLETE
89,89,-26.869330108125606,2025-06-15 23:09:33.149341,2025-06-15 23:09:39.717989,0 days 00:00:06.568648,,,,,,,,,,,,,,,936.0,0.05,6m,0.6,1.2000000000000002,1.8000000000000003,488.0,504.0,0.05,6m,0.8,1.3,1.2000000000000002,688.0,232.0,0.025,9m,1.0,0.7,1.1,784.0,,,,,,,,840.0,0.025,9m,1.0,0.7,1.2000000000000002,816.0,968,0.025,5m,1.4,0.7,2.0,80,880.0,0.05,1m,0.8,1.2000000000000002,1.3,688.0,,,,,,,,0.35000000000000003,6,COMPLETE
90,90,-0.5511424934460015,2025-06-15 23:09:39.804297,2025-06-15 23:09:45.147080,0 days 00:00:05.342783,,,,,,,,,,,,,,,832.0,0.05,1m,0.7,1.5,2.0,424.0,256.0,0.05,7m,0.6,1.5,1.6,632.0,16.0,0.025,4m,1.4,0.7,1.3,648.0,,,,,,,,,,,,,,,1000,0.025,2m,1.5,0.6,1.9000000000000001,120,832.0,0.05,6m,0.6,0.7,1.5,832.0,,,,,,,,0.3,5,COMPLETE
91,91,3.721175197576289,2025-06-15 23:09:45.261179,2025-06-15 23:09:48.471674,0 days 00:00:03.210495,,,,,,,,,,,,,,,,,,,,,,456.0,0.05,9m,0.9,1.3,1.2000000000000002,984.0,,,,,,,,,,,,,,,,,,,,,,960,0.025,2m,1.5,0.8,1.8000000000000003,16,824.0,0.05,6m,0.9,1.3,1.5,952.0,,,,,,,,0.45,3,COMPLETE
92,92,2.0551478284433085,2025-06-15 23:09:48.554802,2025-06-15 23:09:52.058805,0 days 00:00:03.504003,,,,,,,,,,,,,,,,,,,,,,448.0,0.05,9m,0.9,1.3,1.2000000000000002,992.0,,,,,,,,,,,,,,,,,,,,,,896,0.025,2m,1.5,0.8,1.8000000000000003,48,776.0,0.05,6m,1.0,1.3,1.5,936.0,,,,,,,,0.45,3,COMPLETE
93,93,0.9739998489103804,2025-06-15 23:09:52.169782,2025-06-15 23:09:56.699795,0 days 00:00:04.530013,,,,,,,,,,,,,,,976.0,0.05,3m,0.9,1.4,1.8000000000000003,168.0,616.0,0.05,9m,1.0,1.2000000000000002,1.3,832.0,,,,,,,,,,,,,,,,,,,,,,32,0.025,2m,1.5,1.5,1.8000000000000003,80,872.0,0.05,6m,0.9,1.4,1.6,960.0,,,,,,,,0.4,4,COMPLETE
94,94,0.9820468205115144,2025-06-15 23:09:56.765202,2025-06-15 23:09:58.871334,0 days 00:00:02.106132,,,,,,,,,,,,,,,,,,,,,,400.0,0.05,9m,0.9,1.4,1.4000000000000001,960.0,,,,,,,,,,,,,,,,,,,,,,952,0.025,2m,1.5,0.7,1.9000000000000001,40,,,,,,,,,,,,,,,0.5,2,COMPLETE
95,95,1.3524057717160318,2025-06-15 23:09:58.912761,2025-06-15 23:10:01.721208,0 days 00:00:02.808447,,,,,,,,,,,,,,,,,,,,,,576.0,0.05,9m,0.8,1.3,1.2000000000000002,912.0,,,,,,,,,,,,,,,,,,,,,,1000,0.025,2m,1.4,0.8,1.8000000000000003,264,832.0,0.05,6m,0.7,1.2000000000000002,1.4000000000000001,856.0,,,,,,,,0.45,3,COMPLETE
96,96,0.4139172514061943,2025-06-15 23:10:01.801460,2025-06-15 23:10:05.781118,0 days 00:00:03.979658,,,,,,,,,,,,,,,792.0,0.05,10m,1.0,1.1,1.9000000000000001,224.0,528.0,0.05,9m,1.3,1.4,1.2000000000000002,880.0,,,,,,,,,,,,,,,,,,,,,,936,0.025,2m,1.5,1.3,1.9000000000000001,920,944.0,0.05,5m,0.9,1.3,1.6,992.0,,,,,,,,0.4,4,COMPLETE
97,97,-0.3884295716562947,2025-06-15 23:10:05.853169,2025-06-15 23:10:08.871637,0 days 00:00:03.018468,,,,,,,,,,,,,,,,,,,,,,488.0,0.05,9m,1.0,1.3,1.3,944.0,,,,,,,,,,,,,,,,,,,,,,904,0.025,4m,1.3,0.6,2.0,104,296.0,0.05,6m,0.8,1.4,2.0,880.0,,,,,,,,0.45,3,COMPLETE
98,98,-0.038352522448760536,2025-06-15 23:10:08.925940,2025-06-15 23:10:10.790157,0 days 00:00:01.864217,,,,,,,,,,,,,,,,,,,,,,360.0,0.05,9m,1.1,1.4,1.2000000000000002,992.0,,,,,,,,,,,,,,,,,,,,,,840,0.025,5m,1.4,0.5,1.8000000000000003,648,,,,,,,,,,,,,,,0.5,2,COMPLETE
99,99,1.2430556438009808,2025-06-15 23:10:10.852395,2025-06-15 23:10:15.563491,0 days 00:00:04.711096,,,,,,,,,,,,,,,1016.0,0.05,7m,0.8,1.2000000000000002,2.0,120.0,200.0,0.05,2m,0.7,1.2000000000000002,1.5,448.0,416.0,0.025,6m,1.2000000000000002,0.6,1.5,896.0,,,,,,,,,,,,,,,968,0.025,2m,1.1,0.7,1.9000000000000001,16,784.0,0.05,10m,0.7,1.5,1.5,904.0,,,,,,,,0.25,5,COMPLETE
100,100,1.3687550312107162,2025-06-15 23:10:15.634413,2025-06-15 23:10:18.593685,0 days 00:00:02.959272,,,,,,,,,,,,,,,,,,,,,,448.0,0.05,3m,0.9,1.5,1.4000000000000001,808.0,,,,,,,,,,,,,,,,,,,,,,200,0.025,1m,1.5,0.8,2.0,224,912.0,0.05,6m,0.8,1.3,1.4000000000000001,624.0,,,,,,,,0.4,3,COMPLETE
101,101,2.7876134390202987,2025-06-15 23:10:18.657917,2025-06-15 23:10:21.489318,0 days 00:00:02.831401,,,,,,,,,,,,,,,,,,,,,,416.0,0.05,3m,0.9,1.2000000000000002,1.1,1000.0,,,,,,,,,,,,,,,,,,,,,,1024,0.025,2m,1.5,0.9,1.7000000000000002,64,824.0,0.05,6m,0.8,1.3,1.5,1024.0,,,,,,,,0.45,3,COMPLETE
102,102,2.20451391647843,2025-06-15 23:10:21.585099,2025-06-15 23:10:24.673005,0 days 00:00:03.087906,,,,,,,,,,,,,,,,,,,,,,320.0,0.05,3m,0.8,1.3,1.1,968.0,,,,,,,,,,,,,,,,,,,,,,984,0.025,2m,1.5,0.9,1.6,32,808.0,0.05,6m,1.0,1.2000000000000002,1.5,952.0,,,,,,,,0.45,3,COMPLETE
103,103,2.09975989145817,2025-06-15 23:10:24.761596,2025-06-15 23:10:26.825601,0 days 00:00:02.064005,,,,,,,,,,,,,,,,,,,,,,416.0,0.05,3m,1.0,1.4,1.1,936.0,,,,,,,,,,,,,,,,,,,,,,920,0.025,2m,1.4,0.8,1.7000000000000002,16,,,,,,,,,,,,,,,0.45,2,COMPLETE
104,104,1.6128483415672439,2025-06-15 23:10:26.889671,2025-06-15 23:10:30.763348,0 days 00:00:03.873677,,,,,,,,,,,,,,,712.0,0.05,5m,0.5,1.3,1.6,384.0,560.0,0.05,8m,0.9,1.3,1.2000000000000002,888.0,,,,,,,,,,,,,,,,,,,,,,864,0.025,2m,1.5,1.1,1.9000000000000001,64,848.0,0.05,6m,0.9,1.3,1.6,984.0,,,,,,,,0.5,4,COMPLETE
105,105,-0.6878455705241097,2025-06-15 23:10:30.892614,2025-06-15 23:10:33.843726,0 days 00:00:02.951112,,,,,,,,,,,,,,,,,,,,,,376.0,0.05,3m,0.9,0.9,1.1,1008.0,,,,,,,,,,,,,,,,,,,,,,1000,0.025,9m,1.5,0.9,1.5,136,744.0,0.05,6m,0.7,1.4,1.5,912.0,,,,,,,,0.3,3,COMPLETE
106,106,3.5085911258288816,2025-06-15 23:10:33.952102,2025-06-15 23:10:37.953608,0 days 00:00:04.001506,,,,,,,,,,,,,,,896.0,0.05,9m,0.6,1.4,1.9000000000000001,568.0,272.0,0.05,4m,1.0,1.4,1.3,976.0,,,,,,,,,,,,,,,,,,,,,,944,0.025,2m,1.4,0.8,1.7000000000000002,112,880.0,0.05,6m,0.8,1.0,1.4000000000000001,936.0,,,,,,,,0.45,4,COMPLETE
107,107,0.967248206312414,2025-06-15 23:10:38.025798,2025-06-15 23:10:42.318363,0 days 00:00:04.292565,,,,,,,,,,,,,,,848.0,0.05,9m,0.6,1.4,1.9000000000000001,528.0,288.0,0.05,4m,1.0,1.4,1.3,920.0,,,,,,,,,,,,,,,,,,,,,,944,0.025,10m,1.4,0.7,1.7000000000000002,192,888.0,0.025,10m,0.6,1.0,1.4000000000000001,936.0,,,,,,,,0.35000000000000003,4,COMPLETE
108,108,0.5834613817084521,2025-06-15 23:10:42.386565,2025-06-15 23:10:46.923041,0 days 00:00:04.536476,,,,,,,,,,,,,,,896.0,0.05,9m,0.7,1.5,1.9000000000000001,640.0,264.0,0.05,4m,1.0,1.5,1.4000000000000001,976.0,144.0,0.025,2m,1.1,0.9,1.1,608.0,,,,,,,,,,,,,,,880,0.025,3m,1.4,0.8,1.8000000000000003,112,912.0,0.05,6m,0.8,0.9,1.3,800.0,,,,,,,,0.4,5,COMPLETE
109,109,4.017592283762127,2025-06-15 23:10:46.988590,2025-06-15 23:10:50.959571,0 days 00:00:03.970981,,,,,,,,,,,,,,,936.0,0.05,9m,0.6,1.3,2.0,16.0,224.0,0.05,4m,1.1,0.8,1.3,856.0,,,,,,,,,,,,,,,,,,,,,,896,0.025,2m,1.3,0.6,1.7000000000000002,168,864.0,0.05,6m,0.7,1.0,1.4000000000000001,840.0,,,,,,,,0.5,4,COMPLETE
110,110,2.8257840384713515,2025-06-15 23:10:51.023542,2025-06-15 23:10:55.001746,0 days 00:00:03.978204,,,,,,,,,,,,,,,944.0,0.05,4m,0.6,1.3,1.8000000000000003,16.0,232.0,0.05,4m,1.0,0.8,1.2000000000000002,848.0,,,,,,,,,,,,,,,,,,,,,,912,0.025,7m,1.3,0.6,1.7000000000000002,168,872.0,0.05,6m,0.7,1.0,1.3,880.0,,,,,,,,0.5,4,COMPLETE
111,111,3.8857250002045496,2025-06-15 23:10:55.065712,2025-06-15 23:10:59.053986,0 days 00:00:03.988274,,,,,,,,,,,,,,,976.0,0.05,9m,0.6,1.4,2.0,584.0,224.0,0.05,4m,1.1,0.8,1.3,896.0,,,,,,,,,,,,,,,,,,,,,,896,0.025,2m,1.2000000000000002,0.6,1.7000000000000002,80,840.0,0.05,6m,0.7,1.0,1.4000000000000001,832.0,,,,,,,,0.5,4,COMPLETE
