,number,value,datetime_start,datetime_complete,duration,params_AMAT_TXN_beta_win,params_AMAT_TXN_stop_loss,params_AMAT_TXN_trade_freq,params_AMAT_TXN_z_entry,params_AMAT_TXN_z_exit,params_AMAT_TXN_z_stop_scaler,params_AMAT_TXN_z_win,params_AMZN_SIRI_beta_win,params_AMZN_SIRI_stop_loss,params_AMZN_SIRI_trade_freq,params_AMZN_SIRI_z_entry,params_AMZN_SIRI_z_exit,params_AMZN_SIRI_z_stop_scaler,params_AMZN_SIRI_z_win,params_BKNG_ZM_beta_win,params_BKNG_ZM_stop_loss,params_BKNG_ZM_trade_freq,params_BKNG_ZM_z_entry,params_BKNG_ZM_z_exit,params_BKNG_ZM_z_stop_scaler,params_BKNG_ZM_z_win,params_COST_PCAR_beta_win,params_COST_PCAR_stop_loss,params_COST_PCAR_trade_freq,params_COST_PCAR_z_entry,params_COST_PCAR_z_exit,params_COST_PCAR_z_stop_scaler,params_COST_PCAR_z_win,params_CSCO_TXN_beta_win,params_CSCO_TXN_stop_loss,params_CSCO_TXN_trade_freq,params_CSCO_TXN_z_entry,params_CSCO_TXN_z_exit,params_CSCO_TXN_z_stop_scaler,params_CSCO_TXN_z_win,params_CTAS_PCAR_beta_win,params_CTAS_PCAR_stop_loss,params_CTAS_PCAR_trade_freq,params_CTAS_PCAR_z_entry,params_CTAS_PCAR_z_exit,params_CTAS_PCAR_z_stop_scaler,params_CTAS_PCAR_z_win,params_JD_SIRI_beta_win,params_JD_SIRI_stop_loss,params_JD_SIRI_trade_freq,params_JD_SIRI_z_entry,params_JD_SIRI_z_exit,params_JD_SIRI_z_stop_scaler,params_JD_SIRI_z_win,params_LULU_PCAR_beta_win,params_LULU_PCAR_stop_loss,params_LULU_PCAR_trade_freq,params_LULU_PCAR_z_entry,params_LULU_PCAR_z_exit,params_LULU_PCAR_z_stop_scaler,params_LULU_PCAR_z_win,params_MDLZ_SIRI_beta_win,params_MDLZ_SIRI_stop_loss,params_MDLZ_SIRI_trade_freq,params_MDLZ_SIRI_z_entry,params_MDLZ_SIRI_z_exit,params_MDLZ_SIRI_z_stop_scaler,params_MDLZ_SIRI_z_win,params_SGEN_SIRI_beta_win,params_SGEN_SIRI_stop_loss,params_SGEN_SIRI_trade_freq,params_SGEN_SIRI_z_entry,params_SGEN_SIRI_z_exit,params_SGEN_SIRI_z_stop_scaler,params_SGEN_SIRI_z_win,params_buffer_capital,params_pairs_to_trade,state
0,0,-0.2739998504648276,2025-06-15 23:02:12.972473,2025-06-15 23:02:31.760574,0 days 00:00:18.788101,,,,,,,,,,,,,,,,,,,,,,296.0,0.025,10m,1.5,0.9,1.6,248.0,,,,,,,,,,,,,,,,,,,,,,344,0.05,5m,1.3,0.9,1.1,504,320.0,0.05,6m,1.4,0.6,1.1,320.0,,,,,,,,0.2,3,COMPLETE
1,1,-3.0931781946658017,2025-06-15 23:02:31.822554,2025-06-15 23:02:41.196044,0 days 00:00:09.373490,176.0,0.05,9m,0.9,0.8,1.7000000000000002,464.0,,,,,,,,40.0,0.05,1m,0.6,0.6,1.1,416.0,112.0,0.05,3m,1.2000000000000002,1.2000000000000002,1.4000000000000001,288.0,808.0,0.05,7m,1.5,0.7,1.7000000000000002,1008.0,488.0,0.05,7m,1.4,1.4,1.6,512.0,216.0,0.025,8m,0.8,1.0,2.0,712.0,984,0.025,6m,1.0,1.2000000000000002,1.6,592,576.0,0.025,10m,0.7,1.3,1.1,384.0,152.0,0.025,9m,0.7,1.2000000000000002,1.6,1016.0,0.3,9,COMPLETE
2,2,-2.5334553852049986,2025-06-15 23:02:41.267465,2025-06-15 23:02:50.386715,0 days 00:00:09.119250,488.0,0.05,7m,0.6,1.4,1.3,352.0,,,,,,,,888.0,0.05,5m,1.4,0.9,1.2000000000000002,456.0,368.0,0.05,8m,0.7,1.0,1.9000000000000001,376.0,432.0,0.05,3m,1.0,1.5,1.4000000000000001,280.0,920.0,0.025,9m,0.7,0.7,2.0,608.0,384.0,0.05,9m,1.3,1.0,1.5,384.0,584,0.025,8m,1.3,0.6,1.6,376,496.0,0.05,7m,1.5,1.1,1.6,672.0,96.0,0.05,9m,0.7,1.0,1.1,560.0,0.15000000000000002,9,COMPLETE
3,3,-1.3014949098691726,2025-06-15 23:02:50.467035,2025-06-15 23:02:54.447953,0 days 00:00:03.980918,,,,,,,,,,,,,,,600.0,0.05,10m,0.9,1.3,1.5,224.0,144.0,0.05,4m,0.5,0.7,1.5,632.0,,,,,,,,,,,,,,,,,,,,,,264,0.05,10m,1.5,0.5,1.6,720,848.0,0.025,6m,0.9,1.3,1.1,672.0,,,,,,,,0.05,4,COMPLETE
4,4,-1.8449137782317786,2025-06-15 23:02:54.512109,2025-06-15 23:03:02.700011,0 days 00:00:08.187902,,,,,,,,,,,,,,,656.0,0.05,6m,0.6,1.2000000000000002,1.9000000000000001,208.0,864.0,0.05,2m,1.4,0.9,2.0,168.0,344.0,0.05,4m,0.6,1.0,1.9000000000000001,600.0,392.0,0.025,5m,1.4,0.8,1.1,144.0,88.0,0.025,8m,1.5,0.7,1.3,848.0,216,0.025,10m,1.2000000000000002,0.7,1.7000000000000002,480,112.0,0.025,3m,0.6,0.6,1.9000000000000001,248.0,816.0,0.05,7m,1.5,1.3,2.0,1008.0,0.4,8,COMPLETE
5,5,-13.812257419881341,2025-06-15 23:03:02.777661,2025-06-15 23:03:09.045773,0 days 00:00:06.268112,,,,,,,,,,,,,,,1000.0,0.025,9m,1.4,0.5,1.4000000000000001,320.0,800.0,0.025,10m,0.8,0.7,1.2000000000000002,552.0,288.0,0.025,4m,0.9,0.7,1.4000000000000001,912.0,,,,,,,,936.0,0.025,1m,0.6,1.2000000000000002,1.6,976.0,792,0.025,5m,1.5,1.0,1.6,528,224.0,0.025,8m,0.7,1.1,1.2000000000000002,984.0,,,,,,,,0.35000000000000003,6,COMPLETE
6,6,0.047924585599115326,2025-06-15 23:03:09.122956,2025-06-15 23:03:13.515304,0 days 00:00:04.392348,,,,,,,,,,,,,,,224.0,0.025,2m,1.0,0.5,1.2000000000000002,832.0,672.0,0.05,4m,1.4,0.6,1.2000000000000002,776.0,,,,,,,,,,,,,,,,,,,,,,608,0.05,2m,1.4,1.5,1.3,472,720.0,0.025,4m,0.7,1.5,1.2000000000000002,784.0,,,,,,,,0.4,4,COMPLETE
7,7,0.14318521291673747,2025-06-15 23:03:13.596698,2025-06-15 23:03:17.765394,0 days 00:00:04.168696,,,,,,,,,,,,,,,624.0,0.025,8m,1.1,1.3,1.2000000000000002,528.0,264.0,0.025,5m,1.3,0.6,1.5,240.0,,,,,,,,,,,,,,,,,,,,,,392,0.05,7m,0.6,1.2000000000000002,1.1,104,992.0,0.025,2m,1.2000000000000002,1.3,1.1,720.0,,,,,,,,0.3,4,COMPLETE
8,8,-0.9983779516817922,2025-06-15 23:03:17.850917,2025-06-15 23:03:19.873958,0 days 00:00:02.023041,,,,,,,,,,,,,,,,,,,,,,944.0,0.05,3m,1.4,1.3,1.4000000000000001,960.0,,,,,,,,,,,,,,,,,,,,,,704,0.05,7m,0.5,0.8,1.9000000000000001,256,,,,,,,,,,,,,,,0.3,2,COMPLETE
9,9,0.016265185079594072,2025-06-15 23:03:19.952707,2025-06-15 23:03:27.040985,0 days 00:00:07.088278,,,,,,,,,,,,,,,312.0,0.025,8m,1.0,0.7,1.7000000000000002,792.0,952.0,0.05,1m,0.7,0.6,1.8000000000000003,496.0,264.0,0.025,6m,0.8,0.9,1.1,536.0,,,,,,,,584.0,0.025,1m,1.3,0.8,1.1,744.0,560,0.025,4m,0.5,0.6,1.3,528,344.0,0.025,10m,0.7,1.0,1.5,40.0,976.0,0.05,10m,0.7,0.9,1.8000000000000003,280.0,0.1,7,COMPLETE
10,10,-0.19309115300884047,2025-06-15 23:03:27.132813,2025-06-15 23:03:36.992998,0 days 00:00:09.860185,,,,,,,,,,,,,,,,,,,,,,,,,,,,,,,,,,,,,,,,,,,,,,,,,,32,0.05,7m,0.8,1.3,1.1,48,,,,,,,,,,,,,,,0.5,1,COMPLETE
11,11,-1.452507188206057,2025-06-15 23:03:37.068841,2025-06-15 23:03:41.503595,0 days 00:00:04.434754,,,,,,,,,,,,,,,352.0,0.025,2m,1.2000000000000002,1.5,1.3,912.0,624.0,0.025,5m,1.1,0.5,1.1,832.0,1008.0,0.025,9m,1.5,1.5,2.0,48.0,,,,,,,,,,,,,,,416,0.05,2m,0.8,1.5,1.3,984,1016.0,0.025,4m,1.2000000000000002,1.5,1.4000000000000001,912.0,,,,,,,,0.45,5,COMPLETE
12,12,-7.368046109809766,2025-06-15 23:03:41.577242,2025-06-15 23:03:45.122980,0 days 00:00:03.545738,,,,,,,,,,,,,,,72.0,0.025,7m,0.9,1.0,1.1,680.0,576.0,0.025,6m,1.2000000000000002,0.5,1.3,752.0,,,,,,,,,,,,,,,,,,,,,,768,0.05,1m,0.8,1.5,1.3,64,776.0,0.05,2m,1.0,1.5,1.3,752.0,,,,,,,,0.25,4,COMPLETE
13,13,-3.733828307408042,2025-06-15 23:03:45.211115,2025-06-15 23:03:49.851892,0 days 00:00:04.640777,,,,,,,,,,,,,,,392.0,0.025,4m,1.2000000000000002,1.2000000000000002,1.3,1008.0,400.0,0.025,9m,1.3,1.5,1.7000000000000002,16.0,32.0,0.025,2m,1.2000000000000002,0.5,1.1,752.0,,,,,,,,,,,,,,,488,0.05,2m,1.0,1.2000000000000002,1.2000000000000002,240,968.0,0.025,1m,1.2000000000000002,1.3,1.7000000000000002,792.0,,,,,,,,0.4,5,COMPLETE
14,14,-0.01876005430638087,2025-06-15 23:03:49.950303,2025-06-15 23:03:53.094497,0 days 00:00:03.144194,,,,,,,,,,,,,,,,,,,,,,704.0,0.025,4m,1.0,0.7,1.1,992.0,,,,,,,,,,,,,,,,,,,,,,120,0.05,9m,0.7,1.3,1.4000000000000001,784,760.0,0.025,9m,1.2000000000000002,1.5,1.3,528.0,,,,,,,,0.35000000000000003,3,COMPLETE
15,15,0.24515017966535896,2025-06-15 23:03:53.185120,2025-06-15 23:03:59.170671,0 days 00:00:05.985551,,,,,,,,,,,,,,,736.0,0.025,3m,1.2000000000000002,0.8,1.6,632.0,496.0,0.025,5m,1.5,0.8,1.3,760.0,672.0,0.05,10m,0.6,1.2000000000000002,1.7000000000000002,256.0,,,,,,,,952.0,0.05,5m,0.5,1.5,1.9000000000000001,48.0,648,0.05,3m,1.1,1.4,1.4000000000000001,192,616.0,0.025,2m,0.5,0.9,1.3,536.0,,,,,,,,0.25,6,COMPLETE
16,16,-1.7622904924818195,2025-06-15 23:03:59.259782,2025-06-15 23:04:06.285858,0 days 00:00:07.026076,,,,,,,,,,,,,,,752.0,0.025,3m,1.2000000000000002,0.9,1.7000000000000002,616.0,464.0,0.025,5m,1.5,0.9,1.5,440.0,680.0,0.05,10m,0.5,1.2000000000000002,1.7000000000000002,264.0,,,,,,,,1016.0,0.05,5m,0.5,1.5,2.0,32.0,936,0.05,3m,1.1,1.1,2.0,200,608.0,0.05,2m,0.9,0.8,1.4000000000000001,504.0,560.0,0.025,6m,1.4,0.5,1.1,24.0,0.2,7,COMPLETE
17,17,-1.707650047507613,2025-06-15 23:04:06.358434,2025-06-15 23:04:12.895197,0 days 00:00:06.536763,,,,,,,,,,,,,,,800.0,0.025,8m,1.5,1.5,1.6,552.0,240.0,0.025,5m,1.0,0.8,1.3,32.0,640.0,0.05,10m,0.7,1.2000000000000002,1.6,240.0,,,,,,,,712.0,0.05,5m,0.9,1.5,1.7000000000000002,112.0,416,0.05,3m,0.6,1.3,1.4000000000000001,136,456.0,0.025,5m,0.5,0.8,1.3,528.0,,,,,,,,0.25,6,COMPLETE
18,18,-6.975159364903338,2025-06-15 23:04:12.986994,2025-06-15 23:04:23.568163,0 days 00:00:10.581169,1008.0,0.025,8m,1.5,0.5,2.0,1008.0,112.0,0.025,2m,1.4,0.8,1.9000000000000001,672.0,520.0,0.025,3m,0.8,0.8,1.9000000000000001,40.0,48.0,0.025,7m,1.2000000000000002,1.1,1.6,640.0,928.0,0.05,1m,1.2000000000000002,1.2000000000000002,1.4000000000000001,24.0,56.0,0.05,3m,0.6,1.4,1.1,984.0,768.0,0.05,6m,0.7,0.5,1.8000000000000003,336.0,840,0.05,3m,1.0,1.4,1.8000000000000003,360,912.0,0.025,2m,1.3,0.9,2.0,608.0,416.0,0.025,3m,1.1,1.5,1.5,640.0,0.2,10,COMPLETE
19,19,0.3362693043378554,2025-06-15 23:04:23.660099,2025-06-15 23:04:30.828325,0 days 00:00:07.168226,,,,,,,,,,,,,,,504.0,0.025,8m,1.2000000000000002,1.3,1.5,712.0,520.0,0.025,5m,1.5,0.8,1.4000000000000001,144.0,584.0,0.05,5m,0.5,1.3,1.8000000000000003,400.0,,,,,,,,440.0,0.05,7m,1.1,1.3,1.8000000000000003,240.0,296,0.05,7m,0.9,1.1,1.4000000000000001,336,656.0,0.05,2m,1.0,1.2000000000000002,1.7000000000000002,208.0,536.0,0.025,2m,1.1,0.5,1.4000000000000001,768.0,0.15000000000000002,7,COMPLETE
20,20,-1.5332935037679152,2025-06-15 23:04:30.900841,2025-06-15 23:04:38.387171,0 days 00:00:07.486330,,,,,,,,,,,,,,,472.0,0.025,3m,1.3,1.1,1.7000000000000002,704.0,536.0,0.025,5m,1.5,1.1,1.3,880.0,584.0,0.05,5m,0.5,1.3,1.8000000000000003,400.0,,,,,,,,432.0,0.05,7m,1.0,1.3,1.8000000000000003,208.0,688,0.025,6m,0.9,1.0,1.5,336,616.0,0.05,2m,0.9,1.1,1.8000000000000003,128.0,600.0,0.025,2m,1.1,0.5,1.4000000000000001,776.0,0.1,7,COMPLETE
21,21,-2.1567025816691485,2025-06-15 23:04:38.485846,2025-06-15 23:04:44.971371,0 days 00:00:06.485525,,,,,,,,,,,,,,,632.0,0.025,8m,1.1,1.4,1.5,544.0,480.0,0.025,5m,1.3,0.8,1.4000000000000001,120.0,768.0,0.05,8m,0.7,1.4,2.0,400.0,,,,,,,,296.0,0.05,4m,1.2000000000000002,1.3,1.9000000000000001,264.0,264,0.05,7m,1.1,1.1,1.4000000000000001,136,680.0,0.05,2m,1.1,1.2000000000000002,1.6,416.0,,,,,,,,0.15000000000000002,6,COMPLETE
22,22,-2.191005126793168,2025-06-15 23:04:45.059010,2025-06-15 23:04:53.574225,0 days 00:00:08.515215,,,,,,,,,,,,,,,736.0,0.025,8m,1.1,1.3,1.6,728.0,248.0,0.025,5m,1.3,0.8,1.5,352.0,472.0,0.05,5m,0.5,1.0,1.8000000000000003,152.0,968.0,0.025,1m,1.0,0.5,1.9000000000000001,16.0,592.0,0.05,7m,1.1,1.5,1.5,496.0,424,0.05,7m,0.7,1.2000000000000002,1.2000000000000002,304,840.0,0.05,2m,0.5,0.9,1.7000000000000002,200.0,376.0,0.025,2m,1.0,0.7,1.3,384.0,0.25,8,COMPLETE
23,23,-0.09672263913572902,2025-06-15 23:04:53.661213,2025-06-15 23:04:58.807370,0 days 00:00:05.146157,,,,,,,,,,,,,,,536.0,0.025,8m,1.3,1.1,1.4000000000000001,616.0,392.0,0.025,5m,1.5,0.6,1.7000000000000002,184.0,800.0,0.05,10m,0.8,1.3,1.6,384.0,,,,,,,,,,,,,,,152,0.05,7m,0.9,1.1,1.5,152,432.0,0.05,2m,1.0,1.2000000000000002,1.5,448.0,,,,,,,,0.15000000000000002,5,COMPLETE
24,24,-3.1395894912993287,2025-06-15 23:04:58.884284,2025-06-15 23:05:07.486420,0 days 00:00:08.602136,,,,,,,,,,,,,,,856.0,0.025,6m,1.1,1.3,1.8000000000000003,384.0,312.0,0.025,8m,1.4,0.7,1.4000000000000001,112.0,504.0,0.05,5m,0.7,1.1,1.5,504.0,64.0,0.05,4m,1.0,1.1,1.5,1016.0,784.0,0.05,3m,0.9,1.2000000000000002,1.8000000000000003,40.0,320,0.05,8m,1.2000000000000002,1.4,1.2000000000000002,24,880.0,0.025,9m,1.4,1.4,1.2000000000000002,624.0,752.0,0.05,1m,1.3,0.8,1.7000000000000002,808.0,0.3,8,COMPLETE
25,25,-0.35219046054240827,2025-06-15 23:05:07.573029,2025-06-15 23:05:14.773481,0 days 00:00:07.200452,,,,,,,,,,,,,,,680.0,0.025,7m,1.3,0.8,2.0,832.0,752.0,0.025,7m,1.3,1.0,1.2000000000000002,224.0,128.0,0.025,1m,1.1,0.9,1.8000000000000003,640.0,,,,,,,,472.0,0.05,10m,1.5,1.3,1.7000000000000002,184.0,488,0.05,4m,0.6,1.4,1.1,408,544.0,0.025,5m,1.1,1.0,1.8000000000000003,312.0,296.0,0.025,4m,0.5,0.7,1.3,712.0,0.05,7,COMPLETE
26,26,-20.57313171712894,2025-06-15 23:05:14.856251,2025-06-15 23:05:18.098356,0 days 00:00:03.242105,,,,,,,,,,,,,,,,,,,,,,192.0,0.025,6m,1.1,0.5,1.6,328.0,,,,,,,,,,,,,,,,,,,,,,648,0.05,9m,0.9,1.0,1.5,208,664.0,0.05,1m,0.8,1.2000000000000002,1.4000000000000001,872.0,,,,,,,,0.35000000000000003,3,COMPLETE
27,27,-3.4628744483973497,2025-06-15 23:05:18.211090,2025-06-15 23:05:24.272171,0 days 00:00:06.061081,,,,,,,,,,,,,,,464.0,0.05,9m,0.8,1.1,1.4000000000000001,496.0,576.0,0.025,9m,1.5,0.8,1.3,672.0,672.0,0.05,7m,0.6,1.4,1.9000000000000001,160.0,,,,,,,,904.0,0.05,2m,0.5,1.4,1.9000000000000001,528.0,352,0.05,1m,0.7,0.9,1.4000000000000001,288,392.0,0.025,8m,1.1,0.5,1.7000000000000002,584.0,,,,,,,,0.2,6,COMPLETE
28,28,-1.8459756972753794,2025-06-15 23:05:24.387413,2025-06-15 23:05:29.883581,0 days 00:00:05.496168,,,,,,,,,,,,,,,960.0,0.025,1m,1.1,1.4,1.5,616.0,472.0,0.025,1m,1.4,0.6,1.5,520.0,880.0,0.05,2m,0.9,1.1,1.7000000000000002,728.0,,,,,,,,,,,,,,,512,0.05,3m,1.1,1.2000000000000002,1.7000000000000002,112,232.0,0.05,7m,1.3,0.8,1.2000000000000002,704.0,,,,,,,,0.1,5,COMPLETE
29,29,-0.11652354880788254,2025-06-15 23:05:29.952479,2025-06-15 23:05:34.292480,0 days 00:00:04.340001,,,,,,,,,,,,,,,576.0,0.025,10m,1.5,1.0,1.3,736.0,344.0,0.025,2m,1.1,0.9,1.7000000000000002,432.0,,,,,,,,,,,,,,,,,,,,,,384,0.05,5m,1.3,1.3,1.1,416,776.0,0.025,3m,1.5,1.4,1.1,64.0,,,,,,,,0.25,4,COMPLETE
30,30,-100.0,2025-06-15 23:05:34.376714,2025-06-15 23:05:36.476267,0 days 00:00:02.099553,,,,,,,,,,,,,,,,,,,,,,16.0,0.025,10m,1.5,0.8,1.4000000000000001,272.0,,,,,,,,,,,,,,,,,,,,,,304,0.05,7m,1.2000000000000002,0.9,1.2000000000000002,648,,,,,,,,,,,,,,,0.15000000000000002,2,COMPLETE
31,31,-0.31353875961989636,2025-06-15 23:05:36.582137,2025-06-15 23:05:41.057766,0 days 00:00:04.475629,,,,,,,,,,,,,,,256.0,0.025,2m,1.0,0.5,1.2000000000000002,864.0,720.0,0.05,4m,1.4,0.6,1.2000000000000002,776.0,,,,,,,,,,,,,,,,,,,,,,640,0.05,2m,1.4,1.5,1.3,440,680.0,0.025,4m,0.5,1.4,1.2000000000000002,808.0,,,,,,,,0.4,4,COMPLETE
32,32,0.2714205111499643,2025-06-15 23:05:41.174847,2025-06-15 23:05:44.329738,0 days 00:00:03.154891,,,,,,,,,,,,,,,,,,,,,,664.0,0.05,4m,1.4,0.6,1.2000000000000002,896.0,,,,,,,,,,,,,,,,,,,,,,632,0.05,2m,1.4,1.4,1.3,184,744.0,0.025,4m,0.6,1.4,1.3,864.0,,,,,,,,0.5,3,COMPLETE
33,33,-0.11554487855058222,2025-06-15 23:05:44.404246,2025-06-15 23:05:46.587920,0 days 00:00:02.183674,,,,,,,,,,,,,,,,,,,,,,648.0,0.05,5m,1.5,0.7,1.3,920.0,,,,,,,,,,,,,,,,,,,,,,560,0.05,6m,1.4,1.4,1.4000000000000001,216,,,,,,,,,,,,,,,0.5,2,COMPLETE
34,34,0.8491021144244237,2025-06-15 23:05:46.682146,2025-06-15 23:05:49.901671,0 days 00:00:03.219525,,,,,,,,,,,,,,,,,,,,,,440.0,0.05,3m,1.2000000000000002,0.5,1.1,856.0,,,,,,,,,,,,,,,,,,,,,,736,0.05,7m,0.6,1.2000000000000002,1.5,80,960.0,0.025,6m,0.6,1.3,1.3,1024.0,,,,,,,,0.45,3,COMPLETE
35,35,-0.053995885142570754,2025-06-15 23:05:49.984888,2025-06-15 23:05:51.178775,0 days 00:00:01.193887,,,,,,,,,,,,,,,,,,,,,,,,,,,,,,,,,,,,,,,,,,,,,,,,,,912,0.025,8m,1.2000000000000002,1.1,1.5,176,,,,,,,,,,,,,,,0.5,1,COMPLETE
36,36,-0.45975251276995255,2025-06-15 23:05:51.262461,2025-06-15 23:06:00.714204,0 days 00:00:09.451743,992.0,0.025,2m,1.5,1.5,1.1,40.0,,,,,,,,152.0,0.05,5m,0.7,0.7,1.8000000000000003,968.0,536.0,0.05,3m,1.2000000000000002,0.5,1.1,840.0,568.0,0.025,8m,0.6,1.3,1.3,336.0,784.0,0.025,6m,0.5,1.1,1.5,392.0,16.0,0.05,7m,1.1,1.1,1.6,456.0,712,0.05,10m,1.3,1.3,1.7000000000000002,280,928.0,0.025,6m,0.6,1.2000000000000002,1.4000000000000001,968.0,704.0,0.025,5m,0.9,1.2000000000000002,1.9000000000000001,392.0,0.45,9,COMPLETE
37,37,3.207526297356197,2025-06-15 23:06:00.835477,2025-06-15 23:06:04.246379,0 days 00:00:03.410902,,,,,,,,,,,,,,,,,,,,,,432.0,0.05,3m,1.4,0.9,1.1,1008.0,,,,,,,,,,,,,,,,,,,,,,824,0.025,2m,1.5,1.4,1.6,64,816.0,0.025,6m,0.6,1.4,1.5,880.0,,,,,,,,0.45,3,COMPLETE
38,38,2.82819649052347,2025-06-15 23:06:04.337978,2025-06-15 23:06:07.584953,0 days 00:00:03.246975,,,,,,,,,,,,,,,,,,,,,,424.0,0.05,3m,0.9,1.0,1.1,1024.0,,,,,,,,,,,,,,,,,,,,,,1008,0.025,2m,1.5,1.2000000000000002,1.6,16,808.0,0.05,6m,0.6,1.4,1.5,888.0,,,,,,,,0.45,3,COMPLETE
39,39,2.9346179804894854,2025-06-15 23:06:07.690274,2025-06-15 23:06:11.050977,0 days 00:00:03.360703,,,,,,,,,,,,,,,,,,,,,,416.0,0.05,3m,0.9,1.1,1.1,1016.0,,,,,,,,,,,,,,,,,,,,,,1008,0.025,2m,1.5,1.0,1.6,72,816.0,0.05,6m,0.8,1.3,1.6,1008.0,,,,,,,,0.45,3,COMPLETE
40,40,3.063179958687207,2025-06-15 23:06:11.115721,2025-06-15 23:06:14.638267,0 days 00:00:03.522546,,,,,,,,,,,,,,,,,,,,,,432.0,0.05,3m,0.9,1.3,1.1,1000.0,,,,,,,,,,,,,,,,,,,,,,976,0.025,2m,1.5,0.9,1.6,16,824.0,0.05,6m,0.8,1.3,1.5,1016.0,,,,,,,,0.45,3,COMPLETE
41,41,2.601884214714347,2025-06-15 23:06:14.738660,2025-06-15 23:06:17.728403,0 days 00:00:02.989743,,,,,,,,,,,,,,,,,,,,,,440.0,0.05,3m,0.9,1.3,1.1,1024.0,,,,,,,,,,,,,,,,,,,,,,1024,0.025,2m,1.5,0.8,1.6,16,832.0,0.05,6m,0.8,1.3,1.5,1024.0,,,,,,,,0.45,3,COMPLETE
42,42,1.3529891677794155,2025-06-15 23:06:17.803991,2025-06-15 23:06:20.014729,0 days 00:00:02.210738,,,,,,,,,,,,,,,,,,,,,,416.0,0.05,3m,0.9,1.4,1.1,1024.0,,,,,,,,,,,,,,,,,,,,,,1024,0.025,2m,1.5,0.8,1.6,32,,,,,,,,,,,,,,,0.45,2,COMPLETE
43,43,3.2325192394099282,2025-06-15 23:06:20.084726,2025-06-15 23:06:23.245306,0 days 00:00:03.160580,,,,,,,,,,,,,,,,,,,,,,336.0,0.05,3m,0.8,1.2000000000000002,1.2000000000000002,952.0,,,,,,,,,,,,,,,,,,,,,,960,0.025,2m,1.5,0.8,1.7000000000000002,24,824.0,0.05,6m,0.8,1.3,1.5,936.0,,,,,,,,0.45,3,COMPLETE
44,44,1.431872738575255,2025-06-15 23:06:23.296404,2025-06-15 23:06:24.352085,0 days 00:00:01.055681,,,,,,,,,,,,,,,,,,,,,,,,,,,,,,,,,,,,,,,,,,,,,,,,,,872,0.025,2m,1.5,0.8,1.8000000000000003,72,,,,,,,,,,,,,,,0.4,1,COMPLETE
45,45,3.8077245226356315,2025-06-15 23:06:24.400235,2025-06-15 23:06:27.225924,0 days 00:00:02.825689,,,,,,,,,,,,,,,,,,,,,,320.0,0.05,3m,0.8,1.1,1.2000000000000002,944.0,,,,,,,,,,,,,,,,,,,,,,960,0.025,2m,1.4,0.7,1.7000000000000002,104,800.0,0.05,6m,0.8,1.4,1.6,944.0,,,,,,,,0.45,3,COMPLETE
46,46,1.2958301556967702,2025-06-15 23:06:27.294364,2025-06-15 23:06:29.298713,0 days 00:00:02.004349,,,,,,,,,,,,,,,,,,,,,,344.0,0.05,3m,0.7,1.2000000000000002,1.2000000000000002,952.0,,,,,,,,,,,,,,,,,,,,,,952,0.025,2m,1.4,0.7,1.7000000000000002,96,,,,,,,,,,,,,,,0.4,2,COMPLETE
47,47,-0.9313457280590919,2025-06-15 23:06:29.364337,2025-06-15 23:06:33.431312,0 days 00:00:04.066975,,,,,,,,,,,,,,,192.0,0.05,4m,0.6,0.6,2.0,16.0,184.0,0.05,3m,0.8,1.2000000000000002,1.2000000000000002,952.0,,,,,,,,,,,,,,,,,,,,,,848,0.025,2m,1.3,0.7,1.8000000000000003,856,896.0,0.05,6m,0.8,1.3,1.6,960.0,,,,,,,,0.35000000000000003,4,COMPLETE
48,48,0.854281217639838,2025-06-15 23:06:33.488316,2025-06-15 23:06:35.573466,0 days 00:00:02.085150,,,,,,,,,,,,,,,,,,,,,,304.0,0.05,3m,0.6,1.1,1.2000000000000002,928.0,,,,,,,,,,,,,,,,,,,,,,896,0.025,2m,1.4,0.5,1.7000000000000002,96,,,,,,,,,,,,,,,0.5,2,COMPLETE
49,49,-1.9715613641768028,2025-06-15 23:06:35.643411,2025-06-15 23:06:39.545395,0 days 00:00:03.901984,,,,,,,,,,,,,,,16.0,0.05,1m,0.5,0.6,1.1,112.0,376.0,0.05,3m,0.8,1.3,1.1,976.0,,,,,,,,,,,,,,,,,,,,,,976,0.025,2m,1.5,0.7,1.8000000000000003,584,856.0,0.05,6m,0.7,1.4,1.6,936.0,,,,,,,,0.45,4,COMPLETE
50,50,0.5201545438741493,2025-06-15 23:06:39.637388,2025-06-15 23:06:42.775399,0 days 00:00:03.138011,,,,,,,,,,,,,,,,,,,,,,288.0,0.05,3m,0.6,1.1,1.2000000000000002,824.0,,,,,,,,,,,,,,,,,,,,,,808,0.025,5m,1.4,0.9,1.9000000000000001,64,720.0,0.05,6m,0.8,1.1,1.6,840.0,,,,,,,,0.35000000000000003,3,COMPLETE
51,51,2.2737818830017935,2025-06-15 23:06:42.886424,2025-06-15 23:06:46.126688,0 days 00:00:03.240264,,,,,,,,,,,,,,,,,,,,,,360.0,0.05,3m,0.9,1.0,1.1,992.0,,,,,,,,,,,,,,,,,,,,,,984,0.025,2m,1.5,0.9,1.6,24,808.0,0.05,6m,0.7,1.4,1.5,904.0,,,,,,,,0.45,3,COMPLETE
