,number,value,datetime_start,datetime_complete,duration,params_AAPL_BIDU_beta_win,params_AAPL_BIDU_stop_loss,params_AAPL_BIDU_trade_freq,params_AAPL_BIDU_z_entry,params_AAPL_BIDU_z_exit,params_AAPL_BIDU_z_stop_scaler,params_AAPL_BIDU_z_win,params_ALGN_KDP_beta_win,params_ALGN_KDP_stop_loss,params_ALGN_KDP_trade_freq,params_ALGN_KDP_z_entry,params_ALGN_KDP_z_exit,params_ALGN_KDP_z_stop_scaler,params_ALGN_KDP_z_win,params_AMD_ATVI_beta_win,params_AMD_ATVI_stop_loss,params_AMD_ATVI_trade_freq,params_AMD_ATVI_z_entry,params_AMD_ATVI_z_exit,params_AMD_ATVI_z_stop_scaler,params_AMD_ATVI_z_win,params_CMCSA_MAR_beta_win,params_CMCSA_MAR_stop_loss,params_CMCSA_MAR_trade_freq,params_CMCSA_MAR_z_entry,params_CMCSA_MAR_z_exit,params_CMCSA_MAR_z_stop_scaler,params_CMCSA_MAR_z_win,params_EBAY_TXN_beta_win,params_EBAY_TXN_stop_loss,params_EBAY_TXN_trade_freq,params_EBAY_TXN_z_entry,params_EBAY_TXN_z_exit,params_EBAY_TXN_z_stop_scaler,params_EBAY_TXN_z_win,params_FISV_INTC_beta_win,params_FISV_INTC_stop_loss,params_FISV_INTC_trade_freq,params_FISV_INTC_z_entry,params_FISV_INTC_z_exit,params_FISV_INTC_z_stop_scaler,params_FISV_INTC_z_win,params_KDP_TXN_beta_win,params_KDP_TXN_stop_loss,params_KDP_TXN_trade_freq,params_KDP_TXN_z_entry,params_KDP_TXN_z_exit,params_KDP_TXN_z_stop_scaler,params_KDP_TXN_z_win,params_NFLX_TXN_beta_win,params_NFLX_TXN_stop_loss,params_NFLX_TXN_trade_freq,params_NFLX_TXN_z_entry,params_NFLX_TXN_z_exit,params_NFLX_TXN_z_stop_scaler,params_NFLX_TXN_z_win,params_SBUX_KDP_beta_win,params_SBUX_KDP_stop_loss,params_SBUX_KDP_trade_freq,params_SBUX_KDP_z_entry,params_SBUX_KDP_z_exit,params_SBUX_KDP_z_stop_scaler,params_SBUX_KDP_z_win,params_ZS_ADI_beta_win,params_ZS_ADI_stop_loss,params_ZS_ADI_trade_freq,params_ZS_ADI_z_entry,params_ZS_ADI_z_exit,params_ZS_ADI_z_stop_scaler,params_ZS_ADI_z_win,params_buffer_capital,params_pairs_to_trade,state
96,96,-0.06746616167306566,2025-06-15 23:23:09.705102,2025-06-15 23:23:18.373327,0 days 00:00:08.668225,432.0,0.025,6m,1.4,1.5,1.8000000000000003,600.0,328.0,0.025,7m,1.4,0.6,1.1,104.0,800.0,0.05,5m,1.0,0.6,1.2000000000000002,896.0,520.0,0.05,4m,1.4,1.0,1.9000000000000001,360.0,432.0,0.025,4m,1.3,0.8,1.1,832.0,320.0,0.05,9m,1.1,1.1,1.5,256.0,696,0.05,9m,0.5,1.3,1.9000000000000001,952,560.0,0.05,3m,0.5,1.0,1.6,312.0,248.0,0.05,7m,1.3,1.3,1.3,288.0,736.0,0.025,6m,1.2000000000000002,0.7,1.8000000000000003,56.0,0.5,10,COMPLETE
97,97,-0.35570096196655665,2025-06-15 23:23:18.477363,2025-06-15 23:23:27.588283,0 days 00:00:09.110920,368.0,0.025,2m,1.3,1.2000000000000002,1.4000000000000001,384.0,88.0,0.025,9m,0.6,1.1,1.2000000000000002,208.0,848.0,0.05,7m,0.9,0.7,1.3,952.0,424.0,0.025,10m,1.2000000000000002,1.1,1.4000000000000001,24.0,656.0,0.025,2m,1.0,1.4,1.5,944.0,64.0,0.05,4m,0.6,0.5,1.2000000000000002,712.0,536,0.05,7m,0.7,1.2000000000000002,1.7000000000000002,184,736.0,0.05,3m,0.7,1.2000000000000002,1.5,456.0,168.0,0.05,8m,1.3,1.0,1.7000000000000002,200.0,696.0,0.025,3m,1.4,0.6,2.0,504.0,0.25,10,COMPLETE
98,98,1.1969665416771993,2025-06-15 23:23:27.662258,2025-06-15 23:23:35.682499,0 days 00:00:08.020241,632.0,0.025,10m,1.2000000000000002,1.4,1.9000000000000001,440.0,280.0,0.05,6m,1.3,0.7,1.7000000000000002,288.0,720.0,0.05,10m,0.7,0.5,1.3,1024.0,456.0,0.05,8m,1.5,0.5,1.9000000000000001,96.0,912.0,0.025,10m,1.1,0.7,1.2000000000000002,664.0,224.0,0.025,5m,1.5,1.1,1.8000000000000003,968.0,1016,0.05,3m,0.6,1.4,1.8000000000000003,496,816.0,0.05,2m,0.6,1.1,1.8000000000000003,224.0,,,,,,,,640.0,0.025,8m,1.3,0.9,1.8000000000000003,304.0,0.3,9,COMPLETE
99,99,-15.818214550200366,2025-06-15 23:23:35.753257,2025-06-15 23:23:39.432811,0 days 00:00:03.679554,,,,,,,,,,,,,,,472.0,0.05,5m,0.8,0.6,1.1,920.0,888.0,0.05,7m,1.3,1.3,1.7000000000000002,960.0,,,,,,,,,,,,,,,792,0.05,1m,0.8,1.0,1.5,696,672.0,0.05,7m,0.8,1.0,1.4000000000000001,296.0,,,,,,,,,,,,,,,0.3,4,COMPLETE
100,100,0.385151573030396,2025-06-15 23:23:39.509671,2025-06-15 23:23:42.412253,0 days 00:00:02.902582,,,,,,,,,,,,,,,,,,,,,,584.0,0.025,2m,1.0,1.2000000000000002,1.3,912.0,,,,,,,,,,,,,,,744,0.05,10m,0.9,0.8,1.7000000000000002,392,624.0,0.05,9m,0.9,0.9,1.7000000000000002,408.0,,,,,,,,,,,,,,,0.35000000000000003,3,COMPLETE
101,101,1.2859299845847414,2025-06-15 23:23:42.492948,2025-06-15 23:23:51.784204,0 days 00:00:09.291256,360.0,0.025,9m,1.4,1.4,1.8000000000000003,504.0,560.0,0.025,8m,1.5,0.8,1.1,88.0,688.0,0.05,5m,0.9,0.6,1.2000000000000002,984.0,544.0,0.05,4m,1.3,1.2000000000000002,2.0,408.0,704.0,0.025,10m,1.4,0.7,1.4000000000000001,1024.0,280.0,0.05,4m,1.2000000000000002,1.1,1.6,624.0,984,0.05,9m,0.8,1.4,1.8000000000000003,616,784.0,0.05,3m,0.6,1.1,1.6,360.0,136.0,0.05,4m,1.5,1.4,1.3,136.0,1024.0,0.025,8m,1.2000000000000002,0.7,1.8000000000000003,288.0,0.25,10,COMPLETE
102,102,-2.226301315442744,2025-06-15 23:23:51.838702,2025-06-15 23:23:57.495552,0 days 00:00:05.656850,200.0,0.025,9m,0.6,1.5,1.7000000000000002,488.0,,,,,,,,736.0,0.05,5m,1.0,0.7,1.2000000000000002,952.0,960.0,0.05,4m,0.5,1.2000000000000002,2.0,624.0,672.0,0.025,10m,1.3,0.6,1.4000000000000001,1024.0,,,,,,,,944,0.05,9m,0.7,1.4,1.8000000000000003,656,712.0,0.05,3m,0.6,1.1,1.6,192.0,,,,,,,,,,,,,,,0.25,6,COMPLETE
103,103,-0.795076165650102,2025-06-15 23:23:57.577887,2025-06-15 23:24:07.424326,0 days 00:00:09.846439,304.0,0.025,9m,1.4,1.4,1.8000000000000003,416.0,880.0,0.025,1m,1.5,0.8,1.1,16.0,656.0,0.05,5m,0.9,0.6,1.2000000000000002,984.0,400.0,0.05,4m,0.8,1.1,2.0,320.0,584.0,0.025,10m,1.3,0.7,1.4000000000000001,976.0,392.0,0.05,4m,1.2000000000000002,1.2000000000000002,1.6,656.0,896,0.05,9m,1.2000000000000002,1.5,1.8000000000000003,600,792.0,0.05,3m,0.7,1.0,1.6,336.0,408.0,0.05,10m,1.4,1.2000000000000002,1.2000000000000002,248.0,912.0,0.025,8m,1.1,0.8,1.7000000000000002,144.0,0.25,10,COMPLETE
104,104,1.8102869898764853,2025-06-15 23:24:07.494626,2025-06-15 23:24:15.944293,0 days 00:00:08.449667,408.0,0.025,9m,1.5,1.3,1.8000000000000003,480.0,776.0,0.025,9m,1.4,1.1,1.2000000000000002,104.0,608.0,0.05,5m,1.0,0.8,1.7000000000000002,872.0,712.0,0.05,4m,1.3,1.3,2.0,40.0,776.0,0.025,10m,1.4,0.9,1.5,912.0,248.0,0.05,4m,1.3,1.1,1.5,576.0,824,0.05,9m,0.8,1.4,1.9000000000000001,584,944.0,0.05,3m,0.5,1.1,1.5,264.0,,,,,,,,992.0,0.025,4m,1.3,1.4,1.8000000000000003,384.0,0.2,9,COMPLETE
105,105,-9.30816871351598,2025-06-15 23:24:16.021195,2025-06-15 23:24:24.789513,0 days 00:00:08.768318,456.0,0.025,3m,1.1,1.4,1.6,568.0,424.0,0.025,3m,1.5,1.4,1.3,480.0,832.0,0.05,3m,0.9,0.5,1.1,936.0,656.0,0.05,9m,1.2000000000000002,1.2000000000000002,1.9000000000000001,440.0,848.0,0.025,3m,1.2000000000000002,0.5,1.3,992.0,168.0,0.05,8m,1.1,1.0,1.7000000000000002,504.0,864,0.05,7m,0.6,1.3,1.7000000000000002,760,856.0,0.05,8m,0.6,1.2000000000000002,1.7000000000000002,704.0,144.0,0.05,1m,1.2000000000000002,1.5,1.4000000000000001,32.0,960.0,0.025,1m,0.9,0.7,1.9000000000000001,208.0,0.3,10,COMPLETE
106,106,1.869281419390577,2025-06-15 23:24:24.888537,2025-06-15 23:24:42.520439,0 days 00:00:17.631902,512.0,0.025,7m,1.4,1.3,1.9000000000000001,520.0,192.0,0.025,10m,1.4,0.9,1.1,176.0,568.0,0.05,5m,0.8,0.7,1.3,1000.0,1008.0,0.05,10m,1.4,0.9,2.0,168.0,824.0,0.025,10m,1.5,0.8,1.4000000000000001,944.0,304.0,0.05,3m,1.2000000000000002,1.3,1.8000000000000003,784.0,632,0.05,9m,1.1,1.5,1.4000000000000001,448,768.0,0.05,7m,0.8,1.3,1.9000000000000001,784.0,,,,,,,,480.0,0.025,8m,1.2000000000000002,0.8,1.7000000000000002,424.0,0.25,9,COMPLETE
107,107,-0.621353597018371,2025-06-15 23:24:42.669086,2025-06-15 23:24:48.158859,0 days 00:00:05.489773,,,,,,,,,,,,,,,,,,,,,,824.0,0.05,3m,1.3,1.4,1.8000000000000003,264.0,,,,,,,,,,,,,,,712,0.05,6m,0.9,0.9,1.6,552,,,,,,,,,,,,,,,,,,,,,,0.3,2,COMPLETE
108,108,-0.4926170216800132,2025-06-15 23:24:48.322336,2025-06-15 23:24:59.911593,0 days 00:00:11.589257,240.0,0.025,1m,1.0,1.5,1.5,448.0,,,,,,,,760.0,0.05,5m,1.1,0.8,1.2000000000000002,808.0,864.0,0.05,1m,1.4,1.2000000000000002,2.0,1000.0,736.0,0.025,10m,1.2000000000000002,0.9,1.3,872.0,96.0,0.05,10m,0.8,1.5,1.4000000000000001,640.0,768,0.05,9m,0.7,0.8,1.8000000000000003,736,888.0,0.05,4m,0.7,1.0,1.7000000000000002,240.0,,,,,,,,816.0,0.025,4m,1.0,0.6,1.8000000000000003,312.0,0.25,8,COMPLETE
109,109,-5.941948554573156,2025-06-15 23:24:59.976565,2025-06-15 23:25:08.685414,0 days 00:00:08.708849,144.0,0.05,9m,1.3,1.1,1.7000000000000002,312.0,1016.0,0.05,5m,0.9,1.5,1.3,336.0,712.0,0.05,1m,0.9,0.6,1.3,896.0,304.0,0.025,4m,1.4,1.1,1.9000000000000001,656.0,616.0,0.025,10m,1.1,0.8,1.4000000000000001,984.0,416.0,0.05,4m,1.0,1.4,1.2000000000000002,736.0,736,0.025,3m,0.6,1.5,1.9000000000000001,96,752.0,0.05,3m,0.5,1.2000000000000002,1.5,128.0,336.0,0.05,8m,1.4,1.2000000000000002,1.2000000000000002,456.0,976.0,0.025,1m,0.7,0.5,1.9000000000000001,264.0,0.2,10,COMPLETE
110,110,0.6165962396536869,2025-06-15 23:25:08.767162,2025-06-15 23:25:15.197638,0 days 00:00:06.430476,320.0,0.025,9m,1.2000000000000002,1.4,2.0,384.0,,,,,,,,928.0,0.05,5m,0.8,0.7,1.6,656.0,56.0,0.05,6m,1.3,1.3,1.5,832.0,888.0,0.025,5m,1.4,0.7,1.2000000000000002,744.0,,,,,,,,840,0.05,7m,0.5,1.4,1.6,800,808.0,0.025,5m,0.6,1.1,1.6,432.0,,,,,,,,600.0,0.025,8m,1.1,0.7,1.6,448.0,0.1,7,COMPLETE
111,111,1.5587976375697485,2025-06-15 23:25:15.267413,2025-06-15 23:25:23.097264,0 days 00:00:07.829851,128.0,0.025,2m,0.7,1.5,2.0,952.0,664.0,0.025,5m,0.6,0.9,1.2000000000000002,152.0,640.0,0.05,6m,1.1,0.8,1.2000000000000002,968.0,360.0,0.05,2m,1.2000000000000002,1.1,2.0,112.0,808.0,0.025,10m,0.7,0.8,1.9000000000000001,952.0,352.0,0.05,8m,1.0,1.3,1.5,704.0,16,0.05,9m,0.8,0.9,1.7000000000000002,632,824.0,0.05,3m,0.5,1.0,1.5,64.0,,,,,,,,776.0,0.025,7m,1.1,1.4,1.8000000000000003,600.0,0.25,9,COMPLETE
112,112,-1.4648317692360533,2025-06-15 23:25:23.193110,2025-06-15 23:25:30.944946,0 days 00:00:07.751836,56.0,0.025,2m,0.5,1.5,2.0,840.0,680.0,0.025,5m,0.5,1.0,1.2000000000000002,72.0,200.0,0.05,6m,1.0,0.8,1.2000000000000002,960.0,384.0,0.05,2m,1.2000000000000002,1.0,2.0,216.0,792.0,0.025,10m,0.5,0.9,1.8000000000000003,984.0,352.0,0.05,8m,0.9,1.3,1.6,688.0,936,0.05,9m,0.8,0.9,1.7000000000000002,656,840.0,0.05,3m,0.5,1.0,1.6,280.0,,,,,,,,680.0,0.025,7m,0.6,1.5,1.8000000000000003,752.0,0.25,9,COMPLETE
113,113,1.6234493620218686,2025-06-15 23:25:31.016540,2025-06-15 23:25:39.082176,0 days 00:00:08.065636,192.0,0.025,2m,1.1,1.5,1.8000000000000003,56.0,608.0,0.025,5m,0.6,1.0,1.1,128.0,40.0,0.05,6m,1.1,0.9,1.2000000000000002,1024.0,336.0,0.05,2m,1.2000000000000002,1.1,2.0,80.0,720.0,0.025,10m,0.7,0.8,1.7000000000000002,144.0,224.0,0.05,8m,1.0,1.2000000000000002,1.5,984.0,96,0.05,9m,0.8,1.0,1.7000000000000002,680,744.0,0.05,3m,0.5,1.1,1.5,184.0,,,,,,,,888.0,0.025,7m,1.1,0.8,1.7000000000000002,328.0,0.25,9,COMPLETE
114,114,2.7653436576038906,2025-06-15 23:25:39.161240,2025-06-15 23:25:48.419059,0 days 00:00:09.257819,96.0,0.025,2m,0.6,1.4,1.9000000000000001,536.0,520.0,0.025,10m,0.5,0.8,1.4000000000000001,1024.0,120.0,0.05,9m,1.2000000000000002,0.8,1.1,936.0,440.0,0.05,2m,1.3,1.2000000000000002,2.0,56.0,784.0,0.025,9m,0.6,0.9,1.5,912.0,304.0,0.05,3m,1.4,1.3,1.7000000000000002,896.0,240,0.05,8m,1.0,0.8,1.7000000000000002,616,856.0,0.05,6m,0.7,0.9,1.5,104.0,576.0,0.025,9m,1.0,0.8,1.4000000000000001,168.0,816.0,0.025,7m,1.2000000000000002,0.9,1.7000000000000002,968.0,0.3,10,COMPLETE
115,115,-20.44622249801737,2025-06-15 23:25:48.488450,2025-06-15 23:25:57.782865,0 days 00:00:09.294415,424.0,0.025,1m,0.6,1.4,1.9000000000000001,536.0,496.0,0.025,10m,0.5,0.7,1.4000000000000001,1008.0,328.0,0.05,9m,1.3,0.6,1.1,920.0,464.0,0.05,9m,1.3,1.2000000000000002,1.1,40.0,768.0,0.025,9m,1.3,0.9,1.5,920.0,280.0,0.05,3m,1.4,1.0,1.7000000000000002,888.0,224,0.05,8m,1.0,0.8,1.8000000000000003,544,920.0,0.05,1m,0.8,0.9,1.6,128.0,592.0,0.025,9m,1.0,0.8,1.4000000000000001,160.0,840.0,0.025,1m,1.4,0.9,1.7000000000000002,976.0,0.3,10,COMPLETE
116,116,2.6315594624639664,2025-06-15 23:25:57.858745,2025-06-15 23:26:07.018976,0 days 00:00:09.160231,472.0,0.025,4m,0.9,1.3,1.9000000000000001,640.0,904.0,0.025,10m,1.5,0.8,1.1,752.0,872.0,0.05,9m,0.9,1.4,1.1,1000.0,440.0,0.05,10m,1.4,1.2000000000000002,1.9000000000000001,760.0,864.0,0.025,9m,1.3,1.0,1.5,848.0,176.0,0.05,3m,1.4,1.4,1.8000000000000003,816.0,808,0.05,8m,1.0,0.8,1.6,56,864.0,0.05,6m,0.7,0.9,1.6,216.0,512.0,0.025,9m,0.8,0.8,1.2000000000000002,328.0,720.0,0.025,2m,1.3,0.9,1.6,848.0,0.3,10,COMPLETE
117,117,5.423830963601765,2025-06-15 23:26:07.080781,2025-06-15 23:26:16.811943,0 days 00:00:09.731162,472.0,0.025,4m,0.9,1.3,1.9000000000000001,664.0,944.0,0.025,10m,1.5,0.8,1.7000000000000002,904.0,1000.0,0.05,9m,1.4,1.4,1.1,352.0,496.0,0.05,10m,1.4,1.2000000000000002,1.8000000000000003,760.0,992.0,0.025,9m,1.2000000000000002,1.1,1.6,832.0,136.0,0.05,3m,1.4,1.4,1.8000000000000003,832.0,808,0.05,8m,1.0,0.7,1.6,48,944.0,0.05,6m,0.7,0.9,1.7000000000000002,216.0,512.0,0.025,9m,0.7,0.8,1.4000000000000001,344.0,720.0,0.025,2m,1.3,1.0,1.6,864.0,0.3,10,COMPLETE
118,118,4.360503740615046,2025-06-15 23:26:16.875288,2025-06-15 23:26:26.303776,0 days 00:00:09.428488,16.0,0.025,4m,0.9,1.3,1.9000000000000001,680.0,928.0,0.025,10m,1.5,0.6,1.7000000000000002,920.0,976.0,0.05,9m,1.4,1.4,1.1,512.0,424.0,0.05,10m,1.5,1.3,1.8000000000000003,792.0,992.0,0.025,9m,1.0,1.1,1.5,776.0,152.0,0.05,3m,1.5,1.4,1.9000000000000001,808.0,808,0.05,8m,1.0,0.8,1.6,48,992.0,0.05,6m,0.8,0.9,1.7000000000000002,152.0,776.0,0.025,9m,0.7,0.8,1.6,360.0,736.0,0.025,2m,1.3,1.1,1.5,808.0,0.35000000000000003,10,COMPLETE
119,119,2.6157652041091723,2025-06-15 23:26:26.372154,2025-06-15 23:26:36.189092,0 days 00:00:09.816938,72.0,0.025,4m,0.9,1.3,1.9000000000000001,688.0,896.0,0.025,10m,1.5,0.6,1.7000000000000002,912.0,880.0,0.05,9m,1.4,1.4,1.1,360.0,440.0,0.05,10m,1.5,1.3,1.8000000000000003,752.0,1008.0,0.025,9m,0.9,1.1,1.6,776.0,144.0,0.05,3m,1.5,1.4,2.0,808.0,800,0.05,8m,1.0,0.7,1.6,64,1000.0,0.05,6m,0.8,0.9,1.8000000000000003,104.0,808.0,0.025,9m,0.7,0.8,1.6,368.0,712.0,0.025,2m,1.3,1.1,1.5,880.0,0.35000000000000003,10,COMPLETE
120,120,3.504549921562914,2025-06-15 23:26:36.266098,2025-06-15 23:26:46.303143,0 days 00:00:10.037045,24.0,0.025,4m,0.9,1.2000000000000002,1.9000000000000001,680.0,936.0,0.025,10m,1.5,0.6,1.7000000000000002,928.0,1024.0,0.05,9m,1.4,1.4,1.1,368.0,432.0,0.025,10m,1.5,1.3,1.8000000000000003,744.0,992.0,0.025,9m,0.9,1.1,1.6,792.0,160.0,0.05,3m,1.5,1.4,2.0,816.0,808,0.05,8m,1.0,0.7,1.6,56,1008.0,0.05,6m,0.7,0.8,1.8000000000000003,104.0,824.0,0.025,9m,0.7,0.8,1.6,360.0,728.0,0.025,2m,1.3,1.1,1.5,864.0,0.35000000000000003,10,COMPLETE
121,121,3.432191830289111,2025-06-15 23:26:46.384436,2025-06-15 23:26:56.109938,0 days 00:00:09.725502,24.0,0.025,4m,0.9,1.2000000000000002,1.9000000000000001,712.0,920.0,0.025,10m,1.5,0.6,1.7000000000000002,928.0,1000.0,0.05,9m,1.4,1.4,1.1,360.0,432.0,0.025,10m,1.5,1.3,1.8000000000000003,760.0,1000.0,0.025,9m,0.9,1.2000000000000002,1.6,784.0,128.0,0.05,3m,1.5,1.4,2.0,808.0,816,0.05,8m,1.0,0.7,1.6,16,1008.0,0.05,6m,0.7,0.8,1.8000000000000003,88.0,808.0,0.025,9m,0.7,0.8,1.6,368.0,720.0,0.025,2m,1.3,1.1,1.5,872.0,0.35000000000000003,10,COMPLETE
122,122,2.2860622213181614,2025-06-15 23:26:56.183038,2025-06-15 23:27:05.954087,0 days 00:00:09.771049,16.0,0.025,4m,0.9,1.2000000000000002,1.9000000000000001,696.0,936.0,0.025,10m,1.5,0.5,1.7000000000000002,928.0,1016.0,0.05,9m,1.4,1.4,1.1,368.0,424.0,0.025,10m,1.5,1.4,1.8000000000000003,768.0,1000.0,0.025,9m,0.9,1.2000000000000002,1.6,792.0,136.0,0.05,3m,1.5,1.4,2.0,808.0,800,0.05,8m,1.0,0.7,1.6,56,1000.0,0.05,6m,0.7,0.8,1.8000000000000003,88.0,808.0,0.025,9m,0.7,0.8,1.6,360.0,712.0,0.025,2m,1.3,1.1,1.5,888.0,0.35000000000000003,10,COMPLETE
123,123,3.881009784359037,2025-06-15 23:27:06.028260,2025-06-15 23:27:16.140254,0 days 00:00:10.111994,64.0,0.025,4m,0.9,1.2000000000000002,1.9000000000000001,744.0,912.0,0.025,10m,1.5,0.6,1.8000000000000003,928.0,984.0,0.05,9m,1.4,1.4,1.1,320.0,440.0,0.025,10m,1.5,1.3,1.8000000000000003,744.0,992.0,0.025,9m,0.8,1.1,1.6,728.0,48.0,0.05,3m,1.5,1.5,2.0,832.0,816,0.05,8m,1.0,0.7,1.6,32,952.0,0.05,6m,0.7,0.8,1.9000000000000001,24.0,784.0,0.025,9m,0.7,0.8,1.6,488.0,656.0,0.025,2m,1.4,1.2000000000000002,1.4000000000000001,832.0,0.35000000000000003,10,COMPLETE
124,124,3.83909590727665,2025-06-15 23:27:16.263074,2025-06-15 23:27:25.536260,0 days 00:00:09.273186,16.0,0.025,4m,0.8,1.1,1.9000000000000001,776.0,920.0,0.025,10m,1.5,0.5,1.8000000000000003,936.0,960.0,0.05,9m,1.3,1.3,1.1,288.0,496.0,0.025,10m,1.5,1.3,1.8000000000000003,728.0,976.0,0.025,9m,0.8,1.2000000000000002,1.6,720.0,48.0,0.05,3m,1.4,1.5,1.9000000000000001,856.0,816,0.05,8m,1.1,0.7,1.6,16,976.0,0.05,6m,0.7,0.8,1.9000000000000001,16.0,752.0,0.025,9m,0.7,0.7,1.6,504.0,648.0,0.025,2m,1.4,1.1,1.5,824.0,0.4,10,COMPLETE
125,125,3.9317929346812863,2025-06-15 23:27:25.590070,2025-06-15 23:27:35.215958,0 days 00:00:09.625888,32.0,0.025,4m,0.8,1.0,2.0,800.0,824.0,0.025,10m,1.5,0.5,1.8000000000000003,944.0,968.0,0.05,9m,1.3,1.3,1.1,336.0,496.0,0.025,10m,1.5,1.3,1.8000000000000003,736.0,976.0,0.025,9m,0.8,1.3,1.6,736.0,72.0,0.05,3m,1.4,1.5,2.0,880.0,400,0.05,8m,1.1,0.6,1.5,16,952.0,0.05,6m,0.7,0.7,1.9000000000000001,16.0,792.0,0.025,9m,0.6,0.7,1.6,528.0,656.0,0.025,2m,1.4,1.2000000000000002,1.4000000000000001,816.0,0.4,10,COMPLETE
126,126,3.1516236528809647,2025-06-15 23:27:35.297940,2025-06-15 23:27:45.337103,0 days 00:00:10.039163,32.0,0.025,4m,0.8,1.0,2.0,824.0,800.0,0.025,10m,1.5,0.5,1.8000000000000003,952.0,984.0,0.05,9m,1.3,1.3,1.1,288.0,496.0,0.025,10m,1.5,1.3,1.8000000000000003,736.0,992.0,0.025,9m,0.8,1.3,1.6,728.0,64.0,0.05,3m,1.4,1.5,1.9000000000000001,864.0,432,0.05,8m,1.1,0.5,1.5,16,952.0,0.05,6m,0.7,0.7,2.0,24.0,784.0,0.025,9m,0.6,0.7,1.6,512.0,656.0,0.025,2m,1.4,1.2000000000000002,1.4000000000000001,792.0,0.4,10,COMPLETE
127,127,3.9151382114270614,2025-06-15 23:27:45.414614,2025-06-15 23:27:55.084166,0 days 00:00:09.669552,24.0,0.025,4m,0.8,1.0,2.0,824.0,832.0,0.025,10m,1.5,0.5,1.8000000000000003,928.0,976.0,0.05,9m,1.3,1.3,1.1,280.0,496.0,0.025,10m,1.5,1.3,1.7000000000000002,728.0,984.0,0.025,9m,0.8,1.3,1.7000000000000002,720.0,48.0,0.05,3m,1.5,1.5,2.0,856.0,336,0.05,8m,1.1,0.5,1.5,32,952.0,0.05,6m,0.7,0.7,1.9000000000000001,16.0,776.0,0.025,9m,0.6,0.7,1.6,504.0,656.0,0.025,2m,1.4,1.2000000000000002,1.4000000000000001,816.0,0.4,10,COMPLETE
128,128,3.2767216782854627,2025-06-15 23:27:55.159660,2025-06-15 23:28:05.394938,0 days 00:00:10.235278,32.0,0.025,4m,0.8,1.0,2.0,816.0,816.0,0.025,10m,1.5,0.5,1.8000000000000003,928.0,968.0,0.05,9m,1.3,1.3,1.1,272.0,488.0,0.025,10m,1.5,1.3,1.8000000000000003,728.0,984.0,0.025,9m,0.8,1.3,1.7000000000000002,712.0,56.0,0.05,3m,1.5,1.5,2.0,856.0,448,0.05,8m,1.1,0.5,1.5,16,952.0,0.05,6m,0.7,0.7,1.9000000000000001,24.0,792.0,0.025,9m,0.6,0.7,1.6,536.0,656.0,0.025,2m,1.4,1.2000000000000002,1.4000000000000001,816.0,0.4,10,COMPLETE
129,129,2.4978623640497637,2025-06-15 23:28:05.471154,2025-06-15 23:28:15.359885,0 days 00:00:09.888731,16.0,0.025,4m,0.8,1.0,2.0,736.0,840.0,0.025,10m,1.5,0.5,1.8000000000000003,872.0,976.0,0.05,9m,1.4,1.2000000000000002,1.1,208.0,568.0,0.025,10m,1.5,1.3,1.7000000000000002,792.0,936.0,0.025,9m,0.8,1.2000000000000002,1.7000000000000002,680.0,40.0,0.05,3m,1.5,1.5,2.0,848.0,368,0.05,8m,1.2000000000000002,0.6,1.5,32,976.0,0.05,6m,0.7,0.6,1.9000000000000001,40.0,736.0,0.025,9m,0.6,0.7,1.7000000000000002,576.0,624.0,0.025,2m,1.4,1.2000000000000002,1.4000000000000001,816.0,0.4,10,COMPLETE
130,130,-0.2879082870891786,2025-06-15 23:28:15.455747,2025-06-15 23:28:25.715103,0 days 00:00:10.259356,56.0,0.025,4m,0.8,0.9,2.0,808.0,944.0,0.025,10m,1.5,0.6,1.8000000000000003,856.0,952.0,0.05,9m,1.3,1.3,1.1,328.0,472.0,0.025,10m,1.5,1.4,1.8000000000000003,704.0,976.0,0.025,9m,0.8,1.3,1.6,728.0,104.0,0.05,3m,1.5,1.5,2.0,752.0,312,0.05,8m,1.1,0.5,1.5,88,1024.0,0.05,6m,0.7,0.7,1.9000000000000001,64.0,896.0,0.025,9m,0.7,0.6,1.6,488.0,672.0,0.025,2m,1.5,1.2000000000000002,1.4000000000000001,832.0,0.4,10,COMPLETE
131,131,3.565994579944563,2025-06-15 23:28:25.803701,2025-06-15 23:28:35.524466,0 days 00:00:09.720765,32.0,0.025,4m,0.8,1.0,2.0,848.0,800.0,0.025,10m,1.5,0.5,1.8000000000000003,960.0,992.0,0.05,9m,1.3,1.5,1.1,272.0,488.0,0.025,10m,1.5,1.3,1.8000000000000003,728.0,984.0,0.025,9m,0.8,1.3,1.7000000000000002,720.0,56.0,0.05,3m,1.4,1.5,1.9000000000000001,856.0,416,0.05,8m,1.1,0.5,1.5,16,952.0,0.05,6m,0.7,0.7,2.0,24.0,784.0,0.025,9m,0.6,0.7,1.6,536.0,656.0,0.025,2m,1.4,1.2000000000000002,1.3,760.0,0.4,10,COMPLETE
132,132,3.1845813897848,2025-06-15 23:28:35.608245,2025-06-15 23:28:45.693807,0 days 00:00:10.085562,40.0,0.025,4m,0.7,1.0,2.0,872.0,952.0,0.025,10m,1.5,0.5,1.9000000000000001,976.0,1000.0,0.05,9m,1.5,1.5,1.1,416.0,496.0,0.025,10m,1.5,1.3,1.8000000000000003,664.0,1024.0,0.025,9m,0.8,1.4,1.7000000000000002,816.0,48.0,0.05,3m,1.5,1.5,1.9000000000000001,848.0,400,0.05,8m,1.1,0.5,1.5,16,984.0,0.05,6m,0.7,0.7,2.0,32.0,720.0,0.025,9m,0.5,0.7,1.6,576.0,760.0,0.025,2m,1.4,1.3,1.3,760.0,0.4,10,COMPLETE
133,133,2.4362800496559722,2025-06-15 23:28:45.782400,2025-06-15 23:28:55.508197,0 days 00:00:09.725797,40.0,0.025,4m,0.7,1.0,2.0,776.0,960.0,0.025,10m,1.5,0.5,1.9000000000000001,968.0,1000.0,0.05,9m,1.5,1.5,1.1,432.0,496.0,0.025,10m,1.5,1.3,1.8000000000000003,680.0,1016.0,0.025,9m,0.8,1.4,1.7000000000000002,752.0,40.0,0.05,3m,1.5,1.5,1.9000000000000001,840.0,424,0.05,8m,1.1,0.5,1.5,32,984.0,0.05,6m,0.7,0.7,2.0,40.0,712.0,0.025,9m,0.5,0.7,1.6,584.0,608.0,0.025,2m,1.4,1.3,1.3,744.0,0.4,10,COMPLETE
134,134,5.387040148006125,2025-06-15 23:28:55.575358,2025-06-15 23:29:05.561145,0 days 00:00:09.985787,80.0,0.025,4m,0.8,0.9,2.0,864.0,816.0,0.025,10m,1.5,0.5,1.9000000000000001,896.0,1016.0,0.05,9m,1.3,1.5,1.1,256.0,528.0,0.025,10m,1.5,1.3,1.8000000000000003,728.0,984.0,0.025,9m,0.8,1.4,1.8000000000000003,824.0,72.0,0.05,3m,1.5,1.5,2.0,912.0,392,0.05,8m,1.1,0.6,1.5,16,960.0,0.05,6m,0.7,0.8,1.9000000000000001,16.0,864.0,0.025,2m,0.6,0.6,1.6,656.0,760.0,0.025,2m,1.4,1.3,1.3,792.0,0.4,10,COMPLETE
