,number,value,datetime_start,datetime_complete,duration,params_AEP_BIIB_beta_win,params_AEP_BIIB_stop_loss,params_AEP_BIIB_trade_freq,params_AEP_BIIB_z_entry,params_AEP_BIIB_z_exit,params_AEP_BIIB_z_stop_scaler,params_AEP_BIIB_z_win,params_AMGN_BIIB_beta_win,params_AMGN_BIIB_stop_loss,params_AMGN_BIIB_trade_freq,params_AMGN_BIIB_z_entry,params_AMGN_BIIB_z_exit,params_AMGN_BIIB_z_stop_scaler,params_AMGN_BIIB_z_win,params_CHTR_MTCH_beta_win,params_CHTR_MTCH_stop_loss,params_CHTR_MTCH_trade_freq,params_CHTR_MTCH_z_entry,params_CHTR_MTCH_z_exit,params_CHTR_MTCH_z_stop_scaler,params_CHTR_MTCH_z_win,params_COST_PANW_beta_win,params_COST_PANW_stop_loss,params_COST_PANW_trade_freq,params_COST_PANW_z_entry,params_COST_PANW_z_exit,params_COST_PANW_z_stop_scaler,params_COST_PANW_z_win,params_EBAY_MTCH_beta_win,params_EBAY_MTCH_stop_loss,params_EBAY_MTCH_trade_freq,params_EBAY_MTCH_z_entry,params_EBAY_MTCH_z_exit,params_EBAY_MTCH_z_stop_scaler,params_EBAY_MTCH_z_win,params_EBAY_SWKS_beta_win,params_EBAY_SWKS_stop_loss,params_EBAY_SWKS_trade_freq,params_EBAY_SWKS_z_entry,params_EBAY_SWKS_z_exit,params_EBAY_SWKS_z_stop_scaler,params_EBAY_SWKS_z_win,params_GOOG_GOOGL_beta_win,params_GOOG_GOOGL_stop_loss,params_GOOG_GOOGL_trade_freq,params_GOOG_GOOGL_z_entry,params_GOOG_GOOGL_z_exit,params_GOOG_GOOGL_z_stop_scaler,params_GOOG_GOOGL_z_win,params_IDXX_ISRG_beta_win,params_IDXX_ISRG_stop_loss,params_IDXX_ISRG_trade_freq,params_IDXX_ISRG_z_entry,params_IDXX_ISRG_z_exit,params_IDXX_ISRG_z_stop_scaler,params_IDXX_ISRG_z_win,params_LRCX_NXPI_beta_win,params_LRCX_NXPI_stop_loss,params_LRCX_NXPI_trade_freq,params_LRCX_NXPI_z_entry,params_LRCX_NXPI_z_exit,params_LRCX_NXPI_z_stop_scaler,params_LRCX_NXPI_z_win,params_OKTA_SWKS_beta_win,params_OKTA_SWKS_stop_loss,params_OKTA_SWKS_trade_freq,params_OKTA_SWKS_z_entry,params_OKTA_SWKS_z_exit,params_OKTA_SWKS_z_stop_scaler,params_OKTA_SWKS_z_win,params_buffer_capital,params_pairs_to_trade,state
134,134,2.873799380033334,2025-06-15 23:42:08.434076,2025-06-15 23:42:14.161998,0 days 00:00:05.727922,504.0,0.05,9m,1.4,0.8,1.7000000000000002,304.0,640.0,0.025,8m,1.1,1.1,1.5,592.0,632.0,0.05,3m,1.5,0.6,1.5,784.0,,,,,,,,,,,,,,,,,,,,,,344,0.025,2m,1.1,1.0,1.9000000000000001,832,,,,,,,,16.0,0.05,3m,0.6,1.0,1.2000000000000002,256.0,576.0,0.025,2m,0.7,1.0,2.0,248.0,0.3,6,COMPLETE
135,135,4.032394621017518,2025-06-15 23:42:14.226007,2025-06-15 23:42:18.504479,0 days 00:00:04.278472,560.0,0.05,4m,1.5,0.7,1.8000000000000003,328.0,240.0,0.025,4m,0.9,1.0,1.3,200.0,592.0,0.05,2m,1.4,0.5,1.7000000000000002,952.0,,,,,,,,,,,,,,,,,,,,,,416,0.025,2m,0.9,1.0,1.6,648,,,,,,,,,,,,,,,760.0,0.025,2m,0.6,0.8,1.8000000000000003,512.0,0.4,5,COMPLETE
136,136,4.271738159630555,2025-06-15 23:42:18.584996,2025-06-15 23:42:23.647524,0 days 00:00:05.062528,544.0,0.05,4m,1.5,0.6,1.8000000000000003,320.0,232.0,0.025,4m,0.9,1.0,1.3,200.0,592.0,0.05,2m,1.4,0.5,1.9000000000000001,960.0,,,,,,,,,,,,,,,,,,,,,,432,0.025,2m,0.9,1.0,1.6,656,,,,,,,,,,,,,,,744.0,0.025,2m,0.5,0.8,1.8000000000000003,560.0,0.4,5,COMPLETE
137,137,4.347286735630144,2025-06-15 23:42:23.693034,2025-06-15 23:42:28.329334,0 days 00:00:04.636300,488.0,0.05,4m,1.5,0.6,1.8000000000000003,328.0,248.0,0.025,4m,0.8,1.0,1.3,200.0,592.0,0.05,2m,1.4,0.5,2.0,960.0,,,,,,,,,,,,,,,,,,,,,,408,0.025,2m,0.9,1.0,1.6,632,,,,,,,,,,,,,,,752.0,0.025,2m,0.5,0.8,1.7000000000000002,520.0,0.4,5,COMPLETE
138,138,2.1950085825026364,2025-06-15 23:42:28.389844,2025-06-15 23:42:32.050978,0 days 00:00:03.661134,552.0,0.05,4m,1.5,0.6,1.8000000000000003,264.0,240.0,0.025,4m,0.8,1.0,1.3,208.0,592.0,0.05,2m,1.4,0.5,1.7000000000000002,952.0,,,,,,,,,,,,,,,,,,,,,,416,0.025,2m,0.9,1.0,1.6,640,,,,,,,,,,,,,,,,,,,,,,0.4,4,COMPLETE
139,139,3.672785253846493,2025-06-15 23:42:32.105487,2025-06-15 23:42:36.723728,0 days 00:00:04.618241,448.0,0.05,4m,1.4,0.6,2.0,352.0,192.0,0.025,4m,0.8,1.0,1.3,248.0,536.0,0.05,2m,1.4,0.5,1.7000000000000002,984.0,,,,,,,,,,,,,,,,,,,,,,440,0.05,2m,0.9,1.1,1.6,600,,,,,,,,,,,,,,,760.0,0.025,2m,0.5,0.8,1.7000000000000002,552.0,0.4,5,COMPLETE
140,140,4.189848821301895,2025-06-15 23:42:36.822242,2025-06-15 23:42:41.621890,0 days 00:00:04.799648,488.0,0.05,4m,1.5,0.5,1.9000000000000001,208.0,248.0,0.025,4m,0.8,1.0,1.3,240.0,568.0,0.05,2m,1.4,0.5,1.9000000000000001,1024.0,,,,,,,,,,,,,,,,,,,,,,400,0.025,2m,0.8,1.0,1.5,576,,,,,,,,,,,,,,,752.0,0.025,2m,0.5,0.7,1.8000000000000003,576.0,0.45,5,COMPLETE
141,141,3.4240233665527025,2025-06-15 23:42:41.719405,2025-06-15 23:42:46.459637,0 days 00:00:04.740232,512.0,0.05,4m,1.5,0.5,1.9000000000000001,160.0,152.0,0.025,4m,0.8,1.0,1.3,232.0,584.0,0.05,2m,1.4,0.5,1.9000000000000001,992.0,,,,,,,,,,,,,,,,,,,,,,376,0.025,2m,0.8,1.0,1.5,632,,,,,,,,,,,,,,,744.0,0.025,2m,0.5,0.7,1.8000000000000003,600.0,0.45,5,COMPLETE
142,142,3.445105452909102,2025-06-15 23:42:46.532411,2025-06-15 23:42:51.446227,0 days 00:00:04.913816,496.0,0.05,4m,1.5,0.5,1.9000000000000001,192.0,248.0,0.025,4m,0.8,1.0,1.3,272.0,568.0,0.05,2m,1.4,0.5,1.9000000000000001,1024.0,,,,,,,,,,,,,,,,,,,,,,408,0.025,2m,0.9,1.0,1.6,544,,,,,,,,,,,,,,,824.0,0.025,2m,0.5,0.7,1.8000000000000003,512.0,0.45,5,COMPLETE
143,143,2.4688303994935494,2025-06-15 23:42:51.522129,2025-06-15 23:42:55.505597,0 days 00:00:03.983468,584.0,0.05,4m,1.5,0.5,1.8000000000000003,88.0,256.0,0.025,4m,0.7,1.0,1.3,184.0,512.0,0.05,2m,1.4,0.5,2.0,944.0,,,,,,,,,,,,,,,,,,,,,,408,0.025,2m,0.9,1.0,1.5,552,,,,,,,,,,,,,,,,,,,,,,0.45,4,COMPLETE
144,144,-2.1725770280567294,2025-06-15 23:42:55.579110,2025-06-15 23:43:00.098933,0 days 00:00:04.519823,480.0,0.05,4m,1.5,0.6,1.9000000000000001,296.0,168.0,0.025,4m,0.8,1.0,1.2000000000000002,192.0,600.0,0.05,2m,1.4,0.5,1.9000000000000001,968.0,,,,,,,,,,,,,,,,,,,,,,448,0.025,2m,0.8,1.1,1.6,672,,,,,,,,,,,,,,,720.0,0.025,7m,0.5,0.8,1.7000000000000002,576.0,0.4,5,COMPLETE
145,145,4.369225628517521,2025-06-15 23:43:00.162933,2025-06-15 23:43:04.635525,0 days 00:00:04.472592,600.0,0.05,4m,1.4,0.6,1.8000000000000003,224.0,232.0,0.025,4m,0.8,0.9,1.3,344.0,616.0,0.05,2m,1.4,0.5,2.0,1000.0,,,,,,,,,,,,,,,,,,,,,,360,0.025,2m,0.9,1.0,1.4000000000000001,576,,,,,,,,,,,,,,,760.0,0.025,2m,0.5,0.9,1.8000000000000003,648.0,0.4,5,COMPLETE
146,146,3.4606836485537635,2025-06-15 23:43:04.714043,2025-06-15 23:43:09.279637,0 days 00:00:04.565594,552.0,0.05,4m,1.4,0.6,1.9000000000000001,208.0,224.0,0.025,4m,0.7,0.9,1.3,216.0,528.0,0.05,2m,1.4,0.5,2.0,1000.0,,,,,,,,,,,,,,,,,,,,,,336,0.025,2m,1.0,0.9,1.5,608,,,,,,,,,,,,,,,752.0,0.025,6m,0.5,0.7,1.8000000000000003,632.0,0.4,5,COMPLETE
147,147,4.133932855315185,2025-06-15 23:43:09.336145,2025-06-15 23:43:14.076768,0 days 00:00:04.740623,424.0,0.05,4m,1.4,0.5,1.7000000000000002,232.0,296.0,0.025,4m,0.9,0.9,1.3,160.0,560.0,0.05,1m,1.4,0.5,2.0,1024.0,,,,,,,,,,,,,,,,,,,,,,368,0.025,9m,0.8,1.3,1.4000000000000001,656,,,,,,,,,,,,,,,712.0,0.025,2m,0.5,0.9,1.8000000000000003,680.0,0.45,5,COMPLETE
148,148,0.12395611170483316,2025-06-15 23:43:14.114280,2025-06-15 23:43:18.016089,0 days 00:00:03.901809,448.0,0.05,4m,1.3,0.5,1.7000000000000002,184.0,288.0,0.025,4m,0.8,0.9,1.2000000000000002,384.0,544.0,0.05,1m,1.4,0.5,2.0,968.0,,,,,,,,,,,,,,,,,,,,,,368,0.025,9m,0.8,1.3,1.4000000000000001,576,,,,,,,,,,,,,,,,,,,,,,0.45,4,COMPLETE
149,149,-1.1063474150682762,2025-06-15 23:43:18.082093,2025-06-15 23:43:22.522472,0 days 00:00:04.440379,368.0,0.05,4m,1.4,0.5,1.6,168.0,200.0,0.025,4m,0.9,0.9,1.2000000000000002,152.0,576.0,0.05,1m,1.4,0.5,1.7000000000000002,1024.0,,,,,,,,,,,,,,,,,,,,,,392,0.025,10m,0.8,1.3,1.4000000000000001,656,,,,,,,,,,,,,,,688.0,0.025,9m,0.5,0.8,1.8000000000000003,680.0,0.45,5,COMPLETE
