,number,value,datetime_start,datetime_complete,duration,params_AAPL_BIDU_beta_win,params_AAPL_BIDU_stop_loss,params_AAPL_BIDU_trade_freq,params_AAPL_BIDU_z_entry,params_AAPL_BIDU_z_exit,params_AAPL_BIDU_z_stop_scaler,params_AAPL_BIDU_z_win,params_ALGN_KDP_beta_win,params_ALGN_KDP_stop_loss,params_ALGN_KDP_trade_freq,params_ALGN_KDP_z_entry,params_ALGN_KDP_z_exit,params_ALGN_KDP_z_stop_scaler,params_ALGN_KDP_z_win,params_AMD_ATVI_beta_win,params_AMD_ATVI_stop_loss,params_AMD_ATVI_trade_freq,params_AMD_ATVI_z_entry,params_AMD_ATVI_z_exit,params_AMD_ATVI_z_stop_scaler,params_AMD_ATVI_z_win,params_CMCSA_MAR_beta_win,params_CMCSA_MAR_stop_loss,params_CMCSA_MAR_trade_freq,params_CMCSA_MAR_z_entry,params_CMCSA_MAR_z_exit,params_CMCSA_MAR_z_stop_scaler,params_CMCSA_MAR_z_win,params_EBAY_TXN_beta_win,params_EBAY_TXN_stop_loss,params_EBAY_TXN_trade_freq,params_EBAY_TXN_z_entry,params_EBAY_TXN_z_exit,params_EBAY_TXN_z_stop_scaler,params_EBAY_TXN_z_win,params_FISV_INTC_beta_win,params_FISV_INTC_stop_loss,params_FISV_INTC_trade_freq,params_FISV_INTC_z_entry,params_FISV_INTC_z_exit,params_FISV_INTC_z_stop_scaler,params_FISV_INTC_z_win,params_KDP_TXN_beta_win,params_KDP_TXN_stop_loss,params_KDP_TXN_trade_freq,params_KDP_TXN_z_entry,params_KDP_TXN_z_exit,params_KDP_TXN_z_stop_scaler,params_KDP_TXN_z_win,params_NFLX_TXN_beta_win,params_NFLX_TXN_stop_loss,params_NFLX_TXN_trade_freq,params_NFLX_TXN_z_entry,params_NFLX_TXN_z_exit,params_NFLX_TXN_z_stop_scaler,params_NFLX_TXN_z_win,params_SBUX_KDP_beta_win,params_SBUX_KDP_stop_loss,params_SBUX_KDP_trade_freq,params_SBUX_KDP_z_entry,params_SBUX_KDP_z_exit,params_SBUX_KDP_z_stop_scaler,params_SBUX_KDP_z_win,params_ZS_ADI_beta_win,params_ZS_ADI_stop_loss,params_ZS_ADI_trade_freq,params_ZS_ADI_z_entry,params_ZS_ADI_z_exit,params_ZS_ADI_z_stop_scaler,params_ZS_ADI_z_win,params_buffer_capital,params_pairs_to_trade,state
0,0,0.29256423078919563,2025-06-15 23:13:02.795566,2025-06-15 23:13:06.387207,0 days 00:00:03.591641,,,,,,,,,,,,,,,,,,,,,,296.0,0.025,10m,1.5,0.9,1.6,248.0,,,,,,,,,,,,,,,344,0.05,5m,1.3,0.9,1.1,504,320.0,0.05,6m,1.4,0.6,1.1,320.0,,,,,,,,,,,,,,,0.2,3,COMPLETE
1,1,1.267640081270637,2025-06-15 23:13:06.460716,2025-06-15 23:13:15.104429,0 days 00:00:08.643713,808.0,0.05,7m,1.5,0.7,1.7000000000000002,1008.0,176.0,0.05,9m,0.9,0.8,1.7000000000000002,464.0,40.0,0.05,1m,0.6,0.6,1.1,416.0,112.0,0.05,3m,1.2000000000000002,1.2000000000000002,1.4000000000000001,288.0,216.0,0.025,8m,0.8,1.0,2.0,712.0,488.0,0.05,7m,1.4,1.4,1.6,512.0,984,0.025,6m,1.0,1.2000000000000002,1.6,592,576.0,0.025,10m,0.7,1.3,1.1,384.0,,,,,,,,152.0,0.025,9m,0.7,1.2000000000000002,1.6,1016.0,0.3,9,COMPLETE
2,2,-0.7098629651166588,2025-06-15 23:13:15.197769,2025-06-15 23:13:24.126029,0 days 00:00:08.928260,432.0,0.05,3m,1.0,1.5,1.4000000000000001,280.0,488.0,0.05,7m,0.6,1.4,1.3,352.0,888.0,0.05,5m,1.4,0.9,1.2000000000000002,456.0,368.0,0.05,8m,0.7,1.0,1.9000000000000001,376.0,384.0,0.05,9m,1.3,1.0,1.5,384.0,920.0,0.025,9m,0.7,0.7,2.0,608.0,584,0.025,8m,1.3,0.6,1.6,376,496.0,0.05,7m,1.5,1.1,1.6,672.0,,,,,,,,96.0,0.05,9m,0.7,1.0,1.1,560.0,0.15000000000000002,9,COMPLETE
3,3,-2.010562320372208,2025-06-15 23:13:24.204465,2025-06-15 23:13:28.221560,0 days 00:00:04.017095,,,,,,,,,,,,,,,600.0,0.05,10m,0.9,1.3,1.5,224.0,144.0,0.05,4m,0.5,0.7,1.5,632.0,,,,,,,,,,,,,,,264,0.05,10m,1.5,0.5,1.6,720,848.0,0.025,6m,0.9,1.3,1.1,672.0,,,,,,,,,,,,,,,0.05,4,COMPLETE
4,4,-1.2954475118999957,2025-06-15 23:13:28.323338,2025-06-15 23:13:36.034965,0 days 00:00:07.711627,344.0,0.05,4m,0.6,1.0,1.9000000000000001,600.0,,,,,,,,656.0,0.05,6m,0.6,1.2000000000000002,1.9000000000000001,208.0,864.0,0.05,2m,1.4,0.9,2.0,168.0,88.0,0.025,8m,1.5,0.7,1.3,848.0,392.0,0.025,5m,1.4,0.8,1.1,144.0,216,0.025,10m,1.2000000000000002,0.7,1.7000000000000002,480,112.0,0.025,3m,0.6,0.6,1.9000000000000001,248.0,,,,,,,,816.0,0.05,7m,1.5,1.3,2.0,1008.0,0.4,8,COMPLETE
5,5,-20.358146433868935,2025-06-15 23:13:36.146610,2025-06-15 23:13:41.871876,0 days 00:00:05.725266,288.0,0.025,4m,0.9,0.7,1.4000000000000001,912.0,,,,,,,,1000.0,0.025,9m,1.4,0.5,1.4000000000000001,320.0,800.0,0.025,10m,0.8,0.7,1.2000000000000002,552.0,936.0,0.025,1m,0.6,1.2000000000000002,1.6,976.0,,,,,,,,792,0.025,5m,1.5,1.0,1.6,528,224.0,0.025,8m,0.7,1.1,1.2000000000000002,984.0,,,,,,,,,,,,,,,0.35000000000000003,6,COMPLETE
6,6,-0.7880223191195792,2025-06-15 23:13:41.988886,2025-06-15 23:13:45.840733,0 days 00:00:03.851847,,,,,,,,,,,,,,,224.0,0.025,2m,1.0,0.5,1.2000000000000002,832.0,672.0,0.05,4m,1.4,0.6,1.2000000000000002,776.0,,,,,,,,,,,,,,,608,0.05,2m,1.4,1.5,1.3,472,720.0,0.025,4m,0.7,1.5,1.2000000000000002,784.0,,,,,,,,,,,,,,,0.4,4,COMPLETE
7,7,1.589029638843122,2025-06-15 23:13:45.918674,2025-06-15 23:13:49.690739,0 days 00:00:03.772065,,,,,,,,,,,,,,,624.0,0.025,8m,1.1,1.3,1.2000000000000002,528.0,264.0,0.025,5m,1.3,0.6,1.5,240.0,,,,,,,,,,,,,,,392,0.05,7m,0.6,1.2000000000000002,1.1,104,992.0,0.025,2m,1.2000000000000002,1.3,1.1,720.0,,,,,,,,,,,,,,,0.3,4,COMPLETE
8,8,2.488011775036945,2025-06-15 23:13:49.771272,2025-06-15 23:13:51.668329,0 days 00:00:01.897057,,,,,,,,,,,,,,,,,,,,,,944.0,0.05,3m,1.4,1.3,1.4000000000000001,960.0,,,,,,,,,,,,,,,704,0.05,7m,0.5,0.8,1.9000000000000001,256,,,,,,,,,,,,,,,,,,,,,,0.3,2,COMPLETE
9,9,-7.082837760878194,2025-06-15 23:13:51.739314,2025-06-15 23:13:58.813498,0 days 00:00:07.074184,264.0,0.025,6m,0.8,0.9,1.1,536.0,,,,,,,,312.0,0.025,8m,1.0,0.7,1.7000000000000002,792.0,952.0,0.05,1m,0.7,0.6,1.8000000000000003,496.0,584.0,0.025,1m,1.3,0.8,1.1,744.0,,,,,,,,560,0.025,4m,0.5,0.6,1.3,528,344.0,0.025,10m,0.7,1.0,1.5,40.0,,,,,,,,976.0,0.05,10m,0.7,0.9,1.8000000000000003,280.0,0.1,7,COMPLETE
10,10,-100.0,2025-06-15 23:13:58.892365,2025-06-15 23:14:00.082967,0 days 00:00:01.190602,,,,,,,,,,,,,,,,,,,,,,,,,,,,,,,,,,,,,,,,,,,32,0.05,7m,0.8,0.9,2.0,952,,,,,,,,,,,,,,,,,,,,,,0.5,1,COMPLETE
11,11,1.469384051401802,2025-06-15 23:14:00.149974,2025-06-15 23:14:01.190364,0 days 00:00:01.040390,,,,,,,,,,,,,,,,,,,,,,,,,,,,,,,,,,,,,,,,,,,808,0.05,7m,0.5,1.3,2.0,72,,,,,,,,,,,,,,,,,,,,,,0.25,1,COMPLETE
12,12,1.359243623288615,2025-06-15 23:14:01.257145,2025-06-15 23:14:04.468138,0 days 00:00:03.210993,,,,,,,,,,,,,,,,,,,,,,552.0,0.025,5m,1.1,1.5,1.4000000000000001,1000.0,,,,,,,,,,,,,,,400,0.05,7m,0.7,1.2000000000000002,1.8000000000000003,112,1000.0,0.05,2m,1.2000000000000002,0.8,1.5,1000.0,,,,,,,,,,,,,,,0.25,3,COMPLETE
13,13,2.7852197555591554,2025-06-15 23:14:04.562120,2025-06-15 23:14:06.820815,0 days 00:00:02.258695,,,,,,,,,,,,,,,,,,,,,,400.0,0.025,9m,1.2000000000000002,1.3,1.7000000000000002,32.0,,,,,,,,,,,,,,,752,0.05,9m,0.7,0.8,1.3,248,,,,,,,,,,,,,,,,,,,,,,0.5,2,COMPLETE
14,14,0.7127605147682362,2025-06-15 23:14:06.899332,2025-06-15 23:14:09.033997,0 days 00:00:02.134665,,,,,,,,,,,,,,,,,,,,,,496.0,0.025,9m,1.0,1.3,1.7000000000000002,1008.0,,,,,,,,,,,,,,,768,0.05,9m,0.8,0.8,1.4000000000000001,312,,,,,,,,,,,,,,,,,,,,,,0.5,2,COMPLETE
15,15,-2.203395535067631,2025-06-15 23:14:09.099151,2025-06-15 23:14:14.454433,0 days 00:00:05.355282,1016.0,0.025,1m,1.5,1.5,1.1,16.0,,,,,,,,392.0,0.025,7m,0.5,1.5,2.0,24.0,672.0,0.025,3m,1.0,1.3,1.1,32.0,,,,,,,,,,,,,,,1008,0.05,9m,1.0,0.8,1.8000000000000003,272,72.0,0.05,5m,1.0,0.5,2.0,40.0,,,,,,,,,,,,,,,0.45,5,COMPLETE
16,16,-56.201153340737434,2025-06-15 23:14:14.540895,2025-06-15 23:14:16.700719,0 days 00:00:02.159824,,,,,,,,,,,,,,,,,,,,,,456.0,0.025,6m,1.2000000000000002,1.5,1.8000000000000003,816.0,,,,,,,,,,,,,,,720,0.05,1m,0.7,1.0,1.4000000000000001,216,,,,,,,,,,,,,,,,,,,,,,0.4,2,COMPLETE
17,17,1.0412744966694194,2025-06-15 23:14:16.780244,2025-06-15 23:14:19.092069,0 days 00:00:02.311825,,,,,,,,,,,,,,,,,,,,,,984.0,0.05,9m,1.5,1.2000000000000002,1.3,56.0,,,,,,,,,,,,,,,880,0.05,3m,0.9,0.7,1.9000000000000001,224,,,,,,,,,,,,,,,,,,,,,,0.2,2,COMPLETE
18,18,0.4991638157469541,2025-06-15 23:14:19.220149,2025-06-15 23:14:24.824915,0 days 00:00:05.604766,32.0,0.025,9m,1.2000000000000002,0.5,2.0,16.0,,,,,,,,816.0,0.05,3m,1.5,0.9,1.7000000000000002,1016.0,672.0,0.025,7m,1.3,1.4,1.6,856.0,952.0,0.05,5m,0.5,1.5,2.0,16.0,,,,,,,,680,0.05,9m,0.6,0.5,1.4000000000000001,368,576.0,0.05,9m,0.5,0.8,1.7000000000000002,512.0,,,,,,,,,,,,,,,0.35000000000000003,6,COMPLETE
19,19,0.550170819032666,2025-06-15 23:14:24.909744,2025-06-15 23:14:26.040909,0 days 00:00:01.131165,,,,,,,,,,,,,,,,,,,,,,,,,,,,,,,,,,,,,,,,,,,504,0.05,8m,0.5,0.8,1.2000000000000002,24,,,,,,,,,,,,,,,,,,,,,,0.45,1,COMPLETE
20,20,-17.19853015692754,2025-06-15 23:14:26.117331,2025-06-15 23:14:29.057880,0 days 00:00:02.940549,,,,,,,,,,,,,,,,,,,,,,800.0,0.05,3m,1.1,1.1,1.4000000000000001,648.0,,,,,,,,,,,,,,,920,0.025,1m,0.7,1.1,1.8000000000000003,696,776.0,0.05,1m,1.2000000000000002,1.5,1.8000000000000003,216.0,,,,,,,,,,,,,,,0.35000000000000003,3,COMPLETE
21,21,-1.1607654148532383,2025-06-15 23:14:29.126966,2025-06-15 23:14:32.942034,0 days 00:00:03.815068,,,,,,,,,,,,,,,728.0,0.025,8m,1.2000000000000002,1.2000000000000002,1.3,584.0,272.0,0.025,5m,1.3,0.5,1.5,160.0,,,,,,,,,,,,,,,424,0.05,7m,0.6,1.4,1.1,144,1024.0,0.025,2m,1.2000000000000002,1.3,1.4000000000000001,832.0,,,,,,,,,,,,,,,0.3,4,COMPLETE
22,22,-0.6109019735890746,2025-06-15 23:14:33.020719,2025-06-15 23:14:38.078712,0 days 00:00:05.057993,712.0,0.05,8m,0.5,1.2000000000000002,1.7000000000000002,768.0,,,,,,,,464.0,0.025,4m,0.8,1.5,1.6,624.0,232.0,0.025,5m,1.3,1.1,1.7000000000000002,408.0,,,,,,,,,,,,,,,696,0.05,7m,0.6,1.0,1.2000000000000002,168,856.0,0.025,2m,1.3,0.9,1.3,480.0,,,,,,,,,,,,,,,0.2,5,COMPLETE
23,23,-3.021656598313266,2025-06-15 23:14:38.165372,2025-06-15 23:14:41.104574,0 days 00:00:02.939202,,,,,,,,,,,,,,,,,,,,,,368.0,0.025,9m,1.2000000000000002,1.3,1.7000000000000002,152.0,,,,,,,,,,,,,,,472,0.05,4m,0.8,1.1,1.2000000000000002,360,656.0,0.025,7m,0.9,1.2000000000000002,1.3,664.0,,,,,,,,,,,,,,,0.3,3,COMPLETE
24,24,1.659510803908445,2025-06-15 23:14:41.195242,2025-06-15 23:14:43.419241,0 days 00:00:02.223999,,,,,,,,,,,,,,,,,,,,,,32.0,0.025,7m,1.4,0.9,1.5,16.0,,,,,,,,,,,,,,,624,0.05,6m,0.6,0.9,1.1,16,,,,,,,,,,,,,,,,,,,,,,0.45,2,COMPLETE
25,25,3.1840775623737287,2025-06-15 23:14:43.495252,2025-06-15 23:14:45.521971,0 days 00:00:02.026719,,,,,,,,,,,,,,,,,,,,,,24.0,0.025,7m,1.4,0.9,1.3,48.0,,,,,,,,,,,,,,,632,0.05,6m,1.1,0.9,1.5,24,,,,,,,,,,,,,,,,,,,,,,0.45,2,COMPLETE
26,26,0.4181426637669679,2025-06-15 23:14:45.599625,2025-06-15 23:14:46.788292,0 days 00:00:01.188667,,,,,,,,,,,,,,,,,,,,,,,,,,,,,,,,,,,,,,,,,,,856,0.05,6m,1.1,0.7,1.5,248,,,,,,,,,,,,,,,,,,,,,,0.5,1,COMPLETE
27,27,0.45936926983921444,2025-06-15 23:14:46.873738,2025-06-15 23:14:48.914031,0 days 00:00:02.040293,,,,,,,,,,,,,,,,,,,,,,24.0,0.025,7m,1.5,1.0,1.3,88.0,,,,,,,,,,,,,,,656,0.05,3m,1.1,0.8,1.5,168,,,,,,,,,,,,,,,,,,,,,,0.45,2,COMPLETE
28,28,-8.499046953717,2025-06-15 23:14:48.992221,2025-06-15 23:14:52.010701,0 days 00:00:03.018480,,,,,,,,,,,,,,,,,,,,,,584.0,0.05,1m,1.1,1.4,1.3,352.0,,,,,,,,,,,,,,,744,0.05,2m,0.9,0.9,1.7000000000000002,1008,424.0,0.05,1m,1.5,0.7,2.0,136.0,,,,,,,,,,,,,,,0.5,3,COMPLETE
29,29,-2.609337056389554,2025-06-15 23:14:52.094206,2025-06-15 23:15:01.170615,0 days 00:00:09.076409,24.0,0.025,2m,1.2000000000000002,1.2000000000000002,1.4000000000000001,368.0,984.0,0.025,2m,1.4,0.5,2.0,1008.0,16.0,0.05,4m,0.8,0.8,1.8000000000000003,48.0,408.0,0.025,6m,0.9,0.8,1.1,928.0,664.0,0.05,6m,1.0,0.5,1.7000000000000002,392.0,80.0,0.05,8m,0.5,1.5,1.2000000000000002,936.0,544,0.05,5m,1.2000000000000002,0.9,1.3,296,192.0,0.05,4m,1.0,0.5,1.7000000000000002,864.0,632.0,0.025,2m,0.5,0.7,1.8000000000000003,960.0,520.0,0.025,2m,1.4,0.5,1.1,24.0,0.4,10,COMPLETE
30,30,0.028554398433547595,2025-06-15 23:15:01.269392,2025-06-15 23:15:04.022777,0 days 00:00:02.753385,,,,,,,,,,,,,,,,,,,,,,160.0,0.05,8m,1.4,1.1,1.2000000000000002,720.0,,,,,,,,,,,,,,,848,0.05,9m,0.9,0.6,1.5,440,368.0,0.05,8m,0.5,0.9,1.8000000000000003,416.0,,,,,,,,,,,,,,,0.15000000000000002,3,COMPLETE
31,31,1.6980554768227696,2025-06-15 23:15:04.096164,2025-06-15 23:15:05.987065,0 days 00:00:01.890901,,,,,,,,,,,,,,,,,,,,,,32.0,0.025,7m,1.4,0.9,1.4000000000000001,24.0,,,,,,,,,,,,,,,632,0.05,6m,0.5,0.9,1.1,32,,,,,,,,,,,,,,,,,,,,,,0.45,2,COMPLETE
32,32,1.2641359194873767,2025-06-15 23:15:06.066607,2025-06-15 23:15:08.192803,0 days 00:00:02.126196,,,,,,,,,,,,,,,,,,,,,,88.0,0.025,7m,1.5,0.8,1.4000000000000001,120.0,,,,,,,,,,,,,,,928,0.05,6m,0.5,1.1,1.2000000000000002,64,,,,,,,,,,,,,,,,,,,,,,0.45,2,COMPLETE
33,33,0.7943107274571836,2025-06-15 23:15:08.271836,2025-06-15 23:15:09.341793,0 days 00:00:01.069957,,,,,,,,,,,,,,,,,,,,,,,,,,,,,,,,,,,,,,,,,,,640,0.05,6m,1.1,0.8,1.3,176,,,,,,,,,,,,,,,,,,,,,,0.5,1,COMPLETE
34,34,-1.0211557821724127,2025-06-15 23:15:09.412169,2025-06-15 23:15:12.338896,0 days 00:00:02.926727,,,,,,,,,,,,,,,,,,,,,,184.0,0.025,7m,1.4,1.0,1.3,200.0,,,,,,,,,,,,,,,736,0.05,6m,0.5,0.9,1.7000000000000002,632,32.0,0.05,9m,1.1,1.4,1.6,576.0,,,,,,,,,,,,,,,0.4,3,COMPLETE
35,35,0.6937211333397146,2025-06-15 23:15:12.431210,2025-06-15 23:15:14.441496,0 days 00:00:02.010286,,,,,,,,,,,,,,,,,,,,,,64.0,0.025,2m,1.5,0.8,1.6,280.0,,,,,,,,,,,,,,,296,0.025,6m,0.7,0.7,1.4000000000000001,72,,,,,,,,,,,,,,,,,,,,,,0.35000000000000003,2,COMPLETE
36,36,-0.7199531405764273,2025-06-15 23:15:14.503094,2025-06-15 23:15:18.598422,0 days 00:00:04.095328,,,,,,,,,,,,,,,176.0,0.05,9m,1.2000000000000002,1.1,2.0,976.0,336.0,0.025,10m,1.2000000000000002,1.2000000000000002,1.4000000000000001,96.0,,,,,,,,,,,,,,,584,0.05,10m,1.3,1.0,1.9000000000000001,16,224.0,0.025,3m,0.9,1.0,1.9000000000000001,928.0,,,,,,,,,,,,,,,0.45,4,COMPLETE
37,37,0.016756968754083286,2025-06-15 23:15:18.688070,2025-06-15 23:15:19.895892,0 days 00:00:01.207822,,,,,,,,,,,,,,,,,,,,,,,,,,,,,,,,,,,,,,,,,,,680,0.025,6m,1.2000000000000002,0.7,1.6,416,,,,,,,,,,,,,,,,,,,,,,0.05,1,COMPLETE
38,38,1.70799541264555,2025-06-15 23:15:19.980255,2025-06-15 23:15:25.468130,0 days 00:00:05.487875,616.0,0.05,10m,1.2000000000000002,1.3,1.7000000000000002,256.0,,,,,,,,944.0,0.025,7m,0.8,1.0,1.4000000000000001,712.0,208.0,0.025,3m,1.3,0.9,1.6,224.0,,,,,,,,,,,,,,,488,0.05,9m,1.4,0.9,1.5,120,872.0,0.05,5m,1.4,0.7,1.4000000000000001,128.0,,,,,,,,,,,,,,,0.4,5,COMPLETE
39,39,1.3765167530245728,2025-06-15 23:15:25.619739,2025-06-15 23:15:47.427371,0 days 00:00:21.807632,632.0,0.05,10m,1.2000000000000002,1.3,1.7000000000000002,232.0,,,,,,,,1024.0,0.025,7m,0.7,1.0,1.4000000000000001,736.0,216.0,0.025,3m,1.3,1.4,1.6,328.0,744.0,0.05,7m,1.0,1.5,1.1,80.0,1008.0,0.025,10m,1.0,0.5,2.0,40.0,496,0.05,9m,1.4,0.6,1.6,128,888.0,0.05,5m,1.4,0.7,1.4000000000000001,160.0,,,,,,,,472.0,0.025,5m,1.1,1.5,1.4000000000000001,552.0,0.35000000000000003,8,COMPLETE
40,40,0.009022590299810994,2025-06-15 23:15:47.610163,2025-06-15 23:15:55.081137,0 days 00:00:07.470974,920.0,0.05,10m,1.3,1.3,1.9000000000000001,400.0,,,,,,,,856.0,0.025,7m,0.5,0.7,1.5,680.0,312.0,0.05,3m,1.2000000000000002,1.2000000000000002,1.8000000000000003,440.0,,,,,,,,,,,,,,,336,0.025,9m,1.4,1.0,1.5,336,704.0,0.05,5m,1.4,0.8,1.3,312.0,,,,,,,,,,,,,,,0.4,5,COMPLETE
41,41,0.22395230222923115,2025-06-15 23:15:55.157405,2025-06-15 23:16:01.882669,0 days 00:00:06.725264,576.0,0.05,5m,0.7,0.9,1.6,184.0,,,,,,,,496.0,0.025,2m,0.8,1.0,1.6,888.0,104.0,0.025,3m,1.4,0.9,1.7000000000000002,232.0,400.0,0.025,4m,0.8,1.3,1.8000000000000003,256.0,,,,,,,,456,0.05,8m,1.5,0.9,1.3,200,936.0,0.05,5m,1.3,0.6,1.4000000000000001,112.0,,,,,,,,336.0,0.025,6m,1.1,0.5,1.4000000000000001,768.0,0.45,7,COMPLETE
42,42,-1.2063443228018798,2025-06-15 23:16:01.957187,2025-06-15 23:16:04.111292,0 days 00:00:02.154105,,,,,,,,,,,,,,,,,,,,,,136.0,0.025,9m,1.3,1.0,1.5,80.0,,,,,,,,,,,,,,,584,0.05,9m,1.2000000000000002,0.8,1.7000000000000002,72,,,,,,,,,,,,,,,,,,,,,,0.5,2,COMPLETE
43,43,1.640968770693076,2025-06-15 23:16:04.188492,2025-06-15 23:16:08.181297,0 days 00:00:03.992805,,,,,,,,,,,,,,,944.0,0.025,6m,1.2000000000000002,1.4,1.4000000000000001,384.0,32.0,0.025,7m,1.4,0.9,1.4000000000000001,48.0,,,,,,,,,,,,,,,800,0.05,5m,0.5,0.9,1.4000000000000001,120,632.0,0.05,5m,1.1,0.7,1.7000000000000002,552.0,,,,,,,,,,,,,,,0.4,4,COMPLETE
44,44,-1.631543426170109,2025-06-15 23:16:08.247958,2025-06-15 23:16:11.480022,0 days 00:00:03.232064,,,,,,,,,,,,,,,,,,,,,,192.0,0.025,3m,1.5,0.8,1.3,16.0,,,,,,,,,,,,,,,544,0.05,2m,1.3,0.8,1.5,248,480.0,0.05,9m,1.5,0.9,1.5,424.0,,,,,,,,,,,,,,,0.25,3,COMPLETE
45,45,-3.952470724252373,2025-06-15 23:16:11.553443,2025-06-15 23:16:30.256888,0 days 00:00:18.703445,808.0,0.05,10m,1.0,1.1,1.3,688.0,,,,,,,,776.0,0.025,1m,1.1,1.1,1.1,696.0,112.0,0.025,8m,0.5,0.7,1.6,128.0,16.0,0.05,2m,1.5,0.5,1.4000000000000001,576.0,,,,,,,,200,0.05,4m,0.8,1.1,1.2000000000000002,832,800.0,0.05,6m,1.3,0.5,1.2000000000000002,296.0,,,,,,,,792.0,0.05,3m,0.5,0.8,2.0,32.0,0.5,7,COMPLETE
46,46,1.758467099940515,2025-06-15 23:16:30.402097,2025-06-15 23:16:40.353487,0 days 00:00:09.951390,,,,,,,,,,,,,,,712.0,0.05,5m,0.9,0.8,1.3,872.0,432.0,0.05,4m,1.4,1.1,2.0,192.0,,,,,,,,,,,,,,,624,0.05,9m,0.6,1.0,1.6,104,752.0,0.05,3m,0.8,1.1,1.6,208.0,,,,,,,,,,,,,,,0.4,4,COMPLETE
47,47,2.6051645165325996,2025-06-15 23:16:40.526931,2025-06-15 23:16:47.920215,0 days 00:00:07.393284,472.0,0.05,9m,1.4,1.4,1.8000000000000003,424.0,,,,,,,,672.0,0.05,5m,0.9,0.8,1.3,904.0,448.0,0.05,2m,1.3,1.1,2.0,224.0,832.0,0.025,10m,1.2000000000000002,0.8,1.3,984.0,,,,,,,,784,0.05,9m,0.7,1.0,1.6,112,776.0,0.05,3m,0.8,1.1,1.6,192.0,,,,,,,,,,,,,,,0.3,6,COMPLETE
48,48,1.8739587176042765,2025-06-15 23:16:47.969683,2025-06-15 23:16:53.585958,0 days 00:00:05.616275,472.0,0.025,9m,1.4,1.5,1.9000000000000001,416.0,,,,,,,,712.0,0.05,5m,0.9,0.8,1.3,912.0,448.0,0.05,4m,1.2000000000000002,1.1,2.0,296.0,824.0,0.025,10m,1.2000000000000002,0.8,1.3,1000.0,,,,,,,,784,0.05,9m,0.7,1.2000000000000002,1.9000000000000001,560,760.0,0.05,3m,0.8,1.1,1.6,360.0,,,,,,,,,,,,,,,0.3,6,COMPLETE
49,49,1.3205662865505674,2025-06-15 23:16:53.629889,2025-06-15 23:16:58.939064,0 days 00:00:05.309175,448.0,0.025,9m,1.4,1.5,1.9000000000000001,440.0,,,,,,,,600.0,0.05,5m,0.9,0.7,1.3,920.0,504.0,0.05,4m,1.1,1.2000000000000002,1.9000000000000001,560.0,800.0,0.025,10m,1.2000000000000002,0.8,1.3,1008.0,,,,,,,,776,0.05,10m,1.0,1.2000000000000002,1.9000000000000001,560,552.0,0.05,3m,0.8,1.2000000000000002,1.8000000000000003,320.0,,,,,,,,,,,,,,,0.25,6,COMPLETE
50,50,-1.8842818934532162,2025-06-15 23:16:59.013513,2025-06-15 23:17:04.848719,0 days 00:00:05.835206,216.0,0.025,9m,1.4,1.4,2.0,648.0,,,,,,,,432.0,0.05,5m,0.7,0.8,1.1,944.0,600.0,0.05,2m,1.2000000000000002,1.3,1.9000000000000001,328.0,1024.0,0.025,10m,1.2000000000000002,0.7,1.3,848.0,,,,,,,,968,0.05,9m,0.7,1.1,2.0,672,648.0,0.05,3m,0.6,1.2000000000000002,1.7000000000000002,368.0,,,,,,,,,,,,,,,0.3,6,COMPLETE
51,51,3.8754273127944976,2025-06-15 23:17:04.919372,2025-06-15 23:17:12.246869,0 days 00:00:07.327497,432.0,0.025,9m,1.1,1.4,1.8000000000000003,496.0,,,,,,,,696.0,0.05,5m,0.9,0.8,1.3,840.0,432.0,0.05,4m,1.3,1.1,2.0,288.0,808.0,0.025,10m,1.1,0.9,1.2000000000000002,904.0,104.0,0.05,4m,1.1,1.1,1.5,976.0,832,0.05,9m,0.6,1.3,1.8000000000000003,600,744.0,0.05,3m,0.8,1.1,1.6,232.0,,,,,,,,696.0,0.025,1m,1.3,0.7,1.6,304.0,0.3,8,COMPLETE
52,52,-1.2877420304935159,2025-06-15 23:17:12.315816,2025-06-15 23:17:19.744093,0 days 00:00:07.428277,488.0,0.025,9m,1.1,1.4,1.8000000000000003,512.0,,,,,,,,544.0,0.05,5m,1.1,0.9,1.3,792.0,376.0,0.05,4m,1.2000000000000002,1.1,2.0,288.0,840.0,0.025,10m,1.1,0.9,1.2000000000000002,904.0,16.0,0.05,4m,1.0,1.1,1.5,952.0,816,0.05,9m,0.7,1.3,1.9000000000000001,504,928.0,0.05,3m,0.8,1.0,1.6,256.0,,,,,,,,696.0,0.025,1m,1.3,0.7,1.6,304.0,0.3,8,COMPLETE
53,53,2.4088133934599494,2025-06-15 23:17:19.830290,2025-06-15 23:17:29.415403,0 days 00:00:09.585113,376.0,0.025,9m,1.4,1.4,1.8000000000000003,496.0,1016.0,0.025,10m,1.5,1.5,1.1,40.0,720.0,0.05,5m,0.9,0.6,1.2000000000000002,976.0,544.0,0.05,4m,1.3,1.2000000000000002,2.0,464.0,688.0,0.025,10m,1.3,0.7,1.4000000000000001,1024.0,272.0,0.05,4m,1.2000000000000002,1.1,1.6,632.0,896,0.05,9m,0.8,1.4,1.8000000000000003,608,792.0,0.05,3m,0.6,1.1,1.6,360.0,16.0,0.05,9m,1.5,1.5,1.2000000000000002,24.0,1008.0,0.025,8m,1.2000000000000002,0.7,1.8000000000000003,304.0,0.25,10,COMPLETE
