,number,value,datetime_start,datetime_complete,duration,params_ABNB_ADSK_beta_win,params_ABNB_ADSK_stop_loss,params_ABNB_ADSK_trade_freq,params_ABNB_ADSK_z_entry,params_ABNB_ADSK_z_exit,params_ABNB_ADSK_z_stop_scaler,params_ABNB_ADSK_z_win,params_CPRT_FAST_beta_win,params_CPRT_FAST_stop_loss,params_CPRT_FAST_trade_freq,params_CPRT_FAST_z_entry,params_CPRT_FAST_z_exit,params_CPRT_FAST_z_stop_scaler,params_CPRT_FAST_z_win,params_CPRT_MSFT_beta_win,params_CPRT_MSFT_stop_loss,params_CPRT_MSFT_trade_freq,params_CPRT_MSFT_z_entry,params_CPRT_MSFT_z_exit,params_CPRT_MSFT_z_stop_scaler,params_CPRT_MSFT_z_win,params_CPRT_MU_beta_win,params_CPRT_MU_stop_loss,params_CPRT_MU_trade_freq,params_CPRT_MU_z_entry,params_CPRT_MU_z_exit,params_CPRT_MU_z_stop_scaler,params_CPRT_MU_z_win,params_CTSH_TEAM_beta_win,params_CTSH_TEAM_stop_loss,params_CTSH_TEAM_trade_freq,params_CTSH_TEAM_z_entry,params_CTSH_TEAM_z_exit,params_CTSH_TEAM_z_stop_scaler,params_CTSH_TEAM_z_win,params_DXCM_FANG_beta_win,params_DXCM_FANG_stop_loss,params_DXCM_FANG_trade_freq,params_DXCM_FANG_z_entry,params_DXCM_FANG_z_exit,params_DXCM_FANG_z_stop_scaler,params_DXCM_FANG_z_win,params_ENPH_TEAM_beta_win,params_ENPH_TEAM_stop_loss,params_ENPH_TEAM_trade_freq,params_ENPH_TEAM_z_entry,params_ENPH_TEAM_z_exit,params_ENPH_TEAM_z_stop_scaler,params_ENPH_TEAM_z_win,params_GOOGL_MU_beta_win,params_GOOGL_MU_stop_loss,params_GOOGL_MU_trade_freq,params_GOOGL_MU_z_entry,params_GOOGL_MU_z_exit,params_GOOGL_MU_z_stop_scaler,params_GOOGL_MU_z_win,params_GOOGL_VRSK_beta_win,params_GOOGL_VRSK_stop_loss,params_GOOGL_VRSK_trade_freq,params_GOOGL_VRSK_z_entry,params_GOOGL_VRSK_z_exit,params_GOOGL_VRSK_z_stop_scaler,params_GOOGL_VRSK_z_win,params_GOOG_MU_beta_win,params_GOOG_MU_stop_loss,params_GOOG_MU_trade_freq,params_GOOG_MU_z_entry,params_GOOG_MU_z_exit,params_GOOG_MU_z_stop_scaler,params_GOOG_MU_z_win,params_GOOG_VRSK_beta_win,params_GOOG_VRSK_stop_loss,params_GOOG_VRSK_trade_freq,params_GOOG_VRSK_z_entry,params_GOOG_VRSK_z_exit,params_GOOG_VRSK_z_stop_scaler,params_GOOG_VRSK_z_win,params_LULU_VRTX_beta_win,params_LULU_VRTX_stop_loss,params_LULU_VRTX_trade_freq,params_LULU_VRTX_z_entry,params_LULU_VRTX_z_exit,params_LULU_VRTX_z_stop_scaler,params_LULU_VRTX_z_win,params_buffer_capital,params_pairs_to_trade,state
85,85,-0.7619851757479781,2025-06-16 00:29:48.659390,2025-06-16 00:29:53.967105,0 days 00:00:05.307715,,,,,,,,,,,,,,,240.0,0.05,5m,1.4,1.2000000000000002,1.5,48.0,,,,,,,,424,0.05,7m,0.9,1.1,1.8000000000000003,472,632.0,0.025,10m,1.2000000000000002,1.4,1.3,312.0,528.0,0.025,5m,0.9,1.5,1.9000000000000001,336.0,1016,0.025,10m,1.0,1.3,1.8000000000000003,568,,,,,,,,736.0,0.025,3m,1.1,1.3,1.9000000000000001,952.0,,,,,,,,352.0,0.025,1m,1.1,1.2000000000000002,1.9000000000000001,704.0,0.2,5,COMPLETE
86,86,-2.4309080416715205,2025-06-16 00:29:54.054667,2025-06-16 00:29:58.764491,0 days 00:00:04.709824,,,,,,,,,,,,,,,408.0,0.05,4m,1.2000000000000002,1.1,1.8000000000000003,176.0,,,,,,,,752,0.05,3m,1.1,1.0,1.6,376,,,,,,,,456.0,0.025,10m,1.0,1.3,1.8000000000000003,168.0,368,0.025,1m,0.9,0.9,1.9000000000000001,896,,,,,,,,952.0,0.025,5m,0.8,1.3,1.7000000000000002,688.0,,,,,,,,200.0,0.025,8m,1.0,1.0,2.0,664.0,0.1,4,COMPLETE
87,87,1.7662642148900243,2025-06-16 00:29:58.853354,2025-06-16 00:30:03.684245,0 days 00:00:04.830891,,,,,,,,,,,,,,,128.0,0.05,2m,1.5,0.7,1.3,112.0,,,,,,,,672,0.05,9m,1.2000000000000002,1.3,1.9000000000000001,432,,,,,,,,616.0,0.025,9m,1.1,1.4,2.0,128.0,280,0.025,7m,1.0,1.4,1.9000000000000001,752,,,,,,,,992.0,0.025,10m,0.9,1.4,1.8000000000000003,168.0,,,,,,,,432.0,0.025,2m,1.2000000000000002,1.3,1.3,736.0,0.05,4,COMPLETE
88,88,-2.5120439785111497,2025-06-16 00:30:03.771738,2025-06-16 00:30:09.286820,0 days 00:00:05.515082,,,,,,,,,,,,,,,48.0,0.05,6m,1.3,1.3,1.2000000000000002,96.0,,,,,,,,712,0.05,7m,1.1,1.5,1.8000000000000003,800,480.0,0.05,2m,0.7,0.8,1.8000000000000003,920.0,672.0,0.025,2m,0.8,1.1,1.9000000000000001,432.0,128,0.025,10m,1.4,1.1,1.7000000000000002,536,,,,,,,,920.0,0.025,6m,0.6,1.5,1.9000000000000001,592.0,,,,,,,,56.0,0.025,8m,0.6,1.4,1.4000000000000001,504.0,0.15000000000000002,5,COMPLETE
89,89,2.090923659208645,2025-06-16 00:30:09.359453,2025-06-16 00:30:13.803009,0 days 00:00:04.443556,,,,,,,,,,,,,,,,,,,,,,,,,,,,,376,0.05,6m,1.0,0.5,1.7000000000000002,680,,,,,,,,496.0,0.05,7m,0.9,1.0,1.1,272.0,928,0.025,10m,1.1,0.9,2.0,792,,,,,,,,688.0,0.05,4m,0.5,1.3,2.0,800.0,,,,,,,,328.0,0.025,4m,1.3,1.1,1.8000000000000003,768.0,0.25,3,COMPLETE
90,90,0.6181749176852368,2025-06-16 00:30:13.875798,2025-06-16 00:30:18.907205,0 days 00:00:05.031407,,,,,,,,,,,,,,,280.0,0.025,5m,1.4,1.2000000000000002,1.6,448.0,,,,,,,,576,0.05,3m,0.9,1.4,1.9000000000000001,160,,,,,,,,560.0,0.025,6m,1.0,1.2000000000000002,2.0,64.0,776,0.025,6m,0.8,1.4,1.8000000000000003,1000,,,,,,,,800.0,0.025,6m,1.0,1.2000000000000002,1.8000000000000003,400.0,,,,,,,,248.0,0.025,10m,1.1,0.8,1.9000000000000001,832.0,0.1,4,COMPLETE
91,91,-0.4356775560413707,2025-06-16 00:30:19.005543,2025-06-16 00:30:24.059881,0 days 00:00:05.054338,,,,,,,,,,,,,,,160.0,0.05,4m,1.5,0.5,1.5,16.0,,,,,,,,968,0.05,3m,0.5,1.4,1.9000000000000001,848,,,,,,,,656.0,0.025,7m,1.0,1.5,2.0,192.0,880,0.025,1m,0.8,1.0,1.8000000000000003,1000,,,,,,,,992.0,0.025,4m,1.1,1.5,1.8000000000000003,736.0,,,,,,,,168.0,0.025,8m,1.0,1.2000000000000002,2.0,800.0,0.15000000000000002,4,COMPLETE
92,92,-0.15923281887570775,2025-06-16 00:30:24.153156,2025-06-16 00:30:29.437889,0 days 00:00:05.284733,,,,,,,,,,,,,,,112.0,0.05,4m,1.5,0.5,1.5,40.0,,,,,,,,848,0.05,3m,0.9,1.4,2.0,936,,,,,,,,768.0,0.025,7m,1.1,1.5,2.0,240.0,832,0.025,1m,0.7,1.1,1.8000000000000003,968,,,,,,,,776.0,0.025,4m,1.1,1.5,1.8000000000000003,896.0,,,,,,,,192.0,0.025,6m,1.0,1.2000000000000002,2.0,864.0,0.15000000000000002,4,COMPLETE
93,93,0.6948234587528551,2025-06-16 00:30:29.498710,2025-06-16 00:30:33.731290,0 days 00:00:04.232580,,,,,,,,,,,,,,,,,,,,,,,,,,,,,768,0.05,5m,0.8,1.3,1.9000000000000001,584,,,,,,,,712.0,0.025,7m,1.0,1.5,1.9000000000000001,136.0,904,0.025,1m,0.9,1.0,1.7000000000000002,928,,,,,,,,960.0,0.025,4m,1.2000000000000002,1.4,1.7000000000000002,304.0,,,,,,,,288.0,0.025,8m,0.9,1.3,2.0,784.0,0.2,3,COMPLETE
94,94,-0.6023588978143163,2025-06-16 00:30:33.788153,2025-06-16 00:30:39.845103,0 days 00:00:06.056950,,,,,,,,,,,,,,,192.0,0.05,4m,1.5,0.8,1.5,80.0,,,,,,,,624,0.05,3m,0.9,1.0,1.8000000000000003,624,304.0,0.025,3m,1.0,1.0,1.4000000000000001,232.0,616.0,0.025,2m,1.1,1.5,2.0,96.0,728,0.025,1m,0.9,1.5,1.9000000000000001,592,,,,,,,,184.0,0.025,4m,1.0,1.4,1.1,832.0,,,,,,,,104.0,0.025,2m,1.0,1.1,1.1,752.0,0.05,5,COMPLETE
95,95,3.112675427597362,2025-06-16 00:30:39.908805,2025-06-16 00:30:45.124160,0 days 00:00:05.215355,,,,,,,,,,,,,,,80.0,0.05,4m,1.4,0.6,1.4000000000000001,16.0,,,,,,,,896,0.05,7m,1.0,1.5,2.0,1000,,,,,,,,536.0,0.025,7m,0.9,1.4,1.9000000000000001,16.0,960,0.025,10m,0.5,0.9,1.9000000000000001,368,,,,,,,,824.0,0.025,7m,0.9,1.5,1.4000000000000001,928.0,,,,,,,,144.0,0.025,8m,1.2000000000000002,1.4,2.0,896.0,0.15000000000000002,4,COMPLETE
96,96,3.0934247305484703,2025-06-16 00:30:45.181713,2025-06-16 00:30:50.034576,0 days 00:00:04.852863,,,,,,,,,,,,,,,88.0,0.05,4m,1.3,0.6,1.4000000000000001,40.0,,,,,,,,904,0.05,7m,1.0,1.5,2.0,960,,,,,,,,536.0,0.025,7m,0.8,0.6,1.9000000000000001,32.0,1000,0.025,10m,0.5,0.9,1.9000000000000001,448,,,,,,,,824.0,0.025,7m,0.9,1.4,1.4000000000000001,944.0,,,,,,,,24.0,0.025,8m,1.2000000000000002,1.4,1.9000000000000001,888.0,0.1,4,COMPLETE
97,97,2.2650595839280587,2025-06-16 00:30:50.135533,2025-06-16 00:30:59.216440,0 days 00:00:09.080907,472.0,0.025,8m,0.9,1.0,1.5,448.0,656.0,0.025,8m,1.0,1.0,1.5,1016.0,88.0,0.05,4m,1.3,0.7,1.4000000000000001,40.0,,,,,,,,904,0.05,7m,1.0,1.5,2.0,1016,752.0,0.025,9m,0.5,1.5,1.9000000000000001,688.0,528.0,0.025,7m,0.8,0.7,1.8000000000000003,16.0,992,0.025,10m,0.5,0.9,1.9000000000000001,360,360.0,0.025,6m,1.5,0.6,1.4000000000000001,576.0,848.0,0.025,7m,0.9,1.4,1.4000000000000001,944.0,16.0,0.025,3m,0.7,1.2000000000000002,1.5,296.0,64.0,0.025,8m,1.2000000000000002,1.4,1.9000000000000001,904.0,0.1,9,COMPLETE
98,98,4.441528746283185,2025-06-16 00:30:59.291165,2025-06-16 00:31:05.919438,0 days 00:00:06.628273,,,,,,,,,,,,,,,40.0,0.05,4m,1.4,0.6,1.4000000000000001,80.0,,,,,,,,984,0.05,7m,1.0,1.5,2.0,992,184.0,0.05,6m,1.0,1.1,1.5,112.0,472.0,0.025,7m,0.7,0.6,1.9000000000000001,56.0,944,0.025,10m,0.5,0.8,2.0,440,144.0,0.05,8m,1.3,1.1,1.7000000000000002,328.0,720.0,0.025,7m,0.9,1.5,1.3,992.0,,,,,,,,32.0,0.025,8m,1.2000000000000002,1.5,1.9000000000000001,968.0,0.15000000000000002,6,COMPLETE
99,99,-0.5115363232379676,2025-06-16 00:31:05.990608,2025-06-16 00:31:12.672655,0 days 00:00:06.682047,,,,,,,,,,,,,,,32.0,0.05,4m,1.4,0.6,1.4000000000000001,144.0,,,,,,,,984,0.025,7m,1.0,1.5,2.0,992,192.0,0.05,6m,1.2000000000000002,1.1,1.5,376.0,384.0,0.025,7m,0.7,0.6,1.9000000000000001,40.0,960,0.05,10m,0.5,0.8,2.0,264,152.0,0.05,8m,1.4,1.1,1.6,344.0,720.0,0.025,7m,0.9,1.5,1.3,1000.0,,,,,,,,32.0,0.025,8m,1.3,1.5,1.8000000000000003,1000.0,0.1,6,COMPLETE
100,100,4.063255200271348,2025-06-16 00:31:12.744827,2025-06-16 00:31:20.176939,0 days 00:00:07.432112,,,,,,,,,,,,,,,64.0,0.05,8m,1.3,0.6,1.4000000000000001,80.0,,,,,,,,960,0.05,7m,1.0,1.5,2.0,952,368.0,0.05,6m,0.9,1.3,1.6,112.0,472.0,0.025,7m,0.7,0.6,1.5,64.0,944,0.025,10m,0.5,0.9,2.0,408,344.0,0.05,8m,1.3,1.0,1.8000000000000003,144.0,824.0,0.025,7m,0.9,1.5,1.4000000000000001,928.0,304.0,0.05,4m,1.2000000000000002,0.9,1.7000000000000002,88.0,16.0,0.025,8m,1.2000000000000002,1.5,1.9000000000000001,960.0,0.15000000000000002,7,COMPLETE
101,101,2.472532653966621,2025-06-16 00:31:20.251848,2025-06-16 00:31:27.740184,0 days 00:00:07.488336,,,,,,,,,,,,,,,72.0,0.05,8m,1.3,0.6,1.4000000000000001,80.0,,,,,,,,936,0.05,7m,1.0,1.5,2.0,960,360.0,0.05,6m,0.9,1.3,1.6,96.0,424.0,0.025,7m,0.7,0.6,1.5,64.0,960,0.025,10m,0.5,0.7,2.0,376,360.0,0.05,8m,1.3,1.0,1.8000000000000003,152.0,880.0,0.025,7m,0.9,1.5,1.4000000000000001,944.0,264.0,0.05,4m,1.2000000000000002,0.9,1.7000000000000002,16.0,40.0,0.025,8m,1.2000000000000002,1.5,1.9000000000000001,960.0,0.15000000000000002,7,COMPLETE
102,102,0.9899179697685865,2025-06-16 00:31:27.802491,2025-06-16 00:31:36.066862,0 days 00:00:08.264371,,,,,,,,752.0,0.025,10m,1.5,1.5,1.4000000000000001,696.0,56.0,0.05,8m,1.4,0.7,1.4000000000000001,16.0,,,,,,,,1008,0.05,7m,1.0,1.5,2.0,1000,136.0,0.05,6m,0.8,1.2000000000000002,1.7000000000000002,256.0,472.0,0.025,7m,0.7,0.5,1.4000000000000001,32.0,1024,0.025,10m,0.6,0.8,2.0,416,120.0,0.05,8m,1.3,1.3,1.9000000000000001,272.0,784.0,0.025,7m,0.8,1.5,1.2000000000000002,992.0,592.0,0.05,4m,1.1,0.6,1.5,200.0,16.0,0.025,8m,1.3,1.5,1.9000000000000001,976.0,0.15000000000000002,8,COMPLETE
103,103,2.4904227260165652,2025-06-16 00:31:36.150610,2025-06-16 00:31:43.743174,0 days 00:00:07.592564,,,,,,,,,,,,,,,128.0,0.05,8m,1.3,0.6,1.3,80.0,,,,,,,,952,0.05,7m,0.9,1.4,2.0,960,248.0,0.05,6m,1.0,1.3,1.4000000000000001,88.0,512.0,0.025,7m,0.6,0.6,1.5,80.0,936,0.025,10m,0.5,0.9,2.0,312,576.0,0.05,8m,1.1,0.9,1.7000000000000002,416.0,816.0,0.025,7m,0.9,1.5,1.3,968.0,376.0,0.05,4m,1.0,1.0,1.8000000000000003,520.0,72.0,0.025,8m,1.2000000000000002,1.4,1.8000000000000003,928.0,0.15000000000000002,7,COMPLETE
104,104,4.907688732230571,2025-06-16 00:31:43.821347,2025-06-16 00:31:49.641229,0 days 00:00:05.819882,,,,,,,,,,,,,,,16.0,0.05,9m,1.4,0.5,1.3,40.0,,,,,,,,1024,0.05,7m,1.1,1.5,2.0,920,320.0,0.05,6m,1.1,1.4,1.5,192.0,408.0,0.025,10m,0.7,0.7,1.5,112.0,1008,0.025,10m,0.6,0.8,2.0,448,,,,,,,,856.0,0.025,7m,0.8,1.5,1.4000000000000001,920.0,,,,,,,,112.0,0.025,8m,1.2000000000000002,1.5,1.9000000000000001,888.0,0.2,5,COMPLETE
105,105,4.394170575680344,2025-06-16 00:31:49.724225,2025-06-16 00:31:56.174948,0 days 00:00:06.450723,,,,,,,,,,,,,,,24.0,0.05,9m,1.4,0.5,1.3,240.0,,,,,,,,1016,0.05,7m,1.1,1.5,2.0,872,208.0,0.05,6m,1.1,1.4,1.5,208.0,352.0,0.025,10m,0.6,0.5,1.5,104.0,1000,0.025,10m,0.6,0.7,2.0,440,344.0,0.05,2m,1.3,1.1,1.9000000000000001,112.0,872.0,0.025,7m,0.8,1.5,1.4000000000000001,880.0,,,,,,,,136.0,0.025,9m,1.3,1.5,1.9000000000000001,928.0,0.2,6,COMPLETE
106,106,4.3054417263299225,2025-06-16 00:31:56.263664,2025-06-16 00:32:02.765942,0 days 00:00:06.502278,,,,,,,,,,,,,,,16.0,0.05,9m,1.4,0.5,1.3,280.0,,,,,,,,968,0.05,7m,1.2000000000000002,1.5,2.0,904,208.0,0.05,6m,1.1,1.4,1.5,184.0,336.0,0.025,10m,0.6,0.5,1.5,112.0,1000,0.025,2m,0.6,0.7,2.0,432,368.0,0.05,2m,1.3,1.1,1.9000000000000001,96.0,912.0,0.025,7m,0.8,1.5,1.2000000000000002,904.0,,,,,,,,112.0,0.025,9m,1.3,1.5,1.8000000000000003,1000.0,0.2,6,COMPLETE
107,107,-2.0267824616926746,2025-06-16 00:32:02.832535,2025-06-16 00:32:09.632187,0 days 00:00:06.799652,,,,,,,,,,,,,,,16.0,0.05,9m,1.4,0.5,1.3,272.0,,,,,,,,1024,0.05,7m,1.1,1.5,2.0,912,184.0,0.05,6m,1.1,1.4,1.5,176.0,264.0,0.025,10m,0.6,0.5,1.5,104.0,1000,0.025,9m,0.6,0.7,2.0,336,368.0,0.05,2m,1.3,1.1,1.9000000000000001,104.0,912.0,0.025,7m,0.8,1.5,1.2000000000000002,880.0,,,,,,,,88.0,0.025,9m,1.5,1.5,1.8000000000000003,1000.0,0.25,6,COMPLETE
108,108,1.9322680375403798,2025-06-16 00:32:09.703120,2025-06-16 00:32:17.223659,0 days 00:00:07.520539,,,,,,,,,,,,,,,40.0,0.05,9m,1.4,0.5,1.3,432.0,,,,,,,,1000,0.05,8m,1.2000000000000002,1.4,2.0,872,304.0,0.05,6m,1.1,1.5,1.6,80.0,344.0,0.025,10m,0.6,0.5,1.5,120.0,992,0.025,3m,0.6,0.6,2.0,488,312.0,0.05,2m,1.3,1.2000000000000002,1.9000000000000001,200.0,944.0,0.025,7m,0.8,1.5,1.3,896.0,152.0,0.05,2m,1.3,0.6,1.4000000000000001,152.0,112.0,0.025,9m,1.4,1.5,1.9000000000000001,952.0,0.2,7,COMPLETE
109,109,3.956496642445177,2025-06-16 00:32:17.311633,2025-06-16 00:32:23.941071,0 days 00:00:06.629438,,,,,,,,,,,,,,,32.0,0.05,9m,1.5,0.5,1.2000000000000002,352.0,,,,,,,,976,0.05,4m,1.3,1.5,2.0,824,208.0,0.05,6m,1.0,1.4,1.5,216.0,400.0,0.025,10m,0.5,0.7,1.4000000000000001,56.0,944,0.025,2m,0.7,0.7,2.0,400,168.0,0.05,2m,1.1,1.0,1.8000000000000003,88.0,864.0,0.025,7m,0.7,1.5,1.2000000000000002,984.0,,,,,,,,136.0,0.025,9m,1.3,1.5,1.8000000000000003,928.0,0.2,6,COMPLETE
110,110,0.03259426018005376,2025-06-16 00:32:24.020357,2025-06-16 00:32:30.736876,0 days 00:00:06.716519,,,,,,,,,,,,,,,16.0,0.05,9m,1.5,0.5,1.1,328.0,,,,,,,,984,0.05,4m,1.3,1.5,2.0,896,208.0,0.05,6m,1.0,1.4,1.5,208.0,304.0,0.025,10m,0.5,0.8,1.4000000000000001,56.0,912,0.025,2m,0.7,0.7,2.0,424,160.0,0.05,2m,1.1,1.0,1.8000000000000003,80.0,896.0,0.025,7m,0.7,1.5,1.2000000000000002,976.0,,,,,,,,128.0,0.025,9m,1.3,1.5,1.7000000000000002,928.0,0.2,6,COMPLETE
111,111,2.9502477656130224,2025-06-16 00:32:30.810418,2025-06-16 00:32:37.571219,0 days 00:00:06.760801,,,,,,,,,,,,,,,48.0,0.05,9m,1.5,0.5,1.2000000000000002,304.0,,,,,,,,960,0.05,4m,1.3,1.5,2.0,832,112.0,0.05,6m,1.2000000000000002,1.4,1.4000000000000001,280.0,384.0,0.025,10m,0.5,0.7,1.6,80.0,944,0.025,2m,0.6,0.6,2.0,392,408.0,0.05,2m,1.2000000000000002,1.1,2.0,24.0,1008.0,0.025,7m,0.7,1.5,1.2000000000000002,912.0,,,,,,,,152.0,0.025,9m,1.4,1.5,1.8000000000000003,968.0,0.2,6,COMPLETE
112,112,3.855401269974298,2025-06-16 00:32:37.641950,2025-06-16 00:32:44.131661,0 days 00:00:06.489711,,,,,,,,,,,,,,,104.0,0.05,9m,1.4,0.5,1.2000000000000002,232.0,,,,,,,,928,0.05,7m,1.1,1.5,2.0,936,328.0,0.05,6m,1.1,1.3,1.5,120.0,360.0,0.025,10m,0.5,0.5,1.3,152.0,968,0.025,2m,0.6,0.7,2.0,424,208.0,0.05,2m,1.4,1.0,1.7000000000000002,176.0,880.0,0.025,7m,0.8,1.5,1.2000000000000002,1024.0,,,,,,,,80.0,0.025,9m,1.3,1.5,1.9000000000000001,992.0,0.2,6,COMPLETE
113,113,3.8600856289710457,2025-06-16 00:32:44.204658,2025-06-16 00:32:50.531386,0 days 00:00:06.326728,,,,,,,,,,,,,,,608.0,0.05,9m,1.4,0.5,1.2000000000000002,240.0,,,,,,,,928,0.05,4m,1.4,1.5,2.0,936,344.0,0.05,6m,1.1,1.3,1.5,128.0,344.0,0.025,10m,0.5,0.6,1.3,160.0,1008,0.025,2m,0.6,0.7,2.0,432,224.0,0.05,2m,1.4,1.0,1.7000000000000002,176.0,848.0,0.025,7m,0.8,1.5,1.1,1016.0,,,,,,,,48.0,0.025,9m,1.3,1.5,1.9000000000000001,984.0,0.2,6,COMPLETE
114,114,4.9345283961842945,2025-06-16 00:32:50.587372,2025-06-16 00:32:56.763385,0 days 00:00:06.176013,,,,,,,,,,,,,,,592.0,0.05,9m,1.4,0.5,1.2000000000000002,248.0,,,,,,,,928,0.05,4m,1.4,1.5,2.0,936,336.0,0.05,6m,1.1,1.3,1.5,112.0,400.0,0.025,10m,0.5,0.5,1.3,152.0,976,0.025,2m,0.6,0.7,2.0,464,216.0,0.05,2m,1.4,1.0,1.7000000000000002,168.0,864.0,0.025,7m,0.8,1.5,1.2000000000000002,1024.0,,,,,,,,48.0,0.025,9m,1.3,1.5,1.9000000000000001,1000.0,0.25,6,COMPLETE
115,115,3.8940910044055106,2025-06-16 00:32:56.832760,2025-06-16 00:33:03.801344,0 days 00:00:06.968584,,,,,,,,,,,,,,,584.0,0.05,9m,1.4,0.5,1.2000000000000002,240.0,,,,,,,,920,0.05,4m,1.5,1.5,2.0,936,336.0,0.05,6m,1.1,1.3,1.5,120.0,344.0,0.025,10m,0.5,0.5,1.3,152.0,1008,0.025,2m,0.6,0.7,2.0,432,224.0,0.05,2m,1.4,1.0,1.7000000000000002,160.0,856.0,0.025,7m,0.8,1.5,1.1,1024.0,552.0,0.05,5m,1.5,0.7,1.7000000000000002,368.0,48.0,0.025,9m,1.3,1.5,1.8000000000000003,1000.0,0.25,7,COMPLETE
116,116,3.155055513028004,2025-06-16 00:33:03.892736,2025-06-16 00:33:10.882849,0 days 00:00:06.990113,,,,,,,,,,,,,,,592.0,0.05,9m,1.4,0.5,1.2000000000000002,248.0,,,,,,,,920,0.05,4m,1.5,1.5,2.0,928,360.0,0.05,6m,1.1,1.3,1.5,120.0,352.0,0.025,10m,0.5,0.5,1.3,184.0,1008,0.025,2m,0.6,0.7,2.0,512,224.0,0.05,2m,1.4,1.0,1.7000000000000002,160.0,864.0,0.025,7m,0.8,1.5,1.1,1024.0,536.0,0.05,5m,1.5,0.7,1.7000000000000002,336.0,48.0,0.025,9m,1.3,1.5,1.8000000000000003,992.0,0.3,7,COMPLETE
117,117,1.5577183852937557,2025-06-16 00:33:10.934050,2025-06-16 00:33:17.283817,0 days 00:00:06.349767,,,,,,,,,,,,,,,552.0,0.05,9m,1.4,0.5,1.2000000000000002,224.0,,,,,,,,872,0.05,4m,1.4,1.5,2.0,976,328.0,0.05,6m,1.1,1.3,1.5,40.0,232.0,0.025,10m,0.5,0.6,1.3,160.0,976,0.025,2m,0.6,0.7,2.0,432,176.0,0.05,2m,1.4,1.0,1.6,112.0,880.0,0.025,7m,0.8,1.5,1.1,984.0,,,,,,,,80.0,0.025,9m,1.3,1.5,1.9000000000000001,1008.0,0.25,6,COMPLETE
118,118,5.504211750458195,2025-06-16 00:33:17.373617,2025-06-16 00:33:23.494097,0 days 00:00:06.120480,,,,,,,,,,,,,,,664.0,0.05,9m,1.4,0.5,1.1,272.0,,,,,,,,944,0.05,4m,1.5,1.5,2.0,912,264.0,0.05,6m,1.0,1.3,1.5,192.0,408.0,0.025,10m,0.6,0.5,1.2000000000000002,128.0,1024,0.025,2m,0.6,0.6,2.0,464,96.0,0.05,2m,1.4,1.1,1.7000000000000002,232.0,856.0,0.025,7m,0.7,1.5,1.2000000000000002,1008.0,,,,,,,,48.0,0.025,9m,1.4,1.5,1.8000000000000003,984.0,0.25,6,COMPLETE
119,119,3.1506378228550975,2025-06-16 00:33:23.564226,2025-06-16 00:33:30.527808,0 days 00:00:06.963582,,,,,,,,,,,,,,,744.0,0.05,9m,1.3,0.5,1.1,264.0,,,,,,,,936,0.05,4m,1.5,1.5,2.0,912,264.0,0.05,6m,1.0,1.3,1.5,200.0,408.0,0.025,10m,0.5,0.5,1.2000000000000002,128.0,976,0.025,2m,0.7,0.6,2.0,472,104.0,0.05,2m,1.4,1.1,1.7000000000000002,216.0,864.0,0.025,7m,0.7,1.5,1.2000000000000002,1016.0,624.0,0.05,5m,1.3,1.0,1.6,448.0,48.0,0.05,9m,1.4,1.5,1.7000000000000002,1024.0,0.3,7,COMPLETE
120,120,0.43998436774064137,2025-06-16 00:33:30.606059,2025-06-16 00:33:36.980381,0 days 00:00:06.374322,,,,,,,,,,,,,,,720.0,0.05,9m,1.4,0.5,1.1,296.0,,,,,,,,1024,0.05,4m,1.4,0.7,2.0,936,296.0,0.05,6m,1.0,1.3,1.6,120.0,320.0,0.025,10m,0.6,0.5,1.2000000000000002,96.0,1024,0.025,2m,0.6,0.6,2.0,392,264.0,0.05,2m,1.5,1.0,1.8000000000000003,152.0,840.0,0.025,7m,0.7,1.5,1.2000000000000002,1008.0,,,,,,,,88.0,0.025,9m,1.5,1.5,1.8000000000000003,984.0,0.25,6,COMPLETE
121,121,3.615652062476487,2025-06-16 00:33:37.028658,2025-06-16 00:33:43.457067,0 days 00:00:06.428409,,,,,,,,,,,,,,,664.0,0.05,9m,1.4,0.5,1.2000000000000002,320.0,,,,,,,,992,0.05,4m,1.5,1.5,2.0,944,424.0,0.05,6m,1.1,1.4,1.5,64.0,408.0,0.025,10m,0.6,0.6,1.3,144.0,952,0.025,2m,0.6,0.7,2.0,448,184.0,0.05,7m,1.3,1.1,1.7000000000000002,104.0,888.0,0.025,7m,0.8,1.5,1.1,968.0,,,,,,,,24.0,0.025,9m,1.4,1.5,1.8000000000000003,976.0,0.25,6,COMPLETE
122,122,2.6964057797069736,2025-06-16 00:33:43.517303,2025-06-16 00:33:49.853876,0 days 00:00:06.336573,,,,,,,,,,,,,,,664.0,0.05,9m,1.4,0.5,1.2000000000000002,232.0,,,,,,,,872,0.05,4m,1.5,1.5,2.0,896,216.0,0.05,6m,1.2000000000000002,1.2000000000000002,1.5,176.0,360.0,0.025,10m,0.5,0.5,1.4000000000000001,112.0,928,0.025,2m,0.7,0.8,2.0,480,304.0,0.05,2m,1.4,1.0,1.8000000000000003,216.0,920.0,0.025,7m,0.7,1.5,1.3,928.0,,,,,,,,72.0,0.025,9m,1.3,1.5,1.9000000000000001,1024.0,0.25,6,COMPLETE
123,123,3.001787200346466,2025-06-16 00:33:49.939056,2025-06-16 00:33:57.866925,0 days 00:00:07.927869,,,,,,,,344.0,0.025,2m,0.9,0.5,1.3,792.0,552.0,0.05,9m,1.3,0.5,1.1,360.0,,,,,,,,960,0.05,4m,1.4,1.5,2.0,880,344.0,0.05,6m,1.0,1.3,1.5,136.0,320.0,0.025,10m,0.5,0.7,1.3,168.0,992,0.025,2m,0.6,0.6,2.0,432,96.0,0.05,2m,1.3,0.9,1.7000000000000002,176.0,848.0,0.025,7m,0.8,1.5,1.1,1008.0,424.0,0.05,9m,1.4,0.7,1.8000000000000003,248.0,112.0,0.025,9m,1.3,1.5,1.9000000000000001,928.0,0.2,8,COMPLETE
124,124,-1.915107935795222,2025-06-16 00:33:57.934035,2025-06-16 00:34:14.490782,0 days 00:00:16.556747,,,,,,,,,,,,,,,608.0,0.05,9m,1.4,0.5,1.2000000000000002,208.0,,,,,,,,920,0.05,4m,1.4,1.5,2.0,1024,272.0,0.05,6m,1.1,1.4,1.4000000000000001,208.0,288.0,0.025,10m,0.6,0.6,1.2000000000000002,64.0,1024,0.025,2m,0.6,0.7,2.0,416,208.0,0.05,2m,1.4,1.1,1.6,88.0,800.0,0.025,7m,0.8,1.5,1.2000000000000002,992.0,,,,,,,,48.0,0.025,9m,1.3,1.5,1.8000000000000003,1000.0,0.2,6,COMPLETE
125,125,4.368368179932955,2025-06-16 00:34:14.648689,2025-06-16 00:34:24.478805,0 days 00:00:09.830116,,,,,,,,,,,,,,,640.0,0.05,9m,1.4,0.5,1.2000000000000002,512.0,,,,,,,,944,0.05,4m,1.5,1.5,2.0,912,216.0,0.05,6m,1.0,1.4,1.6,160.0,376.0,0.025,10m,0.5,0.5,1.4000000000000001,128.0,968,0.025,2m,0.5,0.7,2.0,352,128.0,0.05,2m,1.5,1.0,1.9000000000000001,264.0,856.0,0.025,7m,0.8,1.5,1.3,1024.0,256.0,0.05,6m,1.5,0.9,2.0,104.0,16.0,0.025,9m,1.4,1.5,1.9000000000000001,952.0,0.25,7,COMPLETE
126,126,4.680481695479911,2025-06-16 00:34:24.542126,2025-06-16 00:34:31.538327,0 days 00:00:06.996201,,,,,,,,,,,,,,,648.0,0.05,9m,1.3,0.5,1.2000000000000002,248.0,,,,,,,,952,0.05,4m,1.5,1.5,2.0,912,224.0,0.05,6m,1.0,1.4,1.6,160.0,392.0,0.025,10m,0.5,0.5,1.4000000000000001,128.0,968,0.025,2m,0.5,0.8,2.0,280,80.0,0.05,2m,1.5,1.0,1.9000000000000001,256.0,864.0,0.025,7m,0.7,1.5,1.3,1024.0,208.0,0.05,6m,1.5,0.9,2.0,96.0,16.0,0.025,9m,1.4,1.5,1.8000000000000003,960.0,0.25,7,COMPLETE
