,number,value,datetime_start,datetime_complete,duration,params_COST_MU_beta_win,params_COST_MU_stop_loss,params_COST_MU_trade_freq,params_COST_MU_z_entry,params_COST_MU_z_exit,params_COST_MU_z_stop_scaler,params_COST_MU_z_win,params_CRWD_EXC_beta_win,params_CRWD_EXC_stop_loss,params_CRWD_EXC_trade_freq,params_CRWD_EXC_z_entry,params_CRWD_EXC_z_exit,params_CRWD_EXC_z_stop_scaler,params_CRWD_EXC_z_win,params_EXC_TEAM_beta_win,params_EXC_TEAM_stop_loss,params_EXC_TEAM_trade_freq,params_EXC_TEAM_z_entry,params_EXC_TEAM_z_exit,params_EXC_TEAM_z_stop_scaler,params_EXC_TEAM_z_win,params_INTC_CTAS_beta_win,params_INTC_CTAS_stop_loss,params_INTC_CTAS_trade_freq,params_INTC_CTAS_z_entry,params_INTC_CTAS_z_exit,params_INTC_CTAS_z_stop_scaler,params_INTC_CTAS_z_win,params_INTC_MU_beta_win,params_INTC_MU_stop_loss,params_INTC_MU_trade_freq,params_INTC_MU_z_entry,params_INTC_MU_z_exit,params_INTC_MU_z_stop_scaler,params_INTC_MU_z_win,params_MSFT_TTWO_beta_win,params_MSFT_TTWO_stop_loss,params_MSFT_TTWO_trade_freq,params_MSFT_TTWO_z_entry,params_MSFT_TTWO_z_exit,params_MSFT_TTWO_z_stop_scaler,params_MSFT_TTWO_z_win,params_MU_CTAS_beta_win,params_MU_CTAS_stop_loss,params_MU_CTAS_trade_freq,params_MU_CTAS_z_entry,params_MU_CTAS_z_exit,params_MU_CTAS_z_stop_scaler,params_MU_CTAS_z_win,params_MU_EXC_beta_win,params_MU_EXC_stop_loss,params_MU_EXC_trade_freq,params_MU_EXC_z_entry,params_MU_EXC_z_exit,params_MU_EXC_z_stop_scaler,params_MU_EXC_z_win,params_WBA_WBD_beta_win,params_WBA_WBD_stop_loss,params_WBA_WBD_trade_freq,params_WBA_WBD_z_entry,params_WBA_WBD_z_exit,params_WBA_WBD_z_stop_scaler,params_WBA_WBD_z_win,params_ZS_EXC_beta_win,params_ZS_EXC_stop_loss,params_ZS_EXC_trade_freq,params_ZS_EXC_z_entry,params_ZS_EXC_z_exit,params_ZS_EXC_z_stop_scaler,params_ZS_EXC_z_win,params_buffer_capital,params_pairs_to_trade,state
59,59,-6.645570673619673,2025-06-16 00:38:23.260264,2025-06-16 00:38:25.717568,0 days 00:00:02.457304,,,,,,,,,,,,,,,,,,,,,,584,0.05,8m,0.8,1.2000000000000002,1.9000000000000001,864,,,,,,,,,,,,,,,496.0,0.025,4m,0.6,1.2000000000000002,1.7000000000000002,16.0,,,,,,,,648.0,0.025,4m,1.4,1.3,1.8000000000000003,936.0,,,,,,,,0.1,3,COMPLETE
60,60,-1.1439827377477358,2025-06-16 00:38:25.773044,2025-06-16 00:38:26.670303,0 days 00:00:00.897259,,,,,,,,,,,,,,,,,,,,,,904,0.05,3m,0.6,1.4,1.8000000000000003,792,,,,,,,,,,,,,,,,,,,,,,,,,,,,,,,,,,,,,,,,,,,0.4,1,COMPLETE
61,61,0.4773944909358795,2025-06-16 00:38:26.742779,2025-06-16 00:38:28.404776,0 days 00:00:01.661997,,,,,,,,,,,,,,,,,,,,,,800,0.05,3m,0.8,1.0,1.4000000000000001,992,,,,,,,,,,,,,,,288.0,0.025,10m,1.2000000000000002,0.5,1.6,48.0,,,,,,,,,,,,,,,,,,,,,,0.2,2,COMPLETE
62,62,0.11761797695572669,2025-06-16 00:38:28.490106,2025-06-16 00:38:30.303519,0 days 00:00:01.813413,,,,,,,,,,,,,,,,,,,,,,832,0.05,3m,0.8,1.0,1.5,904,,,,,,,,,,,,,,,312.0,0.025,10m,1.3,0.5,1.6,56.0,,,,,,,,,,,,,,,,,,,,,,0.2,2,COMPLETE
63,63,0.32001817244580943,2025-06-16 00:38:30.360946,2025-06-16 00:38:31.976409,0 days 00:00:01.615463,,,,,,,,,,,,,,,,,,,,,,800,0.05,3m,1.4,0.8,1.4000000000000001,984,,,,,,,,,,,,,,,392.0,0.025,10m,1.2000000000000002,0.5,1.7000000000000002,192.0,,,,,,,,,,,,,,,,,,,,,,0.15000000000000002,2,COMPLETE
64,64,-2.127079328520004,2025-06-16 00:38:32.036690,2025-06-16 00:38:33.793263,0 days 00:00:01.756573,,,,,,,,,,,,,,,,,,,,,,944,0.05,3m,0.7,1.1,1.3,960,,,,,,,,,,,,,,,264.0,0.025,8m,1.1,0.9,1.6,112.0,,,,,,,,,,,,,,,,,,,,,,0.3,2,COMPLETE
65,65,-10.962070230614502,2025-06-16 00:38:33.834408,2025-06-16 00:38:34.851415,0 days 00:00:01.017007,,,,,,,,,,,,,,,,,,,,,,872,0.05,1m,0.9,1.0,1.5,928,,,,,,,,,,,,,,,,,,,,,,,,,,,,,,,,,,,,,,,,,,,0.25,1,COMPLETE
66,66,-1.8565808680625235,2025-06-16 00:38:34.923853,2025-06-16 00:38:37.362032,0 days 00:00:02.438179,,,,,,,,,,,,,,,,,,,,,,752,0.05,4m,0.8,1.1,1.6,888,,,,,,,,,,,,,,,520.0,0.025,7m,1.1,1.1,1.5,984.0,,,,,,,,528.0,0.05,6m,1.3,0.9,1.5,288.0,,,,,,,,0.2,3,COMPLETE
67,67,-1.0615031664344903,2025-06-16 00:38:37.386564,2025-06-16 00:38:38.245949,0 days 00:00:00.859385,,,,,,,,,,,,,,,,,,,,,,992,0.05,3m,0.7,0.9,1.4000000000000001,992,,,,,,,,,,,,,,,,,,,,,,,,,,,,,,,,,,,,,,,,,,,0.15000000000000002,1,COMPLETE
68,68,-0.5741794254251383,2025-06-16 00:38:38.294909,2025-06-16 00:38:40.000885,0 days 00:00:01.705976,,,,,,,,,,,,,,,,,,,,,,320,0.05,9m,1.0,1.0,2.0,944,,,,,,,,,,,,,,,456.0,0.025,6m,1.2000000000000002,0.7,1.8000000000000003,256.0,,,,,,,,,,,,,,,,,,,,,,0.45,2,COMPLETE
69,69,-1.182452327701201,2025-06-16 00:38:40.049245,2025-06-16 00:38:42.450414,0 days 00:00:02.401169,,,,,,,,,,,,,,,,,,,,,,464,0.05,3m,0.9,1.2000000000000002,1.4000000000000001,392,,,,,,,,,,,,,,,1008.0,0.025,10m,0.9,1.0,1.7000000000000002,856.0,,,,,,,,312.0,0.025,1m,0.9,0.6,1.7000000000000002,792.0,,,,,,,,0.5,3,COMPLETE
70,70,-2.0220504444132645,2025-06-16 00:38:42.527559,2025-06-16 00:38:47.148655,0 days 00:00:04.621096,384.0,0.05,4m,1.5,0.5,1.4000000000000001,552.0,,,,,,,,152.0,0.025,5m,0.5,1.3,1.5,712.0,832,0.05,10m,0.8,1.1,1.3,760,,,,,,,,744.0,0.05,3m,1.2000000000000002,1.2000000000000002,1.6,696.0,352.0,0.025,8m,1.4,0.8,1.8000000000000003,560.0,,,,,,,,472.0,0.05,8m,1.5,1.2000000000000002,2.0,664.0,,,,,,,,0.15000000000000002,6,COMPLETE
71,71,0.32001817244580943,2025-06-16 00:38:47.205267,2025-06-16 00:38:49.043444,0 days 00:00:01.838177,,,,,,,,,,,,,,,,,,,,,,792,0.05,3m,1.4,0.7,1.4000000000000001,1024,,,,,,,,,,,,,,,392.0,0.025,10m,1.2000000000000002,0.5,1.7000000000000002,192.0,,,,,,,,,,,,,,,,,,,,,,0.15000000000000002,2,COMPLETE
72,72,0.3627863788151953,2025-06-16 00:38:49.105153,2025-06-16 00:38:50.693076,0 days 00:00:01.587923,,,,,,,,,,,,,,,,,,,,,,928,0.05,3m,1.5,0.8,1.5,992,,,,,,,,,,,,,,,408.0,0.025,10m,1.3,0.6,1.7000000000000002,152.0,,,,,,,,,,,,,,,,,,,,,,0.1,2,COMPLETE
73,73,0.0089930897711995,2025-06-16 00:38:50.754384,2025-06-16 00:38:51.722886,0 days 00:00:00.968502,,,,,,,,,,,,,,,,,,,,,,936,0.05,3m,1.5,0.9,1.5,944,,,,,,,,,,,,,,,,,,,,,,,,,,,,,,,,,,,,,,,,,,,0.1,1,COMPLETE
74,74,0.6994350520246694,2025-06-16 00:38:51.789719,2025-06-16 00:38:53.579169,0 days 00:00:01.789450,,,,,,,,,,,,,,,,,,,,,,904,0.05,3m,1.3,0.6,1.5,992,,,,,,,,,,,,,,,440.0,0.025,10m,1.4,0.6,1.6,40.0,,,,,,,,,,,,,,,,,,,,,,0.05,2,COMPLETE
75,75,-1.3215351368244515,2025-06-16 00:38:53.656941,2025-06-16 00:38:55.991658,0 days 00:00:02.334717,,,,,,,,,,,,,,,,,,,,,,888,0.05,3m,0.9,1.5,1.5,816,,,,,,,,,,,,,,,320.0,0.025,9m,1.4,0.6,1.6,40.0,,,,,,,,928.0,0.025,5m,1.0,1.5,1.3,136.0,,,,,,,,0.05,3,COMPLETE
76,76,2.1184856358610893,2025-06-16 00:38:56.057368,2025-06-16 00:38:57.793135,0 days 00:00:01.735767,,,,,,,,,,,,,,,,,,,,,,848,0.025,7m,1.2000000000000002,1.4,1.6,904,,,,,,,,,,,,,,,472.0,0.025,10m,1.0,1.1,1.6,16.0,,,,,,,,,,,,,,,,,,,,,,0.05,2,COMPLETE
77,77,-0.28352762743994386,2025-06-16 00:38:57.848469,2025-06-16 00:38:58.805129,0 days 00:00:00.956660,,,,,,,,,,,,,,,,,,,,,,848,0.025,7m,1.2000000000000002,0.5,1.7000000000000002,864,,,,,,,,,,,,,,,,,,,,,,,,,,,,,,,,,,,,,,,,,,,0.05,1,COMPLETE
78,78,0.44284704038555645,2025-06-16 00:38:58.865001,2025-06-16 00:39:02.065506,0 days 00:00:03.200505,,,,,,,,,,,,,,,,,,,,,,1008,0.025,7m,1.3,1.4,1.6,904,,,,,,,,896.0,0.025,2m,1.1,1.4,1.5,104.0,568.0,0.025,6m,1.0,1.1,1.4000000000000001,96.0,,,,,,,,784.0,0.025,10m,0.8,1.1,1.6,480.0,,,,,,,,0.05,4,COMPLETE
79,79,-0.43312031959226316,2025-06-16 00:39:02.118391,2025-06-16 00:39:03.897988,0 days 00:00:01.779597,,,,,,,,,,,,,,,,,,,,,,904,0.025,7m,1.3,1.4,1.8000000000000003,160,,,,,,,,,,,,,,,472.0,0.025,2m,0.9,1.1,1.5,16.0,,,,,,,,,,,,,,,,,,,,,,0.05,2,COMPLETE
80,80,-2.9602227732113393,2025-06-16 00:39:03.948011,2025-06-16 00:39:06.384380,0 days 00:00:02.436369,,,,,,,,,,,,,,,,,,,,,,960,0.025,6m,1.3,0.6,1.7000000000000002,928,,,,,,,,,,,,,,,616.0,0.025,5m,1.0,1.2000000000000002,1.6,88.0,,,,,,,,1024.0,0.05,7m,0.5,0.7,1.2000000000000002,368.0,,,,,,,,0.05,3,COMPLETE
81,81,0.1543717788333761,2025-06-16 00:39:06.440263,2025-06-16 00:39:08.085644,0 days 00:00:01.645381,,,,,,,,,,,,,,,,,,,,,,816,0.025,2m,1.2000000000000002,1.5,1.3,960,,,,,,,,,,,,,,,440.0,0.025,10m,1.1,1.0,1.6,48.0,,,,,,,,,,,,,,,,,,,,,,0.1,2,COMPLETE
82,82,-0.9392588216007494,2025-06-16 00:39:08.137519,2025-06-16 00:39:09.839574,0 days 00:00:01.702055,,,,,,,,,,,,,,,,,,,,,,864,0.05,3m,1.2000000000000002,0.6,1.4000000000000001,1000,,,,,,,,,,,,,,,512.0,0.025,10m,1.1,1.2000000000000002,1.7000000000000002,128.0,,,,,,,,,,,,,,,,,,,,,,0.45,2,COMPLETE
83,83,-0.031087409971669987,2025-06-16 00:39:09.897985,2025-06-16 00:39:10.685786,0 days 00:00:00.787801,,,,,,,,,,,,,,,,,,,,,,776,0.05,5m,1.4,1.1,1.4000000000000001,688,,,,,,,,,,,,,,,,,,,,,,,,,,,,,,,,,,,,,,,,,,,0.1,1,COMPLETE
84,84,-1.0163928370270117,2025-06-16 00:39:10.751105,2025-06-16 00:39:12.656555,0 days 00:00:01.905450,,,,,,,,,,,,,,,,,,,,,,912,0.05,3m,1.1,1.3,1.5,960,,,,,,,,,,,,,,,232.0,0.025,10m,1.5,1.1,1.6,48.0,,,,,,,,,,,,,,,,,,,,,,0.45,2,COMPLETE
85,85,-0.3516136898586774,2025-06-16 00:39:12.703284,2025-06-16 00:39:17.476491,0 days 00:00:04.773207,,,,,,,,,,,,,,,,,,,,,,744,0.05,8m,0.8,1.3,1.8000000000000003,856,,,,,,,,,,,,,,,424.0,0.025,10m,0.8,0.5,1.8000000000000003,96.0,,,,,,,,152.0,0.025,6m,0.7,1.3,1.1,24.0,,,,,,,,0.4,3,COMPLETE
86,86,-5.452472642937563,2025-06-16 00:39:17.594936,2025-06-16 00:39:34.035922,0 days 00:00:16.440986,40.0,0.025,10m,1.2000000000000002,1.2000000000000002,1.3,568.0,40.0,0.05,10m,1.0,1.1,1.5,1008.0,528.0,0.05,10m,1.0,1.1,1.3,200.0,888,0.05,7m,0.7,1.0,1.3,440,56.0,0.05,1m,1.5,1.5,1.1,24.0,152.0,0.05,4m,0.7,0.9,1.8000000000000003,360.0,552.0,0.025,1m,1.2000000000000002,1.0,1.7000000000000002,672.0,680.0,0.05,3m,0.5,0.8,2.0,320.0,288.0,0.05,3m,0.6,0.8,1.9000000000000001,960.0,1000.0,0.025,1m,1.4,1.5,1.1,16.0,0.05,10,COMPLETE
87,87,0.7349090664440305,2025-06-16 00:39:34.140938,2025-06-16 00:39:35.808661,0 days 00:00:01.667723,,,,,,,,,,,,,,,,,,,,,,848,0.05,3m,0.8,1.1,1.9000000000000001,568,,,,,,,,,,,,,,,480.0,0.025,9m,1.0,0.7,1.5,16.0,,,,,,,,,,,,,,,,,,,,,,0.1,2,COMPLETE
88,88,-1.287964014784386,2025-06-16 00:39:35.867405,2025-06-16 00:39:36.779060,0 days 00:00:00.911655,,,,,,,,,,,,,,,,,,,,,,688,0.05,3m,0.9,1.2000000000000002,1.9000000000000001,552,,,,,,,,,,,,,,,,,,,,,,,,,,,,,,,,,,,,,,,,,,,0.1,1,COMPLETE
89,89,-3.4203129254618645,2025-06-16 00:39:36.845881,2025-06-16 00:39:39.330294,0 days 00:00:02.484413,,,,,,,,,,,,,,,,,,,,,,848,0.025,4m,0.8,1.1,2.0,304,,,,,,,,,,,,,,,520.0,0.025,9m,1.0,0.7,1.5,464.0,,,,,,,,680.0,0.025,4m,1.0,1.1,1.2000000000000002,736.0,,,,,,,,0.1,3,COMPLETE
90,90,-18.368335739011084,2025-06-16 00:39:39.408963,2025-06-16 00:39:40.957817,0 days 00:00:01.548854,,,,,,,,,,,,,,,,,,,,,,976,0.05,1m,0.7,1.2000000000000002,1.9000000000000001,888,,,,,,,,,,,,,,,472.0,0.025,9m,0.9,0.6,1.1,16.0,,,,,,,,,,,,,,,,,,,,,,0.05,2,COMPLETE
91,91,-0.9534817519367211,2025-06-16 00:39:41.014773,2025-06-16 00:39:42.662280,0 days 00:00:01.647507,,,,,,,,,,,,,,,,,,,,,,824,0.05,3m,0.8,1.1,1.8000000000000003,616,,,,,,,,,,,,,,,368.0,0.025,9m,1.1,0.6,1.5,72.0,,,,,,,,,,,,,,,,,,,,,,0.15000000000000002,2,COMPLETE
92,92,-2.996390692178544,2025-06-16 00:39:42.714613,2025-06-16 00:39:44.393834,0 days 00:00:01.679221,,,,,,,,,,,,,,,,,,,,,,864,0.05,3m,0.8,1.0,1.4000000000000001,1000,,,,,,,,,,,,,,,336.0,0.025,7m,1.0,1.1,1.6,40.0,,,,,,,,,,,,,,,,,,,,,,0.25,2,COMPLETE
93,93,0.24928234101148472,2025-06-16 00:39:44.448582,2025-06-16 00:39:45.437634,0 days 00:00:00.989052,,,,,,,,,,,,,,,,,,,,,,808,0.05,3m,0.8,1.4,1.4000000000000001,920,,,,,,,,,,,,,,,,,,,,,,,,,,,,,,,,,,,,,,,,,,,0.2,1,COMPLETE
94,94,-0.9734451477249789,2025-06-16 00:39:45.483455,2025-06-16 00:39:47.182117,0 days 00:00:01.698662,,,,,,,,,,,,,,,,,,,,,,936,0.05,3m,0.9,1.1,1.6,968,,,,,,,,,,,,,,,288.0,0.025,8m,1.1,0.7,1.3,128.0,,,,,,,,,,,,,,,,,,,,,,0.1,2,COMPLETE
95,95,-2.1323706008085135,2025-06-16 00:39:47.236996,2025-06-16 00:39:48.888870,0 days 00:00:01.651874,,,,,,,,,,,,,,,,,,,,,,888,0.05,3m,0.7,0.7,1.9000000000000001,1024,,,,,,,,,,,,,,,488.0,0.025,3m,1.1,1.1,1.4000000000000001,80.0,,,,,,,,,,,,,,,,,,,,,,0.4,2,COMPLETE
96,96,-0.3448272532827106,2025-06-16 00:39:48.944581,2025-06-16 00:39:49.910362,0 days 00:00:00.965781,,,,,,,,,,,,,,,,,,,,,,768,0.05,3m,0.8,1.2000000000000002,1.8000000000000003,944,,,,,,,,,,,,,,,,,,,,,,,,,,,,,,,,,,,,,,,,,,,0.15000000000000002,1,COMPLETE
97,97,-2.2462063452222094,2025-06-16 00:39:49.979423,2025-06-16 00:39:52.488250,0 days 00:00:02.508827,,,,,,,,,,,,,,,,,,,,,,728,0.05,10m,0.9,1.0,1.5,904,,,,,,,,,,,,,,,424.0,0.025,9m,1.3,1.2000000000000002,1.6,16.0,,,,,,,,416.0,0.05,2m,1.1,1.4,1.9000000000000001,616.0,,,,,,,,0.45,3,COMPLETE
98,98,-3.1063977919754397,2025-06-16 00:39:52.546016,2025-06-16 00:39:57.710124,0 days 00:00:05.164108,208.0,0.05,7m,0.7,0.8,1.8000000000000003,192.0,,,,,,,,848.0,0.025,7m,0.8,0.6,1.6,456.0,912,0.05,3m,0.6,1.3,1.4000000000000001,816,,,,,,,,368.0,0.025,7m,1.3,0.6,1.9000000000000001,520.0,632.0,0.025,6m,1.0,0.5,1.7000000000000002,336.0,264.0,0.025,4m,1.2000000000000002,1.5,1.7000000000000002,40.0,368.0,0.025,8m,1.2000000000000002,1.3,1.5,256.0,,,,,,,,0.2,7,COMPLETE
99,99,-0.5277927074096331,2025-06-16 00:39:57.765651,2025-06-16 00:40:00.066008,0 days 00:00:02.300357,,,,,,,,,,,,,,,,,,,,,,848,0.05,7m,0.8,1.1,1.7000000000000002,1000,,,,,,,,,,,,,,,192.0,0.025,4m,1.2000000000000002,0.9,1.5,168.0,,,,,,,,952.0,0.05,5m,0.9,1.5,1.7000000000000002,688.0,,,,,,,,0.05,3,COMPLETE
100,100,-1.5777276526847164,2025-06-16 00:40:00.128918,2025-06-16 00:40:06.762592,0 days 00:00:06.633674,832.0,0.025,3m,1.1,1.3,1.2000000000000002,952.0,736.0,0.025,6m,1.5,1.1,1.6,408.0,696.0,0.05,3m,1.4,0.9,2.0,624.0,952,0.05,9m,0.8,1.5,1.3,512,,,,,,,,520.0,0.05,5m,0.9,0.8,1.3,744.0,136.0,0.025,10m,1.2000000000000002,1.2000000000000002,1.6,56.0,1016.0,0.05,2m,0.9,0.7,1.3,336.0,832.0,0.05,10m,0.7,0.5,1.4000000000000001,1024.0,136.0,0.025,4m,0.5,1.1,1.6,984.0,0.05,9,COMPLETE
101,101,-3.1068468174190453,2025-06-16 00:40:06.828095,2025-06-16 00:40:10.171048,0 days 00:00:03.342953,,,,,,,,,,,,,,,,,,,,,,1000,0.025,7m,1.3,1.4,1.6,904,,,,,,,,912.0,0.025,2m,1.1,1.4,1.5,120.0,568.0,0.025,6m,1.0,1.1,1.3,104.0,,,,,,,,776.0,0.025,10m,0.8,1.1,1.6,472.0,,,,,,,,0.05,4,COMPLETE
102,102,-0.31399614789877706,2025-06-16 00:40:10.233794,2025-06-16 00:40:14.338747,0 days 00:00:04.104953,,,,,,,,,,,,,,,408.0,0.025,2m,1.0,1.0,1.8000000000000003,1016.0,872,0.025,7m,1.3,1.3,1.6,928,,,,,,,,688.0,0.025,2m,1.1,1.4,1.5,104.0,536.0,0.025,6m,1.0,1.0,1.4000000000000001,88.0,,,,,,,,904.0,0.025,10m,0.8,0.9,1.6,376.0,,,,,,,,0.05,5,COMPLETE
103,103,-1.997827479826085,2025-06-16 00:40:14.425609,2025-06-16 00:40:17.761321,0 days 00:00:03.335712,,,,,,,,,,,,,,,,,,,,,,824,0.025,7m,1.2000000000000002,1.4,1.6,976,,,,,,,,840.0,0.025,2m,1.3,1.2000000000000002,1.3,256.0,576.0,0.025,6m,1.0,1.1,1.4000000000000001,144.0,,,,,,,,816.0,0.025,10m,0.9,0.6,1.8000000000000003,536.0,,,,,,,,0.1,4,COMPLETE
104,104,-0.22724012415845796,2025-06-16 00:40:17.817574,2025-06-16 00:40:19.684936,0 days 00:00:01.867362,,,,,,,,,,,,,,,,,,,,,,976,0.025,3m,1.4,1.4,1.5,848,,,,,,,,,,,,,,,488.0,0.025,6m,1.1,1.1,1.7000000000000002,64.0,,,,,,,,,,,,,,,,,,,,,,0.05,2,COMPLETE
105,105,-7.775243689298998,2025-06-16 00:40:19.749044,2025-06-16 00:40:22.330866,0 days 00:00:02.581822,,,,,,,,,,,,,,,,,,,,,,1008,0.025,2m,0.7,1.1,1.4000000000000001,888,,,,,,,,,,,,,,,704.0,0.025,10m,0.9,1.0,1.3,32.0,,,,,,,,736.0,0.025,1m,0.6,1.0,2.0,568.0,,,,,,,,0.1,3,COMPLETE
106,106,-0.6500677727442474,2025-06-16 00:40:22.417763,2025-06-16 00:40:24.173805,0 days 00:00:01.756042,,,,,,,,,,,,,,,,,,,,,,928,0.025,6m,1.3,1.2000000000000002,1.7000000000000002,944,,,,,,,,,,,,,,,448.0,0.025,8m,1.1,0.6,1.7000000000000002,104.0,,,,,,,,,,,,,,,,,,,,,,0.5,2,COMPLETE
107,107,-1.395389454618923,2025-06-16 00:40:24.221761,2025-06-16 00:40:26.865142,0 days 00:00:02.643381,,,,,,,,,,,,,,,,,,,,,,896,0.05,3m,0.9,1.0,2.0,472,,,,,,,,,,,,,,,384.0,0.025,9m,0.8,1.2000000000000002,1.6,40.0,,,,,,,,976.0,0.025,10m,0.7,1.2000000000000002,1.1,784.0,,,,,,,,0.05,3,COMPLETE
108,108,-4.619709821501395,2025-06-16 00:40:26.920957,2025-06-16 00:40:28.693804,0 days 00:00:01.772847,,,,,,,,,,,,,,,,,,,,,,1024,0.05,7m,1.3,1.5,1.6,64,,,,,,,,,,,,,,,592.0,0.025,10m,1.0,1.3,1.5,208.0,,,,,,,,,,,,,,,,,,,,,,0.15000000000000002,2,COMPLETE
109,109,0.04916156742710936,2025-06-16 00:40:28.757714,2025-06-16 00:40:29.684491,0 days 00:00:00.926777,,,,,,,,,,,,,,,,,,,,,,840,0.05,5m,0.8,1.1,1.5,1008,,,,,,,,,,,,,,,,,,,,,,,,,,,,,,,,,,,,,,,,,,,0.2,1,COMPLETE
110,110,-0.9950077209984322,2025-06-16 00:40:29.761505,2025-06-16 00:40:31.596406,0 days 00:00:01.834901,,,,,,,,,,,,,,,,,,,,,,808,0.05,3m,0.7,0.9,1.4000000000000001,872,,,,,,,,,,,,,,,832.0,0.05,2m,1.3,1.1,1.8000000000000003,168.0,,,,,,,,,,,,,,,,,,,,,,0.35000000000000003,2,COMPLETE
111,111,0.19270177018187876,2025-06-16 00:40:31.643752,2025-06-16 00:40:33.588564,0 days 00:00:01.944812,,,,,,,,,,,,,,,,,,,,,,920,0.05,3m,1.4,0.8,1.5,992,,,,,,,,,,,,,,,392.0,0.025,10m,1.4,0.6,1.7000000000000002,144.0,,,,,,,,,,,,,,,,,,,,,,0.1,2,COMPLETE
112,112,-0.5064052237176521,2025-06-16 00:40:33.635634,2025-06-16 00:40:35.474631,0 days 00:00:01.838997,,,,,,,,,,,,,,,,,,,,,,952,0.05,3m,0.8,0.8,1.5,976,,,,,,,,,,,,,,,432.0,0.025,10m,1.3,0.5,1.7000000000000002,64.0,,,,,,,,,,,,,,,,,,,,,,0.1,2,COMPLETE
113,113,-0.34441991776811587,2025-06-16 00:40:35.533318,2025-06-16 00:40:37.380123,0 days 00:00:01.846805,,,,,,,,,,,,,,,,,,,,,,872,0.05,3m,1.5,0.7,1.5,960,,,,,,,,,,,,,,,408.0,0.025,10m,1.3,0.7,1.7000000000000002,256.0,,,,,,,,,,,,,,,,,,,,,,0.1,2,COMPLETE
114,114,-30.442666246863496,2025-06-16 00:40:37.439957,2025-06-16 00:40:40.765077,0 days 00:00:03.325120,,,,,,,,,,,,,,,,,,,,,,936,0.05,8m,1.5,0.6,1.6,912,,,,,,,,912.0,0.025,1m,0.8,1.3,1.1,416.0,352.0,0.025,10m,1.2000000000000002,0.6,1.8000000000000003,88.0,,,,,,,,872.0,0.025,9m,1.1,0.8,1.5,488.0,,,,,,,,0.3,4,COMPLETE
115,115,-0.2715134130515587,2025-06-16 00:40:40.824028,2025-06-16 00:40:42.730713,0 days 00:00:01.906685,,,,,,,,,,,,,,,,,,,,,,904,0.05,3m,1.1,0.5,1.4000000000000001,936,,,,,,,,,,,,,,,248.0,0.025,5m,1.2000000000000002,1.1,1.6,128.0,,,,,,,,,,,,,,,,,,,,,,0.05,2,COMPLETE
116,116,-0.11316630306592912,2025-06-16 00:40:42.780658,2025-06-16 00:40:43.784112,0 days 00:00:01.003454,,,,,,,,,,,,,,,,,,,,,,176,0.05,3m,1.5,1.0,1.4000000000000001,776,,,,,,,,,,,,,,,,,,,,,,,,,,,,,,,,,,,,,,,,,,,0.15000000000000002,1,COMPLETE
117,117,-1.9086700680501045,2025-06-16 00:40:43.832457,2025-06-16 00:40:46.505115,0 days 00:00:02.672658,,,,,,,,,,,,,,,,,,,,,,880,0.05,3m,1.2000000000000002,0.9,1.5,1000,,,,,,,,,,,,,,,480.0,0.025,10m,1.5,1.1,1.7000000000000002,32.0,,,,,,,,568.0,0.025,5m,1.0,1.1,1.3,424.0,,,,,,,,0.1,3,COMPLETE
118,118,-2.1836151019150702,2025-06-16 00:40:46.580894,2025-06-16 00:40:49.202592,0 days 00:00:02.621698,,,,,,,,,,,,,,,,,,,,,,856,0.025,4m,1.4,1.1,1.9000000000000001,184,,,,,,,,,,,,,,,448.0,0.025,6m,1.3,1.0,1.4000000000000001,152.0,,,,,,,,680.0,0.025,4m,0.5,1.5,1.4000000000000001,168.0,,,,,,,,0.45,3,COMPLETE
119,119,-26.234635995146558,2025-06-16 00:40:49.280407,2025-06-16 00:40:50.985219,0 days 00:00:01.704812,,,,,,,,,,,,,,,,,,,,,,968,0.05,1m,0.8,1.0,1.4000000000000001,1024,,,,,,,,,,,,,,,504.0,0.025,1m,1.1,0.6,1.2000000000000002,384.0,,,,,,,,,,,,,,,,,,,,,,0.05,2,COMPLETE
120,120,0.11732166872271117,2025-06-16 00:40:51.047011,2025-06-16 00:40:52.028881,0 days 00:00:00.981870,,,,,,,,,,,,,,,,,,,,,,784,0.05,3m,0.9,1.4,1.7000000000000002,984,,,,,,,,,,,,,,,,,,,,,,,,,,,,,,,,,,,,,,,,,,,0.1,1,COMPLETE
121,121,0.49756365780332534,2025-06-16 00:40:52.091781,2025-06-16 00:40:53.864938,0 days 00:00:01.773157,,,,,,,,,,,,,,,,,,,,,,808,0.05,3m,1.4,0.9,1.4000000000000001,968,,,,,,,,,,,,,,,408.0,0.025,10m,1.2000000000000002,0.5,1.7000000000000002,104.0,,,,,,,,,,,,,,,,,,,,,,0.15000000000000002,2,COMPLETE
122,122,0.4971174959150242,2025-06-16 00:40:53.932004,2025-06-16 00:40:55.791146,0 days 00:00:01.859142,,,,,,,,,,,,,,,,,,,,,,840,0.05,3m,1.4,0.9,1.4000000000000001,968,,,,,,,,,,,,,,,408.0,0.025,10m,1.2000000000000002,0.5,1.7000000000000002,104.0,,,,,,,,,,,,,,,,,,,,,,0.25,2,COMPLETE
123,123,0.15272686217402276,2025-06-16 00:40:55.859606,2025-06-16 00:40:57.538251,0 days 00:00:01.678645,,,,,,,,,,,,,,,,,,,,,,832,0.05,3m,1.4,0.9,1.3,952,,,,,,,,,,,,,,,304.0,0.025,10m,1.2000000000000002,0.5,1.6,104.0,,,,,,,,,,,,,,,,,,,,,,0.25,2,COMPLETE
124,124,0.8560168588762886,2025-06-16 00:40:57.627578,2025-06-16 00:40:59.462903,0 days 00:00:01.835325,,,,,,,,,,,,,,,,,,,,,,792,0.05,3m,1.4,1.0,1.4000000000000001,904,,,,,,,,,,,,,,,464.0,0.025,10m,1.2000000000000002,0.5,1.7000000000000002,64.0,,,,,,,,,,,,,,,,,,,,,,0.2,2,COMPLETE
125,125,0.8842078392350705,2025-06-16 00:40:59.516013,2025-06-16 00:41:01.326639,0 days 00:00:01.810626,,,,,,,,,,,,,,,,,,,,,,760,0.05,3m,1.4,0.9,1.4000000000000001,968,,,,,,,,,,,,,,,456.0,0.025,10m,1.2000000000000002,0.5,1.7000000000000002,72.0,,,,,,,,,,,,,,,,,,,,,,0.2,2,COMPLETE
126,126,0.8033807457569196,2025-06-16 00:41:01.387770,2025-06-16 00:41:03.111713,0 days 00:00:01.723943,,,,,,,,,,,,,,,,,,,,,,768,0.05,3m,1.4,0.9,1.4000000000000001,920,,,,,,,,,,,,,,,456.0,0.025,10m,1.2000000000000002,0.5,1.7000000000000002,72.0,,,,,,,,,,,,,,,,,,,,,,0.2,2,COMPLETE
127,127,-0.10572977846247719,2025-06-16 00:41:03.176295,2025-06-16 00:41:04.277562,0 days 00:00:01.101267,,,,,,,,,,,,,,,,,,,,,,768,0.05,3m,1.4,1.0,1.3,888,,,,,,,,,,,,,,,,,,,,,,,,,,,,,,,,,,,,,,,,,,,0.2,1,COMPLETE
128,128,0.3185289578614169,2025-06-16 00:41:04.329150,2025-06-16 00:41:06.011870,0 days 00:00:01.682720,,,,,,,,,,,,,,,,,,,,,,672,0.05,3m,1.4,0.9,1.4000000000000001,912,,,,,,,,,,,,,,,464.0,0.025,10m,1.2000000000000002,0.5,1.8000000000000003,72.0,,,,,,,,,,,,,,,,,,,,,,0.2,2,COMPLETE
129,129,0.09704657434403377,2025-06-16 00:41:06.057070,2025-06-16 00:41:07.833443,0 days 00:00:01.776373,,,,,,,,,,,,,,,,,,,,,,720,0.05,3m,1.4,0.9,1.4000000000000001,320,,,,,,,,,,,,,,,520.0,0.025,10m,1.1,0.5,1.7000000000000002,32.0,,,,,,,,,,,,,,,,,,,,,,0.2,2,COMPLETE
130,130,-0.21017187810877996,2025-06-16 00:41:07.888250,2025-06-16 00:41:08.890396,0 days 00:00:01.002146,,,,,,,,,,,,,,,,,,,,,,752,0.05,10m,1.4,1.0,1.4000000000000001,936,,,,,,,,,,,,,,,,,,,,,,,,,,,,,,,,,,,,,,,,,,,0.2,1,COMPLETE
