,number,value,datetime_start,datetime_complete,duration,params_ADP_XEL_beta_win,params_ADP_XEL_stop_loss,params_ADP_XEL_trade_freq,params_ADP_XEL_z_entry,params_ADP_XEL_z_exit,params_ADP_XEL_z_stop_scaler,params_ADP_XEL_z_win,params_AEP_MELI_beta_win,params_AEP_MELI_stop_loss,params_AEP_MELI_trade_freq,params_AEP_MELI_z_entry,params_AEP_MELI_z_exit,params_AEP_MELI_z_stop_scaler,params_AEP_MELI_z_win,params_AXON_MSTR_beta_win,params_AXON_MSTR_stop_loss,params_AXON_MSTR_trade_freq,params_AXON_MSTR_z_entry,params_AXON_MSTR_z_exit,params_AXON_MSTR_z_stop_scaler,params_AXON_MSTR_z_win,params_BIIB_MCHP_beta_win,params_BIIB_MCHP_stop_loss,params_BIIB_MCHP_trade_freq,params_BIIB_MCHP_z_entry,params_BIIB_MCHP_z_exit,params_BIIB_MCHP_z_stop_scaler,params_BIIB_MCHP_z_win,params_CDW_IDXX_beta_win,params_CDW_IDXX_stop_loss,params_CDW_IDXX_trade_freq,params_CDW_IDXX_z_entry,params_CDW_IDXX_z_exit,params_CDW_IDXX_z_stop_scaler,params_CDW_IDXX_z_win,params_CMCSA_INTU_beta_win,params_CMCSA_INTU_stop_loss,params_CMCSA_INTU_trade_freq,params_CMCSA_INTU_z_entry,params_CMCSA_INTU_z_exit,params_CMCSA_INTU_z_stop_scaler,params_CMCSA_INTU_z_win,params_CSCO_DASH_beta_win,params_CSCO_DASH_stop_loss,params_CSCO_DASH_trade_freq,params_CSCO_DASH_z_entry,params_CSCO_DASH_z_exit,params_CSCO_DASH_z_stop_scaler,params_CSCO_DASH_z_win,params_DASH_FTNT_beta_win,params_DASH_FTNT_stop_loss,params_DASH_FTNT_trade_freq,params_DASH_FTNT_z_entry,params_DASH_FTNT_z_exit,params_DASH_FTNT_z_stop_scaler,params_DASH_FTNT_z_win,params_NFLX_PLTR_beta_win,params_NFLX_PLTR_stop_loss,params_NFLX_PLTR_trade_freq,params_NFLX_PLTR_z_entry,params_NFLX_PLTR_z_exit,params_NFLX_PLTR_z_stop_scaler,params_NFLX_PLTR_z_win,params_PAYX_XEL_beta_win,params_PAYX_XEL_stop_loss,params_PAYX_XEL_trade_freq,params_PAYX_XEL_z_entry,params_PAYX_XEL_z_exit,params_PAYX_XEL_z_stop_scaler,params_PAYX_XEL_z_win,params_buffer_capital,params_pairs_to_trade,state
0,0,-0.25334754927335323,2025-06-16 00:59:17.855907,2025-06-16 00:59:20.467503,0 days 00:00:02.611596,320.0,0.05,6m,1.4,0.6,1.1,320.0,344,0.05,5m,1.3,0.9,1.1,504,,,,,,,,,,,,,,,,,,,,,,,,,,,,,,,,,,,,,,,,,,,296.0,0.025,10m,1.5,0.9,1.6,248.0,,,,,,,,0.2,3,COMPLETE
1,1,-5.544665427175669,2025-06-16 00:59:20.538961,2025-06-16 00:59:27.340450,0 days 00:00:06.801489,576.0,0.025,10m,0.7,1.3,1.1,384.0,984,0.025,6m,1.0,1.2000000000000002,1.6,592,808.0,0.05,7m,1.5,0.7,1.7000000000000002,1008.0,176.0,0.05,9m,0.9,0.8,1.7000000000000002,464.0,152.0,0.025,9m,0.7,1.2000000000000002,1.6,1016.0,216.0,0.025,8m,0.8,1.0,2.0,712.0,488.0,0.05,7m,1.4,1.4,1.6,512.0,40.0,0.05,1m,0.6,0.6,1.1,416.0,112.0,0.05,3m,1.2000000000000002,1.2000000000000002,1.4000000000000001,288.0,,,,,,,,0.3,9,COMPLETE
2,2,1.3833026642424324,2025-06-16 00:59:27.400367,2025-06-16 00:59:34.026978,0 days 00:00:06.626611,496.0,0.05,7m,1.5,1.1,1.6,672.0,584,0.025,8m,1.3,0.6,1.6,376,432.0,0.05,3m,1.0,1.5,1.4000000000000001,280.0,488.0,0.05,7m,0.6,1.4,1.3,352.0,96.0,0.05,9m,0.7,1.0,1.1,560.0,384.0,0.05,9m,1.3,1.0,1.5,384.0,920.0,0.025,9m,0.7,0.7,2.0,608.0,888.0,0.05,5m,1.4,0.9,1.2000000000000002,456.0,368.0,0.05,8m,0.7,1.0,1.9000000000000001,376.0,,,,,,,,0.15000000000000002,9,COMPLETE
3,3,-1.3642170567693876,2025-06-16 00:59:34.091821,2025-06-16 00:59:37.234018,0 days 00:00:03.142197,848.0,0.025,6m,0.9,1.3,1.1,672.0,264,0.05,10m,1.5,0.5,1.6,720,,,,,,,,,,,,,,,,,,,,,,,,,,,,,,,,,,,,600.0,0.05,10m,0.9,1.3,1.5,224.0,144.0,0.05,4m,0.5,0.7,1.5,632.0,,,,,,,,0.05,4,COMPLETE
4,4,-0.6957261854934848,2025-06-16 00:59:37.291600,2025-06-16 00:59:43.214442,0 days 00:00:05.922842,112.0,0.025,3m,0.6,0.6,1.9000000000000001,248.0,216,0.025,10m,1.2000000000000002,0.7,1.7000000000000002,480,344.0,0.05,4m,0.6,1.0,1.9000000000000001,600.0,,,,,,,,816.0,0.05,7m,1.5,1.3,2.0,1008.0,88.0,0.025,8m,1.5,0.7,1.3,848.0,392.0,0.025,5m,1.4,0.8,1.1,144.0,656.0,0.05,6m,0.6,1.2000000000000002,1.9000000000000001,208.0,864.0,0.05,2m,1.4,0.9,2.0,168.0,,,,,,,,0.4,8,COMPLETE
5,5,-22.65902005517659,2025-06-16 00:59:43.285609,2025-06-16 00:59:47.951985,0 days 00:00:04.666376,224.0,0.025,8m,0.7,1.1,1.2000000000000002,984.0,792,0.025,5m,1.5,1.0,1.6,528,288.0,0.025,4m,0.9,0.7,1.4000000000000001,912.0,,,,,,,,,,,,,,,936.0,0.025,1m,0.6,1.2000000000000002,1.6,976.0,,,,,,,,1000.0,0.025,9m,1.4,0.5,1.4000000000000001,320.0,800.0,0.025,10m,0.8,0.7,1.2000000000000002,552.0,,,,,,,,0.35000000000000003,6,COMPLETE
6,6,-0.2299453703325787,2025-06-16 00:59:48.019068,2025-06-16 00:59:51.176957,0 days 00:00:03.157889,720.0,0.025,4m,0.7,1.5,1.2000000000000002,784.0,608,0.05,2m,1.4,1.5,1.3,472,,,,,,,,,,,,,,,,,,,,,,,,,,,,,,,,,,,,224.0,0.025,2m,1.0,0.5,1.2000000000000002,832.0,672.0,0.05,4m,1.4,0.6,1.2000000000000002,776.0,,,,,,,,0.4,4,COMPLETE
7,7,-1.6221784208104304,2025-06-16 00:59:51.239507,2025-06-16 00:59:54.380247,0 days 00:00:03.140740,992.0,0.025,2m,1.2000000000000002,1.3,1.1,720.0,392,0.05,7m,0.6,1.2000000000000002,1.1,104,,,,,,,,,,,,,,,,,,,,,,,,,,,,,,,,,,,,624.0,0.025,8m,1.1,1.3,1.2000000000000002,528.0,264.0,0.025,5m,1.3,0.6,1.5,240.0,,,,,,,,0.3,4,COMPLETE
8,8,-0.37642732771217546,2025-06-16 00:59:54.464311,2025-06-16 00:59:56.002628,0 days 00:00:01.538317,,,,,,,,704,0.05,7m,0.5,0.8,1.9000000000000001,256,,,,,,,,,,,,,,,,,,,,,,,,,,,,,,,,,,,,,,,,,,,944.0,0.05,3m,1.4,1.3,1.4000000000000001,960.0,,,,,,,,0.3,2,COMPLETE
9,9,0.8807603913606769,2025-06-16 00:59:56.072605,2025-06-16 01:00:01.513247,0 days 00:00:05.440642,344.0,0.025,10m,0.7,1.0,1.5,40.0,560,0.025,4m,0.5,0.6,1.3,528,264.0,0.025,6m,0.8,0.9,1.1,536.0,,,,,,,,976.0,0.05,10m,0.7,0.9,1.8000000000000003,280.0,584.0,0.025,1m,1.3,0.8,1.1,744.0,,,,,,,,312.0,0.025,8m,1.0,0.7,1.7000000000000002,792.0,952.0,0.05,1m,0.7,0.6,1.8000000000000003,496.0,,,,,,,,0.1,7,COMPLETE
10,10,-1.5327054964448903,2025-06-16 01:00:01.591947,2025-06-16 01:00:09.452068,0 days 00:00:07.860121,528.0,0.05,7m,1.5,0.9,1.8000000000000003,544.0,32,0.025,8m,1.0,0.5,2.0,984,712.0,0.05,3m,1.3,1.5,1.4000000000000001,16.0,840.0,0.05,7m,0.5,1.5,1.1,48.0,72.0,0.05,8m,0.5,0.6,1.1,544.0,480.0,0.05,9m,1.1,1.5,1.6,240.0,1024.0,0.025,9m,0.5,0.5,2.0,984.0,936.0,0.05,5m,1.5,0.9,1.4000000000000001,32.0,488.0,0.025,8m,1.0,1.5,2.0,48.0,632.0,0.025,8m,1.3,0.5,1.6,272.0,0.5,10,COMPLETE
11,11,2.858550630348871,2025-06-16 01:00:09.536579,2025-06-16 01:00:15.049011,0 days 00:00:05.512432,368.0,0.05,9m,1.1,0.9,1.5,104.0,520,0.025,4m,0.8,0.7,1.4000000000000001,272,24.0,0.025,6m,0.9,1.5,1.1,296.0,,,,,,,,944.0,0.05,10m,0.9,0.8,1.8000000000000003,240.0,592.0,0.05,9m,1.3,0.7,1.1,408.0,,,,,,,,344.0,0.025,5m,1.2000000000000002,0.9,1.8000000000000003,800.0,544.0,0.05,1m,0.6,1.0,1.8000000000000003,408.0,,,,,,,,0.1,7,COMPLETE
12,12,1.0350547863481039,2025-06-16 01:00:15.122671,2025-06-16 01:00:21.281696,0 days 00:00:06.159025,424.0,0.05,9m,1.2000000000000002,0.8,1.6,32.0,824,0.025,4m,0.8,0.7,1.4000000000000001,248,32.0,0.025,10m,1.1,1.5,1.1,208.0,,,,,,,,536.0,0.05,6m,1.1,0.8,1.1,448.0,520.0,0.05,9m,1.2000000000000002,0.6,1.3,312.0,1024.0,0.025,6m,0.7,0.9,2.0,696.0,400.0,0.025,5m,1.3,0.9,2.0,1016.0,496.0,0.05,9m,0.5,1.1,1.8000000000000003,440.0,,,,,,,,0.15000000000000002,8,COMPLETE
13,13,-5.2384197227778895,2025-06-16 01:00:21.408352,2025-06-16 01:00:29.326086,0 days 00:00:07.917734,24.0,0.05,1m,1.1,0.8,1.5,512.0,456,0.025,8m,0.8,0.8,1.8000000000000003,288,40.0,0.025,3m,1.1,1.3,1.3,296.0,480.0,0.025,7m,0.5,1.5,1.2000000000000002,1016.0,424.0,0.025,3m,1.0,1.0,1.4000000000000001,16.0,808.0,0.05,9m,1.5,1.0,1.9000000000000001,456.0,24.0,0.05,3m,0.9,0.5,1.6,424.0,800.0,0.05,3m,1.2000000000000002,1.1,1.8000000000000003,616.0,624.0,0.05,1m,0.7,1.0,1.8000000000000003,360.0,216.0,0.05,1m,0.5,1.5,1.1,888.0,0.2,10,COMPLETE
14,14,1.7698695422014055,2025-06-16 01:00:29.389483,2025-06-16 01:00:34.173533,0 days 00:00:04.784050,664.0,0.05,9m,1.3,1.1,1.7000000000000002,960.0,600,0.025,3m,1.2000000000000002,0.6,1.4000000000000001,16,584.0,0.05,9m,0.7,1.3,1.6,320.0,,,,,,,,,,,,,,,384.0,0.05,10m,0.9,0.5,1.3,88.0,,,,,,,,432.0,0.025,5m,1.5,1.5,1.7000000000000002,696.0,376.0,0.05,6m,0.9,0.9,1.7000000000000002,632.0,,,,,,,,0.05,6,COMPLETE
15,15,0.23525521744150615,2025-06-16 01:00:34.240375,2025-06-16 01:00:38.867128,0 days 00:00:04.626753,680.0,0.05,9m,1.0,1.1,1.7000000000000002,976.0,1016,0.025,3m,0.8,1.1,1.4000000000000001,32,624.0,0.025,8m,0.5,1.2000000000000002,1.7000000000000002,392.0,,,,,,,,,,,,,,,704.0,0.05,10m,0.9,0.5,1.1,24.0,,,,,,,,432.0,0.025,4m,1.5,1.5,1.7000000000000002,712.0,416.0,0.05,6m,0.9,0.8,1.7000000000000002,736.0,,,,,,,,0.05,6,COMPLETE
16,16,-4.794875710555796,2025-06-16 01:00:38.933989,2025-06-16 01:00:44.119354,0 days 00:00:05.185365,664.0,0.05,9m,1.3,0.8,1.4000000000000001,152.0,704,0.025,3m,1.1,0.9,1.4000000000000001,128,1024.0,0.05,9m,0.7,1.2000000000000002,1.6,88.0,,,,,,,,696.0,0.025,10m,1.1,0.5,2.0,48.0,280.0,0.05,6m,0.7,0.5,1.3,24.0,,,,,,,,176.0,0.025,7m,0.8,1.5,1.7000000000000002,872.0,664.0,0.05,6m,1.1,1.3,1.7000000000000002,896.0,,,,,,,,0.05,7,COMPLETE
17,17,3.1688445158509833,2025-06-16 01:00:44.190527,2025-06-16 01:00:48.014813,0 days 00:00:03.824286,816.0,0.05,5m,0.9,0.5,1.9000000000000001,832.0,488,0.025,9m,0.9,0.7,1.2000000000000002,160,544.0,0.025,2m,0.8,1.3,2.0,768.0,,,,,,,,,,,,,,,,,,,,,,,,,,,,,488.0,0.025,5m,1.2000000000000002,0.8,2.0,1000.0,232.0,0.025,7m,0.9,1.1,1.6,648.0,,,,,,,,0.15000000000000002,5,COMPLETE
18,18,-0.1387581223164836,2025-06-16 01:00:48.069340,2025-06-16 01:00:49.001411,0 days 00:00:00.932071,,,,,,,,200,0.025,9m,0.7,1.4,1.2000000000000002,168,,,,,,,,,,,,,,,,,,,,,,,,,,,,,,,,,,,,,,,,,,,,,,,,,,,,,,,,,0.2,1,COMPLETE
19,19,-12.891454603117625,2025-06-16 01:00:49.055310,2025-06-16 01:00:52.597686,0 days 00:00:03.542376,984.0,0.05,5m,0.9,0.6,2.0,840.0,464,0.025,1m,0.9,0.8,1.2000000000000002,368,152.0,0.025,2m,0.9,1.3,2.0,736.0,,,,,,,,,,,,,,,,,,,,,,,,,,,,,736.0,0.025,5m,1.2000000000000002,0.7,2.0,984.0,48.0,0.025,7m,0.6,1.4,1.6,752.0,,,,,,,,0.15000000000000002,5,COMPLETE
20,20,-1.286136562915748,2025-06-16 01:00:52.684778,2025-06-16 01:00:57.993096,0 days 00:00:05.308318,840.0,0.05,4m,0.9,0.5,1.4000000000000001,520.0,320,0.05,9m,0.7,1.0,1.2000000000000002,736,488.0,0.025,5m,1.2000000000000002,0.5,1.9000000000000001,720.0,,,,,,,,1008.0,0.025,4m,1.4,0.7,1.6,272.0,1000.0,0.025,5m,1.1,0.8,1.8000000000000003,528.0,,,,,,,,40.0,0.025,1m,0.8,0.8,1.9000000000000001,904.0,192.0,0.025,7m,0.9,1.1,1.1,560.0,,,,,,,,0.25,7,COMPLETE
21,21,0.7657609498440812,2025-06-16 01:00:58.059693,2025-06-16 01:01:01.746771,0 days 00:00:03.687078,816.0,0.05,5m,1.1,1.0,1.8000000000000003,888.0,504,0.025,4m,1.1,0.6,1.5,16,592.0,0.025,2m,0.7,1.3,1.7000000000000002,424.0,,,,,,,,,,,,,,,,,,,,,,,,,,,,,496.0,0.025,5m,1.2000000000000002,1.0,1.8000000000000003,664.0,360.0,0.025,1m,1.0,1.0,1.7000000000000002,664.0,,,,,,,,0.1,5,COMPLETE
22,22,-0.675586502354645,2025-06-16 01:01:01.803062,2025-06-16 01:01:06.102035,0 days 00:00:04.298973,600.0,0.05,9m,1.3,1.2000000000000002,2.0,912.0,696,0.025,3m,1.0,0.7,1.3,184,728.0,0.05,9m,0.8,1.4,1.2000000000000002,416.0,,,,,,,,,,,,,,,664.0,0.05,10m,0.5,0.7,1.2000000000000002,200.0,,,,,,,,344.0,0.025,5m,1.3,1.1,1.6,728.0,576.0,0.025,6m,0.9,0.9,1.9000000000000001,592.0,,,,,,,,0.1,6,COMPLETE
23,23,2.13340348745048,2025-06-16 01:01:06.183267,2025-06-16 01:01:09.764147,0 days 00:00:03.580880,752.0,0.05,5m,1.0,1.5,1.7000000000000002,992.0,616,0.025,9m,0.9,0.5,1.5,80,472.0,0.025,6m,0.7,1.1,1.5,672.0,,,,,,,,,,,,,,,,,,,,,,,,,,,,,520.0,0.025,5m,1.3,0.8,1.9000000000000001,944.0,248.0,0.05,7m,0.8,1.1,1.6,864.0,,,,,,,,0.1,5,COMPLETE
24,24,-1.0117735609683622,2025-06-16 01:01:09.839959,2025-06-16 01:01:12.139717,0 days 00:00:02.299758,896.0,0.05,5m,1.0,1.5,1.8000000000000003,1024.0,416,0.025,9m,0.9,0.5,1.5,344,,,,,,,,,,,,,,,,,,,,,,,,,,,,,,,,,,,,,,,,,,,16.0,0.05,7m,0.6,1.2000000000000002,1.4000000000000001,888.0,,,,,,,,0.1,3,COMPLETE
25,25,-2.859127518835262,2025-06-16 01:01:12.198526,2025-06-16 01:01:15.618479,0 days 00:00:03.419953,784.0,0.05,5m,0.8,0.7,1.9000000000000001,808.0,856,0.025,9m,0.9,0.7,1.5,112,896.0,0.025,6m,0.5,1.1,1.5,752.0,,,,,,,,,,,,,,,,,,,,,,,,,,,,,560.0,0.025,10m,1.1,0.8,1.9000000000000001,920.0,232.0,0.025,7m,0.8,1.1,1.6,824.0,,,,,,,,0.15000000000000002,5,COMPLETE
26,26,-1.9119966975916591,2025-06-16 01:01:15.689300,2025-06-16 01:01:21.483962,0 days 00:00:05.794662,256.0,0.05,5m,0.5,0.5,1.7000000000000002,400.0,104,0.025,9m,0.7,0.5,1.7000000000000002,208,392.0,0.025,6m,0.9,1.1,1.8000000000000003,864.0,,,,,,,,360.0,0.05,5m,0.9,1.2000000000000002,1.8000000000000003,776.0,832.0,0.05,2m,1.4,1.2000000000000002,1.5,568.0,96.0,0.05,2m,1.1,1.3,1.1,24.0,272.0,0.025,9m,1.3,0.7,2.0,1008.0,448.0,0.05,7m,0.8,1.2000000000000002,1.9000000000000001,984.0,,,,,,,,0.25,8,COMPLETE
27,27,-3.3384716324633756,2025-06-16 01:01:21.548183,2025-06-16 01:01:23.789477,0 days 00:00:02.241294,456.0,0.05,8m,1.1,1.4,1.4000000000000001,592.0,640,0.025,2m,0.6,0.9,1.3,328,,,,,,,,,,,,,,,,,,,,,,,,,,,,,,,,,,,,,,,,,,,768.0,0.025,9m,0.6,1.3,1.5,448.0,,,,,,,,0.2,3,COMPLETE
28,28,-51.13087356217431,2025-06-16 01:01:23.866509,2025-06-16 01:01:27.572269,0 days 00:00:03.705760,752.0,0.05,3m,0.8,0.7,1.9000000000000001,208.0,544,0.025,1m,0.9,0.8,1.2000000000000002,80,224.0,0.025,1m,0.8,0.9,1.2000000000000002,600.0,,,,,,,,,,,,,,,,,,,,,,,,,,,,,520.0,0.025,2m,1.1,0.8,1.8000000000000003,800.0,568.0,0.05,2m,1.1,1.1,1.3,704.0,,,,,,,,0.1,5,COMPLETE
29,29,-4.9882971126726945,2025-06-16 01:01:27.647942,2025-06-16 01:01:30.633596,0 days 00:00:02.985654,920.0,0.05,2m,1.0,0.9,1.6,760.0,352,0.05,6m,1.1,0.9,1.1,208,,,,,,,,,,,,,,,,,,,,,,,,,,,,,,,,,,,,128.0,0.025,3m,1.4,1.0,1.9000000000000001,936.0,320.0,0.025,1m,0.7,0.8,1.6,128.0,,,,,,,,0.2,4,COMPLETE
30,30,-1.99084978069532,2025-06-16 01:01:30.715906,2025-06-16 01:01:32.312279,0 days 00:00:01.596373,,,,,,,,456,0.025,5m,0.8,0.6,1.1,400,,,,,,,,,,,,,,,,,,,,,,,,,,,,,,,,,,,,,,,,,,,280.0,0.05,5m,1.0,1.0,1.6,816.0,,,,,,,,0.15000000000000002,2,COMPLETE
31,31,0.14610640246460624,2025-06-16 01:01:32.367585,2025-06-16 01:01:36.557725,0 days 00:00:04.190140,640.0,0.05,9m,1.2000000000000002,1.4,1.7000000000000002,928.0,632,0.025,4m,1.2000000000000002,0.6,1.4000000000000001,48,560.0,0.025,6m,0.7,1.4,1.6,192.0,,,,,,,,,,,,,,,392.0,0.05,3m,1.0,0.8,1.4000000000000001,136.0,,,,,,,,408.0,0.025,5m,1.5,1.0,1.8000000000000003,584.0,392.0,0.05,10m,0.8,0.9,1.7000000000000002,496.0,,,,,,,,0.05,6,COMPLETE
32,32,1.470260383627696,2025-06-16 01:01:36.612698,2025-06-16 01:01:41.721045,0 days 00:00:05.108347,712.0,0.05,1m,1.3,1.2000000000000002,1.7000000000000002,872.0,528,0.025,3m,1.2000000000000002,0.7,1.5,152,512.0,0.025,2m,0.6,1.2000000000000002,2.0,640.0,,,,,,,,768.0,0.05,2m,1.3,1.5,1.4000000000000001,264.0,24.0,0.05,7m,0.9,0.5,1.1,384.0,,,,,,,,472.0,0.025,5m,1.3,0.8,1.6,760.0,168.0,0.05,6m,0.9,0.8,1.8000000000000003,656.0,,,,,,,,0.05,7,COMPLETE
33,33,-1.496173359180628,2025-06-16 01:01:41.796963,2025-06-16 01:01:46.014360,0 days 00:00:04.217397,352.0,0.05,6m,1.4,0.9,1.5,1024.0,672,0.025,9m,1.0,0.6,1.4000000000000001,16,696.0,0.05,9m,0.6,1.4,1.5,488.0,,,,,,,,,,,,,,,256.0,0.05,4m,1.1,0.6,1.2000000000000002,592.0,,,,,,,,368.0,0.025,5m,1.4,1.4,2.0,872.0,104.0,0.05,7m,1.1,1.0,1.7000000000000002,328.0,,,,,,,,0.1,6,COMPLETE
34,34,2.6382831545375307,2025-06-16 01:01:46.100871,2025-06-16 01:01:49.565098,0 days 00:00:03.464227,552.0,0.05,9m,1.1,0.7,1.8000000000000003,944.0,768,0.025,9m,1.0,0.5,1.7000000000000002,88,432.0,0.025,6m,0.8,1.1,1.8000000000000003,848.0,,,,,,,,,,,,,,,,,,,,,,,,,,,,,696.0,0.025,7m,1.2000000000000002,0.6,1.9000000000000001,960.0,336.0,0.05,3m,0.8,1.2000000000000002,1.5,864.0,,,,,,,,0.05,5,COMPLETE
35,35,-0.8530994494028327,2025-06-16 01:01:49.630593,2025-06-16 01:01:52.279302,0 days 00:00:02.648709,560.0,0.05,5m,1.0,0.7,1.8000000000000003,424.0,792,0.025,9m,0.9,0.5,1.7000000000000002,640,,,,,,,,,,,,,,,,,,,,,,,,,,,,,,,,,,,,752.0,0.025,7m,1.2000000000000002,0.6,1.9000000000000001,952.0,312.0,0.05,3m,0.6,1.2000000000000002,1.5,872.0,,,,,,,,0.15000000000000002,4,COMPLETE
36,36,1.9487947486494859,2025-06-16 01:01:52.354935,2025-06-16 01:01:55.576515,0 days 00:00:03.221580,432.0,0.05,10m,1.1,0.5,1.9000000000000001,664.0,912,0.025,9m,1.0,0.5,1.8000000000000003,288,448.0,0.025,6m,1.0,1.1,1.9000000000000001,840.0,,,,,,,,,,,,,,,,,,,,,,,,,,,,,688.0,0.025,7m,1.1,0.6,2.0,1016.0,224.0,0.05,3m,0.5,1.1,1.4000000000000001,928.0,,,,,,,,0.1,5,COMPLETE
37,37,-11.745729189008413,2025-06-16 01:01:55.649266,2025-06-16 01:02:00.223878,0 days 00:00:04.574612,240.0,0.05,9m,0.9,0.6,1.6,328.0,752,0.025,6m,0.8,0.7,1.6,416,160.0,0.025,6m,0.8,1.0,1.8000000000000003,816.0,,,,,,,,568.0,0.025,1m,0.5,0.8,1.8000000000000003,736.0,760.0,0.025,7m,1.3,1.5,1.7000000000000002,680.0,,,,,,,,584.0,0.025,1m,1.2000000000000002,0.7,1.9000000000000001,848.0,104.0,0.05,3m,0.7,1.2000000000000002,1.3,1024.0,,,,,,,,0.05,7,COMPLETE
38,38,1.4318027811559755,2025-06-16 01:02:00.282384,2025-06-16 01:02:05.987217,0 days 00:00:05.704833,496.0,0.05,7m,0.8,0.7,2.0,840.0,936,0.025,10m,1.1,0.5,1.6,80,392.0,0.025,6m,1.0,1.0,1.8000000000000003,952.0,1016.0,0.025,2m,1.5,0.5,2.0,896.0,864.0,0.05,10m,0.9,0.5,1.4000000000000001,160.0,616.0,0.025,3m,1.4,1.2000000000000002,1.7000000000000002,1024.0,704.0,0.05,4m,1.1,1.2000000000000002,1.4000000000000001,1024.0,800.0,0.025,4m,1.0,0.9,1.8000000000000003,952.0,432.0,0.05,8m,0.8,1.4,1.5,424.0,,,,,,,,0.15000000000000002,9,COMPLETE
39,39,-2.2141768560989066,2025-06-16 01:02:06.047630,2025-06-16 01:02:08.660128,0 days 00:00:02.612498,920.0,0.05,5m,1.0,0.6,1.8000000000000003,712.0,744,0.05,9m,0.6,1.1,1.8000000000000003,224,,,,,,,,,,,,,,,,,,,,,,,,,,,,,,,,,,,,568.0,0.05,7m,1.3,0.6,2.0,896.0,336.0,0.05,4m,0.7,1.2000000000000002,1.3,824.0,,,,,,,,0.5,4,COMPLETE
40,40,-0.72926375020354,2025-06-16 01:02:08.731508,2025-06-16 01:02:10.670294,0 days 00:00:01.938786,600.0,0.025,6m,0.9,0.8,1.3,120.0,312,0.025,7m,1.3,0.8,1.7000000000000002,144,,,,,,,,,,,,,,,,,,,,,,,,,,,,,,,,,,,,,,,,,,,248.0,0.025,2m,1.2000000000000002,1.3,1.5,256.0,,,,,,,,0.35000000000000003,3,COMPLETE
41,41,2.5924039193516,2025-06-16 01:02:10.737482,2025-06-16 01:02:13.803651,0 days 00:00:03.066169,384.0,0.05,10m,1.1,0.5,1.9000000000000001,680.0,888,0.025,9m,1.0,0.5,1.8000000000000003,304,472.0,0.025,6m,0.9,1.1,1.9000000000000001,808.0,,,,,,,,,,,,,,,,,,,,,,,,,,,,,680.0,0.025,7m,1.1,0.6,2.0,992.0,200.0,0.05,3m,0.5,1.1,1.4000000000000001,944.0,,,,,,,,0.1,5,COMPLETE
42,42,2.6538173629011426,2025-06-16 01:02:13.872921,2025-06-16 01:02:17.024775,0 days 00:00:03.151854,280.0,0.05,10m,1.1,0.5,1.9000000000000001,632.0,864,0.025,9m,1.0,0.5,1.9000000000000001,288,488.0,0.025,6m,0.9,1.1,2.0,696.0,,,,,,,,,,,,,,,,,,,,,,,,,,,,,680.0,0.025,7m,1.1,0.5,1.9000000000000001,984.0,152.0,0.05,3m,0.5,1.0,1.4000000000000001,1024.0,,,,,,,,0.1,5,COMPLETE
43,43,1.0255181522946109,2025-06-16 01:02:17.096784,2025-06-16 01:02:19.554868,0 days 00:00:02.458084,304.0,0.05,10m,1.2000000000000002,0.5,1.9000000000000001,632.0,896,0.025,9m,1.0,0.6,1.9000000000000001,304,,,,,,,,,,,,,,,,,,,,,,,,,,,,,,,,,,,,688.0,0.025,7m,0.9,0.5,2.0,1024.0,144.0,0.05,3m,0.5,1.0,1.4000000000000001,992.0,,,,,,,,0.05,4,COMPLETE
44,44,-2.687989695962954,2025-06-16 01:02:19.612449,2025-06-16 01:02:24.038513,0 days 00:00:04.426064,160.0,0.05,10m,1.1,0.5,2.0,736.0,960,0.025,4m,1.0,0.5,1.9000000000000001,456,336.0,0.025,6m,0.9,0.9,2.0,776.0,,,,,,,,664.0,0.05,1m,1.2000000000000002,1.4,1.7000000000000002,440.0,880.0,0.025,4m,1.2000000000000002,0.9,1.4000000000000001,840.0,264.0,0.025,10m,1.5,1.1,1.4000000000000001,336.0,856.0,0.025,6m,1.0,0.5,1.9000000000000001,416.0,96.0,0.05,3m,0.5,0.5,1.3,1024.0,,,,,,,,0.15000000000000002,8,COMPLETE
45,45,-1.7013475227080268,2025-06-16 01:02:24.098715,2025-06-16 01:02:26.628798,0 days 00:00:02.530083,376.0,0.05,10m,1.2000000000000002,0.6,1.9000000000000001,648.0,864,0.025,5m,1.1,0.6,2.0,248,648.0,0.025,7m,0.9,1.2000000000000002,1.9000000000000001,912.0,,,,,,,,,,,,,,,,,,,,,,,,,,,,,656.0,0.025,7m,1.1,0.6,1.8000000000000003,824.0,184.0,0.05,3m,0.6,1.0,1.4000000000000001,960.0,,,,,,,,0.1,5,COMPLETE
