,number,value,datetime_start,datetime_complete,duration,params_ADBE_BIIB_beta_win,params_ADBE_BIIB_stop_loss,params_ADBE_BIIB_trade_freq,params_ADBE_BIIB_z_entry,params_ADBE_BIIB_z_exit,params_ADBE_BIIB_z_stop_scaler,params_ADBE_BIIB_z_win,params_AEP_JD_beta_win,params_AEP_JD_stop_loss,params_AEP_JD_trade_freq,params_AEP_JD_z_entry,params_AEP_JD_z_exit,params_AEP_JD_z_stop_scaler,params_AEP_JD_z_win,params_AMZN_SIRI_beta_win,params_AMZN_SIRI_stop_loss,params_AMZN_SIRI_trade_freq,params_AMZN_SIRI_z_entry,params_AMZN_SIRI_z_exit,params_AMZN_SIRI_z_stop_scaler,params_AMZN_SIRI_z_win,params_BIIB_ZM_beta_win,params_BIIB_ZM_stop_loss,params_BIIB_ZM_trade_freq,params_BIIB_ZM_z_entry,params_BIIB_ZM_z_exit,params_BIIB_ZM_z_stop_scaler,params_BIIB_ZM_z_win,params_CMCSA_FISV_beta_win,params_CMCSA_FISV_stop_loss,params_CMCSA_FISV_trade_freq,params_CMCSA_FISV_z_entry,params_CMCSA_FISV_z_exit,params_CMCSA_FISV_z_stop_scaler,params_CMCSA_FISV_z_win,params_COST_ORLY_beta_win,params_COST_ORLY_stop_loss,params_COST_ORLY_trade_freq,params_COST_ORLY_z_entry,params_COST_ORLY_z_exit,params_COST_ORLY_z_stop_scaler,params_COST_ORLY_z_win,params_GOOG_SIRI_beta_win,params_GOOG_SIRI_stop_loss,params_GOOG_SIRI_trade_freq,params_GOOG_SIRI_z_entry,params_GOOG_SIRI_z_exit,params_GOOG_SIRI_z_stop_scaler,params_GOOG_SIRI_z_win,params_IDXX_SIRI_beta_win,params_IDXX_SIRI_stop_loss,params_IDXX_SIRI_trade_freq,params_IDXX_SIRI_z_entry,params_IDXX_SIRI_z_exit,params_IDXX_SIRI_z_stop_scaler,params_IDXX_SIRI_z_win,params_NTES_SIRI_beta_win,params_NTES_SIRI_stop_loss,params_NTES_SIRI_trade_freq,params_NTES_SIRI_z_entry,params_NTES_SIRI_z_exit,params_NTES_SIRI_z_stop_scaler,params_NTES_SIRI_z_win,params_NVDA_SIRI_beta_win,params_NVDA_SIRI_stop_loss,params_NVDA_SIRI_trade_freq,params_NVDA_SIRI_z_entry,params_NVDA_SIRI_z_exit,params_NVDA_SIRI_z_stop_scaler,params_NVDA_SIRI_z_win,params_buffer_capital,params_pairs_to_trade,state
91,91,1.9181886431942736,2025-06-15 23:27:44.988365,2025-06-15 23:27:51.967885,0 days 00:00:06.979520,32.0,0.025,9m,1.0,1.3,1.4000000000000001,976.0,960.0,0.025,6m,0.5,1.3,1.9000000000000001,112.0,1000.0,0.05,3m,1.1,0.6,1.6,472.0,920,0.05,3m,0.9,0.9,1.8000000000000003,600,352.0,0.05,9m,0.6,1.4,1.9000000000000001,904.0,856.0,0.025,2m,0.9,1.2000000000000002,1.6,72.0,,,,,,,,,,,,,,,760.0,0.05,10m,0.9,0.8,1.8000000000000003,256.0,,,,,,,,0.05,7,COMPLETE
92,92,2.928586306185185,2025-06-15 23:27:52.058182,2025-06-15 23:27:59.222531,0 days 00:00:07.164349,56.0,0.025,9m,1.1,1.4,1.1,920.0,984.0,0.025,6m,0.5,1.3,1.9000000000000001,48.0,928.0,0.05,3m,1.1,0.5,1.5,528.0,976,0.05,3m,0.9,0.9,1.7000000000000002,536,176.0,0.05,9m,0.6,1.5,1.7000000000000002,920.0,896.0,0.025,2m,0.9,1.3,1.6,168.0,,,,,,,,,,,,,,,816.0,0.05,10m,1.0,0.6,1.7000000000000002,320.0,,,,,,,,0.05,7,COMPLETE
93,93,2.4623062907642996,2025-06-15 23:27:59.285042,2025-06-15 23:28:06.503584,0 days 00:00:07.218542,56.0,0.025,9m,1.1,1.4,1.1,1000.0,952.0,0.025,6m,0.5,1.3,1.8000000000000003,48.0,928.0,0.05,3m,1.2000000000000002,0.5,1.5,536.0,1024,0.05,3m,0.8,0.9,1.7000000000000002,568,184.0,0.05,9m,0.6,1.5,1.7000000000000002,936.0,984.0,0.025,2m,0.9,1.4,1.7000000000000002,168.0,,,,,,,,,,,,,,,840.0,0.05,10m,1.0,0.6,1.7000000000000002,832.0,,,,,,,,0.05,7,COMPLETE
94,94,-0.1586317321716606,2025-06-15 23:28:06.571718,2025-06-15 23:28:13.864665,0 days 00:00:07.292947,88.0,0.025,9m,1.2000000000000002,1.4,1.1,920.0,872.0,0.025,6m,1.5,1.5,1.8000000000000003,24.0,552.0,0.05,3m,1.2000000000000002,0.6,1.6,720.0,984,0.05,3m,0.9,0.8,1.9000000000000001,472,136.0,0.05,9m,0.7,0.9,1.6,832.0,904.0,0.025,2m,0.8,1.4,1.6,104.0,,,,,,,,,,,,,,,808.0,0.05,10m,1.0,0.5,1.6,408.0,,,,,,,,0.05,7,COMPLETE
95,95,2.1980706225375144,2025-06-15 23:28:13.943305,2025-06-15 23:28:21.303328,0 days 00:00:07.360023,96.0,0.025,9m,1.0,1.4,1.1,880.0,936.0,0.025,9m,0.6,1.4,1.9000000000000001,80.0,912.0,0.05,3m,1.1,0.6,1.5,624.0,952,0.05,7m,0.7,0.9,1.8000000000000003,528,272.0,0.05,9m,0.5,1.5,1.7000000000000002,1016.0,824.0,0.025,2m,0.9,1.3,1.6,40.0,,,,,,,,,,,,,,,880.0,0.05,10m,0.9,0.6,1.7000000000000002,312.0,,,,,,,,0.05,7,COMPLETE
96,96,3.1967717369461135,2025-06-15 23:28:21.381792,2025-06-15 23:28:29.598402,0 days 00:00:08.216610,216.0,0.025,9m,1.0,1.5,1.1,944.0,840.0,0.025,6m,0.5,1.3,1.9000000000000001,120.0,992.0,0.05,3m,1.1,0.5,1.6,576.0,984,0.05,3m,0.9,0.9,1.5,608,368.0,0.05,9m,0.6,1.5,1.8000000000000003,896.0,792.0,0.025,2m,0.9,1.2000000000000002,1.7000000000000002,152.0,,,,,,,,,,,,,,,752.0,0.05,10m,0.8,0.7,1.6,352.0,192.0,0.05,9m,0.7,1.0,1.6,536.0,0.05,8,COMPLETE
97,97,6.276469887145684,2025-06-15 23:28:29.663691,2025-06-15 23:28:37.692531,0 days 00:00:08.028840,208.0,0.025,9m,1.1,1.5,1.5,952.0,840.0,0.025,6m,0.5,1.3,1.9000000000000001,112.0,1000.0,0.05,3m,1.1,0.5,1.6,576.0,800,0.05,3m,0.9,0.9,1.7000000000000002,528,352.0,0.05,9m,0.6,1.5,1.8000000000000003,888.0,784.0,0.025,2m,0.9,1.3,1.7000000000000002,144.0,,,,,,,,,,,,,,,752.0,0.05,10m,0.8,0.7,1.6,360.0,160.0,0.05,9m,0.6,1.0,1.6,464.0,0.05,8,COMPLETE
98,98,6.078082075320982,2025-06-15 23:28:37.768531,2025-06-15 23:28:46.086601,0 days 00:00:08.318070,216.0,0.025,9m,1.1,1.4,1.5,944.0,840.0,0.025,6m,0.5,1.3,1.9000000000000001,120.0,1024.0,0.05,3m,1.1,0.5,1.4000000000000001,568.0,800,0.05,3m,0.9,0.9,1.5,616,376.0,0.05,9m,0.6,1.5,1.8000000000000003,904.0,784.0,0.025,2m,0.9,1.3,1.7000000000000002,144.0,,,,,,,,,,,,,,,728.0,0.05,10m,0.8,0.7,1.6,336.0,152.0,0.05,9m,0.6,1.0,1.6,464.0,0.05,8,COMPLETE
99,99,4.8382376865392756,2025-06-15 23:28:46.130636,2025-06-15 23:28:54.455065,0 days 00:00:08.324429,272.0,0.025,9m,1.1,1.5,1.5,952.0,840.0,0.025,6m,0.5,1.4,1.8000000000000003,120.0,1016.0,0.05,3m,1.1,0.5,1.6,664.0,752,0.05,3m,0.9,0.9,1.6,608,392.0,0.05,9m,0.5,1.5,1.8000000000000003,872.0,792.0,0.025,2m,0.8,1.3,1.7000000000000002,128.0,,,,,,,,,,,,,,,752.0,0.05,10m,0.8,0.7,1.6,424.0,144.0,0.05,9m,0.6,1.0,1.6,440.0,0.05,8,COMPLETE
100,100,4.912461010636232,2025-06-15 23:28:54.538994,2025-06-15 23:29:02.625554,0 days 00:00:08.086560,280.0,0.025,9m,1.3,1.5,1.6,992.0,848.0,0.025,6m,0.5,1.4,1.8000000000000003,112.0,1024.0,0.05,3m,1.0,0.6,1.4000000000000001,584.0,720,0.05,3m,0.8,0.8,1.5,608,392.0,0.05,9m,0.5,1.5,1.8000000000000003,872.0,776.0,0.025,2m,0.8,1.3,1.8000000000000003,192.0,,,,,,,,,,,,,,,680.0,0.05,10m,0.7,0.7,1.5,424.0,144.0,0.05,9m,0.6,1.0,1.6,472.0,0.05,8,COMPLETE
101,101,6.107533644470871,2025-06-15 23:29:02.685830,2025-06-15 23:29:10.790105,0 days 00:00:08.104275,288.0,0.025,9m,1.3,1.5,1.6,1000.0,840.0,0.025,6m,0.5,1.4,1.7000000000000002,120.0,1024.0,0.05,3m,1.0,0.6,1.4000000000000001,576.0,736,0.05,3m,0.8,0.8,1.5,624,400.0,0.05,9m,0.5,1.5,1.8000000000000003,816.0,792.0,0.025,2m,0.8,1.3,1.8000000000000003,192.0,,,,,,,,,,,,,,,688.0,0.05,10m,0.7,0.7,1.5,416.0,144.0,0.05,9m,0.6,1.0,1.6,480.0,0.05,8,COMPLETE
102,102,4.497811377470076,2025-06-15 23:29:10.894132,2025-06-15 23:29:19.915822,0 days 00:00:09.021690,280.0,0.025,9m,1.4,1.5,1.6,1008.0,832.0,0.025,6m,0.5,1.4,1.7000000000000002,120.0,1024.0,0.05,3m,1.0,0.6,1.4000000000000001,576.0,704,0.05,3m,0.8,0.8,1.5,608,384.0,0.05,9m,0.5,1.5,1.8000000000000003,800.0,784.0,0.025,2m,0.8,1.3,1.7000000000000002,144.0,,,,,,,,792.0,0.025,9m,1.3,0.7,1.3,216.0,680.0,0.05,10m,0.7,0.7,1.5,416.0,144.0,0.05,9m,0.6,1.0,1.6,464.0,0.05,9,COMPLETE
103,103,5.789245175487655,2025-06-15 23:29:19.982981,2025-06-15 23:29:28.420664,0 days 00:00:08.437683,272.0,0.025,9m,1.4,1.5,1.6,1008.0,792.0,0.025,6m,0.5,1.4,1.7000000000000002,96.0,1024.0,0.05,3m,1.0,0.6,1.4000000000000001,600.0,736,0.05,3m,0.8,0.8,1.5,624,456.0,0.05,9m,0.5,1.5,1.8000000000000003,784.0,768.0,0.025,2m,0.8,1.3,1.7000000000000002,192.0,,,,,,,,808.0,0.025,9m,1.3,0.6,1.3,208.0,688.0,0.05,10m,0.6,0.7,1.5,424.0,136.0,0.05,9m,0.6,0.9,1.6,456.0,0.05,9,COMPLETE
104,104,4.203962332585285,2025-06-15 23:29:28.485400,2025-06-15 23:29:37.234568,0 days 00:00:08.749168,280.0,0.025,9m,1.3,1.5,1.6,1000.0,768.0,0.025,6m,0.5,1.5,1.6,104.0,1024.0,0.05,3m,1.0,0.6,1.4000000000000001,600.0,712,0.05,3m,0.8,0.8,1.5,632,456.0,0.05,9m,0.5,1.5,1.8000000000000003,792.0,736.0,0.025,2m,0.8,1.3,1.8000000000000003,192.0,,,,,,,,816.0,0.025,9m,1.3,0.6,1.3,192.0,680.0,0.05,10m,0.6,0.7,1.5,424.0,136.0,0.05,9m,0.6,0.9,1.6,456.0,0.05,9,COMPLETE
105,105,1.4265444777754188,2025-06-15 23:29:37.328754,2025-06-15 23:29:45.761720,0 days 00:00:08.432966,264.0,0.025,9m,1.3,1.5,1.7000000000000002,992.0,776.0,0.025,10m,0.5,1.5,1.6,184.0,1024.0,0.05,3m,1.0,0.6,1.4000000000000001,600.0,712,0.05,3m,0.8,0.7,1.5,632,456.0,0.05,9m,0.5,1.5,1.8000000000000003,800.0,768.0,0.025,2m,0.8,1.3,1.8000000000000003,136.0,,,,,,,,800.0,0.025,9m,1.3,0.6,1.3,184.0,680.0,0.05,10m,0.6,0.7,1.5,456.0,152.0,0.05,9m,0.6,0.9,1.6,448.0,0.05,9,COMPLETE
106,106,2.706014194737393,2025-06-15 23:29:45.829080,2025-06-15 23:29:54.408010,0 days 00:00:08.578930,280.0,0.025,9m,1.3,1.5,1.6,1024.0,704.0,0.025,2m,1.2000000000000002,1.4,1.7000000000000002,128.0,1024.0,0.05,3m,1.0,0.7,1.4000000000000001,664.0,752,0.05,3m,0.8,0.8,1.5,712,400.0,0.05,9m,0.5,1.5,1.8000000000000003,880.0,752.0,0.025,2m,0.8,1.4,1.8000000000000003,200.0,,,,,,,,824.0,0.025,9m,1.3,0.7,1.3,248.0,640.0,0.05,10m,0.6,0.7,1.4000000000000001,424.0,128.0,0.05,9m,0.6,1.0,1.6,464.0,0.05,9,COMPLETE
107,107,3.760908253579804,2025-06-15 23:29:54.470562,2025-06-15 23:30:03.342635,0 days 00:00:08.872073,312.0,0.025,9m,1.4,1.5,1.7000000000000002,976.0,800.0,0.025,6m,0.6,1.5,1.6,88.0,992.0,0.05,3m,1.0,0.6,1.4000000000000001,560.0,624,0.05,3m,0.8,0.8,1.4000000000000001,592,512.0,0.05,9m,0.5,1.5,1.8000000000000003,960.0,792.0,0.025,2m,0.8,1.3,1.7000000000000002,200.0,,,,,,,,880.0,0.025,9m,1.2000000000000002,0.5,1.2000000000000002,16.0,624.0,0.05,10m,0.7,0.7,1.5,400.0,96.0,0.05,9m,0.6,0.9,1.7000000000000002,400.0,0.05,9,COMPLETE
108,108,0.11495390091729568,2025-06-15 23:30:03.427699,2025-06-15 23:30:12.319677,0 days 00:00:08.891978,240.0,0.025,9m,1.4,1.5,1.6,1000.0,824.0,0.025,7m,0.5,1.4,1.7000000000000002,176.0,976.0,0.05,3m,1.0,0.6,1.4000000000000001,712.0,728,0.05,3m,0.7,0.7,1.6,672,456.0,0.05,7m,0.5,1.5,1.8000000000000003,840.0,800.0,0.025,2m,0.8,1.3,1.8000000000000003,184.0,,,,,,,,696.0,0.025,9m,1.4,0.7,1.4000000000000001,400.0,584.0,0.05,10m,0.7,0.7,1.5,440.0,160.0,0.05,9m,0.6,1.0,1.5,504.0,0.05,9,COMPLETE
109,109,0.603070300621989,2025-06-15 23:30:12.388421,2025-06-15 23:30:21.209014,0 days 00:00:08.820593,312.0,0.025,9m,1.5,1.5,1.6,896.0,720.0,0.025,3m,0.5,1.4,1.5,96.0,1008.0,0.05,3m,1.0,0.7,1.4000000000000001,608.0,696,0.05,3m,0.8,0.8,1.5,560,416.0,0.05,3m,0.5,1.5,1.8000000000000003,792.0,736.0,0.025,2m,0.8,1.4,1.7000000000000002,128.0,,,,,,,,904.0,0.025,9m,1.1,0.6,1.2000000000000002,176.0,720.0,0.05,10m,0.5,0.8,1.4000000000000001,384.0,272.0,0.05,9m,0.5,1.1,1.6,344.0,0.05,9,COMPLETE
110,110,3.4179556325394804,2025-06-15 23:30:21.299652,2025-06-15 23:30:29.156863,0 days 00:00:07.857211,216.0,0.025,9m,1.3,1.5,1.6,1000.0,760.0,0.025,6m,0.6,1.4,1.7000000000000002,128.0,1024.0,0.05,3m,1.0,0.6,1.3,584.0,672,0.05,3m,0.9,0.8,1.5,752,320.0,0.05,9m,0.5,1.5,1.8000000000000003,856.0,856.0,0.025,2m,0.8,1.3,1.7000000000000002,144.0,,,,,,,,,,,,,,,552.0,0.05,10m,0.6,0.7,1.5,416.0,88.0,0.05,9m,0.6,1.1,1.5,488.0,0.05,8,COMPLETE
111,111,4.163597290424971,2025-06-15 23:30:29.254248,2025-06-15 23:30:38.524640,0 days 00:00:09.270392,288.0,0.025,9m,1.4,1.5,1.7000000000000002,976.0,792.0,0.025,6m,0.5,1.5,1.7000000000000002,88.0,992.0,0.05,3m,1.0,0.6,1.4000000000000001,552.0,624,0.05,3m,0.8,0.8,1.4000000000000001,592,528.0,0.05,9m,0.5,1.5,1.8000000000000003,952.0,784.0,0.025,2m,0.8,1.3,1.7000000000000002,192.0,,,,,,,,888.0,0.025,9m,1.2000000000000002,0.5,1.2000000000000002,16.0,616.0,0.05,10m,0.7,0.7,1.5,392.0,104.0,0.05,9m,0.6,0.8,1.7000000000000002,392.0,0.05,9,COMPLETE
112,112,3.7722183390457587,2025-06-15 23:30:38.591611,2025-06-15 23:30:47.815119,0 days 00:00:09.223508,280.0,0.025,9m,1.4,1.5,1.8000000000000003,960.0,840.0,0.025,6m,0.5,1.5,1.7000000000000002,1024.0,968.0,0.05,3m,1.0,0.6,1.4000000000000001,624.0,760,0.05,3m,0.8,0.7,1.4000000000000001,616,376.0,0.05,9m,0.5,1.5,1.8000000000000003,944.0,776.0,0.025,2m,0.8,1.4,1.7000000000000002,216.0,,,,,,,,712.0,0.025,9m,1.2000000000000002,0.5,1.2000000000000002,144.0,688.0,0.05,10m,0.7,0.7,1.5,448.0,16.0,0.05,9m,0.7,0.8,1.7000000000000002,384.0,0.1,9,COMPLETE
113,113,4.113283193988515,2025-06-15 23:30:47.892306,2025-06-15 23:30:56.384255,0 days 00:00:08.491949,352.0,0.025,9m,1.3,1.5,1.5,984.0,800.0,0.025,6m,0.5,1.4,1.6,112.0,1000.0,0.05,3m,1.1,0.5,1.3,552.0,648,0.05,3m,0.7,0.8,1.6,584,488.0,0.05,9m,0.5,1.5,1.7000000000000002,736.0,728.0,0.025,2m,0.7,1.3,1.8000000000000003,272.0,,,,,,,,,,,,,,,600.0,0.05,10m,0.7,0.8,1.5,352.0,120.0,0.05,9m,0.5,0.8,1.6,600.0,0.05,8,COMPLETE
114,114,0.19005350833803544,2025-06-15 23:30:56.456758,2025-06-15 23:31:05.511399,0 days 00:00:09.054641,288.0,0.025,9m,1.4,1.5,1.6,1008.0,880.0,0.025,6m,1.4,1.5,1.7000000000000002,592.0,976.0,0.05,3m,1.0,0.7,1.4000000000000001,664.0,736,0.05,3m,0.8,0.8,1.5,640,440.0,0.05,5m,0.6,1.5,1.8000000000000003,880.0,776.0,0.025,6m,0.7,1.3,1.7000000000000002,712.0,,,,,,,,880.0,0.025,9m,1.4,0.7,1.4000000000000001,248.0,672.0,0.05,10m,0.6,0.7,1.5,392.0,160.0,0.05,9m,0.7,1.0,1.7000000000000002,440.0,0.05,9,COMPLETE
115,115,4.5185417627894235,2025-06-15 23:31:05.604111,2025-06-15 23:31:14.850393,0 days 00:00:09.246282,240.0,0.025,9m,1.5,1.5,1.5,1024.0,848.0,0.025,8m,0.5,1.5,1.8000000000000003,88.0,496.0,0.05,6m,1.0,0.5,1.3,512.0,776,0.05,3m,0.8,0.8,1.6,688,568.0,0.05,9m,0.5,0.9,1.8000000000000003,720.0,752.0,0.025,9m,0.8,1.3,1.8000000000000003,184.0,,,,,,,,664.0,0.025,9m,1.2000000000000002,0.6,1.3,88.0,712.0,0.05,10m,0.8,0.7,1.4000000000000001,464.0,64.0,0.05,9m,0.6,0.9,1.5,328.0,0.1,9,COMPLETE
116,116,1.1815483312185853,2025-06-15 23:31:14.978214,2025-06-15 23:31:24.003024,0 days 00:00:09.024810,248.0,0.025,9m,1.5,1.5,1.5,1024.0,848.0,0.025,8m,0.5,1.5,1.8000000000000003,16.0,960.0,0.05,6m,1.0,0.5,1.4000000000000001,512.0,776,0.05,3m,0.8,0.8,1.6,688,520.0,0.05,9m,0.5,0.9,1.8000000000000003,720.0,880.0,0.025,9m,0.8,1.4,1.8000000000000003,184.0,,,,,,,,696.0,0.025,9m,1.2000000000000002,0.6,1.3,80.0,720.0,0.05,10m,0.8,0.8,1.4000000000000001,472.0,272.0,0.05,9m,0.6,0.9,1.6,264.0,0.1,9,COMPLETE
117,117,-1.6055558860446235,2025-06-15 23:31:24.085671,2025-06-15 23:31:33.830571,0 days 00:00:09.744900,200.0,0.025,9m,1.5,1.5,1.7000000000000002,952.0,776.0,0.025,8m,0.5,1.5,1.7000000000000002,88.0,1024.0,0.05,6m,1.0,0.6,1.3,688.0,592,0.05,3m,0.7,0.7,1.5,720,384.0,0.05,9m,0.5,1.5,1.8000000000000003,776.0,808.0,0.025,9m,0.8,1.3,1.8000000000000003,232.0,40.0,0.05,9m,0.5,0.5,1.2000000000000002,784.0,608.0,0.025,9m,1.4,0.5,1.2000000000000002,16.0,648.0,0.05,10m,0.7,0.7,1.4000000000000001,424.0,192.0,0.05,9m,0.6,1.0,1.5,312.0,0.1,10,COMPLETE
118,118,1.8498306820251726,2025-06-15 23:31:33.935556,2025-06-15 23:31:42.541937,0 days 00:00:08.606381,168.0,0.025,9m,1.4,1.5,1.5,976.0,656.0,0.025,8m,0.6,1.4,1.8000000000000003,136.0,1000.0,0.05,3m,1.0,0.5,1.5,584.0,680,0.025,3m,0.8,0.8,1.4000000000000001,608,568.0,0.05,4m,0.6,0.9,1.7000000000000002,824.0,752.0,0.025,2m,0.8,1.3,1.7000000000000002,88.0,,,,,,,,776.0,0.025,9m,1.3,0.7,1.5,216.0,704.0,0.05,10m,0.8,0.7,1.6,512.0,80.0,0.05,6m,0.5,0.9,1.6,488.0,0.05,9,COMPLETE
119,119,-52.067010676301294,2025-06-15 23:31:42.623449,2025-06-15 23:31:50.466815,0 days 00:00:07.843366,328.0,0.025,4m,1.2000000000000002,1.4,1.6,928.0,824.0,0.025,1m,0.5,1.5,1.6,80.0,944.0,0.05,6m,1.1,0.6,1.4000000000000001,544.0,712,0.05,3m,0.7,0.9,1.6,648,616.0,0.05,9m,0.5,1.0,1.8000000000000003,992.0,680.0,0.025,9m,0.8,1.4,1.8000000000000003,184.0,,,,,,,,,,,,,,,616.0,0.05,10m,0.8,0.6,1.5,464.0,120.0,0.05,9m,0.6,0.8,1.7000000000000002,400.0,0.1,8,COMPLETE
120,120,-1.319010649929757,2025-06-15 23:31:50.534283,2025-06-15 23:31:59.228356,0 days 00:00:08.694073,272.0,0.025,9m,1.3,1.5,1.6,904.0,864.0,0.025,4m,0.6,1.4,1.7000000000000002,176.0,984.0,0.05,3m,1.0,0.5,1.3,568.0,624,0.05,3m,0.8,0.7,1.4000000000000001,560,328.0,0.05,2m,0.6,1.5,1.8000000000000003,856.0,848.0,0.025,4m,0.9,1.5,1.7000000000000002,120.0,,,,,,,,904.0,0.025,1m,1.2000000000000002,0.6,1.4000000000000001,104.0,672.0,0.05,10m,0.5,0.8,1.6,392.0,224.0,0.05,9m,0.7,1.0,1.6,552.0,0.05,9,COMPLETE
121,121,5.435566733430518,2025-06-15 23:31:59.310130,2025-06-15 23:32:07.006499,0 days 00:00:07.696369,224.0,0.025,6m,1.5,1.5,1.5,960.0,808.0,0.025,6m,0.5,1.4,1.8000000000000003,160.0,424.0,0.05,2m,1.1,0.7,1.4000000000000001,624.0,736,0.05,9m,0.9,0.8,1.6,496,712.0,0.05,9m,0.5,0.7,1.7000000000000002,760.0,784.0,0.025,3m,0.7,1.3,1.7000000000000002,160.0,,,,,,,,,,,,,,,488.0,0.05,7m,0.6,0.7,1.5,368.0,40.0,0.05,2m,0.7,1.1,1.5,440.0,0.05,8,COMPLETE
122,122,5.457086076128499,2025-06-15 23:32:07.073681,2025-06-15 23:32:14.730902,0 days 00:00:07.657221,232.0,0.025,9m,1.5,1.5,1.5,952.0,744.0,0.025,6m,0.5,1.4,1.8000000000000003,480.0,400.0,0.05,2m,1.1,0.6,1.4000000000000001,616.0,784,0.05,6m,0.9,0.8,1.5,672,744.0,0.05,9m,0.5,1.1,1.7000000000000002,696.0,776.0,0.025,3m,0.7,1.3,1.8000000000000003,160.0,,,,,,,,,,,,,,,464.0,0.05,7m,0.6,0.7,1.5,344.0,56.0,0.05,2m,0.6,0.7,1.5,440.0,0.05,8,COMPLETE
123,123,5.146992817195179,2025-06-15 23:32:14.804986,2025-06-15 23:32:22.568473,0 days 00:00:07.763487,232.0,0.025,2m,1.5,1.5,1.5,952.0,744.0,0.025,6m,0.5,1.4,1.8000000000000003,648.0,384.0,0.05,2m,1.1,0.7,1.4000000000000001,616.0,792,0.05,6m,0.9,0.8,1.5,672,784.0,0.05,9m,0.5,0.7,1.7000000000000002,704.0,760.0,0.025,3m,0.7,1.3,1.8000000000000003,160.0,,,,,,,,,,,,,,,456.0,0.05,7m,0.6,0.7,1.5,352.0,48.0,0.05,9m,0.7,1.1,1.5,464.0,0.05,8,COMPLETE
124,124,5.730755847333942,2025-06-15 23:32:22.654712,2025-06-15 23:32:30.408252,0 days 00:00:07.753540,232.0,0.025,2m,1.5,1.5,1.5,872.0,744.0,0.025,6m,0.5,1.4,1.8000000000000003,480.0,392.0,0.05,2m,1.2000000000000002,0.7,1.5,640.0,824,0.05,6m,0.9,0.8,1.6,688,736.0,0.05,9m,0.6,0.7,1.7000000000000002,688.0,760.0,0.025,3m,0.7,1.3,1.8000000000000003,152.0,,,,,,,,,,,,,,,392.0,0.05,7m,0.6,0.6,1.4000000000000001,368.0,24.0,0.05,2m,0.7,1.1,1.5,520.0,0.05,8,COMPLETE
125,125,5.172251310768261,2025-06-15 23:32:30.480761,2025-06-15 23:32:38.026585,0 days 00:00:07.545824,184.0,0.025,2m,1.5,1.4,1.5,872.0,736.0,0.025,6m,0.5,1.4,1.8000000000000003,472.0,392.0,0.05,2m,1.2000000000000002,0.7,1.5,760.0,824,0.05,6m,0.9,0.9,1.6,680,768.0,0.05,9m,0.6,0.7,1.7000000000000002,704.0,808.0,0.025,3m,0.7,1.2000000000000002,1.8000000000000003,160.0,,,,,,,,,,,,,,,432.0,0.05,7m,0.6,0.6,1.3,288.0,40.0,0.05,2m,0.8,1.1,1.5,528.0,0.1,8,COMPLETE
126,126,3.278338317795163,2025-06-15 23:32:38.126051,2025-06-15 23:32:45.985137,0 days 00:00:07.859086,192.0,0.025,2m,1.5,1.4,1.5,864.0,736.0,0.025,6m,0.6,1.4,1.8000000000000003,456.0,400.0,0.05,2m,1.2000000000000002,0.7,1.5,752.0,824,0.05,6m,0.9,0.9,1.6,744,776.0,0.05,6m,0.6,0.7,1.7000000000000002,744.0,824.0,0.025,3m,0.6,1.2000000000000002,1.9000000000000001,168.0,,,,,,,,,,,,,,,440.0,0.05,7m,0.6,0.6,1.3,288.0,24.0,0.05,2m,0.8,1.1,1.5,528.0,0.05,8,COMPLETE
127,127,-4.781829213347057,2025-06-15 23:32:46.064652,2025-06-15 23:32:54.107945,0 days 00:00:08.043293,216.0,0.025,2m,1.5,1.4,1.5,904.0,696.0,0.025,6m,0.5,1.3,1.8000000000000003,544.0,280.0,0.05,2m,1.2000000000000002,0.7,1.5,640.0,792,0.05,6m,0.9,0.9,1.6,672,736.0,0.05,1m,0.6,0.7,1.7000000000000002,672.0,808.0,0.025,3m,0.7,1.2000000000000002,1.8000000000000003,112.0,,,,,,,,,,,,,,,472.0,0.05,7m,0.6,0.6,1.6,288.0,48.0,0.05,7m,0.7,1.1,1.5,584.0,0.05,8,COMPLETE
128,128,2.8401930605874735,2025-06-15 23:32:54.181282,2025-06-15 23:33:02.286493,0 days 00:00:08.105211,168.0,0.025,2m,1.5,1.4,1.5,880.0,752.0,0.025,6m,0.6,1.4,1.8000000000000003,488.0,328.0,0.05,2m,1.2000000000000002,0.8,1.5,656.0,816,0.05,6m,0.9,0.9,1.5,712,808.0,0.05,9m,0.6,0.6,1.6,704.0,872.0,0.025,3m,0.7,1.4,1.8000000000000003,216.0,,,,,,,,,,,,,,,344.0,0.05,7m,0.6,0.6,1.3,344.0,16.0,0.05,2m,0.8,1.1,1.4000000000000001,504.0,0.1,8,COMPLETE
129,129,-0.7655882207467266,2025-06-15 23:33:02.354076,2025-06-15 23:33:22.454051,0 days 00:00:20.099975,232.0,0.025,2m,1.5,1.5,1.5,952.0,624.0,0.025,6m,0.5,1.3,1.8000000000000003,728.0,416.0,0.05,2m,1.1,0.7,1.5,704.0,744,0.05,6m,0.9,0.9,1.5,656,896.0,0.05,9m,0.6,0.7,1.7000000000000002,680.0,768.0,0.025,3m,0.7,1.3,1.8000000000000003,152.0,,,,,,,,,,,,,,,392.0,0.05,7m,0.5,0.5,1.2000000000000002,368.0,72.0,0.05,2m,0.7,0.5,1.5,632.0,0.05,8,COMPLETE
130,130,2.1688908780194898,2025-06-15 23:33:22.615240,2025-06-15 23:33:35.465579,0 days 00:00:12.850339,144.0,0.025,2m,1.5,1.5,1.5,928.0,896.0,0.025,6m,0.5,1.4,1.8000000000000003,664.0,320.0,0.05,2m,1.1,0.7,1.4000000000000001,792.0,792,0.05,6m,0.9,0.7,1.6,488,736.0,0.05,9m,0.6,0.6,1.7000000000000002,768.0,808.0,0.025,3m,0.7,1.3,1.9000000000000001,240.0,,,,,,,,,,,,,,,416.0,0.05,7m,0.6,0.8,1.4000000000000001,328.0,56.0,0.05,2m,0.8,1.2000000000000002,1.5,424.0,0.05,8,COMPLETE
131,131,0.8524942945364284,2025-06-15 23:33:35.545302,2025-06-15 23:33:43.029983,0 days 00:00:07.484681,256.0,0.025,2m,1.5,1.5,1.5,968.0,712.0,0.025,8m,0.5,1.4,1.8000000000000003,416.0,456.0,0.05,2m,1.1,0.5,1.3,616.0,768,0.05,6m,0.9,0.8,1.6,680,768.0,0.05,9m,0.5,0.8,1.7000000000000002,696.0,752.0,0.025,3m,0.7,1.3,1.8000000000000003,168.0,,,,,,,,,,,,,,,464.0,0.05,7m,0.6,0.7,1.4000000000000001,368.0,56.0,0.05,2m,0.7,0.6,1.5,184.0,0.1,8,COMPLETE
132,132,2.632948307211799,2025-06-15 23:33:43.128410,2025-06-15 23:33:49.993257,0 days 00:00:06.864847,184.0,0.025,6m,1.5,1.5,1.5,944.0,808.0,0.025,6m,0.5,1.4,1.8000000000000003,472.0,488.0,0.05,2m,1.2000000000000002,0.5,1.4000000000000001,632.0,776,0.05,6m,0.9,0.8,1.6,696,672.0,0.05,9m,0.5,0.7,1.7000000000000002,712.0,720.0,0.025,3m,0.6,1.2000000000000002,1.8000000000000003,128.0,,,,,,,,,,,,,,,512.0,0.05,7m,0.5,0.6,1.5,344.0,184.0,0.05,2m,0.5,1.1,1.5,480.0,0.1,8,COMPLETE
