,number,value,datetime_start,datetime_complete,duration,params_ADP_XEL_beta_win,params_ADP_XEL_stop_loss,params_ADP_XEL_trade_freq,params_ADP_XEL_z_entry,params_ADP_XEL_z_exit,params_ADP_XEL_z_stop_scaler,params_ADP_XEL_z_win,params_AEP_MELI_beta_win,params_AEP_MELI_stop_loss,params_AEP_MELI_trade_freq,params_AEP_MELI_z_entry,params_AEP_MELI_z_exit,params_AEP_MELI_z_stop_scaler,params_AEP_MELI_z_win,params_AXON_MSTR_beta_win,params_AXON_MSTR_stop_loss,params_AXON_MSTR_trade_freq,params_AXON_MSTR_z_entry,params_AXON_MSTR_z_exit,params_AXON_MSTR_z_stop_scaler,params_AXON_MSTR_z_win,params_BIIB_MCHP_beta_win,params_BIIB_MCHP_stop_loss,params_BIIB_MCHP_trade_freq,params_BIIB_MCHP_z_entry,params_BIIB_MCHP_z_exit,params_BIIB_MCHP_z_stop_scaler,params_BIIB_MCHP_z_win,params_CDW_IDXX_beta_win,params_CDW_IDXX_stop_loss,params_CDW_IDXX_trade_freq,params_CDW_IDXX_z_entry,params_CDW_IDXX_z_exit,params_CDW_IDXX_z_stop_scaler,params_CDW_IDXX_z_win,params_CMCSA_INTU_beta_win,params_CMCSA_INTU_stop_loss,params_CMCSA_INTU_trade_freq,params_CMCSA_INTU_z_entry,params_CMCSA_INTU_z_exit,params_CMCSA_INTU_z_stop_scaler,params_CMCSA_INTU_z_win,params_CSCO_DASH_beta_win,params_CSCO_DASH_stop_loss,params_CSCO_DASH_trade_freq,params_CSCO_DASH_z_entry,params_CSCO_DASH_z_exit,params_CSCO_DASH_z_stop_scaler,params_CSCO_DASH_z_win,params_DASH_FTNT_beta_win,params_DASH_FTNT_stop_loss,params_DASH_FTNT_trade_freq,params_DASH_FTNT_z_entry,params_DASH_FTNT_z_exit,params_DASH_FTNT_z_stop_scaler,params_DASH_FTNT_z_win,params_NFLX_PLTR_beta_win,params_NFLX_PLTR_stop_loss,params_NFLX_PLTR_trade_freq,params_NFLX_PLTR_z_entry,params_NFLX_PLTR_z_exit,params_NFLX_PLTR_z_stop_scaler,params_NFLX_PLTR_z_win,params_PAYX_XEL_beta_win,params_PAYX_XEL_stop_loss,params_PAYX_XEL_trade_freq,params_PAYX_XEL_z_entry,params_PAYX_XEL_z_exit,params_PAYX_XEL_z_stop_scaler,params_PAYX_XEL_z_win,params_buffer_capital,params_pairs_to_trade,state
148,148,1.9396328518304011,2025-06-16 01:06:40.216189,2025-06-16 01:06:42.515938,0 days 00:00:02.299749,392.0,0.05,10m,1.2000000000000002,1.4,1.2000000000000002,896.0,760,0.025,6m,0.7,0.5,2.0,216,544.0,0.025,8m,0.9,0.9,2.0,888.0,,,,,,,,,,,,,,,,,,,,,,,,,,,,,472.0,0.025,2m,1.0,0.6,2.0,448.0,200.0,0.025,3m,0.5,0.8,1.4000000000000001,584.0,,,,,,,,0.15000000000000002,5,COMPLETE
149,149,1.9757865923168514,2025-06-16 01:06:42.566157,2025-06-16 01:06:44.783601,0 days 00:00:02.217444,312.0,0.05,9m,0.8,1.4,1.7000000000000002,680.0,720,0.025,9m,1.0,0.6,1.9000000000000001,368,656.0,0.025,5m,1.0,0.9,2.0,976.0,,,,,,,,,,,,,,,,,,,,,,,,,,,,,600.0,0.025,2m,1.1,0.5,2.0,536.0,168.0,0.05,8m,0.6,0.8,1.4000000000000001,552.0,,,,,,,,0.2,5,COMPLETE
