,number,value,datetime_start,datetime_complete,duration,params_ADP_PAYX_beta_win,params_ADP_PAYX_stop_loss,params_ADP_PAYX_trade_freq,params_ADP_PAYX_z_entry,params_ADP_PAYX_z_exit,params_ADP_PAYX_z_stop_scaler,params_ADP_PAYX_z_win,params_AMGN_ANSS_beta_win,params_AMGN_ANSS_stop_loss,params_AMGN_ANSS_trade_freq,params_AMGN_ANSS_z_entry,params_AMGN_ANSS_z_exit,params_AMGN_ANSS_z_stop_scaler,params_AMGN_ANSS_z_win,params_AMZN_ON_beta_win,params_AMZN_ON_stop_loss,params_AMZN_ON_trade_freq,params_AMZN_ON_z_entry,params_AMZN_ON_z_exit,params_AMZN_ON_z_stop_scaler,params_AMZN_ON_z_win,params_GFS_EXC_beta_win,params_GFS_EXC_stop_loss,params_GFS_EXC_trade_freq,params_GFS_EXC_z_entry,params_GFS_EXC_z_exit,params_GFS_EXC_z_stop_scaler,params_GFS_EXC_z_win,params_GOOGL_ON_beta_win,params_GOOGL_ON_stop_loss,params_GOOGL_ON_trade_freq,params_GOOGL_ON_z_entry,params_GOOGL_ON_z_exit,params_GOOGL_ON_z_stop_scaler,params_GOOGL_ON_z_win,params_GOOG_GOOGL_beta_win,params_GOOG_GOOGL_stop_loss,params_GOOG_GOOGL_trade_freq,params_GOOG_GOOGL_z_entry,params_GOOG_GOOGL_z_exit,params_GOOG_GOOGL_z_stop_scaler,params_GOOG_GOOGL_z_win,params_GOOG_ON_beta_win,params_GOOG_ON_stop_loss,params_GOOG_ON_trade_freq,params_GOOG_ON_z_entry,params_GOOG_ON_z_exit,params_GOOG_ON_z_stop_scaler,params_GOOG_ON_z_win,params_NXPI_ANSS_beta_win,params_NXPI_ANSS_stop_loss,params_NXPI_ANSS_trade_freq,params_NXPI_ANSS_z_entry,params_NXPI_ANSS_z_exit,params_NXPI_ANSS_z_stop_scaler,params_NXPI_ANSS_z_win,params_WBD_ANSS_beta_win,params_WBD_ANSS_stop_loss,params_WBD_ANSS_trade_freq,params_WBD_ANSS_z_entry,params_WBD_ANSS_z_exit,params_WBD_ANSS_z_stop_scaler,params_WBD_ANSS_z_win,params_WDAY_ANSS_beta_win,params_WDAY_ANSS_stop_loss,params_WDAY_ANSS_trade_freq,params_WDAY_ANSS_z_entry,params_WDAY_ANSS_z_exit,params_WDAY_ANSS_z_stop_scaler,params_WDAY_ANSS_z_win,params_buffer_capital,params_pairs_to_trade,state
53,53,-5.041940411792977,2025-06-16 00:56:11.213528,2025-06-16 00:56:15.904709,0 days 00:00:04.691181,,,,,,,,616,0.025,10m,0.8,0.9,1.4000000000000001,560,688.0,0.025,10m,1.3,0.5,1.6,616.0,224.0,0.05,5m,1.3,1.3,1.6,248.0,,,,,,,,392.0,0.05,4m,1.1,0.7,1.6,664.0,,,,,,,,,,,,,,,400.0,0.025,5m,0.9,0.6,1.4000000000000001,464.0,,,,,,,,0.3,5,COMPLETE
54,54,0.9148535019525724,2025-06-16 00:56:15.974743,2025-06-16 00:56:19.618991,0 days 00:00:03.644248,,,,,,,,744,0.025,6m,0.9,1.0,1.3,504,576.0,0.025,3m,1.2000000000000002,1.0,1.8000000000000003,272.0,,,,,,,,,,,,,,,208.0,0.05,7m,1.4,0.8,1.7000000000000002,824.0,,,,,,,,,,,,,,,296.0,0.025,2m,1.0,0.5,1.6,848.0,,,,,,,,0.15000000000000002,4,COMPLETE
55,55,-10.725136586046217,2025-06-16 00:56:19.687855,2025-06-16 00:56:23.411111,0 days 00:00:03.723256,,,,,,,,504,0.025,6m,1.0,1.0,1.3,504,496.0,0.05,3m,1.2000000000000002,0.8,1.8000000000000003,264.0,,,,,,,,,,,,,,,88.0,0.05,7m,1.4,0.6,1.9000000000000001,840.0,,,,,,,,,,,,,,,296.0,0.025,1m,0.8,0.5,1.6,864.0,,,,,,,,0.15000000000000002,4,COMPLETE
56,56,0.012206916485873617,2025-06-16 00:56:23.460647,2025-06-16 00:56:27.211622,0 days 00:00:03.750975,,,,,,,,672,0.025,2m,0.7,0.8,1.1,384,576.0,0.025,3m,1.5,0.9,1.8000000000000003,184.0,,,,,,,,,,,,,,,208.0,0.05,1m,1.4,0.9,1.8000000000000003,952.0,,,,,,,,,,,,,,,160.0,0.025,10m,1.0,0.5,1.6,776.0,,,,,,,,0.1,4,COMPLETE
57,57,-38.85018155561483,2025-06-16 00:56:27.263490,2025-06-16 00:56:32.855292,0 days 00:00:05.591802,,,,,,,,560,0.025,1m,0.5,1.0,1.3,472,384.0,0.025,3m,1.2000000000000002,1.2000000000000002,1.7000000000000002,40.0,352.0,0.05,3m,1.4,1.4,1.9000000000000001,600.0,816.0,0.025,6m,1.1,1.1,1.3,424.0,344.0,0.05,5m,1.5,1.1,1.6,464.0,,,,,,,,,,,,,,,224.0,0.025,7m,0.8,0.5,1.7000000000000002,960.0,,,,,,,,0.15000000000000002,6,COMPLETE
58,58,-1.3636617877355746,2025-06-16 00:56:32.910583,2025-06-16 00:56:36.430656,0 days 00:00:03.520073,,,,,,,,824,0.025,6m,0.8,1.4,1.4000000000000001,408,776.0,0.025,1m,1.4,1.0,1.5,352.0,,,,,,,,,,,,,,,544.0,0.05,10m,1.3,0.9,1.5,816.0,,,,,,,,,,,,,,,328.0,0.025,2m,1.0,0.6,1.2000000000000002,696.0,,,,,,,,0.2,4,COMPLETE
59,59,0.06635065588324814,2025-06-16 00:56:36.502503,2025-06-16 00:56:42.778384,0 days 00:00:06.275881,,,,,,,,712,0.025,7m,1.4,1.5,1.2000000000000002,528,480.0,0.05,4m,1.1,0.7,1.6,328.0,456.0,0.05,10m,1.1,1.1,1.5,528.0,456.0,0.05,2m,0.8,1.4,1.8000000000000003,920.0,64.0,0.05,7m,1.4,0.7,1.7000000000000002,888.0,704.0,0.025,8m,1.3,0.7,1.6,312.0,,,,,,,,808.0,0.025,3m,1.4,1.2000000000000002,1.5,840.0,,,,,,,,0.2,7,COMPLETE
60,60,-0.48297253182925004,2025-06-16 00:56:42.834528,2025-06-16 00:56:47.455619,0 days 00:00:04.621091,,,,,,,,312,0.025,9m,0.9,1.1,1.5,456,424.0,0.025,5m,1.4,1.1,1.3,136.0,192.0,0.05,8m,1.5,1.5,1.8000000000000003,136.0,,,,,,,,704.0,0.05,2m,1.4,1.1,1.9000000000000001,400.0,,,,,,,,,,,,,,,264.0,0.025,8m,1.2000000000000002,0.6,1.2000000000000002,1024.0,,,,,,,,0.25,5,COMPLETE
61,61,0.12747787781322326,2025-06-16 00:56:47.534463,2025-06-16 00:56:52.036260,0 days 00:00:04.501797,,,,,,,,744,0.025,6m,0.9,1.3,1.5,608,640.0,0.025,9m,1.3,1.0,1.7000000000000002,888.0,88.0,0.05,5m,1.2000000000000002,1.2000000000000002,1.7000000000000002,368.0,,,,,,,,248.0,0.05,1m,1.3,0.8,1.7000000000000002,576.0,,,,,,,,,,,,,,,496.0,0.025,2m,1.1,0.9,1.4000000000000001,760.0,,,,,,,,0.5,5,COMPLETE
62,62,1.5394969706109884,2025-06-16 00:56:52.100780,2025-06-16 00:56:55.761297,0 days 00:00:03.660517,,,,,,,,768,0.025,6m,0.8,1.2000000000000002,1.6,328,568.0,0.025,9m,1.2000000000000002,1.0,1.7000000000000002,976.0,,,,,,,,,,,,,,,184.0,0.05,7m,1.2000000000000002,0.8,1.8000000000000003,728.0,,,,,,,,,,,,,,,672.0,0.025,2m,1.1,0.7,1.3,912.0,,,,,,,,0.4,4,COMPLETE
63,63,0.4875472708916883,2025-06-16 00:56:55.845658,2025-06-16 00:56:59.366269,0 days 00:00:03.520611,,,,,,,,656,0.025,6m,0.8,1.2000000000000002,1.1,344,568.0,0.025,7m,1.2000000000000002,0.9,1.8000000000000003,984.0,,,,,,,,,,,,,,,176.0,0.05,7m,1.5,0.9,1.8000000000000003,720.0,,,,,,,,,,,,,,,712.0,0.025,2m,0.9,1.1,1.3,920.0,,,,,,,,0.35000000000000003,4,COMPLETE
64,64,-1.0073238306059047,2025-06-16 00:56:59.427727,2025-06-16 00:57:03.004607,0 days 00:00:03.576880,,,,,,,,848,0.025,6m,0.7,0.9,1.4000000000000001,264,520.0,0.025,3m,1.1,1.1,1.8000000000000003,440.0,,,,,,,,,,,,,,,352.0,0.05,7m,1.1,0.6,1.8000000000000003,784.0,,,,,,,,,,,,,,,664.0,0.025,4m,1.2000000000000002,0.8,1.5,856.0,,,,,,,,0.4,4,COMPLETE
65,65,-0.9154913122472441,2025-06-16 00:57:03.092221,2025-06-16 00:57:08.123778,0 days 00:00:05.031557,,,,,,,,688,0.025,10m,0.8,1.1,1.2000000000000002,480,608.0,0.025,9m,1.2000000000000002,1.2000000000000002,1.6,984.0,328.0,0.05,7m,1.3,1.0,1.9000000000000001,208.0,168.0,0.025,9m,1.2000000000000002,0.9,1.4000000000000001,632.0,208.0,0.05,5m,1.0,0.8,1.1,840.0,,,,,,,,,,,,,,,576.0,0.025,6m,1.3,0.5,1.3,792.0,,,,,,,,0.1,6,COMPLETE
66,66,0.09481941808862791,2025-06-16 00:57:08.188367,2025-06-16 00:57:11.844007,0 days 00:00:03.655640,,,,,,,,768,0.025,5m,0.6,1.4,1.3,80,528.0,0.025,3m,1.0,0.9,1.7000000000000002,664.0,,,,,,,,,,,,,,,128.0,0.05,7m,1.3,0.7,1.6,696.0,,,,,,,,,,,,,,,792.0,0.025,5m,1.0,1.0,1.1,976.0,,,,,,,,0.3,4,COMPLETE
67,67,-2.560369393058731,2025-06-16 00:57:11.935686,2025-06-16 00:57:14.654352,0 days 00:00:02.718666,,,,,,,,800,0.025,6m,0.8,1.3,1.6,552,432.0,0.025,10m,0.9,1.0,1.8000000000000003,752.0,,,,,,,,,,,,,,,,,,,,,,,,,,,,,,,,,,,,904.0,0.025,2m,0.9,0.5,1.8000000000000003,912.0,,,,,,,,0.15000000000000002,3,COMPLETE
68,68,-5.340985908970621,2025-06-16 00:57:14.712429,2025-06-16 00:57:19.153568,0 days 00:00:04.441139,,,,,,,,600,0.025,8m,0.7,1.4,1.1,320,576.0,0.025,9m,0.6,1.1,1.7000000000000002,880.0,600.0,0.05,2m,1.0,1.3,2.0,80.0,,,,,,,,440.0,0.05,8m,1.4,1.0,1.7000000000000002,752.0,,,,,,,,,,,,,,,72.0,0.025,1m,1.1,0.7,1.3,720.0,,,,,,,,0.45,5,COMPLETE
69,69,-0.7069642719496942,2025-06-16 00:57:19.231006,2025-06-16 00:57:24.476032,0 days 00:00:05.245026,,,,,,,,888,0.025,6m,0.9,1.0,1.4000000000000001,24,696.0,0.025,8m,1.0,0.9,1.9000000000000001,824.0,800.0,0.05,9m,1.5,1.4,1.6,424.0,560.0,0.05,10m,0.9,0.7,1.6,864.0,968.0,0.05,2m,1.2000000000000002,0.5,1.4000000000000001,488.0,,,,,,,,,,,,,,,184.0,0.025,10m,1.2000000000000002,0.6,1.5,888.0,,,,,,,,0.35000000000000003,6,COMPLETE
70,70,-28.139072260814288,2025-06-16 00:57:24.552037,2025-06-16 00:57:28.227312,0 days 00:00:03.675275,,,,,,,,712,0.025,9m,1.0,0.9,1.5,248,744.0,0.025,1m,1.1,1.0,1.1,200.0,,,,,,,,,,,,,,,40.0,0.05,6m,1.4,0.8,1.9000000000000001,392.0,,,,,,,,,,,,,,,376.0,0.025,2m,1.0,0.9,1.9000000000000001,824.0,,,,,,,,0.4,4,COMPLETE
71,71,0.9460789274299664,2025-06-16 00:57:28.291049,2025-06-16 00:57:31.674150,0 days 00:00:03.383101,,,,,,,,664,0.025,6m,0.8,1.2000000000000002,1.1,360,560.0,0.025,7m,1.2000000000000002,0.9,1.8000000000000003,960.0,,,,,,,,,,,,,,,176.0,0.05,7m,1.5,0.9,1.8000000000000003,712.0,,,,,,,,,,,,,,,688.0,0.025,2m,0.9,1.2000000000000002,1.3,928.0,,,,,,,,0.35000000000000003,4,COMPLETE
72,72,0.9444380552213456,2025-06-16 00:57:31.737480,2025-06-16 00:57:34.562463,0 days 00:00:02.824983,,,,,,,,640,0.025,6m,0.8,1.2000000000000002,1.1,360,504.0,0.025,7m,1.2000000000000002,0.8,1.8000000000000003,968.0,,,,,,,,,,,,,,,,,,,,,,,,,,,,,,,,,,,,592.0,0.025,2m,0.8,1.2000000000000002,1.2000000000000002,984.0,,,,,,,,0.4,3,COMPLETE
73,73,-0.9242390524412202,2025-06-16 00:57:34.626466,2025-06-16 00:57:37.219240,0 days 00:00:02.592774,,,,,,,,536,0.025,6m,0.9,1.1,1.1,368,504.0,0.025,7m,1.2000000000000002,0.7,1.8000000000000003,976.0,,,,,,,,,,,,,,,,,,,,,,,,,,,,,,,,,,,,760.0,0.025,9m,0.8,1.2000000000000002,1.2000000000000002,984.0,,,,,,,,0.4,3,COMPLETE
74,74,-2.4893313382120934,2025-06-16 00:57:37.297712,2025-06-16 00:57:39.984779,0 days 00:00:02.687067,,,,,,,,632,0.025,2m,0.7,1.2000000000000002,1.1,408,552.0,0.025,7m,1.1,0.8,1.9000000000000001,1016.0,,,,,,,,,,,,,,,,,,,,,,,,,,,,,,,,,,,,680.0,0.025,2m,0.9,1.3,1.2000000000000002,1000.0,,,,,,,,0.35000000000000003,3,COMPLETE
75,75,-1.948650616885065,2025-06-16 00:57:40.038575,2025-06-16 00:57:43.730371,0 days 00:00:03.691796,,,,,,,,464,0.025,4m,0.8,1.3,1.2000000000000002,280,472.0,0.025,7m,1.2000000000000002,0.8,1.9000000000000001,904.0,,,,,,,,,,,,,,,576.0,0.05,7m,1.5,0.9,1.8000000000000003,800.0,,,,,,,,,,,,,,,584.0,0.025,5m,0.7,1.2000000000000002,1.1,944.0,,,,,,,,0.4,4,COMPLETE
76,76,-1.1403414500711784,2025-06-16 00:57:43.786709,2025-06-16 00:57:46.427869,0 days 00:00:02.641160,,,,,,,,576,0.025,6m,0.7,1.3,1.1,232,456.0,0.025,7m,1.2000000000000002,0.9,1.8000000000000003,960.0,,,,,,,,,,,,,,,,,,,,,,,,,,,,,,,,,,,,592.0,0.025,2m,0.8,1.1,1.3,896.0,,,,,,,,0.35000000000000003,3,COMPLETE
77,77,-21.10861863130757,2025-06-16 00:57:46.520263,2025-06-16 00:57:49.369071,0 days 00:00:02.848808,,,,,,,,696,0.025,1m,0.9,1.1,1.2000000000000002,352,616.0,0.025,7m,0.9,0.9,1.2000000000000002,936.0,,,,,,,,,,,,,,,,,,,,,,,,,,,,,,,,,,,,536.0,0.025,2m,0.9,1.4,1.2000000000000002,840.0,,,,,,,,0.3,3,COMPLETE
78,78,1.3826485846913665,2025-06-16 00:57:49.429159,2025-06-16 00:57:53.026378,0 days 00:00:03.597219,,,,,,,,656,0.025,6m,0.8,1.2000000000000002,1.1,504,352.0,0.025,2m,1.1,0.7,1.7000000000000002,856.0,,,,,,,,,,,,,,,240.0,0.05,7m,1.5,1.0,1.9000000000000001,656.0,,,,,,,,,,,,,,,408.0,0.025,3m,0.9,1.3,1.7000000000000002,960.0,,,,,,,,0.4,4,COMPLETE
79,79,0.2718833994805973,2025-06-16 00:57:53.110028,2025-06-16 00:57:56.690868,0 days 00:00:03.580840,,,,,,,,648,0.025,6m,0.8,1.2000000000000002,1.1,496,152.0,0.025,2m,1.1,0.7,1.7000000000000002,1008.0,,,,,,,,,,,,,,,240.0,0.05,7m,1.5,1.0,1.9000000000000001,664.0,,,,,,,,,,,,,,,400.0,0.025,3m,0.6,1.3,1.7000000000000002,1024.0,,,,,,,,0.4,4,COMPLETE
80,80,-9.965749267336061,2025-06-16 00:57:56.770233,2025-06-16 00:58:01.147673,0 days 00:00:04.377440,,,,,,,,608,0.025,6m,0.7,1.0,1.1,384,312.0,0.025,2m,1.2000000000000002,0.8,1.8000000000000003,864.0,440.0,0.025,1m,0.8,0.9,1.2000000000000002,688.0,,,,,,,,152.0,0.05,7m,1.5,1.0,1.9000000000000001,720.0,,,,,,,,,,,,,,,472.0,0.05,3m,0.8,1.4,1.6,352.0,,,,,,,,0.05,5,COMPLETE
81,81,1.7888255031922145,2025-06-16 00:58:01.372566,2025-06-16 00:58:07.392548,0 days 00:00:06.019982,,,,,,,,672,0.025,6m,0.8,1.3,1.3,320,352.0,0.025,2m,1.0,0.6,1.8000000000000003,920.0,,,,,,,,,,,,,,,272.0,0.05,7m,1.4,1.2000000000000002,2.0,640.0,,,,,,,,,,,,,,,424.0,0.025,3m,0.9,1.3,1.7000000000000002,920.0,,,,,,,,0.35000000000000003,4,COMPLETE
82,82,0.7224384478608845,2025-06-16 00:58:07.548284,2025-06-16 00:58:11.090771,0 days 00:00:03.542487,,,,,,,,720,0.025,6m,0.8,1.2000000000000002,1.3,312,272.0,0.025,2m,1.1,0.6,1.8000000000000003,944.0,,,,,,,,,,,,,,,264.0,0.05,7m,1.4,1.3,2.0,640.0,,,,,,,,,,,,,,,432.0,0.025,3m,0.7,1.3,1.7000000000000002,968.0,,,,,,,,0.35000000000000003,4,COMPLETE
83,83,1.379407694126374,2025-06-16 00:58:11.328829,2025-06-16 00:58:16.965598,0 days 00:00:05.636769,,,,,,,,728,0.025,6m,0.8,1.2000000000000002,1.3,320,328.0,0.025,2m,1.1,0.6,1.8000000000000003,952.0,,,,,,,,,,,,,,,248.0,0.05,7m,1.4,1.1,2.0,656.0,,,,,,,,,,,,,,,424.0,0.025,3m,0.9,1.4,1.7000000000000002,984.0,,,,,,,,0.35000000000000003,4,COMPLETE
84,84,0.790375469129073,2025-06-16 00:58:17.085153,2025-06-16 00:58:26.385278,0 days 00:00:09.300125,,,,,,,,672,0.025,6m,0.8,1.1,1.3,176,216.0,0.025,2m,1.0,0.6,1.9000000000000001,904.0,,,,,,,,,,,,,,,208.0,0.05,7m,1.4,1.2000000000000002,2.0,568.0,,,,,,,,,,,,,,,312.0,0.025,3m,0.9,1.4,1.7000000000000002,920.0,,,,,,,,0.35000000000000003,4,COMPLETE
85,85,0.27928867983494093,2025-06-16 00:58:26.512914,2025-06-16 00:58:34.858313,0 days 00:00:08.345399,,,,,,,,32,0.025,6m,0.9,1.2000000000000002,1.3,280,352.0,0.025,2m,1.1,0.5,1.8000000000000003,992.0,,,,,,,,,,,,,,,320.0,0.05,7m,1.5,1.2000000000000002,2.0,664.0,,,,,,,,,,,,,,,344.0,0.025,3m,0.9,1.5,1.7000000000000002,1000.0,,,,,,,,0.3,4,COMPLETE
86,86,0.6637531667482104,2025-06-16 00:58:34.971154,2025-06-16 00:58:38.201779,0 days 00:00:03.230625,,,,,,,,784,0.025,6m,0.8,1.1,1.2000000000000002,400,360.0,0.025,2m,1.2000000000000002,0.6,1.8000000000000003,960.0,,,,,,,,,,,,,,,,,,,,,,,,,,,,,,,,,,,,408.0,0.025,3m,1.0,1.2000000000000002,1.6,952.0,,,,,,,,0.35000000000000003,3,COMPLETE
87,87,-0.7492712449931419,2025-06-16 00:58:38.300585,2025-06-16 00:58:42.701870,0 days 00:00:04.401285,,,,,,,,736,0.025,6m,0.9,1.2000000000000002,1.1,336,328.0,0.025,2m,1.0,0.7,1.9000000000000001,928.0,576.0,0.025,6m,0.7,0.7,1.3,976.0,,,,,,,,168.0,0.05,7m,1.5,1.1,2.0,784.0,,,,,,,,,,,,,,,512.0,0.025,3m,0.8,1.4,1.8000000000000003,904.0,,,,,,,,0.4,5,COMPLETE
88,88,-0.23411342000058288,2025-06-16 00:58:42.768036,2025-06-16 00:58:46.239215,0 days 00:00:03.471179,,,,,,,,656,0.025,7m,0.8,1.3,1.3,456,288.0,0.025,5m,1.1,0.7,1.7000000000000002,1024.0,,,,,,,,,,,,,,,360.0,0.05,9m,1.4,1.1,1.9000000000000001,856.0,,,,,,,,,,,,,,,448.0,0.025,7m,0.9,1.3,1.7000000000000002,984.0,,,,,,,,0.25,4,COMPLETE
89,89,0.6818494299884899,2025-06-16 00:58:46.304685,2025-06-16 00:58:49.128852,0 days 00:00:02.824167,,,,,,,,576,0.025,6m,0.7,1.2000000000000002,1.4000000000000001,208,224.0,0.025,2m,1.2000000000000002,0.6,1.8000000000000003,848.0,,,,,,,,,,,,,,,,,,,,,,,,,,,,,,,,,,,,672.0,0.025,8m,1.4,1.2000000000000002,1.8000000000000003,880.0,,,,,,,,0.3,3,COMPLETE
90,90,-0.702781633265078,2025-06-16 00:58:49.188143,2025-06-16 00:58:52.672120,0 days 00:00:03.483977,,,,,,,,688,0.025,5m,0.8,1.2000000000000002,1.2000000000000002,368,408.0,0.05,6m,1.3,0.5,1.7000000000000002,96.0,,,,,,,,,,,,,,,104.0,0.025,7m,1.4,1.2000000000000002,2.0,632.0,,,,,,,,,,,,,,,360.0,0.025,6m,1.0,1.3,1.6,936.0,,,,,,,,0.35000000000000003,4,COMPLETE
91,91,0.44189489006377425,2025-06-16 00:58:52.733468,2025-06-16 00:58:56.376633,0 days 00:00:03.643165,,,,,,,,632,0.025,6m,0.8,1.1,1.3,144,192.0,0.025,2m,1.0,0.6,1.9000000000000001,896.0,,,,,,,,,,,,,,,184.0,0.05,7m,1.4,1.3,2.0,528.0,,,,,,,,,,,,,,,288.0,0.025,3m,0.9,1.4,1.7000000000000002,920.0,,,,,,,,0.35000000000000003,4,COMPLETE
92,92,1.214224674208612,2025-06-16 00:58:56.482045,2025-06-16 00:58:59.924138,0 days 00:00:03.442093,,,,,,,,664,0.025,6m,0.9,1.1,1.3,320,32.0,0.025,2m,1.0,0.5,1.9000000000000001,920.0,,,,,,,,,,,,,,,224.0,0.05,7m,1.5,1.2000000000000002,2.0,552.0,,,,,,,,,,,,,,,320.0,0.025,3m,0.9,1.4,1.7000000000000002,968.0,,,,,,,,0.4,4,COMPLETE
93,93,-0.2961244464419704,2025-06-16 00:59:00.004246,2025-06-16 00:59:04.430679,0 days 00:00:04.426433,,,,,,,,168,0.025,6m,0.9,1.1,1.1,320,104.0,0.025,2m,1.1,0.5,1.9000000000000001,960.0,736.0,0.025,7m,0.9,0.8,1.3,824.0,,,,,,,,232.0,0.05,7m,1.5,1.2000000000000002,1.9000000000000001,680.0,,,,,,,,,,,,,,,328.0,0.025,3m,0.9,1.5,1.7000000000000002,968.0,,,,,,,,0.4,5,COMPLETE
94,94,2.781412635696235,2025-06-16 00:59:04.510481,2025-06-16 00:59:07.937347,0 days 00:00:03.426866,,,,,,,,720,0.025,6m,1.0,1.0,1.3,280,592.0,0.025,2m,0.8,0.5,1.8000000000000003,912.0,,,,,,,,,,,,,,,296.0,0.05,7m,1.5,1.1,2.0,744.0,,,,,,,,,,,,,,,256.0,0.025,3m,0.8,1.4,1.6,1024.0,,,,,,,,0.45,4,COMPLETE
95,95,0.6300355927701535,2025-06-16 00:59:08.002217,2025-06-16 00:59:10.789233,0 days 00:00:02.787016,,,,,,,,728,0.025,8m,1.0,1.0,1.2000000000000002,288,16.0,0.025,2m,0.8,0.5,1.8000000000000003,864.0,,,,,,,,,,,,,,,,,,,,,,,,,,,,,,,,,,,,264.0,0.025,3m,0.8,1.5,1.6,984.0,,,,,,,,0.4,3,COMPLETE
96,96,-1.897249491145453,2025-06-16 00:59:10.862151,2025-06-16 00:59:14.427057,0 days 00:00:03.564906,,,,,,,,832,0.025,6m,1.1,1.0,1.4000000000000001,224,96.0,0.025,2m,0.8,0.6,1.8000000000000003,928.0,,,,,,,,,,,,,,,144.0,0.05,7m,1.5,1.1,2.0,560.0,,,,,,,,,,,,,,,736.0,0.025,3m,0.7,1.4,1.6,1024.0,,,,,,,,0.45,4,COMPLETE
97,97,0.0945681103110429,2025-06-16 00:59:14.486906,2025-06-16 00:59:16.642434,0 days 00:00:02.155528,,,,,,,,792,0.025,10m,1.0,0.9,1.1,256,600.0,0.025,2m,0.9,0.5,1.9000000000000001,912.0,,,,,,,,,,,,,,,,,,,,,,,,,,,,,,,,,,,,,,,,,,,,,,,,,,0.4,2,COMPLETE
98,98,-0.3654589985651844,2025-06-16 00:59:16.690190,2025-06-16 00:59:20.520130,0 days 00:00:03.829940,,,,,,,,688,0.025,6m,0.9,1.1,1.2000000000000002,328,632.0,0.025,4m,0.7,0.7,1.4000000000000001,992.0,,,,,,,,,,,,,,,264.0,0.05,3m,1.5,1.4,2.0,752.0,,,,,,,,,,,,,,,368.0,0.025,3m,0.8,1.3,1.7000000000000002,944.0,,,,,,,,0.4,4,COMPLETE
99,99,1.1177729786097867,2025-06-16 00:59:20.586208,2025-06-16 00:59:23.449960,0 days 00:00:02.863752,,,,,,,,760,0.025,6m,1.1,1.0,1.4000000000000001,304,880.0,0.025,7m,1.3,0.6,1.8000000000000003,296.0,,,,,,,,,,,,,,,,,,,,,,,,,,,,,,,,,,,,256.0,0.025,3m,0.9,1.3,1.8000000000000003,1008.0,,,,,,,,0.45,3,COMPLETE
100,100,0.27385396720244337,2025-06-16 00:59:23.508568,2025-06-16 00:59:26.375863,0 days 00:00:02.867295,,,,,,,,752,0.025,6m,1.1,1.0,1.3,296,880.0,0.025,7m,0.9,0.5,1.8000000000000003,304.0,,,,,,,,,,,,,,,,,,,,,,,,,,,,,,,,,,,,200.0,0.025,3m,0.9,1.3,1.8000000000000003,1000.0,,,,,,,,0.45,3,COMPLETE
101,101,1.607467089753366,2025-06-16 00:59:26.446639,2025-06-16 00:59:29.269497,0 days 00:00:02.822858,,,,,,,,768,0.025,6m,1.1,1.0,1.4000000000000001,360,904.0,0.025,7m,1.3,0.6,1.8000000000000003,224.0,,,,,,,,,,,,,,,,,,,,,,,,,,,,,,,,,,,,248.0,0.025,4m,0.9,1.4,1.6,1024.0,,,,,,,,0.45,3,COMPLETE
102,102,0.03521129826783857,2025-06-16 00:59:29.342321,2025-06-16 00:59:32.060009,0 days 00:00:02.717688,,,,,,,,768,0.025,6m,1.0,1.0,1.4000000000000001,360,920.0,0.025,7m,0.6,0.6,1.8000000000000003,224.0,,,,,,,,,,,,,,,,,,,,,,,,,,,,,,,,,,,,248.0,0.025,4m,0.9,1.4,1.6,1008.0,,,,,,,,0.45,3,COMPLETE
103,103,0.9990506813832997,2025-06-16 00:59:32.111037,2025-06-16 00:59:34.956734,0 days 00:00:02.845697,,,,,,,,864,0.025,6m,1.2000000000000002,0.9,1.4000000000000001,264,952.0,0.025,7m,1.3,0.6,1.8000000000000003,272.0,,,,,,,,,,,,,,,,,,,,,,,,,,,,,,,,,,,,240.0,0.025,4m,0.8,1.4,1.9000000000000001,968.0,,,,,,,,0.45,3,COMPLETE
104,104,0.36185847846901104,2025-06-16 00:59:35.004865,2025-06-16 00:59:37.054113,0 days 00:00:02.049248,,,,,,,,840,0.025,6m,1.2000000000000002,0.8,1.4000000000000001,272,1024.0,0.025,7m,1.3,0.6,1.9000000000000001,960.0,,,,,,,,,,,,,,,,,,,,,,,,,,,,,,,,,,,,,,,,,,,,,,,,,,0.45,2,COMPLETE
105,105,0.8664013900157832,2025-06-16 00:59:37.111219,2025-06-16 00:59:39.841529,0 days 00:00:02.730310,,,,,,,,912,0.025,6m,1.3,0.9,1.5,240,952.0,0.025,7m,1.3,0.6,1.8000000000000003,152.0,,,,,,,,,,,,,,,,,,,,,,,,,,,,,,,,,,,,240.0,0.025,4m,0.8,1.4,1.9000000000000001,968.0,,,,,,,,0.45,3,COMPLETE
106,106,-0.9790644888390947,2025-06-16 00:59:39.891534,2025-06-16 00:59:42.803551,0 days 00:00:02.912017,,,,,,,,800,0.025,2m,1.2000000000000002,0.9,1.4000000000000001,304,984.0,0.025,7m,1.3,0.5,1.7000000000000002,240.0,,,,,,,,,,,,,,,,,,,,,,,,,,,,,,,,,,,,120.0,0.025,4m,0.8,1.5,2.0,1000.0,,,,,,,,0.45,3,COMPLETE
107,107,0.040971425464100285,2025-06-16 00:59:42.857333,2025-06-16 00:59:44.844851,0 days 00:00:01.987518,,,,,,,,872,0.025,9m,1.1,0.6,1.4000000000000001,192,848.0,0.025,7m,1.2000000000000002,0.7,1.8000000000000003,320.0,,,,,,,,,,,,,,,,,,,,,,,,,,,,,,,,,,,,,,,,,,,,,,,,,,0.45,2,COMPLETE
108,108,0.7826274957807394,2025-06-16 00:59:44.913866,2025-06-16 00:59:47.760493,0 days 00:00:02.846627,,,,,,,,720,0.025,6m,1.2000000000000002,1.2000000000000002,1.5,384,864.0,0.025,7m,1.4,0.6,1.9000000000000001,944.0,,,,,,,,,,,,,,,,,,,,,,,,,,,,,,,,,,,,216.0,0.025,4m,0.9,1.3,1.8000000000000003,1024.0,,,,,,,,0.4,3,COMPLETE
109,109,-2.8984491500403506,2025-06-16 00:59:47.839654,2025-06-16 00:59:51.534457,0 days 00:00:03.694803,,,,,,,,760,0.025,1m,1.1,0.9,1.3,344,912.0,0.025,7m,1.3,0.7,1.7000000000000002,368.0,,,,,,,,,,,,,,,304.0,0.025,10m,0.6,1.3,1.9000000000000001,280.0,,,,,,,,,,,,,,,160.0,0.025,3m,0.7,1.4,1.8000000000000003,264.0,,,,,,,,0.4,4,COMPLETE
110,110,-1.1629827972290747,2025-06-16 00:59:51.605159,2025-06-16 00:59:54.528282,0 days 00:00:02.923123,,,,,,,,696,0.025,6m,1.3,1.1,1.4000000000000001,264,832.0,0.025,2m,1.2000000000000002,0.5,1.8000000000000003,280.0,,,,,,,,,,,,,,,,,,,,,,,,,,,,,,,,,,,,280.0,0.025,4m,0.8,1.3,1.9000000000000001,968.0,,,,,,,,0.45,3,COMPLETE
111,111,0.41284340180241175,2025-06-16 00:59:54.604799,2025-06-16 00:59:58.225291,0 days 00:00:03.620492,,,,,,,,816,0.025,6m,1.1,1.0,1.3,312,64.0,0.025,10m,1.2000000000000002,0.6,1.8000000000000003,264.0,,,,,,,,,,,,,,,216.0,0.05,7m,1.5,1.1,2.0,608.0,,,,,,,,,,,,,,,336.0,0.025,3m,1.0,1.4,1.6,920.0,,,,,,,,0.45,4,COMPLETE
