,number,value,datetime_start,datetime_complete,duration,params_AEP_BIIB_beta_win,params_AEP_BIIB_stop_loss,params_AEP_BIIB_trade_freq,params_AEP_BIIB_z_entry,params_AEP_BIIB_z_exit,params_AEP_BIIB_z_stop_scaler,params_AEP_BIIB_z_win,params_AMGN_BIIB_beta_win,params_AMGN_BIIB_stop_loss,params_AMGN_BIIB_trade_freq,params_AMGN_BIIB_z_entry,params_AMGN_BIIB_z_exit,params_AMGN_BIIB_z_stop_scaler,params_AMGN_BIIB_z_win,params_CHTR_MTCH_beta_win,params_CHTR_MTCH_stop_loss,params_CHTR_MTCH_trade_freq,params_CHTR_MTCH_z_entry,params_CHTR_MTCH_z_exit,params_CHTR_MTCH_z_stop_scaler,params_CHTR_MTCH_z_win,params_COST_PANW_beta_win,params_COST_PANW_stop_loss,params_COST_PANW_trade_freq,params_COST_PANW_z_entry,params_COST_PANW_z_exit,params_COST_PANW_z_stop_scaler,params_COST_PANW_z_win,params_EBAY_MTCH_beta_win,params_EBAY_MTCH_stop_loss,params_EBAY_MTCH_trade_freq,params_EBAY_MTCH_z_entry,params_EBAY_MTCH_z_exit,params_EBAY_MTCH_z_stop_scaler,params_EBAY_MTCH_z_win,params_EBAY_SWKS_beta_win,params_EBAY_SWKS_stop_loss,params_EBAY_SWKS_trade_freq,params_EBAY_SWKS_z_entry,params_EBAY_SWKS_z_exit,params_EBAY_SWKS_z_stop_scaler,params_EBAY_SWKS_z_win,params_GOOG_GOOGL_beta_win,params_GOOG_GOOGL_stop_loss,params_GOOG_GOOGL_trade_freq,params_GOOG_GOOGL_z_entry,params_GOOG_GOOGL_z_exit,params_GOOG_GOOGL_z_stop_scaler,params_GOOG_GOOGL_z_win,params_IDXX_ISRG_beta_win,params_IDXX_ISRG_stop_loss,params_IDXX_ISRG_trade_freq,params_IDXX_ISRG_z_entry,params_IDXX_ISRG_z_exit,params_IDXX_ISRG_z_stop_scaler,params_IDXX_ISRG_z_win,params_LRCX_NXPI_beta_win,params_LRCX_NXPI_stop_loss,params_LRCX_NXPI_trade_freq,params_LRCX_NXPI_z_entry,params_LRCX_NXPI_z_exit,params_LRCX_NXPI_z_stop_scaler,params_LRCX_NXPI_z_win,params_OKTA_SWKS_beta_win,params_OKTA_SWKS_stop_loss,params_OKTA_SWKS_trade_freq,params_OKTA_SWKS_z_entry,params_OKTA_SWKS_z_exit,params_OKTA_SWKS_z_stop_scaler,params_OKTA_SWKS_z_win,params_buffer_capital,params_pairs_to_trade,state
41,41,0.6842915562247636,2025-06-15 23:30:26.985214,2025-06-15 23:30:35.567040,0 days 00:00:08.581826,392.0,0.05,3m,1.1,0.6,1.7000000000000002,296.0,312.0,0.05,2m,0.7,1.2000000000000002,1.4000000000000001,632.0,480.0,0.05,4m,1.1,1.1,1.3,472.0,264.0,0.025,6m,0.7,1.2000000000000002,1.3,1016.0,120.0,0.025,5m,1.2000000000000002,1.2000000000000002,1.9000000000000001,840.0,,,,,,,,208,0.025,6m,1.4,0.5,1.2000000000000002,1024,936.0,0.025,6m,1.4,1.0,1.9000000000000001,224.0,640.0,0.025,8m,0.8,1.0,1.3,408.0,224.0,0.05,6m,0.8,0.6,1.4000000000000001,248.0,0.15000000000000002,9,COMPLETE
42,42,4.739010240743295,2025-06-15 23:30:35.690302,2025-06-15 23:30:43.267369,0 days 00:00:07.577067,792.0,0.05,3m,1.2000000000000002,0.5,1.9000000000000001,712.0,248.0,0.05,2m,0.8,1.1,1.2000000000000002,192.0,344.0,0.05,4m,0.9,1.2000000000000002,1.5,352.0,,,,,,,,88.0,0.025,2m,1.3,1.1,1.9000000000000001,640.0,,,,,,,,272,0.025,6m,1.5,0.7,1.2000000000000002,928,816.0,0.025,7m,1.3,1.1,1.9000000000000001,928.0,528.0,0.025,8m,0.6,1.1,1.2000000000000002,104.0,256.0,0.05,6m,0.9,0.8,1.3,160.0,0.2,8,COMPLETE
43,43,-1.2580544954445072,2025-06-15 23:30:43.360088,2025-06-15 23:30:50.486829,0 days 00:00:07.126741,776.0,0.05,3m,1.2000000000000002,0.5,1.9000000000000001,720.0,232.0,0.05,2m,0.8,1.1,1.6,208.0,1016.0,0.05,4m,0.8,1.3,1.2000000000000002,352.0,,,,,,,,192.0,0.025,2m,1.3,1.3,1.9000000000000001,624.0,,,,,,,,64,0.025,6m,1.5,0.6,1.3,904,,,,,,,,536.0,0.025,8m,0.8,1.2000000000000002,1.2000000000000002,112.0,280.0,0.05,3m,0.9,0.8,1.2000000000000002,376.0,0.3,7,COMPLETE
44,44,0.4708935677691455,2025-06-15 23:30:50.566452,2025-06-15 23:30:56.607356,0 days 00:00:06.040904,792.0,0.05,3m,1.5,1.2000000000000002,2.0,696.0,144.0,0.05,2m,1.0,1.2000000000000002,1.7000000000000002,464.0,504.0,0.05,4m,0.6,1.2000000000000002,1.1,536.0,,,,,,,,,,,,,,,,,,,,,,272,0.025,6m,1.5,0.7,1.1,952,,,,,,,,840.0,0.025,8m,0.7,1.1,1.3,88.0,232.0,0.05,6m,0.9,0.9,1.4000000000000001,160.0,0.2,6,COMPLETE
45,45,2.0992860743386856,2025-06-15 23:30:56.681629,2025-06-15 23:31:04.665792,0 days 00:00:07.984163,640.0,0.05,3m,1.2000000000000002,0.5,1.8000000000000003,792.0,336.0,0.05,2m,1.5,1.0,1.5,608.0,888.0,0.05,8m,0.9,1.4,1.4000000000000001,416.0,,,,,,,,72.0,0.025,2m,1.3,1.2000000000000002,1.9000000000000001,904.0,,,,,,,,104,0.025,6m,1.3,0.6,1.3,856,816.0,0.025,7m,1.3,0.9,2.0,568.0,616.0,0.025,8m,0.9,1.2000000000000002,1.1,672.0,16.0,0.05,3m,1.1,0.6,1.5,472.0,0.2,8,COMPLETE
46,46,-6.024359256405154,2025-06-15 23:31:04.740307,2025-06-15 23:31:12.504375,0 days 00:00:07.764068,504.0,0.05,8m,1.4,0.9,1.9000000000000001,504.0,400.0,0.05,8m,0.9,1.3,1.8000000000000003,296.0,648.0,0.025,4m,1.0,1.2000000000000002,1.3,664.0,,,,,,,,144.0,0.025,9m,1.5,1.1,2.0,648.0,,,,,,,,16,0.025,7m,1.1,0.5,1.4000000000000001,784,696.0,0.025,7m,1.1,1.3,1.9000000000000001,720.0,952.0,0.025,1m,1.2000000000000002,1.3,1.2000000000000002,872.0,320.0,0.05,6m,0.8,0.6,1.4000000000000001,608.0,0.25,8,COMPLETE
47,47,-0.40435629284468666,2025-06-15 23:31:12.599880,2025-06-15 23:31:15.704923,0 days 00:00:03.105043,560.0,0.025,7m,1.0,1.4,1.9000000000000001,592.0,512.0,0.025,4m,1.0,1.1,2.0,608.0,,,,,,,,,,,,,,,,,,,,,,,,,,,,,568,0.025,5m,1.0,0.7,1.8000000000000003,680,,,,,,,,,,,,,,,,,,,,,,0.1,3,COMPLETE
48,48,-3.772163950064694,2025-06-15 23:31:15.792859,2025-06-15 23:31:21.795078,0 days 00:00:06.002219,800.0,0.05,2m,1.3,0.7,1.8000000000000003,656.0,456.0,0.05,5m,0.8,1.2000000000000002,1.4000000000000001,360.0,224.0,0.05,9m,1.0,1.1,1.5,840.0,,,,,,,,,,,,,,,,,,,,,,416,0.025,3m,1.5,0.6,1.7000000000000002,224,,,,,,,,504.0,0.025,9m,0.6,1.1,1.6,256.0,400.0,0.05,4m,1.0,1.0,1.1,256.0,0.35000000000000003,6,COMPLETE
49,49,-6.197541356820185,2025-06-15 23:31:21.872049,2025-06-15 23:31:31.272102,0 days 00:00:09.400053,944.0,0.05,10m,1.2000000000000002,1.1,1.7000000000000002,408.0,552.0,0.05,1m,1.1,1.1,1.1,448.0,320.0,0.05,6m,0.8,1.0,1.1,576.0,712.0,0.05,1m,1.3,0.7,1.1,640.0,16.0,0.025,8m,1.4,1.3,1.8000000000000003,976.0,968.0,0.05,7m,1.0,1.0,1.5,552.0,296,0.025,10m,1.2000000000000002,0.9,1.2000000000000002,480,960.0,0.025,3m,1.1,0.9,1.8000000000000003,920.0,136.0,0.025,8m,1.0,1.4,1.3,416.0,256.0,0.025,10m,1.2000000000000002,0.8,1.3,320.0,0.15000000000000002,10,COMPLETE
50,50,0.014077703383452954,2025-06-15 23:31:31.351948,2025-06-15 23:31:37.864365,0 days 00:00:06.512417,480.0,0.025,7m,1.1,0.8,2.0,952.0,328.0,0.05,3m,0.7,1.0,1.3,568.0,584.0,0.025,4m,1.5,1.3,1.2000000000000002,472.0,,,,,,,,280.0,0.05,1m,1.2000000000000002,1.2000000000000002,1.9000000000000001,824.0,,,,,,,,480,0.025,2m,1.4,0.5,1.5,320,,,,,,,,688.0,0.025,9m,1.5,0.9,2.0,336.0,176.0,0.05,2m,0.9,0.7,1.4000000000000001,40.0,0.2,7,COMPLETE
51,51,-0.36335410012392594,2025-06-15 23:31:37.934366,2025-06-15 23:31:46.208098,0 days 00:00:08.273732,288.0,0.05,5m,1.1,0.6,1.5,568.0,264.0,0.05,9m,0.7,1.0,1.2000000000000002,184.0,392.0,0.05,10m,1.1,0.9,1.5,256.0,488.0,0.025,7m,1.0,1.3,1.4000000000000001,848.0,96.0,0.025,2m,0.7,1.1,2.0,528.0,,,,,,,,384,0.025,6m,1.4,0.8,1.2000000000000002,976,832.0,0.025,1m,1.5,1.1,1.9000000000000001,776.0,440.0,0.025,8m,0.6,1.0,1.4000000000000001,184.0,96.0,0.05,6m,0.7,1.1,1.3,120.0,0.15000000000000002,9,COMPLETE
52,52,-2.6498511121563784,2025-06-15 23:31:46.290326,2025-06-15 23:31:53.778293,0 days 00:00:07.487967,632.0,0.05,3m,1.0,0.5,1.7000000000000002,768.0,184.0,0.05,8m,0.8,0.7,1.2000000000000002,272.0,320.0,0.05,3m,1.0,0.5,1.4000000000000001,328.0,,,,,,,,72.0,0.025,6m,1.4,1.1,1.1,472.0,,,,,,,,360,0.025,4m,1.4,0.8,1.2000000000000002,920,680.0,0.025,8m,1.3,1.1,2.0,912.0,560.0,0.05,5m,0.6,0.8,1.5,224.0,72.0,0.05,6m,0.8,1.5,1.3,64.0,0.15000000000000002,8,COMPLETE
53,53,-2.6795783867107876,2025-06-15 23:31:53.864569,2025-06-15 23:32:02.049729,0 days 00:00:08.185160,408.0,0.05,9m,1.2000000000000002,0.6,1.6,824.0,376.0,0.05,2m,0.6,0.9,1.1,80.0,400.0,0.05,7m,0.7,0.9,1.6,184.0,280.0,0.025,2m,0.6,1.1,1.2000000000000002,896.0,152.0,0.025,9m,1.3,1.0,1.6,568.0,,,,,,,,200,0.025,7m,1.5,0.7,1.3,432,888.0,0.025,6m,1.4,1.0,1.9000000000000001,904.0,232.0,0.05,3m,0.8,1.0,1.4000000000000001,144.0,152.0,0.05,6m,1.0,1.2000000000000002,1.2000000000000002,192.0,0.3,9,COMPLETE
54,54,1.1270237810483814,2025-06-15 23:32:02.109795,2025-06-15 23:32:10.263899,0 days 00:00:08.154104,328.0,0.05,1m,1.1,0.6,1.3,336.0,248.0,0.05,7m,0.9,1.1,1.2000000000000002,16.0,336.0,0.05,4m,0.9,1.0,1.7000000000000002,288.0,328.0,0.05,10m,0.8,1.4,1.6,696.0,88.0,0.025,5m,0.8,0.9,1.2000000000000002,408.0,,,,,,,,616,0.025,1m,1.3,0.7,1.1,872,816.0,0.025,7m,1.2000000000000002,1.3,1.7000000000000002,512.0,392.0,0.05,5m,0.5,0.9,1.6,80.0,304.0,0.05,5m,0.6,0.5,1.5,160.0,0.1,9,COMPLETE
55,55,-14.902322477902375,2025-06-15 23:32:10.332564,2025-06-15 23:32:17.801078,0 days 00:00:07.468514,680.0,0.05,6m,1.0,0.5,1.5,512.0,296.0,0.05,10m,0.8,0.8,1.3,136.0,224.0,0.05,8m,1.2000000000000002,1.3,1.5,504.0,,,,,,,,168.0,0.025,7m,1.0,1.2000000000000002,1.8000000000000003,528.0,,,,,,,,472,0.025,8m,1.2000000000000002,0.6,1.6,960,512.0,0.025,9m,1.4,1.2000000000000002,1.5,488.0,48.0,0.025,1m,0.7,0.7,1.2000000000000002,272.0,200.0,0.05,3m,0.8,1.3,1.3,288.0,0.15000000000000002,8,COMPLETE
56,56,0.8443023791652067,2025-06-15 23:32:17.880684,2025-06-15 23:32:27.106333,0 days 00:00:09.225649,728.0,0.05,4m,1.2000000000000002,0.7,1.7000000000000002,624.0,416.0,0.05,8m,0.7,0.9,1.2000000000000002,184.0,280.0,0.05,10m,1.1,0.8,1.3,400.0,120.0,0.025,4m,1.2000000000000002,1.0,1.4000000000000001,408.0,392.0,0.025,3m,1.1,1.0,1.1,376.0,360.0,0.025,5m,1.3,1.2000000000000002,1.6,16.0,528,0.05,4m,1.4,0.9,1.2000000000000002,824,440.0,0.025,4m,1.4,0.9,1.8000000000000003,608.0,456.0,0.05,2m,0.7,1.2000000000000002,1.4000000000000001,16.0,16.0,0.05,6m,0.7,0.9,1.4000000000000001,128.0,0.05,10,COMPLETE
57,57,-0.28990956034653437,2025-06-15 23:32:27.193457,2025-06-15 23:32:28.329761,0 days 00:00:01.136304,,,,,,,,,,,,,,,,,,,,,,,,,,,,,,,,,,,,,,,,,,,240,0.025,8m,1.5,0.8,1.3,992,,,,,,,,,,,,,,,,,,,,,,0.2,1,COMPLETE
58,58,1.488482384612853,2025-06-15 23:32:28.404239,2025-06-15 23:32:35.565949,0 days 00:00:07.161710,160.0,0.05,7m,0.9,0.6,1.8000000000000003,688.0,880.0,0.05,6m,1.0,1.0,1.1,496.0,472.0,0.05,5m,1.4,0.7,1.4000000000000001,352.0,,,,,,,,56.0,0.05,10m,0.7,0.5,1.5,752.0,,,,,,,,424,0.025,6m,1.3,1.1,2.0,752,968.0,0.025,10m,0.5,1.3,1.2000000000000002,976.0,344.0,0.05,9m,0.6,0.9,1.5,200.0,432.0,0.05,8m,1.0,1.4,1.6,352.0,0.1,8,COMPLETE
59,59,-0.2670122418087557,2025-06-15 23:32:35.674544,2025-06-15 23:32:41.960394,0 days 00:00:06.285850,456.0,0.05,4m,0.5,1.1,1.6,424.0,80.0,0.05,4m,0.6,1.1,1.7000000000000002,688.0,424.0,0.05,2m,1.0,1.1,1.2000000000000002,536.0,,,,,,,,272.0,0.025,8m,0.5,1.4,1.4000000000000001,664.0,,,,,,,,352,0.025,3m,1.4,1.0,1.1,904,,,,,,,,280.0,0.05,10m,1.4,0.6,1.3,464.0,368.0,0.05,9m,0.5,1.0,1.2000000000000002,264.0,0.25,7,COMPLETE
60,60,-3.3128590725328357,2025-06-15 23:32:42.041086,2025-06-15 23:32:50.601887,0 days 00:00:08.560801,544.0,0.05,2m,1.3,1.3,1.8000000000000003,464.0,136.0,0.05,2m,1.2000000000000002,1.2000000000000002,1.9000000000000001,776.0,744.0,0.05,3m,1.2000000000000002,1.2000000000000002,1.6,768.0,552.0,0.05,9m,0.9,1.2000000000000002,1.2000000000000002,200.0,912.0,0.05,9m,0.6,1.1,2.0,584.0,,,,,,,,136,0.025,2m,1.5,0.7,1.2000000000000002,696,1024.0,0.025,7m,1.3,1.1,2.0,744.0,752.0,0.05,6m,0.5,1.0,1.4000000000000001,96.0,136.0,0.05,6m,0.9,1.5,1.1,400.0,0.15000000000000002,9,COMPLETE
61,61,0.5453749584193,2025-06-15 23:32:50.674445,2025-06-15 23:32:58.224850,0 days 00:00:07.550405,632.0,0.05,3m,1.2000000000000002,0.5,1.8000000000000003,800.0,344.0,0.05,2m,1.3,1.0,1.5,592.0,848.0,0.05,8m,0.9,1.5,1.4000000000000001,416.0,,,,,,,,64.0,0.025,2m,1.3,1.2000000000000002,1.9000000000000001,936.0,,,,,,,,64,0.025,6m,1.3,0.6,1.2000000000000002,856,800.0,0.025,7m,1.3,0.9,2.0,544.0,632.0,0.025,8m,0.9,1.2000000000000002,1.1,664.0,24.0,0.05,3m,1.1,0.6,1.5,472.0,0.2,8,COMPLETE
62,62,-0.16856170924017938,2025-06-15 23:32:58.287125,2025-06-15 23:33:11.343622,0 days 00:00:13.056497,736.0,0.05,3m,1.2000000000000002,0.5,1.9000000000000001,744.0,208.0,0.05,2m,0.7,1.0,1.5,640.0,872.0,0.05,8m,0.9,1.5,1.4000000000000001,464.0,,,,,,,,112.0,0.025,2m,1.3,1.1,1.9000000000000001,872.0,,,,,,,,88,0.025,6m,1.2000000000000002,0.6,1.3,864,872.0,0.025,7m,1.4,0.9,2.0,616.0,616.0,0.025,8m,0.9,1.1,1.1,760.0,56.0,0.05,3m,1.1,0.6,1.5,424.0,0.2,8,COMPLETE
63,63,-0.9748320968380433,2025-06-15 23:33:11.514397,2025-06-15 23:33:31.131691,0 days 00:00:19.617294,584.0,0.05,3m,1.1,0.5,1.9000000000000001,552.0,312.0,0.05,2m,1.4,1.1,1.4000000000000001,520.0,952.0,0.05,8m,0.8,1.4,1.3,400.0,800.0,0.025,6m,0.6,1.4,2.0,912.0,56.0,0.025,2m,1.4,1.3,2.0,1000.0,,,,,,,,112,0.025,6m,1.3,0.5,1.2000000000000002,792,704.0,0.025,9m,1.2000000000000002,0.7,1.9000000000000001,408.0,512.0,0.025,5m,0.8,1.2000000000000002,1.1,624.0,80.0,0.05,3m,1.2000000000000002,0.5,1.3,528.0,0.2,9,COMPLETE
64,64,-4.999920288076155,2025-06-15 23:33:31.239581,2025-06-15 23:33:38.492134,0 days 00:00:07.252553,840.0,0.05,3m,1.2000000000000002,0.5,1.7000000000000002,864.0,360.0,0.05,6m,1.5,1.0,1.5,760.0,840.0,0.05,1m,0.9,1.4,1.5,496.0,,,,,,,,112.0,0.025,5m,1.2000000000000002,0.6,1.1,776.0,,,,,,,,152,0.025,8m,1.1,0.6,1.4000000000000001,944,,,,,,,,608.0,0.025,8m,0.8,1.3,1.1,736.0,248.0,0.05,1m,1.0,0.7,1.9000000000000001,200.0,0.15000000000000002,7,COMPLETE
65,65,0.3340382339077965,2025-06-15 23:33:38.559194,2025-06-15 23:33:46.980914,0 days 00:00:08.421720,472.0,0.05,7m,0.6,0.8,1.8000000000000003,656.0,272.0,0.05,8m,1.5,1.1,1.6,720.0,968.0,0.05,5m,1.3,1.4,1.4000000000000001,328.0,16.0,0.025,8m,0.8,1.2000000000000002,1.8000000000000003,544.0,184.0,0.05,2m,1.1,0.9,1.2000000000000002,720.0,752.0,0.05,9m,0.7,0.8,1.4000000000000001,872.0,664,0.025,6m,1.0,0.7,1.1,1008,784.0,0.025,7m,1.3,1.0,2.0,544.0,576.0,0.025,4m,1.2000000000000002,1.1,1.2000000000000002,800.0,544.0,0.05,3m,1.1,0.5,1.5,568.0,0.25,10,COMPLETE
66,66,-1.6027100423393787,2025-06-15 23:33:47.051955,2025-06-15 23:33:53.637231,0 days 00:00:06.585276,232.0,0.05,3m,1.5,1.2000000000000002,1.5,760.0,464.0,0.05,5m,0.5,1.0,1.3,232.0,904.0,0.05,4m,0.7,0.9,1.9000000000000001,368.0,,,,,,,,32.0,0.025,3m,0.7,1.2000000000000002,1.7000000000000002,472.0,,,,,,,,288,0.025,10m,1.4,0.7,1.3,840,960.0,0.025,5m,1.1,1.1,1.9000000000000001,848.0,464.0,0.05,7m,0.9,1.2000000000000002,1.3,936.0,200.0,0.05,2m,1.2000000000000002,1.4,1.4000000000000001,328.0,0.2,8,COMPLETE
67,67,-17.912592338046863,2025-06-15 23:33:53.716680,2025-06-15 23:34:00.424496,0 days 00:00:06.707816,184.0,0.05,8m,1.1,1.0,1.6,16.0,376.0,0.05,1m,0.9,0.9,1.1,384.0,504.0,0.05,8m,1.4,0.7,1.3,432.0,,,,,,,,240.0,0.05,6m,1.5,1.0,1.6,952.0,,,,,,,,232,0.025,8m,1.3,0.5,1.2000000000000002,888,192.0,0.025,8m,0.9,0.7,1.8000000000000003,640.0,664.0,0.05,5m,0.7,0.8,1.5,56.0,128.0,0.05,9m,0.9,0.6,1.6,56.0,0.5,8,COMPLETE
68,68,-4.296407203967374,2025-06-15 23:34:00.525237,2025-06-15 23:34:07.820166,0 days 00:00:07.294929,928.0,0.05,4m,1.3,0.7,1.4000000000000001,192.0,336.0,0.05,2m,0.6,1.3,1.8000000000000003,304.0,768.0,0.05,9m,1.0,0.8,1.4000000000000001,600.0,464.0,0.05,3m,0.5,0.9,1.5,216.0,448.0,0.05,3m,0.5,1.2000000000000002,1.9000000000000001,256.0,,,,,,,,320,0.025,9m,1.0,0.8,1.1,768,752.0,0.025,10m,1.5,0.6,1.9000000000000001,472.0,536.0,0.025,10m,0.8,1.4,1.4000000000000001,320.0,176.0,0.05,7m,1.3,0.8,1.4000000000000001,16.0,0.05,9,COMPLETE
69,69,-3.164680519368512,2025-06-15 23:34:07.892383,2025-06-15 23:34:15.970815,0 days 00:00:08.078432,360.0,0.05,5m,1.0,0.5,1.8000000000000003,920.0,496.0,0.025,10m,0.8,1.2000000000000002,1.2000000000000002,448.0,688.0,0.05,6m,1.1,1.0,1.6,224.0,648.0,0.025,5m,1.5,1.3,1.3,672.0,128.0,0.025,1m,0.8,0.8,1.3,344.0,272.0,0.025,6m,1.5,0.7,1.8000000000000003,488.0,184,0.05,5m,0.7,0.6,1.3,520,552.0,0.025,9m,1.2000000000000002,1.0,2.0,176.0,752.0,0.05,9m,0.6,1.1,1.3,512.0,32.0,0.05,10m,0.8,1.4,1.3,496.0,0.15000000000000002,10,COMPLETE
70,70,-1.85928452281465,2025-06-15 23:34:16.047223,2025-06-15 23:34:24.199639,0 days 00:00:08.152416,1016.0,0.05,6m,1.1,1.0,1.7000000000000002,808.0,288.0,0.05,9m,0.7,0.8,1.1,88.0,344.0,0.05,3m,1.3,0.6,1.7000000000000002,136.0,1024.0,0.05,1m,1.0,1.5,1.4000000000000001,824.0,16.0,0.025,3m,0.6,1.1,1.8000000000000003,40.0,,,,,,,,40,0.025,1m,1.4,1.0,1.1,176,360.0,0.025,4m,0.7,1.0,1.6,40.0,872.0,0.05,8m,0.9,1.3,1.6,672.0,280.0,0.05,3m,0.7,1.1,1.9000000000000001,712.0,0.1,9,COMPLETE
71,71,-1.418524931380226,2025-06-15 23:34:24.284093,2025-06-15 23:34:30.985827,0 days 00:00:06.701734,80.0,0.05,4m,1.2000000000000002,0.9,1.6,704.0,424.0,0.05,6m,0.6,0.9,1.1,144.0,416.0,0.05,5m,1.2000000000000002,0.7,2.0,368.0,,,,,,,,672.0,0.05,4m,0.5,1.1,1.3,296.0,,,,,,,,760,0.025,8m,0.9,0.7,1.2000000000000002,920,136.0,0.025,10m,1.0,0.8,1.8000000000000003,856.0,368.0,0.05,5m,0.5,0.9,1.4000000000000001,40.0,488.0,0.05,9m,1.0,1.4,1.7000000000000002,160.0,0.15000000000000002,8,COMPLETE
72,72,-1.3813471299670481,2025-06-15 23:34:31.058286,2025-06-15 23:34:36.883990,0 days 00:00:05.825704,128.0,0.05,4m,1.3,1.0,1.6,600.0,16.0,0.05,6m,0.6,1.0,1.2000000000000002,824.0,456.0,0.05,5m,1.2000000000000002,0.8,2.0,312.0,,,,,,,,800.0,0.05,4m,0.5,1.0,1.2000000000000002,360.0,,,,,,,,784,0.025,8m,0.9,0.8,1.2000000000000002,720,,,,,,,,304.0,0.05,5m,0.5,0.9,1.5,152.0,656.0,0.05,9m,1.0,1.5,1.8000000000000003,208.0,0.2,7,COMPLETE
73,73,0.451684938776479,2025-06-15 23:34:36.961013,2025-06-15 23:34:43.335371,0 days 00:00:06.374358,64.0,0.05,4m,1.1,1.1,1.5,656.0,208.0,0.05,6m,0.5,1.1,1.1,600.0,288.0,0.05,10m,1.3,0.7,1.9000000000000001,272.0,,,,,,,,608.0,0.05,4m,0.6,1.1,1.1,432.0,,,,,,,,840,0.025,8m,0.9,0.6,1.2000000000000002,816,104.0,0.025,10m,1.0,0.9,1.8000000000000003,952.0,408.0,0.05,5m,0.6,0.8,1.5,232.0,456.0,0.05,9m,1.1,1.3,1.8000000000000003,104.0,0.15000000000000002,8,COMPLETE
74,74,2.8436395006069994,2025-06-15 23:34:43.419424,2025-06-15 23:34:49.151295,0 days 00:00:05.731871,624.0,0.05,1m,1.4,0.9,1.7000000000000002,576.0,624.0,0.05,7m,0.7,1.0,1.3,536.0,528.0,0.05,5m,1.2000000000000002,0.6,2.0,448.0,,,,,,,,64.0,0.05,3m,0.7,1.2000000000000002,1.3,200.0,,,,,,,,640,0.025,4m,0.8,0.9,1.1,968,,,,,,,,336.0,0.05,5m,0.7,1.0,1.4000000000000001,64.0,560.0,0.05,2m,0.9,1.2000000000000002,1.7000000000000002,176.0,0.15000000000000002,7,COMPLETE
75,75,3.6590853993357837,2025-06-15 23:34:49.231313,2025-06-15 23:34:55.160436,0 days 00:00:05.929123,640.0,0.05,1m,1.4,0.8,1.7000000000000002,496.0,632.0,0.05,7m,0.7,1.0,1.3,648.0,552.0,0.05,5m,1.1,0.5,1.8000000000000003,552.0,,,,,,,,64.0,0.05,3m,0.7,1.3,1.2000000000000002,120.0,,,,,,,,664,0.025,4m,0.8,0.9,1.1,968,,,,,,,,152.0,0.05,10m,0.7,1.0,1.2000000000000002,552.0,544.0,0.05,2m,0.8,1.0,1.8000000000000003,456.0,0.25,7,COMPLETE
76,76,3.6065300711520427,2025-06-15 23:34:55.240080,2025-06-15 23:35:00.740144,0 days 00:00:05.500064,672.0,0.05,1m,1.4,0.8,1.7000000000000002,496.0,712.0,0.05,7m,0.7,1.1,1.3,528.0,560.0,0.05,5m,1.1,0.5,1.8000000000000003,552.0,,,,,,,,,,,,,,,,,,,,,,672,0.025,4m,0.8,0.9,1.1,992,,,,,,,,208.0,0.05,10m,0.7,1.0,1.3,544.0,544.0,0.05,2m,0.8,1.0,1.7000000000000002,184.0,0.3,6,COMPLETE
77,77,3.7812986848496015,2025-06-15 23:35:00.807098,2025-06-15 23:35:11.994870,0 days 00:00:11.187772,688.0,0.05,1m,1.4,0.9,1.7000000000000002,488.0,704.0,0.05,7m,0.8,1.1,1.3,520.0,552.0,0.05,5m,1.2000000000000002,0.5,1.8000000000000003,552.0,,,,,,,,,,,,,,,,,,,,,,664,0.025,4m,0.8,0.9,1.1,976,,,,,,,,168.0,0.05,10m,0.7,1.0,1.2000000000000002,536.0,544.0,0.025,2m,0.8,1.0,1.8000000000000003,232.0,0.3,6,COMPLETE
78,78,3.7035093490067235,2025-06-15 23:35:12.142963,2025-06-15 23:35:29.160145,0 days 00:00:17.017182,680.0,0.05,1m,1.5,0.8,1.7000000000000002,496.0,664.0,0.05,7m,0.8,1.1,1.4000000000000001,664.0,560.0,0.05,5m,1.1,0.5,1.8000000000000003,544.0,,,,,,,,,,,,,,,,,,,,,,672,0.025,4m,0.8,1.1,1.1,936,,,,,,,,,,,,,,,600.0,0.025,2m,0.8,1.0,1.8000000000000003,288.0,0.3,5,COMPLETE
79,79,-0.39296402783917006,2025-06-15 23:35:29.340394,2025-06-15 23:35:48.359572,0 days 00:00:19.019178,680.0,0.05,1m,1.5,0.9,1.7000000000000002,528.0,720.0,0.05,7m,0.8,1.2000000000000002,1.3,664.0,576.0,0.05,5m,1.4,0.5,1.8000000000000003,656.0,,,,,,,,,,,,,,,,,,,,,,672,0.025,4m,0.8,1.1,1.1,1024,,,,,,,,,,,,,,,632.0,0.025,2m,0.8,0.9,1.9000000000000001,296.0,0.3,5,COMPLETE
80,80,0.9848216342725592,2025-06-15 23:35:48.523295,2025-06-15 23:35:55.772999,0 days 00:00:07.249704,752.0,0.05,1m,1.4,0.8,1.7000000000000002,488.0,744.0,0.05,7m,0.8,1.1,1.4000000000000001,696.0,624.0,0.025,5m,1.2000000000000002,0.5,1.8000000000000003,536.0,,,,,,,,,,,,,,,,,,,,,,592,0.025,4m,0.6,1.2000000000000002,1.1,992,,,,,,,,,,,,,,,696.0,0.025,2m,0.8,1.0,1.8000000000000003,424.0,0.35000000000000003,5,COMPLETE
81,81,4.514331852085673,2025-06-15 23:35:55.865616,2025-06-15 23:36:02.694173,0 days 00:00:06.828557,704.0,0.05,1m,1.5,0.8,1.8000000000000003,432.0,680.0,0.05,7m,0.9,1.1,1.4000000000000001,584.0,560.0,0.05,5m,1.1,0.5,1.9000000000000001,624.0,,,,,,,,,,,,,,,,,,,,,,720,0.025,4m,0.7,0.9,1.1,928,,,,,,,,176.0,0.05,10m,0.7,1.0,1.2000000000000002,536.0,616.0,0.025,2m,0.8,1.1,1.8000000000000003,232.0,0.3,6,COMPLETE
82,82,4.320212456822411,2025-06-15 23:36:02.797620,2025-06-15 23:36:09.597035,0 days 00:00:06.799415,704.0,0.05,1m,1.5,0.8,1.7000000000000002,448.0,688.0,0.05,7m,0.8,1.1,1.4000000000000001,568.0,568.0,0.05,5m,1.1,0.5,1.9000000000000001,512.0,,,,,,,,,,,,,,,,,,,,,,736,0.025,4m,0.7,0.9,1.1,912,,,,,,,,192.0,0.05,10m,0.7,1.1,1.2000000000000002,536.0,592.0,0.025,2m,0.7,1.1,1.8000000000000003,224.0,0.3,6,COMPLETE
83,83,3.690136803573692,2025-06-15 23:36:09.732984,2025-06-15 23:36:16.827280,0 days 00:00:07.094296,696.0,0.05,1m,1.5,0.8,1.7000000000000002,392.0,696.0,0.05,7m,0.8,1.2000000000000002,1.4000000000000001,568.0,552.0,0.05,5m,1.1,0.5,1.9000000000000001,688.0,,,,,,,,,,,,,,,,,,,,,,736,0.025,4m,0.7,0.9,1.1,912,,,,,,,,168.0,0.05,10m,0.7,1.1,1.2000000000000002,560.0,608.0,0.025,2m,0.7,1.0,1.8000000000000003,224.0,0.3,6,COMPLETE
