,number,value,datetime_start,datetime_complete,duration,params_ABNB_NXPI_beta_win,params_ABNB_NXPI_stop_loss,params_ABNB_NXPI_trade_freq,params_ABNB_NXPI_z_entry,params_ABNB_NXPI_z_exit,params_ABNB_NXPI_z_stop_scaler,params_ABNB_NXPI_z_win,params_CTSH_MAR_beta_win,params_CTSH_MAR_stop_loss,params_CTSH_MAR_trade_freq,params_CTSH_MAR_z_entry,params_CTSH_MAR_z_exit,params_CTSH_MAR_z_stop_scaler,params_CTSH_MAR_z_win,params_DASH_KLAC_beta_win,params_DASH_KLAC_stop_loss,params_DASH_KLAC_trade_freq,params_DASH_KLAC_z_entry,params_DASH_KLAC_z_exit,params_DASH_KLAC_z_stop_scaler,params_DASH_KLAC_z_win,params_DASH_LRCX_beta_win,params_DASH_LRCX_stop_loss,params_DASH_LRCX_trade_freq,params_DASH_LRCX_z_entry,params_DASH_LRCX_z_exit,params_DASH_LRCX_z_stop_scaler,params_DASH_LRCX_z_win,params_DXCM_HON_beta_win,params_DXCM_HON_stop_loss,params_DXCM_HON_trade_freq,params_DXCM_HON_z_entry,params_DXCM_HON_z_exit,params_DXCM_HON_z_stop_scaler,params_DXCM_HON_z_win,params_GOOGL_VRSK_beta_win,params_GOOGL_VRSK_stop_loss,params_GOOGL_VRSK_trade_freq,params_GOOGL_VRSK_z_entry,params_GOOGL_VRSK_z_exit,params_GOOGL_VRSK_z_stop_scaler,params_GOOGL_VRSK_z_win,params_GOOG_VRSK_beta_win,params_GOOG_VRSK_stop_loss,params_GOOG_VRSK_trade_freq,params_GOOG_VRSK_z_entry,params_GOOG_VRSK_z_exit,params_GOOG_VRSK_z_stop_scaler,params_GOOG_VRSK_z_win,params_LRCX_NFLX_beta_win,params_LRCX_NFLX_stop_loss,params_LRCX_NFLX_trade_freq,params_LRCX_NFLX_z_entry,params_LRCX_NFLX_z_exit,params_LRCX_NFLX_z_stop_scaler,params_LRCX_NFLX_z_win,params_MU_CTAS_beta_win,params_MU_CTAS_stop_loss,params_MU_CTAS_trade_freq,params_MU_CTAS_z_entry,params_MU_CTAS_z_exit,params_MU_CTAS_z_stop_scaler,params_MU_CTAS_z_win,params_PYPL_GFS_beta_win,params_PYPL_GFS_stop_loss,params_PYPL_GFS_trade_freq,params_PYPL_GFS_z_entry,params_PYPL_GFS_z_exit,params_PYPL_GFS_z_stop_scaler,params_PYPL_GFS_z_win,params_buffer_capital,params_pairs_to_trade,state
0,0,-0.20713570088273903,2025-06-16 00:37:02.748743,2025-06-16 00:37:04.986998,0 days 00:00:02.238255,,,,,,,,296.0,0.025,10m,1.5,0.9,1.6,248.0,344,0.05,5m,1.3,0.9,1.1,504,320.0,0.05,6m,1.4,0.6,1.1,320.0,,,,,,,,,,,,,,,,,,,,,,,,,,,,,,,,,,,,,,,,,,,0.2,3,COMPLETE
1,1,-15.121088159534947,2025-06-16 00:37:05.038684,2025-06-16 00:37:11.080165,0 days 00:00:06.041481,152.0,0.025,9m,0.7,1.2000000000000002,1.6,1016.0,112.0,0.05,3m,1.2000000000000002,1.2000000000000002,1.4000000000000001,288.0,984,0.025,6m,1.0,1.2000000000000002,1.6,592,576.0,0.025,10m,0.7,1.3,1.1,384.0,216.0,0.025,8m,0.8,1.0,2.0,712.0,40.0,0.05,1m,0.6,0.6,1.1,416.0,176.0,0.05,9m,0.9,0.8,1.7000000000000002,464.0,488.0,0.05,7m,1.4,1.4,1.6,512.0,,,,,,,,808.0,0.05,7m,1.5,0.7,1.7000000000000002,1008.0,0.3,9,COMPLETE
2,2,0.5474761043181989,2025-06-16 00:37:11.129286,2025-06-16 00:37:20.666541,0 days 00:00:09.537255,96.0,0.05,9m,0.7,1.0,1.1,560.0,368.0,0.05,8m,0.7,1.0,1.9000000000000001,376.0,584,0.025,8m,1.3,0.6,1.6,376,496.0,0.05,7m,1.5,1.1,1.6,672.0,384.0,0.05,9m,1.3,1.0,1.5,384.0,888.0,0.05,5m,1.4,0.9,1.2000000000000002,456.0,488.0,0.05,7m,0.6,1.4,1.3,352.0,920.0,0.025,9m,0.7,0.7,2.0,608.0,,,,,,,,432.0,0.05,3m,1.0,1.5,1.4000000000000001,280.0,0.15000000000000002,9,COMPLETE
3,3,-7.020623639546412,2025-06-16 00:37:20.794820,2025-06-16 00:37:29.361343,0 days 00:00:08.566523,,,,,,,,144.0,0.05,4m,0.5,0.7,1.5,632.0,264,0.05,10m,1.5,0.5,1.6,720,848.0,0.025,6m,0.9,1.3,1.1,672.0,,,,,,,,600.0,0.05,10m,0.9,1.3,1.5,224.0,,,,,,,,,,,,,,,,,,,,,,,,,,,,,0.05,4,COMPLETE
4,4,1.1300947167537012,2025-06-16 00:37:29.505566,2025-06-16 00:37:41.518673,0 days 00:00:12.013107,816.0,0.05,7m,1.5,1.3,2.0,1008.0,864.0,0.05,2m,1.4,0.9,2.0,168.0,216,0.025,10m,1.2000000000000002,0.7,1.7000000000000002,480,112.0,0.025,3m,0.6,0.6,1.9000000000000001,248.0,88.0,0.025,8m,1.5,0.7,1.3,848.0,656.0,0.05,6m,0.6,1.2000000000000002,1.9000000000000001,208.0,,,,,,,,392.0,0.025,5m,1.4,0.8,1.1,144.0,,,,,,,,344.0,0.05,4m,0.6,1.0,1.9000000000000001,600.0,0.4,8,COMPLETE
5,5,-18.158706007338857,2025-06-16 00:37:41.597851,2025-06-16 00:37:45.795583,0 days 00:00:04.197732,,,,,,,,800.0,0.025,10m,0.8,0.7,1.2000000000000002,552.0,792,0.025,5m,1.5,1.0,1.6,528,224.0,0.025,8m,0.7,1.1,1.2000000000000002,984.0,936.0,0.025,1m,0.6,1.2000000000000002,1.6,976.0,1000.0,0.025,9m,1.4,0.5,1.4000000000000001,320.0,,,,,,,,,,,,,,,,,,,,,,288.0,0.025,4m,0.9,0.7,1.4000000000000001,912.0,0.35000000000000003,6,COMPLETE
6,6,-0.004748075206740728,2025-06-16 00:37:45.877138,2025-06-16 00:37:48.973811,0 days 00:00:03.096673,,,,,,,,672.0,0.05,4m,1.4,0.6,1.2000000000000002,776.0,608,0.05,2m,1.4,1.5,1.3,472,720.0,0.025,4m,0.7,1.5,1.2000000000000002,784.0,,,,,,,,224.0,0.025,2m,1.0,0.5,1.2000000000000002,832.0,,,,,,,,,,,,,,,,,,,,,,,,,,,,,0.4,4,COMPLETE
7,7,-5.119868518034665,2025-06-16 00:37:49.036719,2025-06-16 00:37:52.015214,0 days 00:00:02.978495,,,,,,,,264.0,0.025,5m,1.3,0.6,1.5,240.0,392,0.05,7m,0.6,1.2000000000000002,1.1,104,992.0,0.025,2m,1.2000000000000002,1.3,1.1,720.0,,,,,,,,624.0,0.025,8m,1.1,1.3,1.2000000000000002,528.0,,,,,,,,,,,,,,,,,,,,,,,,,,,,,0.3,4,COMPLETE
8,8,-4.577047525352374,2025-06-16 00:37:52.096868,2025-06-16 00:37:53.802624,0 days 00:00:01.705756,,,,,,,,944.0,0.05,3m,1.4,1.3,1.4000000000000001,960.0,704,0.05,7m,0.5,0.8,1.9000000000000001,256,,,,,,,,,,,,,,,,,,,,,,,,,,,,,,,,,,,,,,,,,,,,,,,,,,0.3,2,COMPLETE
9,9,-3.7777317526000145,2025-06-16 00:37:53.872005,2025-06-16 00:37:58.875493,0 days 00:00:05.003488,976.0,0.05,10m,0.7,0.9,1.8000000000000003,280.0,952.0,0.05,1m,0.7,0.6,1.8000000000000003,496.0,560,0.025,4m,0.5,0.6,1.3,528,344.0,0.025,10m,0.7,1.0,1.5,40.0,584.0,0.025,1m,1.3,0.8,1.1,744.0,312.0,0.025,8m,1.0,0.7,1.7000000000000002,792.0,,,,,,,,,,,,,,,,,,,,,,264.0,0.025,6m,0.8,0.9,1.1,536.0,0.1,7,COMPLETE
10,10,-3.997973895736018,2025-06-16 00:37:58.955077,2025-06-16 00:38:06.247922,0 days 00:00:07.292845,840.0,0.05,7m,1.5,1.5,2.0,1024.0,632.0,0.025,2m,1.1,1.5,2.0,48.0,24,0.025,10m,1.0,0.8,2.0,1000,88.0,0.05,3m,0.5,0.5,1.9000000000000001,40.0,40.0,0.05,8m,1.5,0.5,1.1,48.0,760.0,0.05,6m,0.7,1.5,2.0,32.0,1016.0,0.025,2m,1.5,0.5,2.0,1000.0,48.0,0.025,5m,1.5,0.5,1.1,48.0,632.0,0.025,8m,1.3,0.5,1.6,272.0,24.0,0.05,4m,0.5,1.3,2.0,576.0,0.5,10,COMPLETE
11,11,-7.238858403748188,2025-06-16 00:38:06.323969,2025-06-16 00:38:12.072042,0 days 00:00:05.748073,80.0,0.05,8m,1.5,0.5,1.2000000000000002,576.0,440.0,0.05,8m,0.9,1.0,2.0,104.0,96,0.025,8m,1.2000000000000002,0.6,1.8000000000000003,280,16.0,0.05,7m,1.5,0.8,2.0,328.0,384.0,0.05,9m,1.2000000000000002,0.7,1.5,312.0,896.0,0.05,5m,1.5,0.9,1.9000000000000001,576.0,,,,,,,,1000.0,0.025,9m,0.6,0.7,2.0,640.0,,,,,,,,576.0,0.05,3m,1.3,1.5,1.5,48.0,0.15000000000000002,8,COMPLETE
12,12,-6.05641877357025,2025-06-16 00:38:12.142646,2025-06-16 00:38:19.167406,0 days 00:00:07.024760,592.0,0.05,6m,1.1,1.1,1.1,608.0,464.0,0.05,2m,0.6,0.9,1.8000000000000003,400.0,184,0.025,3m,1.2000000000000002,0.7,1.8000000000000003,320,488.0,0.05,9m,1.1,0.8,1.7000000000000002,544.0,552.0,0.05,6m,1.5,1.4,1.4000000000000001,408.0,792.0,0.05,3m,1.3,1.0,1.7000000000000002,104.0,536.0,0.05,7m,0.5,1.5,1.1,24.0,536.0,0.025,2m,0.8,0.9,1.1,264.0,72.0,0.05,2m,0.5,1.5,1.1,1016.0,464.0,0.05,8m,0.5,1.1,2.0,184.0,0.45,10,COMPLETE
13,13,-13.486003546215244,2025-06-16 00:38:19.404824,2025-06-16 00:38:25.495822,0 days 00:00:06.090998,504.0,0.025,1m,1.0,1.4,1.4000000000000001,136.0,776.0,0.05,8m,0.9,1.2000000000000002,1.8000000000000003,400.0,472,0.025,8m,0.9,0.5,1.4000000000000001,808,528.0,0.05,7m,1.3,0.9,1.6,200.0,24.0,0.05,9m,1.1,0.9,1.4000000000000001,600.0,456.0,0.05,4m,0.5,1.2000000000000002,1.8000000000000003,608.0,,,,,,,,496.0,0.025,5m,1.1,0.9,2.0,968.0,,,,,,,,544.0,0.05,3m,1.1,1.1,1.7000000000000002,336.0,0.2,8,COMPLETE
14,14,-7.284265777393914,2025-06-16 00:38:25.578000,2025-06-16 00:38:30.340552,0 days 00:00:04.762552,,,,,,,,352.0,0.05,7m,1.1,0.9,1.9000000000000001,152.0,776,0.025,9m,0.8,0.7,1.7000000000000002,80,184.0,0.05,3m,0.9,0.7,1.8000000000000003,520.0,312.0,0.025,4m,1.4,0.5,1.7000000000000002,1016.0,744.0,0.05,5m,0.8,0.8,1.4000000000000001,240.0,,,,,,,,,,,,,,,,,,,,,,304.0,0.05,1m,0.7,1.5,1.3,704.0,0.2,6,COMPLETE
15,15,-7.165980737501227,2025-06-16 00:38:30.422841,2025-06-16 00:38:36.620259,0 days 00:00:06.197418,400.0,0.05,9m,0.5,0.8,2.0,752.0,592.0,0.05,9m,0.7,1.1,1.7000000000000002,336.0,456,0.025,1m,1.2000000000000002,1.1,1.4000000000000001,376,696.0,0.025,1m,1.0,1.1,1.4000000000000001,888.0,792.0,0.025,2m,1.0,1.2000000000000002,1.3,240.0,1000.0,0.05,6m,1.3,1.1,1.6,1016.0,,,,,,,,984.0,0.05,10m,1.1,0.6,1.5,576.0,,,,,,,,992.0,0.025,9m,1.1,0.9,1.7000000000000002,304.0,0.4,8,COMPLETE
16,16,-2.7813903356732794,2025-06-16 00:38:36.680145,2025-06-16 00:38:43.150820,0 days 00:00:06.470675,768.0,0.05,7m,1.2000000000000002,1.3,1.5,792.0,16.0,0.05,6m,1.0,0.8,2.0,24.0,240,0.025,8m,1.1,0.9,1.5,704,376.0,0.05,5m,0.5,0.5,2.0,568.0,216.0,0.05,5m,1.3,0.7,1.8000000000000003,520.0,464.0,0.05,7m,1.2000000000000002,1.0,2.0,376.0,600.0,0.05,7m,0.5,1.4,1.2000000000000002,344.0,232.0,0.025,9m,0.6,1.2000000000000002,1.6,336.0,,,,,,,,104.0,0.05,5m,0.7,0.5,1.2000000000000002,728.0,0.05,9,COMPLETE
17,17,0.7414762401980765,2025-06-16 00:38:43.217314,2025-06-16 00:38:48.858829,0 days 00:00:05.641515,344.0,0.025,4m,0.9,1.0,1.7000000000000002,400.0,832.0,0.025,8m,0.5,1.4,1.9000000000000001,688.0,928,0.025,10m,1.3,0.7,1.8000000000000003,152,200.0,0.05,7m,1.5,1.1,1.8000000000000003,176.0,424.0,0.025,3m,1.0,1.2000000000000002,1.3,824.0,856.0,0.05,5m,0.8,1.5,1.3,144.0,,,,,,,,,,,,,,,,,,,,,,680.0,0.05,2m,1.0,1.3,1.8000000000000003,352.0,0.5,7,COMPLETE
18,18,-2.3605783304950614,2025-06-16 00:38:48.927957,2025-06-16 00:38:54.362717,0 days 00:00:05.434760,320.0,0.025,4m,1.3,0.7,1.8000000000000003,320.0,864.0,0.025,2m,0.5,1.4,1.7000000000000002,736.0,992,0.025,10m,0.8,1.4,1.8000000000000003,168,152.0,0.025,3m,1.2000000000000002,0.9,1.8000000000000003,192.0,696.0,0.025,3m,0.9,1.5,1.2000000000000002,840.0,632.0,0.05,6m,0.7,1.5,1.4000000000000001,144.0,,,,,,,,,,,,,,,,,,,,,,712.0,0.05,2m,1.3,1.3,1.9000000000000001,432.0,0.5,7,COMPLETE
19,19,-1.6862720632886734,2025-06-16 00:38:54.441789,2025-06-16 00:38:58.358500,0 days 00:00:03.916711,,,,,,,,1024.0,0.025,1m,1.5,1.5,1.9000000000000001,976.0,920,0.025,10m,1.4,0.8,2.0,40,16.0,0.05,1m,0.9,0.7,1.8000000000000003,176.0,,,,,,,,832.0,0.025,7m,0.5,1.4,1.3,248.0,,,,,,,,,,,,,,,,,,,,,,768.0,0.025,10m,0.6,1.3,1.8000000000000003,656.0,0.45,5,COMPLETE
20,20,-1.474612280620632,2025-06-16 00:38:58.421619,2025-06-16 00:39:03.829944,0 days 00:00:05.408325,664.0,0.025,2m,1.0,1.2000000000000002,1.8000000000000003,336.0,704.0,0.025,7m,1.2000000000000002,1.3,1.7000000000000002,840.0,856,0.05,10m,1.1,1.0,1.9000000000000001,232,264.0,0.025,5m,0.6,1.2000000000000002,1.9000000000000001,416.0,176.0,0.025,10m,0.7,1.3,1.3,856.0,352.0,0.05,3m,0.8,1.2000000000000002,1.6,72.0,,,,,,,,,,,,,,,,,,,,,,656.0,0.05,2m,0.9,1.1,1.8000000000000003,464.0,0.4,7,COMPLETE
21,21,-2.505743967129772,2025-06-16 00:39:03.902993,2025-06-16 00:39:10.616533,0 days 00:00:06.713540,256.0,0.05,4m,0.8,1.0,1.3,432.0,560.0,0.025,8m,0.6,1.1,1.9000000000000001,648.0,664,0.025,3m,1.3,0.6,1.7000000000000002,416,424.0,0.05,7m,1.5,1.1,1.6,160.0,432.0,0.025,3m,1.1,1.1,1.5,600.0,904.0,0.05,5m,0.7,0.9,1.1,416.0,184.0,0.025,10m,0.9,1.1,1.4000000000000001,816.0,736.0,0.025,8m,0.8,0.8,1.4000000000000001,824.0,,,,,,,,400.0,0.05,2m,1.1,1.4,1.5,224.0,0.5,9,COMPLETE
22,22,-1.9072213089829035,2025-06-16 00:39:10.662783,2025-06-16 00:39:23.188568,0 days 00:00:12.525785,184.0,0.025,5m,0.8,1.0,1.6,72.0,840.0,0.05,8m,0.6,1.0,1.9000000000000001,480.0,352,0.025,2m,1.3,0.7,1.7000000000000002,160,128.0,0.05,7m,1.4,1.5,1.7000000000000002,288.0,456.0,0.05,3m,1.3,1.0,1.3,856.0,688.0,0.05,5m,0.9,1.1,1.3,176.0,,,,,,,,736.0,0.05,1m,1.3,1.1,1.8000000000000003,32.0,,,,,,,,392.0,0.05,3m,1.0,1.2000000000000002,1.6,376.0,0.25,8,COMPLETE
23,23,-47.582326056256704,2025-06-16 00:39:23.326306,2025-06-16 00:39:36.246798,0 days 00:00:12.920492,16.0,0.05,3m,0.9,1.1,1.9000000000000001,816.0,728.0,0.05,8m,0.8,1.1,2.0,176.0,528,0.025,4m,1.4,0.5,1.7000000000000002,376,624.0,0.05,7m,1.4,1.0,1.4000000000000001,648.0,320.0,0.025,7m,1.5,0.8,1.4000000000000001,456.0,888.0,0.05,5m,0.6,1.4,1.2000000000000002,704.0,856.0,0.05,5m,1.3,1.2000000000000002,1.5,144.0,296.0,0.025,6m,0.9,0.7,1.3,344.0,984.0,0.025,1m,0.7,1.0,2.0,56.0,216.0,0.05,4m,1.2000000000000002,1.5,1.9000000000000001,144.0,0.45,10,COMPLETE
24,24,0.6881105331227442,2025-06-16 00:39:36.316214,2025-06-16 00:39:41.492505,0 days 00:00:05.176291,416.0,0.025,9m,0.5,0.8,1.7000000000000002,504.0,496.0,0.025,5m,0.5,0.8,1.8000000000000003,592.0,680,0.025,6m,1.1,0.7,1.5,640,264.0,0.05,8m,1.3,1.2000000000000002,1.7000000000000002,456.0,640.0,0.025,8m,1.0,1.1,1.2000000000000002,680.0,552.0,0.05,9m,1.5,0.8,1.3,312.0,,,,,,,,,,,,,,,,,,,,,,864.0,0.05,10m,0.9,1.0,1.4000000000000001,272.0,0.35000000000000003,7,COMPLETE
25,25,1.543316326370702,2025-06-16 00:39:41.562753,2025-06-16 00:39:46.305502,0 days 00:00:04.742749,,,,,,,,488.0,0.025,5m,0.5,0.8,1.8000000000000003,632.0,872,0.025,6m,1.1,0.9,1.5,888,296.0,0.05,8m,1.3,1.4,1.9000000000000001,448.0,664.0,0.025,8m,0.9,1.2000000000000002,1.2000000000000002,736.0,544.0,0.05,9m,0.8,0.7,1.5,312.0,,,,,,,,,,,,,,,,,,,,,,856.0,0.05,10m,0.7,0.9,1.9000000000000001,40.0,0.35000000000000003,6,COMPLETE
26,26,-2.8655047598380765,2025-06-16 00:39:46.371277,2025-06-16 00:39:50.143388,0 days 00:00:03.772111,,,,,,,,880.0,0.025,5m,0.9,0.5,1.6,680.0,880,0.025,6m,0.9,0.9,1.9000000000000001,912,104.0,0.05,8m,1.1,1.4,1.9000000000000001,272.0,,,,,,,,496.0,0.05,9m,0.8,1.4,1.5,16.0,,,,,,,,,,,,,,,,,,,,,,928.0,0.05,10m,0.7,0.8,1.9000000000000001,24.0,0.35000000000000003,5,COMPLETE
27,27,-4.277515608817612,2025-06-16 00:39:50.204991,2025-06-16 00:39:54.923348,0 days 00:00:04.718357,,,,,,,,1000.0,0.025,9m,0.5,0.8,2.0,872.0,1016,0.025,9m,1.0,1.1,1.4000000000000001,856,280.0,0.025,2m,1.3,1.4,2.0,104.0,800.0,0.025,8m,0.8,1.3,1.2000000000000002,936.0,696.0,0.05,10m,0.6,1.2000000000000002,1.8000000000000003,304.0,,,,,,,,,,,,,,,,,,,,,,640.0,0.025,8m,0.6,0.9,1.8000000000000003,808.0,0.45,6,COMPLETE
28,28,-2.0011534169031426,2025-06-16 00:39:55.002294,2025-06-16 00:40:04.184379,0 days 00:00:09.182085,,,,,,,,,,,,,,,760,0.025,1m,1.2000000000000002,0.8,1.5,1008,,,,,,,,,,,,,,,,,,,,,,,,,,,,,,,,,,,,,,,,,,,,,,,,,,0.4,1,COMPLETE
29,29,-26.458364059161354,2025-06-16 00:40:04.243886,2025-06-16 00:40:08.276578,0 days 00:00:04.032692,,,,,,,,568.0,0.025,5m,0.8,0.7,1.1,728.0,840,0.05,5m,1.1,0.9,1.8000000000000003,752,208.0,0.05,9m,0.8,0.9,1.9000000000000001,248.0,,,,,,,,552.0,0.025,1m,0.9,0.7,1.5,168.0,,,,,,,,,,,,,,,,,,,,,,1008.0,0.05,1m,0.8,1.0,2.0,112.0,0.25,5,COMPLETE
30,30,-0.7261259965654611,2025-06-16 00:40:08.348725,2025-06-16 00:40:10.982295,0 days 00:00:02.633570,,,,,,,,264.0,0.025,6m,1.5,0.9,1.7000000000000002,480.0,936,0.025,6m,1.4,0.9,1.2000000000000002,624,432.0,0.025,4m,1.2000000000000002,1.4,1.8000000000000003,464.0,,,,,,,,,,,,,,,,,,,,,,,,,,,,,,,,,,,,,,,,,,,0.35000000000000003,3,COMPLETE
31,31,-0.8710879920269721,2025-06-16 00:40:11.048369,2025-06-16 00:40:16.749737,0 days 00:00:05.701368,464.0,0.025,4m,0.5,0.7,1.7000000000000002,408.0,480.0,0.025,5m,0.5,0.8,1.8000000000000003,584.0,680,0.025,6m,1.1,0.7,1.5,640,264.0,0.05,8m,1.3,1.2000000000000002,1.7000000000000002,384.0,680.0,0.025,8m,1.0,1.2000000000000002,1.2000000000000002,712.0,392.0,0.05,9m,1.1,0.7,1.3,312.0,,,,,,,,,,,,,,,,,,,,,,872.0,0.05,10m,0.8,1.0,1.9000000000000001,424.0,0.35000000000000003,7,COMPLETE
32,32,-3.455089306240564,2025-06-16 00:40:16.808935,2025-06-16 00:40:21.846358,0 days 00:00:05.037423,,,,,,,,520.0,0.025,5m,0.6,0.8,1.8000000000000003,576.0,928,0.025,6m,1.2000000000000002,0.8,1.5,872,328.0,0.05,8m,1.4,1.2000000000000002,1.7000000000000002,448.0,640.0,0.025,8m,0.9,1.1,1.1,776.0,544.0,0.05,9m,0.8,0.8,1.4000000000000001,344.0,,,,,,,,,,,,,,,,,,,,,,840.0,0.05,10m,0.9,0.8,1.6,600.0,0.35000000000000003,6,COMPLETE
33,33,-4.770034327213864,2025-06-16 00:40:21.929455,2025-06-16 00:40:27.601672,0 days 00:00:05.672217,360.0,0.025,7m,1.3,0.8,1.7000000000000002,472.0,376.0,0.025,2m,0.5,1.0,1.9000000000000001,776.0,752,0.025,6m,0.9,0.7,1.6,568,104.0,0.05,8m,1.3,1.0,1.9000000000000001,352.0,776.0,0.025,8m,0.9,1.1,1.2000000000000002,648.0,664.0,0.05,9m,0.7,0.6,1.3,256.0,,,,,,,,,,,,,,,,,,,,,,720.0,0.05,10m,0.6,1.0,1.8000000000000003,240.0,0.4,7,COMPLETE
34,34,-5.566737702708202,2025-06-16 00:40:27.681022,2025-06-16 00:40:34.179991,0 days 00:00:06.498969,640.0,0.025,3m,0.6,0.5,1.5,688.0,632.0,0.025,10m,0.6,0.9,1.6,624.0,640,0.025,10m,1.3,0.6,1.7000000000000002,688,200.0,0.05,6m,1.1,1.3,1.8000000000000003,112.0,896.0,0.025,8m,1.1,1.3,1.3,896.0,144.0,0.05,2m,0.6,0.8,1.1,456.0,,,,,,,,296.0,0.05,4m,1.2000000000000002,1.5,1.3,192.0,,,,,,,,912.0,0.05,6m,0.8,1.2000000000000002,1.4000000000000001,464.0,0.3,8,COMPLETE
35,35,-7.726005178346961,2025-06-16 00:40:34.244043,2025-06-16 00:40:39.314977,0 days 00:00:05.070934,,,,,,,,400.0,0.025,5m,0.7,0.7,1.9000000000000001,872.0,848,0.025,6m,1.1,0.7,1.6,936,376.0,0.05,3m,1.5,1.2000000000000002,2.0,248.0,528.0,0.025,7m,0.8,1.1,1.2000000000000002,784.0,568.0,0.05,4m,0.5,0.6,1.6,104.0,,,,,,,,,,,,,,,,,,,,,,776.0,0.05,9m,0.7,0.8,1.3,112.0,0.25,6,COMPLETE
36,36,-6.545354833425825,2025-06-16 00:40:39.377577,2025-06-16 00:40:46.926422,0 days 00:00:07.548845,1024.0,0.025,1m,1.4,0.8,1.9000000000000001,192.0,760.0,0.025,3m,0.5,0.9,1.8000000000000003,696.0,712,0.025,10m,1.0,1.0,1.3,464,72.0,0.05,8m,1.0,0.6,1.7000000000000002,464.0,120.0,0.025,6m,1.0,1.4,1.3,656.0,392.0,0.05,1m,1.0,1.1,1.8000000000000003,408.0,64.0,0.025,8m,1.1,0.8,1.8000000000000003,712.0,96.0,0.05,3m,1.5,1.2000000000000002,1.2000000000000002,152.0,,,,,,,,936.0,0.05,5m,0.9,1.1,1.9000000000000001,384.0,0.45,9,COMPLETE
37,37,-3.2035957605421452,2025-06-16 00:40:47.010695,2025-06-16 00:40:52.617236,0 days 00:00:05.606541,752.0,0.025,2m,1.1,1.4,1.7000000000000002,864.0,328.0,0.025,4m,1.2000000000000002,0.7,1.7000000000000002,512.0,808,0.025,6m,1.5,1.1,1.4000000000000001,784,288.0,0.05,10m,1.4,1.1,1.5,336.0,616.0,0.025,4m,1.1,0.9,1.1,576.0,512.0,0.05,6m,0.9,0.8,1.7000000000000002,192.0,,,,,,,,,,,,,,,,,,,,,,816.0,0.05,7m,1.5,0.6,1.7000000000000002,248.0,0.35000000000000003,7,COMPLETE
38,38,-3.276011909739732,2025-06-16 00:40:52.693749,2025-06-16 00:40:56.825508,0 days 00:00:04.131759,,,,,,,,912.0,0.025,5m,0.7,0.5,1.4000000000000001,448.0,944,0.05,5m,1.3,0.5,1.6,664,176.0,0.025,8m,1.5,1.4,1.8000000000000003,632.0,,,,,,,,728.0,0.05,9m,1.5,1.3,1.4000000000000001,280.0,,,,,,,,,,,,,,,,,,,,,,640.0,0.05,7m,0.6,0.9,2.0,528.0,0.3,5,COMPLETE
39,39,0.7944442996993212,2025-06-16 00:40:56.911133,2025-06-16 00:41:01.725983,0 days 00:00:04.814850,,,,,,,,192.0,0.025,10m,1.3,1.2000000000000002,1.5,288.0,288,0.025,7m,1.2000000000000002,0.9,1.5,472,440.0,0.05,6m,1.2000000000000002,1.5,1.6,408.0,736.0,0.025,10m,0.5,1.2000000000000002,1.4000000000000001,800.0,16.0,0.05,9m,1.1,0.9,1.5,472.0,,,,,,,,,,,,,,,,,,,,,,504.0,0.05,2m,1.0,1.2000000000000002,1.6,336.0,0.5,6,COMPLETE
40,40,-0.08485151881676993,2025-06-16 00:41:01.814039,2025-06-16 00:41:05.293376,0 days 00:00:03.479337,,,,,,,,136.0,0.025,10m,1.4,1.3,1.5,272.0,192,0.025,7m,1.3,1.2000000000000002,1.9000000000000001,488,464.0,0.025,3m,1.2000000000000002,1.5,1.4000000000000001,120.0,,,,,,,,224.0,0.05,10m,1.1,1.0,1.5,472.0,,,,,,,,,,,,,,,,,,,,,,,,,,,,,0.5,4,COMPLETE
41,41,1.2116921621961192,2025-06-16 00:41:05.378451,2025-06-16 00:41:10.277796,0 days 00:00:04.899345,,,,,,,,176.0,0.025,10m,1.3,1.4,1.5,224.0,264,0.025,7m,1.2000000000000002,0.9,1.5,568,376.0,0.05,6m,1.3,1.3,1.6,512.0,712.0,0.025,10m,0.5,1.2000000000000002,1.4000000000000001,800.0,32.0,0.05,9m,1.2000000000000002,0.9,1.3,368.0,,,,,,,,,,,,,,,,,,,,,,472.0,0.05,2m,1.0,1.2000000000000002,1.6,280.0,0.5,6,COMPLETE
42,42,1.5617616771958855,2025-06-16 00:41:10.350009,2025-06-16 00:41:15.087555,0 days 00:00:04.737546,,,,,,,,208.0,0.025,10m,1.3,1.4,1.3,200.0,312,0.025,7m,1.2000000000000002,0.9,1.6,552,544.0,0.05,6m,1.2000000000000002,1.3,1.5,584.0,720.0,0.025,10m,0.5,1.2000000000000002,1.4000000000000001,840.0,48.0,0.05,9m,1.2000000000000002,0.9,1.5,520.0,,,,,,,,,,,,,,,,,,,,,,512.0,0.05,2m,1.0,1.2000000000000002,1.6,336.0,0.5,6,COMPLETE
